53:07.878000-0,PROC,1,process=rphost,OSThread=4636,Err=0,Txt=1C:Enterprise 8.3 (x86-64) (8.3.14.1694) Working Process started. Ctrl+C to exit.
53:09.143013-0,EXCP,3,process=rphost,p:processName=bi_bk3wk1_prod_01,OSThread=1184,t:clientID=6,t:applicationName=BackgroundJob,t:computerName=DC2BUHAPP11,Exception=8f8dade6-0d65-407c-8c6f-d8fda540435e,Descr='src\rserver\src\serverjobexecutor.cpp(1015):
8f8dade6-0d65-407c-8c6f-d8fda540435e: Задание отменено пользователем '
53:17.003156-0,EXCP,4,process=rphost,p:processName=bi_bk3wk1_prod_01,OSThread=2928,t:clientID=7,t:applicationName=BackgroundJob,t:computerName=DC2BUHAPP11,t:connectID=458,SessionID=439,Usr=Джунусов Абдувахит Нуриддинович,Exception=8f8dade6-0d65-407c-8c6f-d8fda540435e,Descr='src\rserver\src\serverjobexecutor.cpp(1015):
8f8dade6-0d65-407c-8c6f-d8fda540435e: Задание отменено пользователем '
53:17.003168-0,EXCP,3,process=rphost,p:processName=bi_bk3wk1_prod_01,OSThread=6968,t:clientID=11,t:applicationName=BackgroundJob,t:computerName=DC2BUHAPP11,t:connectID=460,SessionID=441,Usr=Джунусов Абдувахит Нуриддинович,Exception=8f8dade6-0d65-407c-8c6f-d8fda540435e,Descr='src\rserver\src\serverjobexecutor.cpp(1015):
8f8dade6-0d65-407c-8c6f-d8fda540435e: Задание отменено пользователем '
53:17.003182-0,EXCP,3,process=rphost,p:processName=bi_bk3wk1_prod_01,OSThread=3484,t:clientID=14,t:applicationName=BackgroundJob,t:computerName=DC2BUHAPP11,t:connectID=463,SessionID=438,Usr=Хамитова Айгерим Ерлановна,Exception=8f8dade6-0d65-407c-8c6f-d8fda540435e,Descr='src\rserver\src\serverjobexecutor.cpp(1015):
8f8dade6-0d65-407c-8c6f-d8fda540435e: Задание отменено пользователем '
53:17.003213-0,EXCP,3,process=rphost,p:processName=bi_bk3wk1_prod_01,OSThread=4100,t:clientID=16,t:applicationName=BackgroundJob,t:computerName=DC2BUHAPP11,t:connectID=465,SessionID=440,Usr=Хамитова Айгерим Ерлановна,Exception=8f8dade6-0d65-407c-8c6f-d8fda540435e,Descr='src\rserver\src\serverjobexecutor.cpp(1015):
8f8dade6-0d65-407c-8c6f-d8fda540435e: Задание отменено пользователем '
53:17.003217-0,EXCP,3,process=rphost,p:processName=bi_bk3wk1_prod_01,OSThread=3200,t:clientID=12,t:applicationName=BackgroundJob,t:computerName=DC2BUHAPP11,t:connectID=461,SessionID=442,Usr=Джунусов Абдувахит Нуриддинович,Exception=8f8dade6-0d65-407c-8c6f-d8fda540435e,Descr='src\rserver\src\serverjobexecutor.cpp(1015):
8f8dade6-0d65-407c-8c6f-d8fda540435e: Задание отменено пользователем '
53:17.003255-0,EXCP,2,process=rphost,p:processName=bi_bk3wk1_prod_01,OSThread=3216,t:clientID=10,t:applicationName=BackgroundJob,t:computerName=DC2BUHAPP11,t:connectID=459,SessionID=435,Usr=Джунусов Абдувахит Нуриддинович,Exception=8f8dade6-0d65-407c-8c6f-d8fda540435e,Descr='src\rserver\src\serverjobexecutor.cpp(1015):
8f8dade6-0d65-407c-8c6f-d8fda540435e: Задание отменено пользователем '
53:36.049005-0,ADMIN,2,process=rphost,p:processName=ServerJobExecutorContext,OSThread=2384,t:clientID=5,t:applicationName=JobScheduler,t:computerName=DC2BUHAPP11,Func=killClient,ClusterID=8aa94e2b-5d54-4b86-800b-79353ce39638,ConnectionID=e1cfcd93-e331-4f44-8be3-6b78bbf0e292,Mode=0,Ref=bi_bk3wk1_prod_01(bi_bk3wk1_prod_01),Host=DC2BUHAPP11,Connection=472,Administrator=Unknown,Result=Success
53:36.643006-0,ADMIN,2,process=rphost,p:processName=ServerJobExecutorContext,OSThread=2384,t:clientID=5,t:applicationName=JobScheduler,t:computerName=DC2BUHAPP11,Func=killClient,ClusterID=8aa94e2b-5d54-4b86-800b-79353ce39638,ConnectionID=bcca7edd-2299-43a8-9472-b155f734628d,Mode=0,Ref=bi_bk3wk1_prod_01(bi_bk3wk1_prod_01),Host=DC2BUHAPP11,Connection=473,Administrator=Unknown,Result=Success
53:38.862000-0,EXCP,3,process=rphost,p:processName=bi_bk3wk1_prod_01,OSThread=3216,t:clientID=24,t:applicationName=BackgroundJob,t:computerName=DC2BUHAPP11,t:connectID=473,SessionID=452,Usr=Джунусов Абдувахит Нуриддинович,Exception=SeanceContextException,Descr='Сеанс отсутствует или удален
ID=bffbe9e1-e415-4729-b7ca-386a670267cd, File=d:\jenkins\ci_builder2\windowsbuild2\platform\src\rserver\src\clusterdistribimpl.cpp(1439)'
53:38.862002-0,EXCP,2,process=rphost,p:processName=bi_bk3wk1_prod_01,OSThread=3216,t:clientID=24,t:applicationName=BackgroundJob,t:computerName=DC2BUHAPP11,t:connectID=473,SessionID=452,Usr=Джунусов Абдувахит Нуриддинович,Exception=60c686dc-798f-4d17-aadb-a90156a16eb8,Descr='src\rserver\src\rmngrcalls.cpp(476):
60c686dc-798f-4d17-aadb-a90156a16eb8: Сеанс отсутствует или удален
ID=bffbe9e1-e415-4729-b7ca-386a670267cd, File=d:\jenkins\ci_builder2\windowsbuild2\platform\src\rserver\src\clusterdistribimpl.cpp(1439)'
53:39.065000-0,EXCP,2,process=rphost,p:processName=bi_bk3wk1_prod_01,OSThread=3216,t:clientID=24,t:applicationName=BackgroundJob,t:computerName=DC2BUHAPP11,t:connectID=473,SessionID=452,Usr=Джунусов Абдувахит Нуриддинович,Exception=SeanceContextException,Descr='Сеанс отсутствует или удален
ID=bffbe9e1-e415-4729-b7ca-386a670267cd, File=d:\jenkins\ci_builder2\windowsbuild2\platform\src\rserver\src\rmngrcalls.cpp(364)'
53:39.065001-0,EXCP,2,process=rphost,p:processName=bi_bk3wk1_prod_01,OSThread=3216,t:clientID=24,t:applicationName=BackgroundJob,t:computerName=DC2BUHAPP11,t:connectID=473,SessionID=452,Usr=Джунусов Абдувахит Нуриддинович,Exception=60c686dc-798f-4d17-aadb-a90156a16eb8,Descr='src\rserver\src\serverjobexecutor.cpp(1095):
60c686dc-798f-4d17-aadb-a90156a16eb8: Сеанс отсутствует или удален
ID=bffbe9e1-e415-4729-b7ca-386a670267cd, File=d:\jenkins\ci_builder2\windowsbuild2\platform\src\rserver\src\rmngrcalls.cpp(364)'
53:39.065003-0,EXCP,3,process=rphost,p:processName=bi_bk3wk1_prod_01,OSThread=3216,t:clientID=24,t:applicationName=BackgroundJob,t:computerName=DC2BUHAPP11,t:connectID=473,SessionID=452,Usr=Джунусов Абдувахит Нуриддинович,Exception=SeanceContextException,Descr='Сеанс отсутствует или удален
ID=bffbe9e1-e415-4729-b7ca-386a670267cd, File=d:\jenkins\ci_builder2\windowsbuild2\platform\src\rserver\src\clusterdistribimpl.cpp(1439)'
53:39.065005-0,EXCP,2,process=rphost,p:processName=bi_bk3wk1_prod_01,OSThread=3216,t:clientID=24,t:applicationName=BackgroundJob,t:computerName=DC2BUHAPP11,t:connectID=473,SessionID=452,Usr=Джунусов Абдувахит Нуриддинович,Exception=60c686dc-798f-4d17-aadb-a90156a16eb8,Descr='src\rserver\src\rmngrcalls.cpp(476):
60c686dc-798f-4d17-aadb-a90156a16eb8: Сеанс отсутствует или удален
ID=bffbe9e1-e415-4729-b7ca-386a670267cd, File=d:\jenkins\ci_builder2\windowsbuild2\platform\src\rserver\src\clusterdistribimpl.cpp(1439)'
53:39.268000-0,EXCP,2,process=rphost,p:processName=bi_bk3wk1_prod_01,OSThread=3216,t:clientID=24,t:applicationName=BackgroundJob,t:computerName=DC2BUHAPP11,t:connectID=473,SessionID=452,Usr=Джунусов Абдувахит Нуриддинович,Exception=SeanceContextException,Descr='Сеанс отсутствует или удален
ID=bffbe9e1-e415-4729-b7ca-386a670267cd, File=d:\jenkins\ci_builder2\windowsbuild2\platform\src\rserver\src\rmngrcalls.cpp(364)'
53:54.128000-0,EXCP,3,process=rphost,p:processName=bi_bk3wk1_prod_01,OSThread=4796,t:clientID=23,t:applicationName=BackgroundJob,t:computerName=DC2BUHAPP11,t:connectID=472,SessionID=451,Usr=Джунусов Абдувахит Нуриддинович,Exception=SeanceContextException,Descr='Сеанс отсутствует или удален
ID=a21a2500-9f33-41d0-ad2a-67cfba60e362, File=d:\jenkins\ci_builder2\windowsbuild2\platform\src\rserver\src\clusterdistribimpl.cpp(1439)'
53:54.128002-0,EXCP,2,process=rphost,p:processName=bi_bk3wk1_prod_01,OSThread=4796,t:clientID=23,t:applicationName=BackgroundJob,t:computerName=DC2BUHAPP11,t:connectID=472,SessionID=451,Usr=Джунусов Абдувахит Нуриддинович,Exception=60c686dc-798f-4d17-aadb-a90156a16eb8,Descr='src\rserver\src\rmngrcalls.cpp(476):
60c686dc-798f-4d17-aadb-a90156a16eb8: Сеанс отсутствует или удален
ID=a21a2500-9f33-41d0-ad2a-67cfba60e362, File=d:\jenkins\ci_builder2\windowsbuild2\platform\src\rserver\src\clusterdistribimpl.cpp(1439)'
53:54.331000-0,EXCP,2,process=rphost,p:processName=bi_bk3wk1_prod_01,OSThread=4796,t:clientID=23,t:applicationName=BackgroundJob,t:computerName=DC2BUHAPP11,t:connectID=472,SessionID=451,Usr=Джунусов Абдувахит Нуриддинович,Exception=SeanceContextException,Descr='Сеанс отсутствует или удален
ID=a21a2500-9f33-41d0-ad2a-67cfba60e362, File=d:\jenkins\ci_builder2\windowsbuild2\platform\src\rserver\src\rmngrcalls.cpp(364)'
53:54.331001-0,EXCP,2,process=rphost,p:processName=bi_bk3wk1_prod_01,OSThread=4796,t:clientID=23,t:applicationName=BackgroundJob,t:computerName=DC2BUHAPP11,t:connectID=472,SessionID=451,Usr=Джунусов Абдувахит Нуриддинович,Exception=60c686dc-798f-4d17-aadb-a90156a16eb8,Descr='src\rserver\src\serverjobexecutor.cpp(1095):
60c686dc-798f-4d17-aadb-a90156a16eb8: Сеанс отсутствует или удален
ID=a21a2500-9f33-41d0-ad2a-67cfba60e362, File=d:\jenkins\ci_builder2\windowsbuild2\platform\src\rserver\src\rmngrcalls.cpp(364)'
53:54.331003-0,EXCP,3,process=rphost,p:processName=bi_bk3wk1_prod_01,OSThread=4796,t:clientID=23,t:applicationName=BackgroundJob,t:computerName=DC2BUHAPP11,t:connectID=472,SessionID=451,Usr=Джунусов Абдувахит Нуриддинович,Exception=SeanceContextException,Descr='Сеанс отсутствует или удален
ID=a21a2500-9f33-41d0-ad2a-67cfba60e362, File=d:\jenkins\ci_builder2\windowsbuild2\platform\src\rserver\src\clusterdistribimpl.cpp(1439)'
53:54.331005-0,EXCP,2,process=rphost,p:processName=bi_bk3wk1_prod_01,OSThread=4796,t:clientID=23,t:applicationName=BackgroundJob,t:computerName=DC2BUHAPP11,t:connectID=472,SessionID=451,Usr=Джунусов Абдувахит Нуриддинович,Exception=60c686dc-798f-4d17-aadb-a90156a16eb8,Descr='src\rserver\src\rmngrcalls.cpp(476):
60c686dc-798f-4d17-aadb-a90156a16eb8: Сеанс отсутствует или удален
ID=a21a2500-9f33-41d0-ad2a-67cfba60e362, File=d:\jenkins\ci_builder2\windowsbuild2\platform\src\rserver\src\clusterdistribimpl.cpp(1439)'
53:54.534000-0,EXCP,2,process=rphost,p:processName=bi_bk3wk1_prod_01,OSThread=4796,t:clientID=23,t:applicationName=BackgroundJob,t:computerName=DC2BUHAPP11,t:connectID=472,SessionID=451,Usr=Джунусов Абдувахит Нуриддинович,Exception=SeanceContextException,Descr='Сеанс отсутствует или удален
ID=a21a2500-9f33-41d0-ad2a-67cfba60e362, File=d:\jenkins\ci_builder2\windowsbuild2\platform\src\rserver\src\rmngrcalls.cpp(364)'
54:06.397018-0,ADMIN,2,process=rphost,p:processName=ServerJobExecutorContext,OSThread=2384,t:clientID=5,t:applicationName=JobScheduler,t:computerName=DC2BUHAPP11,Func=killClient,ClusterID=8aa94e2b-5d54-4b86-800b-79353ce39638,ConnectionID=3439b8c4-31a6-43b4-80aa-c6d14690272b,Mode=0,Ref=bi_bk3wk1_prod_01(bi_bk3wk1_prod_01),Host=DC2BUHAPP11,Connection=482,Administrator=Unknown,Result=Success
54:06.913015-0,ADMIN,2,process=rphost,p:processName=ServerJobExecutorContext,OSThread=2384,t:clientID=5,t:applicationName=JobScheduler,t:computerName=DC2BUHAPP11,Func=killClient,ClusterID=8aa94e2b-5d54-4b86-800b-79353ce39638,ConnectionID=4cd75af2-d62c-4b6a-b490-d2f66a55bddf,Mode=0,Ref=bi_bk3wk1_prod_01(bi_bk3wk1_prod_01),Host=DC2BUHAPP11,Connection=483,Administrator=Unknown,Result=Success
54:07.335029-0,ADMIN,2,process=rphost,p:processName=ServerJobExecutorContext,OSThread=2384,t:clientID=5,t:applicationName=JobScheduler,t:computerName=DC2BUHAPP11,Func=killClient,ClusterID=8aa94e2b-5d54-4b86-800b-79353ce39638,ConnectionID=3d6ed575-4eb0-4c9b-ab8f-8a2f6961ebdb,Mode=0,Ref=bi_bk3wk1_prod_01(bi_bk3wk1_prod_01),Host=DC2BUHAPP11,Connection=484,Administrator=Unknown,Result=Success
54:08.678000-0,EXCP,3,process=rphost,p:processName=bi_bk3wk1_prod_01,OSThread=3200,t:clientID=27,t:applicationName=BackgroundJob,t:computerName=DC2BUHAPP11,t:connectID=483,SessionID=462,Usr=WK1_Макишев Канат Серикович,Exception=SeanceContextException,Descr='Сеанс отсутствует или удален
ID=35f3fe82-6138-47cf-86cb-65bc7f17ec47, File=d:\jenkins\ci_builder2\windowsbuild2\platform\src\rserver\src\clusterdistribimpl.cpp(1439)'
54:08.678002-0,EXCP,2,process=rphost,p:processName=bi_bk3wk1_prod_01,OSThread=3200,t:clientID=27,t:applicationName=BackgroundJob,t:computerName=DC2BUHAPP11,t:connectID=483,SessionID=462,Usr=WK1_Макишев Канат Серикович,Exception=60c686dc-798f-4d17-aadb-a90156a16eb8,Descr='src\rserver\src\rmngrcalls.cpp(476):
60c686dc-798f-4d17-aadb-a90156a16eb8: Сеанс отсутствует или удален
ID=35f3fe82-6138-47cf-86cb-65bc7f17ec47, File=d:\jenkins\ci_builder2\windowsbuild2\platform\src\rserver\src\clusterdistribimpl.cpp(1439)'
54:08.803006-0,EXCP,2,process=rphost,p:processName=bi_bk3wk1_prod_01,OSThread=3200,t:clientID=27,t:applicationName=BackgroundJob,t:computerName=DC2BUHAPP11,t:connectID=483,SessionID=462,Usr=WK1_Макишев Канат Серикович,Exception=SeanceContextException,Descr='Сеанс отсутствует или удален
ID=35f3fe82-6138-47cf-86cb-65bc7f17ec47, File=d:\jenkins\ci_builder2\windowsbuild2\platform\src\rserver\src\rmngrcalls.cpp(364)'
54:08.803008-0,EXCP,2,process=rphost,p:processName=bi_bk3wk1_prod_01,OSThread=3200,t:clientID=27,t:applicationName=BackgroundJob,t:computerName=DC2BUHAPP11,t:connectID=483,SessionID=462,Usr=WK1_Макишев Канат Серикович,Exception=60c686dc-798f-4d17-aadb-a90156a16eb8,Descr='src\rserver\src\serverjobexecutor.cpp(1095):
60c686dc-798f-4d17-aadb-a90156a16eb8: Сеанс отсутствует или удален
ID=35f3fe82-6138-47cf-86cb-65bc7f17ec47, File=d:\jenkins\ci_builder2\windowsbuild2\platform\src\rserver\src\rmngrcalls.cpp(364)'
54:08.803017-0,EXCP,3,process=rphost,p:processName=bi_bk3wk1_prod_01,OSThread=3200,t:clientID=27,t:applicationName=BackgroundJob,t:computerName=DC2BUHAPP11,t:connectID=483,SessionID=462,Usr=WK1_Макишев Канат Серикович,Exception=SeanceContextException,Descr='Сеанс отсутствует или удален
ID=35f3fe82-6138-47cf-86cb-65bc7f17ec47, File=d:\jenkins\ci_builder2\windowsbuild2\platform\src\rserver\src\clusterdistribimpl.cpp(1439)'
54:08.803019-0,EXCP,2,process=rphost,p:processName=bi_bk3wk1_prod_01,OSThread=3200,t:clientID=27,t:applicationName=BackgroundJob,t:computerName=DC2BUHAPP11,t:connectID=483,SessionID=462,Usr=WK1_Макишев Канат Серикович,Exception=60c686dc-798f-4d17-aadb-a90156a16eb8,Descr='src\rserver\src\rmngrcalls.cpp(476):
60c686dc-798f-4d17-aadb-a90156a16eb8: Сеанс отсутствует или удален
ID=35f3fe82-6138-47cf-86cb-65bc7f17ec47, File=d:\jenkins\ci_builder2\windowsbuild2\platform\src\rserver\src\clusterdistribimpl.cpp(1439)'
54:09.007001-0,EXCP,2,process=rphost,p:processName=bi_bk3wk1_prod_01,OSThread=3200,t:clientID=27,t:applicationName=BackgroundJob,t:computerName=DC2BUHAPP11,t:connectID=483,SessionID=462,Usr=WK1_Макишев Канат Серикович,Exception=SeanceContextException,Descr='Сеанс отсутствует или удален
ID=35f3fe82-6138-47cf-86cb-65bc7f17ec47, File=d:\jenkins\ci_builder2\windowsbuild2\platform\src\rserver\src\rmngrcalls.cpp(364)'
54:09.022006-0,EXCP,3,process=rphost,p:processName=bi_bk3wk1_prod_01,OSThread=3216,t:clientID=28,t:applicationName=BackgroundJob,t:computerName=DC2BUHAPP11,t:connectID=484,SessionID=463,Usr=WK1_Макишев Канат Серикович,Exception=SeanceContextException,Descr='Сеанс отсутствует или удален
ID=104a45d9-ec84-45b5-a037-7e8ebf3e1e5e, File=d:\jenkins\ci_builder2\windowsbuild2\platform\src\rserver\src\clusterdistribimpl.cpp(1439)'
54:09.022008-0,EXCP,2,process=rphost,p:processName=bi_bk3wk1_prod_01,OSThread=3216,t:clientID=28,t:applicationName=BackgroundJob,t:computerName=DC2BUHAPP11,t:connectID=484,SessionID=463,Usr=WK1_Макишев Канат Серикович,Exception=60c686dc-798f-4d17-aadb-a90156a16eb8,Descr='src\rserver\src\rmngrcalls.cpp(476):
60c686dc-798f-4d17-aadb-a90156a16eb8: Сеанс отсутствует или удален
ID=104a45d9-ec84-45b5-a037-7e8ebf3e1e5e, File=d:\jenkins\ci_builder2\windowsbuild2\platform\src\rserver\src\clusterdistribimpl.cpp(1439)'
54:09.225000-0,EXCP,2,process=rphost,p:processName=bi_bk3wk1_prod_01,OSThread=3216,t:clientID=28,t:applicationName=BackgroundJob,t:computerName=DC2BUHAPP11,t:connectID=484,SessionID=463,Usr=WK1_Макишев Канат Серикович,Exception=SeanceContextException,Descr='Сеанс отсутствует или удален
ID=104a45d9-ec84-45b5-a037-7e8ebf3e1e5e, File=d:\jenkins\ci_builder2\windowsbuild2\platform\src\rserver\src\rmngrcalls.cpp(364)'
54:09.225001-0,EXCP,2,process=rphost,p:processName=bi_bk3wk1_prod_01,OSThread=3216,t:clientID=28,t:applicationName=BackgroundJob,t:computerName=DC2BUHAPP11,t:connectID=484,SessionID=463,Usr=WK1_Макишев Канат Серикович,Exception=60c686dc-798f-4d17-aadb-a90156a16eb8,Descr='src\rserver\src\serverjobexecutor.cpp(1095):
60c686dc-798f-4d17-aadb-a90156a16eb8: Сеанс отсутствует или удален
ID=104a45d9-ec84-45b5-a037-7e8ebf3e1e5e, File=d:\jenkins\ci_builder2\windowsbuild2\platform\src\rserver\src\rmngrcalls.cpp(364)'
54:09.225003-0,EXCP,3,process=rphost,p:processName=bi_bk3wk1_prod_01,OSThread=3216,t:clientID=28,t:applicationName=BackgroundJob,t:computerName=DC2BUHAPP11,t:connectID=484,SessionID=463,Usr=WK1_Макишев Канат Серикович,Exception=SeanceContextException,Descr='Сеанс отсутствует или удален
ID=104a45d9-ec84-45b5-a037-7e8ebf3e1e5e, File=d:\jenkins\ci_builder2\windowsbuild2\platform\src\rserver\src\clusterdistribimpl.cpp(1439)'
54:09.225005-0,EXCP,2,process=rphost,p:processName=bi_bk3wk1_prod_01,OSThread=3216,t:clientID=28,t:applicationName=BackgroundJob,t:computerName=DC2BUHAPP11,t:connectID=484,SessionID=463,Usr=WK1_Макишев Канат Серикович,Exception=60c686dc-798f-4d17-aadb-a90156a16eb8,Descr='src\rserver\src\rmngrcalls.cpp(476):
60c686dc-798f-4d17-aadb-a90156a16eb8: Сеанс отсутствует или удален
ID=104a45d9-ec84-45b5-a037-7e8ebf3e1e5e, File=d:\jenkins\ci_builder2\windowsbuild2\platform\src\rserver\src\clusterdistribimpl.cpp(1439)'
54:09.428000-0,EXCP,2,process=rphost,p:processName=bi_bk3wk1_prod_01,OSThread=3216,t:clientID=28,t:applicationName=BackgroundJob,t:computerName=DC2BUHAPP11,t:connectID=484,SessionID=463,Usr=WK1_Макишев Канат Серикович,Exception=SeanceContextException,Descr='Сеанс отсутствует или удален
ID=104a45d9-ec84-45b5-a037-7e8ebf3e1e5e, File=d:\jenkins\ci_builder2\windowsbuild2\platform\src\rserver\src\rmngrcalls.cpp(364)'
54:10.647011-0,EXCP,3,process=rphost,p:processName=bi_bk3wk1_prod_01,OSThread=6308,t:clientID=26,t:applicationName=BackgroundJob,t:computerName=DC2BUHAPP11,t:connectID=482,SessionID=461,Usr=WK1_Макишев Канат Серикович,Exception=SeanceContextException,Descr='Сеанс отсутствует или удален
ID=5c54e861-d49d-4b8d-88f1-04383a41f337, File=d:\jenkins\ci_builder2\windowsbuild2\platform\src\rserver\src\clusterdistribimpl.cpp(1439)'
54:10.647013-0,EXCP,2,process=rphost,p:processName=bi_bk3wk1_prod_01,OSThread=6308,t:clientID=26,t:applicationName=BackgroundJob,t:computerName=DC2BUHAPP11,t:connectID=482,SessionID=461,Usr=WK1_Макишев Канат Серикович,Exception=60c686dc-798f-4d17-aadb-a90156a16eb8,Descr='src\rserver\src\rmngrcalls.cpp(476):
60c686dc-798f-4d17-aadb-a90156a16eb8: Сеанс отсутствует или удален
ID=5c54e861-d49d-4b8d-88f1-04383a41f337, File=d:\jenkins\ci_builder2\windowsbuild2\platform\src\rserver\src\clusterdistribimpl.cpp(1439)'
54:10.835006-0,EXCP,2,process=rphost,p:processName=bi_bk3wk1_prod_01,OSThread=6308,t:clientID=26,t:applicationName=BackgroundJob,t:computerName=DC2BUHAPP11,t:connectID=482,SessionID=461,Usr=WK1_Макишев Канат Серикович,Exception=SeanceContextException,Descr='Сеанс отсутствует или удален
ID=5c54e861-d49d-4b8d-88f1-04383a41f337, File=d:\jenkins\ci_builder2\windowsbuild2\platform\src\rserver\src\rmngrcalls.cpp(364)'
54:10.835007-0,EXCP,2,process=rphost,p:processName=bi_bk3wk1_prod_01,OSThread=6308,t:clientID=26,t:applicationName=BackgroundJob,t:computerName=DC2BUHAPP11,t:connectID=482,SessionID=461,Usr=WK1_Макишев Канат Серикович,Exception=60c686dc-798f-4d17-aadb-a90156a16eb8,Descr='src\rserver\src\serverjobexecutor.cpp(1095):
60c686dc-798f-4d17-aadb-a90156a16eb8: Сеанс отсутствует или удален
ID=5c54e861-d49d-4b8d-88f1-04383a41f337, File=d:\jenkins\ci_builder2\windowsbuild2\platform\src\rserver\src\rmngrcalls.cpp(364)'
54:10.835009-0,EXCP,3,process=rphost,p:processName=bi_bk3wk1_prod_01,OSThread=6308,t:clientID=26,t:applicationName=BackgroundJob,t:computerName=DC2BUHAPP11,t:connectID=482,SessionID=461,Usr=WK1_Макишев Канат Серикович,Exception=SeanceContextException,Descr='Сеанс отсутствует или удален
ID=5c54e861-d49d-4b8d-88f1-04383a41f337, File=d:\jenkins\ci_builder2\windowsbuild2\platform\src\rserver\src\clusterdistribimpl.cpp(1439)'
54:10.835011-0,EXCP,2,process=rphost,p:processName=bi_bk3wk1_prod_01,OSThread=6308,t:clientID=26,t:applicationName=BackgroundJob,t:computerName=DC2BUHAPP11,t:connectID=482,SessionID=461,Usr=WK1_Макишев Канат Серикович,Exception=60c686dc-798f-4d17-aadb-a90156a16eb8,Descr='src\rserver\src\rmngrcalls.cpp(476):
60c686dc-798f-4d17-aadb-a90156a16eb8: Сеанс отсутствует или удален
ID=5c54e861-d49d-4b8d-88f1-04383a41f337, File=d:\jenkins\ci_builder2\windowsbuild2\platform\src\rserver\src\clusterdistribimpl.cpp(1439)'
54:11.038000-0,EXCP,2,process=rphost,p:processName=bi_bk3wk1_prod_01,OSThread=6308,t:clientID=26,t:applicationName=BackgroundJob,t:computerName=DC2BUHAPP11,t:connectID=482,SessionID=461,Usr=WK1_Макишев Канат Серикович,Exception=SeanceContextException,Descr='Сеанс отсутствует или удален
ID=5c54e861-d49d-4b8d-88f1-04383a41f337, File=d:\jenkins\ci_builder2\windowsbuild2\platform\src\rserver\src\rmngrcalls.cpp(364)'
56:44.636034-0,EXCP,2,process=rphost,p:processName=bi_bk3wk1_prod_01,OSThread=6308,t:clientID=44,t:applicationName=1CV8C,t:computerName=DC2RDSH06,t:connectID=550,Exception=a01f465c-ed70-442e-ada5-847668d7a41c,Descr='src\vrsbase\src\vresourceinfobaseserverimpl.cpp(1138):
a01f465c-ed70-442e-ada5-847668d7a41c: Идентификация пользователя не выполнена
Неправильное имя или пароль пользователя'
56:44.667022-0,EXCP,2,process=rphost,p:processName=bi_bk3wk1_prod_01,OSThread=6308,t:clientID=44,t:applicationName=1CV8C,t:computerName=DC2RDSH06,t:connectID=550,Exception=a01f465c-ed70-442e-ada5-847668d7a41c,Descr='src\vrsbase\src\vresourceinfobaseserverimpl.cpp(1138):
a01f465c-ed70-442e-ada5-847668d7a41c: Идентификация пользователя не выполнена
Неправильное имя или пароль пользователя'
57:04.511022-0,EXCP,2,process=rphost,p:processName=bi_bk3wk1_prod_01,OSThread=6796,t:clientID=44,t:applicationName=1CV8C,t:computerName=DC2RDSH06,t:connectID=550,Exception=a01f465c-ed70-442e-ada5-847668d7a41c,Descr='src\vrsbase\src\vresourceinfobaseserverimpl.cpp(1138):
a01f465c-ed70-442e-ada5-847668d7a41c: Идентификация пользователя не выполнена
Неправильное имя или пароль пользователя'
57:13.355018-0,EXCP,2,process=rphost,p:processName=bi_bk3wk1_prod_01,OSThread=4796,t:clientID=44,t:applicationName=1CV8C,t:computerName=DC2RDSH06,t:connectID=550,Exception=a01f465c-ed70-442e-ada5-847668d7a41c,Descr='src\vrsbase\src\vresourceinfobaseserverimpl.cpp(1138):
a01f465c-ed70-442e-ada5-847668d7a41c: Идентификация пользователя не выполнена
Неправильное имя или пароль пользователя'
57:18.715017-0,EXCP,0,process=rphost,OSThread=6020,ClientID=46,Exception=NetDataExchangeException,Descr='server_addr=(2)10.224.32.44:59235 descr=10054(0x00002746): Удаленный хост принудительно разорвал существующее подключение.  line=1149 file=d:\jenkins\ci_builder2\windowsbuild2\platform\src\rtrsrvc\src\dataexchangeserverimpl.cpp'
57:18.715018-0,EXCPCNTX,0,ClientComputerName=,ServerComputerName=,UserName=,ConnectString=
59:15.107019-0,EXCP,0,process=rphost,OSThread=4988,ClientID=58,Exception=NetDataExchangeException,Descr='server_addr=(2)10.224.32.210:54275 descr=2(0x00000002): Не удается найти указанный файл.  line=1149 file=d:\jenkins\ci_builder2\windowsbuild2\platform\src\rtrsrvc\src\dataexchangeserverimpl.cpp'
59:15.107020-0,EXCPCNTX,0,ClientComputerName=,ServerComputerName=,UserName=,ConnectString=
