00:04.766003-0,EXCP,0,process=rphost,OSThread=6020,ClientID=126,Exception=NetDataExchangeException,Descr='server_addr=(2)10.3.172.26:57553 descr=2(0x00000002): Не удается найти указанный файл.  line=1149 file=d:\jenkins\ci_builder2\windowsbuild2\platform\src\rtrsrvc\src\dataexchangeserverimpl.cpp'
00:04.766005-0,EXCPCNTX,0,ClientComputerName=,ServerComputerName=,UserName=,ConnectString=
00:24.110005-0,ADMIN,2,process=rphost,p:processName=ServerJobExecutorContext,OSThread=2384,t:clientID=611,t:applicationName=JobScheduler,t:computerName=DC2BUHAPP11,Func=killClient,ClusterID=8aa94e2b-5d54-4b86-800b-79353ce39638,ConnectionID=d5a2f526-be9c-4ee3-bede-8bed7357ccc3,Mode=0,Ref=bi_bk3wk1_prod_01(bi_bk3wk1_prod_01),Host=DC2BUHAPP11,Connection=3224,Administrator=Unknown,Result=Success
00:32.219005-0,EXCP,3,process=rphost,p:processName=bi_bk3wk1_prod_01,OSThread=6352,t:clientID=632,t:applicationName=BackgroundJob,t:computerName=DC2BUHAPP11,t:connectID=3224,SessionID=3390,Usr=Шакиржанов Ержан Рашидович,Exception=SeanceContextException,Descr='Сеанс отсутствует или удален
ID=4c1eb5cc-ce69-41d2-b129-23378a3a3589, File=d:\jenkins\ci_builder2\windowsbuild2\platform\src\rserver\src\clusterdistribimpl.cpp(1439)'
00:32.219007-0,EXCP,2,process=rphost,p:processName=bi_bk3wk1_prod_01,OSThread=6352,t:clientID=632,t:applicationName=BackgroundJob,t:computerName=DC2BUHAPP11,t:connectID=3224,SessionID=3390,Usr=Шакиржанов Ержан Рашидович,Exception=60c686dc-798f-4d17-aadb-a90156a16eb8,Descr='src\rserver\src\rmngrcalls.cpp(476):
60c686dc-798f-4d17-aadb-a90156a16eb8: Сеанс отсутствует или удален
ID=4c1eb5cc-ce69-41d2-b129-23378a3a3589, File=d:\jenkins\ci_builder2\windowsbuild2\platform\src\rserver\src\clusterdistribimpl.cpp(1439)'
00:32.360006-0,EXCP,2,process=rphost,p:processName=bi_bk3wk1_prod_01,OSThread=6352,t:clientID=632,t:applicationName=BackgroundJob,t:computerName=DC2BUHAPP11,t:connectID=3224,SessionID=3390,Usr=Шакиржанов Ержан Рашидович,Exception=SeanceContextException,Descr='Сеанс отсутствует или удален
ID=4c1eb5cc-ce69-41d2-b129-23378a3a3589, File=d:\jenkins\ci_builder2\windowsbuild2\platform\src\rserver\src\rmngrcalls.cpp(364)'
00:32.360007-0,EXCP,2,process=rphost,p:processName=bi_bk3wk1_prod_01,OSThread=6352,t:clientID=632,t:applicationName=BackgroundJob,t:computerName=DC2BUHAPP11,t:connectID=3224,SessionID=3390,Usr=Шакиржанов Ержан Рашидович,Exception=60c686dc-798f-4d17-aadb-a90156a16eb8,Descr='src\rserver\src\serverjobexecutor.cpp(1095):
60c686dc-798f-4d17-aadb-a90156a16eb8: Сеанс отсутствует или удален
ID=4c1eb5cc-ce69-41d2-b129-23378a3a3589, File=d:\jenkins\ci_builder2\windowsbuild2\platform\src\rserver\src\rmngrcalls.cpp(364)'
00:32.360009-0,EXCP,3,process=rphost,p:processName=bi_bk3wk1_prod_01,OSThread=6352,t:clientID=632,t:applicationName=BackgroundJob,t:computerName=DC2BUHAPP11,t:connectID=3224,SessionID=3390,Usr=Шакиржанов Ержан Рашидович,Exception=SeanceContextException,Descr='Сеанс отсутствует или удален
ID=4c1eb5cc-ce69-41d2-b129-23378a3a3589, File=d:\jenkins\ci_builder2\windowsbuild2\platform\src\rserver\src\clusterdistribimpl.cpp(1439)'
00:32.360011-0,EXCP,2,process=rphost,p:processName=bi_bk3wk1_prod_01,OSThread=6352,t:clientID=632,t:applicationName=BackgroundJob,t:computerName=DC2BUHAPP11,t:connectID=3224,SessionID=3390,Usr=Шакиржанов Ержан Рашидович,Exception=60c686dc-798f-4d17-aadb-a90156a16eb8,Descr='src\rserver\src\rmngrcalls.cpp(476):
60c686dc-798f-4d17-aadb-a90156a16eb8: Сеанс отсутствует или удален
ID=4c1eb5cc-ce69-41d2-b129-23378a3a3589, File=d:\jenkins\ci_builder2\windowsbuild2\platform\src\rserver\src\clusterdistribimpl.cpp(1439)'
00:32.563000-0,EXCP,2,process=rphost,p:processName=bi_bk3wk1_prod_01,OSThread=6352,t:clientID=632,t:applicationName=BackgroundJob,t:computerName=DC2BUHAPP11,t:connectID=3224,SessionID=3390,Usr=Шакиржанов Ержан Рашидович,Exception=SeanceContextException,Descr='Сеанс отсутствует или удален
ID=4c1eb5cc-ce69-41d2-b129-23378a3a3589, File=d:\jenkins\ci_builder2\windowsbuild2\platform\src\rserver\src\rmngrcalls.cpp(364)'
00:59.985005-0,ADMIN,2,process=rphost,p:processName=ServerJobExecutorContext,OSThread=2384,t:clientID=611,t:applicationName=JobScheduler,t:computerName=DC2BUHAPP11,Func=killClient,ClusterID=8aa94e2b-5d54-4b86-800b-79353ce39638,ConnectionID=d50a225c-37dc-4f95-95ee-365144441bac,Mode=0,Ref=bi_bk3wk1_prod_01(bi_bk3wk1_prod_01),Host=DC2BUHAPP11,Connection=3234,Administrator=Unknown,Result=Success
01:02.114005-0,EXCP,3,process=rphost,p:processName=bi_bk3wk1_prod_01,OSThread=3216,t:clientID=635,t:applicationName=BackgroundJob,t:computerName=DC2BUHAPP11,t:connectID=3234,SessionID=3401,Usr=WK1_Сейдимова_Айнур,Exception=SeanceContextException,Descr='Сеанс отсутствует или удален
ID=a28c462e-ef68-484a-8b9e-016dae2a34b6, File=d:\jenkins\ci_builder2\windowsbuild2\platform\src\rserver\src\clusterdistribimpl.cpp(1439)'
01:02.114007-0,EXCP,2,process=rphost,p:processName=bi_bk3wk1_prod_01,OSThread=3216,t:clientID=635,t:applicationName=BackgroundJob,t:computerName=DC2BUHAPP11,t:connectID=3234,SessionID=3401,Usr=WK1_Сейдимова_Айнур,Exception=60c686dc-798f-4d17-aadb-a90156a16eb8,Descr='src\rserver\src\rmngrcalls.cpp(476):
60c686dc-798f-4d17-aadb-a90156a16eb8: Сеанс отсутствует или удален
ID=a28c462e-ef68-484a-8b9e-016dae2a34b6, File=d:\jenkins\ci_builder2\windowsbuild2\platform\src\rserver\src\clusterdistribimpl.cpp(1439)'
01:02.317000-0,EXCP,2,process=rphost,p:processName=bi_bk3wk1_prod_01,OSThread=3216,t:clientID=635,t:applicationName=BackgroundJob,t:computerName=DC2BUHAPP11,t:connectID=3234,SessionID=3401,Usr=WK1_Сейдимова_Айнур,Exception=SeanceContextException,Descr='Сеанс отсутствует или удален
ID=a28c462e-ef68-484a-8b9e-016dae2a34b6, File=d:\jenkins\ci_builder2\windowsbuild2\platform\src\rserver\src\rmngrcalls.cpp(364)'
01:02.317001-0,EXCP,2,process=rphost,p:processName=bi_bk3wk1_prod_01,OSThread=3216,t:clientID=635,t:applicationName=BackgroundJob,t:computerName=DC2BUHAPP11,t:connectID=3234,SessionID=3401,Usr=WK1_Сейдимова_Айнур,Exception=60c686dc-798f-4d17-aadb-a90156a16eb8,Descr='src\rserver\src\serverjobexecutor.cpp(1095):
60c686dc-798f-4d17-aadb-a90156a16eb8: Сеанс отсутствует или удален
ID=a28c462e-ef68-484a-8b9e-016dae2a34b6, File=d:\jenkins\ci_builder2\windowsbuild2\platform\src\rserver\src\rmngrcalls.cpp(364)'
01:02.317003-0,EXCP,3,process=rphost,p:processName=bi_bk3wk1_prod_01,OSThread=3216,t:clientID=635,t:applicationName=BackgroundJob,t:computerName=DC2BUHAPP11,t:connectID=3234,SessionID=3401,Usr=WK1_Сейдимова_Айнур,Exception=SeanceContextException,Descr='Сеанс отсутствует или удален
ID=a28c462e-ef68-484a-8b9e-016dae2a34b6, File=d:\jenkins\ci_builder2\windowsbuild2\platform\src\rserver\src\clusterdistribimpl.cpp(1439)'
01:02.317005-0,EXCP,2,process=rphost,p:processName=bi_bk3wk1_prod_01,OSThread=3216,t:clientID=635,t:applicationName=BackgroundJob,t:computerName=DC2BUHAPP11,t:connectID=3234,SessionID=3401,Usr=WK1_Сейдимова_Айнур,Exception=60c686dc-798f-4d17-aadb-a90156a16eb8,Descr='src\rserver\src\rmngrcalls.cpp(476):
60c686dc-798f-4d17-aadb-a90156a16eb8: Сеанс отсутствует или удален
ID=a28c462e-ef68-484a-8b9e-016dae2a34b6, File=d:\jenkins\ci_builder2\windowsbuild2\platform\src\rserver\src\clusterdistribimpl.cpp(1439)'
01:02.520000-0,EXCP,2,process=rphost,p:processName=bi_bk3wk1_prod_01,OSThread=3216,t:clientID=635,t:applicationName=BackgroundJob,t:computerName=DC2BUHAPP11,t:connectID=3234,SessionID=3401,Usr=WK1_Сейдимова_Айнур,Exception=SeanceContextException,Descr='Сеанс отсутствует или удален
ID=a28c462e-ef68-484a-8b9e-016dae2a34b6, File=d:\jenkins\ci_builder2\windowsbuild2\platform\src\rserver\src\rmngrcalls.cpp(364)'
02:10.230059-0,EXCP,3,process=rphost,p:processName=bi_bk3wk1_prod_01,OSThread=6796,t:clientID=645,t:applicationName=1CV8C,t:computerName=DC1RDSH12,t:connectID=3268,Exception=SeanceContextException,Descr='Сеанс отсутствует или удален
ID=f62711df-aaa0-4307-b5e2-658fe9cb72fb, File=d:\jenkins\ci_builder2\windowsbuild2\platform\src\rserver\src\clusterdistribimpl.cpp(1439)'
02:10.230061-0,EXCP,2,process=rphost,p:processName=bi_bk3wk1_prod_01,OSThread=6796,t:clientID=645,t:applicationName=1CV8C,t:computerName=DC1RDSH12,t:connectID=3268,Exception=60c686dc-798f-4d17-aadb-a90156a16eb8,Descr='src\rserver\src\rmngrcalls.cpp(476):
60c686dc-798f-4d17-aadb-a90156a16eb8: Сеанс отсутствует или удален
ID=f62711df-aaa0-4307-b5e2-658fe9cb72fb, File=d:\jenkins\ci_builder2\windowsbuild2\platform\src\rserver\src\clusterdistribimpl.cpp(1439)'
02:10.433000-0,EXCP,2,process=rphost,p:processName=bi_bk3wk1_prod_01,OSThread=6796,t:clientID=645,t:applicationName=1CV8C,t:computerName=DC1RDSH12,t:connectID=3268,Exception=SeanceContextException,Descr='Сеанс отсутствует или удален
ID=f62711df-aaa0-4307-b5e2-658fe9cb72fb, File=d:\jenkins\ci_builder2\windowsbuild2\platform\src\rserver\src\rmngrcalls.cpp(364)'
02:58.870009-0,EXCP,0,process=rphost,OSThread=4400,ClientID=634,Exception=NetDataExchangeException,Descr='server_addr=(2)10.225.32.43:63408 descr=2(0x00000002): Не удается найти указанный файл.  line=1149 file=d:\jenkins\ci_builder2\windowsbuild2\platform\src\rtrsrvc\src\dataexchangeserverimpl.cpp'
02:58.870010-0,EXCPCNTX,0,ClientComputerName=,ServerComputerName=,UserName=,ConnectString=
03:30.584012-0,EXCP,0,process=rphost,OSThread=6908,ClientID=655,Exception=NetDataExchangeException,Descr='server_addr=(2)10.225.32.43:63430 descr=2(0x00000002): Не удается найти указанный файл.  line=1149 file=d:\jenkins\ci_builder2\windowsbuild2\platform\src\rtrsrvc\src\dataexchangeserverimpl.cpp'
03:30.584015-0,EXCPCNTX,0,ClientComputerName=,ServerComputerName=,UserName=,ConnectString=
03:55.959016-0,ADMIN,2,process=rphost,p:processName=ServerJobExecutorContext,OSThread=2384,t:clientID=611,t:applicationName=JobScheduler,t:computerName=DC2BUHAPP11,Func=killClient,ClusterID=8aa94e2b-5d54-4b86-800b-79353ce39638,ConnectionID=d6162735-bd57-49ef-aff0-64f4dbc526c1,Mode=0,Ref=bi_bk3wk1_prod_01(bi_bk3wk1_prod_01),Host=DC2BUHAPP11,Connection=3314,Administrator=Unknown,Result=Success
03:57.068035-0,EXCP,3,process=rphost,p:processName=bi_bk3wk1_prod_01,OSThread=2928,t:clientID=656,t:applicationName=BackgroundJob,t:computerName=DC2BUHAPP11,t:connectID=3314,SessionID=3486,Usr=WK1_Нагашбекова_Галия_Оразовна,Exception=SeanceContextException,Descr='Сеанс отсутствует или удален
ID=1b6c6ef1-bfe6-4464-868c-4afd91b3db64, File=d:\jenkins\ci_builder2\windowsbuild2\platform\src\rserver\src\clusterdistribimpl.cpp(1439)'
03:57.068037-0,EXCP,2,process=rphost,p:processName=bi_bk3wk1_prod_01,OSThread=2928,t:clientID=656,t:applicationName=BackgroundJob,t:computerName=DC2BUHAPP11,t:connectID=3314,SessionID=3486,Usr=WK1_Нагашбекова_Галия_Оразовна,Exception=60c686dc-798f-4d17-aadb-a90156a16eb8,Descr='src\rserver\src\rmngrcalls.cpp(476):
60c686dc-798f-4d17-aadb-a90156a16eb8: Сеанс отсутствует или удален
ID=1b6c6ef1-bfe6-4464-868c-4afd91b3db64, File=d:\jenkins\ci_builder2\windowsbuild2\platform\src\rserver\src\clusterdistribimpl.cpp(1439)'
03:57.271000-0,EXCP,2,process=rphost,p:processName=bi_bk3wk1_prod_01,OSThread=2928,t:clientID=656,t:applicationName=BackgroundJob,t:computerName=DC2BUHAPP11,t:connectID=3314,SessionID=3486,Usr=WK1_Нагашбекова_Галия_Оразовна,Exception=SeanceContextException,Descr='Сеанс отсутствует или удален
ID=1b6c6ef1-bfe6-4464-868c-4afd91b3db64, File=d:\jenkins\ci_builder2\windowsbuild2\platform\src\rserver\src\rmngrcalls.cpp(364)'
03:57.271001-0,EXCP,2,process=rphost,p:processName=bi_bk3wk1_prod_01,OSThread=2928,t:clientID=656,t:applicationName=BackgroundJob,t:computerName=DC2BUHAPP11,t:connectID=3314,SessionID=3486,Usr=WK1_Нагашбекова_Галия_Оразовна,Exception=60c686dc-798f-4d17-aadb-a90156a16eb8,Descr='src\rserver\src\serverjobexecutor.cpp(1095):
60c686dc-798f-4d17-aadb-a90156a16eb8: Сеанс отсутствует или удален
ID=1b6c6ef1-bfe6-4464-868c-4afd91b3db64, File=d:\jenkins\ci_builder2\windowsbuild2\platform\src\rserver\src\rmngrcalls.cpp(364)'
03:57.271011-0,EXCP,3,process=rphost,p:processName=bi_bk3wk1_prod_01,OSThread=2928,t:clientID=656,t:applicationName=BackgroundJob,t:computerName=DC2BUHAPP11,t:connectID=3314,SessionID=3486,Usr=WK1_Нагашбекова_Галия_Оразовна,Exception=SeanceContextException,Descr='Сеанс отсутствует или удален
ID=1b6c6ef1-bfe6-4464-868c-4afd91b3db64, File=d:\jenkins\ci_builder2\windowsbuild2\platform\src\rserver\src\clusterdistribimpl.cpp(1439)'
03:57.271013-0,EXCP,2,process=rphost,p:processName=bi_bk3wk1_prod_01,OSThread=2928,t:clientID=656,t:applicationName=BackgroundJob,t:computerName=DC2BUHAPP11,t:connectID=3314,SessionID=3486,Usr=WK1_Нагашбекова_Галия_Оразовна,Exception=60c686dc-798f-4d17-aadb-a90156a16eb8,Descr='src\rserver\src\rmngrcalls.cpp(476):
60c686dc-798f-4d17-aadb-a90156a16eb8: Сеанс отсутствует или удален
ID=1b6c6ef1-bfe6-4464-868c-4afd91b3db64, File=d:\jenkins\ci_builder2\windowsbuild2\platform\src\rserver\src\clusterdistribimpl.cpp(1439)'
03:57.443011-0,EXCP,2,process=rphost,p:processName=bi_bk3wk1_prod_01,OSThread=2928,t:clientID=656,t:applicationName=BackgroundJob,t:computerName=DC2BUHAPP11,t:connectID=3314,SessionID=3486,Usr=WK1_Нагашбекова_Галия_Оразовна,Exception=SeanceContextException,Descr='Сеанс отсутствует или удален
ID=1b6c6ef1-bfe6-4464-868c-4afd91b3db64, File=d:\jenkins\ci_builder2\windowsbuild2\platform\src\rserver\src\rmngrcalls.cpp(364)'
06:05.301016-0,EXCP,2,process=rphost,p:processName=bi_bk3wk1_prod_01,OSThread=644,t:clientID=219,t:applicationName=1CV8C,t:computerName=DC2RDSH18,t:connectID=808,SessionID=751,Usr=Муратбекова Айна Назынбековна,AppID=1CV8C,Exception=afd2b550-0d52-4e03-b448-15ed68d87ac5,Descr='src\basic\src\documentlogformobjcontroller.cpp(884):
afd2b550-0d52-4e03-b448-15ed68d87ac5
0d2200af-1696-4395-91e5-2872675e6d3d: Не удалось провести "Поступление ТМЗ и услуг EAP00000392 от 28.04.2020 10:00:00"!',Context=Форма.Записать : Документ.ПоступлениеТоваровУслуг.Форма.ФормаДокумента
06:05.364001-0,EXCP,2,process=rphost,p:processName=bi_bk3wk1_prod_01,OSThread=644,t:clientID=219,t:applicationName=1CV8C,t:computerName=DC2RDSH18,t:connectID=808,SessionID=751,Usr=Муратбекова Айна Назынбековна,AppID=1CV8C,Exception=580392e6-ba49-4280-ac67-fcd6f2180121,Descr='src\vrsbase\src\vresourceinfobaseimpl.cpp(1114):
580392e6-ba49-4280-ac67-fcd6f2180121: Неспецифицированная ошибка работы с ресурсом
Ошибка при выполнении запроса POST к ресурсу /e1cib/logForm:
afd2b550-0d52-4e03-b448-15ed68d87ac5
0d2200af-1696-4395-91e5-2872675e6d3d: Не удалось провести "Поступление ТМЗ и услуг EAP00000392 от 28.04.2020 10:00:00"!'
06:54.067005-0,ADMIN,2,process=rphost,p:processName=ServerJobExecutorContext,OSThread=2384,t:clientID=611,t:applicationName=JobScheduler,t:computerName=DC2BUHAPP11,Func=killClient,ClusterID=8aa94e2b-5d54-4b86-800b-79353ce39638,ConnectionID=6538d52d-72db-4d86-a36d-ca4373b4a161,Mode=0,Ref=bi_bk3wk1_prod_01(bi_bk3wk1_prod_01),Host=DC2BUHAPP11,Connection=3411,Administrator=Unknown,Result=Success
06:54.598024-0,EXCP,3,process=rphost,p:processName=bi_bk3wk1_prod_01,OSThread=4796,t:clientID=673,t:applicationName=BackgroundJob,t:computerName=DC2BUHAPP11,t:connectID=3411,SessionID=3592,Usr=Аксанова Танзиля Нуруллаевна,Exception=SeanceContextException,Descr='Сеанс отсутствует или удален
ID=35083a03-01b5-45fb-9836-8c9452fcd131, File=d:\jenkins\ci_builder2\windowsbuild2\platform\src\rserver\src\clusterdistribimpl.cpp(1439)'
06:54.598028-0,EXCP,2,process=rphost,p:processName=bi_bk3wk1_prod_01,OSThread=4796,t:clientID=673,t:applicationName=BackgroundJob,t:computerName=DC2BUHAPP11,t:connectID=3411,SessionID=3592,Usr=Аксанова Танзиля Нуруллаевна,Exception=60c686dc-798f-4d17-aadb-a90156a16eb8,Descr='src\rserver\src\rmngrcalls.cpp(476):
60c686dc-798f-4d17-aadb-a90156a16eb8: Сеанс отсутствует или удален
ID=35083a03-01b5-45fb-9836-8c9452fcd131, File=d:\jenkins\ci_builder2\windowsbuild2\platform\src\rserver\src\clusterdistribimpl.cpp(1439)'
06:54.801000-0,EXCP,2,process=rphost,p:processName=bi_bk3wk1_prod_01,OSThread=4796,t:clientID=673,t:applicationName=BackgroundJob,t:computerName=DC2BUHAPP11,t:connectID=3411,SessionID=3592,Usr=Аксанова Танзиля Нуруллаевна,Exception=SeanceContextException,Descr='Сеанс отсутствует или удален
ID=35083a03-01b5-45fb-9836-8c9452fcd131, File=d:\jenkins\ci_builder2\windowsbuild2\platform\src\rserver\src\rmngrcalls.cpp(364)'
06:54.801011-0,EXCP,2,process=rphost,p:processName=bi_bk3wk1_prod_01,OSThread=4796,t:clientID=673,t:applicationName=BackgroundJob,t:computerName=DC2BUHAPP11,t:connectID=3411,SessionID=3592,Usr=Аксанова Танзиля Нуруллаевна,Exception=60c686dc-798f-4d17-aadb-a90156a16eb8,Descr='src\rserver\src\serverjobexecutor.cpp(1095):
60c686dc-798f-4d17-aadb-a90156a16eb8: Сеанс отсутствует или удален
ID=35083a03-01b5-45fb-9836-8c9452fcd131, File=d:\jenkins\ci_builder2\windowsbuild2\platform\src\rserver\src\rmngrcalls.cpp(364)'
06:54.801023-0,EXCP,3,process=rphost,p:processName=bi_bk3wk1_prod_01,OSThread=4796,t:clientID=673,t:applicationName=BackgroundJob,t:computerName=DC2BUHAPP11,t:connectID=3411,SessionID=3592,Usr=Аксанова Танзиля Нуруллаевна,Exception=SeanceContextException,Descr='Сеанс отсутствует или удален
ID=35083a03-01b5-45fb-9836-8c9452fcd131, File=d:\jenkins\ci_builder2\windowsbuild2\platform\src\rserver\src\clusterdistribimpl.cpp(1439)'
06:54.801025-0,EXCP,2,process=rphost,p:processName=bi_bk3wk1_prod_01,OSThread=4796,t:clientID=673,t:applicationName=BackgroundJob,t:computerName=DC2BUHAPP11,t:connectID=3411,SessionID=3592,Usr=Аксанова Танзиля Нуруллаевна,Exception=60c686dc-798f-4d17-aadb-a90156a16eb8,Descr='src\rserver\src\rmngrcalls.cpp(476):
60c686dc-798f-4d17-aadb-a90156a16eb8: Сеанс отсутствует или удален
ID=35083a03-01b5-45fb-9836-8c9452fcd131, File=d:\jenkins\ci_builder2\windowsbuild2\platform\src\rserver\src\clusterdistribimpl.cpp(1439)'
06:55.005000-0,EXCP,2,process=rphost,p:processName=bi_bk3wk1_prod_01,OSThread=4796,t:clientID=673,t:applicationName=BackgroundJob,t:computerName=DC2BUHAPP11,t:connectID=3411,SessionID=3592,Usr=Аксанова Танзиля Нуруллаевна,Exception=SeanceContextException,Descr='Сеанс отсутствует или удален
ID=35083a03-01b5-45fb-9836-8c9452fcd131, File=d:\jenkins\ci_builder2\windowsbuild2\platform\src\rserver\src\rmngrcalls.cpp(364)'
07:25.914000-0,QERR,2,process=rphost,p:processName=bi_bk3wk1_prod_01,OSThread=3216,t:clientID=291,t:applicationName=1CV8C,t:computerName=DC2RDSH23,t:connectID=892,SessionID=842,Usr=Мукашева Айнур Абугалиевна,AppID=1CV8C,Descr='{(16, 31)}: Не задано значение параметра "Ссылка"
ЗаявкаНаЗакупТовары.Ссылка = <<?>>&Ссылка',Query='ВЫБРАТЬ РАЗРЕШЕННЫЕ
	ЗаявкаНаЗакупТовары.НомерСтроки КАК НомерСтроки,
	ЗаявкаНаЗакупТовары.Номенклатура КАК Номенклатура,
	ЗаявкаНаЗакупТовары.ТехническаяСпецификация КАК ТехническаяСпецификация,
	ЗаявкаНаЗакупТовары.ДатаПоставки КАК ДатаПоставки,
	ЗаявкаНаЗакупТовары.ЕдИз КАК ЕдИз,
	ЗаявкаНаЗакупТовары.НелеквидыПоОрганизации КАК НелеквидыПоОрганизации,
	ЗаявкаНаЗакупТовары.Количество КАК Количество,
	ЗаявкаНаЗакупТовары.ПроверкаНелеквида КАК ПроверкаНелеквида,
	ЗаявкаНаЗакупТовары.ПолноеНаименование КАК ПолноеНаименование,
	ЕСТЬNULL(ЗаявкаНаЗакупТовары.Номенклатура.Наименование, &П) КАК Поле1,
	ЗаявкаНаЗакупТовары.Номенклатура КАК Номенклатура1
ИЗ
	Документ.ЗаявкаНаЗакуп.Товары КАК ЗаявкаНаЗакупТовары
ГДЕ
	ЗаявкаНаЗакупТовары.Ссылка = &Ссылка

УПОРЯДОЧИТЬ ПО
	Поле1,
	Номенклатура1',Context=Система.ПолучитьФорму : Документ.ЗаявкаНаЗакуп.ФормаВыбора
09:34.206003-7733983,TLOCK,4,process=rphost,p:processName=bi_bk3wk1_prod_01,OSThread=3216,t:clientID=291,t:applicationName=1CV8C,t:computerName=DC2RDSH23,t:connectID=892,SessionID=842,Usr=Мукашева Айнур Абугалиевна,AppID=1CV8C,DBMS=DBMSSQL,DataBase=CLSBUHDB01\bi_bk3wk1_prod_01,Regions=InfoRg19545.DIMS,Locks='InfoRg19545.DIMS Exclusive Fld19548=352:aaae001dd8b71ef511ea8dc569309f94 Fld750=0',WaitConnections=3344,connectionID=234858d0-97e5-4936-96dd-aae6e6c46d8d,Context='Форма.Записать : Документ.ПоступлениеТоваровУслуг.Форма.ФормаДокумента
Документ.ПоступлениеТоваровУслуг.МодульОбъекта : 929 : РегистрыСведений.СоответствиеРеализацийИПоступлений.СформироватьДвиженияПоСоответствиюРеализацийИПоступлений(Ссылка, Движения, Отказ = Ложь);
	РегистрСведений.СоответствиеРеализацийИПоступлений.МодульМенеджера : 18 : НаборЗаписей.Записать();'
20:09.692013-0,EXCP,2,process=rphost,p:processName=bi_bk3wk1_prod_01,OSThread=3200,t:clientID=291,t:applicationName=1CV8C,t:computerName=DC2RDSH23,t:connectID=892,SessionID=842,Usr=Мукашева Айнур Абугалиевна,AppID=1CV8C,Exception=afd2b550-0d52-4e03-b448-15ed68d87ac5,Descr='src\basic\src\documentlogformobjcontroller.cpp(884):
afd2b550-0d52-4e03-b448-15ed68d87ac5
0d2200af-1696-4395-91e5-2872675e6d3d: Не удалось провести: "Поступление ТМЗ и услуг"!',Context=Форма.Записать : Документ.ПоступлениеТоваровУслуг.Форма.ФормаДокумента
20:09.786000-0,EXCP,2,process=rphost,p:processName=bi_bk3wk1_prod_01,OSThread=3200,t:clientID=291,t:applicationName=1CV8C,t:computerName=DC2RDSH23,t:connectID=892,SessionID=842,Usr=Мукашева Айнур Абугалиевна,AppID=1CV8C,Exception=580392e6-ba49-4280-ac67-fcd6f2180121,Descr='src\vrsbase\src\vresourceinfobaseimpl.cpp(1114):
580392e6-ba49-4280-ac67-fcd6f2180121: Неспецифицированная ошибка работы с ресурсом
Ошибка при выполнении запроса POST к ресурсу /e1cib/logForm:
afd2b550-0d52-4e03-b448-15ed68d87ac5
0d2200af-1696-4395-91e5-2872675e6d3d: Не удалось провести: "Поступление ТМЗ и услуг"!'
20:17.130017-0,QERR,2,process=rphost,p:processName=bi_bk3wk1_prod_01,OSThread=3216,t:clientID=291,t:applicationName=1CV8C,t:computerName=DC2RDSH23,t:connectID=892,SessionID=842,Usr=Мукашева Айнур Абугалиевна,AppID=1CV8C,Descr='{(16, 31)}: Не задано значение параметра "Ссылка"
ЗаявкаНаЗакупТовары.Ссылка = <<?>>&Ссылка',Query='ВЫБРАТЬ РАЗРЕШЕННЫЕ
	ЗаявкаНаЗакупТовары.НомерСтроки КАК НомерСтроки,
	ЗаявкаНаЗакупТовары.Номенклатура КАК Номенклатура,
	ЗаявкаНаЗакупТовары.ТехническаяСпецификация КАК ТехническаяСпецификация,
	ЗаявкаНаЗакупТовары.ДатаПоставки КАК ДатаПоставки,
	ЗаявкаНаЗакупТовары.ЕдИз КАК ЕдИз,
	ЗаявкаНаЗакупТовары.НелеквидыПоОрганизации КАК НелеквидыПоОрганизации,
	ЗаявкаНаЗакупТовары.Количество КАК Количество,
	ЗаявкаНаЗакупТовары.ПроверкаНелеквида КАК ПроверкаНелеквида,
	ЗаявкаНаЗакупТовары.ПолноеНаименование КАК ПолноеНаименование,
	ЕСТЬNULL(ЗаявкаНаЗакупТовары.Номенклатура.Наименование, &П) КАК Поле1,
	ЗаявкаНаЗакупТовары.Номенклатура КАК Номенклатура1
ИЗ
	Документ.ЗаявкаНаЗакуп.Товары КАК ЗаявкаНаЗакупТовары
ГДЕ
	ЗаявкаНаЗакупТовары.Ссылка = &Ссылка

УПОРЯДОЧИТЬ ПО
	Поле1,
	Номенклатура1',Context=Система.ПолучитьФорму : Документ.ЗаявкаНаЗакуп.ФормаВыбора
24:04.155000-0,QERR,2,process=rphost,p:processName=bi_bk3wk1_prod_01,OSThread=3216,t:clientID=700,t:applicationName=1CV8C,t:computerName=DC3RDSH12,t:connectID=3462,SessionID=3646,Usr=Сеитказиев Кайсар Жоламанович,AppID=1CV8C,Descr='{(14, 31)}: Не задано значение параметра "Ссылка"
ЗаявкаНаЗакупТовары.Ссылка = <<?>>&Ссылка',Query='ВЫБРАТЬ РАЗРЕШЕННЫЕ
	ЗаявкаНаЗакупТовары.НомерСтроки КАК НомерСтроки,
	ЗаявкаНаЗакупТовары.Номенклатура КАК Номенклатура,
	ЗаявкаНаЗакупТовары.ТехническаяСпецификация КАК ТехническаяСпецификация,
	ЗаявкаНаЗакупТовары.ДатаПоставки КАК ДатаПоставки,
	ЗаявкаНаЗакупТовары.ЕдИз КАК ЕдИз,
	ЗаявкаНаЗакупТовары.НелеквидыПоОрганизации КАК НелеквидыПоОрганизации,
	ЗаявкаНаЗакупТовары.Количество КАК Количество,
	ЗаявкаНаЗакупТовары.ПроверкаНелеквида КАК ПроверкаНелеквида,
	ЗаявкаНаЗакупТовары.ПолноеНаименование КАК ПолноеНаименование
ИЗ
	Документ.ЗаявкаНаЗакуп.Товары КАК ЗаявкаНаЗакупТовары
ГДЕ
	ЗаявкаНаЗакупТовары.Ссылка = &Ссылка',Context=Система.ПолучитьФорму : Документ.ЗаявкаНаЗакуп.ФормаВыбора
25:16.673013-0,EXCP,2,process=rphost,p:processName=bi_bk3wk1_prod_01,OSThread=6796,t:clientID=291,t:applicationName=1CV8C,t:computerName=DC2RDSH23,t:connectID=892,SessionID=842,Usr=Мукашева Айнур Абугалиевна,AppID=1CV8C,Exception=afd2b550-0d52-4e03-b448-15ed68d87ac5,Descr='src\basic\src\documentlogformobjcontroller.cpp(884):
afd2b550-0d52-4e03-b448-15ed68d87ac5
0d2200af-1696-4395-91e5-2872675e6d3d: Не удалось провести: "Поступление ТМЗ и услуг"!',Context=Форма.Записать : Документ.ПоступлениеТоваровУслуг.Форма.ФормаДокумента
25:16.736000-0,EXCP,2,process=rphost,p:processName=bi_bk3wk1_prod_01,OSThread=6796,t:clientID=291,t:applicationName=1CV8C,t:computerName=DC2RDSH23,t:connectID=892,SessionID=842,Usr=Мукашева Айнур Абугалиевна,AppID=1CV8C,Exception=580392e6-ba49-4280-ac67-fcd6f2180121,Descr='src\vrsbase\src\vresourceinfobaseimpl.cpp(1114):
580392e6-ba49-4280-ac67-fcd6f2180121: Неспецифицированная ошибка работы с ресурсом
Ошибка при выполнении запроса POST к ресурсу /e1cib/logForm:
afd2b550-0d52-4e03-b448-15ed68d87ac5
0d2200af-1696-4395-91e5-2872675e6d3d: Не удалось провести: "Поступление ТМЗ и услуг"!'
30:03.935001-0,EXCP,0,process=rphost,OSThread=4988,ClientID=143,Exception=NetDataExchangeException,Descr='server_addr=(2)10.224.32.71:51607 descr=10054(0x00002746): Удаленный хост принудительно разорвал существующее подключение.  line=1149 file=d:\jenkins\ci_builder2\windowsbuild2\platform\src\rtrsrvc\src\dataexchangeserverimpl.cpp'
30:03.935002-0,EXCPCNTX,0,ClientComputerName=,ServerComputerName=,UserName=,ConnectString=
30:03.935003-0,EXCP,0,process=rphost,OSThread=2900,ClientID=139,Exception=NetDataExchangeException,Descr='server_addr=(2)10.224.32.71:51600 descr=10054(0x00002746): Удаленный хост принудительно разорвал существующее подключение.  line=1149 file=d:\jenkins\ci_builder2\windowsbuild2\platform\src\rtrsrvc\src\dataexchangeserverimpl.cpp'
30:03.935004-0,EXCPCNTX,0,ClientComputerName=,ServerComputerName=,UserName=,ConnectString=
56:58.109003-0,EXCP,2,process=rphost,p:processName=bi_bk3wk1_prod_01,OSThread=3484,t:clientID=599,t:applicationName=1CV8C,t:computerName=DC3RDSH11,t:connectID=2503,SessionID=2588,Usr=Битуреева Бахиткуль Маликовна,AppID=1CV8C,Exception=SeanceContextException,Descr=Попытка получения неинициализированного значения параметра сеанса,Context='Система.ПолучитьФорму : Документ.РегламентированныйОтчет.ФормаОбъекта
Документ.РегламентированныйОтчет.Форма.ФормаДокумента.Форма : 21 : ПравоДоступаКОтчету = РегламентированнаяОтчетностьВызовСервера.ПравоДоступаКРегламентированномуОтчету(
	ОбщийМодуль.РегламентированнаяОтчетностьВызовСервера.Модуль : 22 : Если НЕ РегламентированнаяОтчетность.ЭтоВнешнийОтчет(ИдентификаторОтчета) Тогда // это внутренний отчет
		ОбщийМодуль.РегламентированнаяОтчетность.Модуль : 26 : Если ПризнакИспользованияВнешнегоОтчетаСУчетомКэша(НайденныйЭлемент) <> Истина
			ОбщийМодуль.РегламентированнаяОтчетность.Модуль : 1844 : Кэш = ПараметрыСеанса.ХранилищеПараметровВнешнихРегламентированныхОтчетов.Получить();'
