46:40.763013-0,EXCP,2,process=rphost,p:processName=bi_bk3wk1_prod_01,OSThread=6628,t:clientID=257,t:applicationName=1CV8C,t:computerName=DC1RDSH20,t:connectID=855,SessionID=801,Usr=Асарова Аида Мейрамбекқызы,AppID=1CV8C,Exception=afd2b550-0d52-4e03-b448-15ed68d87ac5,Descr='src\basic\src\documentlogformobjcontroller.cpp(884):
afd2b550-0d52-4e03-b448-15ed68d87ac5
0d2200af-1696-4395-91e5-2872675e6d3d: Не удалось провести: "Платежное поручение (исходящее)"!',Context=Форма.Записать : Документ.ПлатежноеПоручениеИсходящее.Форма.ФормаДокумента
46:40.826000-0,EXCP,2,process=rphost,p:processName=bi_bk3wk1_prod_01,OSThread=6628,t:clientID=257,t:applicationName=1CV8C,t:computerName=DC1RDSH20,t:connectID=855,SessionID=801,Usr=Асарова Аида Мейрамбекқызы,AppID=1CV8C,Exception=580392e6-ba49-4280-ac67-fcd6f2180121,Descr='src\vrsbase\src\vresourceinfobaseimpl.cpp(1114):
580392e6-ba49-4280-ac67-fcd6f2180121: Неспецифицированная ошибка работы с ресурсом
Ошибка при выполнении запроса POST к ресурсу /e1cib/logForm:
afd2b550-0d52-4e03-b448-15ed68d87ac5
0d2200af-1696-4395-91e5-2872675e6d3d: Не удалось провести: "Платежное поручение (исходящее)"!'
46:45.404017-0,EXCP,0,process=rphost,OSThread=1868,ClientID=483,Exception=NetDataExchangeException,Descr='server_addr=(2)10.224.32.125:64988 descr=2(0x00000002): Не удается найти указанный файл.  line=1149 file=d:\jenkins\ci_builder2\windowsbuild2\platform\src\rtrsrvc\src\dataexchangeserverimpl.cpp'
46:45.404018-0,EXCPCNTX,0,ClientComputerName=,ServerComputerName=,UserName=,ConnectString=
47:12.298012-0,ADMIN,2,process=rphost,p:processName=ServerJobExecutorContext,OSThread=6700,t:clientID=740,t:applicationName=JobScheduler,t:computerName=DC2BUHAPP11,Func=killClient,ClusterID=8aa94e2b-5d54-4b86-800b-79353ce39638,ConnectionID=cafd262b-c213-4421-82e5-e88aa1ece017,Mode=0,Ref=bi_bk3wk1_prod_01(bi_bk3wk1_prod_01),Host=DC2BUHAPP11,Connection=5583,Administrator=Unknown,Result=Success
47:15.579005-0,EXCP,3,process=rphost,p:processName=bi_bk3wk1_prod_01,OSThread=6628,t:clientID=744,t:applicationName=BackgroundJob,t:computerName=DC2BUHAPP11,t:connectID=5583,SessionID=5888,Usr=WK1_Қосдәулетов_Ғани_Қалмұратұлы,Exception=SeanceContextException,Descr='Сеанс отсутствует или удален
ID=4a1c5941-8be1-4eb1-8cd7-26db52242509, File=d:\jenkins\ci_builder2\windowsbuild2\platform\src\rserver\src\clusterdistribimpl.cpp(1439)'
47:15.579007-0,EXCP,2,process=rphost,p:processName=bi_bk3wk1_prod_01,OSThread=6628,t:clientID=744,t:applicationName=BackgroundJob,t:computerName=DC2BUHAPP11,t:connectID=5583,SessionID=5888,Usr=WK1_Қосдәулетов_Ғани_Қалмұратұлы,Exception=60c686dc-798f-4d17-aadb-a90156a16eb8,Descr='src\rserver\src\rmngrcalls.cpp(476):
60c686dc-798f-4d17-aadb-a90156a16eb8: Сеанс отсутствует или удален
ID=4a1c5941-8be1-4eb1-8cd7-26db52242509, File=d:\jenkins\ci_builder2\windowsbuild2\platform\src\rserver\src\clusterdistribimpl.cpp(1439)'
47:15.782000-0,EXCP,2,process=rphost,p:processName=bi_bk3wk1_prod_01,OSThread=6628,t:clientID=744,t:applicationName=BackgroundJob,t:computerName=DC2BUHAPP11,t:connectID=5583,SessionID=5888,Usr=WK1_Қосдәулетов_Ғани_Қалмұратұлы,Exception=SeanceContextException,Descr='Сеанс отсутствует или удален
ID=4a1c5941-8be1-4eb1-8cd7-26db52242509, File=d:\jenkins\ci_builder2\windowsbuild2\platform\src\rserver\src\rmngrcalls.cpp(364)'
47:15.782001-0,EXCP,2,process=rphost,p:processName=bi_bk3wk1_prod_01,OSThread=6628,t:clientID=744,t:applicationName=BackgroundJob,t:computerName=DC2BUHAPP11,t:connectID=5583,SessionID=5888,Usr=WK1_Қосдәулетов_Ғани_Қалмұратұлы,Exception=60c686dc-798f-4d17-aadb-a90156a16eb8,Descr='src\rserver\src\serverjobexecutor.cpp(1095):
60c686dc-798f-4d17-aadb-a90156a16eb8: Сеанс отсутствует или удален
ID=4a1c5941-8be1-4eb1-8cd7-26db52242509, File=d:\jenkins\ci_builder2\windowsbuild2\platform\src\rserver\src\rmngrcalls.cpp(364)'
47:15.782003-0,EXCP,3,process=rphost,p:processName=bi_bk3wk1_prod_01,OSThread=6628,t:clientID=744,t:applicationName=BackgroundJob,t:computerName=DC2BUHAPP11,t:connectID=5583,SessionID=5888,Usr=WK1_Қосдәулетов_Ғани_Қалмұратұлы,Exception=SeanceContextException,Descr='Сеанс отсутствует или удален
ID=4a1c5941-8be1-4eb1-8cd7-26db52242509, File=d:\jenkins\ci_builder2\windowsbuild2\platform\src\rserver\src\clusterdistribimpl.cpp(1439)'
47:15.782005-0,EXCP,2,process=rphost,p:processName=bi_bk3wk1_prod_01,OSThread=6628,t:clientID=744,t:applicationName=BackgroundJob,t:computerName=DC2BUHAPP11,t:connectID=5583,SessionID=5888,Usr=WK1_Қосдәулетов_Ғани_Қалмұратұлы,Exception=60c686dc-798f-4d17-aadb-a90156a16eb8,Descr='src\rserver\src\rmngrcalls.cpp(476):
60c686dc-798f-4d17-aadb-a90156a16eb8: Сеанс отсутствует или удален
ID=4a1c5941-8be1-4eb1-8cd7-26db52242509, File=d:\jenkins\ci_builder2\windowsbuild2\platform\src\rserver\src\clusterdistribimpl.cpp(1439)'
47:15.986000-0,EXCP,2,process=rphost,p:processName=bi_bk3wk1_prod_01,OSThread=6628,t:clientID=744,t:applicationName=BackgroundJob,t:computerName=DC2BUHAPP11,t:connectID=5583,SessionID=5888,Usr=WK1_Қосдәулетов_Ғани_Қалмұратұлы,Exception=SeanceContextException,Descr='Сеанс отсутствует или удален
ID=4a1c5941-8be1-4eb1-8cd7-26db52242509, File=d:\jenkins\ci_builder2\windowsbuild2\platform\src\rserver\src\rmngrcalls.cpp(364)'
52:57.652005-0,ADMIN,2,process=rphost,p:processName=ServerJobExecutorContext,OSThread=2384,t:clientID=740,t:applicationName=JobScheduler,t:computerName=DC2BUHAPP11,Func=killClient,ClusterID=8aa94e2b-5d54-4b86-800b-79353ce39638,ConnectionID=73c26cf3-04dd-4b0e-acb0-7deeb33e41d9,Mode=0,Ref=bi_bk3wk1_prod_01(bi_bk3wk1_prod_01),Host=DC2BUHAPP11,Connection=5657,Administrator=Unknown,Result=Success
52:58.480000-0,EXCP,3,process=rphost,p:processName=bi_bk3wk1_prod_01,OSThread=4712,t:clientID=771,t:applicationName=BackgroundJob,t:computerName=DC2BUHAPP11,t:connectID=5657,SessionID=5996,Usr=БоканЖМ,Exception=SeanceContextException,Descr='Сеанс отсутствует или удален
ID=887fb999-cf3e-4534-9c54-429bc4618f0b, File=d:\jenkins\ci_builder2\windowsbuild2\platform\src\rserver\src\clusterdistribimpl.cpp(1439)'
52:58.480002-0,EXCP,2,process=rphost,p:processName=bi_bk3wk1_prod_01,OSThread=4712,t:clientID=771,t:applicationName=BackgroundJob,t:computerName=DC2BUHAPP11,t:connectID=5657,SessionID=5996,Usr=БоканЖМ,Exception=60c686dc-798f-4d17-aadb-a90156a16eb8,Descr='src\rserver\src\rmngrcalls.cpp(476):
60c686dc-798f-4d17-aadb-a90156a16eb8: Сеанс отсутствует или удален
ID=887fb999-cf3e-4534-9c54-429bc4618f0b, File=d:\jenkins\ci_builder2\windowsbuild2\platform\src\rserver\src\clusterdistribimpl.cpp(1439)'
52:58.683000-0,EXCP,2,process=rphost,p:processName=bi_bk3wk1_prod_01,OSThread=4712,t:clientID=771,t:applicationName=BackgroundJob,t:computerName=DC2BUHAPP11,t:connectID=5657,SessionID=5996,Usr=БоканЖМ,Exception=SeanceContextException,Descr='Сеанс отсутствует или удален
ID=887fb999-cf3e-4534-9c54-429bc4618f0b, File=d:\jenkins\ci_builder2\windowsbuild2\platform\src\rserver\src\rmngrcalls.cpp(364)'
52:58.683001-0,EXCP,2,process=rphost,p:processName=bi_bk3wk1_prod_01,OSThread=4712,t:clientID=771,t:applicationName=BackgroundJob,t:computerName=DC2BUHAPP11,t:connectID=5657,SessionID=5996,Usr=БоканЖМ,Exception=60c686dc-798f-4d17-aadb-a90156a16eb8,Descr='src\rserver\src\serverjobexecutor.cpp(1095):
60c686dc-798f-4d17-aadb-a90156a16eb8: Сеанс отсутствует или удален
ID=887fb999-cf3e-4534-9c54-429bc4618f0b, File=d:\jenkins\ci_builder2\windowsbuild2\platform\src\rserver\src\rmngrcalls.cpp(364)'
52:58.683003-0,EXCP,3,process=rphost,p:processName=bi_bk3wk1_prod_01,OSThread=4712,t:clientID=771,t:applicationName=BackgroundJob,t:computerName=DC2BUHAPP11,t:connectID=5657,SessionID=5996,Usr=БоканЖМ,Exception=SeanceContextException,Descr='Сеанс отсутствует или удален
ID=887fb999-cf3e-4534-9c54-429bc4618f0b, File=d:\jenkins\ci_builder2\windowsbuild2\platform\src\rserver\src\clusterdistribimpl.cpp(1439)'
52:58.683005-0,EXCP,2,process=rphost,p:processName=bi_bk3wk1_prod_01,OSThread=4712,t:clientID=771,t:applicationName=BackgroundJob,t:computerName=DC2BUHAPP11,t:connectID=5657,SessionID=5996,Usr=БоканЖМ,Exception=60c686dc-798f-4d17-aadb-a90156a16eb8,Descr='src\rserver\src\rmngrcalls.cpp(476):
60c686dc-798f-4d17-aadb-a90156a16eb8: Сеанс отсутствует или удален
ID=887fb999-cf3e-4534-9c54-429bc4618f0b, File=d:\jenkins\ci_builder2\windowsbuild2\platform\src\rserver\src\clusterdistribimpl.cpp(1439)'
52:58.886000-0,EXCP,2,process=rphost,p:processName=bi_bk3wk1_prod_01,OSThread=4712,t:clientID=771,t:applicationName=BackgroundJob,t:computerName=DC2BUHAPP11,t:connectID=5657,SessionID=5996,Usr=БоканЖМ,Exception=SeanceContextException,Descr='Сеанс отсутствует или удален
ID=887fb999-cf3e-4534-9c54-429bc4618f0b, File=d:\jenkins\ci_builder2\windowsbuild2\platform\src\rserver\src\rmngrcalls.cpp(364)'
53:55.242005-0,ADMIN,2,process=rphost,p:processName=ServerJobExecutorContext,OSThread=2384,t:clientID=740,t:applicationName=JobScheduler,t:computerName=DC2BUHAPP11,Func=killClient,ClusterID=8aa94e2b-5d54-4b86-800b-79353ce39638,ConnectionID=87cfdc26-da21-4417-9893-457ed35f136a,Mode=0,Ref=bi_bk3wk1_prod_01(bi_bk3wk1_prod_01),Host=DC2BUHAPP11,Connection=5666,Administrator=Unknown,Result=Success
53:58.070000-0,EXCP,3,process=rphost,p:processName=bi_bk3wk1_prod_01,OSThread=644,t:clientID=774,t:applicationName=BackgroundJob,t:computerName=DC2BUHAPP11,t:connectID=5666,SessionID=6005,Usr=БоканЖМ,Exception=SeanceContextException,Descr='Сеанс отсутствует или удален
ID=acc4c5d1-67e6-4cb3-8988-031c046f91e2, File=d:\jenkins\ci_builder2\windowsbuild2\platform\src\rserver\src\clusterdistribimpl.cpp(1439)'
53:58.070002-0,EXCP,2,process=rphost,p:processName=bi_bk3wk1_prod_01,OSThread=644,t:clientID=774,t:applicationName=BackgroundJob,t:computerName=DC2BUHAPP11,t:connectID=5666,SessionID=6005,Usr=БоканЖМ,Exception=60c686dc-798f-4d17-aadb-a90156a16eb8,Descr='src\rserver\src\rmngrcalls.cpp(476):
60c686dc-798f-4d17-aadb-a90156a16eb8: Сеанс отсутствует или удален
ID=acc4c5d1-67e6-4cb3-8988-031c046f91e2, File=d:\jenkins\ci_builder2\windowsbuild2\platform\src\rserver\src\clusterdistribimpl.cpp(1439)'
53:58.273000-0,EXCP,2,process=rphost,p:processName=bi_bk3wk1_prod_01,OSThread=644,t:clientID=774,t:applicationName=BackgroundJob,t:computerName=DC2BUHAPP11,t:connectID=5666,SessionID=6005,Usr=БоканЖМ,Exception=SeanceContextException,Descr='Сеанс отсутствует или удален
ID=acc4c5d1-67e6-4cb3-8988-031c046f91e2, File=d:\jenkins\ci_builder2\windowsbuild2\platform\src\rserver\src\rmngrcalls.cpp(364)'
53:58.273001-0,EXCP,2,process=rphost,p:processName=bi_bk3wk1_prod_01,OSThread=644,t:clientID=774,t:applicationName=BackgroundJob,t:computerName=DC2BUHAPP11,t:connectID=5666,SessionID=6005,Usr=БоканЖМ,Exception=60c686dc-798f-4d17-aadb-a90156a16eb8,Descr='src\rserver\src\serverjobexecutor.cpp(1095):
60c686dc-798f-4d17-aadb-a90156a16eb8: Сеанс отсутствует или удален
ID=acc4c5d1-67e6-4cb3-8988-031c046f91e2, File=d:\jenkins\ci_builder2\windowsbuild2\platform\src\rserver\src\rmngrcalls.cpp(364)'
53:58.273003-0,EXCP,3,process=rphost,p:processName=bi_bk3wk1_prod_01,OSThread=644,t:clientID=774,t:applicationName=BackgroundJob,t:computerName=DC2BUHAPP11,t:connectID=5666,SessionID=6005,Usr=БоканЖМ,Exception=SeanceContextException,Descr='Сеанс отсутствует или удален
ID=acc4c5d1-67e6-4cb3-8988-031c046f91e2, File=d:\jenkins\ci_builder2\windowsbuild2\platform\src\rserver\src\clusterdistribimpl.cpp(1439)'
53:58.273005-0,EXCP,2,process=rphost,p:processName=bi_bk3wk1_prod_01,OSThread=644,t:clientID=774,t:applicationName=BackgroundJob,t:computerName=DC2BUHAPP11,t:connectID=5666,SessionID=6005,Usr=БоканЖМ,Exception=60c686dc-798f-4d17-aadb-a90156a16eb8,Descr='src\rserver\src\rmngrcalls.cpp(476):
60c686dc-798f-4d17-aadb-a90156a16eb8: Сеанс отсутствует или удален
ID=acc4c5d1-67e6-4cb3-8988-031c046f91e2, File=d:\jenkins\ci_builder2\windowsbuild2\platform\src\rserver\src\clusterdistribimpl.cpp(1439)'
53:58.477000-0,EXCP,2,process=rphost,p:processName=bi_bk3wk1_prod_01,OSThread=644,t:clientID=774,t:applicationName=BackgroundJob,t:computerName=DC2BUHAPP11,t:connectID=5666,SessionID=6005,Usr=БоканЖМ,Exception=SeanceContextException,Descr='Сеанс отсутствует или удален
ID=acc4c5d1-67e6-4cb3-8988-031c046f91e2, File=d:\jenkins\ci_builder2\windowsbuild2\platform\src\rserver\src\rmngrcalls.cpp(364)'
55:35.205011-0,EXCP,2,process=rphost,p:processName=bi_bk3wk1_prod_01,OSThread=1436,t:clientID=257,t:applicationName=1CV8C,t:computerName=DC1RDSH20,t:connectID=855,SessionID=801,Usr=Асарова Аида Мейрамбекқызы,AppID=1CV8C,Exception=afd2b550-0d52-4e03-b448-15ed68d87ac5,Descr='src\basic\src\documentlogformobjcontroller.cpp(884):
afd2b550-0d52-4e03-b448-15ed68d87ac5
0d2200af-1696-4395-91e5-2872675e6d3d: Не удалось провести: "Платежное поручение (исходящее)"!',Context=Форма.Записать : Документ.ПлатежноеПоручениеИсходящее.Форма.ФормаДокумента
55:35.298000-0,EXCP,2,process=rphost,p:processName=bi_bk3wk1_prod_01,OSThread=1436,t:clientID=257,t:applicationName=1CV8C,t:computerName=DC1RDSH20,t:connectID=855,SessionID=801,Usr=Асарова Аида Мейрамбекқызы,AppID=1CV8C,Exception=580392e6-ba49-4280-ac67-fcd6f2180121,Descr='src\vrsbase\src\vresourceinfobaseimpl.cpp(1114):
580392e6-ba49-4280-ac67-fcd6f2180121: Неспецифицированная ошибка работы с ресурсом
Ошибка при выполнении запроса POST к ресурсу /e1cib/logForm:
afd2b550-0d52-4e03-b448-15ed68d87ac5
0d2200af-1696-4395-91e5-2872675e6d3d: Не удалось провести: "Платежное поручение (исходящее)"!'
58:04.465013-0,EXCP,2,process=rphost,p:processName=bi_bk3wk1_prod_01,OSThread=4100,t:clientID=257,t:applicationName=1CV8C,t:computerName=DC1RDSH20,t:connectID=855,SessionID=801,Usr=Асарова Аида Мейрамбекқызы,AppID=1CV8C,Exception=afd2b550-0d52-4e03-b448-15ed68d87ac5,Descr='src\basic\src\documentlogformobjcontroller.cpp(884):
afd2b550-0d52-4e03-b448-15ed68d87ac5
0d2200af-1696-4395-91e5-2872675e6d3d: Не удалось провести: "Платежное поручение (исходящее)"!',Context=Форма.Записать : Документ.ПлатежноеПоручениеИсходящее.Форма.ФормаДокумента
58:04.512000-0,EXCP,2,process=rphost,p:processName=bi_bk3wk1_prod_01,OSThread=4100,t:clientID=257,t:applicationName=1CV8C,t:computerName=DC1RDSH20,t:connectID=855,SessionID=801,Usr=Асарова Аида Мейрамбекқызы,AppID=1CV8C,Exception=580392e6-ba49-4280-ac67-fcd6f2180121,Descr='src\vrsbase\src\vresourceinfobaseimpl.cpp(1114):
580392e6-ba49-4280-ac67-fcd6f2180121: Неспецифицированная ошибка работы с ресурсом
Ошибка при выполнении запроса POST к ресурсу /e1cib/logForm:
afd2b550-0d52-4e03-b448-15ed68d87ac5
0d2200af-1696-4395-91e5-2872675e6d3d: Не удалось провести: "Платежное поручение (исходящее)"!'
58:15.356013-0,EXCP,2,process=rphost,p:processName=bi_bk3wk1_prod_01,OSThread=4712,t:clientID=257,t:applicationName=1CV8C,t:computerName=DC1RDSH20,t:connectID=855,SessionID=801,Usr=Асарова Аида Мейрамбекқызы,AppID=1CV8C,Exception=afd2b550-0d52-4e03-b448-15ed68d87ac5,Descr='src\basic\src\documentlogformobjcontroller.cpp(884):
afd2b550-0d52-4e03-b448-15ed68d87ac5
0d2200af-1696-4395-91e5-2872675e6d3d: Не удалось провести: "Платежное поручение (исходящее)"!',Context=Форма.Записать : Документ.ПлатежноеПоручениеИсходящее.Форма.ФормаДокумента
58:15.419000-0,EXCP,2,process=rphost,p:processName=bi_bk3wk1_prod_01,OSThread=4712,t:clientID=257,t:applicationName=1CV8C,t:computerName=DC1RDSH20,t:connectID=855,SessionID=801,Usr=Асарова Аида Мейрамбекқызы,AppID=1CV8C,Exception=580392e6-ba49-4280-ac67-fcd6f2180121,Descr='src\vrsbase\src\vresourceinfobaseimpl.cpp(1114):
580392e6-ba49-4280-ac67-fcd6f2180121: Неспецифицированная ошибка работы с ресурсом
Ошибка при выполнении запроса POST к ресурсу /e1cib/logForm:
afd2b550-0d52-4e03-b448-15ed68d87ac5
0d2200af-1696-4395-91e5-2872675e6d3d: Не удалось провести: "Платежное поручение (исходящее)"!'
58:42.215004-0,EXCP,2,process=rphost,p:processName=bi_bk3wk1_prod_01,OSThread=3216,t:clientID=257,t:applicationName=1CV8C,t:computerName=DC1RDSH20,t:connectID=855,SessionID=801,Usr=Асарова Аида Мейрамбекқызы,AppID=1CV8C,Exception=afd2b550-0d52-4e03-b448-15ed68d87ac5,Descr='src\basic\src\documentlogformobjcontroller.cpp(884):
afd2b550-0d52-4e03-b448-15ed68d87ac5
0d2200af-1696-4395-91e5-2872675e6d3d: Не удалось провести: "Платежное поручение (исходящее)"!',Context=Форма.Записать : Документ.ПлатежноеПоручениеИсходящее.Форма.ФормаДокумента
58:42.294000-0,EXCP,2,process=rphost,p:processName=bi_bk3wk1_prod_01,OSThread=3216,t:clientID=257,t:applicationName=1CV8C,t:computerName=DC1RDSH20,t:connectID=855,SessionID=801,Usr=Асарова Аида Мейрамбекқызы,AppID=1CV8C,Exception=580392e6-ba49-4280-ac67-fcd6f2180121,Descr='src\vrsbase\src\vresourceinfobaseimpl.cpp(1114):
580392e6-ba49-4280-ac67-fcd6f2180121: Неспецифицированная ошибка работы с ресурсом
Ошибка при выполнении запроса POST к ресурсу /e1cib/logForm:
afd2b550-0d52-4e03-b448-15ed68d87ac5
0d2200af-1696-4395-91e5-2872675e6d3d: Не удалось провести: "Платежное поручение (исходящее)"!'
