01:45.305000-0,EXCP,0,process=rphost,OSThread=6908,ClientID=1789,Exception=NetDataExchangeException,Descr='server_addr=(2)10.224.32.240:51063 descr=10054(0x00002746): Удаленный хост принудительно разорвал существующее подключение.  line=1149 file=d:\jenkins\ci_builder2\windowsbuild2\platform\src\rtrsrvc\src\dataexchangeserverimpl.cpp'
01:45.305001-0,EXCP,0,process=rphost,OSThread=6536,ClientID=1791,Exception=NetDataExchangeException,Descr='server_addr=(2)10.224.32.240:51072 descr=10054(0x00002746): Удаленный хост принудительно разорвал существующее подключение.  line=1149 file=d:\jenkins\ci_builder2\windowsbuild2\platform\src\rtrsrvc\src\dataexchangeserverimpl.cpp'
01:45.305002-0,EXCPCNTX,0,ClientComputerName=,ServerComputerName=,UserName=,ConnectString=
01:45.305003-0,EXCPCNTX,0,ClientComputerName=,ServerComputerName=,UserName=,ConnectString=
01:45.336000-0,EXCP,0,process=rphost,OSThread=6536,ClientID=1788,Exception=NetDataExchangeException,Descr='server_addr=(2)10.224.32.240:51048 descr=10054(0x00002746): Удаленный хост принудительно разорвал существующее подключение.  line=1149 file=d:\jenkins\ci_builder2\windowsbuild2\platform\src\rtrsrvc\src\dataexchangeserverimpl.cpp'
01:45.336001-0,EXCPCNTX,0,ClientComputerName=,ServerComputerName=,UserName=,ConnectString=
01:45.336006-0,EXCP,0,process=rphost,OSThread=6536,ClientID=1790,Exception=NetDataExchangeException,Descr='server_addr=(2)10.224.32.240:51068 descr=10054(0x00002746): Удаленный хост принудительно разорвал существующее подключение.  line=1149 file=d:\jenkins\ci_builder2\windowsbuild2\platform\src\rtrsrvc\src\dataexchangeserverimpl.cpp'
01:45.336007-0,EXCPCNTX,0,ClientComputerName=,ServerComputerName=,UserName=,ConnectString=
04:30.996000-0,EXCP,0,process=rphost,OSThread=6908,ClientID=1467,Exception=NetDataExchangeException,Descr='server_addr=(2)10.225.32.50:59901 descr=10054(0x00002746): Удаленный хост принудительно разорвал существующее подключение.  line=1149 file=d:\jenkins\ci_builder2\windowsbuild2\platform\src\rtrsrvc\src\dataexchangeserverimpl.cpp'
04:30.996001-0,EXCP,0,process=rphost,OSThread=6268,ClientID=1470,Exception=NetDataExchangeException,Descr='server_addr=(2)10.225.32.50:59908 descr=10054(0x00002746): Удаленный хост принудительно разорвал существующее подключение.  line=1149 file=d:\jenkins\ci_builder2\windowsbuild2\platform\src\rtrsrvc\src\dataexchangeserverimpl.cpp'
04:30.996002-0,EXCPCNTX,0,ClientComputerName=,ServerComputerName=,UserName=,ConnectString=
04:30.996003-0,EXCPCNTX,0,ClientComputerName=,ServerComputerName=,UserName=,ConnectString=
36:27.953025-0,EXCP,2,process=rphost,p:processName=bi_bk3wk1_prod_01,OSThread=4868,t:clientID=1125,t:applicationName=1CV8C,t:computerName=DC2RDSH05,t:connectID=8355,SessionID=172,Usr=Бодыков Султан Абдижалелович,AppID=1CV8C,Exception=afd2b550-0d52-4e03-b448-15ed68d87ac5,Descr='src\basic\src\documentlogformobjcontroller.cpp(884):
afd2b550-0d52-4e03-b448-15ed68d87ac5
0d2200af-1696-4395-91e5-2872675e6d3d: Не удалось провести: "Заявка на оплату"!',Context=Форма.Записать : Документ.ЗаявкаНаОплату.Форма.ФормаДокумента
36:27.985000-0,EXCP,2,process=rphost,p:processName=bi_bk3wk1_prod_01,OSThread=4868,t:clientID=1125,t:applicationName=1CV8C,t:computerName=DC2RDSH05,t:connectID=8355,SessionID=172,Usr=Бодыков Султан Абдижалелович,AppID=1CV8C,Exception=580392e6-ba49-4280-ac67-fcd6f2180121,Descr='src\vrsbase\src\vresourceinfobaseimpl.cpp(1114):
580392e6-ba49-4280-ac67-fcd6f2180121: Неспецифицированная ошибка работы с ресурсом
Ошибка при выполнении запроса POST к ресурсу /e1cib/logForm:
afd2b550-0d52-4e03-b448-15ed68d87ac5
0d2200af-1696-4395-91e5-2872675e6d3d: Не удалось провести: "Заявка на оплату"!'
38:51.009023-0,EXCP,2,process=rphost,p:processName=bi_bk3wk1_prod_01,OSThread=436,t:clientID=1125,t:applicationName=1CV8C,t:computerName=DC2RDSH05,t:connectID=8355,SessionID=172,Usr=Бодыков Султан Абдижалелович,AppID=1CV8C,Exception=afd2b550-0d52-4e03-b448-15ed68d87ac5,Descr='src\basic\src\documentlogformobjcontroller.cpp(884):
afd2b550-0d52-4e03-b448-15ed68d87ac5
0d2200af-1696-4395-91e5-2872675e6d3d: Не удалось провести: "Заявка на оплату"!',Context=Форма.Записать : Документ.ЗаявкаНаОплату.Форма.ФормаДокумента
38:51.040000-0,EXCP,2,process=rphost,p:processName=bi_bk3wk1_prod_01,OSThread=436,t:clientID=1125,t:applicationName=1CV8C,t:computerName=DC2RDSH05,t:connectID=8355,SessionID=172,Usr=Бодыков Султан Абдижалелович,AppID=1CV8C,Exception=580392e6-ba49-4280-ac67-fcd6f2180121,Descr='src\vrsbase\src\vresourceinfobaseimpl.cpp(1114):
580392e6-ba49-4280-ac67-fcd6f2180121: Неспецифицированная ошибка работы с ресурсом
Ошибка при выполнении запроса POST к ресурсу /e1cib/logForm:
afd2b550-0d52-4e03-b448-15ed68d87ac5
0d2200af-1696-4395-91e5-2872675e6d3d: Не удалось провести: "Заявка на оплату"!'
55:27.018023-0,EXCP,2,process=rphost,p:processName=bi_bk3wk1_prod_01,OSThread=5360,t:clientID=1125,t:applicationName=1CV8C,t:computerName=DC2RDSH05,t:connectID=8355,SessionID=172,Usr=Бодыков Султан Абдижалелович,AppID=1CV8C,Exception=afd2b550-0d52-4e03-b448-15ed68d87ac5,Descr='src\basic\src\documentlogformobjcontroller.cpp(884):
afd2b550-0d52-4e03-b448-15ed68d87ac5
0d2200af-1696-4395-91e5-2872675e6d3d: Не удалось провести: "Заявка на оплату"!',Context=Форма.Записать : Документ.ЗаявкаНаОплату.Форма.ФормаДокумента
55:27.049000-0,EXCP,2,process=rphost,p:processName=bi_bk3wk1_prod_01,OSThread=5360,t:clientID=1125,t:applicationName=1CV8C,t:computerName=DC2RDSH05,t:connectID=8355,SessionID=172,Usr=Бодыков Султан Абдижалелович,AppID=1CV8C,Exception=580392e6-ba49-4280-ac67-fcd6f2180121,Descr='src\vrsbase\src\vresourceinfobaseimpl.cpp(1114):
580392e6-ba49-4280-ac67-fcd6f2180121: Неспецифицированная ошибка работы с ресурсом
Ошибка при выполнении запроса POST к ресурсу /e1cib/logForm:
afd2b550-0d52-4e03-b448-15ed68d87ac5
0d2200af-1696-4395-91e5-2872675e6d3d: Не удалось провести: "Заявка на оплату"!'
56:01.441022-0,EXCP,2,process=rphost,p:processName=bi_bk3wk1_prod_01,OSThread=436,t:clientID=1125,t:applicationName=1CV8C,t:computerName=DC2RDSH05,t:connectID=8355,SessionID=172,Usr=Бодыков Султан Абдижалелович,AppID=1CV8C,Exception=afd2b550-0d52-4e03-b448-15ed68d87ac5,Descr='src\basic\src\documentlogformobjcontroller.cpp(884):
afd2b550-0d52-4e03-b448-15ed68d87ac5
0d2200af-1696-4395-91e5-2872675e6d3d: Не удалось провести: "Заявка на оплату"!',Context=Форма.Записать : Документ.ЗаявкаНаОплату.Форма.ФормаДокумента
56:01.472000-0,EXCP,2,process=rphost,p:processName=bi_bk3wk1_prod_01,OSThread=436,t:clientID=1125,t:applicationName=1CV8C,t:computerName=DC2RDSH05,t:connectID=8355,SessionID=172,Usr=Бодыков Султан Абдижалелович,AppID=1CV8C,Exception=580392e6-ba49-4280-ac67-fcd6f2180121,Descr='src\vrsbase\src\vresourceinfobaseimpl.cpp(1114):
580392e6-ba49-4280-ac67-fcd6f2180121: Неспецифицированная ошибка работы с ресурсом
Ошибка при выполнении запроса POST к ресурсу /e1cib/logForm:
afd2b550-0d52-4e03-b448-15ed68d87ac5
0d2200af-1696-4395-91e5-2872675e6d3d: Не удалось провести: "Заявка на оплату"!'
