01:33.055017-0,EXCP,2,process=rphost,p:processName=bi_bk3wk1_prod_01,OSThread=3216,t:clientID=270,t:applicationName=1CV8C,t:computerName=DC2RDSH06,t:connectID=873,SessionID=821,Usr=WK1_Галиева_Гульнара_Албакировна,AppID=1CV8C,Exception=afd2b550-0d52-4e03-b448-15ed68d87ac5,Descr='src\basic\src\documentlogformobjcontroller.cpp(884):
afd2b550-0d52-4e03-b448-15ed68d87ac5
0d2200af-1696-4395-91e5-2872675e6d3d: Не удалось провести "Поступление ТМЗ и услуг UC300002801 от 28.04.2020 23:59:59"!',Context=Форма.Записать : Документ.ПоступлениеТоваровУслуг.Форма.ФормаДокумента
01:33.117000-0,EXCP,2,process=rphost,p:processName=bi_bk3wk1_prod_01,OSThread=3216,t:clientID=270,t:applicationName=1CV8C,t:computerName=DC2RDSH06,t:connectID=873,SessionID=821,Usr=WK1_Галиева_Гульнара_Албакировна,AppID=1CV8C,Exception=580392e6-ba49-4280-ac67-fcd6f2180121,Descr='src\vrsbase\src\vresourceinfobaseimpl.cpp(1114):
580392e6-ba49-4280-ac67-fcd6f2180121: Неспецифицированная ошибка работы с ресурсом
Ошибка при выполнении запроса POST к ресурсу /e1cib/logForm:
afd2b550-0d52-4e03-b448-15ed68d87ac5
0d2200af-1696-4395-91e5-2872675e6d3d: Не удалось провести "Поступление ТМЗ и услуг UC300002801 от 28.04.2020 23:59:59"!'
02:17.586017-0,EXCP,0,process=rphost,OSThread=5144,ClientID=89,Exception=NetDataExchangeException,Descr='server_addr=(2)10.224.32.240:54119 descr=2(0x00000002): Не удается найти указанный файл.  line=1149 file=d:\jenkins\ci_builder2\windowsbuild2\platform\src\rtrsrvc\src\dataexchangeserverimpl.cpp'
02:17.586018-0,EXCPCNTX,0,ClientComputerName=,ServerComputerName=,UserName=,ConnectString=
02:19.211005-0,ADMIN,3,process=rphost,p:processName=ServerJobExecutorContext,OSThread=2384,t:clientID=5,t:applicationName=JobScheduler,t:computerName=DC2BUHAPP11,Func=killClient,ClusterID=8aa94e2b-5d54-4b86-800b-79353ce39638,ConnectionID=af0ac2ec-259f-4b41-aa69-2d5ba3154096,Mode=0,Ref=bi_bk3wk1_prod_01(bi_bk3wk1_prod_01),Host=DC2BUHAPP11,Connection=2061,Administrator=Unknown,Result=Success
02:23.414005-0,EXCP,3,process=rphost,p:processName=bi_bk3wk1_prod_01,OSThread=4100,t:clientID=484,t:applicationName=BackgroundJob,t:computerName=DC2BUHAPP11,t:connectID=2061,SessionID=2128,Usr=WK1_Фазылов_Даулетхан_Ераханулы,Exception=SeanceContextException,Descr='Сеанс отсутствует или удален
ID=2683240f-5a39-4d39-85c5-ebfabeef2310, File=d:\jenkins\ci_builder2\windowsbuild2\platform\src\rserver\src\clusterdistribimpl.cpp(1439)'
02:23.414007-0,EXCP,2,process=rphost,p:processName=bi_bk3wk1_prod_01,OSThread=4100,t:clientID=484,t:applicationName=BackgroundJob,t:computerName=DC2BUHAPP11,t:connectID=2061,SessionID=2128,Usr=WK1_Фазылов_Даулетхан_Ераханулы,Exception=60c686dc-798f-4d17-aadb-a90156a16eb8,Descr='src\rserver\src\rmngrcalls.cpp(476):
60c686dc-798f-4d17-aadb-a90156a16eb8: Сеанс отсутствует или удален
ID=2683240f-5a39-4d39-85c5-ebfabeef2310, File=d:\jenkins\ci_builder2\windowsbuild2\platform\src\rserver\src\clusterdistribimpl.cpp(1439)'
02:23.617000-0,EXCP,2,process=rphost,p:processName=bi_bk3wk1_prod_01,OSThread=4100,t:clientID=484,t:applicationName=BackgroundJob,t:computerName=DC2BUHAPP11,t:connectID=2061,SessionID=2128,Usr=WK1_Фазылов_Даулетхан_Ераханулы,Exception=SeanceContextException,Descr='Сеанс отсутствует или удален
ID=2683240f-5a39-4d39-85c5-ebfabeef2310, File=d:\jenkins\ci_builder2\windowsbuild2\platform\src\rserver\src\rmngrcalls.cpp(364)'
02:23.617001-0,EXCP,2,process=rphost,p:processName=bi_bk3wk1_prod_01,OSThread=4100,t:clientID=484,t:applicationName=BackgroundJob,t:computerName=DC2BUHAPP11,t:connectID=2061,SessionID=2128,Usr=WK1_Фазылов_Даулетхан_Ераханулы,Exception=60c686dc-798f-4d17-aadb-a90156a16eb8,Descr='src\rserver\src\serverjobexecutor.cpp(1095):
60c686dc-798f-4d17-aadb-a90156a16eb8: Сеанс отсутствует или удален
ID=2683240f-5a39-4d39-85c5-ebfabeef2310, File=d:\jenkins\ci_builder2\windowsbuild2\platform\src\rserver\src\rmngrcalls.cpp(364)'
02:23.617003-0,EXCP,3,process=rphost,p:processName=bi_bk3wk1_prod_01,OSThread=4100,t:clientID=484,t:applicationName=BackgroundJob,t:computerName=DC2BUHAPP11,t:connectID=2061,SessionID=2128,Usr=WK1_Фазылов_Даулетхан_Ераханулы,Exception=SeanceContextException,Descr='Сеанс отсутствует или удален
ID=2683240f-5a39-4d39-85c5-ebfabeef2310, File=d:\jenkins\ci_builder2\windowsbuild2\platform\src\rserver\src\clusterdistribimpl.cpp(1439)'
02:23.617005-0,EXCP,2,process=rphost,p:processName=bi_bk3wk1_prod_01,OSThread=4100,t:clientID=484,t:applicationName=BackgroundJob,t:computerName=DC2BUHAPP11,t:connectID=2061,SessionID=2128,Usr=WK1_Фазылов_Даулетхан_Ераханулы,Exception=60c686dc-798f-4d17-aadb-a90156a16eb8,Descr='src\rserver\src\rmngrcalls.cpp(476):
60c686dc-798f-4d17-aadb-a90156a16eb8: Сеанс отсутствует или удален
ID=2683240f-5a39-4d39-85c5-ebfabeef2310, File=d:\jenkins\ci_builder2\windowsbuild2\platform\src\rserver\src\clusterdistribimpl.cpp(1439)'
02:23.820001-0,EXCP,2,process=rphost,p:processName=bi_bk3wk1_prod_01,OSThread=4100,t:clientID=484,t:applicationName=BackgroundJob,t:computerName=DC2BUHAPP11,t:connectID=2061,SessionID=2128,Usr=WK1_Фазылов_Даулетхан_Ераханулы,Exception=SeanceContextException,Descr='Сеанс отсутствует или удален
ID=2683240f-5a39-4d39-85c5-ebfabeef2310, File=d:\jenkins\ci_builder2\windowsbuild2\platform\src\rserver\src\rmngrcalls.cpp(364)'
02:24.352005-0,ADMIN,3,process=rphost,p:processName=ServerJobExecutorContext,OSThread=2384,t:clientID=5,t:applicationName=JobScheduler,t:computerName=DC2BUHAPP11,Func=killClient,ClusterID=8aa94e2b-5d54-4b86-800b-79353ce39638,ConnectionID=2020474d-f9b7-4347-b28e-0bc2b9ef1b3f,Mode=0,Ref=bi_bk3wk1_prod_01(bi_bk3wk1_prod_01),Host=DC2BUHAPP11,Connection=2067,Administrator=Unknown,Result=Success
02:28.180010-0,EXCP,3,process=rphost,p:processName=bi_bk3wk1_prod_01,OSThread=4100,t:clientID=485,t:applicationName=BackgroundJob,t:computerName=DC2BUHAPP11,t:connectID=2067,SessionID=2134,Usr=WK1_Фазылов_Даулетхан_Ераханулы,Exception=SeanceContextException,Descr='Сеанс отсутствует или удален
ID=78eabe5b-6287-489d-9bf2-dba549803d8e, File=d:\jenkins\ci_builder2\windowsbuild2\platform\src\rserver\src\clusterdistribimpl.cpp(1439)'
02:28.180012-0,EXCP,2,process=rphost,p:processName=bi_bk3wk1_prod_01,OSThread=4100,t:clientID=485,t:applicationName=BackgroundJob,t:computerName=DC2BUHAPP11,t:connectID=2067,SessionID=2134,Usr=WK1_Фазылов_Даулетхан_Ераханулы,Exception=60c686dc-798f-4d17-aadb-a90156a16eb8,Descr='src\rserver\src\rmngrcalls.cpp(476):
60c686dc-798f-4d17-aadb-a90156a16eb8: Сеанс отсутствует или удален
ID=78eabe5b-6287-489d-9bf2-dba549803d8e, File=d:\jenkins\ci_builder2\windowsbuild2\platform\src\rserver\src\clusterdistribimpl.cpp(1439)'
02:28.211006-0,EXCP,2,process=rphost,p:processName=bi_bk3wk1_prod_01,OSThread=4100,t:clientID=485,t:applicationName=BackgroundJob,t:computerName=DC2BUHAPP11,t:connectID=2067,SessionID=2134,Usr=WK1_Фазылов_Даулетхан_Ераханулы,Exception=SeanceContextException,Descr='Сеанс отсутствует или удален
ID=78eabe5b-6287-489d-9bf2-dba549803d8e, File=d:\jenkins\ci_builder2\windowsbuild2\platform\src\rserver\src\rmngrcalls.cpp(364)'
02:28.211007-0,EXCP,2,process=rphost,p:processName=bi_bk3wk1_prod_01,OSThread=4100,t:clientID=485,t:applicationName=BackgroundJob,t:computerName=DC2BUHAPP11,t:connectID=2067,SessionID=2134,Usr=WK1_Фазылов_Даулетхан_Ераханулы,Exception=60c686dc-798f-4d17-aadb-a90156a16eb8,Descr='src\rserver\src\serverjobexecutor.cpp(1095):
60c686dc-798f-4d17-aadb-a90156a16eb8: Сеанс отсутствует или удален
ID=78eabe5b-6287-489d-9bf2-dba549803d8e, File=d:\jenkins\ci_builder2\windowsbuild2\platform\src\rserver\src\rmngrcalls.cpp(364)'
02:28.211009-0,EXCP,3,process=rphost,p:processName=bi_bk3wk1_prod_01,OSThread=4100,t:clientID=485,t:applicationName=BackgroundJob,t:computerName=DC2BUHAPP11,t:connectID=2067,SessionID=2134,Usr=WK1_Фазылов_Даулетхан_Ераханулы,Exception=SeanceContextException,Descr='Сеанс отсутствует или удален
ID=78eabe5b-6287-489d-9bf2-dba549803d8e, File=d:\jenkins\ci_builder2\windowsbuild2\platform\src\rserver\src\clusterdistribimpl.cpp(1439)'
02:28.211011-0,EXCP,2,process=rphost,p:processName=bi_bk3wk1_prod_01,OSThread=4100,t:clientID=485,t:applicationName=BackgroundJob,t:computerName=DC2BUHAPP11,t:connectID=2067,SessionID=2134,Usr=WK1_Фазылов_Даулетхан_Ераханулы,Exception=60c686dc-798f-4d17-aadb-a90156a16eb8,Descr='src\rserver\src\rmngrcalls.cpp(476):
60c686dc-798f-4d17-aadb-a90156a16eb8: Сеанс отсутствует или удален
ID=78eabe5b-6287-489d-9bf2-dba549803d8e, File=d:\jenkins\ci_builder2\windowsbuild2\platform\src\rserver\src\clusterdistribimpl.cpp(1439)'
02:28.414000-0,EXCP,2,process=rphost,p:processName=bi_bk3wk1_prod_01,OSThread=4100,t:clientID=485,t:applicationName=BackgroundJob,t:computerName=DC2BUHAPP11,t:connectID=2067,SessionID=2134,Usr=WK1_Фазылов_Даулетхан_Ераханулы,Exception=SeanceContextException,Descr='Сеанс отсутствует или удален
ID=78eabe5b-6287-489d-9bf2-dba549803d8e, File=d:\jenkins\ci_builder2\windowsbuild2\platform\src\rserver\src\rmngrcalls.cpp(364)'
02:38.649021-0,EXCP,2,process=rphost,p:processName=bi_bk3wk1_prod_01,OSThread=4100,t:clientID=106,t:applicationName=1CV8C,t:computerName=DC3RDSH05,t:connectID=639,SessionID=608,Usr=Есжанова Нургуль Муратовна,AppID=1CV8C,Exception=afd2b550-0d52-4e03-b448-15ed68d87ac5,Descr='src\basic\src\documentlogformobjcontroller.cpp(884):
afd2b550-0d52-4e03-b448-15ed68d87ac5
0d2200af-1696-4395-91e5-2872675e6d3d: Не удалось провести "Поступление ТМЗ и услуг STK00001047 от 22.04.2020 10:00:00"!',Context=Форма.Записать : Документ.ПоступлениеТоваровУслуг.Форма.ФормаДокумента
02:38.758000-0,EXCP,2,process=rphost,p:processName=bi_bk3wk1_prod_01,OSThread=4100,t:clientID=106,t:applicationName=1CV8C,t:computerName=DC3RDSH05,t:connectID=639,SessionID=608,Usr=Есжанова Нургуль Муратовна,AppID=1CV8C,Exception=580392e6-ba49-4280-ac67-fcd6f2180121,Descr='src\vrsbase\src\vresourceinfobaseimpl.cpp(1114):
580392e6-ba49-4280-ac67-fcd6f2180121: Неспецифицированная ошибка работы с ресурсом
Ошибка при выполнении запроса POST к ресурсу /e1cib/logForm:
afd2b550-0d52-4e03-b448-15ed68d87ac5
0d2200af-1696-4395-91e5-2872675e6d3d: Не удалось провести "Поступление ТМЗ и услуг STK00001047 от 22.04.2020 10:00:00"!'
05:06.264057-0,EXCP,2,process=rphost,p:processName=bi_bk3wk1_prod_01,OSThread=2928,t:clientID=124,t:applicationName=1CV8C,t:computerName=DC3RDSH13,t:connectID=702,SessionID=630,Usr=WK1_Туткышева_Мерей_Жанатовна,AppID=1CV8C,Exception=afd2b550-0d52-4e03-b448-15ed68d87ac5,Descr='src\basic\src\documentlogformobjcontroller.cpp(884):
afd2b550-0d52-4e03-b448-15ed68d87ac5
0d2200af-1696-4395-91e5-2872675e6d3d: Не удалось провести "Поступление ТМЗ и услуг PSC00001724 от 16.04.2020 10:00:00"!',Context=Форма.Записать : Документ.ПоступлениеТоваровУслуг.Форма.ФормаДокумента
05:06.358027-0,EXCP,2,process=rphost,p:processName=bi_bk3wk1_prod_01,OSThread=2928,t:clientID=124,t:applicationName=1CV8C,t:computerName=DC3RDSH13,t:connectID=702,SessionID=630,Usr=WK1_Туткышева_Мерей_Жанатовна,AppID=1CV8C,Exception=580392e6-ba49-4280-ac67-fcd6f2180121,Descr='src\vrsbase\src\vresourceinfobaseimpl.cpp(1114):
580392e6-ba49-4280-ac67-fcd6f2180121: Неспецифицированная ошибка работы с ресурсом
Ошибка при выполнении запроса POST к ресурсу /e1cib/logForm:
afd2b550-0d52-4e03-b448-15ed68d87ac5
0d2200af-1696-4395-91e5-2872675e6d3d: Не удалось провести "Поступление ТМЗ и услуг PSC00001724 от 16.04.2020 10:00:00"!'
07:34.174005-0,ADMIN,3,process=rphost,p:processName=ServerJobExecutorContext,OSThread=2384,t:clientID=5,t:applicationName=JobScheduler,t:computerName=DC2BUHAPP11,Func=killClient,ClusterID=8aa94e2b-5d54-4b86-800b-79353ce39638,ConnectionID=464a94bd-86c4-454d-8552-bf3a9718e2be,Mode=0,Ref=bi_bk3wk1_prod_01(bi_bk3wk1_prod_01),Host=DC2BUHAPP11,Connection=2152,Administrator=Unknown,Result=Success
07:34.659008-0,EXCP,3,process=rphost,p:processName=bi_bk3wk1_prod_01,OSThread=4100,t:clientID=518,t:applicationName=BackgroundJob,t:computerName=DC2BUHAPP11,t:connectID=2152,SessionID=2223,Usr=WK1_Жаксылыков_Ерасыл_Серикказыевич,Exception=SeanceContextException,Descr='Сеанс отсутствует или удален
ID=7c6b1947-ca9e-49c7-88b0-1f070517d220, File=d:\jenkins\ci_builder2\windowsbuild2\platform\src\rserver\src\clusterdistribimpl.cpp(1439)'
07:34.659010-0,EXCP,2,process=rphost,p:processName=bi_bk3wk1_prod_01,OSThread=4100,t:clientID=518,t:applicationName=BackgroundJob,t:computerName=DC2BUHAPP11,t:connectID=2152,SessionID=2223,Usr=WK1_Жаксылыков_Ерасыл_Серикказыевич,Exception=60c686dc-798f-4d17-aadb-a90156a16eb8,Descr='src\rserver\src\rmngrcalls.cpp(476):
60c686dc-798f-4d17-aadb-a90156a16eb8: Сеанс отсутствует или удален
ID=7c6b1947-ca9e-49c7-88b0-1f070517d220, File=d:\jenkins\ci_builder2\windowsbuild2\platform\src\rserver\src\clusterdistribimpl.cpp(1439)'
07:34.862000-0,EXCP,2,process=rphost,p:processName=bi_bk3wk1_prod_01,OSThread=4100,t:clientID=518,t:applicationName=BackgroundJob,t:computerName=DC2BUHAPP11,t:connectID=2152,SessionID=2223,Usr=WK1_Жаксылыков_Ерасыл_Серикказыевич,Exception=SeanceContextException,Descr='Сеанс отсутствует или удален
ID=7c6b1947-ca9e-49c7-88b0-1f070517d220, File=d:\jenkins\ci_builder2\windowsbuild2\platform\src\rserver\src\rmngrcalls.cpp(364)'
07:34.862001-0,EXCP,2,process=rphost,p:processName=bi_bk3wk1_prod_01,OSThread=4100,t:clientID=518,t:applicationName=BackgroundJob,t:computerName=DC2BUHAPP11,t:connectID=2152,SessionID=2223,Usr=WK1_Жаксылыков_Ерасыл_Серикказыевич,Exception=60c686dc-798f-4d17-aadb-a90156a16eb8,Descr='src\rserver\src\serverjobexecutor.cpp(1095):
60c686dc-798f-4d17-aadb-a90156a16eb8: Сеанс отсутствует или удален
ID=7c6b1947-ca9e-49c7-88b0-1f070517d220, File=d:\jenkins\ci_builder2\windowsbuild2\platform\src\rserver\src\rmngrcalls.cpp(364)'
07:34.862003-0,EXCP,3,process=rphost,p:processName=bi_bk3wk1_prod_01,OSThread=4100,t:clientID=518,t:applicationName=BackgroundJob,t:computerName=DC2BUHAPP11,t:connectID=2152,SessionID=2223,Usr=WK1_Жаксылыков_Ерасыл_Серикказыевич,Exception=SeanceContextException,Descr='Сеанс отсутствует или удален
ID=7c6b1947-ca9e-49c7-88b0-1f070517d220, File=d:\jenkins\ci_builder2\windowsbuild2\platform\src\rserver\src\clusterdistribimpl.cpp(1439)'
07:34.862005-0,EXCP,2,process=rphost,p:processName=bi_bk3wk1_prod_01,OSThread=4100,t:clientID=518,t:applicationName=BackgroundJob,t:computerName=DC2BUHAPP11,t:connectID=2152,SessionID=2223,Usr=WK1_Жаксылыков_Ерасыл_Серикказыевич,Exception=60c686dc-798f-4d17-aadb-a90156a16eb8,Descr='src\rserver\src\rmngrcalls.cpp(476):
60c686dc-798f-4d17-aadb-a90156a16eb8: Сеанс отсутствует или удален
ID=7c6b1947-ca9e-49c7-88b0-1f070517d220, File=d:\jenkins\ci_builder2\windowsbuild2\platform\src\rserver\src\clusterdistribimpl.cpp(1439)'
07:34.940006-0,EXCP,2,process=rphost,p:processName=bi_bk3wk1_prod_01,OSThread=4100,t:clientID=518,t:applicationName=BackgroundJob,t:computerName=DC2BUHAPP11,t:connectID=2152,SessionID=2223,Usr=WK1_Жаксылыков_Ерасыл_Серикказыевич,Exception=SeanceContextException,Descr='Сеанс отсутствует или удален
ID=7c6b1947-ca9e-49c7-88b0-1f070517d220, File=d:\jenkins\ci_builder2\windowsbuild2\platform\src\rserver\src\rmngrcalls.cpp(364)'
07:37.784005-0,ADMIN,3,process=rphost,p:processName=ServerJobExecutorContext,OSThread=6700,t:clientID=5,t:applicationName=JobScheduler,t:computerName=DC2BUHAPP11,Func=killClient,ClusterID=8aa94e2b-5d54-4b86-800b-79353ce39638,ConnectionID=5b4003f4-74b7-47fe-89d6-498e01e8a5b5,Mode=0,Ref=bi_bk3wk1_prod_01(bi_bk3wk1_prod_01),Host=DC2BUHAPP11,Connection=2156,Administrator=Unknown,Result=Success
07:38.268005-0,EXCP,3,process=rphost,p:processName=bi_bk3wk1_prod_01,OSThread=4100,t:clientID=520,t:applicationName=BackgroundJob,t:computerName=DC2BUHAPP11,t:connectID=2156,SessionID=2227,Usr=WK1_Жаксылыков_Ерасыл_Серикказыевич,Exception=SeanceContextException,Descr='Сеанс отсутствует или удален
ID=49dd61b4-f359-4250-9d73-f072a0c4c6a8, File=d:\jenkins\ci_builder2\windowsbuild2\platform\src\rserver\src\clusterdistribimpl.cpp(1439)'
07:38.268007-0,EXCP,2,process=rphost,p:processName=bi_bk3wk1_prod_01,OSThread=4100,t:clientID=520,t:applicationName=BackgroundJob,t:computerName=DC2BUHAPP11,t:connectID=2156,SessionID=2227,Usr=WK1_Жаксылыков_Ерасыл_Серикказыевич,Exception=60c686dc-798f-4d17-aadb-a90156a16eb8,Descr='src\rserver\src\rmngrcalls.cpp(476):
60c686dc-798f-4d17-aadb-a90156a16eb8: Сеанс отсутствует или удален
ID=49dd61b4-f359-4250-9d73-f072a0c4c6a8, File=d:\jenkins\ci_builder2\windowsbuild2\platform\src\rserver\src\clusterdistribimpl.cpp(1439)'
07:38.471000-0,EXCP,2,process=rphost,p:processName=bi_bk3wk1_prod_01,OSThread=4100,t:clientID=520,t:applicationName=BackgroundJob,t:computerName=DC2BUHAPP11,t:connectID=2156,SessionID=2227,Usr=WK1_Жаксылыков_Ерасыл_Серикказыевич,Exception=SeanceContextException,Descr='Сеанс отсутствует или удален
ID=49dd61b4-f359-4250-9d73-f072a0c4c6a8, File=d:\jenkins\ci_builder2\windowsbuild2\platform\src\rserver\src\rmngrcalls.cpp(364)'
07:38.471001-0,EXCP,2,process=rphost,p:processName=bi_bk3wk1_prod_01,OSThread=4100,t:clientID=520,t:applicationName=BackgroundJob,t:computerName=DC2BUHAPP11,t:connectID=2156,SessionID=2227,Usr=WK1_Жаксылыков_Ерасыл_Серикказыевич,Exception=60c686dc-798f-4d17-aadb-a90156a16eb8,Descr='src\rserver\src\serverjobexecutor.cpp(1095):
60c686dc-798f-4d17-aadb-a90156a16eb8: Сеанс отсутствует или удален
ID=49dd61b4-f359-4250-9d73-f072a0c4c6a8, File=d:\jenkins\ci_builder2\windowsbuild2\platform\src\rserver\src\rmngrcalls.cpp(364)'
07:38.471004-0,EXCP,3,process=rphost,p:processName=bi_bk3wk1_prod_01,OSThread=4100,t:clientID=520,t:applicationName=BackgroundJob,t:computerName=DC2BUHAPP11,t:connectID=2156,SessionID=2227,Usr=WK1_Жаксылыков_Ерасыл_Серикказыевич,Exception=SeanceContextException,Descr='Сеанс отсутствует или удален
ID=49dd61b4-f359-4250-9d73-f072a0c4c6a8, File=d:\jenkins\ci_builder2\windowsbuild2\platform\src\rserver\src\clusterdistribimpl.cpp(1439)'
07:38.471006-0,EXCP,2,process=rphost,p:processName=bi_bk3wk1_prod_01,OSThread=4100,t:clientID=520,t:applicationName=BackgroundJob,t:computerName=DC2BUHAPP11,t:connectID=2156,SessionID=2227,Usr=WK1_Жаксылыков_Ерасыл_Серикказыевич,Exception=60c686dc-798f-4d17-aadb-a90156a16eb8,Descr='src\rserver\src\rmngrcalls.cpp(476):
60c686dc-798f-4d17-aadb-a90156a16eb8: Сеанс отсутствует или удален
ID=49dd61b4-f359-4250-9d73-f072a0c4c6a8, File=d:\jenkins\ci_builder2\windowsbuild2\platform\src\rserver\src\clusterdistribimpl.cpp(1439)'
07:38.674000-0,EXCP,2,process=rphost,p:processName=bi_bk3wk1_prod_01,OSThread=4100,t:clientID=520,t:applicationName=BackgroundJob,t:computerName=DC2BUHAPP11,t:connectID=2156,SessionID=2227,Usr=WK1_Жаксылыков_Ерасыл_Серикказыевич,Exception=SeanceContextException,Descr='Сеанс отсутствует или удален
ID=49dd61b4-f359-4250-9d73-f072a0c4c6a8, File=d:\jenkins\ci_builder2\windowsbuild2\platform\src\rserver\src\rmngrcalls.cpp(364)'
10:54.255013-0,EXCP,2,process=rphost,p:processName=bi_bk3wk1_prod_01,OSThread=7152,t:clientID=124,t:applicationName=1CV8C,t:computerName=DC3RDSH13,t:connectID=702,SessionID=630,Usr=WK1_Туткышева_Мерей_Жанатовна,AppID=1CV8C,Exception=afd2b550-0d52-4e03-b448-15ed68d87ac5,Descr='src\basic\src\documentlogformobjcontroller.cpp(884):
afd2b550-0d52-4e03-b448-15ed68d87ac5
0d2200af-1696-4395-91e5-2872675e6d3d: Не удалось провести "Поступление ТМЗ и услуг PSC00001727 от 20.04.2020 10:00:00"!',Context=Форма.Записать : Документ.ПоступлениеТоваровУслуг.Форма.ФормаДокумента
10:54.333001-0,EXCP,2,process=rphost,p:processName=bi_bk3wk1_prod_01,OSThread=7152,t:clientID=124,t:applicationName=1CV8C,t:computerName=DC3RDSH13,t:connectID=702,SessionID=630,Usr=WK1_Туткышева_Мерей_Жанатовна,AppID=1CV8C,Exception=580392e6-ba49-4280-ac67-fcd6f2180121,Descr='src\vrsbase\src\vresourceinfobaseimpl.cpp(1114):
580392e6-ba49-4280-ac67-fcd6f2180121: Неспецифицированная ошибка работы с ресурсом
Ошибка при выполнении запроса POST к ресурсу /e1cib/logForm:
afd2b550-0d52-4e03-b448-15ed68d87ac5
0d2200af-1696-4395-91e5-2872675e6d3d: Не удалось провести "Поступление ТМЗ и услуг PSC00001727 от 20.04.2020 10:00:00"!'
12:10.088004-0,EXCP,3,process=rphost,p:processName=bi_bk3wk1_prod_01,OSThread=4100,t:clientID=293,t:applicationName=1CV8C,t:computerName=DC2RDSH29,t:connectID=894,SessionID=845,Usr=Турсынбекова Дана Кияковна,AppID=1CV8C,Exception=SeanceContextException,Descr=Попытка получения неинициализированного значения параметра сеанса,Context='Система.ПолучитьФорму : Документ.РегламентированныйОтчет.ФормаОбъекта
Документ.РегламентированныйОтчет.Форма.ФормаДокумента.Форма : 21 : ПравоДоступаКОтчету = РегламентированнаяОтчетностьВызовСервера.ПравоДоступаКРегламентированномуОтчету(
	ОбщийМодуль.РегламентированнаяОтчетностьВызовСервера.Модуль : 22 : Если НЕ РегламентированнаяОтчетность.ЭтоВнешнийОтчет(ИдентификаторОтчета) Тогда // это внутренний отчет
		ОбщийМодуль.РегламентированнаяОтчетность.Модуль : 26 : Если ПризнакИспользованияВнешнегоОтчетаСУчетомКэша(НайденныйЭлемент) <> Истина
			ОбщийМодуль.РегламентированнаяОтчетность.Модуль : 1844 : Кэш = ПараметрыСеанса.ХранилищеПараметровВнешнихРегламентированныхОтчетов.Получить();'
12:26.948005-0,ADMIN,3,process=rphost,p:processName=ServerJobExecutorContext,OSThread=2384,t:clientID=5,t:applicationName=JobScheduler,t:computerName=DC2BUHAPP11,Func=killClient,ClusterID=8aa94e2b-5d54-4b86-800b-79353ce39638,ConnectionID=10d9122c-a1d7-4461-a7e8-d00322a4158b,Mode=0,Ref=bi_bk3wk1_prod_01(bi_bk3wk1_prod_01),Host=DC2BUHAPP11,Connection=2228,Administrator=Unknown,Result=Success
12:28.635000-0,EXCP,3,process=rphost,p:processName=bi_bk3wk1_prod_01,OSThread=6628,t:clientID=553,t:applicationName=BackgroundJob,t:computerName=DC2BUHAPP11,t:connectID=2228,SessionID=2327,Usr=Тағабай Бекболат Талғатұлы,Exception=SeanceContextException,Descr='Сеанс отсутствует или удален
ID=47c16d24-fc62-42cc-bf41-0a11f3838973, File=d:\jenkins\ci_builder2\windowsbuild2\platform\src\rserver\src\clusterdistribimpl.cpp(1439)'
12:28.635002-0,EXCP,2,process=rphost,p:processName=bi_bk3wk1_prod_01,OSThread=6628,t:clientID=553,t:applicationName=BackgroundJob,t:computerName=DC2BUHAPP11,t:connectID=2228,SessionID=2327,Usr=Тағабай Бекболат Талғатұлы,Exception=60c686dc-798f-4d17-aadb-a90156a16eb8,Descr='src\rserver\src\rmngrcalls.cpp(476):
60c686dc-798f-4d17-aadb-a90156a16eb8: Сеанс отсутствует или удален
ID=47c16d24-fc62-42cc-bf41-0a11f3838973, File=d:\jenkins\ci_builder2\windowsbuild2\platform\src\rserver\src\clusterdistribimpl.cpp(1439)'
12:28.838000-0,EXCP,2,process=rphost,p:processName=bi_bk3wk1_prod_01,OSThread=6628,t:clientID=553,t:applicationName=BackgroundJob,t:computerName=DC2BUHAPP11,t:connectID=2228,SessionID=2327,Usr=Тағабай Бекболат Талғатұлы,Exception=SeanceContextException,Descr='Сеанс отсутствует или удален
ID=47c16d24-fc62-42cc-bf41-0a11f3838973, File=d:\jenkins\ci_builder2\windowsbuild2\platform\src\rserver\src\rmngrcalls.cpp(364)'
12:28.838001-0,EXCP,2,process=rphost,p:processName=bi_bk3wk1_prod_01,OSThread=6628,t:clientID=553,t:applicationName=BackgroundJob,t:computerName=DC2BUHAPP11,t:connectID=2228,SessionID=2327,Usr=Тағабай Бекболат Талғатұлы,Exception=60c686dc-798f-4d17-aadb-a90156a16eb8,Descr='src\rserver\src\serverjobexecutor.cpp(1095):
60c686dc-798f-4d17-aadb-a90156a16eb8: Сеанс отсутствует или удален
ID=47c16d24-fc62-42cc-bf41-0a11f3838973, File=d:\jenkins\ci_builder2\windowsbuild2\platform\src\rserver\src\rmngrcalls.cpp(364)'
12:28.838007-0,EXCP,3,process=rphost,p:processName=bi_bk3wk1_prod_01,OSThread=6628,t:clientID=553,t:applicationName=BackgroundJob,t:computerName=DC2BUHAPP11,t:connectID=2228,SessionID=2327,Usr=Тағабай Бекболат Талғатұлы,Exception=SeanceContextException,Descr='Сеанс отсутствует или удален
ID=47c16d24-fc62-42cc-bf41-0a11f3838973, File=d:\jenkins\ci_builder2\windowsbuild2\platform\src\rserver\src\clusterdistribimpl.cpp(1439)'
12:28.838009-0,EXCP,2,process=rphost,p:processName=bi_bk3wk1_prod_01,OSThread=6628,t:clientID=553,t:applicationName=BackgroundJob,t:computerName=DC2BUHAPP11,t:connectID=2228,SessionID=2327,Usr=Тағабай Бекболат Талғатұлы,Exception=60c686dc-798f-4d17-aadb-a90156a16eb8,Descr='src\rserver\src\rmngrcalls.cpp(476):
60c686dc-798f-4d17-aadb-a90156a16eb8: Сеанс отсутствует или удален
ID=47c16d24-fc62-42cc-bf41-0a11f3838973, File=d:\jenkins\ci_builder2\windowsbuild2\platform\src\rserver\src\clusterdistribimpl.cpp(1439)'
12:29.042000-0,EXCP,2,process=rphost,p:processName=bi_bk3wk1_prod_01,OSThread=6628,t:clientID=553,t:applicationName=BackgroundJob,t:computerName=DC2BUHAPP11,t:connectID=2228,SessionID=2327,Usr=Тағабай Бекболат Талғатұлы,Exception=SeanceContextException,Descr='Сеанс отсутствует или удален
ID=47c16d24-fc62-42cc-bf41-0a11f3838973, File=d:\jenkins\ci_builder2\windowsbuild2\platform\src\rserver\src\rmngrcalls.cpp(364)'
14:42.887019-0,EXCP,2,process=rphost,p:processName=bi_bk3wk1_prod_01,OSThread=4796,t:clientID=257,t:applicationName=1CV8C,t:computerName=DC1RDSH20,t:connectID=855,SessionID=801,Usr=Асарова Аида Мейрамбекқызы,AppID=1CV8C,Exception=afd2b550-0d52-4e03-b448-15ed68d87ac5,Descr='src\basic\src\documentlogformobjcontroller.cpp(884):
afd2b550-0d52-4e03-b448-15ed68d87ac5
0d2200af-1696-4395-91e5-2872675e6d3d: Ошибка при выполнении обработчика - ''ОбработкаПроведения''
8d366056-4d5a-4d88-a207-0ae535b7d28e: {ОбщийМодуль.BI_КазначействоСервер.Модуль(623)}: Не удалось провести документ! По причине:  {ОбщийМодуль.BI_КазначействоСервер.Модуль(616)}: Ошибка при вызове метода контекста (Записать): Не удалось записать: "Журнал проводок (бухгалтерский учет)"!',Context=Форма.Записать : Документ.ПлатежноеПоручениеИсходящее.Форма.ФормаДокумента
14:42.934000-0,EXCP,2,process=rphost,p:processName=bi_bk3wk1_prod_01,OSThread=4796,t:clientID=257,t:applicationName=1CV8C,t:computerName=DC1RDSH20,t:connectID=855,SessionID=801,Usr=Асарова Аида Мейрамбекқызы,AppID=1CV8C,Exception=580392e6-ba49-4280-ac67-fcd6f2180121,Descr='src\vrsbase\src\vresourceinfobaseimpl.cpp(1114):
580392e6-ba49-4280-ac67-fcd6f2180121: Неспецифицированная ошибка работы с ресурсом
Ошибка при выполнении запроса POST к ресурсу /e1cib/logForm:
afd2b550-0d52-4e03-b448-15ed68d87ac5
0d2200af-1696-4395-91e5-2872675e6d3d: Ошибка при выполнении обработчика - ''ОбработкаПроведения''
8d366056-4d5a-4d88-a207-0ae535b7d28e: {ОбщийМодуль.BI_КазначействоСервер.Модуль(623)}: Не удалось провести документ! По причине:  {ОбщийМодуль.BI_КазначействоСервер.Модуль(616)}: Ошибка при вызове метода контекста (Записать): Не удалось записать: "Журнал проводок (бухгалтерский учет)"!'
15:13.324015-0,EXCP,6,process=rphost,p:processName=bi_bk3wk1_prod_01,OSThread=6308,t:clientID=257,t:applicationName=1CV8C,t:computerName=DC1RDSH20,t:connectID=855,SessionID=801,Usr=Асарова Аида Мейрамбекқызы,AppID=1CV8C,DBMS=DBMSSQL,DataBase=CLSBUHDB01\bi_bk3wk1_prod_01,dbpid=122,Exception=DataBaseException,Descr='Конфликт блокировок при выполнении транзакции:
Microsoft SQL Server Native Client 11.0: Lock request time out period exceeded.
HRESULT=80040E31, SQLSrvr: SQLSTATE=HYT00, state=38, Severity=10, native=1222, line=1
',Context='Форма.Записать : Документ.ПлатежноеПоручениеИсходящее.Форма.ФормаДокумента
ОбщийМодуль.BI_КазначействоСервер.Модуль : 616 : Источник.Движения.Записать();'
15:13.340028-0,EXCP,2,process=rphost,p:processName=bi_bk3wk1_prod_01,OSThread=6308,t:clientID=257,t:applicationName=1CV8C,t:computerName=DC1RDSH20,t:connectID=855,SessionID=801,Usr=Асарова Аида Мейрамбекқызы,AppID=1CV8C,Exception=afd2b550-0d52-4e03-b448-15ed68d87ac5,Descr='src\basic\src\documentlogformobjcontroller.cpp(871):
afd2b550-0d52-4e03-b448-15ed68d87ac5
dc31263e-ecbf-41bd-9b3a-7b55897d5fd6: Конфликт блокировок при выполнении транзакции:
Microsoft SQL Server Native Client 11.0: Lock request time out period exceeded.
HRESULT=80040E31, SQLSrvr: SQLSTATE=HYT00, state=38, Severity=10, native=1222, line=1
',Context=Форма.Записать : Документ.ПлатежноеПоручениеИсходящее.Форма.ФормаДокумента
15:13.418002-0,EXCP,2,process=rphost,p:processName=bi_bk3wk1_prod_01,OSThread=6308,t:clientID=257,t:applicationName=1CV8C,t:computerName=DC1RDSH20,t:connectID=855,SessionID=801,Usr=Асарова Аида Мейрамбекқызы,AppID=1CV8C,Exception=580392e6-ba49-4280-ac67-fcd6f2180121,Descr='src\vrsbase\src\vresourceinfobaseimpl.cpp(1114):
580392e6-ba49-4280-ac67-fcd6f2180121: Неспецифицированная ошибка работы с ресурсом
Ошибка при выполнении запроса POST к ресурсу /e1cib/logForm:
afd2b550-0d52-4e03-b448-15ed68d87ac5
dc31263e-ecbf-41bd-9b3a-7b55897d5fd6: Конфликт блокировок при выполнении транзакции:
Microsoft SQL Server Native Client 11.0: Lock request time out period exceeded.
HRESULT=80040E31, SQLSrvr: SQLSTATE=HYT00, state=38, Severity=10, native=1222, line=1
'
17:44.279010-0,ADMIN,3,process=rphost,p:processName=ServerJobExecutorContext,OSThread=6700,t:clientID=5,t:applicationName=JobScheduler,t:computerName=DC2BUHAPP11,Func=killClient,ClusterID=8aa94e2b-5d54-4b86-800b-79353ce39638,ConnectionID=92852114-31ae-4b56-bb68-a87829d742bb,Mode=0,Ref=bi_bk3wk1_prod_01(bi_bk3wk1_prod_01),Host=DC2BUHAPP11,Connection=2288,Administrator=Unknown,Result=Success
17:44.935069-0,EXCP,2,process=rphost,p:processName=bi_bk3wk1_prod_01,OSThread=4796,t:clientID=581,t:applicationName=BackgroundJob,t:computerName=DC2BUHAPP11,t:connectID=2288,SessionID=2391,Usr=Муратбекова Айна Назынбековна,Exception=95c658d1-d3d5-4ea9-8a81-1bf820fea4a8,Descr='src\rscalls\src\remotecalllistenerimpl.cpp(3793):
95c658d1-d3d5-4ea9-8a81-1bf820fea4a8: Сеанс работы завершен администратором.',Context='
ОбщийМодуль.ДлительныеОперации.Модуль : 652 : ВыполнитьПроцедуру(ВсеПараметры.ИмяПроцедуры, ВсеПараметры.ПараметрыПроцедуры);
	ОбщийМодуль.ДлительныеОперации.Модуль : 661 : ОбщегоНазначения.ВыполнитьМетодКонфигурации(ИмяПроцедуры, ПараметрыПроцедуры);
		ОбщийМодуль.ОбщегоНазначения.Модуль : 4795 : Выполнить ИмяМетода + "(" + ПараметрыСтрока + ")";
			 : 1 : БухгалтерскиеОтчетыВызовСервера.СформироватьОтчет(Параметры[0],Параметры[1])
				ОбщийМодуль.БухгалтерскиеОтчетыВызовСервера.Модуль : 787 : ПроцессорВывода.Вывести(ПроцессорКомпоновки, Истина);'
17:44.950016-0,EXCP,2,process=rphost,p:processName=bi_bk3wk1_prod_01,OSThread=4796,t:clientID=581,t:applicationName=BackgroundJob,t:computerName=DC2BUHAPP11,t:connectID=2288,SessionID=2391,Usr=Муратбекова Айна Назынбековна,Exception=95c658d1-d3d5-4ea9-8a81-1bf820fea4a8,Descr='src\rserver\src\serverjobexecutor.cpp(1024):
95c658d1-d3d5-4ea9-8a81-1bf820fea4a8: Сеанс работы завершен администратором.'
17:44.966037-0,EXCP,3,process=rphost,p:processName=bi_bk3wk1_prod_01,OSThread=4796,t:clientID=581,t:applicationName=BackgroundJob,t:computerName=DC2BUHAPP11,t:connectID=2288,SessionID=2391,Usr=Муратбекова Айна Назынбековна,Exception=SeanceContextException,Descr='Сеанс отсутствует или удален
ID=8dea4470-5eb6-4c3c-a367-f49dfd3f8ee7, File=d:\jenkins\ci_builder2\windowsbuild2\platform\src\rserver\src\clusterdistribimpl.cpp(1439)'
17:44.966040-0,EXCP,2,process=rphost,p:processName=bi_bk3wk1_prod_01,OSThread=4796,t:clientID=581,t:applicationName=BackgroundJob,t:computerName=DC2BUHAPP11,t:connectID=2288,SessionID=2391,Usr=Муратбекова Айна Назынбековна,Exception=60c686dc-798f-4d17-aadb-a90156a16eb8,Descr='src\rserver\src\rmngrcalls.cpp(476):
60c686dc-798f-4d17-aadb-a90156a16eb8: Сеанс отсутствует или удален
ID=8dea4470-5eb6-4c3c-a367-f49dfd3f8ee7, File=d:\jenkins\ci_builder2\windowsbuild2\platform\src\rserver\src\clusterdistribimpl.cpp(1439)'
17:45.169000-0,EXCP,2,process=rphost,p:processName=bi_bk3wk1_prod_01,OSThread=4796,t:clientID=581,t:applicationName=BackgroundJob,t:computerName=DC2BUHAPP11,t:connectID=2288,SessionID=2391,Usr=Муратбекова Айна Назынбековна,Exception=SeanceContextException,Descr='Сеанс отсутствует или удален
ID=8dea4470-5eb6-4c3c-a367-f49dfd3f8ee7, File=d:\jenkins\ci_builder2\windowsbuild2\platform\src\rserver\src\rmngrcalls.cpp(364)'
17:45.169001-0,EXCP,2,process=rphost,p:processName=bi_bk3wk1_prod_01,OSThread=4796,t:clientID=581,t:applicationName=BackgroundJob,t:computerName=DC2BUHAPP11,t:connectID=2288,SessionID=2391,Usr=Муратбекова Айна Назынбековна,Exception=60c686dc-798f-4d17-aadb-a90156a16eb8,Descr='src\rserver\src\serverjobexecutor.cpp(1095):
60c686dc-798f-4d17-aadb-a90156a16eb8: Сеанс отсутствует или удален
ID=8dea4470-5eb6-4c3c-a367-f49dfd3f8ee7, File=d:\jenkins\ci_builder2\windowsbuild2\platform\src\rserver\src\rmngrcalls.cpp(364)'
17:45.169006-0,EXCP,3,process=rphost,p:processName=bi_bk3wk1_prod_01,OSThread=4796,t:clientID=581,t:applicationName=BackgroundJob,t:computerName=DC2BUHAPP11,t:connectID=2288,SessionID=2391,Usr=Муратбекова Айна Назынбековна,Exception=SeanceContextException,Descr='Сеанс отсутствует или удален
ID=8dea4470-5eb6-4c3c-a367-f49dfd3f8ee7, File=d:\jenkins\ci_builder2\windowsbuild2\platform\src\rserver\src\clusterdistribimpl.cpp(1439)'
17:45.169008-0,EXCP,2,process=rphost,p:processName=bi_bk3wk1_prod_01,OSThread=4796,t:clientID=581,t:applicationName=BackgroundJob,t:computerName=DC2BUHAPP11,t:connectID=2288,SessionID=2391,Usr=Муратбекова Айна Назынбековна,Exception=60c686dc-798f-4d17-aadb-a90156a16eb8,Descr='src\rserver\src\rmngrcalls.cpp(476):
60c686dc-798f-4d17-aadb-a90156a16eb8: Сеанс отсутствует или удален
ID=8dea4470-5eb6-4c3c-a367-f49dfd3f8ee7, File=d:\jenkins\ci_builder2\windowsbuild2\platform\src\rserver\src\clusterdistribimpl.cpp(1439)'
17:45.341006-0,EXCP,2,process=rphost,p:processName=bi_bk3wk1_prod_01,OSThread=4796,t:clientID=581,t:applicationName=BackgroundJob,t:computerName=DC2BUHAPP11,t:connectID=2288,SessionID=2391,Usr=Муратбекова Айна Назынбековна,Exception=SeanceContextException,Descr='Сеанс отсутствует или удален
ID=8dea4470-5eb6-4c3c-a367-f49dfd3f8ee7, File=d:\jenkins\ci_builder2\windowsbuild2\platform\src\rserver\src\rmngrcalls.cpp(364)'
19:57.764003-0,EXCP,2,process=rphost,p:processName=bi_bk3wk1_prod_01,OSThread=4712,t:clientID=247,t:applicationName=1CV8C,t:computerName=DC3RDSH12,t:connectID=847,SessionID=791,Usr=Айтқулова Фариза Полатбекқызы,AppID=1CV8C,Exception=afd2b550-0d52-4e03-b448-15ed68d87ac5,Descr='src\basic\src\documentlogformobjcontroller.cpp(884):
afd2b550-0d52-4e03-b448-15ed68d87ac5
0d2200af-1696-4395-91e5-2872675e6d3d: Не удалось провести "Списание ТМЗ из забаланса  STK00000034 от 30.04.2020 12:00:00"!',Context=Форма.Записать : Документ.СписаниеТМЗИзЗабаланса.Форма.ФормаДокумента
19:57.780000-0,EXCP,2,process=rphost,p:processName=bi_bk3wk1_prod_01,OSThread=4712,t:clientID=247,t:applicationName=1CV8C,t:computerName=DC3RDSH12,t:connectID=847,SessionID=791,Usr=Айтқулова Фариза Полатбекқызы,AppID=1CV8C,Exception=580392e6-ba49-4280-ac67-fcd6f2180121,Descr='src\vrsbase\src\vresourceinfobaseimpl.cpp(1114):
580392e6-ba49-4280-ac67-fcd6f2180121: Неспецифицированная ошибка работы с ресурсом
Ошибка при выполнении запроса POST к ресурсу /e1cib/logForm:
afd2b550-0d52-4e03-b448-15ed68d87ac5
0d2200af-1696-4395-91e5-2872675e6d3d: Не удалось провести "Списание ТМЗ из забаланса  STK00000034 от 30.04.2020 12:00:00"!'
20:38.749010-0,EXCP,2,process=rphost,p:processName=bi_bk3wk1_prod_01,OSThread=4100,t:clientID=322,t:applicationName=1CV8C,t:computerName=DC1RDSH13,t:connectID=924,SessionID=879,Usr=Кожениязова Ильмира Гумуровна,AppID=1CV8C,Exception=SeanceContextException,Descr=Попытка получения неинициализированного значения параметра сеанса,Context='Система.ПолучитьФорму : Документ.РегламентированныйОтчет.ФормаОбъекта
Документ.РегламентированныйОтчет.Форма.ФормаДокумента.Форма : 21 : ПравоДоступаКОтчету = РегламентированнаяОтчетностьВызовСервера.ПравоДоступаКРегламентированномуОтчету(
	ОбщийМодуль.РегламентированнаяОтчетностьВызовСервера.Модуль : 22 : Если НЕ РегламентированнаяОтчетность.ЭтоВнешнийОтчет(ИдентификаторОтчета) Тогда // это внутренний отчет
		ОбщийМодуль.РегламентированнаяОтчетность.Модуль : 26 : Если ПризнакИспользованияВнешнегоОтчетаСУчетомКэша(НайденныйЭлемент) <> Истина
			ОбщийМодуль.РегламентированнаяОтчетность.Модуль : 1844 : Кэш = ПараметрыСеанса.ХранилищеПараметровВнешнихРегламентированныхОтчетов.Получить();'
25:10.088005-0,ADMIN,3,process=rphost,p:processName=ServerJobExecutorContext,OSThread=2384,t:clientID=5,t:applicationName=JobScheduler,t:computerName=DC2BUHAPP11,Func=killClient,ClusterID=8aa94e2b-5d54-4b86-800b-79353ce39638,ConnectionID=18054aad-fcb8-4435-8fec-2f7cdd04808d,Mode=0,Ref=bi_bk3wk1_prod_01(bi_bk3wk1_prod_01),Host=DC2BUHAPP11,Connection=2496,Administrator=Unknown,Result=Success
25:12.042010-0,EXCP,3,process=rphost,p:processName=bi_bk3wk1_prod_01,OSThread=4100,t:clientID=596,t:applicationName=BackgroundJob,t:computerName=DC2BUHAPP11,t:connectID=2496,SessionID=2579,Usr=WK1_Жаксылыков_Ерасыл_Серикказыевич,Exception=SeanceContextException,Descr='Сеанс отсутствует или удален
ID=d77b9bd0-6f37-46f5-b43a-af5c14daf633, File=d:\jenkins\ci_builder2\windowsbuild2\platform\src\rserver\src\clusterdistribimpl.cpp(1439)'
25:12.042012-0,EXCP,2,process=rphost,p:processName=bi_bk3wk1_prod_01,OSThread=4100,t:clientID=596,t:applicationName=BackgroundJob,t:computerName=DC2BUHAPP11,t:connectID=2496,SessionID=2579,Usr=WK1_Жаксылыков_Ерасыл_Серикказыевич,Exception=60c686dc-798f-4d17-aadb-a90156a16eb8,Descr='src\rserver\src\rmngrcalls.cpp(476):
60c686dc-798f-4d17-aadb-a90156a16eb8: Сеанс отсутствует или удален
ID=d77b9bd0-6f37-46f5-b43a-af5c14daf633, File=d:\jenkins\ci_builder2\windowsbuild2\platform\src\rserver\src\clusterdistribimpl.cpp(1439)'
25:12.198006-0,EXCP,2,process=rphost,p:processName=bi_bk3wk1_prod_01,OSThread=4100,t:clientID=596,t:applicationName=BackgroundJob,t:computerName=DC2BUHAPP11,t:connectID=2496,SessionID=2579,Usr=WK1_Жаксылыков_Ерасыл_Серикказыевич,Exception=SeanceContextException,Descr='Сеанс отсутствует или удален
ID=d77b9bd0-6f37-46f5-b43a-af5c14daf633, File=d:\jenkins\ci_builder2\windowsbuild2\platform\src\rserver\src\rmngrcalls.cpp(364)'
25:12.198007-0,EXCP,2,process=rphost,p:processName=bi_bk3wk1_prod_01,OSThread=4100,t:clientID=596,t:applicationName=BackgroundJob,t:computerName=DC2BUHAPP11,t:connectID=2496,SessionID=2579,Usr=WK1_Жаксылыков_Ерасыл_Серикказыевич,Exception=60c686dc-798f-4d17-aadb-a90156a16eb8,Descr='src\rserver\src\serverjobexecutor.cpp(1095):
60c686dc-798f-4d17-aadb-a90156a16eb8: Сеанс отсутствует или удален
ID=d77b9bd0-6f37-46f5-b43a-af5c14daf633, File=d:\jenkins\ci_builder2\windowsbuild2\platform\src\rserver\src\rmngrcalls.cpp(364)'
25:12.198009-0,EXCP,3,process=rphost,p:processName=bi_bk3wk1_prod_01,OSThread=4100,t:clientID=596,t:applicationName=BackgroundJob,t:computerName=DC2BUHAPP11,t:connectID=2496,SessionID=2579,Usr=WK1_Жаксылыков_Ерасыл_Серикказыевич,Exception=SeanceContextException,Descr='Сеанс отсутствует или удален
ID=d77b9bd0-6f37-46f5-b43a-af5c14daf633, File=d:\jenkins\ci_builder2\windowsbuild2\platform\src\rserver\src\clusterdistribimpl.cpp(1439)'
25:12.198011-0,EXCP,2,process=rphost,p:processName=bi_bk3wk1_prod_01,OSThread=4100,t:clientID=596,t:applicationName=BackgroundJob,t:computerName=DC2BUHAPP11,t:connectID=2496,SessionID=2579,Usr=WK1_Жаксылыков_Ерасыл_Серикказыевич,Exception=60c686dc-798f-4d17-aadb-a90156a16eb8,Descr='src\rserver\src\rmngrcalls.cpp(476):
60c686dc-798f-4d17-aadb-a90156a16eb8: Сеанс отсутствует или удален
ID=d77b9bd0-6f37-46f5-b43a-af5c14daf633, File=d:\jenkins\ci_builder2\windowsbuild2\platform\src\rserver\src\clusterdistribimpl.cpp(1439)'
25:12.401000-0,EXCP,2,process=rphost,p:processName=bi_bk3wk1_prod_01,OSThread=4100,t:clientID=596,t:applicationName=BackgroundJob,t:computerName=DC2BUHAPP11,t:connectID=2496,SessionID=2579,Usr=WK1_Жаксылыков_Ерасыл_Серикказыевич,Exception=SeanceContextException,Descr='Сеанс отсутствует или удален
ID=d77b9bd0-6f37-46f5-b43a-af5c14daf633, File=d:\jenkins\ci_builder2\windowsbuild2\platform\src\rserver\src\rmngrcalls.cpp(364)'
25:40.557019-0,EXCP,2,process=rphost,p:processName=bi_bk3wk1_prod_01,OSThread=3216,t:clientID=257,t:applicationName=1CV8C,t:computerName=DC1RDSH20,t:connectID=855,SessionID=801,Usr=Асарова Аида Мейрамбекқызы,AppID=1CV8C,Exception=afd2b550-0d52-4e03-b448-15ed68d87ac5,Descr='src\basic\src\documentlogformobjcontroller.cpp(884):
afd2b550-0d52-4e03-b448-15ed68d87ac5
0d2200af-1696-4395-91e5-2872675e6d3d: Ошибка при выполнении обработчика - ''ОбработкаПроведения''
8d366056-4d5a-4d88-a207-0ae535b7d28e: {ОбщийМодуль.BI_КазначействоСервер.Модуль(623)}: Не удалось провести документ! По причине:  {ОбщийМодуль.BI_КазначействоСервер.Модуль(616)}: Ошибка при вызове метода контекста (Записать): Не удалось записать: "Журнал проводок (бухгалтерский учет)"!',Context=Форма.Записать : Документ.ПлатежноеПоручениеИсходящее.Форма.ФормаДокумента
25:40.620000-0,EXCP,2,process=rphost,p:processName=bi_bk3wk1_prod_01,OSThread=3216,t:clientID=257,t:applicationName=1CV8C,t:computerName=DC1RDSH20,t:connectID=855,SessionID=801,Usr=Асарова Аида Мейрамбекқызы,AppID=1CV8C,Exception=580392e6-ba49-4280-ac67-fcd6f2180121,Descr='src\vrsbase\src\vresourceinfobaseimpl.cpp(1114):
580392e6-ba49-4280-ac67-fcd6f2180121: Неспецифицированная ошибка работы с ресурсом
Ошибка при выполнении запроса POST к ресурсу /e1cib/logForm:
afd2b550-0d52-4e03-b448-15ed68d87ac5
0d2200af-1696-4395-91e5-2872675e6d3d: Ошибка при выполнении обработчика - ''ОбработкаПроведения''
8d366056-4d5a-4d88-a207-0ae535b7d28e: {ОбщийМодуль.BI_КазначействоСервер.Модуль(623)}: Не удалось провести документ! По причине:  {ОбщийМодуль.BI_КазначействоСервер.Модуль(616)}: Ошибка при вызове метода контекста (Записать): Не удалось записать: "Журнал проводок (бухгалтерский учет)"!'
28:33.736014-0,EXCP,2,process=rphost,p:processName=bi_bk3wk1_prod_01,OSThread=6628,t:clientID=373,t:applicationName=1CV8C,t:computerName=DC2RDSH26,t:connectID=983,SessionID=939,Usr=Исаева Арайлым Ахмедуллаевна,AppID=1CV8C,Exception=SeanceContextException,Descr=Попытка получения неинициализированного значения параметра сеанса,Context='Система.ПолучитьФорму : Документ.РегламентированныйОтчет.ФормаОбъекта
Документ.РегламентированныйОтчет.Форма.ФормаДокумента.Форма : 21 : ПравоДоступаКОтчету = РегламентированнаяОтчетностьВызовСервера.ПравоДоступаКРегламентированномуОтчету(
	ОбщийМодуль.РегламентированнаяОтчетностьВызовСервера.Модуль : 22 : Если НЕ РегламентированнаяОтчетность.ЭтоВнешнийОтчет(ИдентификаторОтчета) Тогда // это внутренний отчет
		ОбщийМодуль.РегламентированнаяОтчетность.Модуль : 26 : Если ПризнакИспользованияВнешнегоОтчетаСУчетомКэша(НайденныйЭлемент) <> Истина
			ОбщийМодуль.РегламентированнаяОтчетность.Модуль : 1844 : Кэш = ПараметрыСеанса.ХранилищеПараметровВнешнихРегламентированныхОтчетов.Получить();'
30:56.959000-0,EXCP,2,process=rphost,p:processName=bi_bk3wk1_prod_01,OSThread=6352,t:clientID=106,t:applicationName=1CV8C,t:computerName=DC3RDSH05,t:connectID=639,SessionID=608,Usr=Есжанова Нургуль Муратовна,AppID=1CV8C,Exception=580392e6-ba49-4280-ac67-fcd6f2180121,Descr='src\vrsbase\src\vresourceinfobaseimpl.cpp(1114):
580392e6-ba49-4280-ac67-fcd6f2180121: Неспецифицированная ошибка работы с ресурсом
Ошибка при выполнении запроса POST к ресурсу /e1cib/dlist:
eece8795-ccc9-4865-8779-0482cfe4a31e: Параметры Отбора, Сортировки, Группировки или список отображаемых полей заданы неверно.
3ad43c2b-8b83-4498-9d87-0f6f50c20a52: Невозможно применить фиксированные настройки. Пересекаются элементы отбора.'
31:31.803000-0,QERR,2,process=rphost,p:processName=bi_bk3wk1_prod_01,OSThread=4712,t:clientID=106,t:applicationName=1CV8C,t:computerName=DC3RDSH05,t:connectID=639,SessionID=608,Usr=Есжанова Нургуль Муратовна,AppID=1CV8C,Descr='{(14, 31)}: Не задано значение параметра "Ссылка"
ЗаявкаНаЗакупТовары.Ссылка = <<?>>&Ссылка',Query='ВЫБРАТЬ РАЗРЕШЕННЫЕ
	ЗаявкаНаЗакупТовары.НомерСтроки КАК НомерСтроки,
	ЗаявкаНаЗакупТовары.Номенклатура КАК Номенклатура,
	ЗаявкаНаЗакупТовары.ТехническаяСпецификация КАК ТехническаяСпецификация,
	ЗаявкаНаЗакупТовары.ДатаПоставки КАК ДатаПоставки,
	ЗаявкаНаЗакупТовары.ЕдИз КАК ЕдИз,
	ЗаявкаНаЗакупТовары.НелеквидыПоОрганизации КАК НелеквидыПоОрганизации,
	ЗаявкаНаЗакупТовары.Количество КАК Количество,
	ЗаявкаНаЗакупТовары.ПроверкаНелеквида КАК ПроверкаНелеквида,
	ЗаявкаНаЗакупТовары.ПолноеНаименование КАК ПолноеНаименование
ИЗ
	Документ.ЗаявкаНаЗакуп.Товары КАК ЗаявкаНаЗакупТовары
ГДЕ
	ЗаявкаНаЗакупТовары.Ссылка = &Ссылка',Context=Система.ПолучитьФорму : Документ.ЗаявкаНаЗакуп.ФормаВыбора
41:09.670007-0,EXCP,2,process=rphost,p:processName=bi_bk3wk1_prod_01,OSThread=7152,t:clientID=106,t:applicationName=1CV8C,t:computerName=DC3RDSH05,t:connectID=639,SessionID=608,Usr=Есжанова Нургуль Муратовна,AppID=1CV8C,Exception=afd2b550-0d52-4e03-b448-15ed68d87ac5,Descr='src\basic\src\documentlogformobjcontroller.cpp(884):
afd2b550-0d52-4e03-b448-15ed68d87ac5
0d2200af-1696-4395-91e5-2872675e6d3d: Не удалось провести "Поступление ТМЗ и услуг STK00001051 от 29.04.2020 10:00:00"!',Context=Форма.Записать : Документ.ПоступлениеТоваровУслуг.Форма.ФормаДокумента
41:09.732000-0,EXCP,2,process=rphost,p:processName=bi_bk3wk1_prod_01,OSThread=7152,t:clientID=106,t:applicationName=1CV8C,t:computerName=DC3RDSH05,t:connectID=639,SessionID=608,Usr=Есжанова Нургуль Муратовна,AppID=1CV8C,Exception=580392e6-ba49-4280-ac67-fcd6f2180121,Descr='src\vrsbase\src\vresourceinfobaseimpl.cpp(1114):
580392e6-ba49-4280-ac67-fcd6f2180121: Неспецифицированная ошибка работы с ресурсом
Ошибка при выполнении запроса POST к ресурсу /e1cib/logForm:
afd2b550-0d52-4e03-b448-15ed68d87ac5
0d2200af-1696-4395-91e5-2872675e6d3d: Не удалось провести "Поступление ТМЗ и услуг STK00001051 от 29.04.2020 10:00:00"!'
50:45.583016-0,EXCP,0,process=rphost,OSThread=3944,ClientID=375,Exception=NetDataExchangeException,Descr='server_addr=(2)10.224.32.217:50997 descr=2(0x00000002): Не удается найти указанный файл.  line=1149 file=d:\jenkins\ci_builder2\windowsbuild2\platform\src\rtrsrvc\src\dataexchangeserverimpl.cpp'
50:45.583017-0,EXCPCNTX,0,ClientComputerName=,ServerComputerName=,UserName=,ConnectString=
51:10.054019-0,ADMIN,3,process=rphost,p:processName=ServerJobExecutorContext,OSThread=2384,t:clientID=5,t:applicationName=JobScheduler,t:computerName=DC2BUHAPP11,Func=killClient,ClusterID=8aa94e2b-5d54-4b86-800b-79353ce39638,ConnectionID=bc5e910b-0226-479a-8057-07edaf615591,Mode=0,Ref=bi_bk3wk1_prod_01(bi_bk3wk1_prod_01),Host=DC2BUHAPP11,Connection=3093,Administrator=Unknown,Result=Success
51:36.007009-0,EXCP,2,process=rphost,p:processName=bi_bk3wk1_prod_01,OSThread=6796,t:clientID=606,t:applicationName=BackgroundJob,t:computerName=DC2BUHAPP11,t:connectID=3093,SessionID=3225,Usr=WK1_Сейдимова_Айнур,Exception=SeanceContextException,Descr='Сеанс отсутствует или удален
ID=cb0a2543-ce09-4d90-8c8b-8b7bb5d3601d, File=d:\jenkins\ci_builder2\windowsbuild2\platform\src\rserver\src\clusterdistribimpl.cpp(1439)'
51:36.007010-0,EXCP,2,process=rphost,p:processName=bi_bk3wk1_prod_01,OSThread=6796,t:clientID=606,t:applicationName=BackgroundJob,t:computerName=DC2BUHAPP11,t:connectID=3093,SessionID=3225,Usr=WK1_Сейдимова_Айнур,Exception=60c686dc-798f-4d17-aadb-a90156a16eb8,Descr='src\rserver\src\serverjobexecutor.cpp(1095):
60c686dc-798f-4d17-aadb-a90156a16eb8: Сеанс отсутствует или удален
ID=cb0a2543-ce09-4d90-8c8b-8b7bb5d3601d, File=d:\jenkins\ci_builder2\windowsbuild2\platform\src\rserver\src\clusterdistribimpl.cpp(1439)'
51:36.023002-0,EXCP,2,process=rphost,p:processName=bi_bk3wk1_prod_01,OSThread=6796,t:clientID=606,t:applicationName=BackgroundJob,t:computerName=DC2BUHAPP11,t:connectID=3093,SessionID=3225,Usr=WK1_Сейдимова_Айнур,Exception=SeanceContextException,Descr='Сеанс отсутствует или удален
ID=cb0a2543-ce09-4d90-8c8b-8b7bb5d3601d, File=d:\jenkins\ci_builder2\windowsbuild2\platform\src\rserver\src\clusterdistribimpl.cpp(1439)'
53:40.353022-0,EXCP,2,process=rphost,p:processName=bi_bk3wk1_prod_01,OSThread=4100,t:clientID=106,t:applicationName=1CV8C,t:computerName=DC3RDSH05,t:connectID=639,SessionID=608,Usr=Есжанова Нургуль Муратовна,AppID=1CV8C,Exception=afd2b550-0d52-4e03-b448-15ed68d87ac5,Descr='src\basic\src\documentlogformobjcontroller.cpp(884):
afd2b550-0d52-4e03-b448-15ed68d87ac5
0d2200af-1696-4395-91e5-2872675e6d3d: Не удалось провести "Поступление ТМЗ и услуг STK00001028 от 06.04.2020 10:00:00"!',Context=Форма.Записать : Документ.ПоступлениеТоваровУслуг.Форма.ФормаДокумента
53:40.431006-0,EXCP,2,process=rphost,p:processName=bi_bk3wk1_prod_01,OSThread=4100,t:clientID=106,t:applicationName=1CV8C,t:computerName=DC3RDSH05,t:connectID=639,SessionID=608,Usr=Есжанова Нургуль Муратовна,AppID=1CV8C,Exception=580392e6-ba49-4280-ac67-fcd6f2180121,Descr='src\vrsbase\src\vresourceinfobaseimpl.cpp(1114):
580392e6-ba49-4280-ac67-fcd6f2180121: Неспецифицированная ошибка работы с ресурсом
Ошибка при выполнении запроса POST к ресурсу /e1cib/logForm:
afd2b550-0d52-4e03-b448-15ed68d87ac5
0d2200af-1696-4395-91e5-2872675e6d3d: Не удалось провести "Поступление ТМЗ и услуг STK00001028 от 06.04.2020 10:00:00"!'
54:53.001002-0,EXCP,2,process=rphost,p:processName=bi_bk3wk1_prod_01,OSThread=6352,t:clientID=106,t:applicationName=1CV8C,t:computerName=DC3RDSH05,t:connectID=639,SessionID=608,Usr=Есжанова Нургуль Муратовна,AppID=1CV8C,Exception=SeanceContextException,Descr=Попытка получения неинициализированного значения параметра сеанса,Context='Система.ПолучитьФорму : Документ.РегламентированныйОтчет.ФормаОбъекта
Документ.РегламентированныйОтчет.Форма.ФормаДокумента.Форма : 21 : ПравоДоступаКОтчету = РегламентированнаяОтчетностьВызовСервера.ПравоДоступаКРегламентированномуОтчету(
	ОбщийМодуль.РегламентированнаяОтчетностьВызовСервера.Модуль : 22 : Если НЕ РегламентированнаяОтчетность.ЭтоВнешнийОтчет(ИдентификаторОтчета) Тогда // это внутренний отчет
		ОбщийМодуль.РегламентированнаяОтчетность.Модуль : 26 : Если ПризнакИспользованияВнешнегоОтчетаСУчетомКэша(НайденныйЭлемент) <> Истина
			ОбщийМодуль.РегламентированнаяОтчетность.Модуль : 1844 : Кэш = ПараметрыСеанса.ХранилищеПараметровВнешнихРегламентированныхОтчетов.Получить();'
56:01.687015-0,EXCP,6,process=rphost,p:processName=bi_bk3wk1_prod_01,OSThread=4100,t:clientID=257,t:applicationName=1CV8C,t:computerName=DC1RDSH20,t:connectID=855,SessionID=801,Usr=Асарова Аида Мейрамбекқызы,AppID=1CV8C,DBMS=DBMSSQL,DataBase=CLSBUHDB01\bi_bk3wk1_prod_01,dbpid=204,Exception=DataBaseException,Descr='Конфликт блокировок при выполнении транзакции:
Microsoft SQL Server Native Client 11.0: Lock request time out period exceeded.
HRESULT=80040E31, SQLSrvr: SQLSTATE=HYT00, state=38, Severity=10, native=1222, line=1
',Context='Форма.Записать : Документ.ПлатежноеПоручениеИсходящее.Форма.ФормаДокумента
ОбщийМодуль.BI_КазначействоСервер.Модуль : 616 : Источник.Движения.Записать();'
56:01.719027-0,EXCP,2,process=rphost,p:processName=bi_bk3wk1_prod_01,OSThread=4100,t:clientID=257,t:applicationName=1CV8C,t:computerName=DC1RDSH20,t:connectID=855,SessionID=801,Usr=Асарова Аида Мейрамбекқызы,AppID=1CV8C,Exception=afd2b550-0d52-4e03-b448-15ed68d87ac5,Descr='src\basic\src\documentlogformobjcontroller.cpp(871):
afd2b550-0d52-4e03-b448-15ed68d87ac5
dc31263e-ecbf-41bd-9b3a-7b55897d5fd6: Конфликт блокировок при выполнении транзакции:
Microsoft SQL Server Native Client 11.0: Lock request time out period exceeded.
HRESULT=80040E31, SQLSrvr: SQLSTATE=HYT00, state=38, Severity=10, native=1222, line=1
',Context=Форма.Записать : Документ.ПлатежноеПоручениеИсходящее.Форма.ФормаДокумента
56:01.812000-0,EXCP,2,process=rphost,p:processName=bi_bk3wk1_prod_01,OSThread=4100,t:clientID=257,t:applicationName=1CV8C,t:computerName=DC1RDSH20,t:connectID=855,SessionID=801,Usr=Асарова Аида Мейрамбекқызы,AppID=1CV8C,Exception=580392e6-ba49-4280-ac67-fcd6f2180121,Descr='src\vrsbase\src\vresourceinfobaseimpl.cpp(1114):
580392e6-ba49-4280-ac67-fcd6f2180121: Неспецифицированная ошибка работы с ресурсом
Ошибка при выполнении запроса POST к ресурсу /e1cib/logForm:
afd2b550-0d52-4e03-b448-15ed68d87ac5
dc31263e-ecbf-41bd-9b3a-7b55897d5fd6: Конфликт блокировок при выполнении транзакции:
Microsoft SQL Server Native Client 11.0: Lock request time out period exceeded.
HRESULT=80040E31, SQLSrvr: SQLSTATE=HYT00, state=38, Severity=10, native=1222, line=1
'
58:01.829011-0,EXCP,2,process=rphost,p:processName=bi_bk3wk1_prod_01,OSThread=3200,t:clientID=293,t:applicationName=1CV8C,t:computerName=DC2RDSH29,t:connectID=894,SessionID=845,Usr=Турсынбекова Дана Кияковна,AppID=1CV8C,Exception=afd2b550-0d52-4e03-b448-15ed68d87ac5,Descr='src\basic\src\documentlogformobjcontroller.cpp(884):
afd2b550-0d52-4e03-b448-15ed68d87ac5
0d2200af-1696-4395-91e5-2872675e6d3d: Не удалось записать: "Журнал проводок (бухгалтерский учет)"!',Context=Форма.Записать : Документ.РаспределениеЗатрат.Форма.ФормаДокумента
58:01.860000-0,EXCP,2,process=rphost,p:processName=bi_bk3wk1_prod_01,OSThread=3200,t:clientID=293,t:applicationName=1CV8C,t:computerName=DC2RDSH29,t:connectID=894,SessionID=845,Usr=Турсынбекова Дана Кияковна,AppID=1CV8C,Exception=580392e6-ba49-4280-ac67-fcd6f2180121,Descr='src\vrsbase\src\vresourceinfobaseimpl.cpp(1114):
580392e6-ba49-4280-ac67-fcd6f2180121: Неспецифицированная ошибка работы с ресурсом
Ошибка при выполнении запроса POST к ресурсу /e1cib/logForm:
afd2b550-0d52-4e03-b448-15ed68d87ac5
0d2200af-1696-4395-91e5-2872675e6d3d: Не удалось записать: "Журнал проводок (бухгалтерский учет)"!'
58:32.922005-0,ADMIN,2,process=rphost,p:processName=ServerJobExecutorContext,OSThread=2384,t:clientID=611,t:applicationName=JobScheduler,t:computerName=DC2BUHAPP11,Func=killClient,ClusterID=8aa94e2b-5d54-4b86-800b-79353ce39638,ConnectionID=0c210eab-a2a7-47d7-a6fc-760c1ef06ac1,Mode=0,Ref=bi_bk3wk1_prod_01(bi_bk3wk1_prod_01),Host=DC2BUHAPP11,Connection=3178,Administrator=Unknown,Result=Success
58:38.688030-0,EXCP,3,process=rphost,p:processName=bi_bk3wk1_prod_01,OSThread=3216,t:clientID=624,t:applicationName=BackgroundJob,t:computerName=DC2BUHAPP11,t:connectID=3178,SessionID=3339,Usr=Тулегенова Айдана Балтабаевна,Exception=SeanceContextException,Descr='Сеанс отсутствует или удален
ID=95319919-1146-4090-97ef-51d2eac5bb7a, File=d:\jenkins\ci_builder2\windowsbuild2\platform\src\rserver\src\clusterdistribimpl.cpp(1439)'
58:38.688032-0,EXCP,2,process=rphost,p:processName=bi_bk3wk1_prod_01,OSThread=3216,t:clientID=624,t:applicationName=BackgroundJob,t:computerName=DC2BUHAPP11,t:connectID=3178,SessionID=3339,Usr=Тулегенова Айдана Балтабаевна,Exception=60c686dc-798f-4d17-aadb-a90156a16eb8,Descr='src\rserver\src\rmngrcalls.cpp(476):
60c686dc-798f-4d17-aadb-a90156a16eb8: Сеанс отсутствует или удален
ID=95319919-1146-4090-97ef-51d2eac5bb7a, File=d:\jenkins\ci_builder2\windowsbuild2\platform\src\rserver\src\clusterdistribimpl.cpp(1439)'
58:38.891001-0,EXCP,2,process=rphost,p:processName=bi_bk3wk1_prod_01,OSThread=3216,t:clientID=624,t:applicationName=BackgroundJob,t:computerName=DC2BUHAPP11,t:connectID=3178,SessionID=3339,Usr=Тулегенова Айдана Балтабаевна,Exception=SeanceContextException,Descr='Сеанс отсутствует или удален
ID=95319919-1146-4090-97ef-51d2eac5bb7a, File=d:\jenkins\ci_builder2\windowsbuild2\platform\src\rserver\src\rmngrcalls.cpp(364)'
58:38.891002-0,EXCP,2,process=rphost,p:processName=bi_bk3wk1_prod_01,OSThread=3216,t:clientID=624,t:applicationName=BackgroundJob,t:computerName=DC2BUHAPP11,t:connectID=3178,SessionID=3339,Usr=Тулегенова Айдана Балтабаевна,Exception=60c686dc-798f-4d17-aadb-a90156a16eb8,Descr='src\rserver\src\serverjobexecutor.cpp(1095):
60c686dc-798f-4d17-aadb-a90156a16eb8: Сеанс отсутствует или удален
ID=95319919-1146-4090-97ef-51d2eac5bb7a, File=d:\jenkins\ci_builder2\windowsbuild2\platform\src\rserver\src\rmngrcalls.cpp(364)'
58:38.891004-0,EXCP,3,process=rphost,p:processName=bi_bk3wk1_prod_01,OSThread=3216,t:clientID=624,t:applicationName=BackgroundJob,t:computerName=DC2BUHAPP11,t:connectID=3178,SessionID=3339,Usr=Тулегенова Айдана Балтабаевна,Exception=SeanceContextException,Descr='Сеанс отсутствует или удален
ID=95319919-1146-4090-97ef-51d2eac5bb7a, File=d:\jenkins\ci_builder2\windowsbuild2\platform\src\rserver\src\clusterdistribimpl.cpp(1439)'
58:38.891006-0,EXCP,2,process=rphost,p:processName=bi_bk3wk1_prod_01,OSThread=3216,t:clientID=624,t:applicationName=BackgroundJob,t:computerName=DC2BUHAPP11,t:connectID=3178,SessionID=3339,Usr=Тулегенова Айдана Балтабаевна,Exception=60c686dc-798f-4d17-aadb-a90156a16eb8,Descr='src\rserver\src\rmngrcalls.cpp(476):
60c686dc-798f-4d17-aadb-a90156a16eb8: Сеанс отсутствует или удален
ID=95319919-1146-4090-97ef-51d2eac5bb7a, File=d:\jenkins\ci_builder2\windowsbuild2\platform\src\rserver\src\clusterdistribimpl.cpp(1439)'
58:39.094000-0,EXCP,2,process=rphost,p:processName=bi_bk3wk1_prod_01,OSThread=3216,t:clientID=624,t:applicationName=BackgroundJob,t:computerName=DC2BUHAPP11,t:connectID=3178,SessionID=3339,Usr=Тулегенова Айдана Балтабаевна,Exception=SeanceContextException,Descr='Сеанс отсутствует или удален
ID=95319919-1146-4090-97ef-51d2eac5bb7a, File=d:\jenkins\ci_builder2\windowsbuild2\platform\src\rserver\src\rmngrcalls.cpp(364)'
