02:50.843011-0,EXCP,2,process=rphost,p:processName=bi_bk3wk1_prod_01,OSThread=9040,t:clientID=1846,t:applicationName=1CV8C,t:computerName=DC1RDSH07,t:connectID=10789,SessionID=2675,Usr=WK1_Журабеков_Жаснур_Абаевич,AppID=1CV8C,Exception=afd2b550-0d52-4e03-b448-15ed68d87ac5,Descr='src\basic\src\documentlogformobjcontroller.cpp(884):
afd2b550-0d52-4e03-b448-15ed68d87ac5
0d2200af-1696-4395-91e5-2872675e6d3d: Не удалось провести "Поступление ТМЗ и услуг KR100002874 от 20.04.2020 10:00:00"!',Context=Форма.Записать : Документ.ПоступлениеТоваровУслуг.Форма.ФормаДокумента
02:50.936000-0,EXCP,2,process=rphost,p:processName=bi_bk3wk1_prod_01,OSThread=9040,t:clientID=1846,t:applicationName=1CV8C,t:computerName=DC1RDSH07,t:connectID=10789,SessionID=2675,Usr=WK1_Журабеков_Жаснур_Абаевич,AppID=1CV8C,Exception=580392e6-ba49-4280-ac67-fcd6f2180121,Descr='src\vrsbase\src\vresourceinfobaseimpl.cpp(1114):
580392e6-ba49-4280-ac67-fcd6f2180121: Неспецифицированная ошибка работы с ресурсом
Ошибка при выполнении запроса POST к ресурсу /e1cib/logForm:
afd2b550-0d52-4e03-b448-15ed68d87ac5
0d2200af-1696-4395-91e5-2872675e6d3d: Не удалось провести "Поступление ТМЗ и услуг KR100002874 от 20.04.2020 10:00:00"!'
02:56.155015-0,EXCP,2,process=rphost,p:processName=bi_bk3wk1_prod_01,OSThread=6796,t:clientID=1292,t:applicationName=1CV8C,t:computerName=DC1RDSH05,t:connectID=8924,SessionID=774,Usr=WK1_Умаргалиев_Рустем_Серикович,AppID=1CV8C,Exception=afd2b550-0d52-4e03-b448-15ed68d87ac5,Descr='src\basic\src\documentlogformobjcontroller.cpp(884):
afd2b550-0d52-4e03-b448-15ed68d87ac5
0d2200af-1696-4395-91e5-2872675e6d3d: Не удалось провести "Заявка на оплату KPO00001069 от 04.05.2020 17:02:53"!',Context=Форма.Записать : Документ.ЗаявкаНаОплату.Форма.ФормаДокумента
02:56.202000-0,EXCP,2,process=rphost,p:processName=bi_bk3wk1_prod_01,OSThread=6796,t:clientID=1292,t:applicationName=1CV8C,t:computerName=DC1RDSH05,t:connectID=8924,SessionID=774,Usr=WK1_Умаргалиев_Рустем_Серикович,AppID=1CV8C,Exception=580392e6-ba49-4280-ac67-fcd6f2180121,Descr='src\vrsbase\src\vresourceinfobaseimpl.cpp(1114):
580392e6-ba49-4280-ac67-fcd6f2180121: Неспецифицированная ошибка работы с ресурсом
Ошибка при выполнении запроса POST к ресурсу /e1cib/logForm:
afd2b550-0d52-4e03-b448-15ed68d87ac5
0d2200af-1696-4395-91e5-2872675e6d3d: Не удалось провести "Заявка на оплату KPO00001069 от 04.05.2020 17:02:53"!'
03:17.421015-0,EXCP,2,process=rphost,p:processName=bi_bk3wk1_prod_01,OSThread=9040,t:clientID=1292,t:applicationName=1CV8C,t:computerName=DC1RDSH05,t:connectID=8924,SessionID=774,Usr=WK1_Умаргалиев_Рустем_Серикович,AppID=1CV8C,Exception=afd2b550-0d52-4e03-b448-15ed68d87ac5,Descr='src\basic\src\documentlogformobjcontroller.cpp(884):
afd2b550-0d52-4e03-b448-15ed68d87ac5
0d2200af-1696-4395-91e5-2872675e6d3d: Не удалось провести "Заявка на оплату KPO00001069 от 04.05.2020 17:03:13"!',Context=Форма.Записать : Документ.ЗаявкаНаОплату.Форма.ФормаДокумента
03:17.468000-0,EXCP,2,process=rphost,p:processName=bi_bk3wk1_prod_01,OSThread=9040,t:clientID=1292,t:applicationName=1CV8C,t:computerName=DC1RDSH05,t:connectID=8924,SessionID=774,Usr=WK1_Умаргалиев_Рустем_Серикович,AppID=1CV8C,Exception=580392e6-ba49-4280-ac67-fcd6f2180121,Descr='src\vrsbase\src\vresourceinfobaseimpl.cpp(1114):
580392e6-ba49-4280-ac67-fcd6f2180121: Неспецифицированная ошибка работы с ресурсом
Ошибка при выполнении запроса POST к ресурсу /e1cib/logForm:
afd2b550-0d52-4e03-b448-15ed68d87ac5
0d2200af-1696-4395-91e5-2872675e6d3d: Не удалось провести "Заявка на оплату KPO00001069 от 04.05.2020 17:03:13"!'
06:31.655009-0,EXCP,2,process=rphost,p:processName=bi_bk3wk1_prod_01,OSThread=7576,t:clientID=1292,t:applicationName=1CV8C,t:computerName=DC1RDSH05,t:connectID=8924,SessionID=774,Usr=WK1_Умаргалиев_Рустем_Серикович,AppID=1CV8C,Exception=afd2b550-0d52-4e03-b448-15ed68d87ac5,Descr='src\basic\src\documentlogformobjcontroller.cpp(884):
afd2b550-0d52-4e03-b448-15ed68d87ac5
0d2200af-1696-4395-91e5-2872675e6d3d: Не удалось провести "Заявка на оплату KPO00001069 от 04.05.2020 17:06:29"!',Context=Форма.Записать : Документ.ЗаявкаНаОплату.Форма.ФормаДокумента
06:31.686000-0,EXCP,2,process=rphost,p:processName=bi_bk3wk1_prod_01,OSThread=7576,t:clientID=1292,t:applicationName=1CV8C,t:computerName=DC1RDSH05,t:connectID=8924,SessionID=774,Usr=WK1_Умаргалиев_Рустем_Серикович,AppID=1CV8C,Exception=580392e6-ba49-4280-ac67-fcd6f2180121,Descr='src\vrsbase\src\vresourceinfobaseimpl.cpp(1114):
580392e6-ba49-4280-ac67-fcd6f2180121: Неспецифицированная ошибка работы с ресурсом
Ошибка при выполнении запроса POST к ресурсу /e1cib/logForm:
afd2b550-0d52-4e03-b448-15ed68d87ac5
0d2200af-1696-4395-91e5-2872675e6d3d: Не удалось провести "Заявка на оплату KPO00001069 от 04.05.2020 17:06:29"!'
06:42.076027-0,EXCP,2,process=rphost,p:processName=bi_bk3wk1_prod_01,OSThread=5200,t:clientID=1292,t:applicationName=1CV8C,t:computerName=DC1RDSH05,t:connectID=8924,SessionID=774,Usr=WK1_Умаргалиев_Рустем_Серикович,AppID=1CV8C,Exception=afd2b550-0d52-4e03-b448-15ed68d87ac5,Descr='src\basic\src\documentlogformobjcontroller.cpp(884):
afd2b550-0d52-4e03-b448-15ed68d87ac5
0d2200af-1696-4395-91e5-2872675e6d3d: Не удалось провести "Заявка на оплату KPO00001069 от 04.05.2020 17:06:39"!',Context=Форма.Записать : Документ.ЗаявкаНаОплату.Форма.ФормаДокумента
06:42.123000-0,EXCP,2,process=rphost,p:processName=bi_bk3wk1_prod_01,OSThread=5200,t:clientID=1292,t:applicationName=1CV8C,t:computerName=DC1RDSH05,t:connectID=8924,SessionID=774,Usr=WK1_Умаргалиев_Рустем_Серикович,AppID=1CV8C,Exception=580392e6-ba49-4280-ac67-fcd6f2180121,Descr='src\vrsbase\src\vresourceinfobaseimpl.cpp(1114):
580392e6-ba49-4280-ac67-fcd6f2180121: Неспецифицированная ошибка работы с ресурсом
Ошибка при выполнении запроса POST к ресурсу /e1cib/logForm:
afd2b550-0d52-4e03-b448-15ed68d87ac5
0d2200af-1696-4395-91e5-2872675e6d3d: Не удалось провести "Заявка на оплату KPO00001069 от 04.05.2020 17:06:39"!'
09:54.990011-0,EXCP,2,process=rphost,p:processName=bi_bk3wk1_prod_01,OSThread=7576,t:clientID=1846,t:applicationName=1CV8C,t:computerName=DC1RDSH07,t:connectID=10789,SessionID=2675,Usr=WK1_Журабеков_Жаснур_Абаевич,AppID=1CV8C,Exception=afd2b550-0d52-4e03-b448-15ed68d87ac5,Descr='src\basic\src\documentlogformobjcontroller.cpp(884):
afd2b550-0d52-4e03-b448-15ed68d87ac5
0d2200af-1696-4395-91e5-2872675e6d3d: Не удалось провести "Поступление ТМЗ и услуг KR100002874 от 20.04.2020 10:00:00"!',Context=Форма.Записать : Документ.ПоступлениеТоваровУслуг.Форма.ФормаДокумента
09:55.099000-0,EXCP,2,process=rphost,p:processName=bi_bk3wk1_prod_01,OSThread=7576,t:clientID=1846,t:applicationName=1CV8C,t:computerName=DC1RDSH07,t:connectID=10789,SessionID=2675,Usr=WK1_Журабеков_Жаснур_Абаевич,AppID=1CV8C,Exception=580392e6-ba49-4280-ac67-fcd6f2180121,Descr='src\vrsbase\src\vresourceinfobaseimpl.cpp(1114):
580392e6-ba49-4280-ac67-fcd6f2180121: Неспецифицированная ошибка работы с ресурсом
Ошибка при выполнении запроса POST к ресурсу /e1cib/logForm:
afd2b550-0d52-4e03-b448-15ed68d87ac5
0d2200af-1696-4395-91e5-2872675e6d3d: Не удалось провести "Поступление ТМЗ и услуг KR100002874 от 20.04.2020 10:00:00"!'
11:11.631001-0,EXCP,0,process=rphost,OSThread=4260,ClientID=1105,Exception=NetDataExchangeException,Descr='server_addr=(2)10.224.32.240:63770 descr=10054(0x00002746): Удаленный хост принудительно разорвал существующее подключение.  line=1149 file=d:\jenkins\ci_builder2\windowsbuild2\platform\src\rtrsrvc\src\dataexchangeserverimpl.cpp'
11:11.631002-0,EXCPCNTX,0,ClientComputerName=,ServerComputerName=,UserName=,ConnectString=
11:11.631004-0,EXCP,0,process=rphost,OSThread=4260,ClientID=1121,Exception=NetDataExchangeException,Descr='server_addr=(2)10.224.32.240:63866 descr=10054(0x00002746): Удаленный хост принудительно разорвал существующее подключение.  line=1149 file=d:\jenkins\ci_builder2\windowsbuild2\platform\src\rtrsrvc\src\dataexchangeserverimpl.cpp'
11:11.631005-0,EXCPCNTX,0,ClientComputerName=,ServerComputerName=,UserName=,ConnectString=
13:32.133012-0,ADMIN,2,process=rphost,p:processName=ServerJobExecutorContext,OSThread=2384,t:clientID=1273,t:applicationName=JobScheduler,t:computerName=DC2BUHAPP11,Func=killClient,ClusterID=8aa94e2b-5d54-4b86-800b-79353ce39638,ConnectionID=b052e883-f3c5-4d60-b521-28d16e7dbafb,Mode=0,Ref=bi_bk3wk1_prod_01(bi_bk3wk1_prod_01),Host=DC2BUHAPP11,Connection=11429,Administrator=Unknown,Result=Success
13:33.165005-0,EXCP,3,process=rphost,p:processName=bi_bk3wk1_prod_01,OSThread=8036,t:clientID=1887,t:applicationName=BackgroundJob,t:computerName=DC2BUHAPP11,t:connectID=11429,SessionID=3760,Usr=Есжанова Нургуль Муратовна,Exception=SeanceContextException,Descr='Сеанс отсутствует или удален
ID=ea314050-c62b-4f2d-b338-91ba24281d47, File=d:\jenkins\ci_builder2\windowsbuild2\platform\src\rserver\src\clusterdistribimpl.cpp(1439)'
13:33.165007-0,EXCP,2,process=rphost,p:processName=bi_bk3wk1_prod_01,OSThread=8036,t:clientID=1887,t:applicationName=BackgroundJob,t:computerName=DC2BUHAPP11,t:connectID=11429,SessionID=3760,Usr=Есжанова Нургуль Муратовна,Exception=60c686dc-798f-4d17-aadb-a90156a16eb8,Descr='src\rserver\src\rmngrcalls.cpp(476):
60c686dc-798f-4d17-aadb-a90156a16eb8: Сеанс отсутствует или удален
ID=ea314050-c62b-4f2d-b338-91ba24281d47, File=d:\jenkins\ci_builder2\windowsbuild2\platform\src\rserver\src\clusterdistribimpl.cpp(1439)'
13:33.368001-0,EXCP,2,process=rphost,p:processName=bi_bk3wk1_prod_01,OSThread=8036,t:clientID=1887,t:applicationName=BackgroundJob,t:computerName=DC2BUHAPP11,t:connectID=11429,SessionID=3760,Usr=Есжанова Нургуль Муратовна,Exception=SeanceContextException,Descr='Сеанс отсутствует или удален
ID=ea314050-c62b-4f2d-b338-91ba24281d47, File=d:\jenkins\ci_builder2\windowsbuild2\platform\src\rserver\src\rmngrcalls.cpp(364)'
13:33.368002-0,EXCP,2,process=rphost,p:processName=bi_bk3wk1_prod_01,OSThread=8036,t:clientID=1887,t:applicationName=BackgroundJob,t:computerName=DC2BUHAPP11,t:connectID=11429,SessionID=3760,Usr=Есжанова Нургуль Муратовна,Exception=60c686dc-798f-4d17-aadb-a90156a16eb8,Descr='src\rserver\src\serverjobexecutor.cpp(1095):
60c686dc-798f-4d17-aadb-a90156a16eb8: Сеанс отсутствует или удален
ID=ea314050-c62b-4f2d-b338-91ba24281d47, File=d:\jenkins\ci_builder2\windowsbuild2\platform\src\rserver\src\rmngrcalls.cpp(364)'
13:33.368004-0,EXCP,3,process=rphost,p:processName=bi_bk3wk1_prod_01,OSThread=8036,t:clientID=1887,t:applicationName=BackgroundJob,t:computerName=DC2BUHAPP11,t:connectID=11429,SessionID=3760,Usr=Есжанова Нургуль Муратовна,Exception=SeanceContextException,Descr='Сеанс отсутствует или удален
ID=ea314050-c62b-4f2d-b338-91ba24281d47, File=d:\jenkins\ci_builder2\windowsbuild2\platform\src\rserver\src\clusterdistribimpl.cpp(1439)'
13:33.368006-0,EXCP,2,process=rphost,p:processName=bi_bk3wk1_prod_01,OSThread=8036,t:clientID=1887,t:applicationName=BackgroundJob,t:computerName=DC2BUHAPP11,t:connectID=11429,SessionID=3760,Usr=Есжанова Нургуль Муратовна,Exception=60c686dc-798f-4d17-aadb-a90156a16eb8,Descr='src\rserver\src\rmngrcalls.cpp(476):
60c686dc-798f-4d17-aadb-a90156a16eb8: Сеанс отсутствует или удален
ID=ea314050-c62b-4f2d-b338-91ba24281d47, File=d:\jenkins\ci_builder2\windowsbuild2\platform\src\rserver\src\clusterdistribimpl.cpp(1439)'
13:33.571000-0,EXCP,2,process=rphost,p:processName=bi_bk3wk1_prod_01,OSThread=8036,t:clientID=1887,t:applicationName=BackgroundJob,t:computerName=DC2BUHAPP11,t:connectID=11429,SessionID=3760,Usr=Есжанова Нургуль Муратовна,Exception=SeanceContextException,Descr='Сеанс отсутствует или удален
ID=ea314050-c62b-4f2d-b338-91ba24281d47, File=d:\jenkins\ci_builder2\windowsbuild2\platform\src\rserver\src\rmngrcalls.cpp(364)'
16:08.947027-0,EXCP,2,process=rphost,p:processName=bi_bk3wk1_prod_01,OSThread=3612,t:clientID=1846,t:applicationName=1CV8C,t:computerName=DC1RDSH07,t:connectID=10789,SessionID=2675,Usr=WK1_Журабеков_Жаснур_Абаевич,AppID=1CV8C,Exception=afd2b550-0d52-4e03-b448-15ed68d87ac5,Descr='src\basic\src\documentlogformobjcontroller.cpp(884):
afd2b550-0d52-4e03-b448-15ed68d87ac5
0d2200af-1696-4395-91e5-2872675e6d3d: Не удалось провести "Поступление ТМЗ и услуг KR100002874 от 20.04.2020 10:00:00"!',Context=Форма.Записать : Документ.ПоступлениеТоваровУслуг.Форма.ФормаДокумента
16:09.056026-0,EXCP,2,process=rphost,p:processName=bi_bk3wk1_prod_01,OSThread=3612,t:clientID=1846,t:applicationName=1CV8C,t:computerName=DC1RDSH07,t:connectID=10789,SessionID=2675,Usr=WK1_Журабеков_Жаснур_Абаевич,AppID=1CV8C,Exception=580392e6-ba49-4280-ac67-fcd6f2180121,Descr='src\vrsbase\src\vresourceinfobaseimpl.cpp(1114):
580392e6-ba49-4280-ac67-fcd6f2180121: Неспецифицированная ошибка работы с ресурсом
Ошибка при выполнении запроса POST к ресурсу /e1cib/logForm:
afd2b550-0d52-4e03-b448-15ed68d87ac5
0d2200af-1696-4395-91e5-2872675e6d3d: Не удалось провести "Поступление ТМЗ и услуг KR100002874 от 20.04.2020 10:00:00"!'
16:13.431023-0,EXCP,2,process=rphost,p:processName=bi_bk3wk1_prod_01,OSThread=3216,t:clientID=1890,t:applicationName=1CV8C,t:computerName=DC2RDSH29,t:connectID=11456,SessionID=3810,Usr=Шнель Сергей Александрович,AppID=1CV8C,Exception=afd2b550-0d52-4e03-b448-15ed68d87ac5,Descr='src\basic\src\documentlogformobjcontroller.cpp(884):
afd2b550-0d52-4e03-b448-15ed68d87ac5
0d2200af-1696-4395-91e5-2872675e6d3d: Не удалось провести "Заявка на оплату KPO00001058 от 04.05.2020 17:16:09"!',Context=Форма.Записать : Документ.ЗаявкаНаОплату.Форма.ФормаДокумента
16:13.463000-0,EXCP,2,process=rphost,p:processName=bi_bk3wk1_prod_01,OSThread=3216,t:clientID=1890,t:applicationName=1CV8C,t:computerName=DC2RDSH29,t:connectID=11456,SessionID=3810,Usr=Шнель Сергей Александрович,AppID=1CV8C,Exception=580392e6-ba49-4280-ac67-fcd6f2180121,Descr='src\vrsbase\src\vresourceinfobaseimpl.cpp(1114):
580392e6-ba49-4280-ac67-fcd6f2180121: Неспецифицированная ошибка работы с ресурсом
Ошибка при выполнении запроса POST к ресурсу /e1cib/logForm:
afd2b550-0d52-4e03-b448-15ed68d87ac5
0d2200af-1696-4395-91e5-2872675e6d3d: Не удалось провести "Заявка на оплату KPO00001058 от 04.05.2020 17:16:09"!'
18:42.227027-0,EXCP,2,process=rphost,p:processName=bi_bk3wk1_prod_01,OSThread=964,t:clientID=1890,t:applicationName=1CV8C,t:computerName=DC2RDSH29,t:connectID=11456,SessionID=3810,Usr=Шнель Сергей Александрович,AppID=1CV8C,Exception=afd2b550-0d52-4e03-b448-15ed68d87ac5,Descr='src\basic\src\documentlogformobjcontroller.cpp(884):
afd2b550-0d52-4e03-b448-15ed68d87ac5
0d2200af-1696-4395-91e5-2872675e6d3d: Не удалось провести "Заявка на оплату KPO00001058 от 04.05.2020 17:18:38"!',Context=Форма.Записать : Документ.ЗаявкаНаОплату.Форма.ФормаДокумента
18:42.290001-0,EXCP,2,process=rphost,p:processName=bi_bk3wk1_prod_01,OSThread=964,t:clientID=1890,t:applicationName=1CV8C,t:computerName=DC2RDSH29,t:connectID=11456,SessionID=3810,Usr=Шнель Сергей Александрович,AppID=1CV8C,Exception=580392e6-ba49-4280-ac67-fcd6f2180121,Descr='src\vrsbase\src\vresourceinfobaseimpl.cpp(1114):
580392e6-ba49-4280-ac67-fcd6f2180121: Неспецифицированная ошибка работы с ресурсом
Ошибка при выполнении запроса POST к ресурсу /e1cib/logForm:
afd2b550-0d52-4e03-b448-15ed68d87ac5
0d2200af-1696-4395-91e5-2872675e6d3d: Не удалось провести "Заявка на оплату KPO00001058 от 04.05.2020 17:18:38"!'
19:01.493019-0,EXCP,2,process=rphost,p:processName=bi_bk3wk1_prod_01,OSThread=8404,t:clientID=1890,t:applicationName=1CV8C,t:computerName=DC2RDSH29,t:connectID=11456,SessionID=3810,Usr=Шнель Сергей Александрович,AppID=1CV8C,Exception=afd2b550-0d52-4e03-b448-15ed68d87ac5,Descr='src\basic\src\documentlogformobjcontroller.cpp(884):
afd2b550-0d52-4e03-b448-15ed68d87ac5
0d2200af-1696-4395-91e5-2872675e6d3d: Не удалось провести "Заявка на оплату KPO00001058 от 04.05.2020 17:18:57"!',Context=Форма.Записать : Документ.ЗаявкаНаОплату.Форма.ФормаДокумента
19:01.524000-0,EXCP,2,process=rphost,p:processName=bi_bk3wk1_prod_01,OSThread=8404,t:clientID=1890,t:applicationName=1CV8C,t:computerName=DC2RDSH29,t:connectID=11456,SessionID=3810,Usr=Шнель Сергей Александрович,AppID=1CV8C,Exception=580392e6-ba49-4280-ac67-fcd6f2180121,Descr='src\vrsbase\src\vresourceinfobaseimpl.cpp(1114):
580392e6-ba49-4280-ac67-fcd6f2180121: Неспецифицированная ошибка работы с ресурсом
Ошибка при выполнении запроса POST к ресурсу /e1cib/logForm:
afd2b550-0d52-4e03-b448-15ed68d87ac5
0d2200af-1696-4395-91e5-2872675e6d3d: Не удалось провести "Заявка на оплату KPO00001058 от 04.05.2020 17:18:57"!'
23:44.498016-0,EXCP,0,process=rphost,OSThread=6268,ClientID=1891,Exception=NetDataExchangeException,Descr='server_addr=(2)10.224.32.232:63002 descr=10054(0x00002746): Удаленный хост принудительно разорвал существующее подключение.  line=1149 file=d:\jenkins\ci_builder2\windowsbuild2\platform\src\rtrsrvc\src\dataexchangeserverimpl.cpp'
23:44.498017-0,EXCPCNTX,0,ClientComputerName=,ServerComputerName=,UserName=,ConnectString=
24:03.685007-0,ADMIN,2,process=rphost,p:processName=ServerJobExecutorContext,OSThread=2384,t:clientID=1895,t:applicationName=JobScheduler,t:computerName=DC2BUHAPP11,Func=killClient,ClusterID=8aa94e2b-5d54-4b86-800b-79353ce39638,ConnectionID=81e6d0f5-4152-4bc0-b334-29b7dd45c3e4,Mode=0,Ref=bi_bk3wk1_prod_01(bi_bk3wk1_prod_01),Host=DC2BUHAPP11,Connection=11584,Administrator=Unknown,Result=Success
24:03.998005-0,EXCP,3,process=rphost,p:processName=bi_bk3wk1_prod_01,OSThread=6796,t:clientID=1900,t:applicationName=BackgroundJob,t:computerName=DC2BUHAPP11,t:connectID=11584,SessionID=4342,Usr=Сеитказиев Кайсар Жоламанович,Exception=SeanceContextException,Descr='Сеанс отсутствует или удален
ID=33f63b39-2f42-4124-aad3-0a70925612fe, File=d:\jenkins\ci_builder2\windowsbuild2\platform\src\rserver\src\clusterdistribimpl.cpp(1439)'
24:03.998007-0,EXCP,2,process=rphost,p:processName=bi_bk3wk1_prod_01,OSThread=6796,t:clientID=1900,t:applicationName=BackgroundJob,t:computerName=DC2BUHAPP11,t:connectID=11584,SessionID=4342,Usr=Сеитказиев Кайсар Жоламанович,Exception=60c686dc-798f-4d17-aadb-a90156a16eb8,Descr='src\rserver\src\rmngrcalls.cpp(476):
60c686dc-798f-4d17-aadb-a90156a16eb8: Сеанс отсутствует или удален
ID=33f63b39-2f42-4124-aad3-0a70925612fe, File=d:\jenkins\ci_builder2\windowsbuild2\platform\src\rserver\src\clusterdistribimpl.cpp(1439)'
24:04.201000-0,EXCP,2,process=rphost,p:processName=bi_bk3wk1_prod_01,OSThread=6796,t:clientID=1900,t:applicationName=BackgroundJob,t:computerName=DC2BUHAPP11,t:connectID=11584,SessionID=4342,Usr=Сеитказиев Кайсар Жоламанович,Exception=SeanceContextException,Descr='Сеанс отсутствует или удален
ID=33f63b39-2f42-4124-aad3-0a70925612fe, File=d:\jenkins\ci_builder2\windowsbuild2\platform\src\rserver\src\rmngrcalls.cpp(364)'
24:04.201001-0,EXCP,2,process=rphost,p:processName=bi_bk3wk1_prod_01,OSThread=6796,t:clientID=1900,t:applicationName=BackgroundJob,t:computerName=DC2BUHAPP11,t:connectID=11584,SessionID=4342,Usr=Сеитказиев Кайсар Жоламанович,Exception=60c686dc-798f-4d17-aadb-a90156a16eb8,Descr='src\rserver\src\serverjobexecutor.cpp(1095):
60c686dc-798f-4d17-aadb-a90156a16eb8: Сеанс отсутствует или удален
ID=33f63b39-2f42-4124-aad3-0a70925612fe, File=d:\jenkins\ci_builder2\windowsbuild2\platform\src\rserver\src\rmngrcalls.cpp(364)'
24:04.201003-0,EXCP,3,process=rphost,p:processName=bi_bk3wk1_prod_01,OSThread=6796,t:clientID=1900,t:applicationName=BackgroundJob,t:computerName=DC2BUHAPP11,t:connectID=11584,SessionID=4342,Usr=Сеитказиев Кайсар Жоламанович,Exception=SeanceContextException,Descr='Сеанс отсутствует или удален
ID=33f63b39-2f42-4124-aad3-0a70925612fe, File=d:\jenkins\ci_builder2\windowsbuild2\platform\src\rserver\src\clusterdistribimpl.cpp(1439)'
24:04.201005-0,EXCP,2,process=rphost,p:processName=bi_bk3wk1_prod_01,OSThread=6796,t:clientID=1900,t:applicationName=BackgroundJob,t:computerName=DC2BUHAPP11,t:connectID=11584,SessionID=4342,Usr=Сеитказиев Кайсар Жоламанович,Exception=60c686dc-798f-4d17-aadb-a90156a16eb8,Descr='src\rserver\src\rmngrcalls.cpp(476):
60c686dc-798f-4d17-aadb-a90156a16eb8: Сеанс отсутствует или удален
ID=33f63b39-2f42-4124-aad3-0a70925612fe, File=d:\jenkins\ci_builder2\windowsbuild2\platform\src\rserver\src\clusterdistribimpl.cpp(1439)'
24:04.404000-0,EXCP,2,process=rphost,p:processName=bi_bk3wk1_prod_01,OSThread=6796,t:clientID=1900,t:applicationName=BackgroundJob,t:computerName=DC2BUHAPP11,t:connectID=11584,SessionID=4342,Usr=Сеитказиев Кайсар Жоламанович,Exception=SeanceContextException,Descr='Сеанс отсутствует или удален
ID=33f63b39-2f42-4124-aad3-0a70925612fe, File=d:\jenkins\ci_builder2\windowsbuild2\platform\src\rserver\src\rmngrcalls.cpp(364)'
26:00.482017-0,QERR,2,process=rphost,p:processName=bi_bk3wk1_prod_01,OSThread=7576,t:clientID=1846,t:applicationName=1CV8C,t:computerName=DC1RDSH07,t:connectID=10789,SessionID=2675,Usr=WK1_Журабеков_Жаснур_Абаевич,AppID=1CV8C,Descr='{(14, 31)}: Не задано значение параметра "Ссылка"
ЗаявкаНаЗакупТовары.Ссылка = <<?>>&Ссылка',Query='ВЫБРАТЬ РАЗРЕШЕННЫЕ
	ЗаявкаНаЗакупТовары.НомерСтроки КАК НомерСтроки,
	ЗаявкаНаЗакупТовары.Номенклатура КАК Номенклатура,
	ЗаявкаНаЗакупТовары.ТехническаяСпецификация КАК ТехническаяСпецификация,
	ЗаявкаНаЗакупТовары.ДатаПоставки КАК ДатаПоставки,
	ЗаявкаНаЗакупТовары.ЕдИз КАК ЕдИз,
	ЗаявкаНаЗакупТовары.НелеквидыПоОрганизации КАК НелеквидыПоОрганизации,
	ЗаявкаНаЗакупТовары.Количество КАК Количество,
	ЗаявкаНаЗакупТовары.ПроверкаНелеквида КАК ПроверкаНелеквида,
	ЗаявкаНаЗакупТовары.ПолноеНаименование КАК ПолноеНаименование
ИЗ
	Документ.ЗаявкаНаЗакуп.Товары КАК ЗаявкаНаЗакупТовары
ГДЕ
	ЗаявкаНаЗакупТовары.Ссылка = &Ссылка',Context=Система.ПолучитьФорму : Документ.ЗаявкаНаЗакуп.ФормаВыбора
27:23.421005-0,ADMIN,2,process=rphost,p:processName=ServerJobExecutorContext,OSThread=2384,t:clientID=1895,t:applicationName=JobScheduler,t:computerName=DC2BUHAPP11,Func=killClient,ClusterID=8aa94e2b-5d54-4b86-800b-79353ce39638,ConnectionID=71c7365d-6d9f-458a-844e-32bbc32806f2,Mode=0,Ref=bi_bk3wk1_prod_01(bi_bk3wk1_prod_01),Host=DC2BUHAPP11,Connection=11643,Administrator=Unknown,Result=Success
27:23.859014-0,EXCP,3,process=rphost,p:processName=bi_bk3wk1_prod_01,OSThread=8404,t:clientID=1902,t:applicationName=BackgroundJob,t:computerName=DC2BUHAPP11,t:connectID=11643,SessionID=4708,Usr=Есжанова Нургуль Муратовна,Exception=SeanceContextException,Descr='Сеанс отсутствует или удален
ID=87437893-fff8-4959-be22-438695b9b7fb, File=d:\jenkins\ci_builder2\windowsbuild2\platform\src\rserver\src\clusterdistribimpl.cpp(1439)'
27:23.859016-0,EXCP,2,process=rphost,p:processName=bi_bk3wk1_prod_01,OSThread=8404,t:clientID=1902,t:applicationName=BackgroundJob,t:computerName=DC2BUHAPP11,t:connectID=11643,SessionID=4708,Usr=Есжанова Нургуль Муратовна,Exception=60c686dc-798f-4d17-aadb-a90156a16eb8,Descr='src\rserver\src\rmngrcalls.cpp(476):
60c686dc-798f-4d17-aadb-a90156a16eb8: Сеанс отсутствует или удален
ID=87437893-fff8-4959-be22-438695b9b7fb, File=d:\jenkins\ci_builder2\windowsbuild2\platform\src\rserver\src\clusterdistribimpl.cpp(1439)'
27:24.062000-0,EXCP,2,process=rphost,p:processName=bi_bk3wk1_prod_01,OSThread=8404,t:clientID=1902,t:applicationName=BackgroundJob,t:computerName=DC2BUHAPP11,t:connectID=11643,SessionID=4708,Usr=Есжанова Нургуль Муратовна,Exception=SeanceContextException,Descr='Сеанс отсутствует или удален
ID=87437893-fff8-4959-be22-438695b9b7fb, File=d:\jenkins\ci_builder2\windowsbuild2\platform\src\rserver\src\rmngrcalls.cpp(364)'
27:24.062001-0,EXCP,2,process=rphost,p:processName=bi_bk3wk1_prod_01,OSThread=8404,t:clientID=1902,t:applicationName=BackgroundJob,t:computerName=DC2BUHAPP11,t:connectID=11643,SessionID=4708,Usr=Есжанова Нургуль Муратовна,Exception=60c686dc-798f-4d17-aadb-a90156a16eb8,Descr='src\rserver\src\serverjobexecutor.cpp(1095):
60c686dc-798f-4d17-aadb-a90156a16eb8: Сеанс отсутствует или удален
ID=87437893-fff8-4959-be22-438695b9b7fb, File=d:\jenkins\ci_builder2\windowsbuild2\platform\src\rserver\src\rmngrcalls.cpp(364)'
27:24.062003-0,EXCP,3,process=rphost,p:processName=bi_bk3wk1_prod_01,OSThread=8404,t:clientID=1902,t:applicationName=BackgroundJob,t:computerName=DC2BUHAPP11,t:connectID=11643,SessionID=4708,Usr=Есжанова Нургуль Муратовна,Exception=SeanceContextException,Descr='Сеанс отсутствует или удален
ID=87437893-fff8-4959-be22-438695b9b7fb, File=d:\jenkins\ci_builder2\windowsbuild2\platform\src\rserver\src\clusterdistribimpl.cpp(1439)'
27:24.062005-0,EXCP,2,process=rphost,p:processName=bi_bk3wk1_prod_01,OSThread=8404,t:clientID=1902,t:applicationName=BackgroundJob,t:computerName=DC2BUHAPP11,t:connectID=11643,SessionID=4708,Usr=Есжанова Нургуль Муратовна,Exception=60c686dc-798f-4d17-aadb-a90156a16eb8,Descr='src\rserver\src\rmngrcalls.cpp(476):
60c686dc-798f-4d17-aadb-a90156a16eb8: Сеанс отсутствует или удален
ID=87437893-fff8-4959-be22-438695b9b7fb, File=d:\jenkins\ci_builder2\windowsbuild2\platform\src\rserver\src\clusterdistribimpl.cpp(1439)'
27:24.265000-0,EXCP,2,process=rphost,p:processName=bi_bk3wk1_prod_01,OSThread=8404,t:clientID=1902,t:applicationName=BackgroundJob,t:computerName=DC2BUHAPP11,t:connectID=11643,SessionID=4708,Usr=Есжанова Нургуль Муратовна,Exception=SeanceContextException,Descr='Сеанс отсутствует или удален
ID=87437893-fff8-4959-be22-438695b9b7fb, File=d:\jenkins\ci_builder2\windowsbuild2\platform\src\rserver\src\rmngrcalls.cpp(364)'
29:06.362000-0,EXCP,0,process=rphost,OSThread=6536,ClientID=1904,Exception=NetDataExchangeException,Descr='server_addr=(2)10.224.32.15:59503 descr=2(0x00000002): Не удается найти указанный файл.  line=1149 file=d:\jenkins\ci_builder2\windowsbuild2\platform\src\rtrsrvc\src\dataexchangeserverimpl.cpp'
29:06.362001-0,EXCPCNTX,0,ClientComputerName=,ServerComputerName=,UserName=,ConnectString=
29:08.377000-0,EXCP,0,process=rphost,OSThread=3944,ClientID=1905,Exception=NetDataExchangeException,Descr='server_addr=(2)10.224.32.15:59506 descr=2(0x00000002): Не удается найти указанный файл.  line=1149 file=d:\jenkins\ci_builder2\windowsbuild2\platform\src\rtrsrvc\src\dataexchangeserverimpl.cpp'
29:08.377001-0,EXCPCNTX,0,ClientComputerName=,ServerComputerName=,UserName=,ConnectString=
29:35.877000-0,QERR,2,process=rphost,p:processName=bi_bk3wk1_prod_01,OSThread=6796,t:clientID=1846,t:applicationName=1CV8C,t:computerName=DC1RDSH07,t:connectID=10789,SessionID=2675,Usr=WK1_Журабеков_Жаснур_Абаевич,AppID=1CV8C,Descr='{(14, 31)}: Не задано значение параметра "Ссылка"
ЗаявкаНаЗакупТовары.Ссылка = <<?>>&Ссылка',Query='ВЫБРАТЬ РАЗРЕШЕННЫЕ
	ЗаявкаНаЗакупТовары.НомерСтроки КАК НомерСтроки,
	ЗаявкаНаЗакупТовары.Номенклатура КАК Номенклатура,
	ЗаявкаНаЗакупТовары.ТехническаяСпецификация КАК ТехническаяСпецификация,
	ЗаявкаНаЗакупТовары.ДатаПоставки КАК ДатаПоставки,
	ЗаявкаНаЗакупТовары.ЕдИз КАК ЕдИз,
	ЗаявкаНаЗакупТовары.НелеквидыПоОрганизации КАК НелеквидыПоОрганизации,
	ЗаявкаНаЗакупТовары.Количество КАК Количество,
	ЗаявкаНаЗакупТовары.ПроверкаНелеквида КАК ПроверкаНелеквида,
	ЗаявкаНаЗакупТовары.ПолноеНаименование КАК ПолноеНаименование
ИЗ
	Документ.ЗаявкаНаЗакуп.Товары КАК ЗаявкаНаЗакупТовары
ГДЕ
	ЗаявкаНаЗакупТовары.Ссылка = &Ссылка',Context=Система.ПолучитьФорму : Документ.ЗаявкаНаЗакуп.ФормаВыбора
30:52.082000-0,QERR,2,process=rphost,p:processName=bi_bk3wk1_prod_01,OSThread=8036,t:clientID=1846,t:applicationName=1CV8C,t:computerName=DC1RDSH07,t:connectID=10789,SessionID=2675,Usr=WK1_Журабеков_Жаснур_Абаевич,AppID=1CV8C,Descr='{(14, 31)}: Не задано значение параметра "Ссылка"
ЗаявкаНаЗакупТовары.Ссылка = <<?>>&Ссылка',Query='ВЫБРАТЬ РАЗРЕШЕННЫЕ
	ЗаявкаНаЗакупТовары.НомерСтроки КАК НомерСтроки,
	ЗаявкаНаЗакупТовары.Номенклатура КАК Номенклатура,
	ЗаявкаНаЗакупТовары.ТехническаяСпецификация КАК ТехническаяСпецификация,
	ЗаявкаНаЗакупТовары.ДатаПоставки КАК ДатаПоставки,
	ЗаявкаНаЗакупТовары.ЕдИз КАК ЕдИз,
	ЗаявкаНаЗакупТовары.НелеквидыПоОрганизации КАК НелеквидыПоОрганизации,
	ЗаявкаНаЗакупТовары.Количество КАК Количество,
	ЗаявкаНаЗакупТовары.ПроверкаНелеквида КАК ПроверкаНелеквида,
	ЗаявкаНаЗакупТовары.ПолноеНаименование КАК ПолноеНаименование
ИЗ
	Документ.ЗаявкаНаЗакуп.Товары КАК ЗаявкаНаЗакупТовары
ГДЕ
	ЗаявкаНаЗакупТовары.Ссылка = &Ссылка',Context=Система.ПолучитьФорму : Документ.ЗаявкаНаЗакуп.ФормаВыбора
30:56.691014-0,QERR,2,process=rphost,p:processName=bi_bk3wk1_prod_01,OSThread=8036,t:clientID=1846,t:applicationName=1CV8C,t:computerName=DC1RDSH07,t:connectID=10789,SessionID=2675,Usr=WK1_Журабеков_Жаснур_Абаевич,AppID=1CV8C,Descr='{(14, 31)}: Не задано значение параметра "Ссылка"
ЗаявкаНаЗакупТовары.Ссылка = <<?>>&Ссылка',Query='ВЫБРАТЬ РАЗРЕШЕННЫЕ
	ЗаявкаНаЗакупТовары.НомерСтроки КАК НомерСтроки,
	ЗаявкаНаЗакупТовары.Номенклатура КАК Номенклатура,
	ЗаявкаНаЗакупТовары.ТехническаяСпецификация КАК ТехническаяСпецификация,
	ЗаявкаНаЗакупТовары.ДатаПоставки КАК ДатаПоставки,
	ЗаявкаНаЗакупТовары.ЕдИз КАК ЕдИз,
	ЗаявкаНаЗакупТовары.НелеквидыПоОрганизации КАК НелеквидыПоОрганизации,
	ЗаявкаНаЗакупТовары.Количество КАК Количество,
	ЗаявкаНаЗакупТовары.ПроверкаНелеквида КАК ПроверкаНелеквида,
	ЗаявкаНаЗакупТовары.ПолноеНаименование КАК ПолноеНаименование
ИЗ
	Документ.ЗаявкаНаЗакуп.Товары КАК ЗаявкаНаЗакупТовары
ГДЕ
	ЗаявкаНаЗакупТовары.Ссылка = &Ссылка',Context=Система.ПолучитьФорму : Документ.ЗаявкаНаЗакуп.ФормаВыбора
34:30.346000-0,EXCP,0,process=rphost,OSThread=5144,ClientID=1906,Exception=NetDataExchangeException,Descr='server_addr=(2)10.224.32.15:59526 descr=2(0x00000002): Не удается найти указанный файл.  line=1149 file=d:\jenkins\ci_builder2\windowsbuild2\platform\src\rtrsrvc\src\dataexchangeserverimpl.cpp'
34:30.346001-0,EXCPCNTX,0,ClientComputerName=,ServerComputerName=,UserName=,ConnectString=
34:30.549000-0,EXCP,0,process=rphost,OSThread=5536,ClientID=1910,Exception=NetDataExchangeException,Descr='server_addr=(2)10.224.32.15:59553 descr=2(0x00000002): Не удается найти указанный файл.  line=1149 file=d:\jenkins\ci_builder2\windowsbuild2\platform\src\rtrsrvc\src\dataexchangeserverimpl.cpp'
34:30.549001-0,EXCPCNTX,0,ClientComputerName=,ServerComputerName=,UserName=,ConnectString=
35:08.223002-0,EXCP,2,process=rphost,p:processName=bi_bk3wk1_prod_01,OSThread=9040,t:clientID=1903,t:applicationName=WebServerExtension,t:computerName=DC2CISWEB01,t:connectID=11648,SessionID=5177,Usr=WSDooc,Exception=Messages list is not empty!
35:56.068002-0,EXCP,0,process=rphost,OSThread=2900,ClientID=1911,Exception=NetDataExchangeException,Descr='server_addr=(2)10.224.32.15:59578 descr=2(0x00000002): Не удается найти указанный файл.  line=1149 file=d:\jenkins\ci_builder2\windowsbuild2\platform\src\rtrsrvc\src\dataexchangeserverimpl.cpp'
35:56.068003-0,EXCPCNTX,0,ClientComputerName=,ServerComputerName=,UserName=,ConnectString=
36:02.084000-0,EXCP,0,process=rphost,OSThread=4260,ClientID=1912,Exception=NetDataExchangeException,Descr='server_addr=(2)10.224.32.15:59599 descr=2(0x00000002): Не удается найти указанный файл.  line=1149 file=d:\jenkins\ci_builder2\windowsbuild2\platform\src\rtrsrvc\src\dataexchangeserverimpl.cpp'
36:02.084001-0,EXCPCNTX,0,ClientComputerName=,ServerComputerName=,UserName=,ConnectString=
36:06.099000-0,EXCP,0,process=rphost,OSThread=5536,ClientID=1913,Exception=NetDataExchangeException,Descr='server_addr=(2)10.224.32.15:59618 descr=2(0x00000002): Не удается найти указанный файл.  line=1149 file=d:\jenkins\ci_builder2\windowsbuild2\platform\src\rtrsrvc\src\dataexchangeserverimpl.cpp'
36:06.099001-0,EXCPCNTX,0,ClientComputerName=,ServerComputerName=,UserName=,ConnectString=
36:18.130001-0,EXCP,0,process=rphost,OSThread=6908,ClientID=1914,Exception=NetDataExchangeException,Descr='server_addr=(2)10.224.32.15:59636 descr=2(0x00000002): Не удается найти указанный файл.  line=1149 file=d:\jenkins\ci_builder2\windowsbuild2\platform\src\rtrsrvc\src\dataexchangeserverimpl.cpp'
36:18.130002-0,EXCPCNTX,0,ClientComputerName=,ServerComputerName=,UserName=,ConnectString=
36:52.271000-0,EXCP,0,process=rphost,OSThread=6908,ClientID=1915,Exception=NetDataExchangeException,Descr='server_addr=(2)10.224.32.15:59653 descr=2(0x00000002): Не удается найти указанный файл.  line=1149 file=d:\jenkins\ci_builder2\windowsbuild2\platform\src\rtrsrvc\src\dataexchangeserverimpl.cpp'
36:52.271001-0,EXCPCNTX,0,ClientComputerName=,ServerComputerName=,UserName=,ConnectString=
38:23.039000-0,EXCP,0,process=rphost,OSThread=1868,ClientID=1917,Exception=NetDataExchangeException,Descr='server_addr=(2)10.224.32.15:59670 descr=2(0x00000002): Не удается найти указанный файл.  line=1149 file=d:\jenkins\ci_builder2\windowsbuild2\platform\src\rtrsrvc\src\dataexchangeserverimpl.cpp'
38:23.039001-0,EXCPCNTX,0,ClientComputerName=,ServerComputerName=,UserName=,ConnectString=
38:23.211004-0,EXCP,0,process=rphost,OSThread=5144,ClientID=1918,Exception=NetDataExchangeException,Descr='server_addr=(2)10.224.32.15:59697 descr=2(0x00000002): Не удается найти указанный файл.  line=1149 file=d:\jenkins\ci_builder2\windowsbuild2\platform\src\rtrsrvc\src\dataexchangeserverimpl.cpp'
38:23.211005-0,EXCPCNTX,0,ClientComputerName=,ServerComputerName=,UserName=,ConnectString=
39:48.897016-0,EXCP,0,process=rphost,OSThread=6536,ClientID=1295,Exception=NetDataExchangeException,Descr='server_addr=(2)10.225.32.64:64257 descr=10054(0x00002746): Удаленный хост принудительно разорвал существующее подключение.  line=1149 file=d:\jenkins\ci_builder2\windowsbuild2\platform\src\rtrsrvc\src\dataexchangeserverimpl.cpp'
39:48.897017-0,EXCPCNTX,0,ClientComputerName=,ServerComputerName=,UserName=,ConnectString=
39:55.241021-0,ADMIN,2,process=rphost,p:processName=ServerJobExecutorContext,OSThread=2384,t:clientID=1909,t:applicationName=JobScheduler,t:computerName=DC2BUHAPP11,Func=killClient,ClusterID=8aa94e2b-5d54-4b86-800b-79353ce39638,ConnectionID=8c84c188-4e83-425e-9703-947584375988,Mode=0,Ref=bi_bk3wk1_prod_01(bi_bk3wk1_prod_01),Host=DC2BUHAPP11,Connection=11863,Administrator=Unknown,Result=Success
39:55.616000-0,EXCP,3,process=rphost,p:processName=bi_bk3wk1_prod_01,OSThread=4212,t:clientID=1924,t:applicationName=BackgroundJob,t:computerName=DC2BUHAPP11,t:connectID=11863,SessionID=5308,Usr=Жәкібаева Меруерт Бейбітқызы,Exception=SeanceContextException,Descr='Сеанс отсутствует или удален
ID=7c7467a5-fede-489b-afe1-01ae5869184b, File=d:\jenkins\ci_builder2\windowsbuild2\platform\src\rserver\src\clusterdistribimpl.cpp(1439)'
39:55.616002-0,EXCP,2,process=rphost,p:processName=bi_bk3wk1_prod_01,OSThread=4212,t:clientID=1924,t:applicationName=BackgroundJob,t:computerName=DC2BUHAPP11,t:connectID=11863,SessionID=5308,Usr=Жәкібаева Меруерт Бейбітқызы,Exception=60c686dc-798f-4d17-aadb-a90156a16eb8,Descr='src\rserver\src\rmngrcalls.cpp(476):
60c686dc-798f-4d17-aadb-a90156a16eb8: Сеанс отсутствует или удален
ID=7c7467a5-fede-489b-afe1-01ae5869184b, File=d:\jenkins\ci_builder2\windowsbuild2\platform\src\rserver\src\clusterdistribimpl.cpp(1439)'
39:55.819000-0,EXCP,2,process=rphost,p:processName=bi_bk3wk1_prod_01,OSThread=4212,t:clientID=1924,t:applicationName=BackgroundJob,t:computerName=DC2BUHAPP11,t:connectID=11863,SessionID=5308,Usr=Жәкібаева Меруерт Бейбітқызы,Exception=SeanceContextException,Descr='Сеанс отсутствует или удален
ID=7c7467a5-fede-489b-afe1-01ae5869184b, File=d:\jenkins\ci_builder2\windowsbuild2\platform\src\rserver\src\rmngrcalls.cpp(364)'
39:55.819001-0,EXCP,2,process=rphost,p:processName=bi_bk3wk1_prod_01,OSThread=4212,t:clientID=1924,t:applicationName=BackgroundJob,t:computerName=DC2BUHAPP11,t:connectID=11863,SessionID=5308,Usr=Жәкібаева Меруерт Бейбітқызы,Exception=60c686dc-798f-4d17-aadb-a90156a16eb8,Descr='src\rserver\src\serverjobexecutor.cpp(1095):
60c686dc-798f-4d17-aadb-a90156a16eb8: Сеанс отсутствует или удален
ID=7c7467a5-fede-489b-afe1-01ae5869184b, File=d:\jenkins\ci_builder2\windowsbuild2\platform\src\rserver\src\rmngrcalls.cpp(364)'
39:55.819003-0,EXCP,3,process=rphost,p:processName=bi_bk3wk1_prod_01,OSThread=4212,t:clientID=1924,t:applicationName=BackgroundJob,t:computerName=DC2BUHAPP11,t:connectID=11863,SessionID=5308,Usr=Жәкібаева Меруерт Бейбітқызы,Exception=SeanceContextException,Descr='Сеанс отсутствует или удален
ID=7c7467a5-fede-489b-afe1-01ae5869184b, File=d:\jenkins\ci_builder2\windowsbuild2\platform\src\rserver\src\clusterdistribimpl.cpp(1439)'
39:55.819005-0,EXCP,2,process=rphost,p:processName=bi_bk3wk1_prod_01,OSThread=4212,t:clientID=1924,t:applicationName=BackgroundJob,t:computerName=DC2BUHAPP11,t:connectID=11863,SessionID=5308,Usr=Жәкібаева Меруерт Бейбітқызы,Exception=60c686dc-798f-4d17-aadb-a90156a16eb8,Descr='src\rserver\src\rmngrcalls.cpp(476):
60c686dc-798f-4d17-aadb-a90156a16eb8: Сеанс отсутствует или удален
ID=7c7467a5-fede-489b-afe1-01ae5869184b, File=d:\jenkins\ci_builder2\windowsbuild2\platform\src\rserver\src\clusterdistribimpl.cpp(1439)'
39:56.022000-0,EXCP,2,process=rphost,p:processName=bi_bk3wk1_prod_01,OSThread=4212,t:clientID=1924,t:applicationName=BackgroundJob,t:computerName=DC2BUHAPP11,t:connectID=11863,SessionID=5308,Usr=Жәкібаева Меруерт Бейбітқызы,Exception=SeanceContextException,Descr='Сеанс отсутствует или удален
ID=7c7467a5-fede-489b-afe1-01ae5869184b, File=d:\jenkins\ci_builder2\windowsbuild2\platform\src\rserver\src\rmngrcalls.cpp(364)'
40:13.178002-0,EXCP,2,process=rphost,p:processName=bi_bk3wk1_prod_01,OSThread=3612,t:clientID=1903,t:applicationName=WebServerExtension,t:computerName=DC2CISWEB01,t:connectID=11648,SessionID=5319,Usr=WSDooc,Exception=Messages list is not empty!
43:08.301027-0,EXCP,2,process=rphost,p:processName=bi_bk3wk1_prod_01,OSThread=3612,t:clientID=1846,t:applicationName=1CV8C,t:computerName=DC1RDSH07,t:connectID=10789,SessionID=2675,Usr=WK1_Журабеков_Жаснур_Абаевич,AppID=1CV8C,Exception=afd2b550-0d52-4e03-b448-15ed68d87ac5,Descr='src\basic\src\documentlogformobjcontroller.cpp(884):
afd2b550-0d52-4e03-b448-15ed68d87ac5
0d2200af-1696-4395-91e5-2872675e6d3d: Не удалось провести "Поступление ТМЗ и услуг KR100002874 от 20.04.2020 10:00:00"!',Context=Форма.Записать : Документ.ПоступлениеТоваровУслуг.Форма.ФормаДокумента
43:08.379001-0,EXCP,2,process=rphost,p:processName=bi_bk3wk1_prod_01,OSThread=3612,t:clientID=1846,t:applicationName=1CV8C,t:computerName=DC1RDSH07,t:connectID=10789,SessionID=2675,Usr=WK1_Журабеков_Жаснур_Абаевич,AppID=1CV8C,Exception=580392e6-ba49-4280-ac67-fcd6f2180121,Descr='src\vrsbase\src\vresourceinfobaseimpl.cpp(1114):
580392e6-ba49-4280-ac67-fcd6f2180121: Неспецифицированная ошибка работы с ресурсом
Ошибка при выполнении запроса POST к ресурсу /e1cib/logForm:
afd2b550-0d52-4e03-b448-15ed68d87ac5
0d2200af-1696-4395-91e5-2872675e6d3d: Не удалось провести "Поступление ТМЗ и услуг KR100002874 от 20.04.2020 10:00:00"!'
44:39.304000-0,EXCP,0,process=rphost,OSThread=1868,ClientID=1919,Exception=NetDataExchangeException,Descr='server_addr=(2)10.224.32.15:59718 descr=2(0x00000002): Не удается найти указанный файл.  line=1149 file=d:\jenkins\ci_builder2\windowsbuild2\platform\src\rtrsrvc\src\dataexchangeserverimpl.cpp'
44:39.304001-0,EXCPCNTX,0,ClientComputerName=,ServerComputerName=,UserName=,ConnectString=
44:39.492000-0,EXCP,0,process=rphost,OSThread=6908,ClientID=1934,Exception=NetDataExchangeException,Descr='server_addr=(2)10.224.32.15:58484 descr=2(0x00000002): Не удается найти указанный файл.  line=1149 file=d:\jenkins\ci_builder2\windowsbuild2\platform\src\rtrsrvc\src\dataexchangeserverimpl.cpp'
44:39.492001-0,EXCPCNTX,0,ClientComputerName=,ServerComputerName=,UserName=,ConnectString=
45:00.461001-0,EXCP,0,process=rphost,OSThread=6268,ClientID=1935,Exception=NetDataExchangeException,Descr='server_addr=(2)10.224.32.15:58505 descr=2(0x00000002): Не удается найти указанный файл.  line=1149 file=d:\jenkins\ci_builder2\windowsbuild2\platform\src\rtrsrvc\src\dataexchangeserverimpl.cpp'
45:00.461002-0,EXCPCNTX,0,ClientComputerName=,ServerComputerName=,UserName=,ConnectString=
45:00.757000-0,EXCP,0,process=rphost,OSThread=5144,ClientID=1936,Exception=NetDataExchangeException,Descr='server_addr=(2)10.224.32.15:58526 descr=2(0x00000002): Не удается найти указанный файл.  line=1149 file=d:\jenkins\ci_builder2\windowsbuild2\platform\src\rtrsrvc\src\dataexchangeserverimpl.cpp'
45:00.757001-0,EXCPCNTX,0,ClientComputerName=,ServerComputerName=,UserName=,ConnectString=
45:08.132000-0,EXCP,0,process=rphost,OSThread=2900,ClientID=1937,Exception=NetDataExchangeException,Descr='server_addr=(2)10.224.32.15:58548 descr=2(0x00000002): Не удается найти указанный файл.  line=1149 file=d:\jenkins\ci_builder2\windowsbuild2\platform\src\rtrsrvc\src\dataexchangeserverimpl.cpp'
45:08.132001-0,EXCPCNTX,0,ClientComputerName=,ServerComputerName=,UserName=,ConnectString=
45:46.151001-0,EXCP,0,process=rphost,OSThread=5144,ClientID=669,Exception=NetDataExchangeException,Descr='server_addr=(2)10.3.172.8:53659 descr=10054(0x00002746): Удаленный хост принудительно разорвал существующее подключение.  line=1149 file=d:\jenkins\ci_builder2\windowsbuild2\platform\src\rtrsrvc\src\dataexchangeserverimpl.cpp'
45:46.151002-0,EXCPCNTX,0,ClientComputerName=,ServerComputerName=,UserName=,ConnectString=
45:46.151004-0,EXCP,0,process=rphost,OSThread=5144,ClientID=1049,Exception=NetDataExchangeException,Descr='server_addr=(2)10.3.172.8:58434 descr=10054(0x00002746): Удаленный хост принудительно разорвал существующее подключение.  line=1149 file=d:\jenkins\ci_builder2\windowsbuild2\platform\src\rtrsrvc\src\dataexchangeserverimpl.cpp'
45:46.151005-0,EXCPCNTX,0,ClientComputerName=,ServerComputerName=,UserName=,ConnectString=
46:02.245025-0,EXCP,2,process=rphost,p:processName=bi_bk3wk1_prod_01,OSThread=3612,t:clientID=1846,t:applicationName=1CV8C,t:computerName=DC1RDSH07,t:connectID=10789,SessionID=2675,Usr=WK1_Журабеков_Жаснур_Абаевич,AppID=1CV8C,Exception=afd2b550-0d52-4e03-b448-15ed68d87ac5,Descr='src\basic\src\documentlogformobjcontroller.cpp(884):
afd2b550-0d52-4e03-b448-15ed68d87ac5
0d2200af-1696-4395-91e5-2872675e6d3d: Не удалось провести "Поступление ТМЗ и услуг KR100002874 от 20.04.2020 10:00:00"!',Context=Форма.Записать : Документ.ПоступлениеТоваровУслуг.Форма.ФормаДокумента
46:02.339000-0,EXCP,2,process=rphost,p:processName=bi_bk3wk1_prod_01,OSThread=3612,t:clientID=1846,t:applicationName=1CV8C,t:computerName=DC1RDSH07,t:connectID=10789,SessionID=2675,Usr=WK1_Журабеков_Жаснур_Абаевич,AppID=1CV8C,Exception=580392e6-ba49-4280-ac67-fcd6f2180121,Descr='src\vrsbase\src\vresourceinfobaseimpl.cpp(1114):
580392e6-ba49-4280-ac67-fcd6f2180121: Неспецифицированная ошибка работы с ресурсом
Ошибка при выполнении запроса POST к ресурсу /e1cib/logForm:
afd2b550-0d52-4e03-b448-15ed68d87ac5
0d2200af-1696-4395-91e5-2872675e6d3d: Не удалось провести "Поступление ТМЗ и услуг KR100002874 от 20.04.2020 10:00:00"!'
54:37.875000-0,EXCP,0,process=rphost,OSThread=4400,ClientID=1938,Exception=NetDataExchangeException,Descr='server_addr=(2)10.224.32.15:58565 descr=2(0x00000002): Не удается найти указанный файл.  line=1149 file=d:\jenkins\ci_builder2\windowsbuild2\platform\src\rtrsrvc\src\dataexchangeserverimpl.cpp'
54:37.875001-0,EXCPCNTX,0,ClientComputerName=,ServerComputerName=,UserName=,ConnectString=
54:38.016000-0,EXCP,0,process=rphost,OSThread=3944,ClientID=2016,Exception=NetDataExchangeException,Descr='server_addr=(2)10.224.32.15:58602 descr=2(0x00000002): Не удается найти указанный файл.  line=1149 file=d:\jenkins\ci_builder2\windowsbuild2\platform\src\rtrsrvc\src\dataexchangeserverimpl.cpp'
54:38.016001-0,EXCPCNTX,0,ClientComputerName=,ServerComputerName=,UserName=,ConnectString=
54:38.407000-0,EXCP,0,process=rphost,OSThread=4988,ClientID=2017,Exception=NetDataExchangeException,Descr='server_addr=(2)10.224.32.15:58624 descr=2(0x00000002): Не удается найти указанный файл.  line=1149 file=d:\jenkins\ci_builder2\windowsbuild2\platform\src\rtrsrvc\src\dataexchangeserverimpl.cpp'
54:38.407001-0,EXCPCNTX,0,ClientComputerName=,ServerComputerName=,UserName=,ConnectString=
54:41.299001-0,EXCP,0,process=rphost,OSThread=6908,ClientID=2018,Exception=NetDataExchangeException,Descr='server_addr=(2)10.224.32.15:58640 descr=2(0x00000002): Не удается найти указанный файл.  line=1149 file=d:\jenkins\ci_builder2\windowsbuild2\platform\src\rtrsrvc\src\dataexchangeserverimpl.cpp'
54:41.299002-0,EXCPCNTX,0,ClientComputerName=,ServerComputerName=,UserName=,ConnectString=
54:41.612000-0,EXCP,0,process=rphost,OSThread=2900,ClientID=2019,Exception=NetDataExchangeException,Descr='server_addr=(2)10.224.32.15:58659 descr=2(0x00000002): Не удается найти указанный файл.  line=1149 file=d:\jenkins\ci_builder2\windowsbuild2\platform\src\rtrsrvc\src\dataexchangeserverimpl.cpp'
54:41.612001-0,EXCPCNTX,0,ClientComputerName=,ServerComputerName=,UserName=,ConnectString=
54:44.862001-0,EXCP,0,process=rphost,OSThread=1868,ClientID=2020,Exception=NetDataExchangeException,Descr='server_addr=(2)10.224.32.15:58680 descr=2(0x00000002): Не удается найти указанный файл.  line=1149 file=d:\jenkins\ci_builder2\windowsbuild2\platform\src\rtrsrvc\src\dataexchangeserverimpl.cpp'
54:44.862002-0,EXCPCNTX,0,ClientComputerName=,ServerComputerName=,UserName=,ConnectString=
54:45.112000-0,EXCP,0,process=rphost,OSThread=4260,ClientID=2021,Exception=NetDataExchangeException,Descr='server_addr=(2)10.224.32.15:58699 descr=2(0x00000002): Не удается найти указанный файл.  line=1149 file=d:\jenkins\ci_builder2\windowsbuild2\platform\src\rtrsrvc\src\dataexchangeserverimpl.cpp'
54:45.112001-0,EXCPCNTX,0,ClientComputerName=,ServerComputerName=,UserName=,ConnectString=
58:17.751005-0,ADMIN,2,process=rphost,p:processName=ServerJobExecutorContext,OSThread=2384,t:clientID=1909,t:applicationName=JobScheduler,t:computerName=DC2BUHAPP11,Func=killClient,ClusterID=8aa94e2b-5d54-4b86-800b-79353ce39638,ConnectionID=1bd980b5-8768-4540-adb9-190f4e746733,Mode=0,Ref=bi_bk3wk1_prod_01(bi_bk3wk1_prod_01),Host=DC2BUHAPP11,Connection=12201,Administrator=Unknown,Result=Success
58:17.751010-0,EXCP,4,process=rphost,p:processName=bi_bk3wk1_prod_01,OSThread=4212,t:clientID=2049,t:applicationName=BackgroundJob,t:computerName=DC2BUHAPP11,t:connectID=12201,SessionID=5689,Usr=Турсынбекова Дана Кияковна,Exception=95c658d1-d3d5-4ea9-8a81-1bf820fea4a8,Descr='src\rscalls\src\remotecalllistenerimpl.cpp(3793):
95c658d1-d3d5-4ea9-8a81-1bf820fea4a8: Сеанс работы завершен администратором.',Context='
ОбщийМодуль.ДлительныеОперации.Модуль : 652 : ВыполнитьПроцедуру(ВсеПараметры.ИмяПроцедуры, ВсеПараметры.ПараметрыПроцедуры);
	ОбщийМодуль.ДлительныеОперации.Модуль : 661 : ОбщегоНазначения.ВыполнитьМетодКонфигурации(ИмяПроцедуры, ПараметрыПроцедуры);
		ОбщийМодуль.ОбщегоНазначения.Модуль : 4795 : Выполнить ИмяМетода + "(" + ПараметрыСтрока + ")";
			 : 1 : Документы.ЗакрытиеМесяца.ПроведениеВФоне(Параметры[0],Параметры[1])
				Документ.ЗакрытиеМесяца.МодульМенеджера : 19 : ЗакрытиеМесяцаОбъект.Записать(РежимЗаписиДокумента.Проведение);
					Документ.ЗакрытиеМесяца.МодульОбъекта : 1014 : ПараметрыПроведения = Документы.ЗакрытиеМесяца.ПодготовитьПараметрыПроведения(ЭтотОбъект, УбранФлажокПереносНЗПБУ, УбранФлажокПереносНЗПНУ, Отказ);
						Документ.ЗакрытиеМесяца.МодульМенеджера : 455 : НалогоплательщикАкциза = ПроцедурыНалоговогоУчетаВызовСервераПовтИсп.ПолучитьНалогоплательщикаСтруктурнойЕдиницы(Реквизиты.СтруктурноеПодразделение,
							ОбщийМодуль.ПроцедурыНалоговогоУчетаВызовСервераПовтИсп.Модуль : 510 : ИсчислениеНалоговСтруктурныхЕдиниц =  ПолныеПраваПовтИсп.ЗаполнитьИсчислениеНалоговСтруктурныхЕдиниц();
								ОбщийМодуль.ПолныеПраваПовтИсп.Модуль : 117 : ЭлементСоответствияДляСтруктурнойЕдиницы = Результат[Выборка.СтруктурнаяЕдиница];'
58:18.048023-0,EXCP,2,process=rphost,p:processName=bi_bk3wk1_prod_01,OSThread=4212,t:clientID=2049,t:applicationName=BackgroundJob,t:computerName=DC2BUHAPP11,t:connectID=12201,SessionID=5689,Usr=Турсынбекова Дана Кияковна,Exception=95c658d1-d3d5-4ea9-8a81-1bf820fea4a8,Descr='src\rserver\src\serverjobexecutor.cpp(1024):
95c658d1-d3d5-4ea9-8a81-1bf820fea4a8: Сеанс работы завершен администратором.'
58:18.080000-0,EXCP,3,process=rphost,p:processName=bi_bk3wk1_prod_01,OSThread=4212,t:clientID=2049,t:applicationName=BackgroundJob,t:computerName=DC2BUHAPP11,t:connectID=12201,SessionID=5689,Usr=Турсынбекова Дана Кияковна,Exception=SeanceContextException,Descr='Сеанс отсутствует или удален
ID=7a6da4b4-c64f-415d-9340-c0e53851d198, File=d:\jenkins\ci_builder2\windowsbuild2\platform\src\rserver\src\clusterdistribimpl.cpp(1439)'
58:18.080002-0,EXCP,2,process=rphost,p:processName=bi_bk3wk1_prod_01,OSThread=4212,t:clientID=2049,t:applicationName=BackgroundJob,t:computerName=DC2BUHAPP11,t:connectID=12201,SessionID=5689,Usr=Турсынбекова Дана Кияковна,Exception=60c686dc-798f-4d17-aadb-a90156a16eb8,Descr='src\rserver\src\rmngrcalls.cpp(476):
60c686dc-798f-4d17-aadb-a90156a16eb8: Сеанс отсутствует или удален
ID=7a6da4b4-c64f-415d-9340-c0e53851d198, File=d:\jenkins\ci_builder2\windowsbuild2\platform\src\rserver\src\clusterdistribimpl.cpp(1439)'
58:18.173006-0,EXCP,2,process=rphost,p:processName=bi_bk3wk1_prod_01,OSThread=4212,t:clientID=2049,t:applicationName=BackgroundJob,t:computerName=DC2BUHAPP11,t:connectID=12201,SessionID=5689,Usr=Турсынбекова Дана Кияковна,Exception=SeanceContextException,Descr='Сеанс отсутствует или удален
ID=7a6da4b4-c64f-415d-9340-c0e53851d198, File=d:\jenkins\ci_builder2\windowsbuild2\platform\src\rserver\src\rmngrcalls.cpp(364)'
58:18.173007-0,EXCP,2,process=rphost,p:processName=bi_bk3wk1_prod_01,OSThread=4212,t:clientID=2049,t:applicationName=BackgroundJob,t:computerName=DC2BUHAPP11,t:connectID=12201,SessionID=5689,Usr=Турсынбекова Дана Кияковна,Exception=60c686dc-798f-4d17-aadb-a90156a16eb8,Descr='src\rserver\src\serverjobexecutor.cpp(1095):
60c686dc-798f-4d17-aadb-a90156a16eb8: Сеанс отсутствует или удален
ID=7a6da4b4-c64f-415d-9340-c0e53851d198, File=d:\jenkins\ci_builder2\windowsbuild2\platform\src\rserver\src\rmngrcalls.cpp(364)'
58:18.189001-0,EXCP,3,process=rphost,p:processName=bi_bk3wk1_prod_01,OSThread=4212,t:clientID=2049,t:applicationName=BackgroundJob,t:computerName=DC2BUHAPP11,t:connectID=12201,SessionID=5689,Usr=Турсынбекова Дана Кияковна,Exception=SeanceContextException,Descr='Сеанс отсутствует или удален
ID=7a6da4b4-c64f-415d-9340-c0e53851d198, File=d:\jenkins\ci_builder2\windowsbuild2\platform\src\rserver\src\clusterdistribimpl.cpp(1439)'
58:18.189003-0,EXCP,2,process=rphost,p:processName=bi_bk3wk1_prod_01,OSThread=4212,t:clientID=2049,t:applicationName=BackgroundJob,t:computerName=DC2BUHAPP11,t:connectID=12201,SessionID=5689,Usr=Турсынбекова Дана Кияковна,Exception=60c686dc-798f-4d17-aadb-a90156a16eb8,Descr='src\rserver\src\rmngrcalls.cpp(476):
60c686dc-798f-4d17-aadb-a90156a16eb8: Сеанс отсутствует или удален
ID=7a6da4b4-c64f-415d-9340-c0e53851d198, File=d:\jenkins\ci_builder2\windowsbuild2\platform\src\rserver\src\clusterdistribimpl.cpp(1439)'
58:18.392000-0,EXCP,2,process=rphost,p:processName=bi_bk3wk1_prod_01,OSThread=4212,t:clientID=2049,t:applicationName=BackgroundJob,t:computerName=DC2BUHAPP11,t:connectID=12201,SessionID=5689,Usr=Турсынбекова Дана Кияковна,Exception=SeanceContextException,Descr='Сеанс отсутствует или удален
ID=7a6da4b4-c64f-415d-9340-c0e53851d198, File=d:\jenkins\ci_builder2\windowsbuild2\platform\src\rserver\src\rmngrcalls.cpp(364)'
58:51.629000-0,EXCP,0,process=rphost,OSThread=5144,ClientID=2022,Exception=NetDataExchangeException,Descr='server_addr=(2)10.224.32.15:58720 descr=2(0x00000002): Не удается найти указанный файл.  line=1149 file=d:\jenkins\ci_builder2\windowsbuild2\platform\src\rtrsrvc\src\dataexchangeserverimpl.cpp'
58:51.629001-0,EXCPCNTX,0,ClientComputerName=,ServerComputerName=,UserName=,ConnectString=
58:51.926000-0,EXCP,0,process=rphost,OSThread=6908,ClientID=2053,Exception=NetDataExchangeException,Descr='server_addr=(2)10.224.32.15:58747 descr=2(0x00000002): Не удается найти указанный файл.  line=1149 file=d:\jenkins\ci_builder2\windowsbuild2\platform\src\rtrsrvc\src\dataexchangeserverimpl.cpp'
58:51.926001-0,EXCPCNTX,0,ClientComputerName=,ServerComputerName=,UserName=,ConnectString=
59:15.504016-0,EXCP,0,process=rphost,OSThread=4400,ClientID=1136,Exception=NetDataExchangeException,Descr='server_addr=(2)10.3.172.6:58885 descr=10054(0x00002746): Удаленный хост принудительно разорвал существующее подключение.  line=1149 file=d:\jenkins\ci_builder2\windowsbuild2\platform\src\rtrsrvc\src\dataexchangeserverimpl.cpp'
59:15.504019-0,EXCPCNTX,0,ClientComputerName=,ServerComputerName=,UserName=,ConnectString=
59:27.208002-5828978,TLOCK,4,process=rphost,p:processName=bi_bk3wk1_prod_01,OSThread=6796,t:clientID=1452,t:applicationName=1CV8C,t:computerName=DC3RDSH12,t:connectID=9478,SessionID=1303,Usr=Сеитказиев Кайсар Жоламанович,AppID=1CV8C,DBMS=DBMSSQL,DataBase=CLSBUHDB01\bi_bk3wk1_prod_01,Regions=InfoRg19545.DIMS,Locks='InfoRg19545.DIMS Exclusive Fld19548=352:aaae001dd8b71ef511ea8dfeaef0825f Fld750=0',WaitConnections=12052,connectionID=94ee86c8-aafd-4dba-bd5c-fa2e9fdb5e47,Context='Форма.Записать : Документ.ПоступлениеТоваровУслуг.Форма.ФормаДокумента
Документ.ПоступлениеТоваровУслуг.МодульОбъекта : 929 : РегистрыСведений.СоответствиеРеализацийИПоступлений.СформироватьДвиженияПоСоответствиюРеализацийИПоступлений(Ссылка, Движения, Отказ = Ложь);
	РегистрСведений.СоответствиеРеализацийИПоступлений.МодульМенеджера : 18 : НаборЗаписей.Записать();'
59:49.614000-0,EXCP,6,process=rphost,p:processName=bi_bk3wk1_prod_01,OSThread=6796,t:clientID=1452,t:applicationName=1CV8C,t:computerName=DC3RDSH12,t:connectID=9478,SessionID=1303,Usr=Сеитказиев Кайсар Жоламанович,AppID=1CV8C,DBMS=DBMSSQL,DataBase=CLSBUHDB01\bi_bk3wk1_prod_01,dbpid=342,Exception=DataBaseException,Descr='Конфликт блокировок при выполнении транзакции:
Microsoft SQL Server Native Client 11.0: Lock request time out period exceeded.
HRESULT=80040E31, SQLSrvr: SQLSTATE=HYT00, state=38, Severity=10, native=1222, line=1
',Context=Форма.Записать : Документ.ПоступлениеТоваровУслуг.Форма.ФормаДокумента
59:49.629017-0,EXCP,2,process=rphost,p:processName=bi_bk3wk1_prod_01,OSThread=6796,t:clientID=1452,t:applicationName=1CV8C,t:computerName=DC3RDSH12,t:connectID=9478,SessionID=1303,Usr=Сеитказиев Кайсар Жоламанович,AppID=1CV8C,Exception=afd2b550-0d52-4e03-b448-15ed68d87ac5,Descr='src\basic\src\documentlogformobjcontroller.cpp(871):
afd2b550-0d52-4e03-b448-15ed68d87ac5
dc31263e-ecbf-41bd-9b3a-7b55897d5fd6: Конфликт блокировок при выполнении транзакции:
Microsoft SQL Server Native Client 11.0: Lock request time out period exceeded.
HRESULT=80040E31, SQLSrvr: SQLSTATE=HYT00, state=38, Severity=10, native=1222, line=1
',Context=Форма.Записать : Документ.ПоступлениеТоваровУслуг.Форма.ФормаДокумента
59:49.708000-0,EXCP,2,process=rphost,p:processName=bi_bk3wk1_prod_01,OSThread=6796,t:clientID=1452,t:applicationName=1CV8C,t:computerName=DC3RDSH12,t:connectID=9478,SessionID=1303,Usr=Сеитказиев Кайсар Жоламанович,AppID=1CV8C,Exception=580392e6-ba49-4280-ac67-fcd6f2180121,Descr='src\vrsbase\src\vresourceinfobaseimpl.cpp(1114):
580392e6-ba49-4280-ac67-fcd6f2180121: Неспецифицированная ошибка работы с ресурсом
Ошибка при выполнении запроса POST к ресурсу /e1cib/logForm:
afd2b550-0d52-4e03-b448-15ed68d87ac5
dc31263e-ecbf-41bd-9b3a-7b55897d5fd6: Конфликт блокировок при выполнении транзакции:
Microsoft SQL Server Native Client 11.0: Lock request time out period exceeded.
HRESULT=80040E31, SQLSrvr: SQLSTATE=HYT00, state=38, Severity=10, native=1222, line=1
'
