00:26.677005-0,ADMIN,2,process=rphost,p:processName=ServerJobExecutorContext,OSThread=2384,t:clientID=2567,t:applicationName=JobScheduler,t:computerName=DC2BUHAPP11,Func=killClient,ClusterID=8aa94e2b-5d54-4b86-800b-79353ce39638,ConnectionID=9eb5be57-8754-4195-b9c1-efce23d1dab6,Mode=0,Ref=bi_bk3wk1_prod_01(bi_bk3wk1_prod_01),Host=DC2BUHAPP11,Connection=13903,Administrator=Unknown,Result=Success
00:26.802019-0,EXCP,3,process=rphost,p:processName=bi_bk3wk1_prod_01,OSThread=4540,t:clientID=2583,t:applicationName=BackgroundJob,t:computerName=DC2BUHAPP11,t:connectID=13903,SessionID=7622,Usr=WK1_Нагашбекова_Галия_Оразовна,Exception=SeanceContextException,Descr='Сеанс отсутствует или удален
ID=3fd14cd5-f2ef-49d3-9c7a-4c68cb0d704c, File=d:\jenkins\ci_builder2\windowsbuild2\platform\src\rserver\src\clusterdistribimpl.cpp(1439)'
00:26.802021-0,EXCP,2,process=rphost,p:processName=bi_bk3wk1_prod_01,OSThread=4540,t:clientID=2583,t:applicationName=BackgroundJob,t:computerName=DC2BUHAPP11,t:connectID=13903,SessionID=7622,Usr=WK1_Нагашбекова_Галия_Оразовна,Exception=60c686dc-798f-4d17-aadb-a90156a16eb8,Descr='src\rserver\src\rmngrcalls.cpp(476):
60c686dc-798f-4d17-aadb-a90156a16eb8: Сеанс отсутствует или удален
ID=3fd14cd5-f2ef-49d3-9c7a-4c68cb0d704c, File=d:\jenkins\ci_builder2\windowsbuild2\platform\src\rserver\src\clusterdistribimpl.cpp(1439)'
00:27.005000-0,EXCP,2,process=rphost,p:processName=bi_bk3wk1_prod_01,OSThread=4540,t:clientID=2583,t:applicationName=BackgroundJob,t:computerName=DC2BUHAPP11,t:connectID=13903,SessionID=7622,Usr=WK1_Нагашбекова_Галия_Оразовна,Exception=SeanceContextException,Descr='Сеанс отсутствует или удален
ID=3fd14cd5-f2ef-49d3-9c7a-4c68cb0d704c, File=d:\jenkins\ci_builder2\windowsbuild2\platform\src\rserver\src\rmngrcalls.cpp(364)'
00:27.005001-0,EXCP,2,process=rphost,p:processName=bi_bk3wk1_prod_01,OSThread=4540,t:clientID=2583,t:applicationName=BackgroundJob,t:computerName=DC2BUHAPP11,t:connectID=13903,SessionID=7622,Usr=WK1_Нагашбекова_Галия_Оразовна,Exception=60c686dc-798f-4d17-aadb-a90156a16eb8,Descr='src\rserver\src\serverjobexecutor.cpp(1095):
60c686dc-798f-4d17-aadb-a90156a16eb8: Сеанс отсутствует или удален
ID=3fd14cd5-f2ef-49d3-9c7a-4c68cb0d704c, File=d:\jenkins\ci_builder2\windowsbuild2\platform\src\rserver\src\rmngrcalls.cpp(364)'
00:27.005003-0,EXCP,3,process=rphost,p:processName=bi_bk3wk1_prod_01,OSThread=4540,t:clientID=2583,t:applicationName=BackgroundJob,t:computerName=DC2BUHAPP11,t:connectID=13903,SessionID=7622,Usr=WK1_Нагашбекова_Галия_Оразовна,Exception=SeanceContextException,Descr='Сеанс отсутствует или удален
ID=3fd14cd5-f2ef-49d3-9c7a-4c68cb0d704c, File=d:\jenkins\ci_builder2\windowsbuild2\platform\src\rserver\src\clusterdistribimpl.cpp(1439)'
00:27.005005-0,EXCP,2,process=rphost,p:processName=bi_bk3wk1_prod_01,OSThread=4540,t:clientID=2583,t:applicationName=BackgroundJob,t:computerName=DC2BUHAPP11,t:connectID=13903,SessionID=7622,Usr=WK1_Нагашбекова_Галия_Оразовна,Exception=60c686dc-798f-4d17-aadb-a90156a16eb8,Descr='src\rserver\src\rmngrcalls.cpp(476):
60c686dc-798f-4d17-aadb-a90156a16eb8: Сеанс отсутствует или удален
ID=3fd14cd5-f2ef-49d3-9c7a-4c68cb0d704c, File=d:\jenkins\ci_builder2\windowsbuild2\platform\src\rserver\src\clusterdistribimpl.cpp(1439)'
00:27.208000-0,EXCP,2,process=rphost,p:processName=bi_bk3wk1_prod_01,OSThread=4540,t:clientID=2583,t:applicationName=BackgroundJob,t:computerName=DC2BUHAPP11,t:connectID=13903,SessionID=7622,Usr=WK1_Нагашбекова_Галия_Оразовна,Exception=SeanceContextException,Descr='Сеанс отсутствует или удален
ID=3fd14cd5-f2ef-49d3-9c7a-4c68cb0d704c, File=d:\jenkins\ci_builder2\windowsbuild2\platform\src\rserver\src\rmngrcalls.cpp(364)'
01:35.227015-0,ADMIN,2,process=rphost,p:processName=ServerJobExecutorContext,OSThread=2384,t:clientID=2567,t:applicationName=JobScheduler,t:computerName=DC2BUHAPP11,Func=killClient,ClusterID=8aa94e2b-5d54-4b86-800b-79353ce39638,ConnectionID=815da0c9-a555-4bac-862c-979a71e30d84,Mode=0,Ref=bi_bk3wk1_prod_01(bi_bk3wk1_prod_01),Host=DC2BUHAPP11,Connection=13927,Administrator=Unknown,Result=Success
01:35.242011-0,EXCP,3,process=rphost,p:processName=bi_bk3wk1_prod_01,OSThread=5360,t:clientID=2595,t:applicationName=BackgroundJob,t:computerName=DC2BUHAPP11,t:connectID=13927,SessionID=7647,Usr=КалиеваАБ,Exception=SeanceContextException,Descr='Сеанс отсутствует или удален
ID=b3fa53ab-a222-4d4b-af5f-8187eb4f7ee6, File=d:\jenkins\ci_builder2\windowsbuild2\platform\src\rserver\src\clusterdistribimpl.cpp(1439)'
01:35.242013-0,EXCP,2,process=rphost,p:processName=bi_bk3wk1_prod_01,OSThread=5360,t:clientID=2595,t:applicationName=BackgroundJob,t:computerName=DC2BUHAPP11,t:connectID=13927,SessionID=7647,Usr=КалиеваАБ,Exception=60c686dc-798f-4d17-aadb-a90156a16eb8,Descr='src\rserver\src\rmngrcalls.cpp(476):
60c686dc-798f-4d17-aadb-a90156a16eb8: Сеанс отсутствует или удален
ID=b3fa53ab-a222-4d4b-af5f-8187eb4f7ee6, File=d:\jenkins\ci_builder2\windowsbuild2\platform\src\rserver\src\clusterdistribimpl.cpp(1439)'
01:35.445000-0,EXCP,2,process=rphost,p:processName=bi_bk3wk1_prod_01,OSThread=5360,t:clientID=2595,t:applicationName=BackgroundJob,t:computerName=DC2BUHAPP11,t:connectID=13927,SessionID=7647,Usr=КалиеваАБ,Exception=SeanceContextException,Descr='Сеанс отсутствует или удален
ID=b3fa53ab-a222-4d4b-af5f-8187eb4f7ee6, File=d:\jenkins\ci_builder2\windowsbuild2\platform\src\rserver\src\rmngrcalls.cpp(364)'
01:35.445001-0,EXCP,2,process=rphost,p:processName=bi_bk3wk1_prod_01,OSThread=5360,t:clientID=2595,t:applicationName=BackgroundJob,t:computerName=DC2BUHAPP11,t:connectID=13927,SessionID=7647,Usr=КалиеваАБ,Exception=60c686dc-798f-4d17-aadb-a90156a16eb8,Descr='src\rserver\src\serverjobexecutor.cpp(1095):
60c686dc-798f-4d17-aadb-a90156a16eb8: Сеанс отсутствует или удален
ID=b3fa53ab-a222-4d4b-af5f-8187eb4f7ee6, File=d:\jenkins\ci_builder2\windowsbuild2\platform\src\rserver\src\rmngrcalls.cpp(364)'
01:35.445006-0,EXCP,3,process=rphost,p:processName=bi_bk3wk1_prod_01,OSThread=5360,t:clientID=2595,t:applicationName=BackgroundJob,t:computerName=DC2BUHAPP11,t:connectID=13927,SessionID=7647,Usr=КалиеваАБ,Exception=SeanceContextException,Descr='Сеанс отсутствует или удален
ID=b3fa53ab-a222-4d4b-af5f-8187eb4f7ee6, File=d:\jenkins\ci_builder2\windowsbuild2\platform\src\rserver\src\clusterdistribimpl.cpp(1439)'
01:35.445008-0,EXCP,2,process=rphost,p:processName=bi_bk3wk1_prod_01,OSThread=5360,t:clientID=2595,t:applicationName=BackgroundJob,t:computerName=DC2BUHAPP11,t:connectID=13927,SessionID=7647,Usr=КалиеваАБ,Exception=60c686dc-798f-4d17-aadb-a90156a16eb8,Descr='src\rserver\src\rmngrcalls.cpp(476):
60c686dc-798f-4d17-aadb-a90156a16eb8: Сеанс отсутствует или удален
ID=b3fa53ab-a222-4d4b-af5f-8187eb4f7ee6, File=d:\jenkins\ci_builder2\windowsbuild2\platform\src\rserver\src\clusterdistribimpl.cpp(1439)'
01:35.648001-0,EXCP,2,process=rphost,p:processName=bi_bk3wk1_prod_01,OSThread=5360,t:clientID=2595,t:applicationName=BackgroundJob,t:computerName=DC2BUHAPP11,t:connectID=13927,SessionID=7647,Usr=КалиеваАБ,Exception=SeanceContextException,Descr='Сеанс отсутствует или удален
ID=b3fa53ab-a222-4d4b-af5f-8187eb4f7ee6, File=d:\jenkins\ci_builder2\windowsbuild2\platform\src\rserver\src\rmngrcalls.cpp(364)'
02:54.792017-0,ADMIN,2,process=rphost,p:processName=ServerJobExecutorContext,OSThread=2384,t:clientID=2567,t:applicationName=JobScheduler,t:computerName=DC2BUHAPP11,Func=killClient,ClusterID=8aa94e2b-5d54-4b86-800b-79353ce39638,ConnectionID=3c543f8a-cb3f-4822-bf19-243dd41dffc8,Mode=0,Ref=bi_bk3wk1_prod_01(bi_bk3wk1_prod_01),Host=DC2BUHAPP11,Connection=13944,Administrator=Unknown,Result=Success
02:55.261015-0,ADMIN,2,process=rphost,p:processName=ServerJobExecutorContext,OSThread=2384,t:clientID=2567,t:applicationName=JobScheduler,t:computerName=DC2BUHAPP11,Func=killClient,ClusterID=8aa94e2b-5d54-4b86-800b-79353ce39638,ConnectionID=52a86b06-1a26-4da6-8a00-ab5798650b95,Mode=0,Ref=bi_bk3wk1_prod_01(bi_bk3wk1_prod_01),Host=DC2BUHAPP11,Connection=13945,Administrator=Unknown,Result=Success
02:55.620000-0,EXCP,3,process=rphost,p:processName=bi_bk3wk1_prod_01,OSThread=5200,t:clientID=2605,t:applicationName=BackgroundJob,t:computerName=DC2BUHAPP11,t:connectID=13945,SessionID=7666,Usr=КалиеваАБ,Exception=SeanceContextException,Descr='Сеанс отсутствует или удален
ID=3fa5930a-9887-42dd-a75a-47e1f7c38fb1, File=d:\jenkins\ci_builder2\windowsbuild2\platform\src\rserver\src\clusterdistribimpl.cpp(1439)'
02:55.620002-0,EXCP,2,process=rphost,p:processName=bi_bk3wk1_prod_01,OSThread=5200,t:clientID=2605,t:applicationName=BackgroundJob,t:computerName=DC2BUHAPP11,t:connectID=13945,SessionID=7666,Usr=КалиеваАБ,Exception=60c686dc-798f-4d17-aadb-a90156a16eb8,Descr='src\rserver\src\rmngrcalls.cpp(476):
60c686dc-798f-4d17-aadb-a90156a16eb8: Сеанс отсутствует или удален
ID=3fa5930a-9887-42dd-a75a-47e1f7c38fb1, File=d:\jenkins\ci_builder2\windowsbuild2\platform\src\rserver\src\clusterdistribimpl.cpp(1439)'
02:55.683015-0,ADMIN,2,process=rphost,p:processName=ServerJobExecutorContext,OSThread=2384,t:clientID=2567,t:applicationName=JobScheduler,t:computerName=DC2BUHAPP11,Func=killClient,ClusterID=8aa94e2b-5d54-4b86-800b-79353ce39638,ConnectionID=eadd8d05-1497-4ef2-9ebd-b1f055e58026,Mode=0,Ref=bi_bk3wk1_prod_01(bi_bk3wk1_prod_01),Host=DC2BUHAPP11,Connection=13946,Administrator=Unknown,Result=Success
02:55.823000-0,EXCP,2,process=rphost,p:processName=bi_bk3wk1_prod_01,OSThread=5200,t:clientID=2605,t:applicationName=BackgroundJob,t:computerName=DC2BUHAPP11,t:connectID=13945,SessionID=7666,Usr=КалиеваАБ,Exception=SeanceContextException,Descr='Сеанс отсутствует или удален
ID=3fa5930a-9887-42dd-a75a-47e1f7c38fb1, File=d:\jenkins\ci_builder2\windowsbuild2\platform\src\rserver\src\rmngrcalls.cpp(364)'
02:55.823001-0,EXCP,2,process=rphost,p:processName=bi_bk3wk1_prod_01,OSThread=5200,t:clientID=2605,t:applicationName=BackgroundJob,t:computerName=DC2BUHAPP11,t:connectID=13945,SessionID=7666,Usr=КалиеваАБ,Exception=60c686dc-798f-4d17-aadb-a90156a16eb8,Descr='src\rserver\src\serverjobexecutor.cpp(1095):
60c686dc-798f-4d17-aadb-a90156a16eb8: Сеанс отсутствует или удален
ID=3fa5930a-9887-42dd-a75a-47e1f7c38fb1, File=d:\jenkins\ci_builder2\windowsbuild2\platform\src\rserver\src\rmngrcalls.cpp(364)'
02:55.823019-0,EXCP,3,process=rphost,p:processName=bi_bk3wk1_prod_01,OSThread=5200,t:clientID=2605,t:applicationName=BackgroundJob,t:computerName=DC2BUHAPP11,t:connectID=13945,SessionID=7666,Usr=КалиеваАБ,Exception=SeanceContextException,Descr='Сеанс отсутствует или удален
ID=3fa5930a-9887-42dd-a75a-47e1f7c38fb1, File=d:\jenkins\ci_builder2\windowsbuild2\platform\src\rserver\src\clusterdistribimpl.cpp(1439)'
02:55.823022-0,EXCP,2,process=rphost,p:processName=bi_bk3wk1_prod_01,OSThread=5200,t:clientID=2605,t:applicationName=BackgroundJob,t:computerName=DC2BUHAPP11,t:connectID=13945,SessionID=7666,Usr=КалиеваАБ,Exception=60c686dc-798f-4d17-aadb-a90156a16eb8,Descr='src\rserver\src\rmngrcalls.cpp(476):
60c686dc-798f-4d17-aadb-a90156a16eb8: Сеанс отсутствует или удален
ID=3fa5930a-9887-42dd-a75a-47e1f7c38fb1, File=d:\jenkins\ci_builder2\windowsbuild2\platform\src\rserver\src\clusterdistribimpl.cpp(1439)'
02:55.901007-0,EXCP,2,process=rphost,p:processName=bi_bk3wk1_prod_01,OSThread=5200,t:clientID=2605,t:applicationName=BackgroundJob,t:computerName=DC2BUHAPP11,t:connectID=13945,SessionID=7666,Usr=КалиеваАБ,Exception=SeanceContextException,Descr='Сеанс отсутствует или удален
ID=3fa5930a-9887-42dd-a75a-47e1f7c38fb1, File=d:\jenkins\ci_builder2\windowsbuild2\platform\src\rserver\src\rmngrcalls.cpp(364)'
02:56.151008-0,EXCP,3,process=rphost,p:processName=bi_bk3wk1_prod_01,OSThread=3216,t:clientID=2606,t:applicationName=BackgroundJob,t:computerName=DC2BUHAPP11,t:connectID=13946,SessionID=7667,Usr=КалиеваАБ,Exception=SeanceContextException,Descr='Сеанс отсутствует или удален
ID=ca7a9a3c-f8c8-413f-9da1-a1b922f751d1, File=d:\jenkins\ci_builder2\windowsbuild2\platform\src\rserver\src\clusterdistribimpl.cpp(1439)'
02:56.167001-0,EXCP,2,process=rphost,p:processName=bi_bk3wk1_prod_01,OSThread=3216,t:clientID=2606,t:applicationName=BackgroundJob,t:computerName=DC2BUHAPP11,t:connectID=13946,SessionID=7667,Usr=КалиеваАБ,Exception=60c686dc-798f-4d17-aadb-a90156a16eb8,Descr='src\rserver\src\rmngrcalls.cpp(476):
60c686dc-798f-4d17-aadb-a90156a16eb8: Сеанс отсутствует или удален
ID=ca7a9a3c-f8c8-413f-9da1-a1b922f751d1, File=d:\jenkins\ci_builder2\windowsbuild2\platform\src\rserver\src\clusterdistribimpl.cpp(1439)'
02:56.230006-0,EXCP,3,process=rphost,p:processName=bi_bk3wk1_prod_01,OSThread=5360,t:clientID=2604,t:applicationName=BackgroundJob,t:computerName=DC2BUHAPP11,t:connectID=13944,SessionID=7665,Usr=КалиеваАБ,Exception=SeanceContextException,Descr='Сеанс отсутствует или удален
ID=bc2789c1-1b43-4811-acd7-a474194d7389, File=d:\jenkins\ci_builder2\windowsbuild2\platform\src\rserver\src\clusterdistribimpl.cpp(1439)'
02:56.230008-0,EXCP,2,process=rphost,p:processName=bi_bk3wk1_prod_01,OSThread=5360,t:clientID=2604,t:applicationName=BackgroundJob,t:computerName=DC2BUHAPP11,t:connectID=13944,SessionID=7665,Usr=КалиеваАБ,Exception=60c686dc-798f-4d17-aadb-a90156a16eb8,Descr='src\rserver\src\rmngrcalls.cpp(476):
60c686dc-798f-4d17-aadb-a90156a16eb8: Сеанс отсутствует или удален
ID=bc2789c1-1b43-4811-acd7-a474194d7389, File=d:\jenkins\ci_builder2\windowsbuild2\platform\src\rserver\src\clusterdistribimpl.cpp(1439)'
02:56.370000-0,EXCP,2,process=rphost,p:processName=bi_bk3wk1_prod_01,OSThread=3216,t:clientID=2606,t:applicationName=BackgroundJob,t:computerName=DC2BUHAPP11,t:connectID=13946,SessionID=7667,Usr=КалиеваАБ,Exception=SeanceContextException,Descr='Сеанс отсутствует или удален
ID=ca7a9a3c-f8c8-413f-9da1-a1b922f751d1, File=d:\jenkins\ci_builder2\windowsbuild2\platform\src\rserver\src\rmngrcalls.cpp(364)'
02:56.370001-0,EXCP,2,process=rphost,p:processName=bi_bk3wk1_prod_01,OSThread=3216,t:clientID=2606,t:applicationName=BackgroundJob,t:computerName=DC2BUHAPP11,t:connectID=13946,SessionID=7667,Usr=КалиеваАБ,Exception=60c686dc-798f-4d17-aadb-a90156a16eb8,Descr='src\rserver\src\serverjobexecutor.cpp(1095):
60c686dc-798f-4d17-aadb-a90156a16eb8: Сеанс отсутствует или удален
ID=ca7a9a3c-f8c8-413f-9da1-a1b922f751d1, File=d:\jenkins\ci_builder2\windowsbuild2\platform\src\rserver\src\rmngrcalls.cpp(364)'
02:56.370008-0,EXCP,3,process=rphost,p:processName=bi_bk3wk1_prod_01,OSThread=3216,t:clientID=2606,t:applicationName=BackgroundJob,t:computerName=DC2BUHAPP11,t:connectID=13946,SessionID=7667,Usr=КалиеваАБ,Exception=SeanceContextException,Descr='Сеанс отсутствует или удален
ID=ca7a9a3c-f8c8-413f-9da1-a1b922f751d1, File=d:\jenkins\ci_builder2\windowsbuild2\platform\src\rserver\src\clusterdistribimpl.cpp(1439)'
02:56.370010-0,EXCP,2,process=rphost,p:processName=bi_bk3wk1_prod_01,OSThread=3216,t:clientID=2606,t:applicationName=BackgroundJob,t:computerName=DC2BUHAPP11,t:connectID=13946,SessionID=7667,Usr=КалиеваАБ,Exception=60c686dc-798f-4d17-aadb-a90156a16eb8,Descr='src\rserver\src\rmngrcalls.cpp(476):
60c686dc-798f-4d17-aadb-a90156a16eb8: Сеанс отсутствует или удален
ID=ca7a9a3c-f8c8-413f-9da1-a1b922f751d1, File=d:\jenkins\ci_builder2\windowsbuild2\platform\src\rserver\src\clusterdistribimpl.cpp(1439)'
02:56.433000-0,EXCP,2,process=rphost,p:processName=bi_bk3wk1_prod_01,OSThread=5360,t:clientID=2604,t:applicationName=BackgroundJob,t:computerName=DC2BUHAPP11,t:connectID=13944,SessionID=7665,Usr=КалиеваАБ,Exception=SeanceContextException,Descr='Сеанс отсутствует или удален
ID=bc2789c1-1b43-4811-acd7-a474194d7389, File=d:\jenkins\ci_builder2\windowsbuild2\platform\src\rserver\src\rmngrcalls.cpp(364)'
02:56.433001-0,EXCP,2,process=rphost,p:processName=bi_bk3wk1_prod_01,OSThread=5360,t:clientID=2604,t:applicationName=BackgroundJob,t:computerName=DC2BUHAPP11,t:connectID=13944,SessionID=7665,Usr=КалиеваАБ,Exception=60c686dc-798f-4d17-aadb-a90156a16eb8,Descr='src\rserver\src\serverjobexecutor.cpp(1095):
60c686dc-798f-4d17-aadb-a90156a16eb8: Сеанс отсутствует или удален
ID=bc2789c1-1b43-4811-acd7-a474194d7389, File=d:\jenkins\ci_builder2\windowsbuild2\platform\src\rserver\src\rmngrcalls.cpp(364)'
02:56.433003-0,EXCP,3,process=rphost,p:processName=bi_bk3wk1_prod_01,OSThread=5360,t:clientID=2604,t:applicationName=BackgroundJob,t:computerName=DC2BUHAPP11,t:connectID=13944,SessionID=7665,Usr=КалиеваАБ,Exception=SeanceContextException,Descr='Сеанс отсутствует или удален
ID=bc2789c1-1b43-4811-acd7-a474194d7389, File=d:\jenkins\ci_builder2\windowsbuild2\platform\src\rserver\src\clusterdistribimpl.cpp(1439)'
02:56.433005-0,EXCP,2,process=rphost,p:processName=bi_bk3wk1_prod_01,OSThread=5360,t:clientID=2604,t:applicationName=BackgroundJob,t:computerName=DC2BUHAPP11,t:connectID=13944,SessionID=7665,Usr=КалиеваАБ,Exception=60c686dc-798f-4d17-aadb-a90156a16eb8,Descr='src\rserver\src\rmngrcalls.cpp(476):
60c686dc-798f-4d17-aadb-a90156a16eb8: Сеанс отсутствует или удален
ID=bc2789c1-1b43-4811-acd7-a474194d7389, File=d:\jenkins\ci_builder2\windowsbuild2\platform\src\rserver\src\clusterdistribimpl.cpp(1439)'
02:56.573000-0,EXCP,2,process=rphost,p:processName=bi_bk3wk1_prod_01,OSThread=3216,t:clientID=2606,t:applicationName=BackgroundJob,t:computerName=DC2BUHAPP11,t:connectID=13946,SessionID=7667,Usr=КалиеваАБ,Exception=SeanceContextException,Descr='Сеанс отсутствует или удален
ID=ca7a9a3c-f8c8-413f-9da1-a1b922f751d1, File=d:\jenkins\ci_builder2\windowsbuild2\platform\src\rserver\src\rmngrcalls.cpp(364)'
02:56.636001-0,EXCP,2,process=rphost,p:processName=bi_bk3wk1_prod_01,OSThread=5360,t:clientID=2604,t:applicationName=BackgroundJob,t:computerName=DC2BUHAPP11,t:connectID=13944,SessionID=7665,Usr=КалиеваАБ,Exception=SeanceContextException,Descr='Сеанс отсутствует или удален
ID=bc2789c1-1b43-4811-acd7-a474194d7389, File=d:\jenkins\ci_builder2\windowsbuild2\platform\src\rserver\src\rmngrcalls.cpp(364)'
05:29.967001-0,EXCP,0,process=rphost,OSThread=4988,ClientID=1727,Exception=NetDataExchangeException,Descr='server_addr=(2)10.224.32.125:57644 descr=10054(0x00002746): Удаленный хост принудительно разорвал существующее подключение.  line=1149 file=d:\jenkins\ci_builder2\windowsbuild2\platform\src\rtrsrvc\src\dataexchangeserverimpl.cpp'
05:29.967000-0,EXCP,0,process=rphost,OSThread=2900,ClientID=1720,Exception=NetDataExchangeException,Descr='server_addr=(2)10.224.32.125:57637 descr=10054(0x00002746): Удаленный хост принудительно разорвал существующее подключение.  line=1149 file=d:\jenkins\ci_builder2\windowsbuild2\platform\src\rtrsrvc\src\dataexchangeserverimpl.cpp'
05:29.967002-0,EXCPCNTX,0,ClientComputerName=,ServerComputerName=,UserName=,ConnectString=
05:29.967003-0,EXCPCNTX,0,ClientComputerName=,ServerComputerName=,UserName=,ConnectString=
16:13.068011-0,ADMIN,2,process=rphost,p:processName=ServerJobExecutorContext,OSThread=2384,t:clientID=2611,t:applicationName=JobScheduler,t:computerName=DC2BUHAPP11,Func=killClient,ClusterID=8aa94e2b-5d54-4b86-800b-79353ce39638,ConnectionID=915ce384-abff-42cd-817d-17c5ec4a66c3,Mode=0,Ref=bi_bk3wk1_prod_01(bi_bk3wk1_prod_01),Host=DC2BUHAPP11,Connection=14000,Administrator=Unknown,Result=Success
16:13.537005-0,ADMIN,2,process=rphost,p:processName=ServerJobExecutorContext,OSThread=2384,t:clientID=2611,t:applicationName=JobScheduler,t:computerName=DC2BUHAPP11,Func=killClient,ClusterID=8aa94e2b-5d54-4b86-800b-79353ce39638,ConnectionID=55b2d20e-0b2b-45ed-8537-08737b80f0fd,Mode=0,Ref=bi_bk3wk1_prod_01(bi_bk3wk1_prod_01),Host=DC2BUHAPP11,Connection=14001,Administrator=Unknown,Result=Success
16:15.506005-0,EXCP,3,process=rphost,p:processName=bi_bk3wk1_prod_01,OSThread=3216,t:clientID=2612,t:applicationName=BackgroundJob,t:computerName=DC2BUHAPP11,t:connectID=14000,SessionID=7730,Usr=БайгенжинРБ,Exception=SeanceContextException,Descr='Сеанс отсутствует или удален
ID=0d12e5b6-46e0-43ee-a734-e5f3cfea2c98, File=d:\jenkins\ci_builder2\windowsbuild2\platform\src\rserver\src\clusterdistribimpl.cpp(1439)'
16:15.506007-0,EXCP,2,process=rphost,p:processName=bi_bk3wk1_prod_01,OSThread=3216,t:clientID=2612,t:applicationName=BackgroundJob,t:computerName=DC2BUHAPP11,t:connectID=14000,SessionID=7730,Usr=БайгенжинРБ,Exception=60c686dc-798f-4d17-aadb-a90156a16eb8,Descr='src\rserver\src\rmngrcalls.cpp(476):
60c686dc-798f-4d17-aadb-a90156a16eb8: Сеанс отсутствует или удален
ID=0d12e5b6-46e0-43ee-a734-e5f3cfea2c98, File=d:\jenkins\ci_builder2\windowsbuild2\platform\src\rserver\src\clusterdistribimpl.cpp(1439)'
16:15.709000-0,EXCP,2,process=rphost,p:processName=bi_bk3wk1_prod_01,OSThread=3216,t:clientID=2612,t:applicationName=BackgroundJob,t:computerName=DC2BUHAPP11,t:connectID=14000,SessionID=7730,Usr=БайгенжинРБ,Exception=SeanceContextException,Descr='Сеанс отсутствует или удален
ID=0d12e5b6-46e0-43ee-a734-e5f3cfea2c98, File=d:\jenkins\ci_builder2\windowsbuild2\platform\src\rserver\src\rmngrcalls.cpp(364)'
16:15.709001-0,EXCP,2,process=rphost,p:processName=bi_bk3wk1_prod_01,OSThread=3216,t:clientID=2612,t:applicationName=BackgroundJob,t:computerName=DC2BUHAPP11,t:connectID=14000,SessionID=7730,Usr=БайгенжинРБ,Exception=60c686dc-798f-4d17-aadb-a90156a16eb8,Descr='src\rserver\src\serverjobexecutor.cpp(1095):
60c686dc-798f-4d17-aadb-a90156a16eb8: Сеанс отсутствует или удален
ID=0d12e5b6-46e0-43ee-a734-e5f3cfea2c98, File=d:\jenkins\ci_builder2\windowsbuild2\platform\src\rserver\src\rmngrcalls.cpp(364)'
16:15.709003-0,EXCP,3,process=rphost,p:processName=bi_bk3wk1_prod_01,OSThread=3216,t:clientID=2612,t:applicationName=BackgroundJob,t:computerName=DC2BUHAPP11,t:connectID=14000,SessionID=7730,Usr=БайгенжинРБ,Exception=SeanceContextException,Descr='Сеанс отсутствует или удален
ID=0d12e5b6-46e0-43ee-a734-e5f3cfea2c98, File=d:\jenkins\ci_builder2\windowsbuild2\platform\src\rserver\src\clusterdistribimpl.cpp(1439)'
16:15.709005-0,EXCP,2,process=rphost,p:processName=bi_bk3wk1_prod_01,OSThread=3216,t:clientID=2612,t:applicationName=BackgroundJob,t:computerName=DC2BUHAPP11,t:connectID=14000,SessionID=7730,Usr=БайгенжинРБ,Exception=60c686dc-798f-4d17-aadb-a90156a16eb8,Descr='src\rserver\src\rmngrcalls.cpp(476):
60c686dc-798f-4d17-aadb-a90156a16eb8: Сеанс отсутствует или удален
ID=0d12e5b6-46e0-43ee-a734-e5f3cfea2c98, File=d:\jenkins\ci_builder2\windowsbuild2\platform\src\rserver\src\clusterdistribimpl.cpp(1439)'
16:15.896008-0,EXCP,3,process=rphost,p:processName=bi_bk3wk1_prod_01,OSThread=4540,t:clientID=2613,t:applicationName=BackgroundJob,t:computerName=DC2BUHAPP11,t:connectID=14001,SessionID=7731,Usr=БайгенжинРБ,Exception=SeanceContextException,Descr='Сеанс отсутствует или удален
ID=cea379ac-10c8-414b-8f8b-b6e45b56488f, File=d:\jenkins\ci_builder2\windowsbuild2\platform\src\rserver\src\clusterdistribimpl.cpp(1439)'
16:15.896010-0,EXCP,2,process=rphost,p:processName=bi_bk3wk1_prod_01,OSThread=4540,t:clientID=2613,t:applicationName=BackgroundJob,t:computerName=DC2BUHAPP11,t:connectID=14001,SessionID=7731,Usr=БайгенжинРБ,Exception=60c686dc-798f-4d17-aadb-a90156a16eb8,Descr='src\rserver\src\rmngrcalls.cpp(476):
60c686dc-798f-4d17-aadb-a90156a16eb8: Сеанс отсутствует или удален
ID=cea379ac-10c8-414b-8f8b-b6e45b56488f, File=d:\jenkins\ci_builder2\windowsbuild2\platform\src\rserver\src\clusterdistribimpl.cpp(1439)'
16:15.912000-0,EXCP,2,process=rphost,p:processName=bi_bk3wk1_prod_01,OSThread=3216,t:clientID=2612,t:applicationName=BackgroundJob,t:computerName=DC2BUHAPP11,t:connectID=14000,SessionID=7730,Usr=БайгенжинРБ,Exception=SeanceContextException,Descr='Сеанс отсутствует или удален
ID=0d12e5b6-46e0-43ee-a734-e5f3cfea2c98, File=d:\jenkins\ci_builder2\windowsbuild2\platform\src\rserver\src\rmngrcalls.cpp(364)'
16:16.100000-0,EXCP,2,process=rphost,p:processName=bi_bk3wk1_prod_01,OSThread=4540,t:clientID=2613,t:applicationName=BackgroundJob,t:computerName=DC2BUHAPP11,t:connectID=14001,SessionID=7731,Usr=БайгенжинРБ,Exception=SeanceContextException,Descr='Сеанс отсутствует или удален
ID=cea379ac-10c8-414b-8f8b-b6e45b56488f, File=d:\jenkins\ci_builder2\windowsbuild2\platform\src\rserver\src\rmngrcalls.cpp(364)'
16:16.100001-0,EXCP,2,process=rphost,p:processName=bi_bk3wk1_prod_01,OSThread=4540,t:clientID=2613,t:applicationName=BackgroundJob,t:computerName=DC2BUHAPP11,t:connectID=14001,SessionID=7731,Usr=БайгенжинРБ,Exception=60c686dc-798f-4d17-aadb-a90156a16eb8,Descr='src\rserver\src\serverjobexecutor.cpp(1095):
60c686dc-798f-4d17-aadb-a90156a16eb8: Сеанс отсутствует или удален
ID=cea379ac-10c8-414b-8f8b-b6e45b56488f, File=d:\jenkins\ci_builder2\windowsbuild2\platform\src\rserver\src\rmngrcalls.cpp(364)'
16:16.100003-0,EXCP,3,process=rphost,p:processName=bi_bk3wk1_prod_01,OSThread=4540,t:clientID=2613,t:applicationName=BackgroundJob,t:computerName=DC2BUHAPP11,t:connectID=14001,SessionID=7731,Usr=БайгенжинРБ,Exception=SeanceContextException,Descr='Сеанс отсутствует или удален
ID=cea379ac-10c8-414b-8f8b-b6e45b56488f, File=d:\jenkins\ci_builder2\windowsbuild2\platform\src\rserver\src\clusterdistribimpl.cpp(1439)'
16:16.100005-0,EXCP,2,process=rphost,p:processName=bi_bk3wk1_prod_01,OSThread=4540,t:clientID=2613,t:applicationName=BackgroundJob,t:computerName=DC2BUHAPP11,t:connectID=14001,SessionID=7731,Usr=БайгенжинРБ,Exception=60c686dc-798f-4d17-aadb-a90156a16eb8,Descr='src\rserver\src\rmngrcalls.cpp(476):
60c686dc-798f-4d17-aadb-a90156a16eb8: Сеанс отсутствует или удален
ID=cea379ac-10c8-414b-8f8b-b6e45b56488f, File=d:\jenkins\ci_builder2\windowsbuild2\platform\src\rserver\src\clusterdistribimpl.cpp(1439)'
16:16.115006-0,EXCP,2,process=rphost,p:processName=bi_bk3wk1_prod_01,OSThread=4540,t:clientID=2613,t:applicationName=BackgroundJob,t:computerName=DC2BUHAPP11,t:connectID=14001,SessionID=7731,Usr=БайгенжинРБ,Exception=SeanceContextException,Descr='Сеанс отсутствует или удален
ID=cea379ac-10c8-414b-8f8b-b6e45b56488f, File=d:\jenkins\ci_builder2\windowsbuild2\platform\src\rserver\src\rmngrcalls.cpp(364)'
16:20.162005-0,ADMIN,2,process=rphost,p:processName=ServerJobExecutorContext,OSThread=6700,t:clientID=2611,t:applicationName=JobScheduler,t:computerName=DC2BUHAPP11,Func=killClient,ClusterID=8aa94e2b-5d54-4b86-800b-79353ce39638,ConnectionID=86f2fc05-7e94-471c-b2ce-2ff16b36f2f3,Mode=0,Ref=bi_bk3wk1_prod_01(bi_bk3wk1_prod_01),Host=DC2BUHAPP11,Connection=14004,Administrator=Unknown,Result=Success
16:20.584005-0,ADMIN,2,process=rphost,p:processName=ServerJobExecutorContext,OSThread=6700,t:clientID=2611,t:applicationName=JobScheduler,t:computerName=DC2BUHAPP11,Func=killClient,ClusterID=8aa94e2b-5d54-4b86-800b-79353ce39638,ConnectionID=15f9269e-466f-452c-bdf7-494401cd50e4,Mode=0,Ref=bi_bk3wk1_prod_01(bi_bk3wk1_prod_01),Host=DC2BUHAPP11,Connection=14005,Administrator=Unknown,Result=Success
16:21.334006-0,ADMIN,2,process=rphost,p:processName=ServerJobExecutorContext,OSThread=6700,t:clientID=2611,t:applicationName=JobScheduler,t:computerName=DC2BUHAPP11,Func=killClient,ClusterID=8aa94e2b-5d54-4b86-800b-79353ce39638,ConnectionID=b6cdc55c-8d0d-41b4-b7d4-b3a4d78f4ab0,Mode=0,Ref=bi_bk3wk1_prod_01(bi_bk3wk1_prod_01),Host=DC2BUHAPP11,Connection=14006,Administrator=Unknown,Result=Success
16:21.896005-0,ADMIN,2,process=rphost,p:processName=ServerJobExecutorContext,OSThread=6700,t:clientID=2611,t:applicationName=JobScheduler,t:computerName=DC2BUHAPP11,Func=killClient,ClusterID=8aa94e2b-5d54-4b86-800b-79353ce39638,ConnectionID=c9dced7d-55ca-4c0e-a7d7-179add85decc,Mode=0,Ref=bi_bk3wk1_prod_01(bi_bk3wk1_prod_01),Host=DC2BUHAPP11,Connection=14007,Administrator=Unknown,Result=Success
16:22.537000-0,EXCP,3,process=rphost,p:processName=bi_bk3wk1_prod_01,OSThread=1236,t:clientID=2615,t:applicationName=BackgroundJob,t:computerName=DC2BUHAPP11,t:connectID=14004,SessionID=7734,Usr=Шакиржанов Ержан Рашидович,Exception=SeanceContextException,Descr='Сеанс отсутствует или удален
ID=af859031-f50e-4631-8fda-24757a788f7e, File=d:\jenkins\ci_builder2\windowsbuild2\platform\src\rserver\src\clusterdistribimpl.cpp(1439)'
16:22.537002-0,EXCP,2,process=rphost,p:processName=bi_bk3wk1_prod_01,OSThread=1236,t:clientID=2615,t:applicationName=BackgroundJob,t:computerName=DC2BUHAPP11,t:connectID=14004,SessionID=7734,Usr=Шакиржанов Ержан Рашидович,Exception=60c686dc-798f-4d17-aadb-a90156a16eb8,Descr='src\rserver\src\rmngrcalls.cpp(476):
60c686dc-798f-4d17-aadb-a90156a16eb8: Сеанс отсутствует или удален
ID=af859031-f50e-4631-8fda-24757a788f7e, File=d:\jenkins\ci_builder2\windowsbuild2\platform\src\rserver\src\clusterdistribimpl.cpp(1439)'
16:22.740000-0,EXCP,2,process=rphost,p:processName=bi_bk3wk1_prod_01,OSThread=1236,t:clientID=2615,t:applicationName=BackgroundJob,t:computerName=DC2BUHAPP11,t:connectID=14004,SessionID=7734,Usr=Шакиржанов Ержан Рашидович,Exception=SeanceContextException,Descr='Сеанс отсутствует или удален
ID=af859031-f50e-4631-8fda-24757a788f7e, File=d:\jenkins\ci_builder2\windowsbuild2\platform\src\rserver\src\rmngrcalls.cpp(364)'
16:22.740002-0,EXCP,2,process=rphost,p:processName=bi_bk3wk1_prod_01,OSThread=1236,t:clientID=2615,t:applicationName=BackgroundJob,t:computerName=DC2BUHAPP11,t:connectID=14004,SessionID=7734,Usr=Шакиржанов Ержан Рашидович,Exception=60c686dc-798f-4d17-aadb-a90156a16eb8,Descr='src\rserver\src\serverjobexecutor.cpp(1095):
60c686dc-798f-4d17-aadb-a90156a16eb8: Сеанс отсутствует или удален
ID=af859031-f50e-4631-8fda-24757a788f7e, File=d:\jenkins\ci_builder2\windowsbuild2\platform\src\rserver\src\rmngrcalls.cpp(364)'
16:22.740016-0,EXCP,3,process=rphost,p:processName=bi_bk3wk1_prod_01,OSThread=1236,t:clientID=2615,t:applicationName=BackgroundJob,t:computerName=DC2BUHAPP11,t:connectID=14004,SessionID=7734,Usr=Шакиржанов Ержан Рашидович,Exception=SeanceContextException,Descr='Сеанс отсутствует или удален
ID=af859031-f50e-4631-8fda-24757a788f7e, File=d:\jenkins\ci_builder2\windowsbuild2\platform\src\rserver\src\clusterdistribimpl.cpp(1439)'
16:22.740018-0,EXCP,2,process=rphost,p:processName=bi_bk3wk1_prod_01,OSThread=1236,t:clientID=2615,t:applicationName=BackgroundJob,t:computerName=DC2BUHAPP11,t:connectID=14004,SessionID=7734,Usr=Шакиржанов Ержан Рашидович,Exception=60c686dc-798f-4d17-aadb-a90156a16eb8,Descr='src\rserver\src\rmngrcalls.cpp(476):
60c686dc-798f-4d17-aadb-a90156a16eb8: Сеанс отсутствует или удален
ID=af859031-f50e-4631-8fda-24757a788f7e, File=d:\jenkins\ci_builder2\windowsbuild2\platform\src\rserver\src\clusterdistribimpl.cpp(1439)'
16:22.943001-0,EXCP,2,process=rphost,p:processName=bi_bk3wk1_prod_01,OSThread=1236,t:clientID=2615,t:applicationName=BackgroundJob,t:computerName=DC2BUHAPP11,t:connectID=14004,SessionID=7734,Usr=Шакиржанов Ержан Рашидович,Exception=SeanceContextException,Descr='Сеанс отсутствует или удален
ID=af859031-f50e-4631-8fda-24757a788f7e, File=d:\jenkins\ci_builder2\windowsbuild2\platform\src\rserver\src\rmngrcalls.cpp(364)'
16:23.021008-0,EXCP,3,process=rphost,p:processName=bi_bk3wk1_prod_01,OSThread=9040,t:clientID=2616,t:applicationName=BackgroundJob,t:computerName=DC2BUHAPP11,t:connectID=14005,SessionID=7735,Usr=Шакиржанов Ержан Рашидович,Exception=SeanceContextException,Descr='Сеанс отсутствует или удален
ID=c42ec85d-bf94-4b94-a341-bcb82b7f86af, File=d:\jenkins\ci_builder2\windowsbuild2\platform\src\rserver\src\clusterdistribimpl.cpp(1439)'
16:23.021010-0,EXCP,2,process=rphost,p:processName=bi_bk3wk1_prod_01,OSThread=9040,t:clientID=2616,t:applicationName=BackgroundJob,t:computerName=DC2BUHAPP11,t:connectID=14005,SessionID=7735,Usr=Шакиржанов Ержан Рашидович,Exception=60c686dc-798f-4d17-aadb-a90156a16eb8,Descr='src\rserver\src\rmngrcalls.cpp(476):
60c686dc-798f-4d17-aadb-a90156a16eb8: Сеанс отсутствует или удален
ID=c42ec85d-bf94-4b94-a341-bcb82b7f86af, File=d:\jenkins\ci_builder2\windowsbuild2\platform\src\rserver\src\clusterdistribimpl.cpp(1439)'
16:23.225000-0,EXCP,2,process=rphost,p:processName=bi_bk3wk1_prod_01,OSThread=9040,t:clientID=2616,t:applicationName=BackgroundJob,t:computerName=DC2BUHAPP11,t:connectID=14005,SessionID=7735,Usr=Шакиржанов Ержан Рашидович,Exception=SeanceContextException,Descr='Сеанс отсутствует или удален
ID=c42ec85d-bf94-4b94-a341-bcb82b7f86af, File=d:\jenkins\ci_builder2\windowsbuild2\platform\src\rserver\src\rmngrcalls.cpp(364)'
16:23.225002-0,EXCP,2,process=rphost,p:processName=bi_bk3wk1_prod_01,OSThread=9040,t:clientID=2616,t:applicationName=BackgroundJob,t:computerName=DC2BUHAPP11,t:connectID=14005,SessionID=7735,Usr=Шакиржанов Ержан Рашидович,Exception=60c686dc-798f-4d17-aadb-a90156a16eb8,Descr='src\rserver\src\serverjobexecutor.cpp(1095):
60c686dc-798f-4d17-aadb-a90156a16eb8: Сеанс отсутствует или удален
ID=c42ec85d-bf94-4b94-a341-bcb82b7f86af, File=d:\jenkins\ci_builder2\windowsbuild2\platform\src\rserver\src\rmngrcalls.cpp(364)'
16:23.225009-0,EXCP,3,process=rphost,p:processName=bi_bk3wk1_prod_01,OSThread=9040,t:clientID=2616,t:applicationName=BackgroundJob,t:computerName=DC2BUHAPP11,t:connectID=14005,SessionID=7735,Usr=Шакиржанов Ержан Рашидович,Exception=SeanceContextException,Descr='Сеанс отсутствует или удален
ID=c42ec85d-bf94-4b94-a341-bcb82b7f86af, File=d:\jenkins\ci_builder2\windowsbuild2\platform\src\rserver\src\clusterdistribimpl.cpp(1439)'
16:23.225011-0,EXCP,2,process=rphost,p:processName=bi_bk3wk1_prod_01,OSThread=9040,t:clientID=2616,t:applicationName=BackgroundJob,t:computerName=DC2BUHAPP11,t:connectID=14005,SessionID=7735,Usr=Шакиржанов Ержан Рашидович,Exception=60c686dc-798f-4d17-aadb-a90156a16eb8,Descr='src\rserver\src\rmngrcalls.cpp(476):
60c686dc-798f-4d17-aadb-a90156a16eb8: Сеанс отсутствует или удален
ID=c42ec85d-bf94-4b94-a341-bcb82b7f86af, File=d:\jenkins\ci_builder2\windowsbuild2\platform\src\rserver\src\clusterdistribimpl.cpp(1439)'
16:23.287008-0,EXCP,3,process=rphost,p:processName=bi_bk3wk1_prod_01,OSThread=3216,t:clientID=2617,t:applicationName=BackgroundJob,t:computerName=DC2BUHAPP11,t:connectID=14006,SessionID=7736,Usr=Шакиржанов Ержан Рашидович,Exception=SeanceContextException,Descr='Сеанс отсутствует или удален
ID=501addea-80c4-4f32-985e-fe8e9374530f, File=d:\jenkins\ci_builder2\windowsbuild2\platform\src\rserver\src\clusterdistribimpl.cpp(1439)'
16:23.287010-0,EXCP,2,process=rphost,p:processName=bi_bk3wk1_prod_01,OSThread=3216,t:clientID=2617,t:applicationName=BackgroundJob,t:computerName=DC2BUHAPP11,t:connectID=14006,SessionID=7736,Usr=Шакиржанов Ержан Рашидович,Exception=60c686dc-798f-4d17-aadb-a90156a16eb8,Descr='src\rserver\src\rmngrcalls.cpp(476):
60c686dc-798f-4d17-aadb-a90156a16eb8: Сеанс отсутствует или удален
ID=501addea-80c4-4f32-985e-fe8e9374530f, File=d:\jenkins\ci_builder2\windowsbuild2\platform\src\rserver\src\clusterdistribimpl.cpp(1439)'
16:23.396005-0,ADMIN,2,process=rphost,p:processName=ServerJobExecutorContext,OSThread=2384,t:clientID=2611,t:applicationName=JobScheduler,t:computerName=DC2BUHAPP11,Func=killClient,ClusterID=8aa94e2b-5d54-4b86-800b-79353ce39638,ConnectionID=091c40b9-6c6d-4010-bf10-c6ea7f63188e,Mode=0,Ref=bi_bk3wk1_prod_01(bi_bk3wk1_prod_01),Host=DC2BUHAPP11,Connection=14008,Administrator=Unknown,Result=Success
16:23.428000-0,EXCP,2,process=rphost,p:processName=bi_bk3wk1_prod_01,OSThread=9040,t:clientID=2616,t:applicationName=BackgroundJob,t:computerName=DC2BUHAPP11,t:connectID=14005,SessionID=7735,Usr=Шакиржанов Ержан Рашидович,Exception=SeanceContextException,Descr='Сеанс отсутствует или удален
ID=c42ec85d-bf94-4b94-a341-bcb82b7f86af, File=d:\jenkins\ci_builder2\windowsbuild2\platform\src\rserver\src\rmngrcalls.cpp(364)'
16:23.490000-0,EXCP,2,process=rphost,p:processName=bi_bk3wk1_prod_01,OSThread=3216,t:clientID=2617,t:applicationName=BackgroundJob,t:computerName=DC2BUHAPP11,t:connectID=14006,SessionID=7736,Usr=Шакиржанов Ержан Рашидович,Exception=SeanceContextException,Descr='Сеанс отсутствует или удален
ID=501addea-80c4-4f32-985e-fe8e9374530f, File=d:\jenkins\ci_builder2\windowsbuild2\platform\src\rserver\src\rmngrcalls.cpp(364)'
16:23.490001-0,EXCP,2,process=rphost,p:processName=bi_bk3wk1_prod_01,OSThread=3216,t:clientID=2617,t:applicationName=BackgroundJob,t:computerName=DC2BUHAPP11,t:connectID=14006,SessionID=7736,Usr=Шакиржанов Ержан Рашидович,Exception=60c686dc-798f-4d17-aadb-a90156a16eb8,Descr='src\rserver\src\serverjobexecutor.cpp(1095):
60c686dc-798f-4d17-aadb-a90156a16eb8: Сеанс отсутствует или удален
ID=501addea-80c4-4f32-985e-fe8e9374530f, File=d:\jenkins\ci_builder2\windowsbuild2\platform\src\rserver\src\rmngrcalls.cpp(364)'
16:23.490003-0,EXCP,3,process=rphost,p:processName=bi_bk3wk1_prod_01,OSThread=3216,t:clientID=2617,t:applicationName=BackgroundJob,t:computerName=DC2BUHAPP11,t:connectID=14006,SessionID=7736,Usr=Шакиржанов Ержан Рашидович,Exception=SeanceContextException,Descr='Сеанс отсутствует или удален
ID=501addea-80c4-4f32-985e-fe8e9374530f, File=d:\jenkins\ci_builder2\windowsbuild2\platform\src\rserver\src\clusterdistribimpl.cpp(1439)'
16:23.490005-0,EXCP,2,process=rphost,p:processName=bi_bk3wk1_prod_01,OSThread=3216,t:clientID=2617,t:applicationName=BackgroundJob,t:computerName=DC2BUHAPP11,t:connectID=14006,SessionID=7736,Usr=Шакиржанов Ержан Рашидович,Exception=60c686dc-798f-4d17-aadb-a90156a16eb8,Descr='src\rserver\src\rmngrcalls.cpp(476):
60c686dc-798f-4d17-aadb-a90156a16eb8: Сеанс отсутствует или удален
ID=501addea-80c4-4f32-985e-fe8e9374530f, File=d:\jenkins\ci_builder2\windowsbuild2\platform\src\rserver\src\clusterdistribimpl.cpp(1439)'
16:23.693000-0,EXCP,2,process=rphost,p:processName=bi_bk3wk1_prod_01,OSThread=3216,t:clientID=2617,t:applicationName=BackgroundJob,t:computerName=DC2BUHAPP11,t:connectID=14006,SessionID=7736,Usr=Шакиржанов Ержан Рашидович,Exception=SeanceContextException,Descr='Сеанс отсутствует или удален
ID=501addea-80c4-4f32-985e-fe8e9374530f, File=d:\jenkins\ci_builder2\windowsbuild2\platform\src\rserver\src\rmngrcalls.cpp(364)'
16:24.084010-0,EXCP,3,process=rphost,p:processName=bi_bk3wk1_prod_01,OSThread=436,t:clientID=2618,t:applicationName=BackgroundJob,t:computerName=DC2BUHAPP11,t:connectID=14007,SessionID=7737,Usr=Шакиржанов Ержан Рашидович,Exception=SeanceContextException,Descr='Сеанс отсутствует или удален
ID=6a6c0473-f4d2-43ff-ad6f-b710c7aa27ab, File=d:\jenkins\ci_builder2\windowsbuild2\platform\src\rserver\src\clusterdistribimpl.cpp(1439)'
16:24.084012-0,EXCP,2,process=rphost,p:processName=bi_bk3wk1_prod_01,OSThread=436,t:clientID=2618,t:applicationName=BackgroundJob,t:computerName=DC2BUHAPP11,t:connectID=14007,SessionID=7737,Usr=Шакиржанов Ержан Рашидович,Exception=60c686dc-798f-4d17-aadb-a90156a16eb8,Descr='src\rserver\src\rmngrcalls.cpp(476):
60c686dc-798f-4d17-aadb-a90156a16eb8: Сеанс отсутствует или удален
ID=6a6c0473-f4d2-43ff-ad6f-b710c7aa27ab, File=d:\jenkins\ci_builder2\windowsbuild2\platform\src\rserver\src\clusterdistribimpl.cpp(1439)'
16:24.240006-0,EXCP,2,process=rphost,p:processName=bi_bk3wk1_prod_01,OSThread=436,t:clientID=2618,t:applicationName=BackgroundJob,t:computerName=DC2BUHAPP11,t:connectID=14007,SessionID=7737,Usr=Шакиржанов Ержан Рашидович,Exception=SeanceContextException,Descr='Сеанс отсутствует или удален
ID=6a6c0473-f4d2-43ff-ad6f-b710c7aa27ab, File=d:\jenkins\ci_builder2\windowsbuild2\platform\src\rserver\src\rmngrcalls.cpp(364)'
16:24.240007-0,EXCP,2,process=rphost,p:processName=bi_bk3wk1_prod_01,OSThread=436,t:clientID=2618,t:applicationName=BackgroundJob,t:computerName=DC2BUHAPP11,t:connectID=14007,SessionID=7737,Usr=Шакиржанов Ержан Рашидович,Exception=60c686dc-798f-4d17-aadb-a90156a16eb8,Descr='src\rserver\src\serverjobexecutor.cpp(1095):
60c686dc-798f-4d17-aadb-a90156a16eb8: Сеанс отсутствует или удален
ID=6a6c0473-f4d2-43ff-ad6f-b710c7aa27ab, File=d:\jenkins\ci_builder2\windowsbuild2\platform\src\rserver\src\rmngrcalls.cpp(364)'
16:24.240009-0,EXCP,3,process=rphost,p:processName=bi_bk3wk1_prod_01,OSThread=436,t:clientID=2618,t:applicationName=BackgroundJob,t:computerName=DC2BUHAPP11,t:connectID=14007,SessionID=7737,Usr=Шакиржанов Ержан Рашидович,Exception=SeanceContextException,Descr='Сеанс отсутствует или удален
ID=6a6c0473-f4d2-43ff-ad6f-b710c7aa27ab, File=d:\jenkins\ci_builder2\windowsbuild2\platform\src\rserver\src\clusterdistribimpl.cpp(1439)'
16:24.240011-0,EXCP,2,process=rphost,p:processName=bi_bk3wk1_prod_01,OSThread=436,t:clientID=2618,t:applicationName=BackgroundJob,t:computerName=DC2BUHAPP11,t:connectID=14007,SessionID=7737,Usr=Шакиржанов Ержан Рашидович,Exception=60c686dc-798f-4d17-aadb-a90156a16eb8,Descr='src\rserver\src\rmngrcalls.cpp(476):
60c686dc-798f-4d17-aadb-a90156a16eb8: Сеанс отсутствует или удален
ID=6a6c0473-f4d2-43ff-ad6f-b710c7aa27ab, File=d:\jenkins\ci_builder2\windowsbuild2\platform\src\rserver\src\clusterdistribimpl.cpp(1439)'
16:24.443000-0,EXCP,2,process=rphost,p:processName=bi_bk3wk1_prod_01,OSThread=436,t:clientID=2618,t:applicationName=BackgroundJob,t:computerName=DC2BUHAPP11,t:connectID=14007,SessionID=7737,Usr=Шакиржанов Ержан Рашидович,Exception=SeanceContextException,Descr='Сеанс отсутствует или удален
ID=6a6c0473-f4d2-43ff-ad6f-b710c7aa27ab, File=d:\jenkins\ci_builder2\windowsbuild2\platform\src\rserver\src\rmngrcalls.cpp(364)'
16:24.725009-0,EXCP,3,process=rphost,p:processName=bi_bk3wk1_prod_01,OSThread=5360,t:clientID=2619,t:applicationName=BackgroundJob,t:computerName=DC2BUHAPP11,t:connectID=14008,SessionID=7738,Usr=Шакиржанов Ержан Рашидович,Exception=SeanceContextException,Descr='Сеанс отсутствует или удален
ID=896fb5b6-73fa-451c-864c-07f01cec2518, File=d:\jenkins\ci_builder2\windowsbuild2\platform\src\rserver\src\clusterdistribimpl.cpp(1439)'
16:24.725011-0,EXCP,2,process=rphost,p:processName=bi_bk3wk1_prod_01,OSThread=5360,t:clientID=2619,t:applicationName=BackgroundJob,t:computerName=DC2BUHAPP11,t:connectID=14008,SessionID=7738,Usr=Шакиржанов Ержан Рашидович,Exception=60c686dc-798f-4d17-aadb-a90156a16eb8,Descr='src\rserver\src\rmngrcalls.cpp(476):
60c686dc-798f-4d17-aadb-a90156a16eb8: Сеанс отсутствует или удален
ID=896fb5b6-73fa-451c-864c-07f01cec2518, File=d:\jenkins\ci_builder2\windowsbuild2\platform\src\rserver\src\clusterdistribimpl.cpp(1439)'
16:24.928000-0,EXCP,2,process=rphost,p:processName=bi_bk3wk1_prod_01,OSThread=5360,t:clientID=2619,t:applicationName=BackgroundJob,t:computerName=DC2BUHAPP11,t:connectID=14008,SessionID=7738,Usr=Шакиржанов Ержан Рашидович,Exception=SeanceContextException,Descr='Сеанс отсутствует или удален
ID=896fb5b6-73fa-451c-864c-07f01cec2518, File=d:\jenkins\ci_builder2\windowsbuild2\platform\src\rserver\src\rmngrcalls.cpp(364)'
16:24.928001-0,EXCP,2,process=rphost,p:processName=bi_bk3wk1_prod_01,OSThread=5360,t:clientID=2619,t:applicationName=BackgroundJob,t:computerName=DC2BUHAPP11,t:connectID=14008,SessionID=7738,Usr=Шакиржанов Ержан Рашидович,Exception=60c686dc-798f-4d17-aadb-a90156a16eb8,Descr='src\rserver\src\serverjobexecutor.cpp(1095):
60c686dc-798f-4d17-aadb-a90156a16eb8: Сеанс отсутствует или удален
ID=896fb5b6-73fa-451c-864c-07f01cec2518, File=d:\jenkins\ci_builder2\windowsbuild2\platform\src\rserver\src\rmngrcalls.cpp(364)'
16:24.928003-0,EXCP,3,process=rphost,p:processName=bi_bk3wk1_prod_01,OSThread=5360,t:clientID=2619,t:applicationName=BackgroundJob,t:computerName=DC2BUHAPP11,t:connectID=14008,SessionID=7738,Usr=Шакиржанов Ержан Рашидович,Exception=SeanceContextException,Descr='Сеанс отсутствует или удален
ID=896fb5b6-73fa-451c-864c-07f01cec2518, File=d:\jenkins\ci_builder2\windowsbuild2\platform\src\rserver\src\clusterdistribimpl.cpp(1439)'
16:24.928005-0,EXCP,2,process=rphost,p:processName=bi_bk3wk1_prod_01,OSThread=5360,t:clientID=2619,t:applicationName=BackgroundJob,t:computerName=DC2BUHAPP11,t:connectID=14008,SessionID=7738,Usr=Шакиржанов Ержан Рашидович,Exception=60c686dc-798f-4d17-aadb-a90156a16eb8,Descr='src\rserver\src\rmngrcalls.cpp(476):
60c686dc-798f-4d17-aadb-a90156a16eb8: Сеанс отсутствует или удален
ID=896fb5b6-73fa-451c-864c-07f01cec2518, File=d:\jenkins\ci_builder2\windowsbuild2\platform\src\rserver\src\clusterdistribimpl.cpp(1439)'
16:25.131000-0,EXCP,2,process=rphost,p:processName=bi_bk3wk1_prod_01,OSThread=5360,t:clientID=2619,t:applicationName=BackgroundJob,t:computerName=DC2BUHAPP11,t:connectID=14008,SessionID=7738,Usr=Шакиржанов Ержан Рашидович,Exception=SeanceContextException,Descr='Сеанс отсутствует или удален
ID=896fb5b6-73fa-451c-864c-07f01cec2518, File=d:\jenkins\ci_builder2\windowsbuild2\platform\src\rserver\src\rmngrcalls.cpp(364)'
16:26.303005-0,ADMIN,2,process=rphost,p:processName=ServerJobExecutorContext,OSThread=2384,t:clientID=2611,t:applicationName=JobScheduler,t:computerName=DC2BUHAPP11,Func=killClient,ClusterID=8aa94e2b-5d54-4b86-800b-79353ce39638,ConnectionID=a3e8c3ee-7d4c-4825-bbc8-18bbde6f9882,Mode=0,Ref=bi_bk3wk1_prod_01(bi_bk3wk1_prod_01),Host=DC2BUHAPP11,Connection=14010,Administrator=Unknown,Result=Success
16:27.256005-0,ADMIN,2,process=rphost,p:processName=ServerJobExecutorContext,OSThread=2384,t:clientID=2611,t:applicationName=JobScheduler,t:computerName=DC2BUHAPP11,Func=killClient,ClusterID=8aa94e2b-5d54-4b86-800b-79353ce39638,ConnectionID=9f1982b6-b4c6-4016-845e-4dd739ab4037,Mode=0,Ref=bi_bk3wk1_prod_01(bi_bk3wk1_prod_01),Host=DC2BUHAPP11,Connection=14012,Administrator=Unknown,Result=Success
16:28.490005-0,EXCP,3,process=rphost,p:processName=bi_bk3wk1_prod_01,OSThread=5360,t:clientID=2620,t:applicationName=BackgroundJob,t:computerName=DC2BUHAPP11,t:connectID=14010,SessionID=7740,Usr=Шакиржанов Ержан Рашидович,Exception=SeanceContextException,Descr='Сеанс отсутствует или удален
ID=2fe0e17c-312d-4cf4-a464-196da8035e29, File=d:\jenkins\ci_builder2\windowsbuild2\platform\src\rserver\src\clusterdistribimpl.cpp(1439)'
16:28.490007-0,EXCP,2,process=rphost,p:processName=bi_bk3wk1_prod_01,OSThread=5360,t:clientID=2620,t:applicationName=BackgroundJob,t:computerName=DC2BUHAPP11,t:connectID=14010,SessionID=7740,Usr=Шакиржанов Ержан Рашидович,Exception=60c686dc-798f-4d17-aadb-a90156a16eb8,Descr='src\rserver\src\rmngrcalls.cpp(476):
60c686dc-798f-4d17-aadb-a90156a16eb8: Сеанс отсутствует или удален
ID=2fe0e17c-312d-4cf4-a464-196da8035e29, File=d:\jenkins\ci_builder2\windowsbuild2\platform\src\rserver\src\clusterdistribimpl.cpp(1439)'
16:28.693000-0,EXCP,2,process=rphost,p:processName=bi_bk3wk1_prod_01,OSThread=5360,t:clientID=2620,t:applicationName=BackgroundJob,t:computerName=DC2BUHAPP11,t:connectID=14010,SessionID=7740,Usr=Шакиржанов Ержан Рашидович,Exception=SeanceContextException,Descr='Сеанс отсутствует или удален
ID=2fe0e17c-312d-4cf4-a464-196da8035e29, File=d:\jenkins\ci_builder2\windowsbuild2\platform\src\rserver\src\rmngrcalls.cpp(364)'
16:28.693001-0,EXCP,2,process=rphost,p:processName=bi_bk3wk1_prod_01,OSThread=5360,t:clientID=2620,t:applicationName=BackgroundJob,t:computerName=DC2BUHAPP11,t:connectID=14010,SessionID=7740,Usr=Шакиржанов Ержан Рашидович,Exception=60c686dc-798f-4d17-aadb-a90156a16eb8,Descr='src\rserver\src\serverjobexecutor.cpp(1095):
60c686dc-798f-4d17-aadb-a90156a16eb8: Сеанс отсутствует или удален
ID=2fe0e17c-312d-4cf4-a464-196da8035e29, File=d:\jenkins\ci_builder2\windowsbuild2\platform\src\rserver\src\rmngrcalls.cpp(364)'
16:28.693003-0,EXCP,3,process=rphost,p:processName=bi_bk3wk1_prod_01,OSThread=5360,t:clientID=2620,t:applicationName=BackgroundJob,t:computerName=DC2BUHAPP11,t:connectID=14010,SessionID=7740,Usr=Шакиржанов Ержан Рашидович,Exception=SeanceContextException,Descr='Сеанс отсутствует или удален
ID=2fe0e17c-312d-4cf4-a464-196da8035e29, File=d:\jenkins\ci_builder2\windowsbuild2\platform\src\rserver\src\clusterdistribimpl.cpp(1439)'
16:28.693005-0,EXCP,2,process=rphost,p:processName=bi_bk3wk1_prod_01,OSThread=5360,t:clientID=2620,t:applicationName=BackgroundJob,t:computerName=DC2BUHAPP11,t:connectID=14010,SessionID=7740,Usr=Шакиржанов Ержан Рашидович,Exception=60c686dc-798f-4d17-aadb-a90156a16eb8,Descr='src\rserver\src\rmngrcalls.cpp(476):
60c686dc-798f-4d17-aadb-a90156a16eb8: Сеанс отсутствует или удален
ID=2fe0e17c-312d-4cf4-a464-196da8035e29, File=d:\jenkins\ci_builder2\windowsbuild2\platform\src\rserver\src\clusterdistribimpl.cpp(1439)'
16:28.896000-0,EXCP,2,process=rphost,p:processName=bi_bk3wk1_prod_01,OSThread=5360,t:clientID=2620,t:applicationName=BackgroundJob,t:computerName=DC2BUHAPP11,t:connectID=14010,SessionID=7740,Usr=Шакиржанов Ержан Рашидович,Exception=SeanceContextException,Descr='Сеанс отсутствует или удален
ID=2fe0e17c-312d-4cf4-a464-196da8035e29, File=d:\jenkins\ci_builder2\windowsbuild2\platform\src\rserver\src\rmngrcalls.cpp(364)'
16:29.459000-0,EXCP,3,process=rphost,p:processName=bi_bk3wk1_prod_01,OSThread=436,t:clientID=2621,t:applicationName=BackgroundJob,t:computerName=DC2BUHAPP11,t:connectID=14012,SessionID=7742,Usr=Шакиржанов Ержан Рашидович,Exception=SeanceContextException,Descr='Сеанс отсутствует или удален
ID=ca67b824-2a5d-499f-8929-ea80581136fe, File=d:\jenkins\ci_builder2\windowsbuild2\platform\src\rserver\src\clusterdistribimpl.cpp(1439)'
16:29.459002-0,EXCP,2,process=rphost,p:processName=bi_bk3wk1_prod_01,OSThread=436,t:clientID=2621,t:applicationName=BackgroundJob,t:computerName=DC2BUHAPP11,t:connectID=14012,SessionID=7742,Usr=Шакиржанов Ержан Рашидович,Exception=60c686dc-798f-4d17-aadb-a90156a16eb8,Descr='src\rserver\src\rmngrcalls.cpp(476):
60c686dc-798f-4d17-aadb-a90156a16eb8: Сеанс отсутствует или удален
ID=ca67b824-2a5d-499f-8929-ea80581136fe, File=d:\jenkins\ci_builder2\windowsbuild2\platform\src\rserver\src\clusterdistribimpl.cpp(1439)'
16:29.662000-0,EXCP,2,process=rphost,p:processName=bi_bk3wk1_prod_01,OSThread=436,t:clientID=2621,t:applicationName=BackgroundJob,t:computerName=DC2BUHAPP11,t:connectID=14012,SessionID=7742,Usr=Шакиржанов Ержан Рашидович,Exception=SeanceContextException,Descr='Сеанс отсутствует или удален
ID=ca67b824-2a5d-499f-8929-ea80581136fe, File=d:\jenkins\ci_builder2\windowsbuild2\platform\src\rserver\src\rmngrcalls.cpp(364)'
16:29.662001-0,EXCP,2,process=rphost,p:processName=bi_bk3wk1_prod_01,OSThread=436,t:clientID=2621,t:applicationName=BackgroundJob,t:computerName=DC2BUHAPP11,t:connectID=14012,SessionID=7742,Usr=Шакиржанов Ержан Рашидович,Exception=60c686dc-798f-4d17-aadb-a90156a16eb8,Descr='src\rserver\src\serverjobexecutor.cpp(1095):
60c686dc-798f-4d17-aadb-a90156a16eb8: Сеанс отсутствует или удален
ID=ca67b824-2a5d-499f-8929-ea80581136fe, File=d:\jenkins\ci_builder2\windowsbuild2\platform\src\rserver\src\rmngrcalls.cpp(364)'
16:29.662003-0,EXCP,3,process=rphost,p:processName=bi_bk3wk1_prod_01,OSThread=436,t:clientID=2621,t:applicationName=BackgroundJob,t:computerName=DC2BUHAPP11,t:connectID=14012,SessionID=7742,Usr=Шакиржанов Ержан Рашидович,Exception=SeanceContextException,Descr='Сеанс отсутствует или удален
ID=ca67b824-2a5d-499f-8929-ea80581136fe, File=d:\jenkins\ci_builder2\windowsbuild2\platform\src\rserver\src\clusterdistribimpl.cpp(1439)'
16:29.662005-0,EXCP,2,process=rphost,p:processName=bi_bk3wk1_prod_01,OSThread=436,t:clientID=2621,t:applicationName=BackgroundJob,t:computerName=DC2BUHAPP11,t:connectID=14012,SessionID=7742,Usr=Шакиржанов Ержан Рашидович,Exception=60c686dc-798f-4d17-aadb-a90156a16eb8,Descr='src\rserver\src\rmngrcalls.cpp(476):
60c686dc-798f-4d17-aadb-a90156a16eb8: Сеанс отсутствует или удален
ID=ca67b824-2a5d-499f-8929-ea80581136fe, File=d:\jenkins\ci_builder2\windowsbuild2\platform\src\rserver\src\clusterdistribimpl.cpp(1439)'
16:29.865001-0,EXCP,2,process=rphost,p:processName=bi_bk3wk1_prod_01,OSThread=436,t:clientID=2621,t:applicationName=BackgroundJob,t:computerName=DC2BUHAPP11,t:connectID=14012,SessionID=7742,Usr=Шакиржанов Ержан Рашидович,Exception=SeanceContextException,Descr='Сеанс отсутствует или удален
ID=ca67b824-2a5d-499f-8929-ea80581136fe, File=d:\jenkins\ci_builder2\windowsbuild2\platform\src\rserver\src\rmngrcalls.cpp(364)'
21:32.743020-0,EXCP,0,process=rphost,OSThread=6268,ClientID=2629,Exception=NetDataExchangeException,Descr='server_addr=(2)10.224.32.125:62306 descr=10054(0x00002746): Удаленный хост принудительно разорвал существующее подключение.  line=1149 file=d:\jenkins\ci_builder2\windowsbuild2\platform\src\rtrsrvc\src\dataexchangeserverimpl.cpp'
21:32.743022-0,EXCPCNTX,0,ClientComputerName=,ServerComputerName=,UserName=,ConnectString=
27:56.369000-0,EXCP,0,process=rphost,OSThread=3944,ClientID=1082,Exception=NetDataExchangeException,Descr='server_addr=(2)10.224.32.232:58087 descr=10054(0x00002746): Удаленный хост принудительно разорвал существующее подключение.  line=1149 file=d:\jenkins\ci_builder2\windowsbuild2\platform\src\rtrsrvc\src\dataexchangeserverimpl.cpp'
27:56.369001-0,EXCP,0,process=rphost,OSThread=1236,ClientID=1124,Exception=NetDataExchangeException,Descr='server_addr=(2)10.224.32.232:58420 descr=10054(0x00002746): Удаленный хост принудительно разорвал существующее подключение.  line=2273 file=d:\jenkins\ci_builder2\windowsbuild2\platform\src\rtrsrvc\src\dataexchangeserverimpl.cpp'
27:56.369002-0,EXCPCNTX,0,ClientComputerName=,ServerComputerName=,UserName=,ConnectString=
27:56.369003-0,EXCPCNTX,0,ClientComputerName=,ServerComputerName=,UserName=,ConnectString=
28:22.415019-0,ADMIN,2,process=rphost,p:processName=ServerJobExecutorContext,OSThread=6700,t:clientID=2643,t:applicationName=JobScheduler,t:computerName=DC2BUHAPP11,Func=killClient,ClusterID=8aa94e2b-5d54-4b86-800b-79353ce39638,ConnectionID=369ab1b6-c0a3-412c-91f8-76b8f8e01792,Mode=0,Ref=bi_bk3wk1_prod_01(bi_bk3wk1_prod_01),Host=DC2BUHAPP11,Connection=14055,Administrator=Unknown,Result=Success
28:32.572005-0,EXCP,3,process=rphost,p:processName=bi_bk3wk1_prod_01,OSThread=5200,t:clientID=2644,t:applicationName=BackgroundJob,t:computerName=DC2BUHAPP11,t:connectID=14055,SessionID=7792,Usr=WK1_Жанияр_Ғайни_Сағындыққызы,Exception=SeanceContextException,Descr='Сеанс отсутствует или удален
ID=f8c91e65-ddb7-4576-ab61-6e3b664ec67e, File=d:\jenkins\ci_builder2\windowsbuild2\platform\src\rserver\src\clusterdistribimpl.cpp(1439)'
28:32.572007-0,EXCP,2,process=rphost,p:processName=bi_bk3wk1_prod_01,OSThread=5200,t:clientID=2644,t:applicationName=BackgroundJob,t:computerName=DC2BUHAPP11,t:connectID=14055,SessionID=7792,Usr=WK1_Жанияр_Ғайни_Сағындыққызы,Exception=60c686dc-798f-4d17-aadb-a90156a16eb8,Descr='src\rserver\src\rmngrcalls.cpp(476):
60c686dc-798f-4d17-aadb-a90156a16eb8: Сеанс отсутствует или удален
ID=f8c91e65-ddb7-4576-ab61-6e3b664ec67e, File=d:\jenkins\ci_builder2\windowsbuild2\platform\src\rserver\src\clusterdistribimpl.cpp(1439)'
28:32.775000-0,EXCP,2,process=rphost,p:processName=bi_bk3wk1_prod_01,OSThread=5200,t:clientID=2644,t:applicationName=BackgroundJob,t:computerName=DC2BUHAPP11,t:connectID=14055,SessionID=7792,Usr=WK1_Жанияр_Ғайни_Сағындыққызы,Exception=SeanceContextException,Descr='Сеанс отсутствует или удален
ID=f8c91e65-ddb7-4576-ab61-6e3b664ec67e, File=d:\jenkins\ci_builder2\windowsbuild2\platform\src\rserver\src\rmngrcalls.cpp(364)'
28:32.775001-0,EXCP,2,process=rphost,p:processName=bi_bk3wk1_prod_01,OSThread=5200,t:clientID=2644,t:applicationName=BackgroundJob,t:computerName=DC2BUHAPP11,t:connectID=14055,SessionID=7792,Usr=WK1_Жанияр_Ғайни_Сағындыққызы,Exception=60c686dc-798f-4d17-aadb-a90156a16eb8,Descr='src\rserver\src\serverjobexecutor.cpp(1095):
60c686dc-798f-4d17-aadb-a90156a16eb8: Сеанс отсутствует или удален
ID=f8c91e65-ddb7-4576-ab61-6e3b664ec67e, File=d:\jenkins\ci_builder2\windowsbuild2\platform\src\rserver\src\rmngrcalls.cpp(364)'
28:32.775003-0,EXCP,3,process=rphost,p:processName=bi_bk3wk1_prod_01,OSThread=5200,t:clientID=2644,t:applicationName=BackgroundJob,t:computerName=DC2BUHAPP11,t:connectID=14055,SessionID=7792,Usr=WK1_Жанияр_Ғайни_Сағындыққызы,Exception=SeanceContextException,Descr='Сеанс отсутствует или удален
ID=f8c91e65-ddb7-4576-ab61-6e3b664ec67e, File=d:\jenkins\ci_builder2\windowsbuild2\platform\src\rserver\src\clusterdistribimpl.cpp(1439)'
28:32.775005-0,EXCP,2,process=rphost,p:processName=bi_bk3wk1_prod_01,OSThread=5200,t:clientID=2644,t:applicationName=BackgroundJob,t:computerName=DC2BUHAPP11,t:connectID=14055,SessionID=7792,Usr=WK1_Жанияр_Ғайни_Сағындыққызы,Exception=60c686dc-798f-4d17-aadb-a90156a16eb8,Descr='src\rserver\src\rmngrcalls.cpp(476):
60c686dc-798f-4d17-aadb-a90156a16eb8: Сеанс отсутствует или удален
ID=f8c91e65-ddb7-4576-ab61-6e3b664ec67e, File=d:\jenkins\ci_builder2\windowsbuild2\platform\src\rserver\src\clusterdistribimpl.cpp(1439)'
28:32.978000-0,EXCP,2,process=rphost,p:processName=bi_bk3wk1_prod_01,OSThread=5200,t:clientID=2644,t:applicationName=BackgroundJob,t:computerName=DC2BUHAPP11,t:connectID=14055,SessionID=7792,Usr=WK1_Жанияр_Ғайни_Сағындыққызы,Exception=SeanceContextException,Descr='Сеанс отсутствует или удален
ID=f8c91e65-ddb7-4576-ab61-6e3b664ec67e, File=d:\jenkins\ci_builder2\windowsbuild2\platform\src\rserver\src\rmngrcalls.cpp(364)'
30:05.761000-0,EXCP,0,process=rphost,OSThread=436,ClientID=1412,Exception=NetDataExchangeException,Descr='server_addr=(2)10.3.172.24:59152 descr=10054(0x00002746): Удаленный хост принудительно разорвал существующее подключение.  line=2273 file=d:\jenkins\ci_builder2\windowsbuild2\platform\src\rtrsrvc\src\dataexchangeserverimpl.cpp'
30:05.761001-0,EXCP,0,process=rphost,OSThread=5536,ClientID=1414,Exception=NetDataExchangeException,Descr='server_addr=(2)10.3.172.24:59157 descr=10054(0x00002746): Удаленный хост принудительно разорвал существующее подключение.  line=1149 file=d:\jenkins\ci_builder2\windowsbuild2\platform\src\rtrsrvc\src\dataexchangeserverimpl.cpp'
30:05.761002-0,EXCPCNTX,0,ClientComputerName=,ServerComputerName=,UserName=,ConnectString=
30:05.761003-0,EXCPCNTX,0,ClientComputerName=,ServerComputerName=,UserName=,ConnectString=
36:25.594000-0,EXCP,0,process=rphost,OSThread=3944,ClientID=1875,Exception=NetDataExchangeException,Descr='server_addr=(2)10.3.172.9:65057 descr=10054(0x00002746): Удаленный хост принудительно разорвал существующее подключение.  line=1149 file=d:\jenkins\ci_builder2\windowsbuild2\platform\src\rtrsrvc\src\dataexchangeserverimpl.cpp'
36:25.594001-0,EXCPCNTX,0,ClientComputerName=,ServerComputerName=,UserName=,ConnectString=
36:25.594002-0,EXCP,0,process=rphost,OSThread=1868,ClientID=1876,Exception=NetDataExchangeException,Descr='server_addr=(2)10.3.172.9:65062 descr=10054(0x00002746): Удаленный хост принудительно разорвал существующее подключение.  line=1149 file=d:\jenkins\ci_builder2\windowsbuild2\platform\src\rtrsrvc\src\dataexchangeserverimpl.cpp'
36:25.594005-0,EXCPCNTX,0,ClientComputerName=,ServerComputerName=,UserName=,ConnectString=
45:13.571000-0,EXCP,0,process=rphost,OSThread=6268,ClientID=1580,Exception=NetDataExchangeException,Descr='server_addr=(2)10.224.32.212:52343 descr=10054(0x00002746): Удаленный хост принудительно разорвал существующее подключение.  line=1149 file=d:\jenkins\ci_builder2\windowsbuild2\platform\src\rtrsrvc\src\dataexchangeserverimpl.cpp'
45:13.571001-0,EXCPCNTX,0,ClientComputerName=,ServerComputerName=,UserName=,ConnectString=
45:13.571002-0,EXCP,0,process=rphost,OSThread=4400,ClientID=1579,Exception=NetDataExchangeException,Descr='server_addr=(2)10.224.32.212:52333 descr=10054(0x00002746): Удаленный хост принудительно разорвал существующее подключение.  line=1149 file=d:\jenkins\ci_builder2\windowsbuild2\platform\src\rtrsrvc\src\dataexchangeserverimpl.cpp'
45:13.571003-0,EXCPCNTX,0,ClientComputerName=,ServerComputerName=,UserName=,ConnectString=
48:28.476000-0,EXCP,0,process=rphost,OSThread=4988,ClientID=1090,Exception=NetDataExchangeException,Descr='server_addr=(2)10.225.32.64:61402 descr=10054(0x00002746): Удаленный хост принудительно разорвал существующее подключение.  line=1149 file=d:\jenkins\ci_builder2\windowsbuild2\platform\src\rtrsrvc\src\dataexchangeserverimpl.cpp'
48:28.476001-0,EXCPCNTX,0,ClientComputerName=,ServerComputerName=,UserName=,ConnectString=
48:28.476003-0,EXCP,0,process=rphost,OSThread=4988,ClientID=1133,Exception=NetDataExchangeException,Descr='server_addr=(2)10.225.32.64:61754 descr=10054(0x00002746): Удаленный хост принудительно разорвал существующее подключение.  line=1149 file=d:\jenkins\ci_builder2\windowsbuild2\platform\src\rtrsrvc\src\dataexchangeserverimpl.cpp'
48:28.476004-0,EXCPCNTX,0,ClientComputerName=,ServerComputerName=,UserName=,ConnectString=
56:03.209000-0,EXCP,0,process=rphost,OSThread=6908,ClientID=1116,Exception=NetDataExchangeException,Descr='server_addr=(2)10.224.32.248:53097 descr=10054(0x00002746): Удаленный хост принудительно разорвал существующее подключение.  line=1149 file=d:\jenkins\ci_builder2\windowsbuild2\platform\src\rtrsrvc\src\dataexchangeserverimpl.cpp'
56:03.209001-0,EXCPCNTX,0,ClientComputerName=,ServerComputerName=,UserName=,ConnectString=
56:03.209004-0,EXCP,0,process=rphost,OSThread=2900,ClientID=1117,Exception=NetDataExchangeException,Descr='server_addr=(2)10.224.32.248:53100 descr=10054(0x00002746): Удаленный хост принудительно разорвал существующее подключение.  line=1149 file=d:\jenkins\ci_builder2\windowsbuild2\platform\src\rtrsrvc\src\dataexchangeserverimpl.cpp'
56:03.209005-0,EXCPCNTX,0,ClientComputerName=,ServerComputerName=,UserName=,ConnectString=
