00:06.900001-0,EXCP,0,process=rphost,OSThread=2752,ClientID=723,Exception=NetDataExchangeException,Descr='server_addr=(2)10.225.32.64:57636 descr=2(0x00000002): Не удается найти указанный файл.  line=1149 file=d:\jenkins\ci_builder2\windowsbuild2\platform\src\rtrsrvc\src\dataexchangeserverimpl.cpp'
00:06.900002-0,EXCPCNTX,0,ClientComputerName=,ServerComputerName=,UserName=,ConnectString=
00:21.978000-0,EXCP,0,process=rphost,OSThread=7896,ClientID=724,Exception=NetDataExchangeException,Descr='server_addr=(2)10.225.32.64:57638 descr=2(0x00000002): Не удается найти указанный файл.  line=1149 file=d:\jenkins\ci_builder2\windowsbuild2\platform\src\rtrsrvc\src\dataexchangeserverimpl.cpp'
00:21.978001-0,EXCPCNTX,0,ClientComputerName=,ServerComputerName=,UserName=,ConnectString=
00:37.056000-0,EXCP,0,process=rphost,OSThread=4724,ClientID=725,Exception=NetDataExchangeException,Descr='server_addr=(2)10.225.32.64:57643 descr=2(0x00000002): Не удается найти указанный файл.  line=1149 file=d:\jenkins\ci_builder2\windowsbuild2\platform\src\rtrsrvc\src\dataexchangeserverimpl.cpp'
00:37.056001-0,EXCPCNTX,0,ClientComputerName=,ServerComputerName=,UserName=,ConnectString=
00:48.556016-0,EXCP,0,process=rphost,OSThread=2752,ClientID=457,Exception=NetDataExchangeException,Descr='server_addr=(2)10.224.32.240:51793 descr=2(0x00000002): Не удается найти указанный файл.  line=1149 file=d:\jenkins\ci_builder2\windowsbuild2\platform\src\rtrsrvc\src\dataexchangeserverimpl.cpp'
00:48.556018-0,EXCPCNTX,0,ClientComputerName=,ServerComputerName=,UserName=,ConnectString=
00:52.150000-0,EXCP,0,process=rphost,OSThread=6864,ClientID=726,Exception=NetDataExchangeException,Descr='server_addr=(2)10.225.32.64:57644 descr=2(0x00000002): Не удается найти указанный файл.  line=1149 file=d:\jenkins\ci_builder2\windowsbuild2\platform\src\rtrsrvc\src\dataexchangeserverimpl.cpp'
00:52.150001-0,EXCPCNTX,0,ClientComputerName=,ServerComputerName=,UserName=,ConnectString=
01:07.214000-0,EXCP,0,process=rphost,OSThread=4724,ClientID=728,Exception=NetDataExchangeException,Descr='server_addr=(2)10.225.32.64:57656 descr=2(0x00000002): Не удается найти указанный файл.  line=1149 file=d:\jenkins\ci_builder2\windowsbuild2\platform\src\rtrsrvc\src\dataexchangeserverimpl.cpp'
01:07.214001-0,EXCPCNTX,0,ClientComputerName=,ServerComputerName=,UserName=,ConnectString=
01:22.292000-0,EXCP,0,process=rphost,OSThread=11128,ClientID=730,Exception=NetDataExchangeException,Descr='server_addr=(2)10.225.32.64:57673 descr=2(0x00000002): Не удается найти указанный файл.  line=1149 file=d:\jenkins\ci_builder2\windowsbuild2\platform\src\rtrsrvc\src\dataexchangeserverimpl.cpp'
01:22.292001-0,EXCPCNTX,0,ClientComputerName=,ServerComputerName=,UserName=,ConnectString=
01:37.370000-0,EXCP,0,process=rphost,OSThread=11128,ClientID=732,Exception=NetDataExchangeException,Descr='server_addr=(2)10.225.32.64:57690 descr=2(0x00000002): Не удается найти указанный файл.  line=1149 file=d:\jenkins\ci_builder2\windowsbuild2\platform\src\rtrsrvc\src\dataexchangeserverimpl.cpp'
01:37.370002-0,EXCPCNTX,0,ClientComputerName=,ServerComputerName=,UserName=,ConnectString=
01:52.448001-0,EXCP,0,process=rphost,OSThread=5596,ClientID=733,Exception=NetDataExchangeException,Descr='server_addr=(2)10.225.32.64:57693 descr=2(0x00000002): Не удается найти указанный файл.  line=1149 file=d:\jenkins\ci_builder2\windowsbuild2\platform\src\rtrsrvc\src\dataexchangeserverimpl.cpp'
01:52.448002-0,EXCPCNTX,0,ClientComputerName=,ServerComputerName=,UserName=,ConnectString=
02:07.527000-0,EXCP,0,process=rphost,OSThread=7896,ClientID=734,Exception=NetDataExchangeException,Descr='server_addr=(2)10.225.32.64:57694 descr=2(0x00000002): Не удается найти указанный файл.  line=1149 file=d:\jenkins\ci_builder2\windowsbuild2\platform\src\rtrsrvc\src\dataexchangeserverimpl.cpp'
02:07.527001-0,EXCPCNTX,0,ClientComputerName=,ServerComputerName=,UserName=,ConnectString=
02:22.590000-0,EXCP,0,process=rphost,OSThread=7896,ClientID=735,Exception=NetDataExchangeException,Descr='server_addr=(2)10.225.32.64:57696 descr=2(0x00000002): Не удается найти указанный файл.  line=1149 file=d:\jenkins\ci_builder2\windowsbuild2\platform\src\rtrsrvc\src\dataexchangeserverimpl.cpp'
02:22.590001-0,EXCPCNTX,0,ClientComputerName=,ServerComputerName=,UserName=,ConnectString=
02:37.684000-0,EXCP,0,process=rphost,OSThread=9240,ClientID=737,Exception=NetDataExchangeException,Descr='server_addr=(2)10.225.32.64:57697 descr=2(0x00000002): Не удается найти указанный файл.  line=1149 file=d:\jenkins\ci_builder2\windowsbuild2\platform\src\rtrsrvc\src\dataexchangeserverimpl.cpp'
02:37.684001-0,EXCPCNTX,0,ClientComputerName=,ServerComputerName=,UserName=,ConnectString=
02:39.012014-0,EXCP,0,process=rphost,OSThread=6864,ClientID=738,Exception=NetDataExchangeException,Descr='server_addr=(2)10.225.32.64:57702 descr=2(0x00000002): Не удается найти указанный файл.  line=1149 file=d:\jenkins\ci_builder2\windowsbuild2\platform\src\rtrsrvc\src\dataexchangeserverimpl.cpp'
02:39.012016-0,EXCPCNTX,0,ClientComputerName=,ServerComputerName=,UserName=,ConnectString=
03:17.624017-0,EXCP,2,process=rphost,p:processName=bi_bk3wk1_prod_01,OSThread=5536,t:clientID=13,t:applicationName=1CV8C,t:computerName=DC2RDSH08,t:connectID=1618,SessionID=482,Usr=WK1_Закарьянова_Самал_Мухтаровна,AppID=1CV8C,Exception=afd2b550-0d52-4e03-b448-15ed68d87ac5,Descr='src\basic\src\documentlogformobjcontroller.cpp(884):
afd2b550-0d52-4e03-b448-15ed68d87ac5
0d2200af-1696-4395-91e5-2872675e6d3d: Не удалось провести "Заявка на оплату EAP00001358 от 22.04.2020 10:03:12"!',Context=Форма.Записать : Документ.ЗаявкаНаОплату.Форма.ФормаДокумента
03:17.655000-0,EXCP,2,process=rphost,p:processName=bi_bk3wk1_prod_01,OSThread=5536,t:clientID=13,t:applicationName=1CV8C,t:computerName=DC2RDSH08,t:connectID=1618,SessionID=482,Usr=WK1_Закарьянова_Самал_Мухтаровна,AppID=1CV8C,Exception=580392e6-ba49-4280-ac67-fcd6f2180121,Descr='src\vrsbase\src\vresourceinfobaseimpl.cpp(1114):
580392e6-ba49-4280-ac67-fcd6f2180121: Неспецифицированная ошибка работы с ресурсом
Ошибка при выполнении запроса POST к ресурсу /e1cib/logForm:
afd2b550-0d52-4e03-b448-15ed68d87ac5
0d2200af-1696-4395-91e5-2872675e6d3d: Не удалось провести "Заявка на оплату EAP00001358 от 22.04.2020 10:03:12"!'
11:02.739023-0,EXCP,2,process=rphost,p:processName=bi_bk3wk1_prod_01,OSThread=10288,t:clientID=13,t:applicationName=1CV8C,t:computerName=DC2RDSH08,t:connectID=1618,SessionID=482,Usr=WK1_Закарьянова_Самал_Мухтаровна,AppID=1CV8C,Exception=afd2b550-0d52-4e03-b448-15ed68d87ac5,Descr='src\basic\src\documentlogformobjcontroller.cpp(884):
afd2b550-0d52-4e03-b448-15ed68d87ac5
0d2200af-1696-4395-91e5-2872675e6d3d: Не удалось провести "Заявка на оплату EAP00001358 от 22.04.2020 10:11:00"!',Context=Форма.Записать : Документ.ЗаявкаНаОплату.Форма.ФормаДокумента
11:02.771000-0,EXCP,2,process=rphost,p:processName=bi_bk3wk1_prod_01,OSThread=10288,t:clientID=13,t:applicationName=1CV8C,t:computerName=DC2RDSH08,t:connectID=1618,SessionID=482,Usr=WK1_Закарьянова_Самал_Мухтаровна,AppID=1CV8C,Exception=580392e6-ba49-4280-ac67-fcd6f2180121,Descr='src\vrsbase\src\vresourceinfobaseimpl.cpp(1114):
580392e6-ba49-4280-ac67-fcd6f2180121: Неспецифицированная ошибка работы с ресурсом
Ошибка при выполнении запроса POST к ресурсу /e1cib/logForm:
afd2b550-0d52-4e03-b448-15ed68d87ac5
0d2200af-1696-4395-91e5-2872675e6d3d: Не удалось провести "Заявка на оплату EAP00001358 от 22.04.2020 10:11:00"!'
20:32.545000-0,EXCP,2,process=rphost,p:processName=bi_bk3wk1_prod_01,OSThread=5536,t:clientID=110,t:applicationName=1CV8C,t:computerName=DC2RDSH26,t:connectID=1823,SessionID=679,Usr=Есжанова Нургуль Муратовна,AppID=1CV8C,Exception=SeanceContextException,Descr=Попытка получения неинициализированного значения параметра сеанса,Context='Форма.Вызов : Обработка.ОбщиеОбъектыРегламентированнойОтчетности.Форма.УправлениеОтчетностью.Модуль.ОткрытьФормуОтчетаНаСервере
Обработка.ОбщиеОбъектыРегламентированнойОтчетности.Форма.УправлениеОтчетностью.Форма : 1028 : ПравоДоступаКОтчету = РегламентированнаяОтчетностьВызовСервера.ПравоДоступаКРегламентированномуОтчету(ИсточникОтчета);
	ОбщийМодуль.РегламентированнаяОтчетностьВызовСервера.Модуль : 22 : Если НЕ РегламентированнаяОтчетность.ЭтоВнешнийОтчет(ИдентификаторОтчета) Тогда // это внутренний отчет
		ОбщийМодуль.РегламентированнаяОтчетность.Модуль : 26 : Если ПризнакИспользованияВнешнегоОтчетаСУчетомКэша(НайденныйЭлемент) <> Истина
			ОбщийМодуль.РегламентированнаяОтчетность.Модуль : 1844 : Кэш = ПараметрыСеанса.ХранилищеПараметровВнешнихРегламентированныхОтчетов.Получить();'
27:43.207019-0,EXCP,2,process=rphost,p:processName=bi_bk3wk1_prod_01,OSThread=10444,t:clientID=13,t:applicationName=1CV8C,t:computerName=DC2RDSH08,t:connectID=1618,SessionID=482,Usr=WK1_Закарьянова_Самал_Мухтаровна,AppID=1CV8C,Exception=afd2b550-0d52-4e03-b448-15ed68d87ac5,Descr='src\basic\src\documentlogformobjcontroller.cpp(884):
afd2b550-0d52-4e03-b448-15ed68d87ac5
0d2200af-1696-4395-91e5-2872675e6d3d: Не удалось провести "Заявка на оплату EAP00001358 от 22.04.2020 10:27:38"!',Context=Форма.Записать : Документ.ЗаявкаНаОплату.Форма.ФормаДокумента
27:43.238000-0,EXCP,2,process=rphost,p:processName=bi_bk3wk1_prod_01,OSThread=10444,t:clientID=13,t:applicationName=1CV8C,t:computerName=DC2RDSH08,t:connectID=1618,SessionID=482,Usr=WK1_Закарьянова_Самал_Мухтаровна,AppID=1CV8C,Exception=580392e6-ba49-4280-ac67-fcd6f2180121,Descr='src\vrsbase\src\vresourceinfobaseimpl.cpp(1114):
580392e6-ba49-4280-ac67-fcd6f2180121: Неспецифицированная ошибка работы с ресурсом
Ошибка при выполнении запроса POST к ресурсу /e1cib/logForm:
afd2b550-0d52-4e03-b448-15ed68d87ac5
0d2200af-1696-4395-91e5-2872675e6d3d: Не удалось провести "Заявка на оплату EAP00001358 от 22.04.2020 10:27:38"!'
39:59.780012-0,EXCP,0,process=rphost,OSThread=3792,ClientID=272,Exception=NetDataExchangeException,Descr='server_addr=(2)10.3.172.9:53110 descr=10054(0x00002746): Удаленный хост принудительно разорвал существующее подключение.  line=1149 file=d:\jenkins\ci_builder2\windowsbuild2\platform\src\rtrsrvc\src\dataexchangeserverimpl.cpp'
39:59.780015-0,EXCPCNTX,0,ClientComputerName=,ServerComputerName=,UserName=,ConnectString=
41:29.952005-0,ADMIN,2,process=rphost,p:processName=ServerJobExecutorContext,OSThread=5160,t:clientID=750,t:applicationName=JobScheduler,t:computerName=DC2BUHAPP11,Func=killClient,ClusterID=8aa94e2b-5d54-4b86-800b-79353ce39638,ConnectionID=df287e29-1e32-4f59-86ff-457b206b0e76,Mode=0,Ref=bi_bk3wk1_prod_01(bi_bk3wk1_prod_01),Host=DC2BUHAPP11,Connection=3421,Administrator=Unknown,Result=Success
41:30.123005-0,EXCP,3,process=rphost,p:processName=bi_bk3wk1_prod_01,OSThread=10244,t:clientID=753,t:applicationName=BackgroundJob,t:computerName=DC2BUHAPP11,t:connectID=3421,SessionID=2454,Usr=Павленко Жанна Александровна,Exception=SeanceContextException,Descr='Сеанс отсутствует или удален
ID=682294cb-2c9a-4c50-a265-196c20769117, File=d:\jenkins\ci_builder2\windowsbuild2\platform\src\rserver\src\clusterdistribimpl.cpp(1439)'
41:30.123007-0,EXCP,2,process=rphost,p:processName=bi_bk3wk1_prod_01,OSThread=10244,t:clientID=753,t:applicationName=BackgroundJob,t:computerName=DC2BUHAPP11,t:connectID=3421,SessionID=2454,Usr=Павленко Жанна Александровна,Exception=60c686dc-798f-4d17-aadb-a90156a16eb8,Descr='src\rserver\src\rmngrcalls.cpp(476):
60c686dc-798f-4d17-aadb-a90156a16eb8: Сеанс отсутствует или удален
ID=682294cb-2c9a-4c50-a265-196c20769117, File=d:\jenkins\ci_builder2\windowsbuild2\platform\src\rserver\src\clusterdistribimpl.cpp(1439)'
41:30.327000-0,EXCP,2,process=rphost,p:processName=bi_bk3wk1_prod_01,OSThread=10244,t:clientID=753,t:applicationName=BackgroundJob,t:computerName=DC2BUHAPP11,t:connectID=3421,SessionID=2454,Usr=Павленко Жанна Александровна,Exception=SeanceContextException,Descr='Сеанс отсутствует или удален
ID=682294cb-2c9a-4c50-a265-196c20769117, File=d:\jenkins\ci_builder2\windowsbuild2\platform\src\rserver\src\rmngrcalls.cpp(364)'
41:30.327001-0,EXCP,2,process=rphost,p:processName=bi_bk3wk1_prod_01,OSThread=10244,t:clientID=753,t:applicationName=BackgroundJob,t:computerName=DC2BUHAPP11,t:connectID=3421,SessionID=2454,Usr=Павленко Жанна Александровна,Exception=60c686dc-798f-4d17-aadb-a90156a16eb8,Descr='src\rserver\src\serverjobexecutor.cpp(1095):
60c686dc-798f-4d17-aadb-a90156a16eb8: Сеанс отсутствует или удален
ID=682294cb-2c9a-4c50-a265-196c20769117, File=d:\jenkins\ci_builder2\windowsbuild2\platform\src\rserver\src\rmngrcalls.cpp(364)'
41:30.327003-0,EXCP,3,process=rphost,p:processName=bi_bk3wk1_prod_01,OSThread=10244,t:clientID=753,t:applicationName=BackgroundJob,t:computerName=DC2BUHAPP11,t:connectID=3421,SessionID=2454,Usr=Павленко Жанна Александровна,Exception=SeanceContextException,Descr='Сеанс отсутствует или удален
ID=682294cb-2c9a-4c50-a265-196c20769117, File=d:\jenkins\ci_builder2\windowsbuild2\platform\src\rserver\src\clusterdistribimpl.cpp(1439)'
41:30.327005-0,EXCP,2,process=rphost,p:processName=bi_bk3wk1_prod_01,OSThread=10244,t:clientID=753,t:applicationName=BackgroundJob,t:computerName=DC2BUHAPP11,t:connectID=3421,SessionID=2454,Usr=Павленко Жанна Александровна,Exception=60c686dc-798f-4d17-aadb-a90156a16eb8,Descr='src\rserver\src\rmngrcalls.cpp(476):
60c686dc-798f-4d17-aadb-a90156a16eb8: Сеанс отсутствует или удален
ID=682294cb-2c9a-4c50-a265-196c20769117, File=d:\jenkins\ci_builder2\windowsbuild2\platform\src\rserver\src\clusterdistribimpl.cpp(1439)'
41:30.452006-0,EXCP,2,process=rphost,p:processName=bi_bk3wk1_prod_01,OSThread=10244,t:clientID=753,t:applicationName=BackgroundJob,t:computerName=DC2BUHAPP11,t:connectID=3421,SessionID=2454,Usr=Павленко Жанна Александровна,Exception=SeanceContextException,Descr='Сеанс отсутствует или удален
ID=682294cb-2c9a-4c50-a265-196c20769117, File=d:\jenkins\ci_builder2\windowsbuild2\platform\src\rserver\src\rmngrcalls.cpp(364)'
42:07.530005-0,ADMIN,2,process=rphost,p:processName=ServerJobExecutorContext,OSThread=5160,t:clientID=750,t:applicationName=JobScheduler,t:computerName=DC2BUHAPP11,Func=killClient,ClusterID=8aa94e2b-5d54-4b86-800b-79353ce39638,ConnectionID=2ef139ba-7559-4f6f-89f6-b2fdea02732b,Mode=0,Ref=bi_bk3wk1_prod_01(bi_bk3wk1_prod_01),Host=DC2BUHAPP11,Connection=3433,Administrator=Unknown,Result=Success
42:09.077005-0,EXCP,3,process=rphost,p:processName=bi_bk3wk1_prod_01,OSThread=3712,t:clientID=755,t:applicationName=BackgroundJob,t:computerName=DC2BUHAPP11,t:connectID=3433,SessionID=2468,Usr=Павленко Жанна Александровна,Exception=SeanceContextException,Descr='Сеанс отсутствует или удален
ID=78a6c4ae-f436-4528-9e40-b819ec1e01d2, File=d:\jenkins\ci_builder2\windowsbuild2\platform\src\rserver\src\clusterdistribimpl.cpp(1439)'
42:09.077007-0,EXCP,2,process=rphost,p:processName=bi_bk3wk1_prod_01,OSThread=3712,t:clientID=755,t:applicationName=BackgroundJob,t:computerName=DC2BUHAPP11,t:connectID=3433,SessionID=2468,Usr=Павленко Жанна Александровна,Exception=60c686dc-798f-4d17-aadb-a90156a16eb8,Descr='src\rserver\src\rmngrcalls.cpp(476):
60c686dc-798f-4d17-aadb-a90156a16eb8: Сеанс отсутствует или удален
ID=78a6c4ae-f436-4528-9e40-b819ec1e01d2, File=d:\jenkins\ci_builder2\windowsbuild2\platform\src\rserver\src\clusterdistribimpl.cpp(1439)'
42:09.280000-0,EXCP,2,process=rphost,p:processName=bi_bk3wk1_prod_01,OSThread=3712,t:clientID=755,t:applicationName=BackgroundJob,t:computerName=DC2BUHAPP11,t:connectID=3433,SessionID=2468,Usr=Павленко Жанна Александровна,Exception=SeanceContextException,Descr='Сеанс отсутствует или удален
ID=78a6c4ae-f436-4528-9e40-b819ec1e01d2, File=d:\jenkins\ci_builder2\windowsbuild2\platform\src\rserver\src\rmngrcalls.cpp(364)'
42:09.280001-0,EXCP,2,process=rphost,p:processName=bi_bk3wk1_prod_01,OSThread=3712,t:clientID=755,t:applicationName=BackgroundJob,t:computerName=DC2BUHAPP11,t:connectID=3433,SessionID=2468,Usr=Павленко Жанна Александровна,Exception=60c686dc-798f-4d17-aadb-a90156a16eb8,Descr='src\rserver\src\serverjobexecutor.cpp(1095):
60c686dc-798f-4d17-aadb-a90156a16eb8: Сеанс отсутствует или удален
ID=78a6c4ae-f436-4528-9e40-b819ec1e01d2, File=d:\jenkins\ci_builder2\windowsbuild2\platform\src\rserver\src\rmngrcalls.cpp(364)'
42:09.280003-0,EXCP,3,process=rphost,p:processName=bi_bk3wk1_prod_01,OSThread=3712,t:clientID=755,t:applicationName=BackgroundJob,t:computerName=DC2BUHAPP11,t:connectID=3433,SessionID=2468,Usr=Павленко Жанна Александровна,Exception=SeanceContextException,Descr='Сеанс отсутствует или удален
ID=78a6c4ae-f436-4528-9e40-b819ec1e01d2, File=d:\jenkins\ci_builder2\windowsbuild2\platform\src\rserver\src\clusterdistribimpl.cpp(1439)'
42:09.280005-0,EXCP,2,process=rphost,p:processName=bi_bk3wk1_prod_01,OSThread=3712,t:clientID=755,t:applicationName=BackgroundJob,t:computerName=DC2BUHAPP11,t:connectID=3433,SessionID=2468,Usr=Павленко Жанна Александровна,Exception=60c686dc-798f-4d17-aadb-a90156a16eb8,Descr='src\rserver\src\rmngrcalls.cpp(476):
60c686dc-798f-4d17-aadb-a90156a16eb8: Сеанс отсутствует или удален
ID=78a6c4ae-f436-4528-9e40-b819ec1e01d2, File=d:\jenkins\ci_builder2\windowsbuild2\platform\src\rserver\src\clusterdistribimpl.cpp(1439)'
42:09.483001-0,EXCP,2,process=rphost,p:processName=bi_bk3wk1_prod_01,OSThread=3712,t:clientID=755,t:applicationName=BackgroundJob,t:computerName=DC2BUHAPP11,t:connectID=3433,SessionID=2468,Usr=Павленко Жанна Александровна,Exception=SeanceContextException,Descr='Сеанс отсутствует или удален
ID=78a6c4ae-f436-4528-9e40-b819ec1e01d2, File=d:\jenkins\ci_builder2\windowsbuild2\platform\src\rserver\src\rmngrcalls.cpp(364)'
42:11.702005-0,ADMIN,2,process=rphost,p:processName=ServerJobExecutorContext,OSThread=6656,t:clientID=750,t:applicationName=JobScheduler,t:computerName=DC2BUHAPP11,Func=killClient,ClusterID=8aa94e2b-5d54-4b86-800b-79353ce39638,ConnectionID=f812a897-7abb-4982-aeb5-b1c43c9f00bb,Mode=0,Ref=bi_bk3wk1_prod_01(bi_bk3wk1_prod_01),Host=DC2BUHAPP11,Connection=3438,Administrator=Unknown,Result=Success
42:13.842000-0,EXCP,3,process=rphost,p:processName=bi_bk3wk1_prod_01,OSThread=2520,t:clientID=756,t:applicationName=BackgroundJob,t:computerName=DC2BUHAPP11,t:connectID=3438,SessionID=2473,Usr=Павленко Жанна Александровна,Exception=SeanceContextException,Descr='Сеанс отсутствует или удален
ID=cb7820c9-19ec-43f4-965f-30c853722f7b, File=d:\jenkins\ci_builder2\windowsbuild2\platform\src\rserver\src\clusterdistribimpl.cpp(1439)'
42:13.842002-0,EXCP,2,process=rphost,p:processName=bi_bk3wk1_prod_01,OSThread=2520,t:clientID=756,t:applicationName=BackgroundJob,t:computerName=DC2BUHAPP11,t:connectID=3438,SessionID=2473,Usr=Павленко Жанна Александровна,Exception=60c686dc-798f-4d17-aadb-a90156a16eb8,Descr='src\rserver\src\rmngrcalls.cpp(476):
60c686dc-798f-4d17-aadb-a90156a16eb8: Сеанс отсутствует или удален
ID=cb7820c9-19ec-43f4-965f-30c853722f7b, File=d:\jenkins\ci_builder2\windowsbuild2\platform\src\rserver\src\clusterdistribimpl.cpp(1439)'
42:14.045000-0,EXCP,2,process=rphost,p:processName=bi_bk3wk1_prod_01,OSThread=2520,t:clientID=756,t:applicationName=BackgroundJob,t:computerName=DC2BUHAPP11,t:connectID=3438,SessionID=2473,Usr=Павленко Жанна Александровна,Exception=SeanceContextException,Descr='Сеанс отсутствует или удален
ID=cb7820c9-19ec-43f4-965f-30c853722f7b, File=d:\jenkins\ci_builder2\windowsbuild2\platform\src\rserver\src\rmngrcalls.cpp(364)'
42:14.045001-0,EXCP,2,process=rphost,p:processName=bi_bk3wk1_prod_01,OSThread=2520,t:clientID=756,t:applicationName=BackgroundJob,t:computerName=DC2BUHAPP11,t:connectID=3438,SessionID=2473,Usr=Павленко Жанна Александровна,Exception=60c686dc-798f-4d17-aadb-a90156a16eb8,Descr='src\rserver\src\serverjobexecutor.cpp(1095):
60c686dc-798f-4d17-aadb-a90156a16eb8: Сеанс отсутствует или удален
ID=cb7820c9-19ec-43f4-965f-30c853722f7b, File=d:\jenkins\ci_builder2\windowsbuild2\platform\src\rserver\src\rmngrcalls.cpp(364)'
42:14.045003-0,EXCP,3,process=rphost,p:processName=bi_bk3wk1_prod_01,OSThread=2520,t:clientID=756,t:applicationName=BackgroundJob,t:computerName=DC2BUHAPP11,t:connectID=3438,SessionID=2473,Usr=Павленко Жанна Александровна,Exception=SeanceContextException,Descr='Сеанс отсутствует или удален
ID=cb7820c9-19ec-43f4-965f-30c853722f7b, File=d:\jenkins\ci_builder2\windowsbuild2\platform\src\rserver\src\clusterdistribimpl.cpp(1439)'
42:14.045005-0,EXCP,2,process=rphost,p:processName=bi_bk3wk1_prod_01,OSThread=2520,t:clientID=756,t:applicationName=BackgroundJob,t:computerName=DC2BUHAPP11,t:connectID=3438,SessionID=2473,Usr=Павленко Жанна Александровна,Exception=60c686dc-798f-4d17-aadb-a90156a16eb8,Descr='src\rserver\src\rmngrcalls.cpp(476):
60c686dc-798f-4d17-aadb-a90156a16eb8: Сеанс отсутствует или удален
ID=cb7820c9-19ec-43f4-965f-30c853722f7b, File=d:\jenkins\ci_builder2\windowsbuild2\platform\src\rserver\src\clusterdistribimpl.cpp(1439)'
42:14.123006-0,EXCP,2,process=rphost,p:processName=bi_bk3wk1_prod_01,OSThread=2520,t:clientID=756,t:applicationName=BackgroundJob,t:computerName=DC2BUHAPP11,t:connectID=3438,SessionID=2473,Usr=Павленко Жанна Александровна,Exception=SeanceContextException,Descr='Сеанс отсутствует или удален
ID=cb7820c9-19ec-43f4-965f-30c853722f7b, File=d:\jenkins\ci_builder2\windowsbuild2\platform\src\rserver\src\rmngrcalls.cpp(364)'
42:15.405005-0,ADMIN,2,process=rphost,p:processName=ServerJobExecutorContext,OSThread=5160,t:clientID=750,t:applicationName=JobScheduler,t:computerName=DC2BUHAPP11,Func=killClient,ClusterID=8aa94e2b-5d54-4b86-800b-79353ce39638,ConnectionID=6d50cf0b-c802-408a-b2d1-783734ce116c,Mode=0,Ref=bi_bk3wk1_prod_01(bi_bk3wk1_prod_01),Host=DC2BUHAPP11,Connection=3444,Administrator=Unknown,Result=Success
42:17.686010-0,EXCP,3,process=rphost,p:processName=bi_bk3wk1_prod_01,OSThread=2520,t:clientID=757,t:applicationName=BackgroundJob,t:computerName=DC2BUHAPP11,t:connectID=3444,SessionID=2479,Usr=Павленко Жанна Александровна,Exception=SeanceContextException,Descr='Сеанс отсутствует или удален
ID=2d74da4b-73e0-4edf-b317-0af5a3d66fc8, File=d:\jenkins\ci_builder2\windowsbuild2\platform\src\rserver\src\clusterdistribimpl.cpp(1439)'
42:17.686012-0,EXCP,2,process=rphost,p:processName=bi_bk3wk1_prod_01,OSThread=2520,t:clientID=757,t:applicationName=BackgroundJob,t:computerName=DC2BUHAPP11,t:connectID=3444,SessionID=2479,Usr=Павленко Жанна Александровна,Exception=60c686dc-798f-4d17-aadb-a90156a16eb8,Descr='src\rserver\src\rmngrcalls.cpp(476):
60c686dc-798f-4d17-aadb-a90156a16eb8: Сеанс отсутствует или удален
ID=2d74da4b-73e0-4edf-b317-0af5a3d66fc8, File=d:\jenkins\ci_builder2\windowsbuild2\platform\src\rserver\src\clusterdistribimpl.cpp(1439)'
42:17.889000-0,EXCP,2,process=rphost,p:processName=bi_bk3wk1_prod_01,OSThread=2520,t:clientID=757,t:applicationName=BackgroundJob,t:computerName=DC2BUHAPP11,t:connectID=3444,SessionID=2479,Usr=Павленко Жанна Александровна,Exception=SeanceContextException,Descr='Сеанс отсутствует или удален
ID=2d74da4b-73e0-4edf-b317-0af5a3d66fc8, File=d:\jenkins\ci_builder2\windowsbuild2\platform\src\rserver\src\rmngrcalls.cpp(364)'
42:17.889001-0,EXCP,2,process=rphost,p:processName=bi_bk3wk1_prod_01,OSThread=2520,t:clientID=757,t:applicationName=BackgroundJob,t:computerName=DC2BUHAPP11,t:connectID=3444,SessionID=2479,Usr=Павленко Жанна Александровна,Exception=60c686dc-798f-4d17-aadb-a90156a16eb8,Descr='src\rserver\src\serverjobexecutor.cpp(1095):
60c686dc-798f-4d17-aadb-a90156a16eb8: Сеанс отсутствует или удален
ID=2d74da4b-73e0-4edf-b317-0af5a3d66fc8, File=d:\jenkins\ci_builder2\windowsbuild2\platform\src\rserver\src\rmngrcalls.cpp(364)'
42:17.889003-0,EXCP,3,process=rphost,p:processName=bi_bk3wk1_prod_01,OSThread=2520,t:clientID=757,t:applicationName=BackgroundJob,t:computerName=DC2BUHAPP11,t:connectID=3444,SessionID=2479,Usr=Павленко Жанна Александровна,Exception=SeanceContextException,Descr='Сеанс отсутствует или удален
ID=2d74da4b-73e0-4edf-b317-0af5a3d66fc8, File=d:\jenkins\ci_builder2\windowsbuild2\platform\src\rserver\src\clusterdistribimpl.cpp(1439)'
42:17.889005-0,EXCP,2,process=rphost,p:processName=bi_bk3wk1_prod_01,OSThread=2520,t:clientID=757,t:applicationName=BackgroundJob,t:computerName=DC2BUHAPP11,t:connectID=3444,SessionID=2479,Usr=Павленко Жанна Александровна,Exception=60c686dc-798f-4d17-aadb-a90156a16eb8,Descr='src\rserver\src\rmngrcalls.cpp(476):
60c686dc-798f-4d17-aadb-a90156a16eb8: Сеанс отсутствует или удален
ID=2d74da4b-73e0-4edf-b317-0af5a3d66fc8, File=d:\jenkins\ci_builder2\windowsbuild2\platform\src\rserver\src\clusterdistribimpl.cpp(1439)'
42:18.092000-0,EXCP,2,process=rphost,p:processName=bi_bk3wk1_prod_01,OSThread=2520,t:clientID=757,t:applicationName=BackgroundJob,t:computerName=DC2BUHAPP11,t:connectID=3444,SessionID=2479,Usr=Павленко Жанна Александровна,Exception=SeanceContextException,Descr='Сеанс отсутствует или удален
ID=2d74da4b-73e0-4edf-b317-0af5a3d66fc8, File=d:\jenkins\ci_builder2\windowsbuild2\platform\src\rserver\src\rmngrcalls.cpp(364)'
42:28.467005-0,ADMIN,2,process=rphost,p:processName=ServerJobExecutorContext,OSThread=5160,t:clientID=750,t:applicationName=JobScheduler,t:computerName=DC2BUHAPP11,Func=killClient,ClusterID=8aa94e2b-5d54-4b86-800b-79353ce39638,ConnectionID=a92c4dc8-816b-427d-a44a-600ab18493c8,Mode=0,Ref=bi_bk3wk1_prod_01(bi_bk3wk1_prod_01),Host=DC2BUHAPP11,Connection=3451,Administrator=Unknown,Result=Success
42:30.045005-0,EXCP,3,process=rphost,p:processName=bi_bk3wk1_prod_01,OSThread=9564,t:clientID=761,t:applicationName=BackgroundJob,t:computerName=DC2BUHAPP11,t:connectID=3451,SessionID=2486,Usr=Павленко Жанна Александровна,Exception=SeanceContextException,Descr='Сеанс отсутствует или удален
ID=c7e19f93-304e-4a8b-92ff-621491ff1147, File=d:\jenkins\ci_builder2\windowsbuild2\platform\src\rserver\src\clusterdistribimpl.cpp(1439)'
42:30.045007-0,EXCP,2,process=rphost,p:processName=bi_bk3wk1_prod_01,OSThread=9564,t:clientID=761,t:applicationName=BackgroundJob,t:computerName=DC2BUHAPP11,t:connectID=3451,SessionID=2486,Usr=Павленко Жанна Александровна,Exception=60c686dc-798f-4d17-aadb-a90156a16eb8,Descr='src\rserver\src\rmngrcalls.cpp(476):
60c686dc-798f-4d17-aadb-a90156a16eb8: Сеанс отсутствует или удален
ID=c7e19f93-304e-4a8b-92ff-621491ff1147, File=d:\jenkins\ci_builder2\windowsbuild2\platform\src\rserver\src\clusterdistribimpl.cpp(1439)'
42:30.248000-0,EXCP,2,process=rphost,p:processName=bi_bk3wk1_prod_01,OSThread=9564,t:clientID=761,t:applicationName=BackgroundJob,t:computerName=DC2BUHAPP11,t:connectID=3451,SessionID=2486,Usr=Павленко Жанна Александровна,Exception=SeanceContextException,Descr='Сеанс отсутствует или удален
ID=c7e19f93-304e-4a8b-92ff-621491ff1147, File=d:\jenkins\ci_builder2\windowsbuild2\platform\src\rserver\src\rmngrcalls.cpp(364)'
42:30.248001-0,EXCP,2,process=rphost,p:processName=bi_bk3wk1_prod_01,OSThread=9564,t:clientID=761,t:applicationName=BackgroundJob,t:computerName=DC2BUHAPP11,t:connectID=3451,SessionID=2486,Usr=Павленко Жанна Александровна,Exception=60c686dc-798f-4d17-aadb-a90156a16eb8,Descr='src\rserver\src\serverjobexecutor.cpp(1095):
60c686dc-798f-4d17-aadb-a90156a16eb8: Сеанс отсутствует или удален
ID=c7e19f93-304e-4a8b-92ff-621491ff1147, File=d:\jenkins\ci_builder2\windowsbuild2\platform\src\rserver\src\rmngrcalls.cpp(364)'
42:30.248003-0,EXCP,3,process=rphost,p:processName=bi_bk3wk1_prod_01,OSThread=9564,t:clientID=761,t:applicationName=BackgroundJob,t:computerName=DC2BUHAPP11,t:connectID=3451,SessionID=2486,Usr=Павленко Жанна Александровна,Exception=SeanceContextException,Descr='Сеанс отсутствует или удален
ID=c7e19f93-304e-4a8b-92ff-621491ff1147, File=d:\jenkins\ci_builder2\windowsbuild2\platform\src\rserver\src\clusterdistribimpl.cpp(1439)'
42:30.248005-0,EXCP,2,process=rphost,p:processName=bi_bk3wk1_prod_01,OSThread=9564,t:clientID=761,t:applicationName=BackgroundJob,t:computerName=DC2BUHAPP11,t:connectID=3451,SessionID=2486,Usr=Павленко Жанна Александровна,Exception=60c686dc-798f-4d17-aadb-a90156a16eb8,Descr='src\rserver\src\rmngrcalls.cpp(476):
60c686dc-798f-4d17-aadb-a90156a16eb8: Сеанс отсутствует или удален
ID=c7e19f93-304e-4a8b-92ff-621491ff1147, File=d:\jenkins\ci_builder2\windowsbuild2\platform\src\rserver\src\clusterdistribimpl.cpp(1439)'
42:30.373006-0,EXCP,2,process=rphost,p:processName=bi_bk3wk1_prod_01,OSThread=9564,t:clientID=761,t:applicationName=BackgroundJob,t:computerName=DC2BUHAPP11,t:connectID=3451,SessionID=2486,Usr=Павленко Жанна Александровна,Exception=SeanceContextException,Descr='Сеанс отсутствует или удален
ID=c7e19f93-304e-4a8b-92ff-621491ff1147, File=d:\jenkins\ci_builder2\windowsbuild2\platform\src\rserver\src\rmngrcalls.cpp(364)'
42:30.811005-0,ADMIN,2,process=rphost,p:processName=ServerJobExecutorContext,OSThread=5160,t:clientID=750,t:applicationName=JobScheduler,t:computerName=DC2BUHAPP11,Func=killClient,ClusterID=8aa94e2b-5d54-4b86-800b-79353ce39638,ConnectionID=bdb256fa-d743-4745-8ab7-12c966d10285,Mode=0,Ref=bi_bk3wk1_prod_01(bi_bk3wk1_prod_01),Host=DC2BUHAPP11,Connection=3454,Administrator=Unknown,Result=Success
42:33.045002-0,EXCP,3,process=rphost,p:processName=bi_bk3wk1_prod_01,OSThread=9564,t:clientID=762,t:applicationName=BackgroundJob,t:computerName=DC2BUHAPP11,t:connectID=3454,SessionID=2491,Usr=Павленко Жанна Александровна,Exception=SeanceContextException,Descr='Сеанс отсутствует или удален
ID=d107ecee-bf1f-4f9c-859b-ef61a8cd67b9, File=d:\jenkins\ci_builder2\windowsbuild2\platform\src\rserver\src\clusterdistribimpl.cpp(1439)'
42:33.045004-0,EXCP,2,process=rphost,p:processName=bi_bk3wk1_prod_01,OSThread=9564,t:clientID=762,t:applicationName=BackgroundJob,t:computerName=DC2BUHAPP11,t:connectID=3454,SessionID=2491,Usr=Павленко Жанна Александровна,Exception=60c686dc-798f-4d17-aadb-a90156a16eb8,Descr='src\rserver\src\rmngrcalls.cpp(476):
60c686dc-798f-4d17-aadb-a90156a16eb8: Сеанс отсутствует или удален
ID=d107ecee-bf1f-4f9c-859b-ef61a8cd67b9, File=d:\jenkins\ci_builder2\windowsbuild2\platform\src\rserver\src\clusterdistribimpl.cpp(1439)'
42:33.248000-0,EXCP,2,process=rphost,p:processName=bi_bk3wk1_prod_01,OSThread=9564,t:clientID=762,t:applicationName=BackgroundJob,t:computerName=DC2BUHAPP11,t:connectID=3454,SessionID=2491,Usr=Павленко Жанна Александровна,Exception=SeanceContextException,Descr='Сеанс отсутствует или удален
ID=d107ecee-bf1f-4f9c-859b-ef61a8cd67b9, File=d:\jenkins\ci_builder2\windowsbuild2\platform\src\rserver\src\rmngrcalls.cpp(364)'
42:33.248001-0,EXCP,2,process=rphost,p:processName=bi_bk3wk1_prod_01,OSThread=9564,t:clientID=762,t:applicationName=BackgroundJob,t:computerName=DC2BUHAPP11,t:connectID=3454,SessionID=2491,Usr=Павленко Жанна Александровна,Exception=60c686dc-798f-4d17-aadb-a90156a16eb8,Descr='src\rserver\src\serverjobexecutor.cpp(1095):
60c686dc-798f-4d17-aadb-a90156a16eb8: Сеанс отсутствует или удален
ID=d107ecee-bf1f-4f9c-859b-ef61a8cd67b9, File=d:\jenkins\ci_builder2\windowsbuild2\platform\src\rserver\src\rmngrcalls.cpp(364)'
42:33.248003-0,EXCP,3,process=rphost,p:processName=bi_bk3wk1_prod_01,OSThread=9564,t:clientID=762,t:applicationName=BackgroundJob,t:computerName=DC2BUHAPP11,t:connectID=3454,SessionID=2491,Usr=Павленко Жанна Александровна,Exception=SeanceContextException,Descr='Сеанс отсутствует или удален
ID=d107ecee-bf1f-4f9c-859b-ef61a8cd67b9, File=d:\jenkins\ci_builder2\windowsbuild2\platform\src\rserver\src\clusterdistribimpl.cpp(1439)'
42:33.248005-0,EXCP,2,process=rphost,p:processName=bi_bk3wk1_prod_01,OSThread=9564,t:clientID=762,t:applicationName=BackgroundJob,t:computerName=DC2BUHAPP11,t:connectID=3454,SessionID=2491,Usr=Павленко Жанна Александровна,Exception=60c686dc-798f-4d17-aadb-a90156a16eb8,Descr='src\rserver\src\rmngrcalls.cpp(476):
60c686dc-798f-4d17-aadb-a90156a16eb8: Сеанс отсутствует или удален
ID=d107ecee-bf1f-4f9c-859b-ef61a8cd67b9, File=d:\jenkins\ci_builder2\windowsbuild2\platform\src\rserver\src\clusterdistribimpl.cpp(1439)'
42:33.420006-0,EXCP,2,process=rphost,p:processName=bi_bk3wk1_prod_01,OSThread=9564,t:clientID=762,t:applicationName=BackgroundJob,t:computerName=DC2BUHAPP11,t:connectID=3454,SessionID=2491,Usr=Павленко Жанна Александровна,Exception=SeanceContextException,Descr='Сеанс отсутствует или удален
ID=d107ecee-bf1f-4f9c-859b-ef61a8cd67b9, File=d:\jenkins\ci_builder2\windowsbuild2\platform\src\rserver\src\rmngrcalls.cpp(364)'
42:45.420005-0,ADMIN,2,process=rphost,p:processName=ServerJobExecutorContext,OSThread=5160,t:clientID=750,t:applicationName=JobScheduler,t:computerName=DC2BUHAPP11,Func=killClient,ClusterID=8aa94e2b-5d54-4b86-800b-79353ce39638,ConnectionID=78299d63-4e31-4238-aa51-71be7b620727,Mode=0,Ref=bi_bk3wk1_prod_01(bi_bk3wk1_prod_01),Host=DC2BUHAPP11,Connection=3464,Administrator=Unknown,Result=Success
42:47.842008-0,EXCP,3,process=rphost,p:processName=bi_bk3wk1_prod_01,OSThread=10244,t:clientID=763,t:applicationName=BackgroundJob,t:computerName=DC2BUHAPP11,t:connectID=3464,SessionID=2504,Usr=Павленко Жанна Александровна,Exception=SeanceContextException,Descr='Сеанс отсутствует или удален
ID=381bc245-9180-49c6-95de-2017437eafa8, File=d:\jenkins\ci_builder2\windowsbuild2\platform\src\rserver\src\clusterdistribimpl.cpp(1439)'
42:47.842010-0,EXCP,2,process=rphost,p:processName=bi_bk3wk1_prod_01,OSThread=10244,t:clientID=763,t:applicationName=BackgroundJob,t:computerName=DC2BUHAPP11,t:connectID=3464,SessionID=2504,Usr=Павленко Жанна Александровна,Exception=60c686dc-798f-4d17-aadb-a90156a16eb8,Descr='src\rserver\src\rmngrcalls.cpp(476):
60c686dc-798f-4d17-aadb-a90156a16eb8: Сеанс отсутствует или удален
ID=381bc245-9180-49c6-95de-2017437eafa8, File=d:\jenkins\ci_builder2\windowsbuild2\platform\src\rserver\src\clusterdistribimpl.cpp(1439)'
42:48.045000-0,EXCP,2,process=rphost,p:processName=bi_bk3wk1_prod_01,OSThread=10244,t:clientID=763,t:applicationName=BackgroundJob,t:computerName=DC2BUHAPP11,t:connectID=3464,SessionID=2504,Usr=Павленко Жанна Александровна,Exception=SeanceContextException,Descr='Сеанс отсутствует или удален
ID=381bc245-9180-49c6-95de-2017437eafa8, File=d:\jenkins\ci_builder2\windowsbuild2\platform\src\rserver\src\rmngrcalls.cpp(364)'
42:48.045001-0,EXCP,2,process=rphost,p:processName=bi_bk3wk1_prod_01,OSThread=10244,t:clientID=763,t:applicationName=BackgroundJob,t:computerName=DC2BUHAPP11,t:connectID=3464,SessionID=2504,Usr=Павленко Жанна Александровна,Exception=60c686dc-798f-4d17-aadb-a90156a16eb8,Descr='src\rserver\src\serverjobexecutor.cpp(1095):
60c686dc-798f-4d17-aadb-a90156a16eb8: Сеанс отсутствует или удален
ID=381bc245-9180-49c6-95de-2017437eafa8, File=d:\jenkins\ci_builder2\windowsbuild2\platform\src\rserver\src\rmngrcalls.cpp(364)'
42:48.045003-0,EXCP,3,process=rphost,p:processName=bi_bk3wk1_prod_01,OSThread=10244,t:clientID=763,t:applicationName=BackgroundJob,t:computerName=DC2BUHAPP11,t:connectID=3464,SessionID=2504,Usr=Павленко Жанна Александровна,Exception=SeanceContextException,Descr='Сеанс отсутствует или удален
ID=381bc245-9180-49c6-95de-2017437eafa8, File=d:\jenkins\ci_builder2\windowsbuild2\platform\src\rserver\src\clusterdistribimpl.cpp(1439)'
42:48.045005-0,EXCP,2,process=rphost,p:processName=bi_bk3wk1_prod_01,OSThread=10244,t:clientID=763,t:applicationName=BackgroundJob,t:computerName=DC2BUHAPP11,t:connectID=3464,SessionID=2504,Usr=Павленко Жанна Александровна,Exception=60c686dc-798f-4d17-aadb-a90156a16eb8,Descr='src\rserver\src\rmngrcalls.cpp(476):
60c686dc-798f-4d17-aadb-a90156a16eb8: Сеанс отсутствует или удален
ID=381bc245-9180-49c6-95de-2017437eafa8, File=d:\jenkins\ci_builder2\windowsbuild2\platform\src\rserver\src\clusterdistribimpl.cpp(1439)'
42:48.248000-0,EXCP,2,process=rphost,p:processName=bi_bk3wk1_prod_01,OSThread=10244,t:clientID=763,t:applicationName=BackgroundJob,t:computerName=DC2BUHAPP11,t:connectID=3464,SessionID=2504,Usr=Павленко Жанна Александровна,Exception=SeanceContextException,Descr='Сеанс отсутствует или удален
ID=381bc245-9180-49c6-95de-2017437eafa8, File=d:\jenkins\ci_builder2\windowsbuild2\platform\src\rserver\src\rmngrcalls.cpp(364)'
42:49.827005-0,ADMIN,2,process=rphost,p:processName=ServerJobExecutorContext,OSThread=5160,t:clientID=750,t:applicationName=JobScheduler,t:computerName=DC2BUHAPP11,Func=killClient,ClusterID=8aa94e2b-5d54-4b86-800b-79353ce39638,ConnectionID=4176d5a3-fac9-40a4-97ca-9923cb535889,Mode=0,Ref=bi_bk3wk1_prod_01(bi_bk3wk1_prod_01),Host=DC2BUHAPP11,Connection=3471,Administrator=Unknown,Result=Success
43:01.359019-0,EXCP,3,process=rphost,p:processName=bi_bk3wk1_prod_01,OSThread=7584,t:clientID=765,t:applicationName=BackgroundJob,t:computerName=DC2BUHAPP11,t:connectID=3471,SessionID=2511,Usr=Аксанова Танзиля Нуруллаевна,Exception=SeanceContextException,Descr='Сеанс отсутствует или удален
ID=f28070ff-cf34-4e4e-9f25-3baacefb9782, File=d:\jenkins\ci_builder2\windowsbuild2\platform\src\rserver\src\clusterdistribimpl.cpp(1439)'
43:01.359021-0,EXCP,2,process=rphost,p:processName=bi_bk3wk1_prod_01,OSThread=7584,t:clientID=765,t:applicationName=BackgroundJob,t:computerName=DC2BUHAPP11,t:connectID=3471,SessionID=2511,Usr=Аксанова Танзиля Нуруллаевна,Exception=60c686dc-798f-4d17-aadb-a90156a16eb8,Descr='src\rserver\src\rmngrcalls.cpp(476):
60c686dc-798f-4d17-aadb-a90156a16eb8: Сеанс отсутствует или удален
ID=f28070ff-cf34-4e4e-9f25-3baacefb9782, File=d:\jenkins\ci_builder2\windowsbuild2\platform\src\rserver\src\clusterdistribimpl.cpp(1439)'
43:01.562000-0,EXCP,2,process=rphost,p:processName=bi_bk3wk1_prod_01,OSThread=7584,t:clientID=765,t:applicationName=BackgroundJob,t:computerName=DC2BUHAPP11,t:connectID=3471,SessionID=2511,Usr=Аксанова Танзиля Нуруллаевна,Exception=SeanceContextException,Descr='Сеанс отсутствует или удален
ID=f28070ff-cf34-4e4e-9f25-3baacefb9782, File=d:\jenkins\ci_builder2\windowsbuild2\platform\src\rserver\src\rmngrcalls.cpp(364)'
43:01.562001-0,EXCP,2,process=rphost,p:processName=bi_bk3wk1_prod_01,OSThread=7584,t:clientID=765,t:applicationName=BackgroundJob,t:computerName=DC2BUHAPP11,t:connectID=3471,SessionID=2511,Usr=Аксанова Танзиля Нуруллаевна,Exception=60c686dc-798f-4d17-aadb-a90156a16eb8,Descr='src\rserver\src\serverjobexecutor.cpp(1095):
60c686dc-798f-4d17-aadb-a90156a16eb8: Сеанс отсутствует или удален
ID=f28070ff-cf34-4e4e-9f25-3baacefb9782, File=d:\jenkins\ci_builder2\windowsbuild2\platform\src\rserver\src\rmngrcalls.cpp(364)'
43:01.562003-0,EXCP,3,process=rphost,p:processName=bi_bk3wk1_prod_01,OSThread=7584,t:clientID=765,t:applicationName=BackgroundJob,t:computerName=DC2BUHAPP11,t:connectID=3471,SessionID=2511,Usr=Аксанова Танзиля Нуруллаевна,Exception=SeanceContextException,Descr='Сеанс отсутствует или удален
ID=f28070ff-cf34-4e4e-9f25-3baacefb9782, File=d:\jenkins\ci_builder2\windowsbuild2\platform\src\rserver\src\clusterdistribimpl.cpp(1439)'
43:01.562005-0,EXCP,2,process=rphost,p:processName=bi_bk3wk1_prod_01,OSThread=7584,t:clientID=765,t:applicationName=BackgroundJob,t:computerName=DC2BUHAPP11,t:connectID=3471,SessionID=2511,Usr=Аксанова Танзиля Нуруллаевна,Exception=60c686dc-798f-4d17-aadb-a90156a16eb8,Descr='src\rserver\src\rmngrcalls.cpp(476):
60c686dc-798f-4d17-aadb-a90156a16eb8: Сеанс отсутствует или удален
ID=f28070ff-cf34-4e4e-9f25-3baacefb9782, File=d:\jenkins\ci_builder2\windowsbuild2\platform\src\rserver\src\clusterdistribimpl.cpp(1439)'
43:01.765000-0,EXCP,2,process=rphost,p:processName=bi_bk3wk1_prod_01,OSThread=7584,t:clientID=765,t:applicationName=BackgroundJob,t:computerName=DC2BUHAPP11,t:connectID=3471,SessionID=2511,Usr=Аксанова Танзиля Нуруллаевна,Exception=SeanceContextException,Descr='Сеанс отсутствует или удален
ID=f28070ff-cf34-4e4e-9f25-3baacefb9782, File=d:\jenkins\ci_builder2\windowsbuild2\platform\src\rserver\src\rmngrcalls.cpp(364)'
43:04.453003-0,ADMIN,2,process=rphost,p:processName=ServerJobExecutorContext,OSThread=5160,t:clientID=750,t:applicationName=JobScheduler,t:computerName=DC2BUHAPP11,Func=killClient,ClusterID=8aa94e2b-5d54-4b86-800b-79353ce39638,ConnectionID=6f2450b2-56ac-45b5-b0dc-054fdbba26c7,Mode=0,Ref=bi_bk3wk1_prod_01(bi_bk3wk1_prod_01),Host=DC2BUHAPP11,Connection=3488,Administrator=Unknown,Result=Success
43:08.999007-0,EXCP,3,process=rphost,p:processName=bi_bk3wk1_prod_01,OSThread=10288,t:clientID=766,t:applicationName=BackgroundJob,t:computerName=DC2BUHAPP11,t:connectID=3488,SessionID=2528,Usr=Павленко Жанна Александровна,Exception=SeanceContextException,Descr='Сеанс отсутствует или удален
ID=b61b34c7-938e-4144-bb42-0bd4d83849bc, File=d:\jenkins\ci_builder2\windowsbuild2\platform\src\rserver\src\clusterdistribimpl.cpp(1439)'
43:08.999009-0,EXCP,2,process=rphost,p:processName=bi_bk3wk1_prod_01,OSThread=10288,t:clientID=766,t:applicationName=BackgroundJob,t:computerName=DC2BUHAPP11,t:connectID=3488,SessionID=2528,Usr=Павленко Жанна Александровна,Exception=60c686dc-798f-4d17-aadb-a90156a16eb8,Descr='src\rserver\src\rmngrcalls.cpp(476):
60c686dc-798f-4d17-aadb-a90156a16eb8: Сеанс отсутствует или удален
ID=b61b34c7-938e-4144-bb42-0bd4d83849bc, File=d:\jenkins\ci_builder2\windowsbuild2\platform\src\rserver\src\clusterdistribimpl.cpp(1439)'
43:09.203000-0,EXCP,2,process=rphost,p:processName=bi_bk3wk1_prod_01,OSThread=10288,t:clientID=766,t:applicationName=BackgroundJob,t:computerName=DC2BUHAPP11,t:connectID=3488,SessionID=2528,Usr=Павленко Жанна Александровна,Exception=SeanceContextException,Descr='Сеанс отсутствует или удален
ID=b61b34c7-938e-4144-bb42-0bd4d83849bc, File=d:\jenkins\ci_builder2\windowsbuild2\platform\src\rserver\src\rmngrcalls.cpp(364)'
43:09.203001-0,EXCP,2,process=rphost,p:processName=bi_bk3wk1_prod_01,OSThread=10288,t:clientID=766,t:applicationName=BackgroundJob,t:computerName=DC2BUHAPP11,t:connectID=3488,SessionID=2528,Usr=Павленко Жанна Александровна,Exception=60c686dc-798f-4d17-aadb-a90156a16eb8,Descr='src\rserver\src\serverjobexecutor.cpp(1095):
60c686dc-798f-4d17-aadb-a90156a16eb8: Сеанс отсутствует или удален
ID=b61b34c7-938e-4144-bb42-0bd4d83849bc, File=d:\jenkins\ci_builder2\windowsbuild2\platform\src\rserver\src\rmngrcalls.cpp(364)'
43:09.203003-0,EXCP,3,process=rphost,p:processName=bi_bk3wk1_prod_01,OSThread=10288,t:clientID=766,t:applicationName=BackgroundJob,t:computerName=DC2BUHAPP11,t:connectID=3488,SessionID=2528,Usr=Павленко Жанна Александровна,Exception=SeanceContextException,Descr='Сеанс отсутствует или удален
ID=b61b34c7-938e-4144-bb42-0bd4d83849bc, File=d:\jenkins\ci_builder2\windowsbuild2\platform\src\rserver\src\clusterdistribimpl.cpp(1439)'
43:09.203005-0,EXCP,2,process=rphost,p:processName=bi_bk3wk1_prod_01,OSThread=10288,t:clientID=766,t:applicationName=BackgroundJob,t:computerName=DC2BUHAPP11,t:connectID=3488,SessionID=2528,Usr=Павленко Жанна Александровна,Exception=60c686dc-798f-4d17-aadb-a90156a16eb8,Descr='src\rserver\src\rmngrcalls.cpp(476):
60c686dc-798f-4d17-aadb-a90156a16eb8: Сеанс отсутствует или удален
ID=b61b34c7-938e-4144-bb42-0bd4d83849bc, File=d:\jenkins\ci_builder2\windowsbuild2\platform\src\rserver\src\clusterdistribimpl.cpp(1439)'
43:09.406000-0,EXCP,2,process=rphost,p:processName=bi_bk3wk1_prod_01,OSThread=10288,t:clientID=766,t:applicationName=BackgroundJob,t:computerName=DC2BUHAPP11,t:connectID=3488,SessionID=2528,Usr=Павленко Жанна Александровна,Exception=SeanceContextException,Descr='Сеанс отсутствует или удален
ID=b61b34c7-938e-4144-bb42-0bd4d83849bc, File=d:\jenkins\ci_builder2\windowsbuild2\platform\src\rserver\src\rmngrcalls.cpp(364)'
43:16.296005-0,ADMIN,2,process=rphost,p:processName=ServerJobExecutorContext,OSThread=5160,t:clientID=750,t:applicationName=JobScheduler,t:computerName=DC2BUHAPP11,Func=killClient,ClusterID=8aa94e2b-5d54-4b86-800b-79353ce39638,ConnectionID=0fe5d8aa-4fca-4cf4-9cd3-61e1067bac68,Mode=0,Ref=bi_bk3wk1_prod_01(bi_bk3wk1_prod_01),Host=DC2BUHAPP11,Connection=3491,Administrator=Unknown,Result=Success
43:26.578000-0,EXCP,3,process=rphost,p:processName=bi_bk3wk1_prod_01,OSThread=10288,t:clientID=767,t:applicationName=BackgroundJob,t:computerName=DC2BUHAPP11,t:connectID=3491,SessionID=2531,Usr=Аксанова Танзиля Нуруллаевна,Exception=SeanceContextException,Descr='Сеанс отсутствует или удален
ID=86eb76e2-bc3f-467e-96eb-269531768141, File=d:\jenkins\ci_builder2\windowsbuild2\platform\src\rserver\src\clusterdistribimpl.cpp(1439)'
43:26.578002-0,EXCP,2,process=rphost,p:processName=bi_bk3wk1_prod_01,OSThread=10288,t:clientID=767,t:applicationName=BackgroundJob,t:computerName=DC2BUHAPP11,t:connectID=3491,SessionID=2531,Usr=Аксанова Танзиля Нуруллаевна,Exception=60c686dc-798f-4d17-aadb-a90156a16eb8,Descr='src\rserver\src\rmngrcalls.cpp(476):
60c686dc-798f-4d17-aadb-a90156a16eb8: Сеанс отсутствует или удален
ID=86eb76e2-bc3f-467e-96eb-269531768141, File=d:\jenkins\ci_builder2\windowsbuild2\platform\src\rserver\src\clusterdistribimpl.cpp(1439)'
43:26.781000-0,EXCP,2,process=rphost,p:processName=bi_bk3wk1_prod_01,OSThread=10288,t:clientID=767,t:applicationName=BackgroundJob,t:computerName=DC2BUHAPP11,t:connectID=3491,SessionID=2531,Usr=Аксанова Танзиля Нуруллаевна,Exception=SeanceContextException,Descr='Сеанс отсутствует или удален
ID=86eb76e2-bc3f-467e-96eb-269531768141, File=d:\jenkins\ci_builder2\windowsbuild2\platform\src\rserver\src\rmngrcalls.cpp(364)'
43:26.781001-0,EXCP,2,process=rphost,p:processName=bi_bk3wk1_prod_01,OSThread=10288,t:clientID=767,t:applicationName=BackgroundJob,t:computerName=DC2BUHAPP11,t:connectID=3491,SessionID=2531,Usr=Аксанова Танзиля Нуруллаевна,Exception=60c686dc-798f-4d17-aadb-a90156a16eb8,Descr='src\rserver\src\serverjobexecutor.cpp(1095):
60c686dc-798f-4d17-aadb-a90156a16eb8: Сеанс отсутствует или удален
ID=86eb76e2-bc3f-467e-96eb-269531768141, File=d:\jenkins\ci_builder2\windowsbuild2\platform\src\rserver\src\rmngrcalls.cpp(364)'
43:26.781003-0,EXCP,3,process=rphost,p:processName=bi_bk3wk1_prod_01,OSThread=10288,t:clientID=767,t:applicationName=BackgroundJob,t:computerName=DC2BUHAPP11,t:connectID=3491,SessionID=2531,Usr=Аксанова Танзиля Нуруллаевна,Exception=SeanceContextException,Descr='Сеанс отсутствует или удален
ID=86eb76e2-bc3f-467e-96eb-269531768141, File=d:\jenkins\ci_builder2\windowsbuild2\platform\src\rserver\src\clusterdistribimpl.cpp(1439)'
43:26.781005-0,EXCP,2,process=rphost,p:processName=bi_bk3wk1_prod_01,OSThread=10288,t:clientID=767,t:applicationName=BackgroundJob,t:computerName=DC2BUHAPP11,t:connectID=3491,SessionID=2531,Usr=Аксанова Танзиля Нуруллаевна,Exception=60c686dc-798f-4d17-aadb-a90156a16eb8,Descr='src\rserver\src\rmngrcalls.cpp(476):
60c686dc-798f-4d17-aadb-a90156a16eb8: Сеанс отсутствует или удален
ID=86eb76e2-bc3f-467e-96eb-269531768141, File=d:\jenkins\ci_builder2\windowsbuild2\platform\src\rserver\src\clusterdistribimpl.cpp(1439)'
43:26.984000-0,EXCP,2,process=rphost,p:processName=bi_bk3wk1_prod_01,OSThread=10288,t:clientID=767,t:applicationName=BackgroundJob,t:computerName=DC2BUHAPP11,t:connectID=3491,SessionID=2531,Usr=Аксанова Танзиля Нуруллаевна,Exception=SeanceContextException,Descr='Сеанс отсутствует или удален
ID=86eb76e2-bc3f-467e-96eb-269531768141, File=d:\jenkins\ci_builder2\windowsbuild2\platform\src\rserver\src\rmngrcalls.cpp(364)'
43:34.984005-0,ADMIN,2,process=rphost,p:processName=ServerJobExecutorContext,OSThread=5160,t:clientID=750,t:applicationName=JobScheduler,t:computerName=DC2BUHAPP11,Func=killClient,ClusterID=8aa94e2b-5d54-4b86-800b-79353ce39638,ConnectionID=41e9271a-a210-4fb7-835b-3e19758143f6,Mode=0,Ref=bi_bk3wk1_prod_01(bi_bk3wk1_prod_01),Host=DC2BUHAPP11,Connection=3500,Administrator=Unknown,Result=Success
43:39.890008-0,EXCP,3,process=rphost,p:processName=bi_bk3wk1_prod_01,OSThread=10288,t:clientID=768,t:applicationName=BackgroundJob,t:computerName=DC2BUHAPP11,t:connectID=3500,SessionID=2541,Usr=Павленко Жанна Александровна,Exception=SeanceContextException,Descr='Сеанс отсутствует или удален
ID=e53f4862-1225-4abe-9ce8-2b1087e12b8f, File=d:\jenkins\ci_builder2\windowsbuild2\platform\src\rserver\src\clusterdistribimpl.cpp(1439)'
43:39.890010-0,EXCP,2,process=rphost,p:processName=bi_bk3wk1_prod_01,OSThread=10288,t:clientID=768,t:applicationName=BackgroundJob,t:computerName=DC2BUHAPP11,t:connectID=3500,SessionID=2541,Usr=Павленко Жанна Александровна,Exception=60c686dc-798f-4d17-aadb-a90156a16eb8,Descr='src\rserver\src\rmngrcalls.cpp(476):
60c686dc-798f-4d17-aadb-a90156a16eb8: Сеанс отсутствует или удален
ID=e53f4862-1225-4abe-9ce8-2b1087e12b8f, File=d:\jenkins\ci_builder2\windowsbuild2\platform\src\rserver\src\clusterdistribimpl.cpp(1439)'
43:40.093000-0,EXCP,2,process=rphost,p:processName=bi_bk3wk1_prod_01,OSThread=10288,t:clientID=768,t:applicationName=BackgroundJob,t:computerName=DC2BUHAPP11,t:connectID=3500,SessionID=2541,Usr=Павленко Жанна Александровна,Exception=SeanceContextException,Descr='Сеанс отсутствует или удален
ID=e53f4862-1225-4abe-9ce8-2b1087e12b8f, File=d:\jenkins\ci_builder2\windowsbuild2\platform\src\rserver\src\rmngrcalls.cpp(364)'
43:40.093001-0,EXCP,2,process=rphost,p:processName=bi_bk3wk1_prod_01,OSThread=10288,t:clientID=768,t:applicationName=BackgroundJob,t:computerName=DC2BUHAPP11,t:connectID=3500,SessionID=2541,Usr=Павленко Жанна Александровна,Exception=60c686dc-798f-4d17-aadb-a90156a16eb8,Descr='src\rserver\src\serverjobexecutor.cpp(1095):
60c686dc-798f-4d17-aadb-a90156a16eb8: Сеанс отсутствует или удален
ID=e53f4862-1225-4abe-9ce8-2b1087e12b8f, File=d:\jenkins\ci_builder2\windowsbuild2\platform\src\rserver\src\rmngrcalls.cpp(364)'
43:40.093003-0,EXCP,3,process=rphost,p:processName=bi_bk3wk1_prod_01,OSThread=10288,t:clientID=768,t:applicationName=BackgroundJob,t:computerName=DC2BUHAPP11,t:connectID=3500,SessionID=2541,Usr=Павленко Жанна Александровна,Exception=SeanceContextException,Descr='Сеанс отсутствует или удален
ID=e53f4862-1225-4abe-9ce8-2b1087e12b8f, File=d:\jenkins\ci_builder2\windowsbuild2\platform\src\rserver\src\clusterdistribimpl.cpp(1439)'
43:40.093005-0,EXCP,2,process=rphost,p:processName=bi_bk3wk1_prod_01,OSThread=10288,t:clientID=768,t:applicationName=BackgroundJob,t:computerName=DC2BUHAPP11,t:connectID=3500,SessionID=2541,Usr=Павленко Жанна Александровна,Exception=60c686dc-798f-4d17-aadb-a90156a16eb8,Descr='src\rserver\src\rmngrcalls.cpp(476):
60c686dc-798f-4d17-aadb-a90156a16eb8: Сеанс отсутствует или удален
ID=e53f4862-1225-4abe-9ce8-2b1087e12b8f, File=d:\jenkins\ci_builder2\windowsbuild2\platform\src\rserver\src\clusterdistribimpl.cpp(1439)'
43:40.296000-0,EXCP,2,process=rphost,p:processName=bi_bk3wk1_prod_01,OSThread=10288,t:clientID=768,t:applicationName=BackgroundJob,t:computerName=DC2BUHAPP11,t:connectID=3500,SessionID=2541,Usr=Павленко Жанна Александровна,Exception=SeanceContextException,Descr='Сеанс отсутствует или удален
ID=e53f4862-1225-4abe-9ce8-2b1087e12b8f, File=d:\jenkins\ci_builder2\windowsbuild2\platform\src\rserver\src\rmngrcalls.cpp(364)'
44:01.096005-0,ADMIN,2,process=rphost,p:processName=ServerJobExecutorContext,OSThread=5160,t:clientID=750,t:applicationName=JobScheduler,t:computerName=DC2BUHAPP11,Func=killClient,ClusterID=8aa94e2b-5d54-4b86-800b-79353ce39638,ConnectionID=511e25e2-be03-48a4-9306-818da3b77728,Mode=0,Ref=bi_bk3wk1_prod_01(bi_bk3wk1_prod_01),Host=DC2BUHAPP11,Connection=3506,Administrator=Unknown,Result=Success
44:04.862005-0,EXCP,3,process=rphost,p:processName=bi_bk3wk1_prod_01,OSThread=5536,t:clientID=770,t:applicationName=BackgroundJob,t:computerName=DC2BUHAPP11,t:connectID=3506,SessionID=2547,Usr=WK1_Турганбаев_Ержан_Тлеужанович,Exception=SeanceContextException,Descr='Сеанс отсутствует или удален
ID=cb1cc8af-615c-4a51-834e-c4fe13dd074c, File=d:\jenkins\ci_builder2\windowsbuild2\platform\src\rserver\src\clusterdistribimpl.cpp(1439)'
44:04.862007-0,EXCP,2,process=rphost,p:processName=bi_bk3wk1_prod_01,OSThread=5536,t:clientID=770,t:applicationName=BackgroundJob,t:computerName=DC2BUHAPP11,t:connectID=3506,SessionID=2547,Usr=WK1_Турганбаев_Ержан_Тлеужанович,Exception=60c686dc-798f-4d17-aadb-a90156a16eb8,Descr='src\rserver\src\rmngrcalls.cpp(476):
60c686dc-798f-4d17-aadb-a90156a16eb8: Сеанс отсутствует или удален
ID=cb1cc8af-615c-4a51-834e-c4fe13dd074c, File=d:\jenkins\ci_builder2\windowsbuild2\platform\src\rserver\src\clusterdistribimpl.cpp(1439)'
44:05.065000-0,EXCP,2,process=rphost,p:processName=bi_bk3wk1_prod_01,OSThread=5536,t:clientID=770,t:applicationName=BackgroundJob,t:computerName=DC2BUHAPP11,t:connectID=3506,SessionID=2547,Usr=WK1_Турганбаев_Ержан_Тлеужанович,Exception=SeanceContextException,Descr='Сеанс отсутствует или удален
ID=cb1cc8af-615c-4a51-834e-c4fe13dd074c, File=d:\jenkins\ci_builder2\windowsbuild2\platform\src\rserver\src\rmngrcalls.cpp(364)'
44:05.065001-0,EXCP,2,process=rphost,p:processName=bi_bk3wk1_prod_01,OSThread=5536,t:clientID=770,t:applicationName=BackgroundJob,t:computerName=DC2BUHAPP11,t:connectID=3506,SessionID=2547,Usr=WK1_Турганбаев_Ержан_Тлеужанович,Exception=60c686dc-798f-4d17-aadb-a90156a16eb8,Descr='src\rserver\src\serverjobexecutor.cpp(1095):
60c686dc-798f-4d17-aadb-a90156a16eb8: Сеанс отсутствует или удален
ID=cb1cc8af-615c-4a51-834e-c4fe13dd074c, File=d:\jenkins\ci_builder2\windowsbuild2\platform\src\rserver\src\rmngrcalls.cpp(364)'
44:05.065003-0,EXCP,3,process=rphost,p:processName=bi_bk3wk1_prod_01,OSThread=5536,t:clientID=770,t:applicationName=BackgroundJob,t:computerName=DC2BUHAPP11,t:connectID=3506,SessionID=2547,Usr=WK1_Турганбаев_Ержан_Тлеужанович,Exception=SeanceContextException,Descr='Сеанс отсутствует или удален
ID=cb1cc8af-615c-4a51-834e-c4fe13dd074c, File=d:\jenkins\ci_builder2\windowsbuild2\platform\src\rserver\src\clusterdistribimpl.cpp(1439)'
44:05.065005-0,EXCP,2,process=rphost,p:processName=bi_bk3wk1_prod_01,OSThread=5536,t:clientID=770,t:applicationName=BackgroundJob,t:computerName=DC2BUHAPP11,t:connectID=3506,SessionID=2547,Usr=WK1_Турганбаев_Ержан_Тлеужанович,Exception=60c686dc-798f-4d17-aadb-a90156a16eb8,Descr='src\rserver\src\rmngrcalls.cpp(476):
60c686dc-798f-4d17-aadb-a90156a16eb8: Сеанс отсутствует или удален
ID=cb1cc8af-615c-4a51-834e-c4fe13dd074c, File=d:\jenkins\ci_builder2\windowsbuild2\platform\src\rserver\src\clusterdistribimpl.cpp(1439)'
44:05.268000-0,EXCP,2,process=rphost,p:processName=bi_bk3wk1_prod_01,OSThread=5536,t:clientID=770,t:applicationName=BackgroundJob,t:computerName=DC2BUHAPP11,t:connectID=3506,SessionID=2547,Usr=WK1_Турганбаев_Ержан_Тлеужанович,Exception=SeanceContextException,Descr='Сеанс отсутствует или удален
ID=cb1cc8af-615c-4a51-834e-c4fe13dd074c, File=d:\jenkins\ci_builder2\windowsbuild2\platform\src\rserver\src\rmngrcalls.cpp(364)'
44:12.768003-0,ADMIN,2,process=rphost,p:processName=ServerJobExecutorContext,OSThread=6656,t:clientID=750,t:applicationName=JobScheduler,t:computerName=DC2BUHAPP11,Func=killClient,ClusterID=8aa94e2b-5d54-4b86-800b-79353ce39638,ConnectionID=8030bf0d-c272-4dfe-af8d-b6dfdea4bbb9,Mode=0,Ref=bi_bk3wk1_prod_01(bi_bk3wk1_prod_01),Host=DC2BUHAPP11,Connection=3512,Administrator=Unknown,Result=Success
44:13.237007-0,EXCP,3,process=rphost,p:processName=bi_bk3wk1_prod_01,OSThread=10444,t:clientID=773,t:applicationName=BackgroundJob,t:computerName=DC2BUHAPP11,t:connectID=3512,SessionID=2555,Usr=Павленко Жанна Александровна,Exception=SeanceContextException,Descr='Сеанс отсутствует или удален
ID=a760f0f4-1799-4b2b-a960-d66acdcb1679, File=d:\jenkins\ci_builder2\windowsbuild2\platform\src\rserver\src\clusterdistribimpl.cpp(1439)'
44:13.237009-0,EXCP,2,process=rphost,p:processName=bi_bk3wk1_prod_01,OSThread=10444,t:clientID=773,t:applicationName=BackgroundJob,t:computerName=DC2BUHAPP11,t:connectID=3512,SessionID=2555,Usr=Павленко Жанна Александровна,Exception=60c686dc-798f-4d17-aadb-a90156a16eb8,Descr='src\rserver\src\rmngrcalls.cpp(476):
60c686dc-798f-4d17-aadb-a90156a16eb8: Сеанс отсутствует или удален
ID=a760f0f4-1799-4b2b-a960-d66acdcb1679, File=d:\jenkins\ci_builder2\windowsbuild2\platform\src\rserver\src\clusterdistribimpl.cpp(1439)'
44:13.440000-0,EXCP,2,process=rphost,p:processName=bi_bk3wk1_prod_01,OSThread=10444,t:clientID=773,t:applicationName=BackgroundJob,t:computerName=DC2BUHAPP11,t:connectID=3512,SessionID=2555,Usr=Павленко Жанна Александровна,Exception=SeanceContextException,Descr='Сеанс отсутствует или удален
ID=a760f0f4-1799-4b2b-a960-d66acdcb1679, File=d:\jenkins\ci_builder2\windowsbuild2\platform\src\rserver\src\rmngrcalls.cpp(364)'
44:13.440001-0,EXCP,2,process=rphost,p:processName=bi_bk3wk1_prod_01,OSThread=10444,t:clientID=773,t:applicationName=BackgroundJob,t:computerName=DC2BUHAPP11,t:connectID=3512,SessionID=2555,Usr=Павленко Жанна Александровна,Exception=60c686dc-798f-4d17-aadb-a90156a16eb8,Descr='src\rserver\src\serverjobexecutor.cpp(1095):
60c686dc-798f-4d17-aadb-a90156a16eb8: Сеанс отсутствует или удален
ID=a760f0f4-1799-4b2b-a960-d66acdcb1679, File=d:\jenkins\ci_builder2\windowsbuild2\platform\src\rserver\src\rmngrcalls.cpp(364)'
44:13.440005-0,EXCP,3,process=rphost,p:processName=bi_bk3wk1_prod_01,OSThread=10444,t:clientID=773,t:applicationName=BackgroundJob,t:computerName=DC2BUHAPP11,t:connectID=3512,SessionID=2555,Usr=Павленко Жанна Александровна,Exception=SeanceContextException,Descr='Сеанс отсутствует или удален
ID=a760f0f4-1799-4b2b-a960-d66acdcb1679, File=d:\jenkins\ci_builder2\windowsbuild2\platform\src\rserver\src\clusterdistribimpl.cpp(1439)'
44:13.440007-0,EXCP,2,process=rphost,p:processName=bi_bk3wk1_prod_01,OSThread=10444,t:clientID=773,t:applicationName=BackgroundJob,t:computerName=DC2BUHAPP11,t:connectID=3512,SessionID=2555,Usr=Павленко Жанна Александровна,Exception=60c686dc-798f-4d17-aadb-a90156a16eb8,Descr='src\rserver\src\rmngrcalls.cpp(476):
60c686dc-798f-4d17-aadb-a90156a16eb8: Сеанс отсутствует или удален
ID=a760f0f4-1799-4b2b-a960-d66acdcb1679, File=d:\jenkins\ci_builder2\windowsbuild2\platform\src\rserver\src\clusterdistribimpl.cpp(1439)'
44:13.643000-0,EXCP,2,process=rphost,p:processName=bi_bk3wk1_prod_01,OSThread=10444,t:clientID=773,t:applicationName=BackgroundJob,t:computerName=DC2BUHAPP11,t:connectID=3512,SessionID=2555,Usr=Павленко Жанна Александровна,Exception=SeanceContextException,Descr='Сеанс отсутствует или удален
ID=a760f0f4-1799-4b2b-a960-d66acdcb1679, File=d:\jenkins\ci_builder2\windowsbuild2\platform\src\rserver\src\rmngrcalls.cpp(364)'
44:17.065005-0,ADMIN,2,process=rphost,p:processName=ServerJobExecutorContext,OSThread=6656,t:clientID=750,t:applicationName=JobScheduler,t:computerName=DC2BUHAPP11,Func=killClient,ClusterID=8aa94e2b-5d54-4b86-800b-79353ce39638,ConnectionID=77ab3dde-a415-47da-987e-d486ba175bc6,Mode=0,Ref=bi_bk3wk1_prod_01(bi_bk3wk1_prod_01),Host=DC2BUHAPP11,Connection=3514,Administrator=Unknown,Result=Success
44:19.612008-0,EXCP,3,process=rphost,p:processName=bi_bk3wk1_prod_01,OSThread=3836,t:clientID=774,t:applicationName=BackgroundJob,t:computerName=DC2BUHAPP11,t:connectID=3514,SessionID=2557,Usr=Павленко Жанна Александровна,Exception=SeanceContextException,Descr='Сеанс отсутствует или удален
ID=b6dd6f1e-6338-4f85-b53e-eff5dbe1d22e, File=d:\jenkins\ci_builder2\windowsbuild2\platform\src\rserver\src\clusterdistribimpl.cpp(1439)'
44:19.612010-0,EXCP,2,process=rphost,p:processName=bi_bk3wk1_prod_01,OSThread=3836,t:clientID=774,t:applicationName=BackgroundJob,t:computerName=DC2BUHAPP11,t:connectID=3514,SessionID=2557,Usr=Павленко Жанна Александровна,Exception=60c686dc-798f-4d17-aadb-a90156a16eb8,Descr='src\rserver\src\rmngrcalls.cpp(476):
60c686dc-798f-4d17-aadb-a90156a16eb8: Сеанс отсутствует или удален
ID=b6dd6f1e-6338-4f85-b53e-eff5dbe1d22e, File=d:\jenkins\ci_builder2\windowsbuild2\platform\src\rserver\src\clusterdistribimpl.cpp(1439)'
44:19.815000-0,EXCP,2,process=rphost,p:processName=bi_bk3wk1_prod_01,OSThread=3836,t:clientID=774,t:applicationName=BackgroundJob,t:computerName=DC2BUHAPP11,t:connectID=3514,SessionID=2557,Usr=Павленко Жанна Александровна,Exception=SeanceContextException,Descr='Сеанс отсутствует или удален
ID=b6dd6f1e-6338-4f85-b53e-eff5dbe1d22e, File=d:\jenkins\ci_builder2\windowsbuild2\platform\src\rserver\src\rmngrcalls.cpp(364)'
44:19.815001-0,EXCP,2,process=rphost,p:processName=bi_bk3wk1_prod_01,OSThread=3836,t:clientID=774,t:applicationName=BackgroundJob,t:computerName=DC2BUHAPP11,t:connectID=3514,SessionID=2557,Usr=Павленко Жанна Александровна,Exception=60c686dc-798f-4d17-aadb-a90156a16eb8,Descr='src\rserver\src\serverjobexecutor.cpp(1095):
60c686dc-798f-4d17-aadb-a90156a16eb8: Сеанс отсутствует или удален
ID=b6dd6f1e-6338-4f85-b53e-eff5dbe1d22e, File=d:\jenkins\ci_builder2\windowsbuild2\platform\src\rserver\src\rmngrcalls.cpp(364)'
44:19.815011-0,EXCP,3,process=rphost,p:processName=bi_bk3wk1_prod_01,OSThread=3836,t:clientID=774,t:applicationName=BackgroundJob,t:computerName=DC2BUHAPP11,t:connectID=3514,SessionID=2557,Usr=Павленко Жанна Александровна,Exception=SeanceContextException,Descr='Сеанс отсутствует или удален
ID=b6dd6f1e-6338-4f85-b53e-eff5dbe1d22e, File=d:\jenkins\ci_builder2\windowsbuild2\platform\src\rserver\src\clusterdistribimpl.cpp(1439)'
44:19.815013-0,EXCP,2,process=rphost,p:processName=bi_bk3wk1_prod_01,OSThread=3836,t:clientID=774,t:applicationName=BackgroundJob,t:computerName=DC2BUHAPP11,t:connectID=3514,SessionID=2557,Usr=Павленко Жанна Александровна,Exception=60c686dc-798f-4d17-aadb-a90156a16eb8,Descr='src\rserver\src\rmngrcalls.cpp(476):
60c686dc-798f-4d17-aadb-a90156a16eb8: Сеанс отсутствует или удален
ID=b6dd6f1e-6338-4f85-b53e-eff5dbe1d22e, File=d:\jenkins\ci_builder2\windowsbuild2\platform\src\rserver\src\clusterdistribimpl.cpp(1439)'
44:20.018000-0,EXCP,2,process=rphost,p:processName=bi_bk3wk1_prod_01,OSThread=3836,t:clientID=774,t:applicationName=BackgroundJob,t:computerName=DC2BUHAPP11,t:connectID=3514,SessionID=2557,Usr=Павленко Жанна Александровна,Exception=SeanceContextException,Descr='Сеанс отсутствует или удален
ID=b6dd6f1e-6338-4f85-b53e-eff5dbe1d22e, File=d:\jenkins\ci_builder2\windowsbuild2\platform\src\rserver\src\rmngrcalls.cpp(364)'
44:38.784018-0,ADMIN,2,process=rphost,p:processName=ServerJobExecutorContext,OSThread=5160,t:clientID=750,t:applicationName=JobScheduler,t:computerName=DC2BUHAPP11,Func=killClient,ClusterID=8aa94e2b-5d54-4b86-800b-79353ce39638,ConnectionID=51732d84-8340-49a6-8c18-0a36c0d46d25,Mode=0,Ref=bi_bk3wk1_prod_01(bi_bk3wk1_prod_01),Host=DC2BUHAPP11,Connection=3521,Administrator=Unknown,Result=Success
44:40.096016-0,EXCP,3,process=rphost,p:processName=bi_bk3wk1_prod_01,OSThread=7132,t:clientID=778,t:applicationName=BackgroundJob,t:computerName=DC2BUHAPP11,t:connectID=3521,SessionID=2564,Usr=Павленко Жанна Александровна,Exception=SeanceContextException,Descr='Сеанс отсутствует или удален
ID=43d7afd5-63b1-4862-a6b6-ada733d5d142, File=d:\jenkins\ci_builder2\windowsbuild2\platform\src\rserver\src\clusterdistribimpl.cpp(1439)'
44:40.096018-0,EXCP,2,process=rphost,p:processName=bi_bk3wk1_prod_01,OSThread=7132,t:clientID=778,t:applicationName=BackgroundJob,t:computerName=DC2BUHAPP11,t:connectID=3521,SessionID=2564,Usr=Павленко Жанна Александровна,Exception=60c686dc-798f-4d17-aadb-a90156a16eb8,Descr='src\rserver\src\rmngrcalls.cpp(476):
60c686dc-798f-4d17-aadb-a90156a16eb8: Сеанс отсутствует или удален
ID=43d7afd5-63b1-4862-a6b6-ada733d5d142, File=d:\jenkins\ci_builder2\windowsbuild2\platform\src\rserver\src\clusterdistribimpl.cpp(1439)'
44:40.299001-0,EXCP,2,process=rphost,p:processName=bi_bk3wk1_prod_01,OSThread=7132,t:clientID=778,t:applicationName=BackgroundJob,t:computerName=DC2BUHAPP11,t:connectID=3521,SessionID=2564,Usr=Павленко Жанна Александровна,Exception=SeanceContextException,Descr='Сеанс отсутствует или удален
ID=43d7afd5-63b1-4862-a6b6-ada733d5d142, File=d:\jenkins\ci_builder2\windowsbuild2\platform\src\rserver\src\rmngrcalls.cpp(364)'
44:40.299002-0,EXCP,2,process=rphost,p:processName=bi_bk3wk1_prod_01,OSThread=7132,t:clientID=778,t:applicationName=BackgroundJob,t:computerName=DC2BUHAPP11,t:connectID=3521,SessionID=2564,Usr=Павленко Жанна Александровна,Exception=60c686dc-798f-4d17-aadb-a90156a16eb8,Descr='src\rserver\src\serverjobexecutor.cpp(1095):
60c686dc-798f-4d17-aadb-a90156a16eb8: Сеанс отсутствует или удален
ID=43d7afd5-63b1-4862-a6b6-ada733d5d142, File=d:\jenkins\ci_builder2\windowsbuild2\platform\src\rserver\src\rmngrcalls.cpp(364)'
44:40.299004-0,EXCP,3,process=rphost,p:processName=bi_bk3wk1_prod_01,OSThread=7132,t:clientID=778,t:applicationName=BackgroundJob,t:computerName=DC2BUHAPP11,t:connectID=3521,SessionID=2564,Usr=Павленко Жанна Александровна,Exception=SeanceContextException,Descr='Сеанс отсутствует или удален
ID=43d7afd5-63b1-4862-a6b6-ada733d5d142, File=d:\jenkins\ci_builder2\windowsbuild2\platform\src\rserver\src\clusterdistribimpl.cpp(1439)'
44:40.299006-0,EXCP,2,process=rphost,p:processName=bi_bk3wk1_prod_01,OSThread=7132,t:clientID=778,t:applicationName=BackgroundJob,t:computerName=DC2BUHAPP11,t:connectID=3521,SessionID=2564,Usr=Павленко Жанна Александровна,Exception=60c686dc-798f-4d17-aadb-a90156a16eb8,Descr='src\rserver\src\rmngrcalls.cpp(476):
60c686dc-798f-4d17-aadb-a90156a16eb8: Сеанс отсутствует или удален
ID=43d7afd5-63b1-4862-a6b6-ada733d5d142, File=d:\jenkins\ci_builder2\windowsbuild2\platform\src\rserver\src\clusterdistribimpl.cpp(1439)'
44:40.331006-0,EXCP,2,process=rphost,p:processName=bi_bk3wk1_prod_01,OSThread=7132,t:clientID=778,t:applicationName=BackgroundJob,t:computerName=DC2BUHAPP11,t:connectID=3521,SessionID=2564,Usr=Павленко Жанна Александровна,Exception=SeanceContextException,Descr='Сеанс отсутствует или удален
ID=43d7afd5-63b1-4862-a6b6-ada733d5d142, File=d:\jenkins\ci_builder2\windowsbuild2\platform\src\rserver\src\rmngrcalls.cpp(364)'
