37:58.221000-0,EXCP,0,process=rphost,OSThread=9360,ClientID=1516,Exception=NetDataExchangeException,Descr='server_addr=(2)10.224.32.249:56948 descr=10054(0x00002746): Удаленный хост принудительно разорвал существующее подключение.  line=1149 file=d:\jenkins\ci_builder2\windowsbuild2\platform\src\rtrsrvc\src\dataexchangeserverimpl.cpp'
37:58.221001-0,EXCPCNTX,0,ClientComputerName=,ServerComputerName=,UserName=,ConnectString=
37:58.221004-0,EXCP,0,process=rphost,OSThread=8036,ClientID=1517,Exception=NetDataExchangeException,Descr='server_addr=(2)10.224.32.249:56953 descr=10054(0x00002746): Удаленный хост принудительно разорвал существующее подключение.  line=1149 file=d:\jenkins\ci_builder2\windowsbuild2\platform\src\rtrsrvc\src\dataexchangeserverimpl.cpp'
37:58.221005-0,EXCPCNTX,0,ClientComputerName=,ServerComputerName=,UserName=,ConnectString=
39:05.066001-0,EXCP,0,process=rphost,OSThread=7172,ClientID=61,Exception=NetDataExchangeException,Descr='server_addr=(2)10.224.32.248:52119 descr=10054(0x00002746): Удаленный хост принудительно разорвал существующее подключение.  line=1149 file=d:\jenkins\ci_builder2\windowsbuild2\platform\src\rtrsrvc\src\dataexchangeserverimpl.cpp'
39:05.066000-0,EXCP,0,process=rphost,OSThread=7348,ClientID=70,Exception=NetDataExchangeException,Descr='server_addr=(2)10.224.32.248:52124 descr=10054(0x00002746): Удаленный хост принудительно разорвал существующее подключение.  line=1149 file=d:\jenkins\ci_builder2\windowsbuild2\platform\src\rtrsrvc\src\dataexchangeserverimpl.cpp'
39:05.066002-0,EXCPCNTX,0,ClientComputerName=,ServerComputerName=,UserName=,ConnectString=
39:05.066003-0,EXCPCNTX,0,ClientComputerName=,ServerComputerName=,UserName=,ConnectString=
40:44.632015-0,ADMIN,2,process=rphost,p:processName=ServerJobExecutorContext,OSThread=9592,t:clientID=1790,t:applicationName=JobScheduler,t:computerName=DC2BUHAPP11,Func=killClient,ClusterID=8aa94e2b-5d54-4b86-800b-79353ce39638,ConnectionID=6d675c60-c9f9-4f77-97a7-7169eb8a252d,Mode=0,Ref=bi_bk3wk1_prod_01(bi_bk3wk1_prod_01),Host=DC2BUHAPP11,Connection=7481,Administrator=Unknown,Result=Success
40:45.210015-0,ADMIN,2,process=rphost,p:processName=ServerJobExecutorContext,OSThread=9592,t:clientID=1790,t:applicationName=JobScheduler,t:computerName=DC2BUHAPP11,Func=killClient,ClusterID=8aa94e2b-5d54-4b86-800b-79353ce39638,ConnectionID=7cba0ea1-d433-4142-b8eb-96538c939e2d,Mode=0,Ref=bi_bk3wk1_prod_01(bi_bk3wk1_prod_01),Host=DC2BUHAPP11,Connection=7482,Administrator=Unknown,Result=Success
40:56.230005-0,EXCP,3,process=rphost,p:processName=bi_bk3wk1_prod_01,OSThread=5460,t:clientID=1825,t:applicationName=BackgroundJob,t:computerName=DC2BUHAPP11,t:connectID=7482,SessionID=8974,Usr=WK1_Оразалы_Арман_Қадырбекұлы,Exception=SeanceContextException,Descr='Сеанс отсутствует или удален
ID=8b52c572-9965-4f2f-8333-bc220b717290, File=d:\jenkins\ci_builder2\windowsbuild2\platform\src\rserver\src\clusterdistribimpl.cpp(1439)'
40:56.230007-0,EXCP,2,process=rphost,p:processName=bi_bk3wk1_prod_01,OSThread=5460,t:clientID=1825,t:applicationName=BackgroundJob,t:computerName=DC2BUHAPP11,t:connectID=7482,SessionID=8974,Usr=WK1_Оразалы_Арман_Қадырбекұлы,Exception=60c686dc-798f-4d17-aadb-a90156a16eb8,Descr='src\rserver\src\rmngrcalls.cpp(476):
60c686dc-798f-4d17-aadb-a90156a16eb8: Сеанс отсутствует или удален
ID=8b52c572-9965-4f2f-8333-bc220b717290, File=d:\jenkins\ci_builder2\windowsbuild2\platform\src\rserver\src\clusterdistribimpl.cpp(1439)'
40:56.433000-0,EXCP,2,process=rphost,p:processName=bi_bk3wk1_prod_01,OSThread=5460,t:clientID=1825,t:applicationName=BackgroundJob,t:computerName=DC2BUHAPP11,t:connectID=7482,SessionID=8974,Usr=WK1_Оразалы_Арман_Қадырбекұлы,Exception=SeanceContextException,Descr='Сеанс отсутствует или удален
ID=8b52c572-9965-4f2f-8333-bc220b717290, File=d:\jenkins\ci_builder2\windowsbuild2\platform\src\rserver\src\rmngrcalls.cpp(364)'
40:56.433001-0,EXCP,2,process=rphost,p:processName=bi_bk3wk1_prod_01,OSThread=5460,t:clientID=1825,t:applicationName=BackgroundJob,t:computerName=DC2BUHAPP11,t:connectID=7482,SessionID=8974,Usr=WK1_Оразалы_Арман_Қадырбекұлы,Exception=60c686dc-798f-4d17-aadb-a90156a16eb8,Descr='src\rserver\src\serverjobexecutor.cpp(1095):
60c686dc-798f-4d17-aadb-a90156a16eb8: Сеанс отсутствует или удален
ID=8b52c572-9965-4f2f-8333-bc220b717290, File=d:\jenkins\ci_builder2\windowsbuild2\platform\src\rserver\src\rmngrcalls.cpp(364)'
40:56.433003-0,EXCP,3,process=rphost,p:processName=bi_bk3wk1_prod_01,OSThread=5460,t:clientID=1825,t:applicationName=BackgroundJob,t:computerName=DC2BUHAPP11,t:connectID=7482,SessionID=8974,Usr=WK1_Оразалы_Арман_Қадырбекұлы,Exception=SeanceContextException,Descr='Сеанс отсутствует или удален
ID=8b52c572-9965-4f2f-8333-bc220b717290, File=d:\jenkins\ci_builder2\windowsbuild2\platform\src\rserver\src\clusterdistribimpl.cpp(1439)'
40:56.433005-0,EXCP,2,process=rphost,p:processName=bi_bk3wk1_prod_01,OSThread=5460,t:clientID=1825,t:applicationName=BackgroundJob,t:computerName=DC2BUHAPP11,t:connectID=7482,SessionID=8974,Usr=WK1_Оразалы_Арман_Қадырбекұлы,Exception=60c686dc-798f-4d17-aadb-a90156a16eb8,Descr='src\rserver\src\rmngrcalls.cpp(476):
60c686dc-798f-4d17-aadb-a90156a16eb8: Сеанс отсутствует или удален
ID=8b52c572-9965-4f2f-8333-bc220b717290, File=d:\jenkins\ci_builder2\windowsbuild2\platform\src\rserver\src\clusterdistribimpl.cpp(1439)'
40:56.636000-0,EXCP,2,process=rphost,p:processName=bi_bk3wk1_prod_01,OSThread=5460,t:clientID=1825,t:applicationName=BackgroundJob,t:computerName=DC2BUHAPP11,t:connectID=7482,SessionID=8974,Usr=WK1_Оразалы_Арман_Қадырбекұлы,Exception=SeanceContextException,Descr='Сеанс отсутствует или удален
ID=8b52c572-9965-4f2f-8333-bc220b717290, File=d:\jenkins\ci_builder2\windowsbuild2\platform\src\rserver\src\rmngrcalls.cpp(364)'
41:04.214000-0,EXCP,3,process=rphost,p:processName=bi_bk3wk1_prod_01,OSThread=6868,t:clientID=1824,t:applicationName=BackgroundJob,t:computerName=DC2BUHAPP11,t:connectID=7481,SessionID=8973,Usr=WK1_Оразалы_Арман_Қадырбекұлы,Exception=SeanceContextException,Descr='Сеанс отсутствует или удален
ID=19e3dcec-991b-4603-bf4d-137c2b68e108, File=d:\jenkins\ci_builder2\windowsbuild2\platform\src\rserver\src\clusterdistribimpl.cpp(1439)'
41:04.214002-0,EXCP,2,process=rphost,p:processName=bi_bk3wk1_prod_01,OSThread=6868,t:clientID=1824,t:applicationName=BackgroundJob,t:computerName=DC2BUHAPP11,t:connectID=7481,SessionID=8973,Usr=WK1_Оразалы_Арман_Қадырбекұлы,Exception=60c686dc-798f-4d17-aadb-a90156a16eb8,Descr='src\rserver\src\rmngrcalls.cpp(476):
60c686dc-798f-4d17-aadb-a90156a16eb8: Сеанс отсутствует или удален
ID=19e3dcec-991b-4603-bf4d-137c2b68e108, File=d:\jenkins\ci_builder2\windowsbuild2\platform\src\rserver\src\clusterdistribimpl.cpp(1439)'
41:04.417000-0,EXCP,2,process=rphost,p:processName=bi_bk3wk1_prod_01,OSThread=6868,t:clientID=1824,t:applicationName=BackgroundJob,t:computerName=DC2BUHAPP11,t:connectID=7481,SessionID=8973,Usr=WK1_Оразалы_Арман_Қадырбекұлы,Exception=SeanceContextException,Descr='Сеанс отсутствует или удален
ID=19e3dcec-991b-4603-bf4d-137c2b68e108, File=d:\jenkins\ci_builder2\windowsbuild2\platform\src\rserver\src\rmngrcalls.cpp(364)'
41:04.417001-0,EXCP,2,process=rphost,p:processName=bi_bk3wk1_prod_01,OSThread=6868,t:clientID=1824,t:applicationName=BackgroundJob,t:computerName=DC2BUHAPP11,t:connectID=7481,SessionID=8973,Usr=WK1_Оразалы_Арман_Қадырбекұлы,Exception=60c686dc-798f-4d17-aadb-a90156a16eb8,Descr='src\rserver\src\serverjobexecutor.cpp(1095):
60c686dc-798f-4d17-aadb-a90156a16eb8: Сеанс отсутствует или удален
ID=19e3dcec-991b-4603-bf4d-137c2b68e108, File=d:\jenkins\ci_builder2\windowsbuild2\platform\src\rserver\src\rmngrcalls.cpp(364)'
41:04.417005-0,EXCP,3,process=rphost,p:processName=bi_bk3wk1_prod_01,OSThread=6868,t:clientID=1824,t:applicationName=BackgroundJob,t:computerName=DC2BUHAPP11,t:connectID=7481,SessionID=8973,Usr=WK1_Оразалы_Арман_Қадырбекұлы,Exception=SeanceContextException,Descr='Сеанс отсутствует или удален
ID=19e3dcec-991b-4603-bf4d-137c2b68e108, File=d:\jenkins\ci_builder2\windowsbuild2\platform\src\rserver\src\clusterdistribimpl.cpp(1439)'
41:04.417007-0,EXCP,2,process=rphost,p:processName=bi_bk3wk1_prod_01,OSThread=6868,t:clientID=1824,t:applicationName=BackgroundJob,t:computerName=DC2BUHAPP11,t:connectID=7481,SessionID=8973,Usr=WK1_Оразалы_Арман_Қадырбекұлы,Exception=60c686dc-798f-4d17-aadb-a90156a16eb8,Descr='src\rserver\src\rmngrcalls.cpp(476):
60c686dc-798f-4d17-aadb-a90156a16eb8: Сеанс отсутствует или удален
ID=19e3dcec-991b-4603-bf4d-137c2b68e108, File=d:\jenkins\ci_builder2\windowsbuild2\platform\src\rserver\src\clusterdistribimpl.cpp(1439)'
41:04.620000-0,EXCP,2,process=rphost,p:processName=bi_bk3wk1_prod_01,OSThread=6868,t:clientID=1824,t:applicationName=BackgroundJob,t:computerName=DC2BUHAPP11,t:connectID=7481,SessionID=8973,Usr=WK1_Оразалы_Арман_Қадырбекұлы,Exception=SeanceContextException,Descr='Сеанс отсутствует или удален
ID=19e3dcec-991b-4603-bf4d-137c2b68e108, File=d:\jenkins\ci_builder2\windowsbuild2\platform\src\rserver\src\rmngrcalls.cpp(364)'
41:33.308005-0,ADMIN,2,process=rphost,p:processName=ServerJobExecutorContext,OSThread=3380,t:clientID=1790,t:applicationName=JobScheduler,t:computerName=DC2BUHAPP11,Func=killClient,ClusterID=8aa94e2b-5d54-4b86-800b-79353ce39638,ConnectionID=c8b0d504-a13d-4260-9410-b5ace371ea75,Mode=0,Ref=bi_bk3wk1_prod_01(bi_bk3wk1_prod_01),Host=DC2BUHAPP11,Connection=7518,Administrator=Unknown,Result=Success
41:33.980006-0,ADMIN,2,process=rphost,p:processName=ServerJobExecutorContext,OSThread=3380,t:clientID=1790,t:applicationName=JobScheduler,t:computerName=DC2BUHAPP11,Func=killClient,ClusterID=8aa94e2b-5d54-4b86-800b-79353ce39638,ConnectionID=71db4265-e12c-47e7-9d2f-047740fd879c,Mode=0,Ref=bi_bk3wk1_prod_01(bi_bk3wk1_prod_01),Host=DC2BUHAPP11,Connection=7519,Administrator=Unknown,Result=Success
41:45.323005-0,EXCP,3,process=rphost,p:processName=bi_bk3wk1_prod_01,OSThread=4892,t:clientID=1844,t:applicationName=BackgroundJob,t:computerName=DC2BUHAPP11,t:connectID=7518,SessionID=9010,Usr=Керимкулов Толеген Амангельдиевич,Exception=SeanceContextException,Descr='Сеанс отсутствует или удален
ID=4cf58c03-8a5b-40fa-9cf7-861f93662b67, File=d:\jenkins\ci_builder2\windowsbuild2\platform\src\rserver\src\clusterdistribimpl.cpp(1439)'
41:45.323007-0,EXCP,2,process=rphost,p:processName=bi_bk3wk1_prod_01,OSThread=4892,t:clientID=1844,t:applicationName=BackgroundJob,t:computerName=DC2BUHAPP11,t:connectID=7518,SessionID=9010,Usr=Керимкулов Толеген Амангельдиевич,Exception=60c686dc-798f-4d17-aadb-a90156a16eb8,Descr='src\rserver\src\rmngrcalls.cpp(476):
60c686dc-798f-4d17-aadb-a90156a16eb8: Сеанс отсутствует или удален
ID=4cf58c03-8a5b-40fa-9cf7-861f93662b67, File=d:\jenkins\ci_builder2\windowsbuild2\platform\src\rserver\src\clusterdistribimpl.cpp(1439)'
41:45.386006-0,EXCP,2,process=rphost,p:processName=bi_bk3wk1_prod_01,OSThread=4892,t:clientID=1844,t:applicationName=BackgroundJob,t:computerName=DC2BUHAPP11,t:connectID=7518,SessionID=9010,Usr=Керимкулов Толеген Амангельдиевич,Exception=SeanceContextException,Descr='Сеанс отсутствует или удален
ID=4cf58c03-8a5b-40fa-9cf7-861f93662b67, File=d:\jenkins\ci_builder2\windowsbuild2\platform\src\rserver\src\rmngrcalls.cpp(364)'
41:45.386007-0,EXCP,2,process=rphost,p:processName=bi_bk3wk1_prod_01,OSThread=4892,t:clientID=1844,t:applicationName=BackgroundJob,t:computerName=DC2BUHAPP11,t:connectID=7518,SessionID=9010,Usr=Керимкулов Толеген Амангельдиевич,Exception=60c686dc-798f-4d17-aadb-a90156a16eb8,Descr='src\rserver\src\serverjobexecutor.cpp(1095):
60c686dc-798f-4d17-aadb-a90156a16eb8: Сеанс отсутствует или удален
ID=4cf58c03-8a5b-40fa-9cf7-861f93662b67, File=d:\jenkins\ci_builder2\windowsbuild2\platform\src\rserver\src\rmngrcalls.cpp(364)'
41:45.386009-0,EXCP,3,process=rphost,p:processName=bi_bk3wk1_prod_01,OSThread=4892,t:clientID=1844,t:applicationName=BackgroundJob,t:computerName=DC2BUHAPP11,t:connectID=7518,SessionID=9010,Usr=Керимкулов Толеген Амангельдиевич,Exception=SeanceContextException,Descr='Сеанс отсутствует или удален
ID=4cf58c03-8a5b-40fa-9cf7-861f93662b67, File=d:\jenkins\ci_builder2\windowsbuild2\platform\src\rserver\src\clusterdistribimpl.cpp(1439)'
41:45.386011-0,EXCP,2,process=rphost,p:processName=bi_bk3wk1_prod_01,OSThread=4892,t:clientID=1844,t:applicationName=BackgroundJob,t:computerName=DC2BUHAPP11,t:connectID=7518,SessionID=9010,Usr=Керимкулов Толеген Амангельдиевич,Exception=60c686dc-798f-4d17-aadb-a90156a16eb8,Descr='src\rserver\src\rmngrcalls.cpp(476):
60c686dc-798f-4d17-aadb-a90156a16eb8: Сеанс отсутствует или удален
ID=4cf58c03-8a5b-40fa-9cf7-861f93662b67, File=d:\jenkins\ci_builder2\windowsbuild2\platform\src\rserver\src\clusterdistribimpl.cpp(1439)'
41:45.480008-0,EXCP,3,process=rphost,p:processName=bi_bk3wk1_prod_01,OSThread=6440,t:clientID=1845,t:applicationName=BackgroundJob,t:computerName=DC2BUHAPP11,t:connectID=7519,SessionID=9011,Usr=Керимкулов Толеген Амангельдиевич,Exception=SeanceContextException,Descr='Сеанс отсутствует или удален
ID=1dc34730-8362-4cb0-bfa3-ca8ee5c127b2, File=d:\jenkins\ci_builder2\windowsbuild2\platform\src\rserver\src\clusterdistribimpl.cpp(1439)'
41:45.480010-0,EXCP,2,process=rphost,p:processName=bi_bk3wk1_prod_01,OSThread=6440,t:clientID=1845,t:applicationName=BackgroundJob,t:computerName=DC2BUHAPP11,t:connectID=7519,SessionID=9011,Usr=Керимкулов Толеген Амангельдиевич,Exception=60c686dc-798f-4d17-aadb-a90156a16eb8,Descr='src\rserver\src\rmngrcalls.cpp(476):
60c686dc-798f-4d17-aadb-a90156a16eb8: Сеанс отсутствует или удален
ID=1dc34730-8362-4cb0-bfa3-ca8ee5c127b2, File=d:\jenkins\ci_builder2\windowsbuild2\platform\src\rserver\src\clusterdistribimpl.cpp(1439)'
41:45.589000-0,EXCP,2,process=rphost,p:processName=bi_bk3wk1_prod_01,OSThread=4892,t:clientID=1844,t:applicationName=BackgroundJob,t:computerName=DC2BUHAPP11,t:connectID=7518,SessionID=9010,Usr=Керимкулов Толеген Амангельдиевич,Exception=SeanceContextException,Descr='Сеанс отсутствует или удален
ID=4cf58c03-8a5b-40fa-9cf7-861f93662b67, File=d:\jenkins\ci_builder2\windowsbuild2\platform\src\rserver\src\rmngrcalls.cpp(364)'
41:45.683000-0,EXCP,2,process=rphost,p:processName=bi_bk3wk1_prod_01,OSThread=6440,t:clientID=1845,t:applicationName=BackgroundJob,t:computerName=DC2BUHAPP11,t:connectID=7519,SessionID=9011,Usr=Керимкулов Толеген Амангельдиевич,Exception=SeanceContextException,Descr='Сеанс отсутствует или удален
ID=1dc34730-8362-4cb0-bfa3-ca8ee5c127b2, File=d:\jenkins\ci_builder2\windowsbuild2\platform\src\rserver\src\rmngrcalls.cpp(364)'
41:45.683001-0,EXCP,2,process=rphost,p:processName=bi_bk3wk1_prod_01,OSThread=6440,t:clientID=1845,t:applicationName=BackgroundJob,t:computerName=DC2BUHAPP11,t:connectID=7519,SessionID=9011,Usr=Керимкулов Толеген Амангельдиевич,Exception=60c686dc-798f-4d17-aadb-a90156a16eb8,Descr='src\rserver\src\serverjobexecutor.cpp(1095):
60c686dc-798f-4d17-aadb-a90156a16eb8: Сеанс отсутствует или удален
ID=1dc34730-8362-4cb0-bfa3-ca8ee5c127b2, File=d:\jenkins\ci_builder2\windowsbuild2\platform\src\rserver\src\rmngrcalls.cpp(364)'
41:45.683003-0,EXCP,3,process=rphost,p:processName=bi_bk3wk1_prod_01,OSThread=6440,t:clientID=1845,t:applicationName=BackgroundJob,t:computerName=DC2BUHAPP11,t:connectID=7519,SessionID=9011,Usr=Керимкулов Толеген Амангельдиевич,Exception=SeanceContextException,Descr='Сеанс отсутствует или удален
ID=1dc34730-8362-4cb0-bfa3-ca8ee5c127b2, File=d:\jenkins\ci_builder2\windowsbuild2\platform\src\rserver\src\clusterdistribimpl.cpp(1439)'
41:45.683005-0,EXCP,2,process=rphost,p:processName=bi_bk3wk1_prod_01,OSThread=6440,t:clientID=1845,t:applicationName=BackgroundJob,t:computerName=DC2BUHAPP11,t:connectID=7519,SessionID=9011,Usr=Керимкулов Толеген Амангельдиевич,Exception=60c686dc-798f-4d17-aadb-a90156a16eb8,Descr='src\rserver\src\rmngrcalls.cpp(476):
60c686dc-798f-4d17-aadb-a90156a16eb8: Сеанс отсутствует или удален
ID=1dc34730-8362-4cb0-bfa3-ca8ee5c127b2, File=d:\jenkins\ci_builder2\windowsbuild2\platform\src\rserver\src\clusterdistribimpl.cpp(1439)'
41:45.886000-0,EXCP,2,process=rphost,p:processName=bi_bk3wk1_prod_01,OSThread=6440,t:clientID=1845,t:applicationName=BackgroundJob,t:computerName=DC2BUHAPP11,t:connectID=7519,SessionID=9011,Usr=Керимкулов Толеген Амангельдиевич,Exception=SeanceContextException,Descr='Сеанс отсутствует или удален
ID=1dc34730-8362-4cb0-bfa3-ca8ee5c127b2, File=d:\jenkins\ci_builder2\windowsbuild2\platform\src\rserver\src\rmngrcalls.cpp(364)'
45:53.445005-0,ADMIN,2,process=rphost,p:processName=ServerJobExecutorContext,OSThread=9592,t:clientID=1846,t:applicationName=JobScheduler,t:computerName=DC2BUHAPP11,Func=killClient,ClusterID=8aa94e2b-5d54-4b86-800b-79353ce39638,ConnectionID=34f945ce-ac53-47fa-80c6-c7e3f2edf8e2,Mode=0,Ref=bi_bk3wk1_prod_01(bi_bk3wk1_prod_01),Host=DC2BUHAPP11,Connection=7584,Administrator=Unknown,Result=Success
45:53.867005-0,ADMIN,2,process=rphost,p:processName=ServerJobExecutorContext,OSThread=9592,t:clientID=1846,t:applicationName=JobScheduler,t:computerName=DC2BUHAPP11,Func=killClient,ClusterID=8aa94e2b-5d54-4b86-800b-79353ce39638,ConnectionID=de058764-3fa7-407f-828c-569719655d9f,Mode=0,Ref=bi_bk3wk1_prod_01(bi_bk3wk1_prod_01),Host=DC2BUHAPP11,Connection=7585,Administrator=Unknown,Result=Success
45:57.449000-0,EXCP,3,process=rphost,p:processName=bi_bk3wk1_prod_01,OSThread=9932,t:clientID=1850,t:applicationName=BackgroundJob,t:computerName=DC2BUHAPP11,t:connectID=7584,SessionID=9124,Usr=Шакиржанов Ержан Рашидович,Exception=SeanceContextException,Descr='Сеанс отсутствует или удален
ID=a3c16485-4932-4cb0-8135-c144895cede0, File=d:\jenkins\ci_builder2\windowsbuild2\platform\src\rserver\src\clusterdistribimpl.cpp(1439)'
45:57.449002-0,EXCP,2,process=rphost,p:processName=bi_bk3wk1_prod_01,OSThread=9932,t:clientID=1850,t:applicationName=BackgroundJob,t:computerName=DC2BUHAPP11,t:connectID=7584,SessionID=9124,Usr=Шакиржанов Ержан Рашидович,Exception=60c686dc-798f-4d17-aadb-a90156a16eb8,Descr='src\rserver\src\rmngrcalls.cpp(476):
60c686dc-798f-4d17-aadb-a90156a16eb8: Сеанс отсутствует или удален
ID=a3c16485-4932-4cb0-8135-c144895cede0, File=d:\jenkins\ci_builder2\windowsbuild2\platform\src\rserver\src\clusterdistribimpl.cpp(1439)'
45:57.653000-0,EXCP,2,process=rphost,p:processName=bi_bk3wk1_prod_01,OSThread=9932,t:clientID=1850,t:applicationName=BackgroundJob,t:computerName=DC2BUHAPP11,t:connectID=7584,SessionID=9124,Usr=Шакиржанов Ержан Рашидович,Exception=SeanceContextException,Descr='Сеанс отсутствует или удален
ID=a3c16485-4932-4cb0-8135-c144895cede0, File=d:\jenkins\ci_builder2\windowsbuild2\platform\src\rserver\src\rmngrcalls.cpp(364)'
45:57.653001-0,EXCP,2,process=rphost,p:processName=bi_bk3wk1_prod_01,OSThread=9932,t:clientID=1850,t:applicationName=BackgroundJob,t:computerName=DC2BUHAPP11,t:connectID=7584,SessionID=9124,Usr=Шакиржанов Ержан Рашидович,Exception=60c686dc-798f-4d17-aadb-a90156a16eb8,Descr='src\rserver\src\serverjobexecutor.cpp(1095):
60c686dc-798f-4d17-aadb-a90156a16eb8: Сеанс отсутствует или удален
ID=a3c16485-4932-4cb0-8135-c144895cede0, File=d:\jenkins\ci_builder2\windowsbuild2\platform\src\rserver\src\rmngrcalls.cpp(364)'
45:57.653003-0,EXCP,3,process=rphost,p:processName=bi_bk3wk1_prod_01,OSThread=9932,t:clientID=1850,t:applicationName=BackgroundJob,t:computerName=DC2BUHAPP11,t:connectID=7584,SessionID=9124,Usr=Шакиржанов Ержан Рашидович,Exception=SeanceContextException,Descr='Сеанс отсутствует или удален
ID=a3c16485-4932-4cb0-8135-c144895cede0, File=d:\jenkins\ci_builder2\windowsbuild2\platform\src\rserver\src\clusterdistribimpl.cpp(1439)'
45:57.653005-0,EXCP,2,process=rphost,p:processName=bi_bk3wk1_prod_01,OSThread=9932,t:clientID=1850,t:applicationName=BackgroundJob,t:computerName=DC2BUHAPP11,t:connectID=7584,SessionID=9124,Usr=Шакиржанов Ержан Рашидович,Exception=60c686dc-798f-4d17-aadb-a90156a16eb8,Descr='src\rserver\src\rmngrcalls.cpp(476):
60c686dc-798f-4d17-aadb-a90156a16eb8: Сеанс отсутствует или удален
ID=a3c16485-4932-4cb0-8135-c144895cede0, File=d:\jenkins\ci_builder2\windowsbuild2\platform\src\rserver\src\clusterdistribimpl.cpp(1439)'
45:57.856000-0,EXCP,2,process=rphost,p:processName=bi_bk3wk1_prod_01,OSThread=9932,t:clientID=1850,t:applicationName=BackgroundJob,t:computerName=DC2BUHAPP11,t:connectID=7584,SessionID=9124,Usr=Шакиржанов Ержан Рашидович,Exception=SeanceContextException,Descr='Сеанс отсутствует или удален
ID=a3c16485-4932-4cb0-8135-c144895cede0, File=d:\jenkins\ci_builder2\windowsbuild2\platform\src\rserver\src\rmngrcalls.cpp(364)'
45:58.231008-0,EXCP,3,process=rphost,p:processName=bi_bk3wk1_prod_01,OSThread=6848,t:clientID=1851,t:applicationName=BackgroundJob,t:computerName=DC2BUHAPP11,t:connectID=7585,SessionID=9125,Usr=Шакиржанов Ержан Рашидович,Exception=SeanceContextException,Descr='Сеанс отсутствует или удален
ID=a0886f1a-b0e3-4961-90aa-4e3091161ba1, File=d:\jenkins\ci_builder2\windowsbuild2\platform\src\rserver\src\clusterdistribimpl.cpp(1439)'
45:58.231010-0,EXCP,2,process=rphost,p:processName=bi_bk3wk1_prod_01,OSThread=6848,t:clientID=1851,t:applicationName=BackgroundJob,t:computerName=DC2BUHAPP11,t:connectID=7585,SessionID=9125,Usr=Шакиржанов Ержан Рашидович,Exception=60c686dc-798f-4d17-aadb-a90156a16eb8,Descr='src\rserver\src\rmngrcalls.cpp(476):
60c686dc-798f-4d17-aadb-a90156a16eb8: Сеанс отсутствует или удален
ID=a0886f1a-b0e3-4961-90aa-4e3091161ba1, File=d:\jenkins\ci_builder2\windowsbuild2\platform\src\rserver\src\clusterdistribimpl.cpp(1439)'
45:58.434000-0,EXCP,2,process=rphost,p:processName=bi_bk3wk1_prod_01,OSThread=6848,t:clientID=1851,t:applicationName=BackgroundJob,t:computerName=DC2BUHAPP11,t:connectID=7585,SessionID=9125,Usr=Шакиржанов Ержан Рашидович,Exception=SeanceContextException,Descr='Сеанс отсутствует или удален
ID=a0886f1a-b0e3-4961-90aa-4e3091161ba1, File=d:\jenkins\ci_builder2\windowsbuild2\platform\src\rserver\src\rmngrcalls.cpp(364)'
45:58.434001-0,EXCP,2,process=rphost,p:processName=bi_bk3wk1_prod_01,OSThread=6848,t:clientID=1851,t:applicationName=BackgroundJob,t:computerName=DC2BUHAPP11,t:connectID=7585,SessionID=9125,Usr=Шакиржанов Ержан Рашидович,Exception=60c686dc-798f-4d17-aadb-a90156a16eb8,Descr='src\rserver\src\serverjobexecutor.cpp(1095):
60c686dc-798f-4d17-aadb-a90156a16eb8: Сеанс отсутствует или удален
ID=a0886f1a-b0e3-4961-90aa-4e3091161ba1, File=d:\jenkins\ci_builder2\windowsbuild2\platform\src\rserver\src\rmngrcalls.cpp(364)'
45:58.434003-0,EXCP,3,process=rphost,p:processName=bi_bk3wk1_prod_01,OSThread=6848,t:clientID=1851,t:applicationName=BackgroundJob,t:computerName=DC2BUHAPP11,t:connectID=7585,SessionID=9125,Usr=Шакиржанов Ержан Рашидович,Exception=SeanceContextException,Descr='Сеанс отсутствует или удален
ID=a0886f1a-b0e3-4961-90aa-4e3091161ba1, File=d:\jenkins\ci_builder2\windowsbuild2\platform\src\rserver\src\clusterdistribimpl.cpp(1439)'
45:58.434005-0,EXCP,2,process=rphost,p:processName=bi_bk3wk1_prod_01,OSThread=6848,t:clientID=1851,t:applicationName=BackgroundJob,t:computerName=DC2BUHAPP11,t:connectID=7585,SessionID=9125,Usr=Шакиржанов Ержан Рашидович,Exception=60c686dc-798f-4d17-aadb-a90156a16eb8,Descr='src\rserver\src\rmngrcalls.cpp(476):
60c686dc-798f-4d17-aadb-a90156a16eb8: Сеанс отсутствует или удален
ID=a0886f1a-b0e3-4961-90aa-4e3091161ba1, File=d:\jenkins\ci_builder2\windowsbuild2\platform\src\rserver\src\clusterdistribimpl.cpp(1439)'
45:58.637000-0,EXCP,2,process=rphost,p:processName=bi_bk3wk1_prod_01,OSThread=6848,t:clientID=1851,t:applicationName=BackgroundJob,t:computerName=DC2BUHAPP11,t:connectID=7585,SessionID=9125,Usr=Шакиржанов Ержан Рашидович,Exception=SeanceContextException,Descr='Сеанс отсутствует или удален
ID=a0886f1a-b0e3-4961-90aa-4e3091161ba1, File=d:\jenkins\ci_builder2\windowsbuild2\platform\src\rserver\src\rmngrcalls.cpp(364)'
46:38.465015-0,ADMIN,2,process=rphost,p:processName=ServerJobExecutorContext,OSThread=9592,t:clientID=1846,t:applicationName=JobScheduler,t:computerName=DC2BUHAPP11,Func=killClient,ClusterID=8aa94e2b-5d54-4b86-800b-79353ce39638,ConnectionID=317a0508-4f11-4097-8be0-14cad939e156,Mode=0,Ref=bi_bk3wk1_prod_01(bi_bk3wk1_prod_01),Host=DC2BUHAPP11,Connection=7594,Administrator=Unknown,Result=Success
46:39.434015-0,ADMIN,2,process=rphost,p:processName=ServerJobExecutorContext,OSThread=9592,t:clientID=1846,t:applicationName=JobScheduler,t:computerName=DC2BUHAPP11,Func=killClient,ClusterID=8aa94e2b-5d54-4b86-800b-79353ce39638,ConnectionID=f5269251-f018-4919-ba49-56362c9c6bcc,Mode=0,Ref=bi_bk3wk1_prod_01(bi_bk3wk1_prod_01),Host=DC2BUHAPP11,Connection=7595,Administrator=Unknown,Result=Success
46:50.278005-0,EXCP,3,process=rphost,p:processName=bi_bk3wk1_prod_01,OSThread=5460,t:clientID=1855,t:applicationName=BackgroundJob,t:computerName=DC2BUHAPP11,t:connectID=7595,SessionID=9135,Usr=WK1_Оразалы_Арман_Қадырбекұлы,Exception=SeanceContextException,Descr='Сеанс отсутствует или удален
ID=0df2258b-cbe8-475e-8299-11d81fc77299, File=d:\jenkins\ci_builder2\windowsbuild2\platform\src\rserver\src\clusterdistribimpl.cpp(1439)'
46:50.278007-0,EXCP,2,process=rphost,p:processName=bi_bk3wk1_prod_01,OSThread=5460,t:clientID=1855,t:applicationName=BackgroundJob,t:computerName=DC2BUHAPP11,t:connectID=7595,SessionID=9135,Usr=WK1_Оразалы_Арман_Қадырбекұлы,Exception=60c686dc-798f-4d17-aadb-a90156a16eb8,Descr='src\rserver\src\rmngrcalls.cpp(476):
60c686dc-798f-4d17-aadb-a90156a16eb8: Сеанс отсутствует или удален
ID=0df2258b-cbe8-475e-8299-11d81fc77299, File=d:\jenkins\ci_builder2\windowsbuild2\platform\src\rserver\src\clusterdistribimpl.cpp(1439)'
46:50.481000-0,EXCP,2,process=rphost,p:processName=bi_bk3wk1_prod_01,OSThread=5460,t:clientID=1855,t:applicationName=BackgroundJob,t:computerName=DC2BUHAPP11,t:connectID=7595,SessionID=9135,Usr=WK1_Оразалы_Арман_Қадырбекұлы,Exception=SeanceContextException,Descr='Сеанс отсутствует или удален
ID=0df2258b-cbe8-475e-8299-11d81fc77299, File=d:\jenkins\ci_builder2\windowsbuild2\platform\src\rserver\src\rmngrcalls.cpp(364)'
46:50.481001-0,EXCP,2,process=rphost,p:processName=bi_bk3wk1_prod_01,OSThread=5460,t:clientID=1855,t:applicationName=BackgroundJob,t:computerName=DC2BUHAPP11,t:connectID=7595,SessionID=9135,Usr=WK1_Оразалы_Арман_Қадырбекұлы,Exception=60c686dc-798f-4d17-aadb-a90156a16eb8,Descr='src\rserver\src\serverjobexecutor.cpp(1095):
60c686dc-798f-4d17-aadb-a90156a16eb8: Сеанс отсутствует или удален
ID=0df2258b-cbe8-475e-8299-11d81fc77299, File=d:\jenkins\ci_builder2\windowsbuild2\platform\src\rserver\src\rmngrcalls.cpp(364)'
46:50.481003-0,EXCP,3,process=rphost,p:processName=bi_bk3wk1_prod_01,OSThread=5460,t:clientID=1855,t:applicationName=BackgroundJob,t:computerName=DC2BUHAPP11,t:connectID=7595,SessionID=9135,Usr=WK1_Оразалы_Арман_Қадырбекұлы,Exception=SeanceContextException,Descr='Сеанс отсутствует или удален
ID=0df2258b-cbe8-475e-8299-11d81fc77299, File=d:\jenkins\ci_builder2\windowsbuild2\platform\src\rserver\src\clusterdistribimpl.cpp(1439)'
46:50.481005-0,EXCP,2,process=rphost,p:processName=bi_bk3wk1_prod_01,OSThread=5460,t:clientID=1855,t:applicationName=BackgroundJob,t:computerName=DC2BUHAPP11,t:connectID=7595,SessionID=9135,Usr=WK1_Оразалы_Арман_Қадырбекұлы,Exception=60c686dc-798f-4d17-aadb-a90156a16eb8,Descr='src\rserver\src\rmngrcalls.cpp(476):
60c686dc-798f-4d17-aadb-a90156a16eb8: Сеанс отсутствует или удален
ID=0df2258b-cbe8-475e-8299-11d81fc77299, File=d:\jenkins\ci_builder2\windowsbuild2\platform\src\rserver\src\clusterdistribimpl.cpp(1439)'
46:50.684000-0,EXCP,2,process=rphost,p:processName=bi_bk3wk1_prod_01,OSThread=5460,t:clientID=1855,t:applicationName=BackgroundJob,t:computerName=DC2BUHAPP11,t:connectID=7595,SessionID=9135,Usr=WK1_Оразалы_Арман_Қадырбекұлы,Exception=SeanceContextException,Descr='Сеанс отсутствует или удален
ID=0df2258b-cbe8-475e-8299-11d81fc77299, File=d:\jenkins\ci_builder2\windowsbuild2\platform\src\rserver\src\rmngrcalls.cpp(364)'
47:01.215006-0,EXCP,3,process=rphost,p:processName=bi_bk3wk1_prod_01,OSThread=9932,t:clientID=1853,t:applicationName=BackgroundJob,t:computerName=DC2BUHAPP11,t:connectID=7594,SessionID=9134,Usr=WK1_Оразалы_Арман_Қадырбекұлы,Exception=SeanceContextException,Descr='Сеанс отсутствует или удален
ID=ba7826b2-0b02-4329-a9e6-e6d369ec449a, File=d:\jenkins\ci_builder2\windowsbuild2\platform\src\rserver\src\clusterdistribimpl.cpp(1439)'
47:01.215007-0,EXCP,3,process=rphost,p:processName=bi_bk3wk1_prod_01,OSThread=9932,t:clientID=1853,t:applicationName=BackgroundJob,t:computerName=DC2BUHAPP11,t:connectID=7594,SessionID=9134,Usr=WK1_Оразалы_Арман_Қадырбекұлы,Exception=60c686dc-798f-4d17-aadb-a90156a16eb8,Descr='src\rserver\src\serverjobexecutor.cpp(1095):
60c686dc-798f-4d17-aadb-a90156a16eb8: Сеанс отсутствует или удален
ID=ba7826b2-0b02-4329-a9e6-e6d369ec449a, File=d:\jenkins\ci_builder2\windowsbuild2\platform\src\rserver\src\clusterdistribimpl.cpp(1439)'
47:01.215010-0,EXCP,3,process=rphost,p:processName=bi_bk3wk1_prod_01,OSThread=9932,t:clientID=1853,t:applicationName=BackgroundJob,t:computerName=DC2BUHAPP11,t:connectID=7594,SessionID=9134,Usr=WK1_Оразалы_Арман_Қадырбекұлы,Exception=SeanceContextException,Descr='Сеанс отсутствует или удален
ID=ba7826b2-0b02-4329-a9e6-e6d369ec449a, File=d:\jenkins\ci_builder2\windowsbuild2\platform\src\rserver\src\clusterdistribimpl.cpp(1439)'
47:30.512015-0,ADMIN,2,process=rphost,p:processName=ServerJobExecutorContext,OSThread=9592,t:clientID=1846,t:applicationName=JobScheduler,t:computerName=DC2BUHAPP11,Func=killClient,ClusterID=8aa94e2b-5d54-4b86-800b-79353ce39638,ConnectionID=41693cc3-caaa-48f9-ae46-3b50e8b0d715,Mode=0,Ref=bi_bk3wk1_prod_01(bi_bk3wk1_prod_01),Host=DC2BUHAPP11,Connection=7609,Administrator=Unknown,Result=Success
47:47.153000-0,EXCP,3,process=rphost,p:processName=bi_bk3wk1_prod_01,OSThread=6868,t:clientID=1858,t:applicationName=BackgroundJob,t:computerName=DC2BUHAPP11,t:connectID=7609,SessionID=9149,Usr=WK1_Оразалы_Арман_Қадырбекұлы,Exception=SeanceContextException,Descr='Сеанс отсутствует или удален
ID=a441dc77-8b69-46a4-b1e1-2284e1e8584e, File=d:\jenkins\ci_builder2\windowsbuild2\platform\src\rserver\src\clusterdistribimpl.cpp(1439)'
47:47.153002-0,EXCP,2,process=rphost,p:processName=bi_bk3wk1_prod_01,OSThread=6868,t:clientID=1858,t:applicationName=BackgroundJob,t:computerName=DC2BUHAPP11,t:connectID=7609,SessionID=9149,Usr=WK1_Оразалы_Арман_Қадырбекұлы,Exception=60c686dc-798f-4d17-aadb-a90156a16eb8,Descr='src\rserver\src\rmngrcalls.cpp(476):
60c686dc-798f-4d17-aadb-a90156a16eb8: Сеанс отсутствует или удален
ID=a441dc77-8b69-46a4-b1e1-2284e1e8584e, File=d:\jenkins\ci_builder2\windowsbuild2\platform\src\rserver\src\clusterdistribimpl.cpp(1439)'
47:47.356000-0,EXCP,2,process=rphost,p:processName=bi_bk3wk1_prod_01,OSThread=6868,t:clientID=1858,t:applicationName=BackgroundJob,t:computerName=DC2BUHAPP11,t:connectID=7609,SessionID=9149,Usr=WK1_Оразалы_Арман_Қадырбекұлы,Exception=SeanceContextException,Descr='Сеанс отсутствует или удален
ID=a441dc77-8b69-46a4-b1e1-2284e1e8584e, File=d:\jenkins\ci_builder2\windowsbuild2\platform\src\rserver\src\rmngrcalls.cpp(364)'
47:47.356001-0,EXCP,2,process=rphost,p:processName=bi_bk3wk1_prod_01,OSThread=6868,t:clientID=1858,t:applicationName=BackgroundJob,t:computerName=DC2BUHAPP11,t:connectID=7609,SessionID=9149,Usr=WK1_Оразалы_Арман_Қадырбекұлы,Exception=60c686dc-798f-4d17-aadb-a90156a16eb8,Descr='src\rserver\src\serverjobexecutor.cpp(1095):
60c686dc-798f-4d17-aadb-a90156a16eb8: Сеанс отсутствует или удален
ID=a441dc77-8b69-46a4-b1e1-2284e1e8584e, File=d:\jenkins\ci_builder2\windowsbuild2\platform\src\rserver\src\rmngrcalls.cpp(364)'
47:47.356003-0,EXCP,3,process=rphost,p:processName=bi_bk3wk1_prod_01,OSThread=6868,t:clientID=1858,t:applicationName=BackgroundJob,t:computerName=DC2BUHAPP11,t:connectID=7609,SessionID=9149,Usr=WK1_Оразалы_Арман_Қадырбекұлы,Exception=SeanceContextException,Descr='Сеанс отсутствует или удален
ID=a441dc77-8b69-46a4-b1e1-2284e1e8584e, File=d:\jenkins\ci_builder2\windowsbuild2\platform\src\rserver\src\clusterdistribimpl.cpp(1439)'
47:47.356005-0,EXCP,2,process=rphost,p:processName=bi_bk3wk1_prod_01,OSThread=6868,t:clientID=1858,t:applicationName=BackgroundJob,t:computerName=DC2BUHAPP11,t:connectID=7609,SessionID=9149,Usr=WK1_Оразалы_Арман_Қадырбекұлы,Exception=60c686dc-798f-4d17-aadb-a90156a16eb8,Descr='src\rserver\src\rmngrcalls.cpp(476):
60c686dc-798f-4d17-aadb-a90156a16eb8: Сеанс отсутствует или удален
ID=a441dc77-8b69-46a4-b1e1-2284e1e8584e, File=d:\jenkins\ci_builder2\windowsbuild2\platform\src\rserver\src\clusterdistribimpl.cpp(1439)'
47:47.559000-0,EXCP,2,process=rphost,p:processName=bi_bk3wk1_prod_01,OSThread=6868,t:clientID=1858,t:applicationName=BackgroundJob,t:computerName=DC2BUHAPP11,t:connectID=7609,SessionID=9149,Usr=WK1_Оразалы_Арман_Қадырбекұлы,Exception=SeanceContextException,Descr='Сеанс отсутствует или удален
ID=a441dc77-8b69-46a4-b1e1-2284e1e8584e, File=d:\jenkins\ci_builder2\windowsbuild2\platform\src\rserver\src\rmngrcalls.cpp(364)'
51:28.795004-0,ADMIN,2,process=rphost,p:processName=ServerJobExecutorContext,OSThread=3380,t:clientID=1846,t:applicationName=JobScheduler,t:computerName=DC2BUHAPP11,Func=killClient,ClusterID=8aa94e2b-5d54-4b86-800b-79353ce39638,ConnectionID=0e99d4ee-cd27-43dc-b905-7dad8709855f,Mode=0,Ref=bi_bk3wk1_prod_01(bi_bk3wk1_prod_01),Host=DC2BUHAPP11,Connection=7647,Administrator=Unknown,Result=Success
51:43.233000-0,EXCP,3,process=rphost,p:processName=bi_bk3wk1_prod_01,OSThread=6868,t:clientID=1867,t:applicationName=BackgroundJob,t:computerName=DC2BUHAPP11,t:connectID=7647,SessionID=9206,Usr=WK1_Оразалы_Арман_Қадырбекұлы,Exception=SeanceContextException,Descr='Сеанс отсутствует или удален
ID=ba0612ad-1166-44df-a41b-97b8af9f9c46, File=d:\jenkins\ci_builder2\windowsbuild2\platform\src\rserver\src\clusterdistribimpl.cpp(1439)'
51:43.233002-0,EXCP,2,process=rphost,p:processName=bi_bk3wk1_prod_01,OSThread=6868,t:clientID=1867,t:applicationName=BackgroundJob,t:computerName=DC2BUHAPP11,t:connectID=7647,SessionID=9206,Usr=WK1_Оразалы_Арман_Қадырбекұлы,Exception=60c686dc-798f-4d17-aadb-a90156a16eb8,Descr='src\rserver\src\rmngrcalls.cpp(476):
60c686dc-798f-4d17-aadb-a90156a16eb8: Сеанс отсутствует или удален
ID=ba0612ad-1166-44df-a41b-97b8af9f9c46, File=d:\jenkins\ci_builder2\windowsbuild2\platform\src\rserver\src\clusterdistribimpl.cpp(1439)'
51:43.436000-0,EXCP,2,process=rphost,p:processName=bi_bk3wk1_prod_01,OSThread=6868,t:clientID=1867,t:applicationName=BackgroundJob,t:computerName=DC2BUHAPP11,t:connectID=7647,SessionID=9206,Usr=WK1_Оразалы_Арман_Қадырбекұлы,Exception=SeanceContextException,Descr='Сеанс отсутствует или удален
ID=ba0612ad-1166-44df-a41b-97b8af9f9c46, File=d:\jenkins\ci_builder2\windowsbuild2\platform\src\rserver\src\rmngrcalls.cpp(364)'
51:43.436001-0,EXCP,2,process=rphost,p:processName=bi_bk3wk1_prod_01,OSThread=6868,t:clientID=1867,t:applicationName=BackgroundJob,t:computerName=DC2BUHAPP11,t:connectID=7647,SessionID=9206,Usr=WK1_Оразалы_Арман_Қадырбекұлы,Exception=60c686dc-798f-4d17-aadb-a90156a16eb8,Descr='src\rserver\src\serverjobexecutor.cpp(1095):
60c686dc-798f-4d17-aadb-a90156a16eb8: Сеанс отсутствует или удален
ID=ba0612ad-1166-44df-a41b-97b8af9f9c46, File=d:\jenkins\ci_builder2\windowsbuild2\platform\src\rserver\src\rmngrcalls.cpp(364)'
51:43.436003-0,EXCP,3,process=rphost,p:processName=bi_bk3wk1_prod_01,OSThread=6868,t:clientID=1867,t:applicationName=BackgroundJob,t:computerName=DC2BUHAPP11,t:connectID=7647,SessionID=9206,Usr=WK1_Оразалы_Арман_Қадырбекұлы,Exception=SeanceContextException,Descr='Сеанс отсутствует или удален
ID=ba0612ad-1166-44df-a41b-97b8af9f9c46, File=d:\jenkins\ci_builder2\windowsbuild2\platform\src\rserver\src\clusterdistribimpl.cpp(1439)'
51:43.436005-0,EXCP,2,process=rphost,p:processName=bi_bk3wk1_prod_01,OSThread=6868,t:clientID=1867,t:applicationName=BackgroundJob,t:computerName=DC2BUHAPP11,t:connectID=7647,SessionID=9206,Usr=WK1_Оразалы_Арман_Қадырбекұлы,Exception=60c686dc-798f-4d17-aadb-a90156a16eb8,Descr='src\rserver\src\rmngrcalls.cpp(476):
60c686dc-798f-4d17-aadb-a90156a16eb8: Сеанс отсутствует или удален
ID=ba0612ad-1166-44df-a41b-97b8af9f9c46, File=d:\jenkins\ci_builder2\windowsbuild2\platform\src\rserver\src\clusterdistribimpl.cpp(1439)'
51:43.483006-0,EXCP,2,process=rphost,p:processName=bi_bk3wk1_prod_01,OSThread=6868,t:clientID=1867,t:applicationName=BackgroundJob,t:computerName=DC2BUHAPP11,t:connectID=7647,SessionID=9206,Usr=WK1_Оразалы_Арман_Қадырбекұлы,Exception=SeanceContextException,Descr='Сеанс отсутствует или удален
ID=ba0612ad-1166-44df-a41b-97b8af9f9c46, File=d:\jenkins\ci_builder2\windowsbuild2\platform\src\rserver\src\rmngrcalls.cpp(364)'
52:45.927029-0,ADMIN,2,process=rphost,p:processName=ServerJobExecutorContext,OSThread=9592,t:clientID=1846,t:applicationName=JobScheduler,t:computerName=DC2BUHAPP11,Func=killClient,ClusterID=8aa94e2b-5d54-4b86-800b-79353ce39638,ConnectionID=79199939-3e8b-4e30-a04b-f56ed391a7d4,Mode=0,Ref=bi_bk3wk1_prod_01(bi_bk3wk1_prod_01),Host=DC2BUHAPP11,Connection=7681,Administrator=Unknown,Result=Success
52:47.005015-0,ADMIN,2,process=rphost,p:processName=ServerJobExecutorContext,OSThread=9592,t:clientID=1846,t:applicationName=JobScheduler,t:computerName=DC2BUHAPP11,Func=killClient,ClusterID=8aa94e2b-5d54-4b86-800b-79353ce39638,ConnectionID=4c4753f1-46e8-4e93-89ae-73e35f654e5d,Mode=0,Ref=bi_bk3wk1_prod_01(bi_bk3wk1_prod_01),Host=DC2BUHAPP11,Connection=7682,Administrator=Unknown,Result=Success
52:54.475005-0,EXCP,3,process=rphost,p:processName=bi_bk3wk1_prod_01,OSThread=3500,t:clientID=1870,t:applicationName=BackgroundJob,t:computerName=DC2BUHAPP11,t:connectID=7682,SessionID=9241,Usr=WK1_Оразалы_Арман_Қадырбекұлы,Exception=SeanceContextException,Descr='Сеанс отсутствует или удален
ID=9a810a95-56c2-48ef-99f5-2091e4e31c20, File=d:\jenkins\ci_builder2\windowsbuild2\platform\src\rserver\src\clusterdistribimpl.cpp(1439)'
52:54.475007-0,EXCP,2,process=rphost,p:processName=bi_bk3wk1_prod_01,OSThread=3500,t:clientID=1870,t:applicationName=BackgroundJob,t:computerName=DC2BUHAPP11,t:connectID=7682,SessionID=9241,Usr=WK1_Оразалы_Арман_Қадырбекұлы,Exception=60c686dc-798f-4d17-aadb-a90156a16eb8,Descr='src\rserver\src\rmngrcalls.cpp(476):
60c686dc-798f-4d17-aadb-a90156a16eb8: Сеанс отсутствует или удален
ID=9a810a95-56c2-48ef-99f5-2091e4e31c20, File=d:\jenkins\ci_builder2\windowsbuild2\platform\src\rserver\src\clusterdistribimpl.cpp(1439)'
52:54.553006-0,EXCP,2,process=rphost,p:processName=bi_bk3wk1_prod_01,OSThread=3500,t:clientID=1870,t:applicationName=BackgroundJob,t:computerName=DC2BUHAPP11,t:connectID=7682,SessionID=9241,Usr=WK1_Оразалы_Арман_Қадырбекұлы,Exception=SeanceContextException,Descr='Сеанс отсутствует или удален
ID=9a810a95-56c2-48ef-99f5-2091e4e31c20, File=d:\jenkins\ci_builder2\windowsbuild2\platform\src\rserver\src\rmngrcalls.cpp(364)'
52:54.553007-0,EXCP,2,process=rphost,p:processName=bi_bk3wk1_prod_01,OSThread=3500,t:clientID=1870,t:applicationName=BackgroundJob,t:computerName=DC2BUHAPP11,t:connectID=7682,SessionID=9241,Usr=WK1_Оразалы_Арман_Қадырбекұлы,Exception=60c686dc-798f-4d17-aadb-a90156a16eb8,Descr='src\rserver\src\serverjobexecutor.cpp(1095):
60c686dc-798f-4d17-aadb-a90156a16eb8: Сеанс отсутствует или удален
ID=9a810a95-56c2-48ef-99f5-2091e4e31c20, File=d:\jenkins\ci_builder2\windowsbuild2\platform\src\rserver\src\rmngrcalls.cpp(364)'
52:54.553009-0,EXCP,3,process=rphost,p:processName=bi_bk3wk1_prod_01,OSThread=3500,t:clientID=1870,t:applicationName=BackgroundJob,t:computerName=DC2BUHAPP11,t:connectID=7682,SessionID=9241,Usr=WK1_Оразалы_Арман_Қадырбекұлы,Exception=SeanceContextException,Descr='Сеанс отсутствует или удален
ID=9a810a95-56c2-48ef-99f5-2091e4e31c20, File=d:\jenkins\ci_builder2\windowsbuild2\platform\src\rserver\src\clusterdistribimpl.cpp(1439)'
52:54.553011-0,EXCP,2,process=rphost,p:processName=bi_bk3wk1_prod_01,OSThread=3500,t:clientID=1870,t:applicationName=BackgroundJob,t:computerName=DC2BUHAPP11,t:connectID=7682,SessionID=9241,Usr=WK1_Оразалы_Арман_Қадырбекұлы,Exception=60c686dc-798f-4d17-aadb-a90156a16eb8,Descr='src\rserver\src\rmngrcalls.cpp(476):
60c686dc-798f-4d17-aadb-a90156a16eb8: Сеанс отсутствует или удален
ID=9a810a95-56c2-48ef-99f5-2091e4e31c20, File=d:\jenkins\ci_builder2\windowsbuild2\platform\src\rserver\src\clusterdistribimpl.cpp(1439)'
52:54.756000-0,EXCP,2,process=rphost,p:processName=bi_bk3wk1_prod_01,OSThread=3500,t:clientID=1870,t:applicationName=BackgroundJob,t:computerName=DC2BUHAPP11,t:connectID=7682,SessionID=9241,Usr=WK1_Оразалы_Арман_Қадырбекұлы,Exception=SeanceContextException,Descr='Сеанс отсутствует или удален
ID=9a810a95-56c2-48ef-99f5-2091e4e31c20, File=d:\jenkins\ci_builder2\windowsbuild2\platform\src\rserver\src\rmngrcalls.cpp(364)'
52:57.631005-0,EXCP,3,process=rphost,p:processName=bi_bk3wk1_prod_01,OSThread=6924,t:clientID=1869,t:applicationName=BackgroundJob,t:computerName=DC2BUHAPP11,t:connectID=7681,SessionID=9240,Usr=WK1_Оразалы_Арман_Қадырбекұлы,Exception=SeanceContextException,Descr='Сеанс отсутствует или удален
ID=5ed6a1c6-cb96-4db1-850d-d9c07f8997c5, File=d:\jenkins\ci_builder2\windowsbuild2\platform\src\rserver\src\clusterdistribimpl.cpp(1439)'
52:57.631007-0,EXCP,2,process=rphost,p:processName=bi_bk3wk1_prod_01,OSThread=6924,t:clientID=1869,t:applicationName=BackgroundJob,t:computerName=DC2BUHAPP11,t:connectID=7681,SessionID=9240,Usr=WK1_Оразалы_Арман_Қадырбекұлы,Exception=60c686dc-798f-4d17-aadb-a90156a16eb8,Descr='src\rserver\src\rmngrcalls.cpp(476):
60c686dc-798f-4d17-aadb-a90156a16eb8: Сеанс отсутствует или удален
ID=5ed6a1c6-cb96-4db1-850d-d9c07f8997c5, File=d:\jenkins\ci_builder2\windowsbuild2\platform\src\rserver\src\clusterdistribimpl.cpp(1439)'
52:57.834000-0,EXCP,2,process=rphost,p:processName=bi_bk3wk1_prod_01,OSThread=6924,t:clientID=1869,t:applicationName=BackgroundJob,t:computerName=DC2BUHAPP11,t:connectID=7681,SessionID=9240,Usr=WK1_Оразалы_Арман_Қадырбекұлы,Exception=SeanceContextException,Descr='Сеанс отсутствует или удален
ID=5ed6a1c6-cb96-4db1-850d-d9c07f8997c5, File=d:\jenkins\ci_builder2\windowsbuild2\platform\src\rserver\src\rmngrcalls.cpp(364)'
52:57.834001-0,EXCP,2,process=rphost,p:processName=bi_bk3wk1_prod_01,OSThread=6924,t:clientID=1869,t:applicationName=BackgroundJob,t:computerName=DC2BUHAPP11,t:connectID=7681,SessionID=9240,Usr=WK1_Оразалы_Арман_Қадырбекұлы,Exception=60c686dc-798f-4d17-aadb-a90156a16eb8,Descr='src\rserver\src\serverjobexecutor.cpp(1095):
60c686dc-798f-4d17-aadb-a90156a16eb8: Сеанс отсутствует или удален
ID=5ed6a1c6-cb96-4db1-850d-d9c07f8997c5, File=d:\jenkins\ci_builder2\windowsbuild2\platform\src\rserver\src\rmngrcalls.cpp(364)'
52:57.834003-0,EXCP,3,process=rphost,p:processName=bi_bk3wk1_prod_01,OSThread=6924,t:clientID=1869,t:applicationName=BackgroundJob,t:computerName=DC2BUHAPP11,t:connectID=7681,SessionID=9240,Usr=WK1_Оразалы_Арман_Қадырбекұлы,Exception=SeanceContextException,Descr='Сеанс отсутствует или удален
ID=5ed6a1c6-cb96-4db1-850d-d9c07f8997c5, File=d:\jenkins\ci_builder2\windowsbuild2\platform\src\rserver\src\clusterdistribimpl.cpp(1439)'
52:57.834005-0,EXCP,2,process=rphost,p:processName=bi_bk3wk1_prod_01,OSThread=6924,t:clientID=1869,t:applicationName=BackgroundJob,t:computerName=DC2BUHAPP11,t:connectID=7681,SessionID=9240,Usr=WK1_Оразалы_Арман_Қадырбекұлы,Exception=60c686dc-798f-4d17-aadb-a90156a16eb8,Descr='src\rserver\src\rmngrcalls.cpp(476):
60c686dc-798f-4d17-aadb-a90156a16eb8: Сеанс отсутствует или удален
ID=5ed6a1c6-cb96-4db1-850d-d9c07f8997c5, File=d:\jenkins\ci_builder2\windowsbuild2\platform\src\rserver\src\clusterdistribimpl.cpp(1439)'
52:58.038000-0,EXCP,2,process=rphost,p:processName=bi_bk3wk1_prod_01,OSThread=6924,t:clientID=1869,t:applicationName=BackgroundJob,t:computerName=DC2BUHAPP11,t:connectID=7681,SessionID=9240,Usr=WK1_Оразалы_Арман_Қадырбекұлы,Exception=SeanceContextException,Descr='Сеанс отсутствует или удален
ID=5ed6a1c6-cb96-4db1-850d-d9c07f8997c5, File=d:\jenkins\ci_builder2\windowsbuild2\platform\src\rserver\src\rmngrcalls.cpp(364)'
