01:12.753008-0,EXCP,2,process=rphost,p:processName=bi_bk3wk1_prod_01,OSThread=6440,t:clientID=384,t:applicationName=1CV8C,t:computerName=DC3RDSH12,t:connectID=1574,SessionID=1773,Usr=WK1_Ибраимов_Баглан,AppID=1CV8C,Exception=580392e6-ba49-4280-ac67-fcd6f2180121,Descr='src\vrsbase\src\vresourceinfobaseimpl.cpp(1114):
580392e6-ba49-4280-ac67-fcd6f2180121: Неспецифицированная ошибка работы с ресурсом
Ошибка при выполнении запроса POST к ресурсу /e1cib/modules/call:
8d366056-4d5a-4d88-a207-0ae535b7d28e: {ОбщийМодуль.ИнтеграцияС1СДокументооборот.Модуль(383)}: Ошибка подключения к 1С:Документообороту.

В настройках пользователя не заполнены параметры авторизации. 
Обратитесь к администратору системы.'
03:02.082010-0,EXCP,0,process=rphost,OSThread=9820,ClientID=694,Exception=NetDataExchangeException,Descr='server_addr=(2)10.3.172.15:58794 descr=2(0x00000002): Не удается найти указанный файл.  line=1149 file=d:\jenkins\ci_builder2\windowsbuild2\platform\src\rtrsrvc\src\dataexchangeserverimpl.cpp'
03:02.082011-0,EXCPCNTX,0,ClientComputerName=,ServerComputerName=,UserName=,ConnectString=
14:26.050011-0,EXCP,2,process=rphost,p:processName=bi_bk3wk1_prod_01,OSThread=7308,t:clientID=170,t:applicationName=1CV8C,t:computerName=DC2RDSH26,t:connectID=1313,SessionID=1339,Usr=Камлиева Райгуль Мирамовна,AppID=1CV8C,Exception=afd2b550-0d52-4e03-b448-15ed68d87ac5,Descr='src\basic\src\documentlogformobjcontroller.cpp(884):
afd2b550-0d52-4e03-b448-15ed68d87ac5
0d2200af-1696-4395-91e5-2872675e6d3d: Не удалось провести: "Заявка на оплату"!',Context=Форма.Записать : Документ.ЗаявкаНаОплату.Форма.ФормаДокумента
14:26.081000-0,EXCP,2,process=rphost,p:processName=bi_bk3wk1_prod_01,OSThread=7308,t:clientID=170,t:applicationName=1CV8C,t:computerName=DC2RDSH26,t:connectID=1313,SessionID=1339,Usr=Камлиева Райгуль Мирамовна,AppID=1CV8C,Exception=580392e6-ba49-4280-ac67-fcd6f2180121,Descr='src\vrsbase\src\vresourceinfobaseimpl.cpp(1114):
580392e6-ba49-4280-ac67-fcd6f2180121: Неспецифицированная ошибка работы с ресурсом
Ошибка при выполнении запроса POST к ресурсу /e1cib/logForm:
afd2b550-0d52-4e03-b448-15ed68d87ac5
0d2200af-1696-4395-91e5-2872675e6d3d: Не удалось провести: "Заявка на оплату"!'
15:07.378017-0,EXCP,2,process=rphost,p:processName=bi_bk3wk1_prod_01,OSThread=9932,t:clientID=170,t:applicationName=1CV8C,t:computerName=DC2RDSH26,t:connectID=1313,SessionID=1339,Usr=Камлиева Райгуль Мирамовна,AppID=1CV8C,Exception=afd2b550-0d52-4e03-b448-15ed68d87ac5,Descr='src\basic\src\documentlogformobjcontroller.cpp(884):
afd2b550-0d52-4e03-b448-15ed68d87ac5
0d2200af-1696-4395-91e5-2872675e6d3d: Не удалось провести: "Заявка на оплату"!',Context=Форма.Записать : Документ.ЗаявкаНаОплату.Форма.ФормаДокумента
15:07.393000-0,EXCP,2,process=rphost,p:processName=bi_bk3wk1_prod_01,OSThread=9932,t:clientID=170,t:applicationName=1CV8C,t:computerName=DC2RDSH26,t:connectID=1313,SessionID=1339,Usr=Камлиева Райгуль Мирамовна,AppID=1CV8C,Exception=580392e6-ba49-4280-ac67-fcd6f2180121,Descr='src\vrsbase\src\vresourceinfobaseimpl.cpp(1114):
580392e6-ba49-4280-ac67-fcd6f2180121: Неспецифицированная ошибка работы с ресурсом
Ошибка при выполнении запроса POST к ресурсу /e1cib/logForm:
afd2b550-0d52-4e03-b448-15ed68d87ac5
0d2200af-1696-4395-91e5-2872675e6d3d: Не удалось провести: "Заявка на оплату"!'
15:46.909013-0,EXCP,2,process=rphost,p:processName=bi_bk3wk1_prod_01,OSThread=2640,t:clientID=170,t:applicationName=1CV8C,t:computerName=DC2RDSH26,t:connectID=1313,SessionID=1339,Usr=Камлиева Райгуль Мирамовна,AppID=1CV8C,Exception=afd2b550-0d52-4e03-b448-15ed68d87ac5,Descr='src\basic\src\documentlogformobjcontroller.cpp(884):
afd2b550-0d52-4e03-b448-15ed68d87ac5
0d2200af-1696-4395-91e5-2872675e6d3d: Не удалось провести: "Заявка на оплату"!',Context=Форма.Записать : Документ.ЗаявкаНаОплату.Форма.ФормаДокумента
15:46.940000-0,EXCP,2,process=rphost,p:processName=bi_bk3wk1_prod_01,OSThread=2640,t:clientID=170,t:applicationName=1CV8C,t:computerName=DC2RDSH26,t:connectID=1313,SessionID=1339,Usr=Камлиева Райгуль Мирамовна,AppID=1CV8C,Exception=580392e6-ba49-4280-ac67-fcd6f2180121,Descr='src\vrsbase\src\vresourceinfobaseimpl.cpp(1114):
580392e6-ba49-4280-ac67-fcd6f2180121: Неспецифицированная ошибка работы с ресурсом
Ошибка при выполнении запроса POST к ресурсу /e1cib/logForm:
afd2b550-0d52-4e03-b448-15ed68d87ac5
0d2200af-1696-4395-91e5-2872675e6d3d: Не удалось провести: "Заявка на оплату"!'
27:52.209002-0,EXCP,2,process=rphost,p:processName=bi_bk3wk1_prod_01,OSThread=1864,t:clientID=651,t:applicationName=1CV8C,t:computerName=DC2RDSH24,t:connectID=1844,SessionID=2184,Usr=WK1_Оразалы_Арман_Қадырбекұлы,AppID=1CV8C,Exception=afd2b550-0d52-4e03-b448-15ed68d87ac5,Descr='src\basic\src\documentlogformobjcontroller.cpp(884):
afd2b550-0d52-4e03-b448-15ed68d87ac5
0d2200af-1696-4395-91e5-2872675e6d3d: Не удалось провести: "Поступление ТМЗ и услуг"!',Context=Форма.Записать : Документ.ПоступлениеТоваровУслуг.Форма.ФормаДокумента
27:52.287000-0,EXCP,2,process=rphost,p:processName=bi_bk3wk1_prod_01,OSThread=1864,t:clientID=651,t:applicationName=1CV8C,t:computerName=DC2RDSH24,t:connectID=1844,SessionID=2184,Usr=WK1_Оразалы_Арман_Қадырбекұлы,AppID=1CV8C,Exception=580392e6-ba49-4280-ac67-fcd6f2180121,Descr='src\vrsbase\src\vresourceinfobaseimpl.cpp(1114):
580392e6-ba49-4280-ac67-fcd6f2180121: Неспецифицированная ошибка работы с ресурсом
Ошибка при выполнении запроса POST к ресурсу /e1cib/logForm:
afd2b550-0d52-4e03-b448-15ed68d87ac5
0d2200af-1696-4395-91e5-2872675e6d3d: Не удалось провести: "Поступление ТМЗ и услуг"!'
29:46.338011-0,EXCP,2,process=rphost,p:processName=bi_bk3wk1_prod_01,OSThread=6868,t:clientID=651,t:applicationName=1CV8C,t:computerName=DC2RDSH24,t:connectID=1844,SessionID=2184,Usr=WK1_Оразалы_Арман_Қадырбекұлы,AppID=1CV8C,Exception=afd2b550-0d52-4e03-b448-15ed68d87ac5,Descr='src\basic\src\documentlogformobjcontroller.cpp(884):
afd2b550-0d52-4e03-b448-15ed68d87ac5
0d2200af-1696-4395-91e5-2872675e6d3d: Не удалось провести: "Поступление ТМЗ и услуг"!',Context=Форма.Записать : Документ.ПоступлениеТоваровУслуг.Форма.ФормаДокумента
29:46.385018-0,EXCP,2,process=rphost,p:processName=bi_bk3wk1_prod_01,OSThread=6868,t:clientID=651,t:applicationName=1CV8C,t:computerName=DC2RDSH24,t:connectID=1844,SessionID=2184,Usr=WK1_Оразалы_Арман_Қадырбекұлы,AppID=1CV8C,Exception=580392e6-ba49-4280-ac67-fcd6f2180121,Descr='src\vrsbase\src\vresourceinfobaseimpl.cpp(1114):
580392e6-ba49-4280-ac67-fcd6f2180121: Неспецифицированная ошибка работы с ресурсом
Ошибка при выполнении запроса POST к ресурсу /e1cib/logForm:
afd2b550-0d52-4e03-b448-15ed68d87ac5
0d2200af-1696-4395-91e5-2872675e6d3d: Не удалось провести: "Поступление ТМЗ и услуг"!'
30:29.279020-0,EXCP,0,process=rphost,OSThread=7808,ClientID=1491,Exception=NetDataExchangeException,Descr='server_addr=(2)10.3.172.15:62224 descr=2(0x00000002): Не удается найти указанный файл.  line=1149 file=d:\jenkins\ci_builder2\windowsbuild2\platform\src\rtrsrvc\src\dataexchangeserverimpl.cpp'
30:29.279022-0,EXCPCNTX,0,ClientComputerName=,ServerComputerName=,UserName=,ConnectString=
47:42.156007-0,EXCP,2,process=rphost,p:processName=bi_bk3wk1_prod_01,OSThread=5248,t:clientID=519,t:applicationName=1CV8C,t:computerName=DC2RDSH01,t:connectID=1676,SessionID=1952,Usr=Джамбурчина Раушан Баймурзовна,AppID=1CV8C,Exception=SeanceContextException,Descr=Попытка получения неинициализированного значения параметра сеанса,Context='Система.ПолучитьФорму : Документ.РегламентированныйОтчет.ФормаОбъекта
Документ.РегламентированныйОтчет.Форма.ФормаДокумента.Форма : 21 : ПравоДоступаКОтчету = РегламентированнаяОтчетностьВызовСервера.ПравоДоступаКРегламентированномуОтчету(
	ОбщийМодуль.РегламентированнаяОтчетностьВызовСервера.Модуль : 22 : Если НЕ РегламентированнаяОтчетность.ЭтоВнешнийОтчет(ИдентификаторОтчета) Тогда // это внутренний отчет
		ОбщийМодуль.РегламентированнаяОтчетность.Модуль : 26 : Если ПризнакИспользованияВнешнегоОтчетаСУчетомКэша(НайденныйЭлемент) <> Истина
			ОбщийМодуль.РегламентированнаяОтчетность.Модуль : 1844 : Кэш = ПараметрыСеанса.ХранилищеПараметровВнешнихРегламентированныхОтчетов.Получить();'
59:47.605012-0,EXCP,0,process=rphost,OSThread=6976,ClientID=318,Exception=NetDataExchangeException,Descr='server_addr=(2)10.224.32.232:55476 descr=10054(0x00002746): Удаленный хост принудительно разорвал существующее подключение.  line=1149 file=d:\jenkins\ci_builder2\windowsbuild2\platform\src\rtrsrvc\src\dataexchangeserverimpl.cpp'
59:47.605013-0,EXCPCNTX,0,ClientComputerName=,ServerComputerName=,UserName=,ConnectString=
