01:53.754002-0,PROC,1,process=rphost,OSThread=9776,Err=0,Txt=1C:Enterprise 8.3 (x86-64) (8.3.14.1694) Working Process started. Ctrl+C to exit.
01:55.957000-0,EXCP,3,process=rphost,p:processName=bi_bk3wk1_prod_01,OSThread=2204,t:clientID=4,t:applicationName=1CV8C,t:computerName=DC1RDSH13,Exception=SeanceContextException,Descr='Сеанс отсутствует или удален
ID=b81c98e7-93ee-4a14-bc75-f1aa43a94988, File=d:\jenkins\ci_builder2\windowsbuild2\platform\src\rserver\src\clusterdistribimpl.cpp(1439)'
01:55.957001-0,EXCP,3,process=rphost,p:processName=bi_bk3wk1_prod_01,OSThread=2204,t:clientID=4,t:applicationName=1CV8C,t:computerName=DC1RDSH13,Exception=580392e6-ba49-4280-ac67-fcd6f2180121,Descr='src\vrsbase\src\vresourceinfobaseimpl.cpp(1058):
580392e6-ba49-4280-ac67-fcd6f2180121: Ошибка работы сеанса
Ошибка при выполнении запроса POST к ресурсу /e1cib/modules/call:
60c686dc-798f-4d17-aadb-a90156a16eb8: Сеанс отсутствует или удален
ID=b81c98e7-93ee-4a14-bc75-f1aa43a94988, File=d:\jenkins\ci_builder2\windowsbuild2\platform\src\rserver\src\clusterdistribimpl.cpp(1439)'
01:55.957015-0,EXCP,3,process=rphost,p:processName=bi_bk3wk1_prod_01,OSThread=6460,t:clientID=5,t:applicationName=1CV8C,t:computerName=DC1RDSH13,Exception=SeanceContextException,Descr='Сеанс отсутствует или удален
ID=8b49789b-fccb-461a-b05c-56ef10f1ab59, File=d:\jenkins\ci_builder2\windowsbuild2\platform\src\rserver\src\clusterdistribimpl.cpp(1439)'
01:55.957016-0,EXCP,3,process=rphost,p:processName=bi_bk3wk1_prod_01,OSThread=6460,t:clientID=5,t:applicationName=1CV8C,t:computerName=DC1RDSH13,Exception=580392e6-ba49-4280-ac67-fcd6f2180121,Descr='src\vrsbase\src\vresourceinfobaseimpl.cpp(1058):
580392e6-ba49-4280-ac67-fcd6f2180121: Ошибка работы сеанса
Ошибка при выполнении запроса POST к ресурсу /e1cib/modules/call:
60c686dc-798f-4d17-aadb-a90156a16eb8: Сеанс отсутствует или удален
ID=8b49789b-fccb-461a-b05c-56ef10f1ab59, File=d:\jenkins\ci_builder2\windowsbuild2\platform\src\rserver\src\clusterdistribimpl.cpp(1439)'
02:06.504014-0,EXCP,2,process=rphost,p:processName=bi_bk3wk1_prod_01,OSThread=2640,t:clientID=8,t:applicationName=1CV8C,t:computerName=DC2RDSH01,Exception=SeanceContextException,Descr='Сеанс отсутствует или удален
ID=3b4e3ac8-8f4a-470f-ad01-528849b7cb1f, File=d:\jenkins\ci_builder2\windowsbuild2\platform\src\rserver\src\clusterdistribimpl.cpp(1439)'
02:06.504015-0,EXCP,2,process=rphost,p:processName=bi_bk3wk1_prod_01,OSThread=2640,t:clientID=8,t:applicationName=1CV8C,t:computerName=DC2RDSH01,Exception=580392e6-ba49-4280-ac67-fcd6f2180121,Descr='src\vrsbase\src\vresourceinfobaseimpl.cpp(1058):
580392e6-ba49-4280-ac67-fcd6f2180121: Ошибка работы сеанса
Ошибка при выполнении запроса POST к ресурсу /e1cib/modules/call:
60c686dc-798f-4d17-aadb-a90156a16eb8: Сеанс отсутствует или удален
ID=3b4e3ac8-8f4a-470f-ad01-528849b7cb1f, File=d:\jenkins\ci_builder2\windowsbuild2\platform\src\rserver\src\clusterdistribimpl.cpp(1439)'
02:11.285016-0,EXCP,2,process=rphost,p:processName=bi_bk3wk1_prod_01,OSThread=2640,t:clientID=11,t:applicationName=1CV8C,t:computerName=DC2RDSH14,Exception=SeanceContextException,Descr='Сеанс отсутствует или удален
ID=f0d05d17-1dbc-4b60-beec-b7f5fc078628, File=d:\jenkins\ci_builder2\windowsbuild2\platform\src\rserver\src\clusterdistribimpl.cpp(1439)'
02:11.285017-0,EXCP,2,process=rphost,p:processName=bi_bk3wk1_prod_01,OSThread=2640,t:clientID=11,t:applicationName=1CV8C,t:computerName=DC2RDSH14,Exception=580392e6-ba49-4280-ac67-fcd6f2180121,Descr='src\vrsbase\src\vresourceinfobaseimpl.cpp(1058):
580392e6-ba49-4280-ac67-fcd6f2180121: Ошибка работы сеанса
Ошибка при выполнении запроса POST к ресурсу /e1cib/modules/call:
60c686dc-798f-4d17-aadb-a90156a16eb8: Сеанс отсутствует или удален
ID=f0d05d17-1dbc-4b60-beec-b7f5fc078628, File=d:\jenkins\ci_builder2\windowsbuild2\platform\src\rserver\src\clusterdistribimpl.cpp(1439)'
02:13.316016-0,EXCP,2,process=rphost,p:processName=bi_bk3wk1_prod_01,OSThread=2640,t:clientID=12,t:applicationName=1CV8C,t:computerName=DC3RDSH07,Exception=SeanceContextException,Descr='Сеанс отсутствует или удален
ID=9990135e-e701-472c-a283-bfe4e494da61, File=d:\jenkins\ci_builder2\windowsbuild2\platform\src\rserver\src\clusterdistribimpl.cpp(1439)'
02:13.316017-0,EXCP,2,process=rphost,p:processName=bi_bk3wk1_prod_01,OSThread=2640,t:clientID=12,t:applicationName=1CV8C,t:computerName=DC3RDSH07,Exception=580392e6-ba49-4280-ac67-fcd6f2180121,Descr='src\vrsbase\src\vresourceinfobaseimpl.cpp(1058):
580392e6-ba49-4280-ac67-fcd6f2180121: Ошибка работы сеанса
Ошибка при выполнении запроса POST к ресурсу /e1cib/license/getlast:
60c686dc-798f-4d17-aadb-a90156a16eb8: Сеанс отсутствует или удален
ID=9990135e-e701-472c-a283-bfe4e494da61, File=d:\jenkins\ci_builder2\windowsbuild2\platform\src\rserver\src\clusterdistribimpl.cpp(1439)'
02:13.379004-0,EXCP,2,process=rphost,p:processName=bi_bk3wk1_prod_01,OSThread=2640,t:clientID=12,t:applicationName=1CV8C,t:computerName=DC3RDSH07,Exception=SeanceContextException,Descr='Сеанс отсутствует или удален
ID=9990135e-e701-472c-a283-bfe4e494da61, File=d:\jenkins\ci_builder2\windowsbuild2\platform\src\rserver\src\clusterdistribimpl.cpp(1439)'
02:13.379005-0,EXCP,2,process=rphost,p:processName=bi_bk3wk1_prod_01,OSThread=2640,t:clientID=12,t:applicationName=1CV8C,t:computerName=DC3RDSH07,Exception=580392e6-ba49-4280-ac67-fcd6f2180121,Descr='src\vrsbase\src\vresourceinfobaseimpl.cpp(1058):
580392e6-ba49-4280-ac67-fcd6f2180121: Ошибка работы сеанса
Ошибка при выполнении запроса POST к ресурсу /e1cib/modules/call:
60c686dc-798f-4d17-aadb-a90156a16eb8: Сеанс отсутствует или удален
ID=9990135e-e701-472c-a283-bfe4e494da61, File=d:\jenkins\ci_builder2\windowsbuild2\platform\src\rserver\src\clusterdistribimpl.cpp(1439)'
03:22.599004-0,EXCP,2,process=rphost,p:processName=bi_bk3wk1_prod_01,OSThread=2640,t:clientID=12,t:applicationName=1CV8C,t:computerName=DC3RDSH07,Exception=SeanceContextException,Descr='Сеанс отсутствует или удален
ID=9990135e-e701-472c-a283-bfe4e494da61, File=d:\jenkins\ci_builder2\windowsbuild2\platform\src\rserver\src\clusterdistribimpl.cpp(1439)'
03:22.599005-0,EXCP,2,process=rphost,p:processName=bi_bk3wk1_prod_01,OSThread=2640,t:clientID=12,t:applicationName=1CV8C,t:computerName=DC3RDSH07,Exception=580392e6-ba49-4280-ac67-fcd6f2180121,Descr='src\vrsbase\src\vresourceinfobaseimpl.cpp(1058):
580392e6-ba49-4280-ac67-fcd6f2180121: Ошибка работы сеанса
Ошибка при выполнении запроса POST к ресурсу /e1cib/modules/call:
60c686dc-798f-4d17-aadb-a90156a16eb8: Сеанс отсутствует или удален
ID=9990135e-e701-472c-a283-bfe4e494da61, File=d:\jenkins\ci_builder2\windowsbuild2\platform\src\rserver\src\clusterdistribimpl.cpp(1439)'
03:27.599000-0,EXCP,0,process=rphost,OSThread=2540,ClientID=12,Exception=NetDataExchangeException,Descr='server_addr=(2)10.3.172.8:57027 descr=10054(0x00002746): Удаленный хост принудительно разорвал существующее подключение.  line=1149 file=d:\jenkins\ci_builder2\windowsbuild2\platform\src\rtrsrvc\src\dataexchangeserverimpl.cpp'
03:27.599001-0,EXCPCNTX,0,ClientComputerName=,ServerComputerName=,UserName=,ConnectString=
03:27.599004-0,EXCP,0,process=rphost,OSThread=6468,ClientID=15,Exception=NetDataExchangeException,Descr='server_addr=(2)10.3.172.8:57040 descr=10054(0x00002746): Удаленный хост принудительно разорвал существующее подключение.  line=1149 file=d:\jenkins\ci_builder2\windowsbuild2\platform\src\rtrsrvc\src\dataexchangeserverimpl.cpp'
03:27.599005-0,EXCPCNTX,0,ClientComputerName=,ServerComputerName=,UserName=,ConnectString=
15:58.150010-0,ADMIN,3,process=rphost,p:processName=##AdminProcess##,OSThread=3648,t:clientID=24,t:applicationName=RAS,t:computerName=DC2BUHAPP11,Func=authenticateSrvrUser,Administrator=,Result=Success
16:08.697021-0,ADMIN,3,process=rphost,p:processName=bi_bk3wk1_prod_01,OSThread=3648,t:clientID=24,t:applicationName=RAS,t:computerName=DC2BUHAPP11,t:connectID=63,SessionID=2,Func=authenticateInfoBaseAdmin,ClusterID=8aa94e2b-5d54-4b86-800b-79353ce39638,InfoBaseID=e65619db-c02e-4647-a08d-3f4e7765383d,Usr=#WINAUTH#,Administrator=,Result=Fail
16:08.713006-0,ADMIN,3,process=rphost,p:processName=bi_bk3wk1_prod_01,OSThread=3648,t:clientID=24,t:applicationName=RAS,t:computerName=DC2BUHAPP11,t:connectID=63,SessionID=2,Func=authenticateInfoBaseAdmin,ClusterID=8aa94e2b-5d54-4b86-800b-79353ce39638,InfoBaseID=e65619db-c02e-4647-a08d-3f4e7765383d,Usr=ОбновлениеБазы,Administrator=,Result=Success
15:58.150019-0,ADMIN,3,process=rphost,p:processName=##AdminProcess##,OSThread=3648,t:clientID=24,t:applicationName=RAS,t:computerName=DC2BUHAPP11,Func=getInfoBaseParams,ClusterID=8aa94e2b-5d54-4b86-800b-79353ce39638,InfoBaseID=e65619db-c02e-4647-a08d-3f4e7765383d,Ref=bi_bk3wk1_prod_01,Administrator=,Result=Success
17:23.888004-0,EXCP,3,process=rphost,p:processName=bi_bk3wk1_prod_01,p:processName=bi_bk3wk1_prod_0116a0efc6-fcc3-4237-85ab-93534136a064,OSThread=3648,t:clientID=4,t:applicationName=1CV8C,t:computerName=DC1RDSH13,Exception=SeanceContextException,Descr='Сеанс отсутствует или удален
ID=b81c98e7-93ee-4a14-bc75-f1aa43a94988, File=d:\jenkins\ci_builder2\windowsbuild2\platform\src\rserver\src\clusterdistribimpl.cpp(1439)'
17:23.888005-0,EXCP,3,process=rphost,p:processName=bi_bk3wk1_prod_01,p:processName=bi_bk3wk1_prod_0116a0efc6-fcc3-4237-85ab-93534136a064,OSThread=3648,t:clientID=4,t:applicationName=1CV8C,t:computerName=DC1RDSH13,Exception=580392e6-ba49-4280-ac67-fcd6f2180121,Descr='src\vrsbase\src\vresourceinfobaseimpl.cpp(1058):
580392e6-ba49-4280-ac67-fcd6f2180121: Ошибка работы сеанса
Ошибка при выполнении запроса POST к ресурсу /e1cib/modules/call:
60c686dc-798f-4d17-aadb-a90156a16eb8: Сеанс отсутствует или удален
ID=b81c98e7-93ee-4a14-bc75-f1aa43a94988, File=d:\jenkins\ci_builder2\windowsbuild2\platform\src\rserver\src\clusterdistribimpl.cpp(1439)'
17:23.904003-0,EXCP,2,process=rphost,p:processName=bi_bk3wk1_prod_01,p:processName=bi_bk3wk1_prod_0116a0efc6-fcc3-4237-85ab-93534136a064,OSThread=10120,t:clientID=5,t:applicationName=1CV8C,t:computerName=DC1RDSH13,Exception=SeanceContextException,Descr='Сеанс отсутствует или удален
ID=8b49789b-fccb-461a-b05c-56ef10f1ab59, File=d:\jenkins\ci_builder2\windowsbuild2\platform\src\rserver\src\clusterdistribimpl.cpp(1439)'
17:23.904004-0,EXCP,2,process=rphost,p:processName=bi_bk3wk1_prod_01,p:processName=bi_bk3wk1_prod_0116a0efc6-fcc3-4237-85ab-93534136a064,OSThread=10120,t:clientID=5,t:applicationName=1CV8C,t:computerName=DC1RDSH13,Exception=580392e6-ba49-4280-ac67-fcd6f2180121,Descr='src\vrsbase\src\vresourceinfobaseimpl.cpp(1058):
580392e6-ba49-4280-ac67-fcd6f2180121: Ошибка работы сеанса
Ошибка при выполнении запроса POST к ресурсу /e1cib/modules/call:
60c686dc-798f-4d17-aadb-a90156a16eb8: Сеанс отсутствует или удален
ID=8b49789b-fccb-461a-b05c-56ef10f1ab59, File=d:\jenkins\ci_builder2\windowsbuild2\platform\src\rserver\src\clusterdistribimpl.cpp(1439)'
17:28.873000-0,EXCP,0,process=rphost,OSThread=2540,ClientID=5,Exception=NetDataExchangeException,Descr='server_addr=(2)10.225.32.50:60535 descr=10054(0x00002746): Удаленный хост принудительно разорвал существующее подключение.  line=1149 file=d:\jenkins\ci_builder2\windowsbuild2\platform\src\rtrsrvc\src\dataexchangeserverimpl.cpp'
17:28.873001-0,EXCPCNTX,0,ClientComputerName=,ServerComputerName=,UserName=,ConnectString=
17:28.873003-0,EXCP,0,process=rphost,OSThread=9408,ClientID=4,Exception=NetDataExchangeException,Descr='server_addr=(2)10.225.32.50:60528 descr=10054(0x00002746): Удаленный хост принудительно разорвал существующее подключение.  line=1149 file=d:\jenkins\ci_builder2\windowsbuild2\platform\src\rtrsrvc\src\dataexchangeserverimpl.cpp'
17:28.873005-0,EXCPCNTX,0,ClientComputerName=,ServerComputerName=,UserName=,ConnectString=
17:28.873008-0,EXCP,0,process=rphost,OSThread=6468,ClientID=9,Exception=NetDataExchangeException,Descr='server_addr=(2)10.225.32.50:60549 descr=10054(0x00002746): Удаленный хост принудительно разорвал существующее подключение.  line=1149 file=d:\jenkins\ci_builder2\windowsbuild2\platform\src\rtrsrvc\src\dataexchangeserverimpl.cpp'
17:28.873009-0,EXCPCNTX,0,ClientComputerName=,ServerComputerName=,UserName=,ConnectString=
17:28.873023-0,EXCP,0,process=rphost,OSThread=6468,ClientID=10,Exception=NetDataExchangeException,Descr='server_addr=(2)10.225.32.50:60550 descr=10054(0x00002746): Удаленный хост принудительно разорвал существующее подключение.  line=1149 file=d:\jenkins\ci_builder2\windowsbuild2\platform\src\rtrsrvc\src\dataexchangeserverimpl.cpp'
17:28.873024-0,EXCPCNTX,0,ClientComputerName=,ServerComputerName=,UserName=,ConnectString=
20:29.998004-0,EXCP,2,process=rphost,p:processName=bi_bk3wk1_prod_01,p:processName=bi_bk3wk1_prod_0116a0efc6-fcc3-4237-85ab-93534136a064,OSThread=3648,t:clientID=8,t:applicationName=1CV8C,t:computerName=DC2RDSH01,Exception=SeanceContextException,Descr='Сеанс отсутствует или удален
ID=3b4e3ac8-8f4a-470f-ad01-528849b7cb1f, File=d:\jenkins\ci_builder2\windowsbuild2\platform\src\rserver\src\clusterdistribimpl.cpp(1439)'
20:29.998005-0,EXCP,2,process=rphost,p:processName=bi_bk3wk1_prod_01,p:processName=bi_bk3wk1_prod_0116a0efc6-fcc3-4237-85ab-93534136a064,OSThread=3648,t:clientID=8,t:applicationName=1CV8C,t:computerName=DC2RDSH01,Exception=580392e6-ba49-4280-ac67-fcd6f2180121,Descr='src\vrsbase\src\vresourceinfobaseimpl.cpp(1058):
580392e6-ba49-4280-ac67-fcd6f2180121: Ошибка работы сеанса
Ошибка при выполнении запроса POST к ресурсу /e1cib/modules/call:
60c686dc-798f-4d17-aadb-a90156a16eb8: Сеанс отсутствует или удален
ID=3b4e3ac8-8f4a-470f-ad01-528849b7cb1f, File=d:\jenkins\ci_builder2\windowsbuild2\platform\src\rserver\src\clusterdistribimpl.cpp(1439)'
20:34.951000-0,EXCP,0,process=rphost,OSThread=8072,ClientID=8,Exception=NetDataExchangeException,Descr='server_addr=(2)10.224.32.249:54875 descr=10054(0x00002746): Удаленный хост принудительно разорвал существующее подключение.  line=1149 file=d:\jenkins\ci_builder2\windowsbuild2\platform\src\rtrsrvc\src\dataexchangeserverimpl.cpp'
20:34.951001-0,EXCPCNTX,0,ClientComputerName=,ServerComputerName=,UserName=,ConnectString=
20:34.951009-0,EXCP,0,process=rphost,OSThread=8072,ClientID=13,Exception=NetDataExchangeException,Descr='server_addr=(2)10.224.32.249:54885 descr=10054(0x00002746): Удаленный хост принудительно разорвал существующее подключение.  line=1149 file=d:\jenkins\ci_builder2\windowsbuild2\platform\src\rtrsrvc\src\dataexchangeserverimpl.cpp'
20:34.951010-0,EXCPCNTX,0,ClientComputerName=,ServerComputerName=,UserName=,ConnectString=
