15:59.410010-0,ADMIN,3,process=rphost,p:processName=##AdminProcess##,OSThread=3648,t:clientID=59,t:applicationName=RAS,t:computerName=DC2BUHAPP11,Func=authenticateSrvrUser,Administrator=,Result=Success
16:09.754023-0,ADMIN,4,process=rphost,p:processName=bi_bk3wk1_prod_01,OSThread=3648,t:clientID=59,t:applicationName=RAS,t:computerName=DC2BUHAPP11,t:connectID=92,SessionID=12,Func=authenticateInfoBaseAdmin,ClusterID=8aa94e2b-5d54-4b86-800b-79353ce39638,InfoBaseID=e65619db-c02e-4647-a08d-3f4e7765383d,Usr=#WINAUTH#,Administrator=,Result=Fail
16:09.769009-0,ADMIN,4,process=rphost,p:processName=bi_bk3wk1_prod_01,OSThread=3648,t:clientID=59,t:applicationName=RAS,t:computerName=DC2BUHAPP11,t:connectID=92,SessionID=12,Func=authenticateInfoBaseAdmin,ClusterID=8aa94e2b-5d54-4b86-800b-79353ce39638,InfoBaseID=e65619db-c02e-4647-a08d-3f4e7765383d,Usr=ОбновлениеБазы,Administrator=,Result=Success
15:59.410019-0,ADMIN,3,process=rphost,p:processName=##AdminProcess##,OSThread=3648,t:clientID=59,t:applicationName=RAS,t:computerName=DC2BUHAPP11,Func=getInfoBaseParams,ClusterID=8aa94e2b-5d54-4b86-800b-79353ce39638,InfoBaseID=e65619db-c02e-4647-a08d-3f4e7765383d,Ref=bi_bk3wk1_prod_01,Administrator=,Result=Success
59:00.079004-0,EXCP,2,process=rphost,p:processName=bi_bk3wk1_prod_01,p:processName=bi_bk3wk1_prod_0116a0efc6-fcc3-4237-85ab-93534136a064,OSThread=9136,t:clientID=11,t:applicationName=1CV8C,t:computerName=DC2RDSH14,Exception=SeanceContextException,Descr='Сеанс отсутствует или удален
ID=f0d05d17-1dbc-4b60-beec-b7f5fc078628, File=d:\jenkins\ci_builder2\windowsbuild2\platform\src\rserver\src\clusterdistribimpl.cpp(1439)'
59:00.079005-0,EXCP,2,process=rphost,p:processName=bi_bk3wk1_prod_01,p:processName=bi_bk3wk1_prod_0116a0efc6-fcc3-4237-85ab-93534136a064,OSThread=9136,t:clientID=11,t:applicationName=1CV8C,t:computerName=DC2RDSH14,Exception=580392e6-ba49-4280-ac67-fcd6f2180121,Descr='src\vrsbase\src\vresourceinfobaseimpl.cpp(1058):
580392e6-ba49-4280-ac67-fcd6f2180121: Ошибка работы сеанса
Ошибка при выполнении запроса POST к ресурсу /e1cib/modules/call:
60c686dc-798f-4d17-aadb-a90156a16eb8: Сеанс отсутствует или удален
ID=f0d05d17-1dbc-4b60-beec-b7f5fc078628, File=d:\jenkins\ci_builder2\windowsbuild2\platform\src\rserver\src\clusterdistribimpl.cpp(1439)'
59:05.017000-0,EXCP,0,process=rphost,OSThread=2104,ClientID=14,Exception=NetDataExchangeException,Descr='server_addr=(2)10.224.32.240:57636 descr=10054(0x00002746): Удаленный хост принудительно разорвал существующее подключение.  line=1149 file=d:\jenkins\ci_builder2\windowsbuild2\platform\src\rtrsrvc\src\dataexchangeserverimpl.cpp'
59:05.017001-0,EXCPCNTX,0,ClientComputerName=,ServerComputerName=,UserName=,ConnectString=
59:05.017003-0,EXCP,0,process=rphost,OSThread=2104,ClientID=11,Exception=NetDataExchangeException,Descr='server_addr=(2)10.224.32.240:57628 descr=10054(0x00002746): Удаленный хост принудительно разорвал существующее подключение.  line=1149 file=d:\jenkins\ci_builder2\windowsbuild2\platform\src\rtrsrvc\src\dataexchangeserverimpl.cpp'
59:05.017004-0,EXCPCNTX,0,ClientComputerName=,ServerComputerName=,UserName=,ConnectString=
59:06.267012-0,EXCP,0,process=rphost,OSThread=6364,Exception=acea3e6e-3687-4792-8319-09c009274c9a,Descr='src\rserver\src\rhostimpl.cpp(5997):
acea3e6e-3687-4792-8319-09c009274c9a: Рабочий процесс не найден'
59:06.360000-0,PROC,0,process=rphost,OSThread=2540,Txt='Process terminated.
Stopped on error (working)'
59:07.267000-0,PROC,0,process=rphost,OSThread=6484,Txt='Process terminated.
Stopped on error (working)'
59:07.267012-0,EXCP,0,process=rphost,OSThread=6364,Exception=acea3e6e-3687-4792-8319-09c009274c9a,Descr='src\rserver\src\rhostimpl.cpp(5997):
acea3e6e-3687-4792-8319-09c009274c9a: Рабочий процесс не найден'
59:07.267014-0,EXCP,2,process=rphost,OSThread=9776,Exception=96380a22-60f7-4a8b-8fca-1224e6bc518f,Descr='src\rserver\src\rmngrcalls.cpp(951):
96380a22-60f7-4a8b-8fca-1224e6bc518f: OnFinishRpHost'
59:07.267016-0,EXCP,0,process=rphost,OSThread=6456,Exception=dd149677-3d47-4e05-a55f-4e75b13a441f,Descr='src\rtrsrvc\src\remoteinterfaceimpl.cpp(736):
dd149677-3d47-4e05-a55f-4e75b13a441f: Процесс завершается. Исходящий вызов запрещен.'
59:07.267017-0,EXCP,0,process=rphost,OSThread=6456,Exception=dd149677-3d47-4e05-a55f-4e75b13a441f,Descr='src\rserver\src\rmngrcalls.cpp(543):
dd149677-3d47-4e05-a55f-4e75b13a441f: Процесс завершается. Исходящий вызов запрещен.'
59:07.267018-0,EXCP,0,process=rphost,OSThread=6456,Exception=dd149677-3d47-4e05-a55f-4e75b13a441f,Descr='src\rtrsrvc\src\remoteinterfaceimpl.cpp(736):
dd149677-3d47-4e05-a55f-4e75b13a441f: Процесс завершается. Исходящий вызов запрещен.'
59:07.267019-0,EXCP,0,process=rphost,OSThread=6456,Exception=dd149677-3d47-4e05-a55f-4e75b13a441f,Descr='src\rtrsrvc\src\remoteinterfaceimpl.cpp(736):
dd149677-3d47-4e05-a55f-4e75b13a441f: Процесс завершается. Исходящий вызов запрещен.'
59:07.267020-0,EXCP,0,process=rphost,OSThread=6456,Exception=dd149677-3d47-4e05-a55f-4e75b13a441f,Descr='src\rtrsrvc\src\remoteinterfaceimpl.cpp(736):
dd149677-3d47-4e05-a55f-4e75b13a441f: Процесс завершается. Исходящий вызов запрещен.'
59:07.470000-0,EXCP,0,process=rphost,OSThread=6456,Exception=dd149677-3d47-4e05-a55f-4e75b13a441f,Descr='src\rtrsrvc\src\remoteinterfaceimpl.cpp(736):
dd149677-3d47-4e05-a55f-4e75b13a441f: Процесс завершается. Исходящий вызов запрещен.'
59:07.470001-0,EXCP,0,process=rphost,OSThread=6456,Exception=dd149677-3d47-4e05-a55f-4e75b13a441f,Descr='src\rserver\src\rmngrcalls.cpp(543):
dd149677-3d47-4e05-a55f-4e75b13a441f: Процесс завершается. Исходящий вызов запрещен.'
59:07.470002-0,EXCP,0,process=rphost,OSThread=6456,Exception=dd149677-3d47-4e05-a55f-4e75b13a441f,Descr='src\rtrsrvc\src\remoteinterfaceimpl.cpp(736):
dd149677-3d47-4e05-a55f-4e75b13a441f: Процесс завершается. Исходящий вызов запрещен.'
59:07.470003-0,EXCP,0,process=rphost,OSThread=6456,Exception=dd149677-3d47-4e05-a55f-4e75b13a441f,Descr='src\rtrsrvc\src\remoteinterfaceimpl.cpp(736):
dd149677-3d47-4e05-a55f-4e75b13a441f: Процесс завершается. Исходящий вызов запрещен.'
59:07.470004-0,EXCP,0,process=rphost,OSThread=6456,Exception=dd149677-3d47-4e05-a55f-4e75b13a441f,Descr='src\rtrsrvc\src\remoteinterfaceimpl.cpp(736):
dd149677-3d47-4e05-a55f-4e75b13a441f: Процесс завершается. Исходящий вызов запрещен.'
59:07.470009-0,EXCP,0,process=rphost,OSThread=6456,Exception=dd149677-3d47-4e05-a55f-4e75b13a441f,Descr='src\rserver\src\rmngrcalls.cpp(586):
dd149677-3d47-4e05-a55f-4e75b13a441f: Процесс завершается. Исходящий вызов запрещен.'
59:07.470010-0,EXCP,0,process=rphost,OSThread=6456,Exception=dd149677-3d47-4e05-a55f-4e75b13a441f,Descr='src\rserver\src\rhostimpl.cpp(6261):
dd149677-3d47-4e05-a55f-4e75b13a441f: Процесс завершается. Исходящий вызов запрещен.'
59:07.470011-0,EXCP,0,process=rphost,OSThread=6456,Exception=dd149677-3d47-4e05-a55f-4e75b13a441f,Descr='src\rserver\src\rmngrcalls.cpp(739):
dd149677-3d47-4e05-a55f-4e75b13a441f: Процесс завершается. Исходящий вызов запрещен.'
59:07.470012-0,EXCP,0,process=rphost,OSThread=6456,Exception=dd149677-3d47-4e05-a55f-4e75b13a441f,Descr='src\rserver\src\rmngrcalls.cpp(739):
dd149677-3d47-4e05-a55f-4e75b13a441f: Процесс завершается. Исходящий вызов запрещен.'
59:07.470013-0,EXCP,0,process=rphost,OSThread=6456,Exception=96380a22-60f7-4a8b-8fca-1224e6bc518f,Descr='src\rserver\src\rmngrcalls.cpp(951):
96380a22-60f7-4a8b-8fca-1224e6bc518f: onFinishConnection'
59:09.595000-0,PROC,1,process=rphost,OSThread=9776,Err=0,Txt=1C:Enterprise 8.3 (x86-64) (8.3.14.1694) Working Process finished.
