00:01.704000-0,EXCP,0,process=rphost,OSThread=5904,ClientID=6565,Exception=NetDataExchangeException,Descr='server_addr=(2)10.224.32.97:60660 descr=2(0x00000002): Не удается найти указанный файл.  line=1149 file=d:\jenkins\ci_builder2\windowsbuild2\platform\src\rtrsrvc\src\dataexchangeserverimpl.cpp'
00:01.704001-0,EXCPCNTX,0,ClientComputerName=,ServerComputerName=,UserName=,ConnectString=
00:07.707000-0,PROC,0,process=rphost,OSThread=7208,Txt='Process terminated.
Stop signal received (ragent)'
00:08.004000-0,PROC,0,process=rphost,OSThread=7736,Txt='Process terminated.
Stop signal received (ragent)'
00:08.004005-0,EXCP,2,process=rphost,OSThread=8536,Exception=96380a22-60f7-4a8b-8fca-1224e6bc518f,Descr='src\rserver\src\rmngrcalls.cpp(951):
96380a22-60f7-4a8b-8fca-1224e6bc518f: OnFinishRpHost'
00:08.004006-0,EXCP,1,process=rphost,p:processName=bi_bk3wk1_prod_01,OSThread=8536,t:clientID=262,t:applicationName=1CV8C,t:computerName=DC1RDSH12,t:connectID=890,Exception=dd149677-3d47-4e05-a55f-4e75b13a441f,Descr='src\rtrsrvc\src\remoteinterfaceimpl.cpp(736):
dd149677-3d47-4e05-a55f-4e75b13a441f: Процесс завершается. Исходящий вызов запрещен.'
00:08.004007-0,EXCP,1,process=rphost,p:processName=bi_bk3wk1_prod_01,OSThread=8536,t:clientID=262,t:applicationName=1CV8C,t:computerName=DC1RDSH12,t:connectID=890,Exception=dd149677-3d47-4e05-a55f-4e75b13a441f,Descr='src\rserver\src\rmngrcalls.cpp(543):
dd149677-3d47-4e05-a55f-4e75b13a441f: Процесс завершается. Исходящий вызов запрещен.'
00:08.004008-0,EXCP,1,process=rphost,p:processName=bi_bk3wk1_prod_01,OSThread=8536,t:clientID=262,t:applicationName=1CV8C,t:computerName=DC1RDSH12,t:connectID=890,Exception=dd149677-3d47-4e05-a55f-4e75b13a441f,Descr='src\rtrsrvc\src\remoteinterfaceimpl.cpp(736):
dd149677-3d47-4e05-a55f-4e75b13a441f: Процесс завершается. Исходящий вызов запрещен.'
00:08.004009-0,EXCP,1,process=rphost,p:processName=bi_bk3wk1_prod_01,OSThread=8536,t:clientID=262,t:applicationName=1CV8C,t:computerName=DC1RDSH12,t:connectID=890,Exception=dd149677-3d47-4e05-a55f-4e75b13a441f,Descr='src\rtrsrvc\src\remoteinterfaceimpl.cpp(736):
dd149677-3d47-4e05-a55f-4e75b13a441f: Процесс завершается. Исходящий вызов запрещен.'
00:08.004010-0,EXCP,1,process=rphost,p:processName=bi_bk3wk1_prod_01,OSThread=8536,t:clientID=262,t:applicationName=1CV8C,t:computerName=DC1RDSH12,t:connectID=890,Exception=dd149677-3d47-4e05-a55f-4e75b13a441f,Descr='src\rtrsrvc\src\remoteinterfaceimpl.cpp(736):
dd149677-3d47-4e05-a55f-4e75b13a441f: Процесс завершается. Исходящий вызов запрещен.'
00:08.004011-0,EXCP,1,process=rphost,p:processName=bi_bk3wk1_prod_01,OSThread=8536,t:clientID=262,t:applicationName=1CV8C,t:computerName=DC1RDSH12,t:connectID=890,Exception=dd149677-3d47-4e05-a55f-4e75b13a441f,Descr='src\rtrsrvc\src\remoteinterfaceimpl.cpp(736):
dd149677-3d47-4e05-a55f-4e75b13a441f: Процесс завершается. Исходящий вызов запрещен.'
00:08.004012-0,EXCP,1,process=rphost,p:processName=bi_bk3wk1_prod_01,OSThread=8536,t:clientID=262,t:applicationName=1CV8C,t:computerName=DC1RDSH12,t:connectID=890,Exception=dd149677-3d47-4e05-a55f-4e75b13a441f,Descr='src\rtrsrvc\src\remoteinterfaceimpl.cpp(736):
dd149677-3d47-4e05-a55f-4e75b13a441f: Процесс завершается. Исходящий вызов запрещен.'
00:08.004013-0,EXCP,1,process=rphost,p:processName=bi_bk3wk1_prod_01,OSThread=8536,t:clientID=262,t:applicationName=1CV8C,t:computerName=DC1RDSH12,t:connectID=890,Exception=dd149677-3d47-4e05-a55f-4e75b13a441f,Descr='src\rtrsrvc\src\remoteinterfaceimpl.cpp(736):
dd149677-3d47-4e05-a55f-4e75b13a441f: Процесс завершается. Исходящий вызов запрещен.'
00:08.207000-0,EXCP,1,process=rphost,p:processName=bi_bk3wk1_prod_01,OSThread=8536,t:clientID=262,t:applicationName=1CV8C,t:computerName=DC1RDSH12,t:connectID=890,Exception=dd149677-3d47-4e05-a55f-4e75b13a441f,Descr='src\rtrsrvc\src\remoteinterfaceimpl.cpp(736):
dd149677-3d47-4e05-a55f-4e75b13a441f: Процесс завершается. Исходящий вызов запрещен.'
00:08.207001-0,EXCP,1,process=rphost,p:processName=bi_bk3wk1_prod_01,OSThread=8536,t:clientID=262,t:applicationName=1CV8C,t:computerName=DC1RDSH12,t:connectID=890,Exception=dd149677-3d47-4e05-a55f-4e75b13a441f,Descr='src\rserver\src\rmngrcalls.cpp(543):
dd149677-3d47-4e05-a55f-4e75b13a441f: Процесс завершается. Исходящий вызов запрещен.'
00:08.207002-0,EXCP,1,process=rphost,p:processName=bi_bk3wk1_prod_01,OSThread=8536,t:clientID=262,t:applicationName=1CV8C,t:computerName=DC1RDSH12,t:connectID=890,Exception=dd149677-3d47-4e05-a55f-4e75b13a441f,Descr='src\rtrsrvc\src\remoteinterfaceimpl.cpp(736):
dd149677-3d47-4e05-a55f-4e75b13a441f: Процесс завершается. Исходящий вызов запрещен.'
00:08.207003-0,EXCP,1,process=rphost,p:processName=bi_bk3wk1_prod_01,OSThread=8536,t:clientID=262,t:applicationName=1CV8C,t:computerName=DC1RDSH12,t:connectID=890,Exception=dd149677-3d47-4e05-a55f-4e75b13a441f,Descr='src\rtrsrvc\src\remoteinterfaceimpl.cpp(736):
dd149677-3d47-4e05-a55f-4e75b13a441f: Процесс завершается. Исходящий вызов запрещен.'
00:08.207004-0,EXCP,1,process=rphost,p:processName=bi_bk3wk1_prod_01,OSThread=8536,t:clientID=262,t:applicationName=1CV8C,t:computerName=DC1RDSH12,t:connectID=890,Exception=dd149677-3d47-4e05-a55f-4e75b13a441f,Descr='src\rtrsrvc\src\remoteinterfaceimpl.cpp(736):
dd149677-3d47-4e05-a55f-4e75b13a441f: Процесс завершается. Исходящий вызов запрещен.'
00:08.207007-0,EXCP,1,process=rphost,p:processName=bi_bk3wk1_prod_01,OSThread=8536,t:clientID=262,t:applicationName=1CV8C,t:computerName=DC1RDSH12,t:connectID=890,Exception=dd149677-3d47-4e05-a55f-4e75b13a441f,Descr='src\rserver\src\rmngrcalls.cpp(586):
dd149677-3d47-4e05-a55f-4e75b13a441f: Процесс завершается. Исходящий вызов запрещен.'
00:08.207008-0,EXCP,1,process=rphost,p:processName=bi_bk3wk1_prod_01,OSThread=8536,t:clientID=262,t:applicationName=1CV8C,t:computerName=DC1RDSH12,t:connectID=890,Exception=dd149677-3d47-4e05-a55f-4e75b13a441f,Descr='src\rserver\src\srvrinfobaseimpl.cpp(923):
dd149677-3d47-4e05-a55f-4e75b13a441f: Процесс завершается. Исходящий вызов запрещен.'
00:08.207009-0,EXCP,1,process=rphost,p:processName=bi_bk3wk1_prod_01,OSThread=8536,t:clientID=262,t:applicationName=1CV8C,t:computerName=DC1RDSH12,t:connectID=890,Exception=dd149677-3d47-4e05-a55f-4e75b13a441f,Descr='src\rserver\src\rmngrcalls.cpp(586):
dd149677-3d47-4e05-a55f-4e75b13a441f: Процесс завершается. Исходящий вызов запрещен.'
00:08.410001-0,EXCP,1,process=rphost,p:processName=bi_bk3wk1_prod_01,OSThread=8536,t:clientID=262,t:applicationName=1CV8C,t:computerName=DC1RDSH12,t:connectID=890,Exception=dd149677-3d47-4e05-a55f-4e75b13a441f,Descr='src\rserver\src\rmngrcalls.cpp(586):
dd149677-3d47-4e05-a55f-4e75b13a441f: Процесс завершается. Исходящий вызов запрещен.'
00:08.410002-0,EXCP,1,process=rphost,p:processName=bi_bk3wk1_prod_01,OSThread=8536,t:clientID=262,t:applicationName=1CV8C,t:computerName=DC1RDSH12,t:connectID=890,Exception=dd149677-3d47-4e05-a55f-4e75b13a441f,Descr='src\rserver\src\srvrinfobaseimpl.cpp(1227):
dd149677-3d47-4e05-a55f-4e75b13a441f: Процесс завершается. Исходящий вызов запрещен.'
00:08.410003-0,EXCP,1,process=rphost,p:processName=bi_bk3wk1_prod_01,OSThread=8536,t:clientID=262,t:applicationName=1CV8C,t:computerName=DC1RDSH12,t:connectID=890,Exception=dd149677-3d47-4e05-a55f-4e75b13a441f,Descr='src\rserver\src\rmngrcalls.cpp(739):
dd149677-3d47-4e05-a55f-4e75b13a441f: Процесс завершается. Исходящий вызов запрещен.'
00:08.410004-0,EXCP,1,process=rphost,p:processName=bi_bk3wk1_prod_01,OSThread=8536,t:clientID=262,t:applicationName=1CV8C,t:computerName=DC1RDSH12,t:connectID=890,Exception=dd149677-3d47-4e05-a55f-4e75b13a441f,Descr='src\rserver\src\rmngrcalls.cpp(739):
dd149677-3d47-4e05-a55f-4e75b13a441f: Процесс завершается. Исходящий вызов запрещен.'
00:08.410005-0,EXCP,1,process=rphost,p:processName=bi_bk3wk1_prod_01,OSThread=8536,t:clientID=262,t:applicationName=1CV8C,t:computerName=DC1RDSH12,t:connectID=890,Exception=96380a22-60f7-4a8b-8fca-1224e6bc518f,Descr='src\rserver\src\rmngrcalls.cpp(951):
96380a22-60f7-4a8b-8fca-1224e6bc518f: onFinishIBConnection'
00:08.410006-0,EXCP,1,process=rphost,p:processName=bi_bk3wk1_prod_01,OSThread=8536,t:clientID=262,t:applicationName=1CV8C,t:computerName=DC1RDSH12,t:connectID=890,Exception=dd149677-3d47-4e05-a55f-4e75b13a441f,Descr='src\rserver\src\rmngrcalls.cpp(586):
dd149677-3d47-4e05-a55f-4e75b13a441f: Процесс завершается. Исходящий вызов запрещен.'
00:08.613000-0,EXCP,1,process=rphost,p:processName=bi_bk3wk1_prod_01,OSThread=8536,t:clientID=262,t:applicationName=1CV8C,t:computerName=DC1RDSH12,t:connectID=890,Exception=dd149677-3d47-4e05-a55f-4e75b13a441f,Descr='src\rserver\src\rmngrcalls.cpp(586):
dd149677-3d47-4e05-a55f-4e75b13a441f: Процесс завершается. Исходящий вызов запрещен.'
00:08.613002-0,EXCP,0,process=rphost,OSThread=4996,Exception=dd149677-3d47-4e05-a55f-4e75b13a441f,Descr='src\rserver\src\rmngrcalls.cpp(586):
dd149677-3d47-4e05-a55f-4e75b13a441f: Процесс завершается. Исходящий вызов запрещен.'
00:08.613003-0,EXCP,1,process=rphost,p:processName=bi_bk3wk1_prod_01,OSThread=8536,t:clientID=473,t:applicationName=1CV8C,t:computerName=DC2RDSH08,t:connectID=1080,Exception=dd149677-3d47-4e05-a55f-4e75b13a441f,Descr='src\rserver\src\rmngrcalls.cpp(586):
dd149677-3d47-4e05-a55f-4e75b13a441f: Процесс завершается. Исходящий вызов запрещен.'
00:08.738000-0,EXCP,0,process=rphost,OSThread=6548,Exception=dd149677-3d47-4e05-a55f-4e75b13a441f,Descr='src\rserver\src\rmngrcalls.cpp(586):
dd149677-3d47-4e05-a55f-4e75b13a441f: Процесс завершается. Исходящий вызов запрещен.'
00:08.816001-0,EXCP,1,process=rphost,p:processName=bi_bk3wk1_prod_01,OSThread=8536,t:clientID=473,t:applicationName=1CV8C,t:computerName=DC2RDSH08,t:connectID=1080,Exception=dd149677-3d47-4e05-a55f-4e75b13a441f,Descr='src\rserver\src\rmngrcalls.cpp(586):
dd149677-3d47-4e05-a55f-4e75b13a441f: Процесс завершается. Исходящий вызов запрещен.'
00:08.816000-0,EXCP,0,process=rphost,OSThread=4996,Exception=dd149677-3d47-4e05-a55f-4e75b13a441f,Descr='src\rserver\src\rmngrcalls.cpp(586):
dd149677-3d47-4e05-a55f-4e75b13a441f: Процесс завершается. Исходящий вызов запрещен.'
00:08.816002-0,EXCP,1,process=rphost,p:processName=bi_bk3wk1_prod_01,OSThread=8536,t:clientID=473,t:applicationName=1CV8C,t:computerName=DC2RDSH08,t:connectID=1080,Exception=dd149677-3d47-4e05-a55f-4e75b13a441f,Descr='src\rserver\src\srvrinfobaseimpl.cpp(1227):
dd149677-3d47-4e05-a55f-4e75b13a441f: Процесс завершается. Исходящий вызов запрещен.'
00:08.816003-0,EXCP,0,process=rphost,OSThread=4996,Exception=dd149677-3d47-4e05-a55f-4e75b13a441f,Descr='src\rserver\src\rhostimpl.cpp(6261):
dd149677-3d47-4e05-a55f-4e75b13a441f: Процесс завершается. Исходящий вызов запрещен.'
00:08.816004-0,EXCP,0,process=rphost,OSThread=4996,Exception=dd149677-3d47-4e05-a55f-4e75b13a441f,Descr='src\rserver\src\rmngrcalls.cpp(739):
dd149677-3d47-4e05-a55f-4e75b13a441f: Процесс завершается. Исходящий вызов запрещен.'
00:08.816005-0,EXCP,1,process=rphost,p:processName=bi_bk3wk1_prod_01,OSThread=8536,t:clientID=473,t:applicationName=1CV8C,t:computerName=DC2RDSH08,t:connectID=1080,Exception=dd149677-3d47-4e05-a55f-4e75b13a441f,Descr='src\rserver\src\rmngrcalls.cpp(739):
dd149677-3d47-4e05-a55f-4e75b13a441f: Процесс завершается. Исходящий вызов запрещен.'
00:08.816006-0,EXCP,0,process=rphost,OSThread=4996,Exception=dd149677-3d47-4e05-a55f-4e75b13a441f,Descr='src\rserver\src\rmngrcalls.cpp(739):
dd149677-3d47-4e05-a55f-4e75b13a441f: Процесс завершается. Исходящий вызов запрещен.'
00:08.816007-0,EXCP,0,process=rphost,OSThread=4996,Exception=96380a22-60f7-4a8b-8fca-1224e6bc518f,Descr='src\rserver\src\rmngrcalls.cpp(951):
96380a22-60f7-4a8b-8fca-1224e6bc518f: onFinishConnection'
00:08.816008-0,EXCP,1,process=rphost,p:processName=bi_bk3wk1_prod_01,OSThread=8536,t:clientID=473,t:applicationName=1CV8C,t:computerName=DC2RDSH08,t:connectID=1080,Exception=dd149677-3d47-4e05-a55f-4e75b13a441f,Descr='src\rserver\src\rmngrcalls.cpp(739):
dd149677-3d47-4e05-a55f-4e75b13a441f: Процесс завершается. Исходящий вызов запрещен.'
00:08.816009-0,EXCP,1,process=rphost,p:processName=bi_bk3wk1_prod_01,OSThread=8536,t:clientID=473,t:applicationName=1CV8C,t:computerName=DC2RDSH08,t:connectID=1080,Exception=96380a22-60f7-4a8b-8fca-1224e6bc518f,Descr='src\rserver\src\rmngrcalls.cpp(951):
96380a22-60f7-4a8b-8fca-1224e6bc518f: onFinishIBConnection'
00:08.816010-0,EXCP,1,process=rphost,p:processName=bi_bk3wk1_prod_01,OSThread=8536,t:clientID=473,t:applicationName=1CV8C,t:computerName=DC2RDSH08,t:connectID=1080,Exception=dd149677-3d47-4e05-a55f-4e75b13a441f,Descr='src\rserver\src\rmngrcalls.cpp(586):
dd149677-3d47-4e05-a55f-4e75b13a441f: Процесс завершается. Исходящий вызов запрещен.'
00:08.941000-0,EXCP,0,process=rphost,OSThread=5236,Exception=dd149677-3d47-4e05-a55f-4e75b13a441f,Descr='src\rserver\src\rmngrcalls.cpp(586):
dd149677-3d47-4e05-a55f-4e75b13a441f: Процесс завершается. Исходящий вызов запрещен.'
00:08.941001-0,EXCP,0,process=rphost,OSThread=6548,Exception=dd149677-3d47-4e05-a55f-4e75b13a441f,Descr='src\rserver\src\rmngrcalls.cpp(586):
dd149677-3d47-4e05-a55f-4e75b13a441f: Процесс завершается. Исходящий вызов запрещен.'
00:08.941002-0,EXCP,0,process=rphost,OSThread=6548,Exception=dd149677-3d47-4e05-a55f-4e75b13a441f,Descr='src\rserver\src\rhostimpl.cpp(5770):
dd149677-3d47-4e05-a55f-4e75b13a441f: Процесс завершается. Исходящий вызов запрещен.'
00:09.019000-0,EXCP,1,process=rphost,p:processName=bi_bk3wk1_prod_01,OSThread=8536,t:clientID=473,t:applicationName=1CV8C,t:computerName=DC2RDSH08,t:connectID=1080,Exception=dd149677-3d47-4e05-a55f-4e75b13a441f,Descr='src\rserver\src\rmngrcalls.cpp(586):
dd149677-3d47-4e05-a55f-4e75b13a441f: Процесс завершается. Исходящий вызов запрещен.'
00:09.019002-0,EXCP,0,process=rphost,OSThread=4996,Exception=dd149677-3d47-4e05-a55f-4e75b13a441f,Descr='src\rserver\src\rmngrcalls.cpp(586):
dd149677-3d47-4e05-a55f-4e75b13a441f: Процесс завершается. Исходящий вызов запрещен.'
00:09.144000-0,EXCP,0,process=rphost,OSThread=5236,Exception=dd149677-3d47-4e05-a55f-4e75b13a441f,Descr='src\rserver\src\rmngrcalls.cpp(586):
dd149677-3d47-4e05-a55f-4e75b13a441f: Процесс завершается. Исходящий вызов запрещен.'
00:09.144001-0,EXCP,0,process=rphost,OSThread=5236,Exception=dd149677-3d47-4e05-a55f-4e75b13a441f,Descr='src\rserver\src\clusterdistribimpl.cpp(2624):
dd149677-3d47-4e05-a55f-4e75b13a441f: Процесс завершается. Исходящий вызов запрещен.'
00:09.144002-0,EXCP,0,process=rphost,OSThread=5236,Exception=dd149677-3d47-4e05-a55f-4e75b13a441f,Descr='src\rserver\src\rmngrcalls.cpp(586):
dd149677-3d47-4e05-a55f-4e75b13a441f: Процесс завершается. Исходящий вызов запрещен.'
00:09.223000-0,EXCP,0,process=rphost,OSThread=4996,Exception=dd149677-3d47-4e05-a55f-4e75b13a441f,Descr='src\rserver\src\rmngrcalls.cpp(586):
dd149677-3d47-4e05-a55f-4e75b13a441f: Процесс завершается. Исходящий вызов запрещен.'
00:09.223001-0,EXCP,0,process=rphost,OSThread=4996,Exception=dd149677-3d47-4e05-a55f-4e75b13a441f,Descr='src\rserver\src\rhostimpl.cpp(6261):
dd149677-3d47-4e05-a55f-4e75b13a441f: Процесс завершается. Исходящий вызов запрещен.'
00:09.223002-0,EXCP,0,process=rphost,OSThread=4996,Exception=dd149677-3d47-4e05-a55f-4e75b13a441f,Descr='src\rserver\src\rmngrcalls.cpp(739):
dd149677-3d47-4e05-a55f-4e75b13a441f: Процесс завершается. Исходящий вызов запрещен.'
00:09.223003-0,EXCP,0,process=rphost,OSThread=4996,Exception=dd149677-3d47-4e05-a55f-4e75b13a441f,Descr='src\rserver\src\rmngrcalls.cpp(739):
dd149677-3d47-4e05-a55f-4e75b13a441f: Процесс завершается. Исходящий вызов запрещен.'
00:09.223004-0,EXCP,0,process=rphost,OSThread=4996,Exception=96380a22-60f7-4a8b-8fca-1224e6bc518f,Descr='src\rserver\src\rmngrcalls.cpp(951):
96380a22-60f7-4a8b-8fca-1224e6bc518f: onFinishConnection'
00:09.348000-0,EXCP,0,process=rphost,OSThread=5236,Exception=dd149677-3d47-4e05-a55f-4e75b13a441f,Descr='src\rserver\src\rmngrcalls.cpp(586):
dd149677-3d47-4e05-a55f-4e75b13a441f: Процесс завершается. Исходящий вызов запрещен.'
00:09.348001-0,EXCP,0,process=rphost,OSThread=5236,Exception=dd149677-3d47-4e05-a55f-4e75b13a441f,Descr='src\rserver\src\clusterdistribimpl.cpp(2624):
dd149677-3d47-4e05-a55f-4e75b13a441f: Процесс завершается. Исходящий вызов запрещен.'
00:09.348002-0,EXCP,0,process=rphost,OSThread=5236,Exception=dd149677-3d47-4e05-a55f-4e75b13a441f,Descr='src\rserver\src\rmngrcalls.cpp(586):
dd149677-3d47-4e05-a55f-4e75b13a441f: Процесс завершается. Исходящий вызов запрещен.'
00:09.551000-0,EXCP,0,process=rphost,OSThread=5236,Exception=dd149677-3d47-4e05-a55f-4e75b13a441f,Descr='src\rserver\src\rmngrcalls.cpp(586):
dd149677-3d47-4e05-a55f-4e75b13a441f: Процесс завершается. Исходящий вызов запрещен.'
00:09.551001-0,EXCP,0,process=rphost,OSThread=5236,Exception=dd149677-3d47-4e05-a55f-4e75b13a441f,Descr='src\rserver\src\clusterdistribimpl.cpp(2624):
dd149677-3d47-4e05-a55f-4e75b13a441f: Процесс завершается. Исходящий вызов запрещен.'
00:09.551002-0,EXCP,0,process=rphost,OSThread=5236,Exception=dd149677-3d47-4e05-a55f-4e75b13a441f,Descr='src\rserver\src\rmngrcalls.cpp(586):
dd149677-3d47-4e05-a55f-4e75b13a441f: Процесс завершается. Исходящий вызов запрещен.'
00:09.754000-0,EXCP,0,process=rphost,OSThread=5236,Exception=dd149677-3d47-4e05-a55f-4e75b13a441f,Descr='src\rserver\src\rmngrcalls.cpp(586):
dd149677-3d47-4e05-a55f-4e75b13a441f: Процесс завершается. Исходящий вызов запрещен.'
00:09.754001-0,EXCP,0,process=rphost,OSThread=5236,Exception=dd149677-3d47-4e05-a55f-4e75b13a441f,Descr='src\rserver\src\clusterdistribimpl.cpp(2624):
dd149677-3d47-4e05-a55f-4e75b13a441f: Процесс завершается. Исходящий вызов запрещен.'
00:09.754002-0,EXCP,0,process=rphost,OSThread=5236,Exception=dd149677-3d47-4e05-a55f-4e75b13a441f,Descr='src\rserver\src\rmngrcalls.cpp(586):
dd149677-3d47-4e05-a55f-4e75b13a441f: Процесс завершается. Исходящий вызов запрещен.'
00:09.957001-0,EXCP,0,process=rphost,OSThread=5236,Exception=dd149677-3d47-4e05-a55f-4e75b13a441f,Descr='src\rserver\src\rmngrcalls.cpp(586):
dd149677-3d47-4e05-a55f-4e75b13a441f: Процесс завершается. Исходящий вызов запрещен.'
00:09.957002-0,EXCP,0,process=rphost,OSThread=5236,Exception=dd149677-3d47-4e05-a55f-4e75b13a441f,Descr='src\rserver\src\clusterdistribimpl.cpp(2624):
dd149677-3d47-4e05-a55f-4e75b13a441f: Процесс завершается. Исходящий вызов запрещен.'
00:09.957003-0,EXCP,0,process=rphost,OSThread=5236,Exception=dd149677-3d47-4e05-a55f-4e75b13a441f,Descr='src\rserver\src\rmngrcalls.cpp(586):
dd149677-3d47-4e05-a55f-4e75b13a441f: Процесс завершается. Исходящий вызов запрещен.'
00:10.160000-0,EXCP,0,process=rphost,OSThread=5236,Exception=dd149677-3d47-4e05-a55f-4e75b13a441f,Descr='src\rserver\src\rmngrcalls.cpp(586):
dd149677-3d47-4e05-a55f-4e75b13a441f: Процесс завершается. Исходящий вызов запрещен.'
00:10.160001-0,EXCP,0,process=rphost,OSThread=5236,Exception=dd149677-3d47-4e05-a55f-4e75b13a441f,Descr='src\rserver\src\clusterdistribimpl.cpp(2624):
dd149677-3d47-4e05-a55f-4e75b13a441f: Процесс завершается. Исходящий вызов запрещен.'
00:10.160002-0,EXCP,0,process=rphost,OSThread=5236,Exception=dd149677-3d47-4e05-a55f-4e75b13a441f,Descr='src\rserver\src\rmngrcalls.cpp(586):
dd149677-3d47-4e05-a55f-4e75b13a441f: Процесс завершается. Исходящий вызов запрещен.'
00:10.363000-0,EXCP,0,process=rphost,OSThread=5236,Exception=dd149677-3d47-4e05-a55f-4e75b13a441f,Descr='src\rserver\src\rmngrcalls.cpp(586):
dd149677-3d47-4e05-a55f-4e75b13a441f: Процесс завершается. Исходящий вызов запрещен.'
00:10.363001-0,EXCP,0,process=rphost,OSThread=5236,Exception=dd149677-3d47-4e05-a55f-4e75b13a441f,Descr='src\rserver\src\clusterdistribimpl.cpp(2624):
dd149677-3d47-4e05-a55f-4e75b13a441f: Процесс завершается. Исходящий вызов запрещен.'
00:10.363002-0,EXCP,0,process=rphost,OSThread=5236,Exception=dd149677-3d47-4e05-a55f-4e75b13a441f,Descr='src\rserver\src\rmngrcalls.cpp(586):
dd149677-3d47-4e05-a55f-4e75b13a441f: Процесс завершается. Исходящий вызов запрещен.'
00:10.566000-0,EXCP,0,process=rphost,OSThread=5236,Exception=dd149677-3d47-4e05-a55f-4e75b13a441f,Descr='src\rserver\src\rmngrcalls.cpp(586):
dd149677-3d47-4e05-a55f-4e75b13a441f: Процесс завершается. Исходящий вызов запрещен.'
00:10.566001-0,EXCP,0,process=rphost,OSThread=5236,Exception=dd149677-3d47-4e05-a55f-4e75b13a441f,Descr='src\rserver\src\clusterdistribimpl.cpp(2624):
dd149677-3d47-4e05-a55f-4e75b13a441f: Процесс завершается. Исходящий вызов запрещен.'
00:10.566002-0,EXCP,0,process=rphost,OSThread=5236,Exception=dd149677-3d47-4e05-a55f-4e75b13a441f,Descr='src\rserver\src\rmngrcalls.cpp(586):
dd149677-3d47-4e05-a55f-4e75b13a441f: Процесс завершается. Исходящий вызов запрещен.'
00:10.769000-0,EXCP,0,process=rphost,OSThread=5236,Exception=dd149677-3d47-4e05-a55f-4e75b13a441f,Descr='src\rserver\src\rmngrcalls.cpp(586):
dd149677-3d47-4e05-a55f-4e75b13a441f: Процесс завершается. Исходящий вызов запрещен.'
00:10.769001-0,EXCP,0,process=rphost,OSThread=5236,Exception=dd149677-3d47-4e05-a55f-4e75b13a441f,Descr='src\rserver\src\clusterdistribimpl.cpp(2624):
dd149677-3d47-4e05-a55f-4e75b13a441f: Процесс завершается. Исходящий вызов запрещен.'
00:10.769002-0,EXCP,0,process=rphost,OSThread=5236,Exception=dd149677-3d47-4e05-a55f-4e75b13a441f,Descr='src\rserver\src\rmngrcalls.cpp(586):
dd149677-3d47-4e05-a55f-4e75b13a441f: Процесс завершается. Исходящий вызов запрещен.'
00:10.973000-0,EXCP,0,process=rphost,OSThread=5236,Exception=dd149677-3d47-4e05-a55f-4e75b13a441f,Descr='src\rserver\src\rmngrcalls.cpp(586):
dd149677-3d47-4e05-a55f-4e75b13a441f: Процесс завершается. Исходящий вызов запрещен.'
00:10.973001-0,EXCP,0,process=rphost,OSThread=5236,Exception=dd149677-3d47-4e05-a55f-4e75b13a441f,Descr='src\rserver\src\clusterdistribimpl.cpp(2624):
dd149677-3d47-4e05-a55f-4e75b13a441f: Процесс завершается. Исходящий вызов запрещен.'
00:10.973002-0,EXCP,0,process=rphost,OSThread=5236,Exception=dd149677-3d47-4e05-a55f-4e75b13a441f,Descr='src\rserver\src\rmngrcalls.cpp(586):
dd149677-3d47-4e05-a55f-4e75b13a441f: Процесс завершается. Исходящий вызов запрещен.'
00:11.176000-0,EXCP,0,process=rphost,OSThread=5236,Exception=dd149677-3d47-4e05-a55f-4e75b13a441f,Descr='src\rserver\src\rmngrcalls.cpp(586):
dd149677-3d47-4e05-a55f-4e75b13a441f: Процесс завершается. Исходящий вызов запрещен.'
00:11.176001-0,EXCP,0,process=rphost,OSThread=5236,Exception=dd149677-3d47-4e05-a55f-4e75b13a441f,Descr='src\rserver\src\clusterdistribimpl.cpp(2624):
dd149677-3d47-4e05-a55f-4e75b13a441f: Процесс завершается. Исходящий вызов запрещен.'
00:11.176002-0,EXCP,0,process=rphost,OSThread=5236,Exception=dd149677-3d47-4e05-a55f-4e75b13a441f,Descr='src\rserver\src\rmngrcalls.cpp(586):
dd149677-3d47-4e05-a55f-4e75b13a441f: Процесс завершается. Исходящий вызов запрещен.'
00:11.379000-0,EXCP,0,process=rphost,OSThread=5236,Exception=dd149677-3d47-4e05-a55f-4e75b13a441f,Descr='src\rserver\src\rmngrcalls.cpp(586):
dd149677-3d47-4e05-a55f-4e75b13a441f: Процесс завершается. Исходящий вызов запрещен.'
00:11.379001-0,EXCP,0,process=rphost,OSThread=5236,Exception=dd149677-3d47-4e05-a55f-4e75b13a441f,Descr='src\rserver\src\clusterdistribimpl.cpp(2624):
dd149677-3d47-4e05-a55f-4e75b13a441f: Процесс завершается. Исходящий вызов запрещен.'
00:11.379002-0,EXCP,0,process=rphost,OSThread=5236,Exception=dd149677-3d47-4e05-a55f-4e75b13a441f,Descr='src\rserver\src\rmngrcalls.cpp(586):
dd149677-3d47-4e05-a55f-4e75b13a441f: Процесс завершается. Исходящий вызов запрещен.'
00:11.582001-0,EXCP,0,process=rphost,OSThread=5236,Exception=dd149677-3d47-4e05-a55f-4e75b13a441f,Descr='src\rserver\src\rmngrcalls.cpp(586):
dd149677-3d47-4e05-a55f-4e75b13a441f: Процесс завершается. Исходящий вызов запрещен.'
00:11.582002-0,EXCP,0,process=rphost,OSThread=5236,Exception=dd149677-3d47-4e05-a55f-4e75b13a441f,Descr='src\rserver\src\clusterdistribimpl.cpp(2624):
dd149677-3d47-4e05-a55f-4e75b13a441f: Процесс завершается. Исходящий вызов запрещен.'
00:11.582003-0,EXCP,0,process=rphost,OSThread=5236,Exception=dd149677-3d47-4e05-a55f-4e75b13a441f,Descr='src\rserver\src\rmngrcalls.cpp(586):
dd149677-3d47-4e05-a55f-4e75b13a441f: Процесс завершается. Исходящий вызов запрещен.'
00:11.785000-0,EXCP,0,process=rphost,OSThread=5236,Exception=dd149677-3d47-4e05-a55f-4e75b13a441f,Descr='src\rserver\src\rmngrcalls.cpp(586):
dd149677-3d47-4e05-a55f-4e75b13a441f: Процесс завершается. Исходящий вызов запрещен.'
00:11.785001-0,EXCP,0,process=rphost,OSThread=5236,Exception=dd149677-3d47-4e05-a55f-4e75b13a441f,Descr='src\rserver\src\clusterdistribimpl.cpp(2624):
dd149677-3d47-4e05-a55f-4e75b13a441f: Процесс завершается. Исходящий вызов запрещен.'
00:11.785002-0,EXCP,0,process=rphost,OSThread=5236,Exception=dd149677-3d47-4e05-a55f-4e75b13a441f,Descr='src\rserver\src\rmngrcalls.cpp(586):
dd149677-3d47-4e05-a55f-4e75b13a441f: Процесс завершается. Исходящий вызов запрещен.'
00:11.988000-0,EXCP,0,process=rphost,OSThread=5236,Exception=dd149677-3d47-4e05-a55f-4e75b13a441f,Descr='src\rserver\src\rmngrcalls.cpp(586):
dd149677-3d47-4e05-a55f-4e75b13a441f: Процесс завершается. Исходящий вызов запрещен.'
00:11.988001-0,EXCP,0,process=rphost,OSThread=5236,Exception=dd149677-3d47-4e05-a55f-4e75b13a441f,Descr='src\rserver\src\clusterdistribimpl.cpp(2624):
dd149677-3d47-4e05-a55f-4e75b13a441f: Процесс завершается. Исходящий вызов запрещен.'
00:11.988002-0,EXCP,0,process=rphost,OSThread=5236,Exception=dd149677-3d47-4e05-a55f-4e75b13a441f,Descr='src\rserver\src\rmngrcalls.cpp(586):
dd149677-3d47-4e05-a55f-4e75b13a441f: Процесс завершается. Исходящий вызов запрещен.'
00:12.191000-0,EXCP,0,process=rphost,OSThread=5236,Exception=dd149677-3d47-4e05-a55f-4e75b13a441f,Descr='src\rserver\src\rmngrcalls.cpp(586):
dd149677-3d47-4e05-a55f-4e75b13a441f: Процесс завершается. Исходящий вызов запрещен.'
00:12.191001-0,EXCP,0,process=rphost,OSThread=5236,Exception=dd149677-3d47-4e05-a55f-4e75b13a441f,Descr='src\rserver\src\clusterdistribimpl.cpp(2624):
dd149677-3d47-4e05-a55f-4e75b13a441f: Процесс завершается. Исходящий вызов запрещен.'
00:12.191002-0,EXCP,0,process=rphost,OSThread=5236,Exception=dd149677-3d47-4e05-a55f-4e75b13a441f,Descr='src\rserver\src\rmngrcalls.cpp(586):
dd149677-3d47-4e05-a55f-4e75b13a441f: Процесс завершается. Исходящий вызов запрещен.'
00:12.394000-0,EXCP,0,process=rphost,OSThread=5236,Exception=dd149677-3d47-4e05-a55f-4e75b13a441f,Descr='src\rserver\src\rmngrcalls.cpp(586):
dd149677-3d47-4e05-a55f-4e75b13a441f: Процесс завершается. Исходящий вызов запрещен.'
00:12.394001-0,EXCP,0,process=rphost,OSThread=5236,Exception=dd149677-3d47-4e05-a55f-4e75b13a441f,Descr='src\rserver\src\clusterdistribimpl.cpp(2624):
dd149677-3d47-4e05-a55f-4e75b13a441f: Процесс завершается. Исходящий вызов запрещен.'
00:12.394002-0,EXCP,0,process=rphost,OSThread=5236,Exception=dd149677-3d47-4e05-a55f-4e75b13a441f,Descr='src\rserver\src\rmngrcalls.cpp(586):
dd149677-3d47-4e05-a55f-4e75b13a441f: Процесс завершается. Исходящий вызов запрещен.'
00:12.598000-0,EXCP,0,process=rphost,OSThread=5236,Exception=dd149677-3d47-4e05-a55f-4e75b13a441f,Descr='src\rserver\src\rmngrcalls.cpp(586):
dd149677-3d47-4e05-a55f-4e75b13a441f: Процесс завершается. Исходящий вызов запрещен.'
00:12.598001-0,EXCP,0,process=rphost,OSThread=5236,Exception=dd149677-3d47-4e05-a55f-4e75b13a441f,Descr='src\rserver\src\clusterdistribimpl.cpp(2624):
dd149677-3d47-4e05-a55f-4e75b13a441f: Процесс завершается. Исходящий вызов запрещен.'
00:12.598002-0,EXCP,0,process=rphost,OSThread=5236,Exception=dd149677-3d47-4e05-a55f-4e75b13a441f,Descr='src\rserver\src\rmngrcalls.cpp(586):
dd149677-3d47-4e05-a55f-4e75b13a441f: Процесс завершается. Исходящий вызов запрещен.'
00:12.801000-0,EXCP,0,process=rphost,OSThread=5236,Exception=dd149677-3d47-4e05-a55f-4e75b13a441f,Descr='src\rserver\src\rmngrcalls.cpp(586):
dd149677-3d47-4e05-a55f-4e75b13a441f: Процесс завершается. Исходящий вызов запрещен.'
00:12.801001-0,EXCP,0,process=rphost,OSThread=5236,Exception=dd149677-3d47-4e05-a55f-4e75b13a441f,Descr='src\rserver\src\clusterdistribimpl.cpp(2624):
dd149677-3d47-4e05-a55f-4e75b13a441f: Процесс завершается. Исходящий вызов запрещен.'
00:12.801002-0,EXCP,0,process=rphost,OSThread=5236,Exception=dd149677-3d47-4e05-a55f-4e75b13a441f,Descr='src\rserver\src\rmngrcalls.cpp(586):
dd149677-3d47-4e05-a55f-4e75b13a441f: Процесс завершается. Исходящий вызов запрещен.'
00:13.004000-0,EXCP,0,process=rphost,OSThread=5236,Exception=dd149677-3d47-4e05-a55f-4e75b13a441f,Descr='src\rserver\src\rmngrcalls.cpp(586):
dd149677-3d47-4e05-a55f-4e75b13a441f: Процесс завершается. Исходящий вызов запрещен.'
00:13.004001-0,EXCP,0,process=rphost,OSThread=5236,Exception=dd149677-3d47-4e05-a55f-4e75b13a441f,Descr='src\rserver\src\clusterdistribimpl.cpp(2624):
dd149677-3d47-4e05-a55f-4e75b13a441f: Процесс завершается. Исходящий вызов запрещен.'
00:13.004002-0,EXCP,0,process=rphost,OSThread=5236,Exception=dd149677-3d47-4e05-a55f-4e75b13a441f,Descr='src\rserver\src\rmngrcalls.cpp(586):
dd149677-3d47-4e05-a55f-4e75b13a441f: Процесс завершается. Исходящий вызов запрещен.'
00:13.207001-0,EXCP,0,process=rphost,OSThread=5236,Exception=dd149677-3d47-4e05-a55f-4e75b13a441f,Descr='src\rserver\src\rmngrcalls.cpp(586):
dd149677-3d47-4e05-a55f-4e75b13a441f: Процесс завершается. Исходящий вызов запрещен.'
00:13.207002-0,EXCP,0,process=rphost,OSThread=5236,Exception=dd149677-3d47-4e05-a55f-4e75b13a441f,Descr='src\rserver\src\clusterdistribimpl.cpp(2624):
dd149677-3d47-4e05-a55f-4e75b13a441f: Процесс завершается. Исходящий вызов запрещен.'
00:13.207003-0,EXCP,0,process=rphost,OSThread=5236,Exception=dd149677-3d47-4e05-a55f-4e75b13a441f,Descr='src\rserver\src\rmngrcalls.cpp(586):
dd149677-3d47-4e05-a55f-4e75b13a441f: Процесс завершается. Исходящий вызов запрещен.'
00:13.348000-0,EXCP,1,process=rphost,p:processName=bi_bk3wk1_prod_01,OSThread=8536,t:clientID=1687,t:applicationName=1CV8C,t:computerName=DC1RDSH04,t:connectID=4201,Exception=dd149677-3d47-4e05-a55f-4e75b13a441f,Descr='src\rserver\src\rmngrcalls.cpp(586):
dd149677-3d47-4e05-a55f-4e75b13a441f: Процесс завершается. Исходящий вызов запрещен.'
00:13.410000-0,EXCP,0,process=rphost,OSThread=5236,Exception=dd149677-3d47-4e05-a55f-4e75b13a441f,Descr='src\rserver\src\rmngrcalls.cpp(586):
dd149677-3d47-4e05-a55f-4e75b13a441f: Процесс завершается. Исходящий вызов запрещен.'
00:13.410001-0,EXCP,0,process=rphost,OSThread=5236,Exception=dd149677-3d47-4e05-a55f-4e75b13a441f,Descr='src\rserver\src\clusterdistribimpl.cpp(2624):
dd149677-3d47-4e05-a55f-4e75b13a441f: Процесс завершается. Исходящий вызов запрещен.'
00:13.410002-0,EXCP,0,process=rphost,OSThread=5236,Exception=dd149677-3d47-4e05-a55f-4e75b13a441f,Descr='src\rserver\src\rmngrcalls.cpp(586):
dd149677-3d47-4e05-a55f-4e75b13a441f: Процесс завершается. Исходящий вызов запрещен.'
00:13.551000-0,EXCP,1,process=rphost,p:processName=bi_bk3wk1_prod_01,OSThread=8536,t:clientID=1687,t:applicationName=1CV8C,t:computerName=DC1RDSH04,t:connectID=4201,Exception=dd149677-3d47-4e05-a55f-4e75b13a441f,Descr='src\rserver\src\rmngrcalls.cpp(586):
dd149677-3d47-4e05-a55f-4e75b13a441f: Процесс завершается. Исходящий вызов запрещен.'
00:13.551001-0,EXCP,1,process=rphost,p:processName=bi_bk3wk1_prod_01,OSThread=8536,t:clientID=1687,t:applicationName=1CV8C,t:computerName=DC1RDSH04,t:connectID=4201,Exception=dd149677-3d47-4e05-a55f-4e75b13a441f,Descr='src\rserver\src\srvrinfobaseimpl.cpp(1227):
dd149677-3d47-4e05-a55f-4e75b13a441f: Процесс завершается. Исходящий вызов запрещен.'
00:13.566005-0,EXCP,1,process=rphost,p:processName=bi_bk3wk1_prod_01,OSThread=8536,t:clientID=1687,t:applicationName=1CV8C,t:computerName=DC1RDSH04,t:connectID=4201,Exception=dd149677-3d47-4e05-a55f-4e75b13a441f,Descr='src\rserver\src\rmngrcalls.cpp(739):
dd149677-3d47-4e05-a55f-4e75b13a441f: Процесс завершается. Исходящий вызов запрещен.'
00:13.566006-0,EXCP,1,process=rphost,p:processName=bi_bk3wk1_prod_01,OSThread=8536,t:clientID=1687,t:applicationName=1CV8C,t:computerName=DC1RDSH04,t:connectID=4201,Exception=dd149677-3d47-4e05-a55f-4e75b13a441f,Descr='src\rserver\src\rmngrcalls.cpp(739):
dd149677-3d47-4e05-a55f-4e75b13a441f: Процесс завершается. Исходящий вызов запрещен.'
00:13.566007-0,EXCP,1,process=rphost,p:processName=bi_bk3wk1_prod_01,OSThread=8536,t:clientID=1687,t:applicationName=1CV8C,t:computerName=DC1RDSH04,t:connectID=4201,Exception=96380a22-60f7-4a8b-8fca-1224e6bc518f,Descr='src\rserver\src\rmngrcalls.cpp(951):
96380a22-60f7-4a8b-8fca-1224e6bc518f: onFinishIBConnection'
00:13.613000-0,EXCP,0,process=rphost,OSThread=5236,Exception=dd149677-3d47-4e05-a55f-4e75b13a441f,Descr='src\rserver\src\rmngrcalls.cpp(586):
dd149677-3d47-4e05-a55f-4e75b13a441f: Процесс завершается. Исходящий вызов запрещен.'
00:13.613001-0,EXCP,0,process=rphost,OSThread=5236,Exception=dd149677-3d47-4e05-a55f-4e75b13a441f,Descr='src\rserver\src\clusterdistribimpl.cpp(2624):
dd149677-3d47-4e05-a55f-4e75b13a441f: Процесс завершается. Исходящий вызов запрещен.'
00:13.613002-0,EXCP,0,process=rphost,OSThread=5236,Exception=dd149677-3d47-4e05-a55f-4e75b13a441f,Descr='src\rserver\src\rmngrcalls.cpp(586):
dd149677-3d47-4e05-a55f-4e75b13a441f: Процесс завершается. Исходящий вызов запрещен.'
00:13.754000-0,EXCP,1,process=rphost,p:processName=bi_bk3wk1_prod_01,OSThread=8536,t:clientID=1687,t:applicationName=1CV8C,t:computerName=DC1RDSH04,t:connectID=4201,Exception=dd149677-3d47-4e05-a55f-4e75b13a441f,Descr='src\rserver\src\rmngrcalls.cpp(586):
dd149677-3d47-4e05-a55f-4e75b13a441f: Процесс завершается. Исходящий вызов запрещен.'
00:13.816000-0,EXCP,0,process=rphost,OSThread=5236,Exception=dd149677-3d47-4e05-a55f-4e75b13a441f,Descr='src\rserver\src\rmngrcalls.cpp(586):
dd149677-3d47-4e05-a55f-4e75b13a441f: Процесс завершается. Исходящий вызов запрещен.'
00:13.816001-0,EXCP,0,process=rphost,OSThread=5236,Exception=dd149677-3d47-4e05-a55f-4e75b13a441f,Descr='src\rserver\src\clusterdistribimpl.cpp(2624):
dd149677-3d47-4e05-a55f-4e75b13a441f: Процесс завершается. Исходящий вызов запрещен.'
00:13.816002-0,EXCP,0,process=rphost,OSThread=5236,Exception=dd149677-3d47-4e05-a55f-4e75b13a441f,Descr='src\rserver\src\rmngrcalls.cpp(586):
dd149677-3d47-4e05-a55f-4e75b13a441f: Процесс завершается. Исходящий вызов запрещен.'
00:13.957000-0,EXCP,1,process=rphost,p:processName=bi_bk3wk1_prod_01,OSThread=8536,t:clientID=1687,t:applicationName=1CV8C,t:computerName=DC1RDSH04,t:connectID=4201,Exception=dd149677-3d47-4e05-a55f-4e75b13a441f,Descr='src\rserver\src\rmngrcalls.cpp(586):
dd149677-3d47-4e05-a55f-4e75b13a441f: Процесс завершается. Исходящий вызов запрещен.'
00:13.957001-0,EXCP,1,process=rphost,p:processName=bi_bk3wk1_prod_01,OSThread=8536,t:clientID=1687,t:applicationName=1CV8C,t:computerName=DC1RDSH04,t:connectID=4201,Exception=dd149677-3d47-4e05-a55f-4e75b13a441f,Descr='src\rserver\src\clusterfilehostsimpl.cpp(1082):
dd149677-3d47-4e05-a55f-4e75b13a441f: Процесс завершается. Исходящий вызов запрещен.'
00:13.957002-0,EXCP,1,process=rphost,p:processName=bi_bk3wk1_prod_01,OSThread=8536,t:clientID=1687,t:applicationName=1CV8C,t:computerName=DC1RDSH04,t:connectID=4201,Exception=dd149677-3d47-4e05-a55f-4e75b13a441f,Descr='src\rserver\src\rmngrcalls.cpp(586):
dd149677-3d47-4e05-a55f-4e75b13a441f: Процесс завершается. Исходящий вызов запрещен.'
00:14.019000-0,EXCP,0,process=rphost,OSThread=5236,Exception=dd149677-3d47-4e05-a55f-4e75b13a441f,Descr='src\rserver\src\rmngrcalls.cpp(586):
dd149677-3d47-4e05-a55f-4e75b13a441f: Процесс завершается. Исходящий вызов запрещен.'
00:14.019001-0,EXCP,0,process=rphost,OSThread=5236,Exception=dd149677-3d47-4e05-a55f-4e75b13a441f,Descr='src\rserver\src\clusterdistribimpl.cpp(2624):
dd149677-3d47-4e05-a55f-4e75b13a441f: Процесс завершается. Исходящий вызов запрещен.'
00:14.019002-0,EXCP,0,process=rphost,OSThread=5236,Exception=dd149677-3d47-4e05-a55f-4e75b13a441f,Descr='src\rserver\src\rmngrcalls.cpp(586):
dd149677-3d47-4e05-a55f-4e75b13a441f: Процесс завершается. Исходящий вызов запрещен.'
00:14.160000-0,EXCP,1,process=rphost,p:processName=bi_bk3wk1_prod_01,OSThread=8536,t:clientID=1687,t:applicationName=1CV8C,t:computerName=DC1RDSH04,t:connectID=4201,Exception=dd149677-3d47-4e05-a55f-4e75b13a441f,Descr='src\rserver\src\rmngrcalls.cpp(586):
dd149677-3d47-4e05-a55f-4e75b13a441f: Процесс завершается. Исходящий вызов запрещен.'
00:14.160003-0,EXCP,0,process=rphost,OSThread=4996,Exception=dd149677-3d47-4e05-a55f-4e75b13a441f,Descr='src\rserver\src\rmngrcalls.cpp(586):
dd149677-3d47-4e05-a55f-4e75b13a441f: Процесс завершается. Исходящий вызов запрещен.'
00:14.223000-0,EXCP,0,process=rphost,OSThread=5236,Exception=dd149677-3d47-4e05-a55f-4e75b13a441f,Descr='src\rserver\src\rmngrcalls.cpp(586):
dd149677-3d47-4e05-a55f-4e75b13a441f: Процесс завершается. Исходящий вызов запрещен.'
00:14.223001-0,EXCP,0,process=rphost,OSThread=5236,Exception=dd149677-3d47-4e05-a55f-4e75b13a441f,Descr='src\rserver\src\clusterdistribimpl.cpp(2624):
dd149677-3d47-4e05-a55f-4e75b13a441f: Процесс завершается. Исходящий вызов запрещен.'
00:14.223002-0,EXCP,0,process=rphost,OSThread=5236,Exception=dd149677-3d47-4e05-a55f-4e75b13a441f,Descr='src\rserver\src\rmngrcalls.cpp(586):
dd149677-3d47-4e05-a55f-4e75b13a441f: Процесс завершается. Исходящий вызов запрещен.'
00:14.363000-0,EXCP,0,process=rphost,OSThread=4996,Exception=dd149677-3d47-4e05-a55f-4e75b13a441f,Descr='src\rserver\src\rmngrcalls.cpp(586):
dd149677-3d47-4e05-a55f-4e75b13a441f: Процесс завершается. Исходящий вызов запрещен.'
00:14.363001-0,EXCP,0,process=rphost,OSThread=4996,Exception=dd149677-3d47-4e05-a55f-4e75b13a441f,Descr='src\rserver\src\rhostimpl.cpp(6261):
dd149677-3d47-4e05-a55f-4e75b13a441f: Процесс завершается. Исходящий вызов запрещен.'
00:14.363002-0,EXCP,0,process=rphost,OSThread=4996,Exception=dd149677-3d47-4e05-a55f-4e75b13a441f,Descr='src\rserver\src\rmngrcalls.cpp(739):
dd149677-3d47-4e05-a55f-4e75b13a441f: Процесс завершается. Исходящий вызов запрещен.'
00:14.363003-0,EXCP,0,process=rphost,OSThread=4996,Exception=dd149677-3d47-4e05-a55f-4e75b13a441f,Descr='src\rserver\src\rmngrcalls.cpp(739):
dd149677-3d47-4e05-a55f-4e75b13a441f: Процесс завершается. Исходящий вызов запрещен.'
00:14.363004-0,EXCP,0,process=rphost,OSThread=4996,Exception=96380a22-60f7-4a8b-8fca-1224e6bc518f,Descr='src\rserver\src\rmngrcalls.cpp(951):
96380a22-60f7-4a8b-8fca-1224e6bc518f: onFinishConnection'
00:14.363005-0,EXCP,0,process=rphost,OSThread=4996,Exception=dd149677-3d47-4e05-a55f-4e75b13a441f,Descr='src\rserver\src\rmngrcalls.cpp(586):
dd149677-3d47-4e05-a55f-4e75b13a441f: Процесс завершается. Исходящий вызов запрещен.'
00:14.426000-0,EXCP,0,process=rphost,OSThread=5236,Exception=dd149677-3d47-4e05-a55f-4e75b13a441f,Descr='src\rserver\src\rmngrcalls.cpp(586):
dd149677-3d47-4e05-a55f-4e75b13a441f: Процесс завершается. Исходящий вызов запрещен.'
00:14.426001-0,EXCP,0,process=rphost,OSThread=5236,Exception=dd149677-3d47-4e05-a55f-4e75b13a441f,Descr='src\rserver\src\clusterdistribimpl.cpp(2624):
dd149677-3d47-4e05-a55f-4e75b13a441f: Процесс завершается. Исходящий вызов запрещен.'
00:14.582001-0,EXCP,0,process=rphost,OSThread=8576,Exception=dd149677-3d47-4e05-a55f-4e75b13a441f,Descr='src\rtrsrvc\src\remoteinterfaceimpl.cpp(736):
dd149677-3d47-4e05-a55f-4e75b13a441f: Процесс завершается. Исходящий вызов запрещен.'
00:14.629000-0,EXCP,0,process=rphost,OSThread=4996,Exception=dd149677-3d47-4e05-a55f-4e75b13a441f,Descr='src\rserver\src\rmngrcalls.cpp(586):
dd149677-3d47-4e05-a55f-4e75b13a441f: Процесс завершается. Исходящий вызов запрещен.'
00:14.629001-0,EXCP,0,process=rphost,OSThread=4996,Exception=dd149677-3d47-4e05-a55f-4e75b13a441f,Descr='src\rserver\src\rhostimpl.cpp(6261):
dd149677-3d47-4e05-a55f-4e75b13a441f: Процесс завершается. Исходящий вызов запрещен.'
00:14.629002-0,EXCP,0,process=rphost,OSThread=4996,Exception=dd149677-3d47-4e05-a55f-4e75b13a441f,Descr='src\rserver\src\rmngrcalls.cpp(739):
dd149677-3d47-4e05-a55f-4e75b13a441f: Процесс завершается. Исходящий вызов запрещен.'
00:14.629003-0,EXCP,0,process=rphost,OSThread=4996,Exception=dd149677-3d47-4e05-a55f-4e75b13a441f,Descr='src\rserver\src\rmngrcalls.cpp(739):
dd149677-3d47-4e05-a55f-4e75b13a441f: Процесс завершается. Исходящий вызов запрещен.'
00:14.629004-0,EXCP,0,process=rphost,OSThread=4996,Exception=96380a22-60f7-4a8b-8fca-1224e6bc518f,Descr='src\rserver\src\rmngrcalls.cpp(951):
96380a22-60f7-4a8b-8fca-1224e6bc518f: onFinishConnection'
00:14.738001-0,PROC,1,process=rphost,OSThread=8536,Err=0,Txt=1C:Enterprise 8.3 (x86-64) (8.3.14.1694) Working Process finished.
