04:20.219003-0,PROC,1,process=rphost,OSThread=6380,Err=0,Txt=1C:Enterprise 8.3 (x86-64) (8.3.14.1694) Working Process started. Ctrl+C to exit.
04:25.157012-0,EXCP,3,process=rphost,p:processName=bi_bk3wk1_prod_01,OSThread=3468,t:clientID=10,t:applicationName=BackgroundJob,t:computerName=DC2BUHAPP11,Exception=8f8dade6-0d65-407c-8c6f-d8fda540435e,Descr='src\rserver\src\serverjobexecutor.cpp(1015):
8f8dade6-0d65-407c-8c6f-d8fda540435e: Задание отменено пользователем '
04:36.563000-0,EXCP,0,process=rphost,OSThread=7800,ClientID=4,Exception=NetDataExchangeException,Descr='server_addr=(2)10.224.32.240:58193 descr=2(0x00000002): Не удается найти указанный файл.  line=1149 file=d:\jenkins\ci_builder2\windowsbuild2\platform\src\rtrsrvc\src\dataexchangeserverimpl.cpp'
04:36.563001-0,EXCPCNTX,0,ClientComputerName=,ServerComputerName=,UserName=,ConnectString=
04:37.188000-0,EXCP,0,process=rphost,OSThread=7800,ClientID=5,Exception=NetDataExchangeException,Descr='server_addr=(2)10.3.172.8:53317 descr=2(0x00000002): Не удается найти указанный файл.  line=1149 file=d:\jenkins\ci_builder2\windowsbuild2\platform\src\rtrsrvc\src\dataexchangeserverimpl.cpp'
04:37.188001-0,EXCPCNTX,0,ClientComputerName=,ServerComputerName=,UserName=,ConnectString=
04:37.422001-0,EXCP,0,process=rphost,OSThread=7800,ClientID=6,Exception=NetDataExchangeException,Descr='server_addr=(2)10.3.172.26:53815 descr=2(0x00000002): Не удается найти указанный файл.  line=1149 file=d:\jenkins\ci_builder2\windowsbuild2\platform\src\rtrsrvc\src\dataexchangeserverimpl.cpp'
04:37.422002-0,EXCPCNTX,0,ClientComputerName=,ServerComputerName=,UserName=,ConnectString=
04:44.547000-0,EXCP,0,process=rphost,OSThread=7800,ClientID=12,Exception=NetDataExchangeException,Descr='server_addr=(2)10.225.32.125:64231 descr=2(0x00000002): Не удается найти указанный файл.  line=1149 file=d:\jenkins\ci_builder2\windowsbuild2\platform\src\rtrsrvc\src\dataexchangeserverimpl.cpp'
04:44.547001-0,EXCPCNTX,0,ClientComputerName=,ServerComputerName=,UserName=,ConnectString=
04:44.922000-0,EXCP,0,process=rphost,OSThread=2164,ClientID=13,Exception=NetDataExchangeException,Descr='server_addr=(2)10.224.32.214:62187 descr=2(0x00000002): Не удается найти указанный файл.  line=1149 file=d:\jenkins\ci_builder2\windowsbuild2\platform\src\rtrsrvc\src\dataexchangeserverimpl.cpp'
04:44.922001-0,EXCPCNTX,0,ClientComputerName=,ServerComputerName=,UserName=,ConnectString=
04:45.469000-0,EXCP,0,process=rphost,OSThread=8476,ClientID=14,Exception=NetDataExchangeException,Descr='server_addr=(2)10.224.32.249:59572 descr=2(0x00000002): Не удается найти указанный файл.  line=1149 file=d:\jenkins\ci_builder2\windowsbuild2\platform\src\rtrsrvc\src\dataexchangeserverimpl.cpp'
04:45.469001-0,EXCPCNTX,0,ClientComputerName=,ServerComputerName=,UserName=,ConnectString=
04:51.641000-0,EXCP,0,process=rphost,OSThread=7800,ClientID=15,Exception=NetDataExchangeException,Descr='server_addr=(2)10.224.32.240:58197 descr=2(0x00000002): Не удается найти указанный файл.  line=1149 file=d:\jenkins\ci_builder2\windowsbuild2\platform\src\rtrsrvc\src\dataexchangeserverimpl.cpp'
04:51.641001-0,EXCPCNTX,0,ClientComputerName=,ServerComputerName=,UserName=,ConnectString=
04:52.266001-0,EXCP,0,process=rphost,OSThread=7800,ClientID=16,Exception=NetDataExchangeException,Descr='server_addr=(2)10.3.172.8:53330 descr=2(0x00000002): Не удается найти указанный файл.  line=1149 file=d:\jenkins\ci_builder2\windowsbuild2\platform\src\rtrsrvc\src\dataexchangeserverimpl.cpp'
04:52.266002-0,EXCPCNTX,0,ClientComputerName=,ServerComputerName=,UserName=,ConnectString=
04:52.500000-0,EXCP,0,process=rphost,OSThread=2164,ClientID=17,Exception=NetDataExchangeException,Descr='server_addr=(2)10.3.172.26:53817 descr=2(0x00000002): Не удается найти указанный файл.  line=1149 file=d:\jenkins\ci_builder2\windowsbuild2\platform\src\rtrsrvc\src\dataexchangeserverimpl.cpp'
04:52.500001-0,EXCPCNTX,0,ClientComputerName=,ServerComputerName=,UserName=,ConnectString=
04:59.641022-0,EXCP,0,process=rphost,OSThread=2164,ClientID=18,Exception=NetDataExchangeException,Descr='server_addr=(2)10.225.32.125:64232 descr=2(0x00000002): Не удается найти указанный файл.  line=1149 file=d:\jenkins\ci_builder2\windowsbuild2\platform\src\rtrsrvc\src\dataexchangeserverimpl.cpp'
04:59.641023-0,EXCPCNTX,0,ClientComputerName=,ServerComputerName=,UserName=,ConnectString=
05:00.000025-0,EXCP,0,process=rphost,OSThread=7800,ClientID=19,Exception=NetDataExchangeException,Descr='server_addr=(2)10.224.32.214:62188 descr=2(0x00000002): Не удается найти указанный файл.  line=1149 file=d:\jenkins\ci_builder2\windowsbuild2\platform\src\rtrsrvc\src\dataexchangeserverimpl.cpp'
05:00.000026-0,EXCPCNTX,0,ClientComputerName=,ServerComputerName=,UserName=,ConnectString=
05:00.563016-0,EXCP,0,process=rphost,OSThread=2164,ClientID=20,Exception=NetDataExchangeException,Descr='server_addr=(2)10.224.32.249:59573 descr=2(0x00000002): Не удается найти указанный файл.  line=1149 file=d:\jenkins\ci_builder2\windowsbuild2\platform\src\rtrsrvc\src\dataexchangeserverimpl.cpp'
05:00.563017-0,EXCPCNTX,0,ClientComputerName=,ServerComputerName=,UserName=,ConnectString=
05:04.407202-0,EXCP,4,process=rphost,p:processName=bi_bk3wk1_prod_01,OSThread=3468,t:clientID=24,t:applicationName=BackgroundJob,t:computerName=DC2BUHAPP11,t:connectID=7626,SessionID=6198,Usr=Айтқулова Фариза Полатбекқызы,Exception=8f8dade6-0d65-407c-8c6f-d8fda540435e,Descr='src\rserver\src\serverjobexecutor.cpp(1015):
8f8dade6-0d65-407c-8c6f-d8fda540435e: Задание отменено пользователем '
05:04.438003-0,EXCP,2,process=rphost,p:processName=bi_bk3wk1_prod_01,OSThread=8000,t:clientID=25,t:applicationName=BackgroundJob,t:computerName=DC2BUHAPP11,t:connectID=7627,SessionID=6196,Usr=Айтқулова Фариза Полатбекқызы,Exception=8f8dade6-0d65-407c-8c6f-d8fda540435e,Descr='src\rserver\src\serverjobexecutor.cpp(1015):
8f8dade6-0d65-407c-8c6f-d8fda540435e: Задание отменено пользователем '
05:06.750000-0,EXCP,0,process=rphost,OSThread=8476,ClientID=21,Exception=NetDataExchangeException,Descr='server_addr=(2)10.224.32.240:58202 descr=2(0x00000002): Не удается найти указанный файл.  line=1149 file=d:\jenkins\ci_builder2\windowsbuild2\platform\src\rtrsrvc\src\dataexchangeserverimpl.cpp'
05:06.750001-0,EXCPCNTX,0,ClientComputerName=,ServerComputerName=,UserName=,ConnectString=
05:07.329001-0,EXCP,0,process=rphost,OSThread=7800,ClientID=22,Exception=NetDataExchangeException,Descr='server_addr=(2)10.3.172.8:53344 descr=2(0x00000002): Не удается найти указанный файл.  line=1149 file=d:\jenkins\ci_builder2\windowsbuild2\platform\src\rtrsrvc\src\dataexchangeserverimpl.cpp'
05:07.329002-0,EXCPCNTX,0,ClientComputerName=,ServerComputerName=,UserName=,ConnectString=
05:07.579009-0,EXCP,0,process=rphost,OSThread=7800,ClientID=23,Exception=NetDataExchangeException,Descr='server_addr=(2)10.3.172.26:53820 descr=2(0x00000002): Не удается найти указанный файл.  line=1149 file=d:\jenkins\ci_builder2\windowsbuild2\platform\src\rtrsrvc\src\dataexchangeserverimpl.cpp'
05:07.579010-0,EXCPCNTX,0,ClientComputerName=,ServerComputerName=,UserName=,ConnectString=
05:14.766000-0,EXCP,0,process=rphost,OSThread=8476,ClientID=27,Exception=NetDataExchangeException,Descr='server_addr=(2)10.225.32.125:64250 descr=2(0x00000002): Не удается найти указанный файл.  line=1149 file=d:\jenkins\ci_builder2\windowsbuild2\platform\src\rtrsrvc\src\dataexchangeserverimpl.cpp'
05:14.766001-0,EXCPCNTX,0,ClientComputerName=,ServerComputerName=,UserName=,ConnectString=
05:15.110000-0,EXCP,0,process=rphost,OSThread=7800,ClientID=28,Exception=NetDataExchangeException,Descr='server_addr=(2)10.224.32.214:62189 descr=2(0x00000002): Не удается найти указанный файл.  line=1149 file=d:\jenkins\ci_builder2\windowsbuild2\platform\src\rtrsrvc\src\dataexchangeserverimpl.cpp'
05:15.110001-0,EXCPCNTX,0,ClientComputerName=,ServerComputerName=,UserName=,ConnectString=
05:15.641001-0,EXCP,0,process=rphost,OSThread=8476,ClientID=29,Exception=NetDataExchangeException,Descr='server_addr=(2)10.224.32.249:59574 descr=2(0x00000002): Не удается найти указанный файл.  line=1149 file=d:\jenkins\ci_builder2\windowsbuild2\platform\src\rtrsrvc\src\dataexchangeserverimpl.cpp'
05:15.641002-0,EXCPCNTX,0,ClientComputerName=,ServerComputerName=,UserName=,ConnectString=
05:21.862000-0,EXCP,0,process=rphost,OSThread=2164,ClientID=33,Exception=NetDataExchangeException,Descr='server_addr=(2)10.224.32.240:58368 descr=2(0x00000002): Не удается найти указанный файл.  line=1149 file=d:\jenkins\ci_builder2\windowsbuild2\platform\src\rtrsrvc\src\dataexchangeserverimpl.cpp'
05:21.862001-0,EXCPCNTX,0,ClientComputerName=,ServerComputerName=,UserName=,ConnectString=
05:22.409000-0,EXCP,0,process=rphost,OSThread=7800,ClientID=34,Exception=NetDataExchangeException,Descr='server_addr=(2)10.3.172.8:53346 descr=2(0x00000002): Не удается найти указанный файл.  line=1149 file=d:\jenkins\ci_builder2\windowsbuild2\platform\src\rtrsrvc\src\dataexchangeserverimpl.cpp'
05:22.409001-0,EXCPCNTX,0,ClientComputerName=,ServerComputerName=,UserName=,ConnectString=
05:22.659000-0,EXCP,0,process=rphost,OSThread=8476,ClientID=35,Exception=NetDataExchangeException,Descr='server_addr=(2)10.3.172.26:53824 descr=2(0x00000002): Не удается найти указанный файл.  line=1149 file=d:\jenkins\ci_builder2\windowsbuild2\platform\src\rtrsrvc\src\dataexchangeserverimpl.cpp'
05:22.659001-0,EXCPCNTX,0,ClientComputerName=,ServerComputerName=,UserName=,ConnectString=
05:24.362006-0,ADMIN,3,process=rphost,p:processName=ServerJobExecutorContext,OSThread=1480,t:clientID=7,t:applicationName=JobScheduler,t:computerName=DC2BUHAPP11,Func=killClient,ClusterID=8aa94e2b-5d54-4b86-800b-79353ce39638,ConnectionID=3a6ac669-3ddf-4ddf-a981-c2363e354b36,Mode=0,Ref=bi_bk3wk1_prod_01(bi_bk3wk1_prod_01),Host=DC2BUHAPP11,Connection=7635,Administrator=Unknown,Result=Success
05:24.784005-0,ADMIN,3,process=rphost,p:processName=ServerJobExecutorContext,OSThread=1480,t:clientID=7,t:applicationName=JobScheduler,t:computerName=DC2BUHAPP11,Func=killClient,ClusterID=8aa94e2b-5d54-4b86-800b-79353ce39638,ConnectionID=5277a7e9-2a73-43c3-88a5-de0b730688f2,Mode=0,Ref=bi_bk3wk1_prod_01(bi_bk3wk1_prod_01),Host=DC2BUHAPP11,Connection=7636,Administrator=Unknown,Result=Success
05:25.206005-0,ADMIN,3,process=rphost,p:processName=ServerJobExecutorContext,OSThread=1480,t:clientID=7,t:applicationName=JobScheduler,t:computerName=DC2BUHAPP11,Func=killClient,ClusterID=8aa94e2b-5d54-4b86-800b-79353ce39638,ConnectionID=e86ebb2d-a92d-49d5-be18-5bfe74bccde6,Mode=0,Ref=bi_bk3wk1_prod_01(bi_bk3wk1_prod_01),Host=DC2BUHAPP11,Connection=7637,Administrator=Unknown,Result=Success
05:28.846009-0,EXCP,3,process=rphost,p:processName=bi_bk3wk1_prod_01,OSThread=8000,t:clientID=43,t:applicationName=BackgroundJob,t:computerName=DC2BUHAPP11,t:connectID=7636,SessionID=6203,Usr=Шакиржанов Ержан Рашидович,Exception=SeanceContextException,Descr='Сеанс отсутствует или удален
ID=8ecb7e73-2b32-4999-ad4b-2c58d61de907, File=d:\jenkins\ci_builder2\windowsbuild2\platform\src\rserver\src\clusterdistribimpl.cpp(1439)'
05:28.846012-0,EXCP,2,process=rphost,p:processName=bi_bk3wk1_prod_01,OSThread=8000,t:clientID=43,t:applicationName=BackgroundJob,t:computerName=DC2BUHAPP11,t:connectID=7636,SessionID=6203,Usr=Шакиржанов Ержан Рашидович,Exception=60c686dc-798f-4d17-aadb-a90156a16eb8,Descr='src\rserver\src\rmngrcalls.cpp(476):
60c686dc-798f-4d17-aadb-a90156a16eb8: Сеанс отсутствует или удален
ID=8ecb7e73-2b32-4999-ad4b-2c58d61de907, File=d:\jenkins\ci_builder2\windowsbuild2\platform\src\rserver\src\clusterdistribimpl.cpp(1439)'
05:29.049000-0,EXCP,2,process=rphost,p:processName=bi_bk3wk1_prod_01,OSThread=8000,t:clientID=43,t:applicationName=BackgroundJob,t:computerName=DC2BUHAPP11,t:connectID=7636,SessionID=6203,Usr=Шакиржанов Ержан Рашидович,Exception=SeanceContextException,Descr='Сеанс отсутствует или удален
ID=8ecb7e73-2b32-4999-ad4b-2c58d61de907, File=d:\jenkins\ci_builder2\windowsbuild2\platform\src\rserver\src\rmngrcalls.cpp(364)'
05:29.049001-0,EXCP,2,process=rphost,p:processName=bi_bk3wk1_prod_01,OSThread=8000,t:clientID=43,t:applicationName=BackgroundJob,t:computerName=DC2BUHAPP11,t:connectID=7636,SessionID=6203,Usr=Шакиржанов Ержан Рашидович,Exception=60c686dc-798f-4d17-aadb-a90156a16eb8,Descr='src\rserver\src\serverjobexecutor.cpp(1095):
60c686dc-798f-4d17-aadb-a90156a16eb8: Сеанс отсутствует или удален
ID=8ecb7e73-2b32-4999-ad4b-2c58d61de907, File=d:\jenkins\ci_builder2\windowsbuild2\platform\src\rserver\src\rmngrcalls.cpp(364)'
05:29.049003-0,EXCP,3,process=rphost,p:processName=bi_bk3wk1_prod_01,OSThread=8000,t:clientID=43,t:applicationName=BackgroundJob,t:computerName=DC2BUHAPP11,t:connectID=7636,SessionID=6203,Usr=Шакиржанов Ержан Рашидович,Exception=SeanceContextException,Descr='Сеанс отсутствует или удален
ID=8ecb7e73-2b32-4999-ad4b-2c58d61de907, File=d:\jenkins\ci_builder2\windowsbuild2\platform\src\rserver\src\clusterdistribimpl.cpp(1439)'
05:29.049005-0,EXCP,2,process=rphost,p:processName=bi_bk3wk1_prod_01,OSThread=8000,t:clientID=43,t:applicationName=BackgroundJob,t:computerName=DC2BUHAPP11,t:connectID=7636,SessionID=6203,Usr=Шакиржанов Ержан Рашидович,Exception=60c686dc-798f-4d17-aadb-a90156a16eb8,Descr='src\rserver\src\rmngrcalls.cpp(476):
60c686dc-798f-4d17-aadb-a90156a16eb8: Сеанс отсутствует или удален
ID=8ecb7e73-2b32-4999-ad4b-2c58d61de907, File=d:\jenkins\ci_builder2\windowsbuild2\platform\src\rserver\src\clusterdistribimpl.cpp(1439)'
05:29.127010-0,EXCP,3,process=rphost,p:processName=bi_bk3wk1_prod_01,OSThread=3468,t:clientID=44,t:applicationName=BackgroundJob,t:computerName=DC2BUHAPP11,t:connectID=7637,SessionID=6204,Usr=Шакиржанов Ержан Рашидович,Exception=SeanceContextException,Descr='Сеанс отсутствует или удален
ID=56a933df-bb5a-4915-bb99-bea94d75cab2, File=d:\jenkins\ci_builder2\windowsbuild2\platform\src\rserver\src\clusterdistribimpl.cpp(1439)'
05:29.127012-0,EXCP,2,process=rphost,p:processName=bi_bk3wk1_prod_01,OSThread=3468,t:clientID=44,t:applicationName=BackgroundJob,t:computerName=DC2BUHAPP11,t:connectID=7637,SessionID=6204,Usr=Шакиржанов Ержан Рашидович,Exception=60c686dc-798f-4d17-aadb-a90156a16eb8,Descr='src\rserver\src\rmngrcalls.cpp(476):
60c686dc-798f-4d17-aadb-a90156a16eb8: Сеанс отсутствует или удален
ID=56a933df-bb5a-4915-bb99-bea94d75cab2, File=d:\jenkins\ci_builder2\windowsbuild2\platform\src\rserver\src\clusterdistribimpl.cpp(1439)'
05:29.252000-0,EXCP,2,process=rphost,p:processName=bi_bk3wk1_prod_01,OSThread=8000,t:clientID=43,t:applicationName=BackgroundJob,t:computerName=DC2BUHAPP11,t:connectID=7636,SessionID=6203,Usr=Шакиржанов Ержан Рашидович,Exception=SeanceContextException,Descr='Сеанс отсутствует или удален
ID=8ecb7e73-2b32-4999-ad4b-2c58d61de907, File=d:\jenkins\ci_builder2\windowsbuild2\platform\src\rserver\src\rmngrcalls.cpp(364)'
05:29.299006-0,EXCP,2,process=rphost,p:processName=bi_bk3wk1_prod_01,OSThread=3468,t:clientID=44,t:applicationName=BackgroundJob,t:computerName=DC2BUHAPP11,t:connectID=7637,SessionID=6204,Usr=Шакиржанов Ержан Рашидович,Exception=SeanceContextException,Descr='Сеанс отсутствует или удален
ID=56a933df-bb5a-4915-bb99-bea94d75cab2, File=d:\jenkins\ci_builder2\windowsbuild2\platform\src\rserver\src\rmngrcalls.cpp(364)'
05:29.299007-0,EXCP,2,process=rphost,p:processName=bi_bk3wk1_prod_01,OSThread=3468,t:clientID=44,t:applicationName=BackgroundJob,t:computerName=DC2BUHAPP11,t:connectID=7637,SessionID=6204,Usr=Шакиржанов Ержан Рашидович,Exception=60c686dc-798f-4d17-aadb-a90156a16eb8,Descr='src\rserver\src\serverjobexecutor.cpp(1095):
60c686dc-798f-4d17-aadb-a90156a16eb8: Сеанс отсутствует или удален
ID=56a933df-bb5a-4915-bb99-bea94d75cab2, File=d:\jenkins\ci_builder2\windowsbuild2\platform\src\rserver\src\rmngrcalls.cpp(364)'
05:29.299009-0,EXCP,3,process=rphost,p:processName=bi_bk3wk1_prod_01,OSThread=3468,t:clientID=44,t:applicationName=BackgroundJob,t:computerName=DC2BUHAPP11,t:connectID=7637,SessionID=6204,Usr=Шакиржанов Ержан Рашидович,Exception=SeanceContextException,Descr='Сеанс отсутствует или удален
ID=56a933df-bb5a-4915-bb99-bea94d75cab2, File=d:\jenkins\ci_builder2\windowsbuild2\platform\src\rserver\src\clusterdistribimpl.cpp(1439)'
05:29.299011-0,EXCP,2,process=rphost,p:processName=bi_bk3wk1_prod_01,OSThread=3468,t:clientID=44,t:applicationName=BackgroundJob,t:computerName=DC2BUHAPP11,t:connectID=7637,SessionID=6204,Usr=Шакиржанов Ержан Рашидович,Exception=60c686dc-798f-4d17-aadb-a90156a16eb8,Descr='src\rserver\src\rmngrcalls.cpp(476):
60c686dc-798f-4d17-aadb-a90156a16eb8: Сеанс отсутствует или удален
ID=56a933df-bb5a-4915-bb99-bea94d75cab2, File=d:\jenkins\ci_builder2\windowsbuild2\platform\src\rserver\src\clusterdistribimpl.cpp(1439)'
05:29.502000-0,EXCP,2,process=rphost,p:processName=bi_bk3wk1_prod_01,OSThread=3468,t:clientID=44,t:applicationName=BackgroundJob,t:computerName=DC2BUHAPP11,t:connectID=7637,SessionID=6204,Usr=Шакиржанов Ержан Рашидович,Exception=SeanceContextException,Descr='Сеанс отсутствует или удален
ID=56a933df-bb5a-4915-bb99-bea94d75cab2, File=d:\jenkins\ci_builder2\windowsbuild2\platform\src\rserver\src\rmngrcalls.cpp(364)'
05:29.831000-0,EXCP,0,process=rphost,OSThread=8476,ClientID=36,Exception=NetDataExchangeException,Descr='server_addr=(2)10.225.32.125:64252 descr=2(0x00000002): Не удается найти указанный файл.  line=1149 file=d:\jenkins\ci_builder2\windowsbuild2\platform\src\rtrsrvc\src\dataexchangeserverimpl.cpp'
05:29.831001-0,EXCPCNTX,0,ClientComputerName=,ServerComputerName=,UserName=,ConnectString=
05:30.190000-0,EXCP,0,process=rphost,OSThread=7800,ClientID=37,Exception=NetDataExchangeException,Descr='server_addr=(2)10.224.32.214:62190 descr=2(0x00000002): Не удается найти указанный файл.  line=1149 file=d:\jenkins\ci_builder2\windowsbuild2\platform\src\rtrsrvc\src\dataexchangeserverimpl.cpp'
05:30.190001-0,EXCPCNTX,0,ClientComputerName=,ServerComputerName=,UserName=,ConnectString=
05:30.721001-0,EXCP,0,process=rphost,OSThread=8476,ClientID=38,Exception=NetDataExchangeException,Descr='server_addr=(2)10.224.32.249:59582 descr=2(0x00000002): Не удается найти указанный файл.  line=1149 file=d:\jenkins\ci_builder2\windowsbuild2\platform\src\rtrsrvc\src\dataexchangeserverimpl.cpp'
05:30.721002-0,EXCPCNTX,0,ClientComputerName=,ServerComputerName=,UserName=,ConnectString=
05:31.237005-0,EXCP,3,process=rphost,p:processName=bi_bk3wk1_prod_01,OSThread=7520,t:clientID=42,t:applicationName=BackgroundJob,t:computerName=DC2BUHAPP11,t:connectID=7635,SessionID=6202,Usr=Шакиржанов Ержан Рашидович,Exception=SeanceContextException,Descr='Сеанс отсутствует или удален
ID=2d30bfd1-d9c1-4855-a59f-3dcc2acc1591, File=d:\jenkins\ci_builder2\windowsbuild2\platform\src\rserver\src\clusterdistribimpl.cpp(1439)'
05:31.237007-0,EXCP,2,process=rphost,p:processName=bi_bk3wk1_prod_01,OSThread=7520,t:clientID=42,t:applicationName=BackgroundJob,t:computerName=DC2BUHAPP11,t:connectID=7635,SessionID=6202,Usr=Шакиржанов Ержан Рашидович,Exception=60c686dc-798f-4d17-aadb-a90156a16eb8,Descr='src\rserver\src\rmngrcalls.cpp(476):
60c686dc-798f-4d17-aadb-a90156a16eb8: Сеанс отсутствует или удален
ID=2d30bfd1-d9c1-4855-a59f-3dcc2acc1591, File=d:\jenkins\ci_builder2\windowsbuild2\platform\src\rserver\src\clusterdistribimpl.cpp(1439)'
05:31.331006-0,EXCP,2,process=rphost,p:processName=bi_bk3wk1_prod_01,OSThread=7520,t:clientID=42,t:applicationName=BackgroundJob,t:computerName=DC2BUHAPP11,t:connectID=7635,SessionID=6202,Usr=Шакиржанов Ержан Рашидович,Exception=SeanceContextException,Descr='Сеанс отсутствует или удален
ID=2d30bfd1-d9c1-4855-a59f-3dcc2acc1591, File=d:\jenkins\ci_builder2\windowsbuild2\platform\src\rserver\src\rmngrcalls.cpp(364)'
05:31.331007-0,EXCP,2,process=rphost,p:processName=bi_bk3wk1_prod_01,OSThread=7520,t:clientID=42,t:applicationName=BackgroundJob,t:computerName=DC2BUHAPP11,t:connectID=7635,SessionID=6202,Usr=Шакиржанов Ержан Рашидович,Exception=60c686dc-798f-4d17-aadb-a90156a16eb8,Descr='src\rserver\src\serverjobexecutor.cpp(1095):
60c686dc-798f-4d17-aadb-a90156a16eb8: Сеанс отсутствует или удален
ID=2d30bfd1-d9c1-4855-a59f-3dcc2acc1591, File=d:\jenkins\ci_builder2\windowsbuild2\platform\src\rserver\src\rmngrcalls.cpp(364)'
05:31.331009-0,EXCP,3,process=rphost,p:processName=bi_bk3wk1_prod_01,OSThread=7520,t:clientID=42,t:applicationName=BackgroundJob,t:computerName=DC2BUHAPP11,t:connectID=7635,SessionID=6202,Usr=Шакиржанов Ержан Рашидович,Exception=SeanceContextException,Descr='Сеанс отсутствует или удален
ID=2d30bfd1-d9c1-4855-a59f-3dcc2acc1591, File=d:\jenkins\ci_builder2\windowsbuild2\platform\src\rserver\src\clusterdistribimpl.cpp(1439)'
05:31.331011-0,EXCP,2,process=rphost,p:processName=bi_bk3wk1_prod_01,OSThread=7520,t:clientID=42,t:applicationName=BackgroundJob,t:computerName=DC2BUHAPP11,t:connectID=7635,SessionID=6202,Usr=Шакиржанов Ержан Рашидович,Exception=60c686dc-798f-4d17-aadb-a90156a16eb8,Descr='src\rserver\src\rmngrcalls.cpp(476):
60c686dc-798f-4d17-aadb-a90156a16eb8: Сеанс отсутствует или удален
ID=2d30bfd1-d9c1-4855-a59f-3dcc2acc1591, File=d:\jenkins\ci_builder2\windowsbuild2\platform\src\rserver\src\clusterdistribimpl.cpp(1439)'
05:31.534000-0,EXCP,2,process=rphost,p:processName=bi_bk3wk1_prod_01,OSThread=7520,t:clientID=42,t:applicationName=BackgroundJob,t:computerName=DC2BUHAPP11,t:connectID=7635,SessionID=6202,Usr=Шакиржанов Ержан Рашидович,Exception=SeanceContextException,Descr='Сеанс отсутствует или удален
ID=2d30bfd1-d9c1-4855-a59f-3dcc2acc1591, File=d:\jenkins\ci_builder2\windowsbuild2\platform\src\rserver\src\rmngrcalls.cpp(364)'
05:32.331013-0,EXCP,2,process=rphost,p:processName=bi_bk3wk1_prod_01,OSThread=8784,t:clientID=49,t:applicationName=1CV8C,t:computerName=DC1RDSH02,Exception=SeanceContextException,Descr='Сеанс отсутствует или удален
ID=524d4251-26d0-4367-bf9b-85e175b830f2, File=d:\jenkins\ci_builder2\windowsbuild2\platform\src\rserver\src\clusterdistribimpl.cpp(1439)'
05:32.331014-0,EXCP,2,process=rphost,p:processName=bi_bk3wk1_prod_01,OSThread=8784,t:clientID=49,t:applicationName=1CV8C,t:computerName=DC1RDSH02,Exception=580392e6-ba49-4280-ac67-fcd6f2180121,Descr='src\vrsbase\src\vresourceinfobaseimpl.cpp(1058):
580392e6-ba49-4280-ac67-fcd6f2180121: Ошибка работы сеанса
Ошибка при выполнении запроса POST к ресурсу /e1cib/logout:
60c686dc-798f-4d17-aadb-a90156a16eb8: Сеанс отсутствует или удален
ID=524d4251-26d0-4367-bf9b-85e175b830f2, File=d:\jenkins\ci_builder2\windowsbuild2\platform\src\rserver\src\clusterdistribimpl.cpp(1439)'
05:32.362001-0,EXCP,0,process=rphost,OSThread=8784,ClientID=49,Exception=NetDataExchangeException,Descr='server_addr=(2)10.225.32.125:64257 descr=10054(0x00002746): Удаленный хост принудительно разорвал существующее подключение.  line=2273 file=d:\jenkins\ci_builder2\windowsbuild2\platform\src\rtrsrvc\src\dataexchangeserverimpl.cpp'
05:32.362002-0,EXCPCNTX,0,ClientComputerName=,ServerComputerName=,UserName=,ConnectString=
05:32.362000-0,EXCP,0,process=rphost,OSThread=7800,ClientID=46,Exception=NetDataExchangeException,Descr='server_addr=(2)10.225.32.125:64253 descr=10054(0x00002746): Удаленный хост принудительно разорвал существующее подключение.  line=1149 file=d:\jenkins\ci_builder2\windowsbuild2\platform\src\rtrsrvc\src\dataexchangeserverimpl.cpp'
05:32.362004-0,EXCPCNTX,0,ClientComputerName=,ServerComputerName=,UserName=,ConnectString=
05:36.956000-0,EXCP,0,process=rphost,OSThread=2164,ClientID=39,Exception=NetDataExchangeException,Descr='server_addr=(2)10.224.32.240:58377 descr=2(0x00000002): Не удается найти указанный файл.  line=1149 file=d:\jenkins\ci_builder2\windowsbuild2\platform\src\rtrsrvc\src\dataexchangeserverimpl.cpp'
05:36.956001-0,EXCPCNTX,0,ClientComputerName=,ServerComputerName=,UserName=,ConnectString=
05:37.487000-0,EXCP,0,process=rphost,OSThread=2164,ClientID=40,Exception=NetDataExchangeException,Descr='server_addr=(2)10.3.172.8:53348 descr=2(0x00000002): Не удается найти указанный файл.  line=1149 file=d:\jenkins\ci_builder2\windowsbuild2\platform\src\rtrsrvc\src\dataexchangeserverimpl.cpp'
05:37.487001-0,EXCPCNTX,0,ClientComputerName=,ServerComputerName=,UserName=,ConnectString=
05:37.737000-0,EXCP,0,process=rphost,OSThread=2164,ClientID=41,Exception=NetDataExchangeException,Descr='server_addr=(2)10.3.172.26:53828 descr=2(0x00000002): Не удается найти указанный файл.  line=1149 file=d:\jenkins\ci_builder2\windowsbuild2\platform\src\rtrsrvc\src\dataexchangeserverimpl.cpp'
05:37.737001-0,EXCPCNTX,0,ClientComputerName=,ServerComputerName=,UserName=,ConnectString=
05:45.268000-0,EXCP,0,process=rphost,OSThread=8476,ClientID=47,Exception=NetDataExchangeException,Descr='server_addr=(2)10.224.32.214:62192 descr=2(0x00000002): Не удается найти указанный файл.  line=1149 file=d:\jenkins\ci_builder2\windowsbuild2\platform\src\rtrsrvc\src\dataexchangeserverimpl.cpp'
05:45.268001-0,EXCPCNTX,0,ClientComputerName=,ServerComputerName=,UserName=,ConnectString=
05:45.799000-0,EXCP,0,process=rphost,OSThread=7800,ClientID=48,Exception=NetDataExchangeException,Descr='server_addr=(2)10.224.32.249:59586 descr=2(0x00000002): Не удается найти указанный файл.  line=1149 file=d:\jenkins\ci_builder2\windowsbuild2\platform\src\rtrsrvc\src\dataexchangeserverimpl.cpp'
05:45.799001-0,EXCPCNTX,0,ClientComputerName=,ServerComputerName=,UserName=,ConnectString=
05:52.034001-0,EXCP,0,process=rphost,OSThread=2164,ClientID=50,Exception=NetDataExchangeException,Descr='server_addr=(2)10.224.32.240:58390 descr=2(0x00000002): Не удается найти указанный файл.  line=1149 file=d:\jenkins\ci_builder2\windowsbuild2\platform\src\rtrsrvc\src\dataexchangeserverimpl.cpp'
05:52.034002-0,EXCPCNTX,0,ClientComputerName=,ServerComputerName=,UserName=,ConnectString=
05:52.581000-0,EXCP,0,process=rphost,OSThread=2164,ClientID=51,Exception=NetDataExchangeException,Descr='server_addr=(2)10.3.172.8:53350 descr=2(0x00000002): Не удается найти указанный файл.  line=1149 file=d:\jenkins\ci_builder2\windowsbuild2\platform\src\rtrsrvc\src\dataexchangeserverimpl.cpp'
05:52.581001-0,EXCPCNTX,0,ClientComputerName=,ServerComputerName=,UserName=,ConnectString=
05:52.815000-0,EXCP,0,process=rphost,OSThread=2164,ClientID=52,Exception=NetDataExchangeException,Descr='server_addr=(2)10.3.172.26:53831 descr=2(0x00000002): Не удается найти указанный файл.  line=1149 file=d:\jenkins\ci_builder2\windowsbuild2\platform\src\rtrsrvc\src\dataexchangeserverimpl.cpp'
05:52.815001-0,EXCPCNTX,0,ClientComputerName=,ServerComputerName=,UserName=,ConnectString=
05:57.252012-0,EXCP,0,process=rphost,OSThread=3172,Exception=acea3e6e-3687-4792-8319-09c009274c9a,Descr='src\rserver\src\rhostimpl.cpp(5997):
acea3e6e-3687-4792-8319-09c009274c9a: Рабочий процесс не найден'
05:57.377000-0,PROC,0,process=rphost,OSThread=2164,Txt='Process terminated.
Stopped on error (working)'
05:58.065000-0,PROC,0,process=rphost,OSThread=760,Txt='Process terminated.
Stopped on error (working)'
05:58.065005-0,EXCP,2,process=rphost,OSThread=6380,Exception=96380a22-60f7-4a8b-8fca-1224e6bc518f,Descr='src\rserver\src\rmngrcalls.cpp(951):
96380a22-60f7-4a8b-8fca-1224e6bc518f: OnFinishRpHost'
05:58.065008-0,EXCP,0,process=rphost,OSThread=2620,Exception=dd149677-3d47-4e05-a55f-4e75b13a441f,Descr='src\rtrsrvc\src\remoteinterfaceimpl.cpp(736):
dd149677-3d47-4e05-a55f-4e75b13a441f: Процесс завершается. Исходящий вызов запрещен.'
05:58.065009-0,EXCP,0,process=rphost,OSThread=2620,Exception=dd149677-3d47-4e05-a55f-4e75b13a441f,Descr='src\rserver\src\rmngrcalls.cpp(543):
dd149677-3d47-4e05-a55f-4e75b13a441f: Процесс завершается. Исходящий вызов запрещен.'
05:58.065010-0,EXCP,0,process=rphost,OSThread=2620,Exception=dd149677-3d47-4e05-a55f-4e75b13a441f,Descr='src\rtrsrvc\src\remoteinterfaceimpl.cpp(736):
dd149677-3d47-4e05-a55f-4e75b13a441f: Процесс завершается. Исходящий вызов запрещен.'
05:58.065011-0,EXCP,0,process=rphost,OSThread=2620,Exception=dd149677-3d47-4e05-a55f-4e75b13a441f,Descr='src\rtrsrvc\src\remoteinterfaceimpl.cpp(736):
dd149677-3d47-4e05-a55f-4e75b13a441f: Процесс завершается. Исходящий вызов запрещен.'
05:58.065012-0,EXCP,0,process=rphost,OSThread=2620,Exception=dd149677-3d47-4e05-a55f-4e75b13a441f,Descr='src\rtrsrvc\src\remoteinterfaceimpl.cpp(736):
dd149677-3d47-4e05-a55f-4e75b13a441f: Процесс завершается. Исходящий вызов запрещен.'
05:58.065013-0,EXCP,0,process=rphost,OSThread=2620,Exception=dd149677-3d47-4e05-a55f-4e75b13a441f,Descr='src\rtrsrvc\src\remoteinterfaceimpl.cpp(736):
dd149677-3d47-4e05-a55f-4e75b13a441f: Процесс завершается. Исходящий вызов запрещен.'
05:58.065014-0,EXCP,0,process=rphost,OSThread=2620,Exception=dd149677-3d47-4e05-a55f-4e75b13a441f,Descr='src\rtrsrvc\src\remoteinterfaceimpl.cpp(736):
dd149677-3d47-4e05-a55f-4e75b13a441f: Процесс завершается. Исходящий вызов запрещен.'
05:58.065015-0,EXCP,0,process=rphost,OSThread=2620,Exception=dd149677-3d47-4e05-a55f-4e75b13a441f,Descr='src\rtrsrvc\src\remoteinterfaceimpl.cpp(736):
dd149677-3d47-4e05-a55f-4e75b13a441f: Процесс завершается. Исходящий вызов запрещен.'
05:58.065016-0,EXCP,0,process=rphost,OSThread=2620,Exception=dd149677-3d47-4e05-a55f-4e75b13a441f,Descr='src\rtrsrvc\src\remoteinterfaceimpl.cpp(736):
dd149677-3d47-4e05-a55f-4e75b13a441f: Процесс завершается. Исходящий вызов запрещен.'
05:58.065017-0,EXCP,0,process=rphost,OSThread=2620,Exception=dd149677-3d47-4e05-a55f-4e75b13a441f,Descr='src\rtrsrvc\src\remoteinterfaceimpl.cpp(736):
dd149677-3d47-4e05-a55f-4e75b13a441f: Процесс завершается. Исходящий вызов запрещен.'
05:58.065018-0,EXCP,0,process=rphost,OSThread=2620,Exception=dd149677-3d47-4e05-a55f-4e75b13a441f,Descr='src\rtrsrvc\src\remoteinterfaceimpl.cpp(736):
dd149677-3d47-4e05-a55f-4e75b13a441f: Процесс завершается. Исходящий вызов запрещен.'
05:58.065019-0,EXCP,0,process=rphost,OSThread=2620,Exception=dd149677-3d47-4e05-a55f-4e75b13a441f,Descr='src\rtrsrvc\src\remoteinterfaceimpl.cpp(736):
dd149677-3d47-4e05-a55f-4e75b13a441f: Процесс завершается. Исходящий вызов запрещен.'
05:58.065020-0,EXCP,0,process=rphost,OSThread=2620,Exception=dd149677-3d47-4e05-a55f-4e75b13a441f,Descr='src\rtrsrvc\src\remoteinterfaceimpl.cpp(736):
dd149677-3d47-4e05-a55f-4e75b13a441f: Процесс завершается. Исходящий вызов запрещен.'
05:58.065021-0,EXCP,0,process=rphost,OSThread=2620,Exception=dd149677-3d47-4e05-a55f-4e75b13a441f,Descr='src\rtrsrvc\src\remoteinterfaceimpl.cpp(736):
dd149677-3d47-4e05-a55f-4e75b13a441f: Процесс завершается. Исходящий вызов запрещен.'
05:58.268000-0,EXCP,0,process=rphost,OSThread=2620,Exception=dd149677-3d47-4e05-a55f-4e75b13a441f,Descr='src\rtrsrvc\src\remoteinterfaceimpl.cpp(736):
dd149677-3d47-4e05-a55f-4e75b13a441f: Процесс завершается. Исходящий вызов запрещен.'
05:58.268001-0,EXCP,0,process=rphost,OSThread=2620,Exception=dd149677-3d47-4e05-a55f-4e75b13a441f,Descr='src\rserver\src\rmngrcalls.cpp(543):
dd149677-3d47-4e05-a55f-4e75b13a441f: Процесс завершается. Исходящий вызов запрещен.'
05:58.268002-0,EXCP,0,process=rphost,OSThread=2620,Exception=dd149677-3d47-4e05-a55f-4e75b13a441f,Descr='src\rtrsrvc\src\remoteinterfaceimpl.cpp(736):
dd149677-3d47-4e05-a55f-4e75b13a441f: Процесс завершается. Исходящий вызов запрещен.'
05:58.268003-0,EXCP,0,process=rphost,OSThread=2620,Exception=dd149677-3d47-4e05-a55f-4e75b13a441f,Descr='src\rtrsrvc\src\remoteinterfaceimpl.cpp(736):
dd149677-3d47-4e05-a55f-4e75b13a441f: Процесс завершается. Исходящий вызов запрещен.'
05:58.268004-0,EXCP,0,process=rphost,OSThread=2620,Exception=dd149677-3d47-4e05-a55f-4e75b13a441f,Descr='src\rtrsrvc\src\remoteinterfaceimpl.cpp(736):
dd149677-3d47-4e05-a55f-4e75b13a441f: Процесс завершается. Исходящий вызов запрещен.'
05:58.268005-0,EXCP,0,process=rphost,OSThread=2620,Exception=dd149677-3d47-4e05-a55f-4e75b13a441f,Descr='src\rtrsrvc\src\remoteinterfaceimpl.cpp(736):
dd149677-3d47-4e05-a55f-4e75b13a441f: Процесс завершается. Исходящий вызов запрещен.'
05:58.268006-0,EXCP,0,process=rphost,OSThread=2620,Exception=dd149677-3d47-4e05-a55f-4e75b13a441f,Descr='src\rtrsrvc\src\remoteinterfaceimpl.cpp(736):
dd149677-3d47-4e05-a55f-4e75b13a441f: Процесс завершается. Исходящий вызов запрещен.'
05:58.268007-0,EXCP,0,process=rphost,OSThread=2620,Exception=dd149677-3d47-4e05-a55f-4e75b13a441f,Descr='src\rtrsrvc\src\remoteinterfaceimpl.cpp(736):
dd149677-3d47-4e05-a55f-4e75b13a441f: Процесс завершается. Исходящий вызов запрещен.'
05:58.268008-0,EXCP,0,process=rphost,OSThread=2620,Exception=dd149677-3d47-4e05-a55f-4e75b13a441f,Descr='src\rtrsrvc\src\remoteinterfaceimpl.cpp(736):
dd149677-3d47-4e05-a55f-4e75b13a441f: Процесс завершается. Исходящий вызов запрещен.'
05:58.268009-0,EXCP,0,process=rphost,OSThread=2620,Exception=dd149677-3d47-4e05-a55f-4e75b13a441f,Descr='src\rtrsrvc\src\remoteinterfaceimpl.cpp(736):
dd149677-3d47-4e05-a55f-4e75b13a441f: Процесс завершается. Исходящий вызов запрещен.'
05:58.268010-0,EXCP,0,process=rphost,OSThread=2620,Exception=dd149677-3d47-4e05-a55f-4e75b13a441f,Descr='src\rtrsrvc\src\remoteinterfaceimpl.cpp(736):
dd149677-3d47-4e05-a55f-4e75b13a441f: Процесс завершается. Исходящий вызов запрещен.'
05:58.268011-0,EXCP,0,process=rphost,OSThread=2620,Exception=dd149677-3d47-4e05-a55f-4e75b13a441f,Descr='src\rtrsrvc\src\remoteinterfaceimpl.cpp(736):
dd149677-3d47-4e05-a55f-4e75b13a441f: Процесс завершается. Исходящий вызов запрещен.'
05:58.268012-0,EXCP,0,process=rphost,OSThread=2620,Exception=dd149677-3d47-4e05-a55f-4e75b13a441f,Descr='src\rtrsrvc\src\remoteinterfaceimpl.cpp(736):
dd149677-3d47-4e05-a55f-4e75b13a441f: Процесс завершается. Исходящий вызов запрещен.'
05:58.268015-0,EXCP,0,process=rphost,OSThread=2620,Exception=dd149677-3d47-4e05-a55f-4e75b13a441f,Descr='src\rserver\src\rmngrcalls.cpp(586):
dd149677-3d47-4e05-a55f-4e75b13a441f: Процесс завершается. Исходящий вызов запрещен.'
05:58.268016-0,EXCP,0,process=rphost,OSThread=2620,Exception=dd149677-3d47-4e05-a55f-4e75b13a441f,Descr='src\rserver\src\rhostimpl.cpp(6261):
dd149677-3d47-4e05-a55f-4e75b13a441f: Процесс завершается. Исходящий вызов запрещен.'
05:58.268017-0,EXCP,0,process=rphost,OSThread=2620,Exception=dd149677-3d47-4e05-a55f-4e75b13a441f,Descr='src\rtrsrvc\src\remoteinterfaceimpl.cpp(736):
dd149677-3d47-4e05-a55f-4e75b13a441f: Процесс завершается. Исходящий вызов запрещен.'
05:58.268018-0,EXCP,0,process=rphost,OSThread=2620,Exception=dd149677-3d47-4e05-a55f-4e75b13a441f,Descr='src\rserver\src\rmngrcalls.cpp(732):
dd149677-3d47-4e05-a55f-4e75b13a441f: Процесс завершается. Исходящий вызов запрещен.'
05:58.268019-0,EXCP,0,process=rphost,OSThread=2620,Exception=dd149677-3d47-4e05-a55f-4e75b13a441f,Descr='src\rtrsrvc\src\remoteinterfaceimpl.cpp(736):
dd149677-3d47-4e05-a55f-4e75b13a441f: Процесс завершается. Исходящий вызов запрещен.'
05:58.268020-0,EXCP,0,process=rphost,OSThread=2620,Exception=dd149677-3d47-4e05-a55f-4e75b13a441f,Descr='src\rtrsrvc\src\remoteinterfaceimpl.cpp(736):
dd149677-3d47-4e05-a55f-4e75b13a441f: Процесс завершается. Исходящий вызов запрещен.'
05:58.268021-0,EXCP,0,process=rphost,OSThread=2620,Exception=dd149677-3d47-4e05-a55f-4e75b13a441f,Descr='src\rtrsrvc\src\remoteinterfaceimpl.cpp(736):
dd149677-3d47-4e05-a55f-4e75b13a441f: Процесс завершается. Исходящий вызов запрещен.'
05:58.268022-0,EXCP,0,process=rphost,OSThread=2620,Exception=dd149677-3d47-4e05-a55f-4e75b13a441f,Descr='src\rtrsrvc\src\remoteinterfaceimpl.cpp(736):
dd149677-3d47-4e05-a55f-4e75b13a441f: Процесс завершается. Исходящий вызов запрещен.'
05:58.268023-0,EXCP,0,process=rphost,OSThread=2620,Exception=dd149677-3d47-4e05-a55f-4e75b13a441f,Descr='src\rtrsrvc\src\remoteinterfaceimpl.cpp(736):
dd149677-3d47-4e05-a55f-4e75b13a441f: Процесс завершается. Исходящий вызов запрещен.'
05:58.268024-0,EXCP,0,process=rphost,OSThread=2620,Exception=dd149677-3d47-4e05-a55f-4e75b13a441f,Descr='src\rtrsrvc\src\remoteinterfaceimpl.cpp(736):
dd149677-3d47-4e05-a55f-4e75b13a441f: Процесс завершается. Исходящий вызов запрещен.'
05:58.268025-0,EXCP,0,process=rphost,OSThread=2620,Exception=dd149677-3d47-4e05-a55f-4e75b13a441f,Descr='src\rtrsrvc\src\remoteinterfaceimpl.cpp(736):
dd149677-3d47-4e05-a55f-4e75b13a441f: Процесс завершается. Исходящий вызов запрещен.'
05:58.268026-0,EXCP,0,process=rphost,OSThread=2620,Exception=dd149677-3d47-4e05-a55f-4e75b13a441f,Descr='src\rtrsrvc\src\remoteinterfaceimpl.cpp(736):
dd149677-3d47-4e05-a55f-4e75b13a441f: Процесс завершается. Исходящий вызов запрещен.'
05:58.268027-0,EXCP,0,process=rphost,OSThread=2620,Exception=dd149677-3d47-4e05-a55f-4e75b13a441f,Descr='src\rtrsrvc\src\remoteinterfaceimpl.cpp(736):
dd149677-3d47-4e05-a55f-4e75b13a441f: Процесс завершается. Исходящий вызов запрещен.'
05:58.268028-0,EXCP,0,process=rphost,OSThread=2620,Exception=dd149677-3d47-4e05-a55f-4e75b13a441f,Descr='src\rtrsrvc\src\remoteinterfaceimpl.cpp(736):
dd149677-3d47-4e05-a55f-4e75b13a441f: Процесс завершается. Исходящий вызов запрещен.'
05:58.268029-0,EXCP,0,process=rphost,OSThread=2620,Exception=dd149677-3d47-4e05-a55f-4e75b13a441f,Descr='src\rtrsrvc\src\remoteinterfaceimpl.cpp(736):
dd149677-3d47-4e05-a55f-4e75b13a441f: Процесс завершается. Исходящий вызов запрещен.'
05:58.268030-0,EXCP,0,process=rphost,OSThread=2620,Exception=dd149677-3d47-4e05-a55f-4e75b13a441f,Descr='src\rtrsrvc\src\remoteinterfaceimpl.cpp(736):
dd149677-3d47-4e05-a55f-4e75b13a441f: Процесс завершается. Исходящий вызов запрещен.'
05:58.268033-0,EXCP,0,process=rphost,OSThread=2620,Exception=dd149677-3d47-4e05-a55f-4e75b13a441f,Descr='src\rtrsrvc\src\remoteinterfaceimpl.cpp(736):
dd149677-3d47-4e05-a55f-4e75b13a441f: Процесс завершается. Исходящий вызов запрещен.'
05:58.268034-0,EXCP,0,process=rphost,OSThread=2620,Exception=dd149677-3d47-4e05-a55f-4e75b13a441f,Descr='src\rserver\src\rmngrcalls.cpp(732):
dd149677-3d47-4e05-a55f-4e75b13a441f: Процесс завершается. Исходящий вызов запрещен.'
05:58.268035-0,EXCP,0,process=rphost,OSThread=2620,Exception=dd149677-3d47-4e05-a55f-4e75b13a441f,Descr='src\rtrsrvc\src\remoteinterfaceimpl.cpp(736):
dd149677-3d47-4e05-a55f-4e75b13a441f: Процесс завершается. Исходящий вызов запрещен.'
05:58.268036-0,EXCP,0,process=rphost,OSThread=2620,Exception=dd149677-3d47-4e05-a55f-4e75b13a441f,Descr='src\rtrsrvc\src\remoteinterfaceimpl.cpp(736):
dd149677-3d47-4e05-a55f-4e75b13a441f: Процесс завершается. Исходящий вызов запрещен.'
05:58.268037-0,EXCP,0,process=rphost,OSThread=2620,Exception=dd149677-3d47-4e05-a55f-4e75b13a441f,Descr='src\rtrsrvc\src\remoteinterfaceimpl.cpp(736):
dd149677-3d47-4e05-a55f-4e75b13a441f: Процесс завершается. Исходящий вызов запрещен.'
05:58.268038-0,EXCP,0,process=rphost,OSThread=2620,Exception=dd149677-3d47-4e05-a55f-4e75b13a441f,Descr='src\rtrsrvc\src\remoteinterfaceimpl.cpp(736):
dd149677-3d47-4e05-a55f-4e75b13a441f: Процесс завершается. Исходящий вызов запрещен.'
05:58.268039-0,EXCP,0,process=rphost,OSThread=2620,Exception=dd149677-3d47-4e05-a55f-4e75b13a441f,Descr='src\rtrsrvc\src\remoteinterfaceimpl.cpp(736):
dd149677-3d47-4e05-a55f-4e75b13a441f: Процесс завершается. Исходящий вызов запрещен.'
05:58.268040-0,EXCP,0,process=rphost,OSThread=2620,Exception=dd149677-3d47-4e05-a55f-4e75b13a441f,Descr='src\rtrsrvc\src\remoteinterfaceimpl.cpp(736):
dd149677-3d47-4e05-a55f-4e75b13a441f: Процесс завершается. Исходящий вызов запрещен.'
05:58.268041-0,EXCP,0,process=rphost,OSThread=2620,Exception=dd149677-3d47-4e05-a55f-4e75b13a441f,Descr='src\rtrsrvc\src\remoteinterfaceimpl.cpp(736):
dd149677-3d47-4e05-a55f-4e75b13a441f: Процесс завершается. Исходящий вызов запрещен.'
05:58.268042-0,EXCP,0,process=rphost,OSThread=2620,Exception=dd149677-3d47-4e05-a55f-4e75b13a441f,Descr='src\rtrsrvc\src\remoteinterfaceimpl.cpp(736):
dd149677-3d47-4e05-a55f-4e75b13a441f: Процесс завершается. Исходящий вызов запрещен.'
05:58.268043-0,EXCP,0,process=rphost,OSThread=2620,Exception=dd149677-3d47-4e05-a55f-4e75b13a441f,Descr='src\rtrsrvc\src\remoteinterfaceimpl.cpp(736):
dd149677-3d47-4e05-a55f-4e75b13a441f: Процесс завершается. Исходящий вызов запрещен.'
05:58.268044-0,EXCP,0,process=rphost,OSThread=2620,Exception=dd149677-3d47-4e05-a55f-4e75b13a441f,Descr='src\rtrsrvc\src\remoteinterfaceimpl.cpp(736):
dd149677-3d47-4e05-a55f-4e75b13a441f: Процесс завершается. Исходящий вызов запрещен.'
05:58.268045-0,EXCP,0,process=rphost,OSThread=2620,Exception=dd149677-3d47-4e05-a55f-4e75b13a441f,Descr='src\rtrsrvc\src\remoteinterfaceimpl.cpp(736):
dd149677-3d47-4e05-a55f-4e75b13a441f: Процесс завершается. Исходящий вызов запрещен.'
05:58.268046-0,EXCP,0,process=rphost,OSThread=2620,Exception=dd149677-3d47-4e05-a55f-4e75b13a441f,Descr='src\rtrsrvc\src\remoteinterfaceimpl.cpp(736):
dd149677-3d47-4e05-a55f-4e75b13a441f: Процесс завершается. Исходящий вызов запрещен.'
05:58.268047-0,EXCP,0,process=rphost,OSThread=2620,Exception=dd149677-3d47-4e05-a55f-4e75b13a441f,Descr='src\rtrsrvc\src\remoteinterfaceimpl.cpp(736):
dd149677-3d47-4e05-a55f-4e75b13a441f: Процесс завершается. Исходящий вызов запрещен.'
05:58.268048-0,EXCP,0,process=rphost,OSThread=2620,Exception=dd149677-3d47-4e05-a55f-4e75b13a441f,Descr='src\rtrsrvc\src\remoteinterfaceimpl.cpp(736):
dd149677-3d47-4e05-a55f-4e75b13a441f: Процесс завершается. Исходящий вызов запрещен.'
05:58.268053-0,EXCP,0,process=rphost,OSThread=2620,Exception=96380a22-60f7-4a8b-8fca-1224e6bc518f,Descr='src\rserver\src\rmngrcalls.cpp(951):
96380a22-60f7-4a8b-8fca-1224e6bc518f: onFinishConnection'
05:58.268054-0,EXCP,0,process=rphost,OSThread=2620,Exception=dd149677-3d47-4e05-a55f-4e75b13a441f,Descr='src\rserver\src\rmngrcalls.cpp(586):
dd149677-3d47-4e05-a55f-4e75b13a441f: Процесс завершается. Исходящий вызов запрещен.'
05:58.471000-0,EXCP,0,process=rphost,OSThread=2620,Exception=dd149677-3d47-4e05-a55f-4e75b13a441f,Descr='src\rserver\src\rmngrcalls.cpp(586):
dd149677-3d47-4e05-a55f-4e75b13a441f: Процесс завершается. Исходящий вызов запрещен.'
05:58.471001-0,EXCP,0,process=rphost,OSThread=2620,Exception=dd149677-3d47-4e05-a55f-4e75b13a441f,Descr='src\rserver\src\rhostimpl.cpp(6261):
dd149677-3d47-4e05-a55f-4e75b13a441f: Процесс завершается. Исходящий вызов запрещен.'
05:58.471002-0,EXCP,0,process=rphost,OSThread=2620,Exception=dd149677-3d47-4e05-a55f-4e75b13a441f,Descr='src\rserver\src\rmngrcalls.cpp(739):
dd149677-3d47-4e05-a55f-4e75b13a441f: Процесс завершается. Исходящий вызов запрещен.'
05:58.471003-0,EXCP,0,process=rphost,OSThread=2620,Exception=dd149677-3d47-4e05-a55f-4e75b13a441f,Descr='src\rserver\src\rmngrcalls.cpp(739):
dd149677-3d47-4e05-a55f-4e75b13a441f: Процесс завершается. Исходящий вызов запрещен.'
05:58.471004-0,EXCP,0,process=rphost,OSThread=2620,Exception=96380a22-60f7-4a8b-8fca-1224e6bc518f,Descr='src\rserver\src\rmngrcalls.cpp(951):
96380a22-60f7-4a8b-8fca-1224e6bc518f: onFinishConnection'
06:00.409000-0,PROC,1,process=rphost,OSThread=6380,Err=0,Txt=1C:Enterprise 8.3 (x86-64) (8.3.14.1694) Working Process finished.
