26:55.391004-0,EXCP,2,process=rphost,p:processName=bi_bk3wk1_prod_01,OSThread=3444,t:clientID=8,t:applicationName=1CV8C,t:computerName=DC1RDSH09,Exception=SeanceContextException,Descr='Сеанс отсутствует или удален
ID=2228fd57-146a-4aa4-9b1b-cf5a43367fd9, File=d:\jenkins\ci_builder2\windowsbuild2\platform\src\rserver\src\clusterdistribimpl.cpp(1439)'
26:55.391005-0,EXCP,2,process=rphost,p:processName=bi_bk3wk1_prod_01,OSThread=3444,t:clientID=8,t:applicationName=1CV8C,t:computerName=DC1RDSH09,Exception=580392e6-ba49-4280-ac67-fcd6f2180121,Descr='src\vrsbase\src\vresourceinfobaseimpl.cpp(1058):
580392e6-ba49-4280-ac67-fcd6f2180121: Ошибка работы сеанса
Ошибка при выполнении запроса POST к ресурсу /e1cib/modules/call:
60c686dc-798f-4d17-aadb-a90156a16eb8: Сеанс отсутствует или удален
ID=2228fd57-146a-4aa4-9b1b-cf5a43367fd9, File=d:\jenkins\ci_builder2\windowsbuild2\platform\src\rserver\src\clusterdistribimpl.cpp(1439)'
26:55.532004-0,EXCP,2,process=rphost,p:processName=bi_bk3wk1_prod_01,OSThread=9364,t:clientID=7,t:applicationName=1CV8C,t:computerName=DC1RDSH09,Exception=SeanceContextException,Descr='Сеанс отсутствует или удален
ID=eea75a8d-3e7c-4add-9b3d-7919c0f4e5c4, File=d:\jenkins\ci_builder2\windowsbuild2\platform\src\rserver\src\clusterdistribimpl.cpp(1439)'
26:55.532005-0,EXCP,2,process=rphost,p:processName=bi_bk3wk1_prod_01,OSThread=9364,t:clientID=7,t:applicationName=1CV8C,t:computerName=DC1RDSH09,Exception=580392e6-ba49-4280-ac67-fcd6f2180121,Descr='src\vrsbase\src\vresourceinfobaseimpl.cpp(1058):
580392e6-ba49-4280-ac67-fcd6f2180121: Ошибка работы сеанса
Ошибка при выполнении запроса POST к ресурсу /e1cib/modules/call:
60c686dc-798f-4d17-aadb-a90156a16eb8: Сеанс отсутствует или удален
ID=eea75a8d-3e7c-4add-9b3d-7919c0f4e5c4, File=d:\jenkins\ci_builder2\windowsbuild2\platform\src\rserver\src\clusterdistribimpl.cpp(1439)'
27:00.360001-0,EXCP,0,process=rphost,OSThread=8312,ClientID=10,Exception=NetDataExchangeException,Descr='server_addr=(2)10.225.32.108:60730 descr=10054(0x00002746): Удаленный хост принудительно разорвал существующее подключение.  line=1149 file=d:\jenkins\ci_builder2\windowsbuild2\platform\src\rtrsrvc\src\dataexchangeserverimpl.cpp'
27:00.360002-0,EXCPCNTX,0,ClientComputerName=,ServerComputerName=,UserName=,ConnectString=
27:00.360004-0,EXCP,0,process=rphost,OSThread=8312,ClientID=7,Exception=NetDataExchangeException,Descr='server_addr=(2)10.225.32.108:60713 descr=10054(0x00002746): Удаленный хост принудительно разорвал существующее подключение.  line=1149 file=d:\jenkins\ci_builder2\windowsbuild2\platform\src\rtrsrvc\src\dataexchangeserverimpl.cpp'
27:00.360005-0,EXCPCNTX,0,ClientComputerName=,ServerComputerName=,UserName=,ConnectString=
27:00.360014-0,EXCP,0,process=rphost,OSThread=8312,ClientID=11,Exception=NetDataExchangeException,Descr='server_addr=(2)10.225.32.108:60731 descr=10054(0x00002746): Удаленный хост принудительно разорвал существующее подключение.  line=1149 file=d:\jenkins\ci_builder2\windowsbuild2\platform\src\rtrsrvc\src\dataexchangeserverimpl.cpp'
27:00.360016-0,EXCPCNTX,0,ClientComputerName=,ServerComputerName=,UserName=,ConnectString=
27:00.360015-0,EXCP,0,process=rphost,OSThread=3640,ClientID=8,Exception=NetDataExchangeException,Descr='server_addr=(2)10.225.32.108:60720 descr=10054(0x00002746): Удаленный хост принудительно разорвал существующее подключение.  line=1149 file=d:\jenkins\ci_builder2\windowsbuild2\platform\src\rtrsrvc\src\dataexchangeserverimpl.cpp'
27:00.360017-0,EXCPCNTX,0,ClientComputerName=,ServerComputerName=,UserName=,ConnectString=
