49:28.552002-0,PROC,1,process=rphost,OSThread=4976,Err=0,Txt=1C:Enterprise 8.3 (x86-64) (8.3.14.1694) Working Process started. Ctrl+C to exit.
49:30.630026-0,EXCP,3,process=rphost,p:processName=bi_bk3wk1_prod_01,OSThread=6888,t:clientID=5,t:applicationName=BackgroundJob,t:computerName=DC2BUHAPP11,Exception=8f8dade6-0d65-407c-8c6f-d8fda540435e,Descr='src\rserver\src\serverjobexecutor.cpp(1015):
8f8dade6-0d65-407c-8c6f-d8fda540435e: Задание отменено пользователем '
49:30.662032-0,EXCP,3,process=rphost,p:processName=bi_bk3wk1_prod_01,OSThread=4240,t:clientID=6,t:applicationName=BackgroundJob,t:computerName=DC2BUHAPP11,Exception=8f8dade6-0d65-407c-8c6f-d8fda540435e,Descr='src\rserver\src\serverjobexecutor.cpp(1015):
8f8dade6-0d65-407c-8c6f-d8fda540435e: Задание отменено пользователем '
49:40.505008-0,ADMIN,3,process=rphost,p:processName=ServerJobExecutorContext,OSThread=6596,t:clientID=4,t:applicationName=JobScheduler,t:computerName=DC2BUHAPP11,Func=killClient,ClusterID=8aa94e2b-5d54-4b86-800b-79353ce39638,ConnectionID=56dbc3eb-c343-479b-ab06-59d6f8157e9d,Mode=0,Ref=bi_bk3wk1_prod_01(bi_bk3wk1_prod_01),Host=DC2BUHAPP11,Connection=3585,Administrator=Unknown,Result=Success
49:40.537037-0,EXCP,2,process=rphost,p:processName=bi_bk3wk1_prod_01,OSThread=7216,t:clientID=12,t:applicationName=BackgroundJob,t:computerName=DC2BUHAPP11,t:connectID=3585,SessionID=4603,Usr=Шокарова Нургуль Кайратовна,Exception=95c658d1-d3d5-4ea9-8a81-1bf820fea4a8,Descr='src\rscalls\src\remotecalllistenerimpl.cpp(3793):
95c658d1-d3d5-4ea9-8a81-1bf820fea4a8: Сеанс работы завершен администратором.'
49:40.537038-0,EXCP,2,process=rphost,p:processName=bi_bk3wk1_prod_01,OSThread=7216,t:clientID=12,t:applicationName=BackgroundJob,t:computerName=DC2BUHAPP11,t:connectID=3585,SessionID=4603,Usr=Шокарова Нургуль Кайратовна,Exception=95c658d1-d3d5-4ea9-8a81-1bf820fea4a8,Descr='src\rserver\src\serverjobexecutor.cpp(1024):
95c658d1-d3d5-4ea9-8a81-1bf820fea4a8: Сеанс работы завершен администратором.'
49:40.537044-0,EXCP,3,process=rphost,p:processName=bi_bk3wk1_prod_01,OSThread=7216,t:clientID=12,t:applicationName=BackgroundJob,t:computerName=DC2BUHAPP11,t:connectID=3585,SessionID=4603,Usr=Шокарова Нургуль Кайратовна,Exception=SeanceContextException,Descr='Сеанс отсутствует или удален
ID=8a667e59-0985-4789-b90e-03a5bbd5961e, File=d:\jenkins\ci_builder2\windowsbuild2\platform\src\rserver\src\clusterdistribimpl.cpp(1439)'
49:40.537046-0,EXCP,2,process=rphost,p:processName=bi_bk3wk1_prod_01,OSThread=7216,t:clientID=12,t:applicationName=BackgroundJob,t:computerName=DC2BUHAPP11,t:connectID=3585,SessionID=4603,Usr=Шокарова Нургуль Кайратовна,Exception=60c686dc-798f-4d17-aadb-a90156a16eb8,Descr='src\rserver\src\rmngrcalls.cpp(476):
60c686dc-798f-4d17-aadb-a90156a16eb8: Сеанс отсутствует или удален
ID=8a667e59-0985-4789-b90e-03a5bbd5961e, File=d:\jenkins\ci_builder2\windowsbuild2\platform\src\rserver\src\clusterdistribimpl.cpp(1439)'
49:40.740000-0,EXCP,2,process=rphost,p:processName=bi_bk3wk1_prod_01,OSThread=7216,t:clientID=12,t:applicationName=BackgroundJob,t:computerName=DC2BUHAPP11,t:connectID=3585,SessionID=4603,Usr=Шокарова Нургуль Кайратовна,Exception=SeanceContextException,Descr='Сеанс отсутствует или удален
ID=8a667e59-0985-4789-b90e-03a5bbd5961e, File=d:\jenkins\ci_builder2\windowsbuild2\platform\src\rserver\src\rmngrcalls.cpp(364)'
49:40.740001-0,EXCP,2,process=rphost,p:processName=bi_bk3wk1_prod_01,OSThread=7216,t:clientID=12,t:applicationName=BackgroundJob,t:computerName=DC2BUHAPP11,t:connectID=3585,SessionID=4603,Usr=Шокарова Нургуль Кайратовна,Exception=60c686dc-798f-4d17-aadb-a90156a16eb8,Descr='src\rserver\src\serverjobexecutor.cpp(1095):
60c686dc-798f-4d17-aadb-a90156a16eb8: Сеанс отсутствует или удален
ID=8a667e59-0985-4789-b90e-03a5bbd5961e, File=d:\jenkins\ci_builder2\windowsbuild2\platform\src\rserver\src\rmngrcalls.cpp(364)'
49:40.740003-0,EXCP,3,process=rphost,p:processName=bi_bk3wk1_prod_01,OSThread=7216,t:clientID=12,t:applicationName=BackgroundJob,t:computerName=DC2BUHAPP11,t:connectID=3585,SessionID=4603,Usr=Шокарова Нургуль Кайратовна,Exception=SeanceContextException,Descr='Сеанс отсутствует или удален
ID=8a667e59-0985-4789-b90e-03a5bbd5961e, File=d:\jenkins\ci_builder2\windowsbuild2\platform\src\rserver\src\clusterdistribimpl.cpp(1439)'
49:40.740005-0,EXCP,2,process=rphost,p:processName=bi_bk3wk1_prod_01,OSThread=7216,t:clientID=12,t:applicationName=BackgroundJob,t:computerName=DC2BUHAPP11,t:connectID=3585,SessionID=4603,Usr=Шокарова Нургуль Кайратовна,Exception=60c686dc-798f-4d17-aadb-a90156a16eb8,Descr='src\rserver\src\rmngrcalls.cpp(476):
60c686dc-798f-4d17-aadb-a90156a16eb8: Сеанс отсутствует или удален
ID=8a667e59-0985-4789-b90e-03a5bbd5961e, File=d:\jenkins\ci_builder2\windowsbuild2\platform\src\rserver\src\clusterdistribimpl.cpp(1439)'
49:40.755006-0,EXCP,2,process=rphost,p:processName=bi_bk3wk1_prod_01,OSThread=7216,t:clientID=12,t:applicationName=BackgroundJob,t:computerName=DC2BUHAPP11,t:connectID=3585,SessionID=4603,Usr=Шокарова Нургуль Кайратовна,Exception=SeanceContextException,Descr='Сеанс отсутствует или удален
ID=8a667e59-0985-4789-b90e-03a5bbd5961e, File=d:\jenkins\ci_builder2\windowsbuild2\platform\src\rserver\src\rmngrcalls.cpp(364)'
49:48.896079-0,EXCP,3,process=rphost,p:processName=bi_bk3wk1_prod_01,OSThread=4240,t:clientID=13,t:applicationName=BackgroundJob,t:computerName=DC2BUHAPP11,t:connectID=3589,SessionID=4608,Usr=Шокарова Нургуль Кайратовна,Exception=8f8dade6-0d65-407c-8c6f-d8fda540435e,Descr='src\rserver\src\serverjobexecutor.cpp(1015):
8f8dade6-0d65-407c-8c6f-d8fda540435e: Задание отменено пользователем '
50:02.787006-0,EXCP,3,process=rphost,p:processName=bi_bk3wk1_prod_01,OSThread=3620,t:clientID=15,t:applicationName=BackgroundJob,t:computerName=DC2BUHAPP11,Exception=8f8dade6-0d65-407c-8c6f-d8fda540435e,Descr='src\rserver\src\serverjobexecutor.cpp(1015):
8f8dade6-0d65-407c-8c6f-d8fda540435e: Задание отменено пользователем '
50:11.052168-0,EXCP,3,process=rphost,p:processName=bi_bk3wk1_prod_01,OSThread=2848,t:clientID=19,t:applicationName=BackgroundJob,t:computerName=DC2BUHAPP11,t:connectID=3611,SessionID=4630,Usr=Карагужин Арман Бахыткереевич,Exception=8f8dade6-0d65-407c-8c6f-d8fda540435e,Descr='src\rserver\src\serverjobexecutor.cpp(1015):
8f8dade6-0d65-407c-8c6f-d8fda540435e: Задание отменено пользователем '
50:37.194051-0,ADMIN,3,process=rphost,p:processName=ServerJobExecutorContext,OSThread=6596,t:clientID=4,t:applicationName=JobScheduler,t:computerName=DC2BUHAPP11,Func=killClient,ClusterID=8aa94e2b-5d54-4b86-800b-79353ce39638,ConnectionID=4b045120-debf-41a5-9e07-5ae032a8d909,Mode=0,Ref=bi_bk3wk1_prod_01(bi_bk3wk1_prod_01),Host=DC2BUHAPP11,Connection=3650,Administrator=Unknown,Result=Success
50:37.600014-0,EXCP,3,process=rphost,p:processName=bi_bk3wk1_prod_01,OSThread=7856,t:clientID=24,t:applicationName=BackgroundJob,t:computerName=DC2BUHAPP11,t:connectID=3650,SessionID=4639,Usr=Шокарова Нургуль Кайратовна,Exception=SeanceContextException,Descr='Сеанс отсутствует или удален
ID=6c1bc8ec-8c13-403a-89ab-2a9fe5470fe3, File=d:\jenkins\ci_builder2\windowsbuild2\platform\src\rserver\src\clusterdistribimpl.cpp(1439)'
50:37.600016-0,EXCP,2,process=rphost,p:processName=bi_bk3wk1_prod_01,OSThread=7856,t:clientID=24,t:applicationName=BackgroundJob,t:computerName=DC2BUHAPP11,t:connectID=3650,SessionID=4639,Usr=Шокарова Нургуль Кайратовна,Exception=60c686dc-798f-4d17-aadb-a90156a16eb8,Descr='src\rserver\src\rmngrcalls.cpp(476):
60c686dc-798f-4d17-aadb-a90156a16eb8: Сеанс отсутствует или удален
ID=6c1bc8ec-8c13-403a-89ab-2a9fe5470fe3, File=d:\jenkins\ci_builder2\windowsbuild2\platform\src\rserver\src\clusterdistribimpl.cpp(1439)'
50:37.647006-0,EXCP,2,process=rphost,p:processName=bi_bk3wk1_prod_01,OSThread=7856,t:clientID=24,t:applicationName=BackgroundJob,t:computerName=DC2BUHAPP11,t:connectID=3650,SessionID=4639,Usr=Шокарова Нургуль Кайратовна,Exception=SeanceContextException,Descr='Сеанс отсутствует или удален
ID=6c1bc8ec-8c13-403a-89ab-2a9fe5470fe3, File=d:\jenkins\ci_builder2\windowsbuild2\platform\src\rserver\src\rmngrcalls.cpp(364)'
50:37.647007-0,EXCP,2,process=rphost,p:processName=bi_bk3wk1_prod_01,OSThread=7856,t:clientID=24,t:applicationName=BackgroundJob,t:computerName=DC2BUHAPP11,t:connectID=3650,SessionID=4639,Usr=Шокарова Нургуль Кайратовна,Exception=60c686dc-798f-4d17-aadb-a90156a16eb8,Descr='src\rserver\src\serverjobexecutor.cpp(1095):
60c686dc-798f-4d17-aadb-a90156a16eb8: Сеанс отсутствует или удален
ID=6c1bc8ec-8c13-403a-89ab-2a9fe5470fe3, File=d:\jenkins\ci_builder2\windowsbuild2\platform\src\rserver\src\rmngrcalls.cpp(364)'
50:37.647012-0,EXCP,3,process=rphost,p:processName=bi_bk3wk1_prod_01,OSThread=7856,t:clientID=24,t:applicationName=BackgroundJob,t:computerName=DC2BUHAPP11,t:connectID=3650,SessionID=4639,Usr=Шокарова Нургуль Кайратовна,Exception=SeanceContextException,Descr='Сеанс отсутствует или удален
ID=6c1bc8ec-8c13-403a-89ab-2a9fe5470fe3, File=d:\jenkins\ci_builder2\windowsbuild2\platform\src\rserver\src\clusterdistribimpl.cpp(1439)'
50:37.647014-0,EXCP,2,process=rphost,p:processName=bi_bk3wk1_prod_01,OSThread=7856,t:clientID=24,t:applicationName=BackgroundJob,t:computerName=DC2BUHAPP11,t:connectID=3650,SessionID=4639,Usr=Шокарова Нургуль Кайратовна,Exception=60c686dc-798f-4d17-aadb-a90156a16eb8,Descr='src\rserver\src\rmngrcalls.cpp(476):
60c686dc-798f-4d17-aadb-a90156a16eb8: Сеанс отсутствует или удален
ID=6c1bc8ec-8c13-403a-89ab-2a9fe5470fe3, File=d:\jenkins\ci_builder2\windowsbuild2\platform\src\rserver\src\clusterdistribimpl.cpp(1439)'
50:37.678021-0,ADMIN,3,process=rphost,p:processName=ServerJobExecutorContext,OSThread=6596,t:clientID=4,t:applicationName=JobScheduler,t:computerName=DC2BUHAPP11,Func=killClient,ClusterID=8aa94e2b-5d54-4b86-800b-79353ce39638,ConnectionID=aff34790-bf2c-4057-9350-36db9979ee26,Mode=0,Ref=bi_bk3wk1_prod_01(bi_bk3wk1_prod_01),Host=DC2BUHAPP11,Connection=3651,Administrator=Unknown,Result=Success
50:37.850000-0,EXCP,2,process=rphost,p:processName=bi_bk3wk1_prod_01,OSThread=7856,t:clientID=24,t:applicationName=BackgroundJob,t:computerName=DC2BUHAPP11,t:connectID=3650,SessionID=4639,Usr=Шокарова Нургуль Кайратовна,Exception=SeanceContextException,Descr='Сеанс отсутствует или удален
ID=6c1bc8ec-8c13-403a-89ab-2a9fe5470fe3, File=d:\jenkins\ci_builder2\windowsbuild2\platform\src\rserver\src\rmngrcalls.cpp(364)'
50:38.053023-0,EXCP,3,process=rphost,p:processName=bi_bk3wk1_prod_01,OSThread=7344,t:clientID=25,t:applicationName=BackgroundJob,t:computerName=DC2BUHAPP11,t:connectID=3651,SessionID=4640,Usr=Шокарова Нургуль Кайратовна,Exception=SeanceContextException,Descr='Сеанс отсутствует или удален
ID=e3c6e693-aba0-45a5-8c33-7ea30dbd14d8, File=d:\jenkins\ci_builder2\windowsbuild2\platform\src\rserver\src\clusterdistribimpl.cpp(1439)'
50:38.053025-0,EXCP,2,process=rphost,p:processName=bi_bk3wk1_prod_01,OSThread=7344,t:clientID=25,t:applicationName=BackgroundJob,t:computerName=DC2BUHAPP11,t:connectID=3651,SessionID=4640,Usr=Шокарова Нургуль Кайратовна,Exception=60c686dc-798f-4d17-aadb-a90156a16eb8,Descr='src\rserver\src\rmngrcalls.cpp(476):
60c686dc-798f-4d17-aadb-a90156a16eb8: Сеанс отсутствует или удален
ID=e3c6e693-aba0-45a5-8c33-7ea30dbd14d8, File=d:\jenkins\ci_builder2\windowsbuild2\platform\src\rserver\src\clusterdistribimpl.cpp(1439)'
50:38.194042-0,ADMIN,3,process=rphost,p:processName=ServerJobExecutorContext,OSThread=6596,t:clientID=4,t:applicationName=JobScheduler,t:computerName=DC2BUHAPP11,Func=killClient,ClusterID=8aa94e2b-5d54-4b86-800b-79353ce39638,ConnectionID=a57279cf-8f69-478c-8f25-4fff22b589f4,Mode=0,Ref=bi_bk3wk1_prod_01(bi_bk3wk1_prod_01),Host=DC2BUHAPP11,Connection=3652,Administrator=Unknown,Result=Success
50:38.256000-0,EXCP,2,process=rphost,p:processName=bi_bk3wk1_prod_01,OSThread=7344,t:clientID=25,t:applicationName=BackgroundJob,t:computerName=DC2BUHAPP11,t:connectID=3651,SessionID=4640,Usr=Шокарова Нургуль Кайратовна,Exception=SeanceContextException,Descr='Сеанс отсутствует или удален
ID=e3c6e693-aba0-45a5-8c33-7ea30dbd14d8, File=d:\jenkins\ci_builder2\windowsbuild2\platform\src\rserver\src\rmngrcalls.cpp(364)'
50:38.256001-0,EXCP,2,process=rphost,p:processName=bi_bk3wk1_prod_01,OSThread=7344,t:clientID=25,t:applicationName=BackgroundJob,t:computerName=DC2BUHAPP11,t:connectID=3651,SessionID=4640,Usr=Шокарова Нургуль Кайратовна,Exception=60c686dc-798f-4d17-aadb-a90156a16eb8,Descr='src\rserver\src\serverjobexecutor.cpp(1095):
60c686dc-798f-4d17-aadb-a90156a16eb8: Сеанс отсутствует или удален
ID=e3c6e693-aba0-45a5-8c33-7ea30dbd14d8, File=d:\jenkins\ci_builder2\windowsbuild2\platform\src\rserver\src\rmngrcalls.cpp(364)'
50:38.256009-0,EXCP,3,process=rphost,p:processName=bi_bk3wk1_prod_01,OSThread=7344,t:clientID=25,t:applicationName=BackgroundJob,t:computerName=DC2BUHAPP11,t:connectID=3651,SessionID=4640,Usr=Шокарова Нургуль Кайратовна,Exception=SeanceContextException,Descr='Сеанс отсутствует или удален
ID=e3c6e693-aba0-45a5-8c33-7ea30dbd14d8, File=d:\jenkins\ci_builder2\windowsbuild2\platform\src\rserver\src\clusterdistribimpl.cpp(1439)'
50:38.256011-0,EXCP,2,process=rphost,p:processName=bi_bk3wk1_prod_01,OSThread=7344,t:clientID=25,t:applicationName=BackgroundJob,t:computerName=DC2BUHAPP11,t:connectID=3651,SessionID=4640,Usr=Шокарова Нургуль Кайратовна,Exception=60c686dc-798f-4d17-aadb-a90156a16eb8,Descr='src\rserver\src\rmngrcalls.cpp(476):
60c686dc-798f-4d17-aadb-a90156a16eb8: Сеанс отсутствует или удален
ID=e3c6e693-aba0-45a5-8c33-7ea30dbd14d8, File=d:\jenkins\ci_builder2\windowsbuild2\platform\src\rserver\src\clusterdistribimpl.cpp(1439)'
50:38.460000-0,EXCP,2,process=rphost,p:processName=bi_bk3wk1_prod_01,OSThread=7344,t:clientID=25,t:applicationName=BackgroundJob,t:computerName=DC2BUHAPP11,t:connectID=3651,SessionID=4640,Usr=Шокарова Нургуль Кайратовна,Exception=SeanceContextException,Descr='Сеанс отсутствует или удален
ID=e3c6e693-aba0-45a5-8c33-7ea30dbd14d8, File=d:\jenkins\ci_builder2\windowsbuild2\platform\src\rserver\src\rmngrcalls.cpp(364)'
50:38.491031-0,EXCP,3,process=rphost,p:processName=bi_bk3wk1_prod_01,OSThread=4684,t:clientID=26,t:applicationName=BackgroundJob,t:computerName=DC2BUHAPP11,t:connectID=3652,SessionID=4641,Usr=Шокарова Нургуль Кайратовна,Exception=SeanceContextException,Descr='Сеанс отсутствует или удален
ID=6d1d1f50-0133-42b5-a514-5a0098ccb49b, File=d:\jenkins\ci_builder2\windowsbuild2\platform\src\rserver\src\clusterdistribimpl.cpp(1439)'
50:38.491033-0,EXCP,2,process=rphost,p:processName=bi_bk3wk1_prod_01,OSThread=4684,t:clientID=26,t:applicationName=BackgroundJob,t:computerName=DC2BUHAPP11,t:connectID=3652,SessionID=4641,Usr=Шокарова Нургуль Кайратовна,Exception=60c686dc-798f-4d17-aadb-a90156a16eb8,Descr='src\rserver\src\rmngrcalls.cpp(476):
60c686dc-798f-4d17-aadb-a90156a16eb8: Сеанс отсутствует или удален
ID=6d1d1f50-0133-42b5-a514-5a0098ccb49b, File=d:\jenkins\ci_builder2\windowsbuild2\platform\src\rserver\src\clusterdistribimpl.cpp(1439)'
50:38.631047-0,ADMIN,3,process=rphost,p:processName=ServerJobExecutorContext,OSThread=6596,t:clientID=4,t:applicationName=JobScheduler,t:computerName=DC2BUHAPP11,Func=killClient,ClusterID=8aa94e2b-5d54-4b86-800b-79353ce39638,ConnectionID=fa870934-2c0d-4ab9-854a-5118737994cb,Mode=0,Ref=bi_bk3wk1_prod_01(bi_bk3wk1_prod_01),Host=DC2BUHAPP11,Connection=3653,Administrator=Unknown,Result=Success
50:38.663020-0,EXCP,2,process=rphost,p:processName=bi_bk3wk1_prod_01,OSThread=4684,t:clientID=26,t:applicationName=BackgroundJob,t:computerName=DC2BUHAPP11,t:connectID=3652,SessionID=4641,Usr=Шокарова Нургуль Кайратовна,Exception=SeanceContextException,Descr='Сеанс отсутствует или удален
ID=6d1d1f50-0133-42b5-a514-5a0098ccb49b, File=d:\jenkins\ci_builder2\windowsbuild2\platform\src\rserver\src\rmngrcalls.cpp(364)'
50:38.663021-0,EXCP,2,process=rphost,p:processName=bi_bk3wk1_prod_01,OSThread=4684,t:clientID=26,t:applicationName=BackgroundJob,t:computerName=DC2BUHAPP11,t:connectID=3652,SessionID=4641,Usr=Шокарова Нургуль Кайратовна,Exception=60c686dc-798f-4d17-aadb-a90156a16eb8,Descr='src\rserver\src\serverjobexecutor.cpp(1095):
60c686dc-798f-4d17-aadb-a90156a16eb8: Сеанс отсутствует или удален
ID=6d1d1f50-0133-42b5-a514-5a0098ccb49b, File=d:\jenkins\ci_builder2\windowsbuild2\platform\src\rserver\src\rmngrcalls.cpp(364)'
50:38.663039-0,EXCP,3,process=rphost,p:processName=bi_bk3wk1_prod_01,OSThread=4684,t:clientID=26,t:applicationName=BackgroundJob,t:computerName=DC2BUHAPP11,t:connectID=3652,SessionID=4641,Usr=Шокарова Нургуль Кайратовна,Exception=SeanceContextException,Descr='Сеанс отсутствует или удален
ID=6d1d1f50-0133-42b5-a514-5a0098ccb49b, File=d:\jenkins\ci_builder2\windowsbuild2\platform\src\rserver\src\clusterdistribimpl.cpp(1439)'
50:38.663043-0,EXCP,2,process=rphost,p:processName=bi_bk3wk1_prod_01,OSThread=4684,t:clientID=26,t:applicationName=BackgroundJob,t:computerName=DC2BUHAPP11,t:connectID=3652,SessionID=4641,Usr=Шокарова Нургуль Кайратовна,Exception=60c686dc-798f-4d17-aadb-a90156a16eb8,Descr='src\rserver\src\rmngrcalls.cpp(476):
60c686dc-798f-4d17-aadb-a90156a16eb8: Сеанс отсутствует или удален
ID=6d1d1f50-0133-42b5-a514-5a0098ccb49b, File=d:\jenkins\ci_builder2\windowsbuild2\platform\src\rserver\src\clusterdistribimpl.cpp(1439)'
50:38.866000-0,EXCP,2,process=rphost,p:processName=bi_bk3wk1_prod_01,OSThread=4684,t:clientID=26,t:applicationName=BackgroundJob,t:computerName=DC2BUHAPP11,t:connectID=3652,SessionID=4641,Usr=Шокарова Нургуль Кайратовна,Exception=SeanceContextException,Descr='Сеанс отсутствует или удален
ID=6d1d1f50-0133-42b5-a514-5a0098ccb49b, File=d:\jenkins\ci_builder2\windowsbuild2\platform\src\rserver\src\rmngrcalls.cpp(364)'
50:39.163008-0,EXCP,3,process=rphost,p:processName=bi_bk3wk1_prod_01,OSThread=7856,t:clientID=27,t:applicationName=BackgroundJob,t:computerName=DC2BUHAPP11,t:connectID=3653,SessionID=4642,Usr=Шокарова Нургуль Кайратовна,Exception=SeanceContextException,Descr='Сеанс отсутствует или удален
ID=0f9d782f-5465-457a-bee6-bfcd5ea259d2, File=d:\jenkins\ci_builder2\windowsbuild2\platform\src\rserver\src\clusterdistribimpl.cpp(1439)'
50:39.163010-0,EXCP,2,process=rphost,p:processName=bi_bk3wk1_prod_01,OSThread=7856,t:clientID=27,t:applicationName=BackgroundJob,t:computerName=DC2BUHAPP11,t:connectID=3653,SessionID=4642,Usr=Шокарова Нургуль Кайратовна,Exception=60c686dc-798f-4d17-aadb-a90156a16eb8,Descr='src\rserver\src\rmngrcalls.cpp(476):
60c686dc-798f-4d17-aadb-a90156a16eb8: Сеанс отсутствует или удален
ID=0f9d782f-5465-457a-bee6-bfcd5ea259d2, File=d:\jenkins\ci_builder2\windowsbuild2\platform\src\rserver\src\clusterdistribimpl.cpp(1439)'
50:39.366000-0,EXCP,2,process=rphost,p:processName=bi_bk3wk1_prod_01,OSThread=7856,t:clientID=27,t:applicationName=BackgroundJob,t:computerName=DC2BUHAPP11,t:connectID=3653,SessionID=4642,Usr=Шокарова Нургуль Кайратовна,Exception=SeanceContextException,Descr='Сеанс отсутствует или удален
ID=0f9d782f-5465-457a-bee6-bfcd5ea259d2, File=d:\jenkins\ci_builder2\windowsbuild2\platform\src\rserver\src\rmngrcalls.cpp(364)'
50:39.366001-0,EXCP,2,process=rphost,p:processName=bi_bk3wk1_prod_01,OSThread=7856,t:clientID=27,t:applicationName=BackgroundJob,t:computerName=DC2BUHAPP11,t:connectID=3653,SessionID=4642,Usr=Шокарова Нургуль Кайратовна,Exception=60c686dc-798f-4d17-aadb-a90156a16eb8,Descr='src\rserver\src\serverjobexecutor.cpp(1095):
60c686dc-798f-4d17-aadb-a90156a16eb8: Сеанс отсутствует или удален
ID=0f9d782f-5465-457a-bee6-bfcd5ea259d2, File=d:\jenkins\ci_builder2\windowsbuild2\platform\src\rserver\src\rmngrcalls.cpp(364)'
50:39.366003-0,EXCP,3,process=rphost,p:processName=bi_bk3wk1_prod_01,OSThread=7856,t:clientID=27,t:applicationName=BackgroundJob,t:computerName=DC2BUHAPP11,t:connectID=3653,SessionID=4642,Usr=Шокарова Нургуль Кайратовна,Exception=SeanceContextException,Descr='Сеанс отсутствует или удален
ID=0f9d782f-5465-457a-bee6-bfcd5ea259d2, File=d:\jenkins\ci_builder2\windowsbuild2\platform\src\rserver\src\clusterdistribimpl.cpp(1439)'
50:39.366005-0,EXCP,2,process=rphost,p:processName=bi_bk3wk1_prod_01,OSThread=7856,t:clientID=27,t:applicationName=BackgroundJob,t:computerName=DC2BUHAPP11,t:connectID=3653,SessionID=4642,Usr=Шокарова Нургуль Кайратовна,Exception=60c686dc-798f-4d17-aadb-a90156a16eb8,Descr='src\rserver\src\rmngrcalls.cpp(476):
60c686dc-798f-4d17-aadb-a90156a16eb8: Сеанс отсутствует или удален
ID=0f9d782f-5465-457a-bee6-bfcd5ea259d2, File=d:\jenkins\ci_builder2\windowsbuild2\platform\src\rserver\src\clusterdistribimpl.cpp(1439)'
50:39.569000-0,EXCP,2,process=rphost,p:processName=bi_bk3wk1_prod_01,OSThread=7856,t:clientID=27,t:applicationName=BackgroundJob,t:computerName=DC2BUHAPP11,t:connectID=3653,SessionID=4642,Usr=Шокарова Нургуль Кайратовна,Exception=SeanceContextException,Descr='Сеанс отсутствует или удален
ID=0f9d782f-5465-457a-bee6-bfcd5ea259d2, File=d:\jenkins\ci_builder2\windowsbuild2\platform\src\rserver\src\rmngrcalls.cpp(364)'
50:56.350238-0,EXCP,4,process=rphost,p:processName=bi_bk3wk1_prod_01,OSThread=7856,t:clientID=29,t:applicationName=BackgroundJob,t:computerName=DC2BUHAPP11,t:connectID=3655,SessionID=4661,Usr=Сламкулов Болат Сансизбаевич,Exception=8f8dade6-0d65-407c-8c6f-d8fda540435e,Descr='src\rserver\src\serverjobexecutor.cpp(1015):
8f8dade6-0d65-407c-8c6f-d8fda540435e: Задание отменено пользователем '
50:56.350241-0,EXCP,3,process=rphost,p:processName=bi_bk3wk1_prod_01,OSThread=3468,t:clientID=40,t:applicationName=BackgroundJob,t:computerName=DC2BUHAPP11,t:connectID=3670,SessionID=4664,Usr=Шокарова Нургуль Кайратовна,Exception=8f8dade6-0d65-407c-8c6f-d8fda540435e,Descr='src\rserver\src\serverjobexecutor.cpp(1015):
8f8dade6-0d65-407c-8c6f-d8fda540435e: Задание отменено пользователем '
50:56.350305-0,EXCP,3,process=rphost,p:processName=bi_bk3wk1_prod_01,OSThread=7092,t:clientID=39,t:applicationName=BackgroundJob,t:computerName=DC2BUHAPP11,t:connectID=3669,SessionID=4663,Usr=Шокарова Нургуль Кайратовна,Exception=8f8dade6-0d65-407c-8c6f-d8fda540435e,Descr='src\rserver\src\serverjobexecutor.cpp(1015):
8f8dade6-0d65-407c-8c6f-d8fda540435e: Задание отменено пользователем '
50:56.350363-0,EXCP,3,process=rphost,p:processName=bi_bk3wk1_prod_01,OSThread=4684,t:clientID=33,t:applicationName=BackgroundJob,t:computerName=DC2BUHAPP11,t:connectID=3662,SessionID=4665,Usr=Сламкулов Болат Сансизбаевич,Exception=8f8dade6-0d65-407c-8c6f-d8fda540435e,Descr='src\rserver\src\serverjobexecutor.cpp(1015):
8f8dade6-0d65-407c-8c6f-d8fda540435e: Задание отменено пользователем '
50:56.350418-0,EXCP,2,process=rphost,p:processName=bi_bk3wk1_prod_01,OSThread=2596,t:clientID=37,t:applicationName=BackgroundJob,t:computerName=DC2BUHAPP11,t:connectID=3667,SessionID=4658,Usr=Шокарова Нургуль Кайратовна,Exception=8f8dade6-0d65-407c-8c6f-d8fda540435e,Descr='src\rserver\src\serverjobexecutor.cpp(1015):
8f8dade6-0d65-407c-8c6f-d8fda540435e: Задание отменено пользователем '
50:56.350465-0,EXCP,2,process=rphost,p:processName=bi_bk3wk1_prod_01,OSThread=3620,t:clientID=31,t:applicationName=BackgroundJob,t:computerName=DC2BUHAPP11,t:connectID=3660,SessionID=4659,Usr=Сламкулов Болат Сансизбаевич,Exception=8f8dade6-0d65-407c-8c6f-d8fda540435e,Descr='src\rserver\src\serverjobexecutor.cpp(1015):
8f8dade6-0d65-407c-8c6f-d8fda540435e: Задание отменено пользователем '
50:56.350559-0,EXCP,3,process=rphost,p:processName=bi_bk3wk1_prod_01,OSThread=2848,t:clientID=30,t:applicationName=BackgroundJob,t:computerName=DC2BUHAPP11,t:connectID=3656,SessionID=4666,Usr=Совцова Балжан Есимовна,Exception=8f8dade6-0d65-407c-8c6f-d8fda540435e,Descr='src\rserver\src\serverjobexecutor.cpp(1015):
8f8dade6-0d65-407c-8c6f-d8fda540435e: Задание отменено пользователем '
50:56.366006-0,EXCP,3,process=rphost,p:processName=bi_bk3wk1_prod_01,OSThread=4536,t:clientID=38,t:applicationName=BackgroundJob,t:computerName=DC2BUHAPP11,t:connectID=3668,SessionID=4667,Usr=Шокарова Нургуль Кайратовна,Exception=8f8dade6-0d65-407c-8c6f-d8fda540435e,Descr='src\rserver\src\serverjobexecutor.cpp(1015):
8f8dade6-0d65-407c-8c6f-d8fda540435e: Задание отменено пользователем '
50:56.366073-0,EXCP,3,process=rphost,p:processName=bi_bk3wk1_prod_01,OSThread=8800,t:clientID=35,t:applicationName=BackgroundJob,t:computerName=DC2BUHAPP11,t:connectID=3665,SessionID=4656,Usr=WK1_Жансүгір_Айзада_Төлеубайқызы,Exception=8f8dade6-0d65-407c-8c6f-d8fda540435e,Descr='src\rserver\src\serverjobexecutor.cpp(1015):
8f8dade6-0d65-407c-8c6f-d8fda540435e: Задание отменено пользователем '
50:56.366085-0,EXCP,2,process=rphost,p:processName=bi_bk3wk1_prod_01,OSThread=6272,t:clientID=32,t:applicationName=BackgroundJob,t:computerName=DC2BUHAPP11,t:connectID=3661,SessionID=4662,Usr=Сламкулов Болат Сансизбаевич,Exception=8f8dade6-0d65-407c-8c6f-d8fda540435e,Descr='src\rserver\src\serverjobexecutor.cpp(1015):
8f8dade6-0d65-407c-8c6f-d8fda540435e: Задание отменено пользователем '
50:57.194005-0,ADMIN,3,process=rphost,p:processName=ServerJobExecutorContext,OSThread=7320,t:clientID=4,t:applicationName=JobScheduler,t:computerName=DC2BUHAPP11,Func=killClient,ClusterID=8aa94e2b-5d54-4b86-800b-79353ce39638,ConnectionID=3c7afd1f-467f-4a26-9dbc-5a8ee31b8c76,Mode=0,Ref=bi_bk3wk1_prod_01(bi_bk3wk1_prod_01),Host=DC2BUHAPP11,Connection=3671,Administrator=Unknown,Result=Success
50:57.194011-0,EXCP,2,process=rphost,p:processName=bi_bk3wk1_prod_01,OSThread=6272,t:clientID=48,t:applicationName=BackgroundJob,t:computerName=DC2BUHAPP11,t:connectID=3671,SessionID=4668,Usr=Шокарова Нургуль Кайратовна,Exception=95c658d1-d3d5-4ea9-8a81-1bf820fea4a8,Descr='src\rscalls\src\remotecalllistenerimpl.cpp(3793):
95c658d1-d3d5-4ea9-8a81-1bf820fea4a8: Сеанс работы завершен администратором.',Context='
МодульСеанса : 7 : СтандартныеПодсистемыСервер.УстановкаПараметровСеанса(ИменаПараметровСеанса);
	ОбщийМодуль.СтандартныеПодсистемыСервер.Модуль : 31 : ПередЗапускомПрограммы();
		ОбщийМодуль.СтандартныеПодсистемыСервер.Модуль : 2428 : Пользователь = Пользователи.ТекущийПользователь();
			ОбщийМодуль.Пользователи.Модуль : 16 : Возврат ПользователиКлиентСервер.ТекущийПользователь();
				ОбщийМодуль.ПользователиКлиентСервер.Модуль : 31 : АвторизованныйПользователь = АвторизованныйПользователь();
					ОбщийМодуль.ПользователиКлиентСервер.Модуль : 14 : Возврат ПользователиСлужебный.АвторизованныйПользователь();
						ОбщийМодуль.ПользователиСлужебный.Модуль : 2012 : Если Не ОбщегоНазначения.ДоступноИспользованиеРазделенныхДанных() Тогда
							ОбщийМодуль.ОбщегоНазначения.Модуль : 2651 : Если ПодсистемаСуществует("СтандартныеПодсистемы.РаботаВМоделиСервиса") Тогда
								ОбщийМодуль.ОбщегоНазначения.Модуль : 4562 : ИменаПодсистем = СтандартныеПодсистемыПовтИсп.ИменаПодсистем();'
50:57.210000-0,EXCP,2,process=rphost,p:processName=bi_bk3wk1_prod_01,OSThread=6272,t:clientID=48,t:applicationName=BackgroundJob,t:computerName=DC2BUHAPP11,t:connectID=3671,SessionID=4668,Usr=Шокарова Нургуль Кайратовна,Exception=95c658d1-d3d5-4ea9-8a81-1bf820fea4a8,Descr='src\rserver\src\serverjobexecutor.cpp(1024):
95c658d1-d3d5-4ea9-8a81-1bf820fea4a8: Сеанс работы завершен администратором.'
50:57.210006-0,EXCP,3,process=rphost,p:processName=bi_bk3wk1_prod_01,OSThread=6272,t:clientID=48,t:applicationName=BackgroundJob,t:computerName=DC2BUHAPP11,t:connectID=3671,SessionID=4668,Usr=Шокарова Нургуль Кайратовна,Exception=SeanceContextException,Descr='Сеанс отсутствует или удален
ID=e542eb37-da20-4f6e-9768-8ae2caae3c7c, File=d:\jenkins\ci_builder2\windowsbuild2\platform\src\rserver\src\clusterdistribimpl.cpp(1439)'
50:57.210008-0,EXCP,2,process=rphost,p:processName=bi_bk3wk1_prod_01,OSThread=6272,t:clientID=48,t:applicationName=BackgroundJob,t:computerName=DC2BUHAPP11,t:connectID=3671,SessionID=4668,Usr=Шокарова Нургуль Кайратовна,Exception=60c686dc-798f-4d17-aadb-a90156a16eb8,Descr='src\rserver\src\rmngrcalls.cpp(476):
60c686dc-798f-4d17-aadb-a90156a16eb8: Сеанс отсутствует или удален
ID=e542eb37-da20-4f6e-9768-8ae2caae3c7c, File=d:\jenkins\ci_builder2\windowsbuild2\platform\src\rserver\src\clusterdistribimpl.cpp(1439)'
50:57.413001-0,EXCP,2,process=rphost,p:processName=bi_bk3wk1_prod_01,OSThread=6272,t:clientID=48,t:applicationName=BackgroundJob,t:computerName=DC2BUHAPP11,t:connectID=3671,SessionID=4668,Usr=Шокарова Нургуль Кайратовна,Exception=SeanceContextException,Descr='Сеанс отсутствует или удален
ID=e542eb37-da20-4f6e-9768-8ae2caae3c7c, File=d:\jenkins\ci_builder2\windowsbuild2\platform\src\rserver\src\rmngrcalls.cpp(364)'
50:57.413002-0,EXCP,2,process=rphost,p:processName=bi_bk3wk1_prod_01,OSThread=6272,t:clientID=48,t:applicationName=BackgroundJob,t:computerName=DC2BUHAPP11,t:connectID=3671,SessionID=4668,Usr=Шокарова Нургуль Кайратовна,Exception=60c686dc-798f-4d17-aadb-a90156a16eb8,Descr='src\rserver\src\serverjobexecutor.cpp(1095):
60c686dc-798f-4d17-aadb-a90156a16eb8: Сеанс отсутствует или удален
ID=e542eb37-da20-4f6e-9768-8ae2caae3c7c, File=d:\jenkins\ci_builder2\windowsbuild2\platform\src\rserver\src\rmngrcalls.cpp(364)'
50:57.413004-0,EXCP,3,process=rphost,p:processName=bi_bk3wk1_prod_01,OSThread=6272,t:clientID=48,t:applicationName=BackgroundJob,t:computerName=DC2BUHAPP11,t:connectID=3671,SessionID=4668,Usr=Шокарова Нургуль Кайратовна,Exception=SeanceContextException,Descr='Сеанс отсутствует или удален
ID=e542eb37-da20-4f6e-9768-8ae2caae3c7c, File=d:\jenkins\ci_builder2\windowsbuild2\platform\src\rserver\src\clusterdistribimpl.cpp(1439)'
50:57.413006-0,EXCP,2,process=rphost,p:processName=bi_bk3wk1_prod_01,OSThread=6272,t:clientID=48,t:applicationName=BackgroundJob,t:computerName=DC2BUHAPP11,t:connectID=3671,SessionID=4668,Usr=Шокарова Нургуль Кайратовна,Exception=60c686dc-798f-4d17-aadb-a90156a16eb8,Descr='src\rserver\src\rmngrcalls.cpp(476):
60c686dc-798f-4d17-aadb-a90156a16eb8: Сеанс отсутствует или удален
ID=e542eb37-da20-4f6e-9768-8ae2caae3c7c, File=d:\jenkins\ci_builder2\windowsbuild2\platform\src\rserver\src\clusterdistribimpl.cpp(1439)'
50:57.616000-0,EXCP,2,process=rphost,p:processName=bi_bk3wk1_prod_01,OSThread=6272,t:clientID=48,t:applicationName=BackgroundJob,t:computerName=DC2BUHAPP11,t:connectID=3671,SessionID=4668,Usr=Шокарова Нургуль Кайратовна,Exception=SeanceContextException,Descr='Сеанс отсутствует или удален
ID=e542eb37-da20-4f6e-9768-8ae2caae3c7c, File=d:\jenkins\ci_builder2\windowsbuild2\platform\src\rserver\src\rmngrcalls.cpp(364)'
51:15.319005-0,ADMIN,3,process=rphost,p:processName=ServerJobExecutorContext,OSThread=9192,t:clientID=4,t:applicationName=JobScheduler,t:computerName=DC2BUHAPP11,Func=killClient,ClusterID=8aa94e2b-5d54-4b86-800b-79353ce39638,ConnectionID=8b362369-bb9e-4b28-a258-c8e2d3150bec,Mode=0,Ref=bi_bk3wk1_prod_01(bi_bk3wk1_prod_01),Host=DC2BUHAPP11,Connection=3681,Administrator=Unknown,Result=Success
51:15.616000-0,EXCP,4,process=rphost,p:processName=bi_bk3wk1_prod_01,OSThread=7216,t:clientID=49,t:applicationName=BackgroundJob,t:computerName=DC2BUHAPP11,t:connectID=3681,SessionID=4683,Usr=Есжанова Нургуль Муратовна,Exception=SeanceContextException,Descr='Сеанс отсутствует или удален
ID=fd9c236f-fbe1-4475-bce4-1d3e8049853c, File=d:\jenkins\ci_builder2\windowsbuild2\platform\src\rserver\src\clusterdistribimpl.cpp(1439)'
51:15.616002-0,EXCP,3,process=rphost,p:processName=bi_bk3wk1_prod_01,OSThread=7216,t:clientID=49,t:applicationName=BackgroundJob,t:computerName=DC2BUHAPP11,t:connectID=3681,SessionID=4683,Usr=Есжанова Нургуль Муратовна,Exception=60c686dc-798f-4d17-aadb-a90156a16eb8,Descr='src\rserver\src\rmngrcalls.cpp(476):
60c686dc-798f-4d17-aadb-a90156a16eb8: Сеанс отсутствует или удален
ID=fd9c236f-fbe1-4475-bce4-1d3e8049853c, File=d:\jenkins\ci_builder2\windowsbuild2\platform\src\rserver\src\clusterdistribimpl.cpp(1439)'
51:15.819001-0,EXCP,3,process=rphost,p:processName=bi_bk3wk1_prod_01,OSThread=7216,t:clientID=49,t:applicationName=BackgroundJob,t:computerName=DC2BUHAPP11,t:connectID=3681,SessionID=4683,Usr=Есжанова Нургуль Муратовна,Exception=SeanceContextException,Descr='Сеанс отсутствует или удален
ID=fd9c236f-fbe1-4475-bce4-1d3e8049853c, File=d:\jenkins\ci_builder2\windowsbuild2\platform\src\rserver\src\rmngrcalls.cpp(364)'
51:15.819002-0,EXCP,3,process=rphost,p:processName=bi_bk3wk1_prod_01,OSThread=7216,t:clientID=49,t:applicationName=BackgroundJob,t:computerName=DC2BUHAPP11,t:connectID=3681,SessionID=4683,Usr=Есжанова Нургуль Муратовна,Exception=60c686dc-798f-4d17-aadb-a90156a16eb8,Descr='src\rserver\src\serverjobexecutor.cpp(1095):
60c686dc-798f-4d17-aadb-a90156a16eb8: Сеанс отсутствует или удален
ID=fd9c236f-fbe1-4475-bce4-1d3e8049853c, File=d:\jenkins\ci_builder2\windowsbuild2\platform\src\rserver\src\rmngrcalls.cpp(364)'
51:15.819004-0,EXCP,4,process=rphost,p:processName=bi_bk3wk1_prod_01,OSThread=7216,t:clientID=49,t:applicationName=BackgroundJob,t:computerName=DC2BUHAPP11,t:connectID=3681,SessionID=4683,Usr=Есжанова Нургуль Муратовна,Exception=SeanceContextException,Descr='Сеанс отсутствует или удален
ID=fd9c236f-fbe1-4475-bce4-1d3e8049853c, File=d:\jenkins\ci_builder2\windowsbuild2\platform\src\rserver\src\clusterdistribimpl.cpp(1439)'
51:15.819006-0,EXCP,3,process=rphost,p:processName=bi_bk3wk1_prod_01,OSThread=7216,t:clientID=49,t:applicationName=BackgroundJob,t:computerName=DC2BUHAPP11,t:connectID=3681,SessionID=4683,Usr=Есжанова Нургуль Муратовна,Exception=60c686dc-798f-4d17-aadb-a90156a16eb8,Descr='src\rserver\src\rmngrcalls.cpp(476):
60c686dc-798f-4d17-aadb-a90156a16eb8: Сеанс отсутствует или удален
ID=fd9c236f-fbe1-4475-bce4-1d3e8049853c, File=d:\jenkins\ci_builder2\windowsbuild2\platform\src\rserver\src\clusterdistribimpl.cpp(1439)'
51:16.022000-0,EXCP,3,process=rphost,p:processName=bi_bk3wk1_prod_01,OSThread=7216,t:clientID=49,t:applicationName=BackgroundJob,t:computerName=DC2BUHAPP11,t:connectID=3681,SessionID=4683,Usr=Есжанова Нургуль Муратовна,Exception=SeanceContextException,Descr='Сеанс отсутствует или удален
ID=fd9c236f-fbe1-4475-bce4-1d3e8049853c, File=d:\jenkins\ci_builder2\windowsbuild2\platform\src\rserver\src\rmngrcalls.cpp(364)'
51:37.759012-0,EXCP,0,process=rphost,OSThread=7888,Exception=acea3e6e-3687-4792-8319-09c009274c9a,Descr='src\rserver\src\rhostimpl.cpp(5997):
acea3e6e-3687-4792-8319-09c009274c9a: Рабочий процесс не найден'
51:38.697000-0,PROC,0,process=rphost,OSThread=6660,Txt='Process terminated.
Stopped on error (working)'
51:38.775000-0,PROC,0,process=rphost,OSThread=2904,Txt='Process terminated.
Stopped on error (working)'
51:38.775012-0,EXCP,0,process=rphost,OSThread=7888,Exception=acea3e6e-3687-4792-8319-09c009274c9a,Descr='src\rserver\src\rhostimpl.cpp(5997):
acea3e6e-3687-4792-8319-09c009274c9a: Рабочий процесс не найден'
51:38.775014-0,EXCP,2,process=rphost,OSThread=4976,Exception=96380a22-60f7-4a8b-8fca-1224e6bc518f,Descr='src\rserver\src\rmngrcalls.cpp(951):
96380a22-60f7-4a8b-8fca-1224e6bc518f: OnFinishRpHost'
51:38.775017-0,EXCP,1,process=rphost,OSThread=2312,Exception=dd149677-3d47-4e05-a55f-4e75b13a441f,Descr='src\rtrsrvc\src\remoteinterfaceimpl.cpp(736):
dd149677-3d47-4e05-a55f-4e75b13a441f: Процесс завершается. Исходящий вызов запрещен.'
51:38.775018-0,EXCP,1,process=rphost,OSThread=2312,Exception=dd149677-3d47-4e05-a55f-4e75b13a441f,Descr='src\rserver\src\rmngrcalls.cpp(543):
dd149677-3d47-4e05-a55f-4e75b13a441f: Процесс завершается. Исходящий вызов запрещен.'
51:38.775019-0,EXCP,1,process=rphost,OSThread=2312,Exception=dd149677-3d47-4e05-a55f-4e75b13a441f,Descr='src\rtrsrvc\src\remoteinterfaceimpl.cpp(736):
dd149677-3d47-4e05-a55f-4e75b13a441f: Процесс завершается. Исходящий вызов запрещен.'
51:38.775020-0,EXCP,1,process=rphost,OSThread=2312,Exception=dd149677-3d47-4e05-a55f-4e75b13a441f,Descr='src\rtrsrvc\src\remoteinterfaceimpl.cpp(736):
dd149677-3d47-4e05-a55f-4e75b13a441f: Процесс завершается. Исходящий вызов запрещен.'
51:38.775021-0,EXCP,1,process=rphost,OSThread=2312,Exception=dd149677-3d47-4e05-a55f-4e75b13a441f,Descr='src\rtrsrvc\src\remoteinterfaceimpl.cpp(736):
dd149677-3d47-4e05-a55f-4e75b13a441f: Процесс завершается. Исходящий вызов запрещен.'
51:38.775022-0,EXCP,1,process=rphost,OSThread=2312,Exception=dd149677-3d47-4e05-a55f-4e75b13a441f,Descr='src\rtrsrvc\src\remoteinterfaceimpl.cpp(736):
dd149677-3d47-4e05-a55f-4e75b13a441f: Процесс завершается. Исходящий вызов запрещен.'
51:38.775023-0,EXCP,1,process=rphost,OSThread=2312,Exception=dd149677-3d47-4e05-a55f-4e75b13a441f,Descr='src\rtrsrvc\src\remoteinterfaceimpl.cpp(736):
dd149677-3d47-4e05-a55f-4e75b13a441f: Процесс завершается. Исходящий вызов запрещен.'
51:38.775024-0,EXCP,1,process=rphost,OSThread=2312,Exception=dd149677-3d47-4e05-a55f-4e75b13a441f,Descr='src\rtrsrvc\src\remoteinterfaceimpl.cpp(736):
dd149677-3d47-4e05-a55f-4e75b13a441f: Процесс завершается. Исходящий вызов запрещен.'
51:38.775025-0,EXCP,1,process=rphost,OSThread=2312,Exception=dd149677-3d47-4e05-a55f-4e75b13a441f,Descr='src\rtrsrvc\src\remoteinterfaceimpl.cpp(736):
dd149677-3d47-4e05-a55f-4e75b13a441f: Процесс завершается. Исходящий вызов запрещен.'
51:38.775026-0,EXCP,1,process=rphost,OSThread=2312,Exception=dd149677-3d47-4e05-a55f-4e75b13a441f,Descr='src\rtrsrvc\src\remoteinterfaceimpl.cpp(736):
dd149677-3d47-4e05-a55f-4e75b13a441f: Процесс завершается. Исходящий вызов запрещен.'
51:38.775027-0,EXCP,1,process=rphost,OSThread=2312,Exception=dd149677-3d47-4e05-a55f-4e75b13a441f,Descr='src\rtrsrvc\src\remoteinterfaceimpl.cpp(736):
dd149677-3d47-4e05-a55f-4e75b13a441f: Процесс завершается. Исходящий вызов запрещен.'
51:38.775028-0,EXCP,1,process=rphost,OSThread=2312,Exception=dd149677-3d47-4e05-a55f-4e75b13a441f,Descr='src\rtrsrvc\src\remoteinterfaceimpl.cpp(736):
dd149677-3d47-4e05-a55f-4e75b13a441f: Процесс завершается. Исходящий вызов запрещен.'
51:38.775029-0,EXCP,1,process=rphost,OSThread=2312,Exception=dd149677-3d47-4e05-a55f-4e75b13a441f,Descr='src\rtrsrvc\src\remoteinterfaceimpl.cpp(736):
dd149677-3d47-4e05-a55f-4e75b13a441f: Процесс завершается. Исходящий вызов запрещен.'
51:38.775030-0,EXCP,1,process=rphost,OSThread=2312,Exception=dd149677-3d47-4e05-a55f-4e75b13a441f,Descr='src\rtrsrvc\src\remoteinterfaceimpl.cpp(736):
dd149677-3d47-4e05-a55f-4e75b13a441f: Процесс завершается. Исходящий вызов запрещен.'
51:38.775031-0,EXCP,1,process=rphost,OSThread=2312,Exception=dd149677-3d47-4e05-a55f-4e75b13a441f,Descr='src\rtrsrvc\src\remoteinterfaceimpl.cpp(736):
dd149677-3d47-4e05-a55f-4e75b13a441f: Процесс завершается. Исходящий вызов запрещен.'
51:38.775032-0,EXCP,1,process=rphost,OSThread=2312,Exception=dd149677-3d47-4e05-a55f-4e75b13a441f,Descr='src\rtrsrvc\src\remoteinterfaceimpl.cpp(736):
dd149677-3d47-4e05-a55f-4e75b13a441f: Процесс завершается. Исходящий вызов запрещен.'
51:38.978000-0,EXCP,1,process=rphost,OSThread=2312,Exception=dd149677-3d47-4e05-a55f-4e75b13a441f,Descr='src\rtrsrvc\src\remoteinterfaceimpl.cpp(736):
dd149677-3d47-4e05-a55f-4e75b13a441f: Процесс завершается. Исходящий вызов запрещен.'
51:38.978001-0,EXCP,1,process=rphost,OSThread=2312,Exception=dd149677-3d47-4e05-a55f-4e75b13a441f,Descr='src\rserver\src\rmngrcalls.cpp(543):
dd149677-3d47-4e05-a55f-4e75b13a441f: Процесс завершается. Исходящий вызов запрещен.'
51:38.978002-0,EXCP,1,process=rphost,OSThread=2312,Exception=dd149677-3d47-4e05-a55f-4e75b13a441f,Descr='src\rtrsrvc\src\remoteinterfaceimpl.cpp(736):
dd149677-3d47-4e05-a55f-4e75b13a441f: Процесс завершается. Исходящий вызов запрещен.'
51:38.978003-0,EXCP,1,process=rphost,OSThread=2312,Exception=dd149677-3d47-4e05-a55f-4e75b13a441f,Descr='src\rtrsrvc\src\remoteinterfaceimpl.cpp(736):
dd149677-3d47-4e05-a55f-4e75b13a441f: Процесс завершается. Исходящий вызов запрещен.'
51:38.978004-0,EXCP,1,process=rphost,OSThread=2312,Exception=dd149677-3d47-4e05-a55f-4e75b13a441f,Descr='src\rtrsrvc\src\remoteinterfaceimpl.cpp(736):
dd149677-3d47-4e05-a55f-4e75b13a441f: Процесс завершается. Исходящий вызов запрещен.'
51:38.978005-0,EXCP,1,process=rphost,OSThread=2312,Exception=dd149677-3d47-4e05-a55f-4e75b13a441f,Descr='src\rtrsrvc\src\remoteinterfaceimpl.cpp(736):
dd149677-3d47-4e05-a55f-4e75b13a441f: Процесс завершается. Исходящий вызов запрещен.'
51:38.978006-0,EXCP,1,process=rphost,OSThread=2312,Exception=dd149677-3d47-4e05-a55f-4e75b13a441f,Descr='src\rtrsrvc\src\remoteinterfaceimpl.cpp(736):
dd149677-3d47-4e05-a55f-4e75b13a441f: Процесс завершается. Исходящий вызов запрещен.'
51:38.978007-0,EXCP,1,process=rphost,OSThread=2312,Exception=dd149677-3d47-4e05-a55f-4e75b13a441f,Descr='src\rtrsrvc\src\remoteinterfaceimpl.cpp(736):
dd149677-3d47-4e05-a55f-4e75b13a441f: Процесс завершается. Исходящий вызов запрещен.'
51:38.978008-0,EXCP,1,process=rphost,OSThread=2312,Exception=dd149677-3d47-4e05-a55f-4e75b13a441f,Descr='src\rtrsrvc\src\remoteinterfaceimpl.cpp(736):
dd149677-3d47-4e05-a55f-4e75b13a441f: Процесс завершается. Исходящий вызов запрещен.'
51:38.978009-0,EXCP,1,process=rphost,OSThread=2312,Exception=dd149677-3d47-4e05-a55f-4e75b13a441f,Descr='src\rtrsrvc\src\remoteinterfaceimpl.cpp(736):
dd149677-3d47-4e05-a55f-4e75b13a441f: Процесс завершается. Исходящий вызов запрещен.'
51:38.978010-0,EXCP,1,process=rphost,OSThread=2312,Exception=dd149677-3d47-4e05-a55f-4e75b13a441f,Descr='src\rtrsrvc\src\remoteinterfaceimpl.cpp(736):
dd149677-3d47-4e05-a55f-4e75b13a441f: Процесс завершается. Исходящий вызов запрещен.'
51:38.978011-0,EXCP,1,process=rphost,OSThread=2312,Exception=dd149677-3d47-4e05-a55f-4e75b13a441f,Descr='src\rtrsrvc\src\remoteinterfaceimpl.cpp(736):
dd149677-3d47-4e05-a55f-4e75b13a441f: Процесс завершается. Исходящий вызов запрещен.'
51:38.978014-0,EXCP,1,process=rphost,OSThread=2312,Exception=dd149677-3d47-4e05-a55f-4e75b13a441f,Descr='src\rserver\src\rmngrcalls.cpp(586):
dd149677-3d47-4e05-a55f-4e75b13a441f: Процесс завершается. Исходящий вызов запрещен.'
51:38.978015-0,EXCP,1,process=rphost,OSThread=2312,Exception=dd149677-3d47-4e05-a55f-4e75b13a441f,Descr='src\rserver\src\rhostimpl.cpp(6261):
dd149677-3d47-4e05-a55f-4e75b13a441f: Процесс завершается. Исходящий вызов запрещен.'
51:38.978016-0,EXCP,1,process=rphost,OSThread=2312,Exception=dd149677-3d47-4e05-a55f-4e75b13a441f,Descr='src\rtrsrvc\src\remoteinterfaceimpl.cpp(736):
dd149677-3d47-4e05-a55f-4e75b13a441f: Процесс завершается. Исходящий вызов запрещен.'
51:38.978017-0,EXCP,1,process=rphost,OSThread=2312,Exception=dd149677-3d47-4e05-a55f-4e75b13a441f,Descr='src\rserver\src\rmngrcalls.cpp(732):
dd149677-3d47-4e05-a55f-4e75b13a441f: Процесс завершается. Исходящий вызов запрещен.'
51:38.978018-0,EXCP,1,process=rphost,OSThread=2312,Exception=dd149677-3d47-4e05-a55f-4e75b13a441f,Descr='src\rtrsrvc\src\remoteinterfaceimpl.cpp(736):
dd149677-3d47-4e05-a55f-4e75b13a441f: Процесс завершается. Исходящий вызов запрещен.'
51:38.978019-0,EXCP,1,process=rphost,OSThread=2312,Exception=dd149677-3d47-4e05-a55f-4e75b13a441f,Descr='src\rtrsrvc\src\remoteinterfaceimpl.cpp(736):
dd149677-3d47-4e05-a55f-4e75b13a441f: Процесс завершается. Исходящий вызов запрещен.'
51:38.978020-0,EXCP,1,process=rphost,OSThread=2312,Exception=dd149677-3d47-4e05-a55f-4e75b13a441f,Descr='src\rtrsrvc\src\remoteinterfaceimpl.cpp(736):
dd149677-3d47-4e05-a55f-4e75b13a441f: Процесс завершается. Исходящий вызов запрещен.'
51:38.978021-0,EXCP,1,process=rphost,OSThread=2312,Exception=dd149677-3d47-4e05-a55f-4e75b13a441f,Descr='src\rtrsrvc\src\remoteinterfaceimpl.cpp(736):
dd149677-3d47-4e05-a55f-4e75b13a441f: Процесс завершается. Исходящий вызов запрещен.'
51:38.978022-0,EXCP,1,process=rphost,OSThread=2312,Exception=dd149677-3d47-4e05-a55f-4e75b13a441f,Descr='src\rtrsrvc\src\remoteinterfaceimpl.cpp(736):
dd149677-3d47-4e05-a55f-4e75b13a441f: Процесс завершается. Исходящий вызов запрещен.'
51:38.978023-0,EXCP,1,process=rphost,OSThread=2312,Exception=dd149677-3d47-4e05-a55f-4e75b13a441f,Descr='src\rtrsrvc\src\remoteinterfaceimpl.cpp(736):
dd149677-3d47-4e05-a55f-4e75b13a441f: Процесс завершается. Исходящий вызов запрещен.'
51:38.978024-0,EXCP,1,process=rphost,OSThread=2312,Exception=dd149677-3d47-4e05-a55f-4e75b13a441f,Descr='src\rtrsrvc\src\remoteinterfaceimpl.cpp(736):
dd149677-3d47-4e05-a55f-4e75b13a441f: Процесс завершается. Исходящий вызов запрещен.'
51:38.978025-0,EXCP,1,process=rphost,OSThread=2312,Exception=dd149677-3d47-4e05-a55f-4e75b13a441f,Descr='src\rtrsrvc\src\remoteinterfaceimpl.cpp(736):
dd149677-3d47-4e05-a55f-4e75b13a441f: Процесс завершается. Исходящий вызов запрещен.'
51:38.978028-0,EXCP,1,process=rphost,OSThread=2312,Exception=dd149677-3d47-4e05-a55f-4e75b13a441f,Descr='src\rtrsrvc\src\remoteinterfaceimpl.cpp(736):
dd149677-3d47-4e05-a55f-4e75b13a441f: Процесс завершается. Исходящий вызов запрещен.'
51:38.978029-0,EXCP,1,process=rphost,OSThread=2312,Exception=dd149677-3d47-4e05-a55f-4e75b13a441f,Descr='src\rserver\src\rmngrcalls.cpp(732):
dd149677-3d47-4e05-a55f-4e75b13a441f: Процесс завершается. Исходящий вызов запрещен.'
51:38.978030-0,EXCP,1,process=rphost,OSThread=2312,Exception=dd149677-3d47-4e05-a55f-4e75b13a441f,Descr='src\rtrsrvc\src\remoteinterfaceimpl.cpp(736):
dd149677-3d47-4e05-a55f-4e75b13a441f: Процесс завершается. Исходящий вызов запрещен.'
51:38.978031-0,EXCP,1,process=rphost,OSThread=2312,Exception=dd149677-3d47-4e05-a55f-4e75b13a441f,Descr='src\rtrsrvc\src\remoteinterfaceimpl.cpp(736):
dd149677-3d47-4e05-a55f-4e75b13a441f: Процесс завершается. Исходящий вызов запрещен.'
51:38.978032-0,EXCP,1,process=rphost,OSThread=2312,Exception=dd149677-3d47-4e05-a55f-4e75b13a441f,Descr='src\rtrsrvc\src\remoteinterfaceimpl.cpp(736):
dd149677-3d47-4e05-a55f-4e75b13a441f: Процесс завершается. Исходящий вызов запрещен.'
51:38.978033-0,EXCP,1,process=rphost,OSThread=2312,Exception=dd149677-3d47-4e05-a55f-4e75b13a441f,Descr='src\rtrsrvc\src\remoteinterfaceimpl.cpp(736):
dd149677-3d47-4e05-a55f-4e75b13a441f: Процесс завершается. Исходящий вызов запрещен.'
51:38.978034-0,EXCP,1,process=rphost,OSThread=2312,Exception=dd149677-3d47-4e05-a55f-4e75b13a441f,Descr='src\rtrsrvc\src\remoteinterfaceimpl.cpp(736):
dd149677-3d47-4e05-a55f-4e75b13a441f: Процесс завершается. Исходящий вызов запрещен.'
51:38.978035-0,EXCP,1,process=rphost,OSThread=2312,Exception=dd149677-3d47-4e05-a55f-4e75b13a441f,Descr='src\rtrsrvc\src\remoteinterfaceimpl.cpp(736):
dd149677-3d47-4e05-a55f-4e75b13a441f: Процесс завершается. Исходящий вызов запрещен.'
51:38.978036-0,EXCP,1,process=rphost,OSThread=2312,Exception=dd149677-3d47-4e05-a55f-4e75b13a441f,Descr='src\rtrsrvc\src\remoteinterfaceimpl.cpp(736):
dd149677-3d47-4e05-a55f-4e75b13a441f: Процесс завершается. Исходящий вызов запрещен.'
51:38.978039-0,EXCP,1,process=rphost,OSThread=2312,Exception=96380a22-60f7-4a8b-8fca-1224e6bc518f,Descr='src\rserver\src\rmngrcalls.cpp(951):
96380a22-60f7-4a8b-8fca-1224e6bc518f: onFinishConnection'
51:38.978040-0,EXCP,1,process=rphost,OSThread=2312,Exception=dd149677-3d47-4e05-a55f-4e75b13a441f,Descr='src\rtrsrvc\src\remoteinterfaceimpl.cpp(736):
dd149677-3d47-4e05-a55f-4e75b13a441f: Процесс завершается. Исходящий вызов запрещен.'
51:38.978041-0,EXCP,1,process=rphost,OSThread=2312,Exception=dd149677-3d47-4e05-a55f-4e75b13a441f,Descr='src\rserver\src\rmngrcalls.cpp(543):
dd149677-3d47-4e05-a55f-4e75b13a441f: Процесс завершается. Исходящий вызов запрещен.'
51:38.978042-0,EXCP,1,process=rphost,OSThread=2312,Exception=dd149677-3d47-4e05-a55f-4e75b13a441f,Descr='src\rtrsrvc\src\remoteinterfaceimpl.cpp(736):
dd149677-3d47-4e05-a55f-4e75b13a441f: Процесс завершается. Исходящий вызов запрещен.'
51:38.978043-0,EXCP,1,process=rphost,OSThread=2312,Exception=dd149677-3d47-4e05-a55f-4e75b13a441f,Descr='src\rtrsrvc\src\remoteinterfaceimpl.cpp(736):
dd149677-3d47-4e05-a55f-4e75b13a441f: Процесс завершается. Исходящий вызов запрещен.'
51:38.978044-0,EXCP,1,process=rphost,OSThread=2312,Exception=dd149677-3d47-4e05-a55f-4e75b13a441f,Descr='src\rtrsrvc\src\remoteinterfaceimpl.cpp(736):
dd149677-3d47-4e05-a55f-4e75b13a441f: Процесс завершается. Исходящий вызов запрещен.'
51:38.978045-0,EXCP,1,process=rphost,OSThread=2312,Exception=dd149677-3d47-4e05-a55f-4e75b13a441f,Descr='src\rtrsrvc\src\remoteinterfaceimpl.cpp(736):
dd149677-3d47-4e05-a55f-4e75b13a441f: Процесс завершается. Исходящий вызов запрещен.'
51:38.978046-0,EXCP,1,process=rphost,OSThread=2312,Exception=dd149677-3d47-4e05-a55f-4e75b13a441f,Descr='src\rtrsrvc\src\remoteinterfaceimpl.cpp(736):
dd149677-3d47-4e05-a55f-4e75b13a441f: Процесс завершается. Исходящий вызов запрещен.'
51:38.978047-0,EXCP,1,process=rphost,OSThread=2312,Exception=dd149677-3d47-4e05-a55f-4e75b13a441f,Descr='src\rtrsrvc\src\remoteinterfaceimpl.cpp(736):
dd149677-3d47-4e05-a55f-4e75b13a441f: Процесс завершается. Исходящий вызов запрещен.'
51:39.181001-0,EXCP,1,process=rphost,OSThread=2312,Exception=dd149677-3d47-4e05-a55f-4e75b13a441f,Descr='src\rtrsrvc\src\remoteinterfaceimpl.cpp(736):
dd149677-3d47-4e05-a55f-4e75b13a441f: Процесс завершается. Исходящий вызов запрещен.'
51:39.181002-0,EXCP,1,process=rphost,OSThread=2312,Exception=dd149677-3d47-4e05-a55f-4e75b13a441f,Descr='src\rserver\src\rmngrcalls.cpp(543):
dd149677-3d47-4e05-a55f-4e75b13a441f: Процесс завершается. Исходящий вызов запрещен.'
51:39.181003-0,EXCP,1,process=rphost,OSThread=2312,Exception=dd149677-3d47-4e05-a55f-4e75b13a441f,Descr='src\rtrsrvc\src\remoteinterfaceimpl.cpp(736):
dd149677-3d47-4e05-a55f-4e75b13a441f: Процесс завершается. Исходящий вызов запрещен.'
51:39.181004-0,EXCP,1,process=rphost,OSThread=2312,Exception=dd149677-3d47-4e05-a55f-4e75b13a441f,Descr='src\rtrsrvc\src\remoteinterfaceimpl.cpp(736):
dd149677-3d47-4e05-a55f-4e75b13a441f: Процесс завершается. Исходящий вызов запрещен.'
51:39.181005-0,EXCP,1,process=rphost,OSThread=2312,Exception=dd149677-3d47-4e05-a55f-4e75b13a441f,Descr='src\rtrsrvc\src\remoteinterfaceimpl.cpp(736):
dd149677-3d47-4e05-a55f-4e75b13a441f: Процесс завершается. Исходящий вызов запрещен.'
51:39.181006-0,EXCP,1,process=rphost,OSThread=2312,Exception=dd149677-3d47-4e05-a55f-4e75b13a441f,Descr='src\rtrsrvc\src\remoteinterfaceimpl.cpp(736):
dd149677-3d47-4e05-a55f-4e75b13a441f: Процесс завершается. Исходящий вызов запрещен.'
51:39.181007-0,EXCP,1,process=rphost,OSThread=2312,Exception=dd149677-3d47-4e05-a55f-4e75b13a441f,Descr='src\rtrsrvc\src\remoteinterfaceimpl.cpp(736):
dd149677-3d47-4e05-a55f-4e75b13a441f: Процесс завершается. Исходящий вызов запрещен.'
51:39.181008-0,EXCP,1,process=rphost,OSThread=2312,Exception=dd149677-3d47-4e05-a55f-4e75b13a441f,Descr='src\rtrsrvc\src\remoteinterfaceimpl.cpp(736):
dd149677-3d47-4e05-a55f-4e75b13a441f: Процесс завершается. Исходящий вызов запрещен.'
51:39.181011-0,EXCP,1,process=rphost,OSThread=2312,Exception=dd149677-3d47-4e05-a55f-4e75b13a441f,Descr='src\rserver\src\rmngrcalls.cpp(586):
dd149677-3d47-4e05-a55f-4e75b13a441f: Процесс завершается. Исходящий вызов запрещен.'
51:39.181012-0,EXCP,1,process=rphost,OSThread=2312,Exception=dd149677-3d47-4e05-a55f-4e75b13a441f,Descr='src\rserver\src\rhostimpl.cpp(6261):
dd149677-3d47-4e05-a55f-4e75b13a441f: Процесс завершается. Исходящий вызов запрещен.'
51:39.181013-0,EXCP,1,process=rphost,OSThread=2312,Exception=dd149677-3d47-4e05-a55f-4e75b13a441f,Descr='src\rtrsrvc\src\remoteinterfaceimpl.cpp(736):
dd149677-3d47-4e05-a55f-4e75b13a441f: Процесс завершается. Исходящий вызов запрещен.'
51:39.181014-0,EXCP,1,process=rphost,OSThread=2312,Exception=dd149677-3d47-4e05-a55f-4e75b13a441f,Descr='src\rserver\src\rmngrcalls.cpp(732):
dd149677-3d47-4e05-a55f-4e75b13a441f: Процесс завершается. Исходящий вызов запрещен.'
51:39.181015-0,EXCP,1,process=rphost,OSThread=2312,Exception=dd149677-3d47-4e05-a55f-4e75b13a441f,Descr='src\rtrsrvc\src\remoteinterfaceimpl.cpp(736):
dd149677-3d47-4e05-a55f-4e75b13a441f: Процесс завершается. Исходящий вызов запрещен.'
51:39.181016-0,EXCP,1,process=rphost,OSThread=2312,Exception=dd149677-3d47-4e05-a55f-4e75b13a441f,Descr='src\rtrsrvc\src\remoteinterfaceimpl.cpp(736):
dd149677-3d47-4e05-a55f-4e75b13a441f: Процесс завершается. Исходящий вызов запрещен.'
51:39.181017-0,EXCP,1,process=rphost,OSThread=2312,Exception=dd149677-3d47-4e05-a55f-4e75b13a441f,Descr='src\rtrsrvc\src\remoteinterfaceimpl.cpp(736):
dd149677-3d47-4e05-a55f-4e75b13a441f: Процесс завершается. Исходящий вызов запрещен.'
51:39.181018-0,EXCP,1,process=rphost,OSThread=2312,Exception=dd149677-3d47-4e05-a55f-4e75b13a441f,Descr='src\rtrsrvc\src\remoteinterfaceimpl.cpp(736):
dd149677-3d47-4e05-a55f-4e75b13a441f: Процесс завершается. Исходящий вызов запрещен.'
51:39.181019-0,EXCP,1,process=rphost,OSThread=2312,Exception=dd149677-3d47-4e05-a55f-4e75b13a441f,Descr='src\rtrsrvc\src\remoteinterfaceimpl.cpp(736):
dd149677-3d47-4e05-a55f-4e75b13a441f: Процесс завершается. Исходящий вызов запрещен.'
51:39.181020-0,EXCP,1,process=rphost,OSThread=2312,Exception=dd149677-3d47-4e05-a55f-4e75b13a441f,Descr='src\rtrsrvc\src\remoteinterfaceimpl.cpp(736):
dd149677-3d47-4e05-a55f-4e75b13a441f: Процесс завершается. Исходящий вызов запрещен.'
51:39.181021-0,EXCP,1,process=rphost,OSThread=2312,Exception=dd149677-3d47-4e05-a55f-4e75b13a441f,Descr='src\rtrsrvc\src\remoteinterfaceimpl.cpp(736):
dd149677-3d47-4e05-a55f-4e75b13a441f: Процесс завершается. Исходящий вызов запрещен.'
51:39.181022-0,EXCP,1,process=rphost,OSThread=2312,Exception=dd149677-3d47-4e05-a55f-4e75b13a441f,Descr='src\rtrsrvc\src\remoteinterfaceimpl.cpp(736):
dd149677-3d47-4e05-a55f-4e75b13a441f: Процесс завершается. Исходящий вызов запрещен.'
51:39.181025-0,EXCP,1,process=rphost,OSThread=2312,Exception=dd149677-3d47-4e05-a55f-4e75b13a441f,Descr='src\rtrsrvc\src\remoteinterfaceimpl.cpp(736):
dd149677-3d47-4e05-a55f-4e75b13a441f: Процесс завершается. Исходящий вызов запрещен.'
51:39.181026-0,EXCP,1,process=rphost,OSThread=2312,Exception=dd149677-3d47-4e05-a55f-4e75b13a441f,Descr='src\rserver\src\rmngrcalls.cpp(732):
dd149677-3d47-4e05-a55f-4e75b13a441f: Процесс завершается. Исходящий вызов запрещен.'
51:39.181027-0,EXCP,1,process=rphost,OSThread=2312,Exception=dd149677-3d47-4e05-a55f-4e75b13a441f,Descr='src\rtrsrvc\src\remoteinterfaceimpl.cpp(736):
dd149677-3d47-4e05-a55f-4e75b13a441f: Процесс завершается. Исходящий вызов запрещен.'
51:39.181028-0,EXCP,1,process=rphost,OSThread=2312,Exception=dd149677-3d47-4e05-a55f-4e75b13a441f,Descr='src\rtrsrvc\src\remoteinterfaceimpl.cpp(736):
dd149677-3d47-4e05-a55f-4e75b13a441f: Процесс завершается. Исходящий вызов запрещен.'
51:39.181029-0,EXCP,1,process=rphost,OSThread=2312,Exception=dd149677-3d47-4e05-a55f-4e75b13a441f,Descr='src\rtrsrvc\src\remoteinterfaceimpl.cpp(736):
dd149677-3d47-4e05-a55f-4e75b13a441f: Процесс завершается. Исходящий вызов запрещен.'
51:39.181030-0,EXCP,1,process=rphost,OSThread=2312,Exception=dd149677-3d47-4e05-a55f-4e75b13a441f,Descr='src\rtrsrvc\src\remoteinterfaceimpl.cpp(736):
dd149677-3d47-4e05-a55f-4e75b13a441f: Процесс завершается. Исходящий вызов запрещен.'
51:39.181031-0,EXCP,1,process=rphost,OSThread=2312,Exception=dd149677-3d47-4e05-a55f-4e75b13a441f,Descr='src\rtrsrvc\src\remoteinterfaceimpl.cpp(736):
dd149677-3d47-4e05-a55f-4e75b13a441f: Процесс завершается. Исходящий вызов запрещен.'
51:39.181032-0,EXCP,1,process=rphost,OSThread=2312,Exception=dd149677-3d47-4e05-a55f-4e75b13a441f,Descr='src\rtrsrvc\src\remoteinterfaceimpl.cpp(736):
dd149677-3d47-4e05-a55f-4e75b13a441f: Процесс завершается. Исходящий вызов запрещен.'
51:39.181033-0,EXCP,1,process=rphost,OSThread=2312,Exception=dd149677-3d47-4e05-a55f-4e75b13a441f,Descr='src\rtrsrvc\src\remoteinterfaceimpl.cpp(736):
dd149677-3d47-4e05-a55f-4e75b13a441f: Процесс завершается. Исходящий вызов запрещен.'
51:39.181034-0,EXCP,1,process=rphost,OSThread=2312,Exception=dd149677-3d47-4e05-a55f-4e75b13a441f,Descr='src\rtrsrvc\src\remoteinterfaceimpl.cpp(736):
dd149677-3d47-4e05-a55f-4e75b13a441f: Процесс завершается. Исходящий вызов запрещен.'
51:39.181035-0,EXCP,1,process=rphost,OSThread=2312,Exception=dd149677-3d47-4e05-a55f-4e75b13a441f,Descr='src\rtrsrvc\src\remoteinterfaceimpl.cpp(736):
dd149677-3d47-4e05-a55f-4e75b13a441f: Процесс завершается. Исходящий вызов запрещен.'
51:39.181036-0,EXCP,1,process=rphost,OSThread=2312,Exception=dd149677-3d47-4e05-a55f-4e75b13a441f,Descr='src\rtrsrvc\src\remoteinterfaceimpl.cpp(736):
dd149677-3d47-4e05-a55f-4e75b13a441f: Процесс завершается. Исходящий вызов запрещен.'
51:39.181037-0,EXCP,1,process=rphost,OSThread=2312,Exception=dd149677-3d47-4e05-a55f-4e75b13a441f,Descr='src\rtrsrvc\src\remoteinterfaceimpl.cpp(736):
dd149677-3d47-4e05-a55f-4e75b13a441f: Процесс завершается. Исходящий вызов запрещен.'
51:39.181038-0,EXCP,1,process=rphost,OSThread=2312,Exception=dd149677-3d47-4e05-a55f-4e75b13a441f,Descr='src\rtrsrvc\src\remoteinterfaceimpl.cpp(736):
dd149677-3d47-4e05-a55f-4e75b13a441f: Процесс завершается. Исходящий вызов запрещен.'
51:39.181039-0,EXCP,1,process=rphost,OSThread=2312,Exception=dd149677-3d47-4e05-a55f-4e75b13a441f,Descr='src\rtrsrvc\src\remoteinterfaceimpl.cpp(736):
dd149677-3d47-4e05-a55f-4e75b13a441f: Процесс завершается. Исходящий вызов запрещен.'
51:39.181040-0,EXCP,1,process=rphost,OSThread=2312,Exception=dd149677-3d47-4e05-a55f-4e75b13a441f,Descr='src\rtrsrvc\src\remoteinterfaceimpl.cpp(736):
dd149677-3d47-4e05-a55f-4e75b13a441f: Процесс завершается. Исходящий вызов запрещен.'
51:39.181041-0,EXCP,1,process=rphost,OSThread=2312,Exception=dd149677-3d47-4e05-a55f-4e75b13a441f,Descr='src\rtrsrvc\src\remoteinterfaceimpl.cpp(736):
dd149677-3d47-4e05-a55f-4e75b13a441f: Процесс завершается. Исходящий вызов запрещен.'
51:39.181044-0,EXCP,1,process=rphost,OSThread=2312,Exception=96380a22-60f7-4a8b-8fca-1224e6bc518f,Descr='src\rserver\src\rmngrcalls.cpp(951):
96380a22-60f7-4a8b-8fca-1224e6bc518f: onFinishConnection'
51:40.713001-0,EXCP,1,process=rphost,OSThread=4976,Exception=dd149677-3d47-4e05-a55f-4e75b13a441f,Descr='src\rtrsrvc\src\remoteinterfaceimpl.cpp(736):
dd149677-3d47-4e05-a55f-4e75b13a441f: Процесс завершается. Исходящий вызов запрещен.'
51:40.713002-0,EXCP,1,process=rphost,OSThread=4976,Exception=dd149677-3d47-4e05-a55f-4e75b13a441f,Descr='src\rtrsrvc\src\remoteinterfaceimpl.cpp(736):
dd149677-3d47-4e05-a55f-4e75b13a441f: Процесс завершается. Исходящий вызов запрещен.'
51:40.713003-0,EXCP,1,process=rphost,OSThread=4976,Exception=dd149677-3d47-4e05-a55f-4e75b13a441f,Descr='src\rtrsrvc\src\remoteinterfaceimpl.cpp(736):
dd149677-3d47-4e05-a55f-4e75b13a441f: Процесс завершается. Исходящий вызов запрещен.'
51:40.713004-0,EXCP,1,process=rphost,OSThread=4976,Exception=dd149677-3d47-4e05-a55f-4e75b13a441f,Descr='src\rtrsrvc\src\remoteinterfaceimpl.cpp(736):
dd149677-3d47-4e05-a55f-4e75b13a441f: Процесс завершается. Исходящий вызов запрещен.'
51:40.713005-0,EXCP,1,process=rphost,OSThread=4976,Exception=dd149677-3d47-4e05-a55f-4e75b13a441f,Descr='src\rtrsrvc\src\remoteinterfaceimpl.cpp(736):
dd149677-3d47-4e05-a55f-4e75b13a441f: Процесс завершается. Исходящий вызов запрещен.'
51:40.713006-0,EXCP,1,process=rphost,OSThread=4976,Exception=dd149677-3d47-4e05-a55f-4e75b13a441f,Descr='src\rtrsrvc\src\remoteinterfaceimpl.cpp(736):
dd149677-3d47-4e05-a55f-4e75b13a441f: Процесс завершается. Исходящий вызов запрещен.'
51:40.713007-0,EXCP,1,process=rphost,OSThread=4976,Exception=dd149677-3d47-4e05-a55f-4e75b13a441f,Descr='src\rtrsrvc\src\remoteinterfaceimpl.cpp(736):
dd149677-3d47-4e05-a55f-4e75b13a441f: Процесс завершается. Исходящий вызов запрещен.'
51:40.713008-0,EXCP,1,process=rphost,OSThread=4976,Exception=dd149677-3d47-4e05-a55f-4e75b13a441f,Descr='src\rtrsrvc\src\remoteinterfaceimpl.cpp(736):
dd149677-3d47-4e05-a55f-4e75b13a441f: Процесс завершается. Исходящий вызов запрещен.'
51:40.713009-0,EXCP,1,process=rphost,OSThread=4976,Exception=dd149677-3d47-4e05-a55f-4e75b13a441f,Descr='src\rtrsrvc\src\remoteinterfaceimpl.cpp(736):
dd149677-3d47-4e05-a55f-4e75b13a441f: Процесс завершается. Исходящий вызов запрещен.'
51:40.713010-0,EXCP,1,process=rphost,OSThread=4976,Exception=dd149677-3d47-4e05-a55f-4e75b13a441f,Descr='src\rtrsrvc\src\remoteinterfaceimpl.cpp(736):
dd149677-3d47-4e05-a55f-4e75b13a441f: Процесс завершается. Исходящий вызов запрещен.'
51:40.713011-0,EXCP,1,process=rphost,OSThread=4976,Exception=dd149677-3d47-4e05-a55f-4e75b13a441f,Descr='src\rtrsrvc\src\remoteinterfaceimpl.cpp(736):
dd149677-3d47-4e05-a55f-4e75b13a441f: Процесс завершается. Исходящий вызов запрещен.'
51:40.713012-0,EXCP,1,process=rphost,OSThread=4976,Exception=dd149677-3d47-4e05-a55f-4e75b13a441f,Descr='src\rtrsrvc\src\remoteinterfaceimpl.cpp(736):
dd149677-3d47-4e05-a55f-4e75b13a441f: Процесс завершается. Исходящий вызов запрещен.'
51:40.713013-0,EXCP,1,process=rphost,OSThread=4976,Exception=dd149677-3d47-4e05-a55f-4e75b13a441f,Descr='src\rtrsrvc\src\remoteinterfaceimpl.cpp(736):
dd149677-3d47-4e05-a55f-4e75b13a441f: Процесс завершается. Исходящий вызов запрещен.'
51:40.713014-0,EXCP,1,process=rphost,OSThread=4976,Exception=dd149677-3d47-4e05-a55f-4e75b13a441f,Descr='src\rtrsrvc\src\remoteinterfaceimpl.cpp(736):
dd149677-3d47-4e05-a55f-4e75b13a441f: Процесс завершается. Исходящий вызов запрещен.'
51:40.713017-0,EXCP,1,process=rphost,OSThread=4976,Exception=dd149677-3d47-4e05-a55f-4e75b13a441f,Descr='src\rtrsrvc\src\remoteinterfaceimpl.cpp(736):
dd149677-3d47-4e05-a55f-4e75b13a441f: Процесс завершается. Исходящий вызов запрещен.'
51:40.713018-0,EXCP,1,process=rphost,OSThread=4976,Exception=dd149677-3d47-4e05-a55f-4e75b13a441f,Descr='src\rtrsrvc\src\remoteinterfaceimpl.cpp(736):
dd149677-3d47-4e05-a55f-4e75b13a441f: Процесс завершается. Исходящий вызов запрещен.'
51:40.713019-0,EXCP,1,process=rphost,OSThread=4976,Exception=dd149677-3d47-4e05-a55f-4e75b13a441f,Descr='src\rtrsrvc\src\remoteinterfaceimpl.cpp(736):
dd149677-3d47-4e05-a55f-4e75b13a441f: Процесс завершается. Исходящий вызов запрещен.'
51:40.713020-0,EXCP,1,process=rphost,OSThread=4976,Exception=dd149677-3d47-4e05-a55f-4e75b13a441f,Descr='src\rtrsrvc\src\remoteinterfaceimpl.cpp(736):
dd149677-3d47-4e05-a55f-4e75b13a441f: Процесс завершается. Исходящий вызов запрещен.'
51:40.713021-0,EXCP,1,process=rphost,OSThread=4976,Exception=dd149677-3d47-4e05-a55f-4e75b13a441f,Descr='src\rtrsrvc\src\remoteinterfaceimpl.cpp(736):
dd149677-3d47-4e05-a55f-4e75b13a441f: Процесс завершается. Исходящий вызов запрещен.'
51:40.713022-0,EXCP,1,process=rphost,OSThread=4976,Exception=dd149677-3d47-4e05-a55f-4e75b13a441f,Descr='src\rtrsrvc\src\remoteinterfaceimpl.cpp(736):
dd149677-3d47-4e05-a55f-4e75b13a441f: Процесс завершается. Исходящий вызов запрещен.'
51:40.713023-0,EXCP,1,process=rphost,OSThread=4976,Exception=dd149677-3d47-4e05-a55f-4e75b13a441f,Descr='src\rtrsrvc\src\remoteinterfaceimpl.cpp(736):
dd149677-3d47-4e05-a55f-4e75b13a441f: Процесс завершается. Исходящий вызов запрещен.'
51:40.713024-0,EXCP,1,process=rphost,OSThread=4976,Exception=dd149677-3d47-4e05-a55f-4e75b13a441f,Descr='src\rtrsrvc\src\remoteinterfaceimpl.cpp(736):
dd149677-3d47-4e05-a55f-4e75b13a441f: Процесс завершается. Исходящий вызов запрещен.'
51:40.713025-0,EXCP,1,process=rphost,OSThread=4976,Exception=dd149677-3d47-4e05-a55f-4e75b13a441f,Descr='src\rtrsrvc\src\remoteinterfaceimpl.cpp(736):
dd149677-3d47-4e05-a55f-4e75b13a441f: Процесс завершается. Исходящий вызов запрещен.'
51:40.713026-0,EXCP,1,process=rphost,OSThread=4976,Exception=dd149677-3d47-4e05-a55f-4e75b13a441f,Descr='src\rtrsrvc\src\remoteinterfaceimpl.cpp(736):
dd149677-3d47-4e05-a55f-4e75b13a441f: Процесс завершается. Исходящий вызов запрещен.'
51:40.713027-0,EXCP,1,process=rphost,OSThread=4976,Exception=dd149677-3d47-4e05-a55f-4e75b13a441f,Descr='src\rtrsrvc\src\remoteinterfaceimpl.cpp(736):
dd149677-3d47-4e05-a55f-4e75b13a441f: Процесс завершается. Исходящий вызов запрещен.'
51:40.713028-0,EXCP,1,process=rphost,OSThread=4976,Exception=dd149677-3d47-4e05-a55f-4e75b13a441f,Descr='src\rtrsrvc\src\remoteinterfaceimpl.cpp(736):
dd149677-3d47-4e05-a55f-4e75b13a441f: Процесс завершается. Исходящий вызов запрещен.'
51:40.713031-0,EXCP,1,process=rphost,OSThread=4976,Exception=dd149677-3d47-4e05-a55f-4e75b13a441f,Descr='src\rtrsrvc\src\remoteinterfaceimpl.cpp(736):
dd149677-3d47-4e05-a55f-4e75b13a441f: Процесс завершается. Исходящий вызов запрещен.'
51:40.713032-0,EXCP,1,process=rphost,OSThread=4976,Exception=dd149677-3d47-4e05-a55f-4e75b13a441f,Descr='src\rtrsrvc\src\remoteinterfaceimpl.cpp(736):
dd149677-3d47-4e05-a55f-4e75b13a441f: Процесс завершается. Исходящий вызов запрещен.'
51:40.713033-0,EXCP,1,process=rphost,OSThread=4976,Exception=dd149677-3d47-4e05-a55f-4e75b13a441f,Descr='src\rtrsrvc\src\remoteinterfaceimpl.cpp(736):
dd149677-3d47-4e05-a55f-4e75b13a441f: Процесс завершается. Исходящий вызов запрещен.'
51:40.713034-0,EXCP,1,process=rphost,OSThread=4976,Exception=dd149677-3d47-4e05-a55f-4e75b13a441f,Descr='src\rtrsrvc\src\remoteinterfaceimpl.cpp(736):
dd149677-3d47-4e05-a55f-4e75b13a441f: Процесс завершается. Исходящий вызов запрещен.'
51:40.713035-0,EXCP,1,process=rphost,OSThread=4976,Exception=dd149677-3d47-4e05-a55f-4e75b13a441f,Descr='src\rtrsrvc\src\remoteinterfaceimpl.cpp(736):
dd149677-3d47-4e05-a55f-4e75b13a441f: Процесс завершается. Исходящий вызов запрещен.'
51:40.713036-0,EXCP,1,process=rphost,OSThread=4976,Exception=dd149677-3d47-4e05-a55f-4e75b13a441f,Descr='src\rtrsrvc\src\remoteinterfaceimpl.cpp(736):
dd149677-3d47-4e05-a55f-4e75b13a441f: Процесс завершается. Исходящий вызов запрещен.'
51:40.713037-0,EXCP,1,process=rphost,OSThread=4976,Exception=dd149677-3d47-4e05-a55f-4e75b13a441f,Descr='src\rtrsrvc\src\remoteinterfaceimpl.cpp(736):
dd149677-3d47-4e05-a55f-4e75b13a441f: Процесс завершается. Исходящий вызов запрещен.'
51:40.713038-0,EXCP,1,process=rphost,OSThread=4976,Exception=dd149677-3d47-4e05-a55f-4e75b13a441f,Descr='src\rtrsrvc\src\remoteinterfaceimpl.cpp(736):
dd149677-3d47-4e05-a55f-4e75b13a441f: Процесс завершается. Исходящий вызов запрещен.'
51:40.713039-0,EXCP,1,process=rphost,OSThread=4976,Exception=dd149677-3d47-4e05-a55f-4e75b13a441f,Descr='src\rtrsrvc\src\remoteinterfaceimpl.cpp(736):
dd149677-3d47-4e05-a55f-4e75b13a441f: Процесс завершается. Исходящий вызов запрещен.'
51:40.713040-0,EXCP,1,process=rphost,OSThread=4976,Exception=dd149677-3d47-4e05-a55f-4e75b13a441f,Descr='src\rtrsrvc\src\remoteinterfaceimpl.cpp(736):
dd149677-3d47-4e05-a55f-4e75b13a441f: Процесс завершается. Исходящий вызов запрещен.'
51:40.713041-0,EXCP,1,process=rphost,OSThread=4976,Exception=dd149677-3d47-4e05-a55f-4e75b13a441f,Descr='src\rtrsrvc\src\remoteinterfaceimpl.cpp(736):
dd149677-3d47-4e05-a55f-4e75b13a441f: Процесс завершается. Исходящий вызов запрещен.'
51:40.713044-0,EXCP,1,process=rphost,OSThread=4976,Exception=dd149677-3d47-4e05-a55f-4e75b13a441f,Descr='src\rtrsrvc\src\remoteinterfaceimpl.cpp(736):
dd149677-3d47-4e05-a55f-4e75b13a441f: Процесс завершается. Исходящий вызов запрещен.'
51:40.713045-0,EXCP,1,process=rphost,OSThread=4976,Exception=dd149677-3d47-4e05-a55f-4e75b13a441f,Descr='src\rtrsrvc\src\remoteinterfaceimpl.cpp(736):
dd149677-3d47-4e05-a55f-4e75b13a441f: Процесс завершается. Исходящий вызов запрещен.'
51:40.713046-0,EXCP,1,process=rphost,OSThread=4976,Exception=dd149677-3d47-4e05-a55f-4e75b13a441f,Descr='src\rtrsrvc\src\remoteinterfaceimpl.cpp(736):
dd149677-3d47-4e05-a55f-4e75b13a441f: Процесс завершается. Исходящий вызов запрещен.'
51:40.713047-0,EXCP,1,process=rphost,OSThread=4976,Exception=dd149677-3d47-4e05-a55f-4e75b13a441f,Descr='src\rtrsrvc\src\remoteinterfaceimpl.cpp(736):
dd149677-3d47-4e05-a55f-4e75b13a441f: Процесс завершается. Исходящий вызов запрещен.'
51:40.713048-0,EXCP,1,process=rphost,OSThread=4976,Exception=dd149677-3d47-4e05-a55f-4e75b13a441f,Descr='src\rtrsrvc\src\remoteinterfaceimpl.cpp(736):
dd149677-3d47-4e05-a55f-4e75b13a441f: Процесс завершается. Исходящий вызов запрещен.'
51:40.713049-0,EXCP,1,process=rphost,OSThread=4976,Exception=dd149677-3d47-4e05-a55f-4e75b13a441f,Descr='src\rtrsrvc\src\remoteinterfaceimpl.cpp(736):
dd149677-3d47-4e05-a55f-4e75b13a441f: Процесс завершается. Исходящий вызов запрещен.'
51:40.713050-0,EXCP,1,process=rphost,OSThread=4976,Exception=dd149677-3d47-4e05-a55f-4e75b13a441f,Descr='src\rtrsrvc\src\remoteinterfaceimpl.cpp(736):
dd149677-3d47-4e05-a55f-4e75b13a441f: Процесс завершается. Исходящий вызов запрещен.'
51:40.713051-0,EXCP,1,process=rphost,OSThread=4976,Exception=dd149677-3d47-4e05-a55f-4e75b13a441f,Descr='src\rtrsrvc\src\remoteinterfaceimpl.cpp(736):
dd149677-3d47-4e05-a55f-4e75b13a441f: Процесс завершается. Исходящий вызов запрещен.'
51:40.713052-0,EXCP,1,process=rphost,OSThread=4976,Exception=dd149677-3d47-4e05-a55f-4e75b13a441f,Descr='src\rtrsrvc\src\remoteinterfaceimpl.cpp(736):
dd149677-3d47-4e05-a55f-4e75b13a441f: Процесс завершается. Исходящий вызов запрещен.'
51:40.713053-0,EXCP,1,process=rphost,OSThread=4976,Exception=dd149677-3d47-4e05-a55f-4e75b13a441f,Descr='src\rtrsrvc\src\remoteinterfaceimpl.cpp(736):
dd149677-3d47-4e05-a55f-4e75b13a441f: Процесс завершается. Исходящий вызов запрещен.'
51:40.713054-0,EXCP,1,process=rphost,OSThread=4976,Exception=dd149677-3d47-4e05-a55f-4e75b13a441f,Descr='src\rtrsrvc\src\remoteinterfaceimpl.cpp(736):
dd149677-3d47-4e05-a55f-4e75b13a441f: Процесс завершается. Исходящий вызов запрещен.'
51:40.713055-0,EXCP,1,process=rphost,OSThread=4976,Exception=dd149677-3d47-4e05-a55f-4e75b13a441f,Descr='src\rtrsrvc\src\remoteinterfaceimpl.cpp(736):
dd149677-3d47-4e05-a55f-4e75b13a441f: Процесс завершается. Исходящий вызов запрещен.'
51:40.713056-0,EXCP,1,process=rphost,OSThread=4976,Exception=dd149677-3d47-4e05-a55f-4e75b13a441f,Descr='src\rtrsrvc\src\remoteinterfaceimpl.cpp(736):
dd149677-3d47-4e05-a55f-4e75b13a441f: Процесс завершается. Исходящий вызов запрещен.'
51:40.713061-0,PROC,1,process=rphost,OSThread=4976,Err=0,Txt=1C:Enterprise 8.3 (x86-64) (8.3.14.1694) Working Process finished.
