00:08.281000-0,EXCP,0,process=rphost,OSThread=9696,ClientID=318,Exception=NetDataExchangeException,Descr='server_addr=(2)10.224.32.15:61740 descr=2(0x00000002): Не удается найти указанный файл.  line=1149 file=d:\jenkins\ci_builder2\windowsbuild2\platform\src\rtrsrvc\src\dataexchangeserverimpl.cpp'
00:08.281001-0,EXCPCNTX,0,ClientComputerName=,ServerComputerName=,UserName=,ConnectString=
00:08.562000-0,EXCP,0,process=rphost,OSThread=16356,ClientID=326,Exception=NetDataExchangeException,Descr='server_addr=(2)10.224.32.15:61789 descr=2(0x00000002): Не удается найти указанный файл.  line=1149 file=d:\jenkins\ci_builder2\windowsbuild2\platform\src\rtrsrvc\src\dataexchangeserverimpl.cpp'
00:08.562001-0,EXCPCNTX,0,ClientComputerName=,ServerComputerName=,UserName=,ConnectString=
00:10.078000-0,EXCP,6,process=rphost,p:processName=bi_bk3wk1_prod_01,OSThread=15764,t:clientID=184,t:applicationName=1CV8C,t:computerName=DC1RDSH12,t:connectID=39720,SessionID=38003,Usr=Испусинова Асылай Рашитовна,AppID=1CV8C,DBMS=DBMSSQL,DataBase=DC1BUHDB01\bi_bk3wk1_prod_01,dbpid=402,Exception=DataBaseException,Descr='Конфликт блокировок при выполнении транзакции:
Microsoft SQL Server Native Client 11.0: Transaction (Process ID 402) was deadlocked on lock resources with another process and has been chosen as the deadlock victim. Rerun the transaction.
HRESULT=80004005, SQLSrvr: SQLSTATE=40001, state=38, Severity=D, native=1205, line=1
',Context=Форма.Записать : Документ.ПоступлениеТоваровУслуг.Форма.ФормаДокумента
00:10.093018-0,EXCP,2,process=rphost,p:processName=bi_bk3wk1_prod_01,OSThread=15764,t:clientID=184,t:applicationName=1CV8C,t:computerName=DC1RDSH12,t:connectID=39720,SessionID=38003,Usr=Испусинова Асылай Рашитовна,AppID=1CV8C,Exception=afd2b550-0d52-4e03-b448-15ed68d87ac5,Descr='src\basic\src\documentlogformobjcontroller.cpp(871):
afd2b550-0d52-4e03-b448-15ed68d87ac5
dc31263e-ecbf-41bd-9b3a-7b55897d5fd6: Конфликт блокировок при выполнении транзакции:
Microsoft SQL Server Native Client 11.0: Transaction (Process ID 402) was deadlocked on lock resources with another process and has been chosen as the deadlock victim. Rerun the transaction.
HRESULT=80004005, SQLSrvr: SQLSTATE=40001, state=38, Severity=D, native=1205, line=1
',Context=Форма.Записать : Документ.ПоступлениеТоваровУслуг.Форма.ФормаДокумента
00:10.156000-0,EXCP,2,process=rphost,p:processName=bi_bk3wk1_prod_01,OSThread=15764,t:clientID=184,t:applicationName=1CV8C,t:computerName=DC1RDSH12,t:connectID=39720,SessionID=38003,Usr=Испусинова Асылай Рашитовна,AppID=1CV8C,Exception=580392e6-ba49-4280-ac67-fcd6f2180121,Descr='src\vrsbase\src\vresourceinfobaseimpl.cpp(1114):
580392e6-ba49-4280-ac67-fcd6f2180121: Неспецифицированная ошибка работы с ресурсом
Ошибка при выполнении запроса POST к ресурсу /e1cib/logForm:
afd2b550-0d52-4e03-b448-15ed68d87ac5
dc31263e-ecbf-41bd-9b3a-7b55897d5fd6: Конфликт блокировок при выполнении транзакции:
Microsoft SQL Server Native Client 11.0: Transaction (Process ID 402) was deadlocked on lock resources with another process and has been chosen as the deadlock victim. Rerun the transaction.
HRESULT=80004005, SQLSrvr: SQLSTATE=40001, state=38, Severity=D, native=1205, line=1
'
00:12.000000-0,EXCP,0,process=rphost,OSThread=16356,ClientID=324,Exception=NetDataExchangeException,Descr='server_addr=(2)10.225.32.15:53632 descr=2(0x00000002): Не удается найти указанный файл.  line=1149 file=d:\jenkins\ci_builder2\windowsbuild2\platform\src\rtrsrvc\src\dataexchangeserverimpl.cpp'
00:12.000001-0,EXCPCNTX,0,ClientComputerName=,ServerComputerName=,UserName=,ConnectString=
00:12.172000-0,EXCP,0,process=rphost,OSThread=17728,ClientID=328,Exception=NetDataExchangeException,Descr='server_addr=(2)10.225.32.15:53650 descr=2(0x00000002): Не удается найти указанный файл.  line=1149 file=d:\jenkins\ci_builder2\windowsbuild2\platform\src\rtrsrvc\src\dataexchangeserverimpl.cpp'
00:12.172001-0,EXCPCNTX,0,ClientComputerName=,ServerComputerName=,UserName=,ConnectString=
00:20.549000-0,EXCP,0,process=rphost,OSThread=9696,ClientID=327,Exception=NetDataExchangeException,Descr='server_addr=(2)10.224.32.15:61804 descr=2(0x00000002): Не удается найти указанный файл.  line=1149 file=d:\jenkins\ci_builder2\windowsbuild2\platform\src\rtrsrvc\src\dataexchangeserverimpl.cpp'
00:20.549001-0,EXCPCNTX,0,ClientComputerName=,ServerComputerName=,UserName=,ConnectString=
00:20.767000-0,EXCP,0,process=rphost,OSThread=9696,ClientID=330,Exception=NetDataExchangeException,Descr='server_addr=(2)10.224.32.15:61816 descr=2(0x00000002): Не удается найти указанный файл.  line=1149 file=d:\jenkins\ci_builder2\windowsbuild2\platform\src\rtrsrvc\src\dataexchangeserverimpl.cpp'
00:20.767001-0,EXCPCNTX,0,ClientComputerName=,ServerComputerName=,UserName=,ConnectString=
00:24.955011-0,EXCP,2,process=rphost,p:processName=bi_bk3wk1_prod_01,OSThread=7412,t:clientID=81,t:applicationName=WebServerExtension,t:computerName=DC2CISWEB01,t:connectID=39638,SessionID=38503,Usr=WSDooc,Exception=Messages list is not empty!
00:41.377006-0,ADMIN,2,process=rphost,p:processName=ServerJobExecutorContext,OSThread=12308,t:clientID=325,t:applicationName=JobScheduler,t:computerName=DC2BUHAPP11,Func=killClient,ClusterID=8aa94e2b-5d54-4b86-800b-79353ce39638,ConnectionID=8206b142-cabf-403c-afc1-2ccdf04b3e6e,Mode=0,Ref=bi_bk3wk1_prod_01(bi_bk3wk1_prod_01),Host=DC2BUHAPP11,Connection=40148,Administrator=Unknown,Result=Success
00:42.283005-0,ADMIN,2,process=rphost,p:processName=ServerJobExecutorContext,OSThread=12308,t:clientID=325,t:applicationName=JobScheduler,t:computerName=DC2BUHAPP11,Func=killClient,ClusterID=8aa94e2b-5d54-4b86-800b-79353ce39638,ConnectionID=202e675f-ccc7-4a7a-bd9b-3961b70685a9,Mode=0,Ref=bi_bk3wk1_prod_01(bi_bk3wk1_prod_01),Host=DC2BUHAPP11,Connection=40149,Administrator=Unknown,Result=Success
00:42.783005-0,ADMIN,2,process=rphost,p:processName=ServerJobExecutorContext,OSThread=12308,t:clientID=325,t:applicationName=JobScheduler,t:computerName=DC2BUHAPP11,Func=killClient,ClusterID=8aa94e2b-5d54-4b86-800b-79353ce39638,ConnectionID=51d80c97-b9bb-4144-9d06-c859c830d5c4,Mode=0,Ref=bi_bk3wk1_prod_01(bi_bk3wk1_prod_01),Host=DC2BUHAPP11,Connection=40150,Administrator=Unknown,Result=Success
00:43.580005-0,EXCP,3,process=rphost,p:processName=bi_bk3wk1_prod_01,OSThread=6848,t:clientID=332,t:applicationName=BackgroundJob,t:computerName=DC2BUHAPP11,t:connectID=40148,SessionID=38511,Usr=Тулегенова Айдана Балтабаевна,Exception=SeanceContextException,Descr='Сеанс отсутствует или удален
ID=05c14b84-361a-4ae7-b1f9-13b86ee3a891, File=d:\jenkins\ci_builder2\windowsbuild2\platform\src\rserver\src\clusterdistribimpl.cpp(1439)'
00:43.580007-0,EXCP,2,process=rphost,p:processName=bi_bk3wk1_prod_01,OSThread=6848,t:clientID=332,t:applicationName=BackgroundJob,t:computerName=DC2BUHAPP11,t:connectID=40148,SessionID=38511,Usr=Тулегенова Айдана Балтабаевна,Exception=60c686dc-798f-4d17-aadb-a90156a16eb8,Descr='src\rserver\src\rmngrcalls.cpp(476):
60c686dc-798f-4d17-aadb-a90156a16eb8: Сеанс отсутствует или удален
ID=05c14b84-361a-4ae7-b1f9-13b86ee3a891, File=d:\jenkins\ci_builder2\windowsbuild2\platform\src\rserver\src\clusterdistribimpl.cpp(1439)'
00:43.783000-0,EXCP,2,process=rphost,p:processName=bi_bk3wk1_prod_01,OSThread=6848,t:clientID=332,t:applicationName=BackgroundJob,t:computerName=DC2BUHAPP11,t:connectID=40148,SessionID=38511,Usr=Тулегенова Айдана Балтабаевна,Exception=SeanceContextException,Descr='Сеанс отсутствует или удален
ID=05c14b84-361a-4ae7-b1f9-13b86ee3a891, File=d:\jenkins\ci_builder2\windowsbuild2\platform\src\rserver\src\rmngrcalls.cpp(364)'
00:43.783001-0,EXCP,2,process=rphost,p:processName=bi_bk3wk1_prod_01,OSThread=6848,t:clientID=332,t:applicationName=BackgroundJob,t:computerName=DC2BUHAPP11,t:connectID=40148,SessionID=38511,Usr=Тулегенова Айдана Балтабаевна,Exception=60c686dc-798f-4d17-aadb-a90156a16eb8,Descr='src\rserver\src\serverjobexecutor.cpp(1095):
60c686dc-798f-4d17-aadb-a90156a16eb8: Сеанс отсутствует или удален
ID=05c14b84-361a-4ae7-b1f9-13b86ee3a891, File=d:\jenkins\ci_builder2\windowsbuild2\platform\src\rserver\src\rmngrcalls.cpp(364)'
00:43.783003-0,EXCP,3,process=rphost,p:processName=bi_bk3wk1_prod_01,OSThread=6848,t:clientID=332,t:applicationName=BackgroundJob,t:computerName=DC2BUHAPP11,t:connectID=40148,SessionID=38511,Usr=Тулегенова Айдана Балтабаевна,Exception=SeanceContextException,Descr='Сеанс отсутствует или удален
ID=05c14b84-361a-4ae7-b1f9-13b86ee3a891, File=d:\jenkins\ci_builder2\windowsbuild2\platform\src\rserver\src\clusterdistribimpl.cpp(1439)'
00:43.783005-0,EXCP,2,process=rphost,p:processName=bi_bk3wk1_prod_01,OSThread=6848,t:clientID=332,t:applicationName=BackgroundJob,t:computerName=DC2BUHAPP11,t:connectID=40148,SessionID=38511,Usr=Тулегенова Айдана Балтабаевна,Exception=60c686dc-798f-4d17-aadb-a90156a16eb8,Descr='src\rserver\src\rmngrcalls.cpp(476):
60c686dc-798f-4d17-aadb-a90156a16eb8: Сеанс отсутствует или удален
ID=05c14b84-361a-4ae7-b1f9-13b86ee3a891, File=d:\jenkins\ci_builder2\windowsbuild2\platform\src\rserver\src\clusterdistribimpl.cpp(1439)'
00:43.861006-0,EXCP,2,process=rphost,p:processName=bi_bk3wk1_prod_01,OSThread=6848,t:clientID=332,t:applicationName=BackgroundJob,t:computerName=DC2BUHAPP11,t:connectID=40148,SessionID=38511,Usr=Тулегенова Айдана Балтабаевна,Exception=SeanceContextException,Descr='Сеанс отсутствует или удален
ID=05c14b84-361a-4ae7-b1f9-13b86ee3a891, File=d:\jenkins\ci_builder2\windowsbuild2\platform\src\rserver\src\rmngrcalls.cpp(364)'
00:44.689008-0,EXCP,3,process=rphost,p:processName=bi_bk3wk1_prod_01,OSThread=16196,t:clientID=333,t:applicationName=BackgroundJob,t:computerName=DC2BUHAPP11,t:connectID=40149,SessionID=38512,Usr=Тулегенова Айдана Балтабаевна,Exception=SeanceContextException,Descr='Сеанс отсутствует или удален
ID=d1586e94-fb63-40ab-b777-6dd8030bd4fd, File=d:\jenkins\ci_builder2\windowsbuild2\platform\src\rserver\src\clusterdistribimpl.cpp(1439)'
00:44.689010-0,EXCP,2,process=rphost,p:processName=bi_bk3wk1_prod_01,OSThread=16196,t:clientID=333,t:applicationName=BackgroundJob,t:computerName=DC2BUHAPP11,t:connectID=40149,SessionID=38512,Usr=Тулегенова Айдана Балтабаевна,Exception=60c686dc-798f-4d17-aadb-a90156a16eb8,Descr='src\rserver\src\rmngrcalls.cpp(476):
60c686dc-798f-4d17-aadb-a90156a16eb8: Сеанс отсутствует или удален
ID=d1586e94-fb63-40ab-b777-6dd8030bd4fd, File=d:\jenkins\ci_builder2\windowsbuild2\platform\src\rserver\src\clusterdistribimpl.cpp(1439)'
00:44.877006-0,EXCP,2,process=rphost,p:processName=bi_bk3wk1_prod_01,OSThread=16196,t:clientID=333,t:applicationName=BackgroundJob,t:computerName=DC2BUHAPP11,t:connectID=40149,SessionID=38512,Usr=Тулегенова Айдана Балтабаевна,Exception=SeanceContextException,Descr='Сеанс отсутствует или удален
ID=d1586e94-fb63-40ab-b777-6dd8030bd4fd, File=d:\jenkins\ci_builder2\windowsbuild2\platform\src\rserver\src\rmngrcalls.cpp(364)'
00:44.877007-0,EXCP,2,process=rphost,p:processName=bi_bk3wk1_prod_01,OSThread=16196,t:clientID=333,t:applicationName=BackgroundJob,t:computerName=DC2BUHAPP11,t:connectID=40149,SessionID=38512,Usr=Тулегенова Айдана Балтабаевна,Exception=60c686dc-798f-4d17-aadb-a90156a16eb8,Descr='src\rserver\src\serverjobexecutor.cpp(1095):
60c686dc-798f-4d17-aadb-a90156a16eb8: Сеанс отсутствует или удален
ID=d1586e94-fb63-40ab-b777-6dd8030bd4fd, File=d:\jenkins\ci_builder2\windowsbuild2\platform\src\rserver\src\rmngrcalls.cpp(364)'
00:44.877009-0,EXCP,3,process=rphost,p:processName=bi_bk3wk1_prod_01,OSThread=16196,t:clientID=333,t:applicationName=BackgroundJob,t:computerName=DC2BUHAPP11,t:connectID=40149,SessionID=38512,Usr=Тулегенова Айдана Балтабаевна,Exception=SeanceContextException,Descr='Сеанс отсутствует или удален
ID=d1586e94-fb63-40ab-b777-6dd8030bd4fd, File=d:\jenkins\ci_builder2\windowsbuild2\platform\src\rserver\src\clusterdistribimpl.cpp(1439)'
00:44.877011-0,EXCP,2,process=rphost,p:processName=bi_bk3wk1_prod_01,OSThread=16196,t:clientID=333,t:applicationName=BackgroundJob,t:computerName=DC2BUHAPP11,t:connectID=40149,SessionID=38512,Usr=Тулегенова Айдана Балтабаевна,Exception=60c686dc-798f-4d17-aadb-a90156a16eb8,Descr='src\rserver\src\rmngrcalls.cpp(476):
60c686dc-798f-4d17-aadb-a90156a16eb8: Сеанс отсутствует или удален
ID=d1586e94-fb63-40ab-b777-6dd8030bd4fd, File=d:\jenkins\ci_builder2\windowsbuild2\platform\src\rserver\src\clusterdistribimpl.cpp(1439)'
00:45.080000-0,EXCP,2,process=rphost,p:processName=bi_bk3wk1_prod_01,OSThread=16196,t:clientID=333,t:applicationName=BackgroundJob,t:computerName=DC2BUHAPP11,t:connectID=40149,SessionID=38512,Usr=Тулегенова Айдана Балтабаевна,Exception=SeanceContextException,Descr='Сеанс отсутствует или удален
ID=d1586e94-fb63-40ab-b777-6dd8030bd4fd, File=d:\jenkins\ci_builder2\windowsbuild2\platform\src\rserver\src\rmngrcalls.cpp(364)'
00:45.439008-0,EXCP,3,process=rphost,p:processName=bi_bk3wk1_prod_01,OSThread=7412,t:clientID=334,t:applicationName=BackgroundJob,t:computerName=DC2BUHAPP11,t:connectID=40150,SessionID=38513,Usr=Тулегенова Айдана Балтабаевна,Exception=SeanceContextException,Descr='Сеанс отсутствует или удален
ID=e0da6aac-1fab-4f0f-af18-1f141c1994bf, File=d:\jenkins\ci_builder2\windowsbuild2\platform\src\rserver\src\clusterdistribimpl.cpp(1439)'
00:45.439010-0,EXCP,2,process=rphost,p:processName=bi_bk3wk1_prod_01,OSThread=7412,t:clientID=334,t:applicationName=BackgroundJob,t:computerName=DC2BUHAPP11,t:connectID=40150,SessionID=38513,Usr=Тулегенова Айдана Балтабаевна,Exception=60c686dc-798f-4d17-aadb-a90156a16eb8,Descr='src\rserver\src\rmngrcalls.cpp(476):
60c686dc-798f-4d17-aadb-a90156a16eb8: Сеанс отсутствует или удален
ID=e0da6aac-1fab-4f0f-af18-1f141c1994bf, File=d:\jenkins\ci_builder2\windowsbuild2\platform\src\rserver\src\clusterdistribimpl.cpp(1439)'
00:45.642000-0,EXCP,2,process=rphost,p:processName=bi_bk3wk1_prod_01,OSThread=7412,t:clientID=334,t:applicationName=BackgroundJob,t:computerName=DC2BUHAPP11,t:connectID=40150,SessionID=38513,Usr=Тулегенова Айдана Балтабаевна,Exception=SeanceContextException,Descr='Сеанс отсутствует или удален
ID=e0da6aac-1fab-4f0f-af18-1f141c1994bf, File=d:\jenkins\ci_builder2\windowsbuild2\platform\src\rserver\src\rmngrcalls.cpp(364)'
00:45.642001-0,EXCP,2,process=rphost,p:processName=bi_bk3wk1_prod_01,OSThread=7412,t:clientID=334,t:applicationName=BackgroundJob,t:computerName=DC2BUHAPP11,t:connectID=40150,SessionID=38513,Usr=Тулегенова Айдана Балтабаевна,Exception=60c686dc-798f-4d17-aadb-a90156a16eb8,Descr='src\rserver\src\serverjobexecutor.cpp(1095):
60c686dc-798f-4d17-aadb-a90156a16eb8: Сеанс отсутствует или удален
ID=e0da6aac-1fab-4f0f-af18-1f141c1994bf, File=d:\jenkins\ci_builder2\windowsbuild2\platform\src\rserver\src\rmngrcalls.cpp(364)'
00:45.642003-0,EXCP,3,process=rphost,p:processName=bi_bk3wk1_prod_01,OSThread=7412,t:clientID=334,t:applicationName=BackgroundJob,t:computerName=DC2BUHAPP11,t:connectID=40150,SessionID=38513,Usr=Тулегенова Айдана Балтабаевна,Exception=SeanceContextException,Descr='Сеанс отсутствует или удален
ID=e0da6aac-1fab-4f0f-af18-1f141c1994bf, File=d:\jenkins\ci_builder2\windowsbuild2\platform\src\rserver\src\clusterdistribimpl.cpp(1439)'
00:45.642005-0,EXCP,2,process=rphost,p:processName=bi_bk3wk1_prod_01,OSThread=7412,t:clientID=334,t:applicationName=BackgroundJob,t:computerName=DC2BUHAPP11,t:connectID=40150,SessionID=38513,Usr=Тулегенова Айдана Балтабаевна,Exception=60c686dc-798f-4d17-aadb-a90156a16eb8,Descr='src\rserver\src\rmngrcalls.cpp(476):
60c686dc-798f-4d17-aadb-a90156a16eb8: Сеанс отсутствует или удален
ID=e0da6aac-1fab-4f0f-af18-1f141c1994bf, File=d:\jenkins\ci_builder2\windowsbuild2\platform\src\rserver\src\clusterdistribimpl.cpp(1439)'
00:45.845000-0,EXCP,2,process=rphost,p:processName=bi_bk3wk1_prod_01,OSThread=7412,t:clientID=334,t:applicationName=BackgroundJob,t:computerName=DC2BUHAPP11,t:connectID=40150,SessionID=38513,Usr=Тулегенова Айдана Балтабаевна,Exception=SeanceContextException,Descr='Сеанс отсутствует или удален
ID=e0da6aac-1fab-4f0f-af18-1f141c1994bf, File=d:\jenkins\ci_builder2\windowsbuild2\platform\src\rserver\src\rmngrcalls.cpp(364)'
03:35.944005-0,ADMIN,2,process=rphost,p:processName=ServerJobExecutorContext,OSThread=12308,t:clientID=336,t:applicationName=JobScheduler,t:computerName=DC2BUHAPP11,Func=killClient,ClusterID=8aa94e2b-5d54-4b86-800b-79353ce39638,ConnectionID=84cfd8b4-fd8f-41d2-b48d-3922ad1a795d,Mode=0,Ref=bi_bk3wk1_prod_01(bi_bk3wk1_prod_01),Host=DC2BUHAPP11,Connection=40182,Administrator=Unknown,Result=Success
03:36.335005-0,ADMIN,2,process=rphost,p:processName=ServerJobExecutorContext,OSThread=12308,t:clientID=336,t:applicationName=JobScheduler,t:computerName=DC2BUHAPP11,Func=killClient,ClusterID=8aa94e2b-5d54-4b86-800b-79353ce39638,ConnectionID=90b672fd-306d-4a0d-891c-b8aba2d85536,Mode=0,Ref=bi_bk3wk1_prod_01(bi_bk3wk1_prod_01),Host=DC2BUHAPP11,Connection=40183,Administrator=Unknown,Result=Success
03:39.179014-0,EXCP,3,process=rphost,p:processName=bi_bk3wk1_prod_01,OSThread=16888,t:clientID=337,t:applicationName=BackgroundJob,t:computerName=DC2BUHAPP11,t:connectID=40182,SessionID=38545,Usr=WK1_Закарьянова_Самал_Мухтаровна,Exception=SeanceContextException,Descr='Сеанс отсутствует или удален
ID=0fc6114c-f627-4023-839d-344059720cb1, File=d:\jenkins\ci_builder2\windowsbuild2\platform\src\rserver\src\clusterdistribimpl.cpp(1439)'
03:39.179016-0,EXCP,2,process=rphost,p:processName=bi_bk3wk1_prod_01,OSThread=16888,t:clientID=337,t:applicationName=BackgroundJob,t:computerName=DC2BUHAPP11,t:connectID=40182,SessionID=38545,Usr=WK1_Закарьянова_Самал_Мухтаровна,Exception=60c686dc-798f-4d17-aadb-a90156a16eb8,Descr='src\rserver\src\rmngrcalls.cpp(476):
60c686dc-798f-4d17-aadb-a90156a16eb8: Сеанс отсутствует или удален
ID=0fc6114c-f627-4023-839d-344059720cb1, File=d:\jenkins\ci_builder2\windowsbuild2\platform\src\rserver\src\clusterdistribimpl.cpp(1439)'
03:39.225008-0,EXCP,3,process=rphost,p:processName=bi_bk3wk1_prod_01,OSThread=16196,t:clientID=338,t:applicationName=BackgroundJob,t:computerName=DC2BUHAPP11,t:connectID=40183,SessionID=38546,Usr=WK1_Закарьянова_Самал_Мухтаровна,Exception=SeanceContextException,Descr='Сеанс отсутствует или удален
ID=41087f72-cbd3-4507-a785-37b5cff5d452, File=d:\jenkins\ci_builder2\windowsbuild2\platform\src\rserver\src\clusterdistribimpl.cpp(1439)'
03:39.225010-0,EXCP,2,process=rphost,p:processName=bi_bk3wk1_prod_01,OSThread=16196,t:clientID=338,t:applicationName=BackgroundJob,t:computerName=DC2BUHAPP11,t:connectID=40183,SessionID=38546,Usr=WK1_Закарьянова_Самал_Мухтаровна,Exception=60c686dc-798f-4d17-aadb-a90156a16eb8,Descr='src\rserver\src\rmngrcalls.cpp(476):
60c686dc-798f-4d17-aadb-a90156a16eb8: Сеанс отсутствует или удален
ID=41087f72-cbd3-4507-a785-37b5cff5d452, File=d:\jenkins\ci_builder2\windowsbuild2\platform\src\rserver\src\clusterdistribimpl.cpp(1439)'
03:39.382000-0,EXCP,2,process=rphost,p:processName=bi_bk3wk1_prod_01,OSThread=16888,t:clientID=337,t:applicationName=BackgroundJob,t:computerName=DC2BUHAPP11,t:connectID=40182,SessionID=38545,Usr=WK1_Закарьянова_Самал_Мухтаровна,Exception=SeanceContextException,Descr='Сеанс отсутствует или удален
ID=0fc6114c-f627-4023-839d-344059720cb1, File=d:\jenkins\ci_builder2\windowsbuild2\platform\src\rserver\src\rmngrcalls.cpp(364)'
03:39.382001-0,EXCP,2,process=rphost,p:processName=bi_bk3wk1_prod_01,OSThread=16888,t:clientID=337,t:applicationName=BackgroundJob,t:computerName=DC2BUHAPP11,t:connectID=40182,SessionID=38545,Usr=WK1_Закарьянова_Самал_Мухтаровна,Exception=60c686dc-798f-4d17-aadb-a90156a16eb8,Descr='src\rserver\src\serverjobexecutor.cpp(1095):
60c686dc-798f-4d17-aadb-a90156a16eb8: Сеанс отсутствует или удален
ID=0fc6114c-f627-4023-839d-344059720cb1, File=d:\jenkins\ci_builder2\windowsbuild2\platform\src\rserver\src\rmngrcalls.cpp(364)'
03:39.382003-0,EXCP,3,process=rphost,p:processName=bi_bk3wk1_prod_01,OSThread=16888,t:clientID=337,t:applicationName=BackgroundJob,t:computerName=DC2BUHAPP11,t:connectID=40182,SessionID=38545,Usr=WK1_Закарьянова_Самал_Мухтаровна,Exception=SeanceContextException,Descr='Сеанс отсутствует или удален
ID=0fc6114c-f627-4023-839d-344059720cb1, File=d:\jenkins\ci_builder2\windowsbuild2\platform\src\rserver\src\clusterdistribimpl.cpp(1439)'
03:39.382005-0,EXCP,2,process=rphost,p:processName=bi_bk3wk1_prod_01,OSThread=16888,t:clientID=337,t:applicationName=BackgroundJob,t:computerName=DC2BUHAPP11,t:connectID=40182,SessionID=38545,Usr=WK1_Закарьянова_Самал_Мухтаровна,Exception=60c686dc-798f-4d17-aadb-a90156a16eb8,Descr='src\rserver\src\rmngrcalls.cpp(476):
60c686dc-798f-4d17-aadb-a90156a16eb8: Сеанс отсутствует или удален
ID=0fc6114c-f627-4023-839d-344059720cb1, File=d:\jenkins\ci_builder2\windowsbuild2\platform\src\rserver\src\clusterdistribimpl.cpp(1439)'
03:39.429000-0,EXCP,2,process=rphost,p:processName=bi_bk3wk1_prod_01,OSThread=16196,t:clientID=338,t:applicationName=BackgroundJob,t:computerName=DC2BUHAPP11,t:connectID=40183,SessionID=38546,Usr=WK1_Закарьянова_Самал_Мухтаровна,Exception=SeanceContextException,Descr='Сеанс отсутствует или удален
ID=41087f72-cbd3-4507-a785-37b5cff5d452, File=d:\jenkins\ci_builder2\windowsbuild2\platform\src\rserver\src\rmngrcalls.cpp(364)'
03:39.429001-0,EXCP,2,process=rphost,p:processName=bi_bk3wk1_prod_01,OSThread=16196,t:clientID=338,t:applicationName=BackgroundJob,t:computerName=DC2BUHAPP11,t:connectID=40183,SessionID=38546,Usr=WK1_Закарьянова_Самал_Мухтаровна,Exception=60c686dc-798f-4d17-aadb-a90156a16eb8,Descr='src\rserver\src\serverjobexecutor.cpp(1095):
60c686dc-798f-4d17-aadb-a90156a16eb8: Сеанс отсутствует или удален
ID=41087f72-cbd3-4507-a785-37b5cff5d452, File=d:\jenkins\ci_builder2\windowsbuild2\platform\src\rserver\src\rmngrcalls.cpp(364)'
03:39.429003-0,EXCP,3,process=rphost,p:processName=bi_bk3wk1_prod_01,OSThread=16196,t:clientID=338,t:applicationName=BackgroundJob,t:computerName=DC2BUHAPP11,t:connectID=40183,SessionID=38546,Usr=WK1_Закарьянова_Самал_Мухтаровна,Exception=SeanceContextException,Descr='Сеанс отсутствует или удален
ID=41087f72-cbd3-4507-a785-37b5cff5d452, File=d:\jenkins\ci_builder2\windowsbuild2\platform\src\rserver\src\clusterdistribimpl.cpp(1439)'
03:39.429005-0,EXCP,2,process=rphost,p:processName=bi_bk3wk1_prod_01,OSThread=16196,t:clientID=338,t:applicationName=BackgroundJob,t:computerName=DC2BUHAPP11,t:connectID=40183,SessionID=38546,Usr=WK1_Закарьянова_Самал_Мухтаровна,Exception=60c686dc-798f-4d17-aadb-a90156a16eb8,Descr='src\rserver\src\rmngrcalls.cpp(476):
60c686dc-798f-4d17-aadb-a90156a16eb8: Сеанс отсутствует или удален
ID=41087f72-cbd3-4507-a785-37b5cff5d452, File=d:\jenkins\ci_builder2\windowsbuild2\platform\src\rserver\src\clusterdistribimpl.cpp(1439)'
03:39.554007-0,EXCP,2,process=rphost,p:processName=bi_bk3wk1_prod_01,OSThread=16196,t:clientID=338,t:applicationName=BackgroundJob,t:computerName=DC2BUHAPP11,t:connectID=40183,SessionID=38546,Usr=WK1_Закарьянова_Самал_Мухтаровна,Exception=SeanceContextException,Descr='Сеанс отсутствует или удален
ID=41087f72-cbd3-4507-a785-37b5cff5d452, File=d:\jenkins\ci_builder2\windowsbuild2\platform\src\rserver\src\rmngrcalls.cpp(364)'
03:39.554006-0,EXCP,2,process=rphost,p:processName=bi_bk3wk1_prod_01,OSThread=16888,t:clientID=337,t:applicationName=BackgroundJob,t:computerName=DC2BUHAPP11,t:connectID=40182,SessionID=38545,Usr=WK1_Закарьянова_Самал_Мухтаровна,Exception=SeanceContextException,Descr='Сеанс отсутствует или удален
ID=0fc6114c-f627-4023-839d-344059720cb1, File=d:\jenkins\ci_builder2\windowsbuild2\platform\src\rserver\src\rmngrcalls.cpp(364)'
05:37.383000-0,EXCP,0,process=rphost,OSThread=16540,ClientID=329,Exception=NetDataExchangeException,Descr='server_addr=(2)10.225.32.15:53666 descr=2(0x00000002): Не удается найти указанный файл.  line=1149 file=d:\jenkins\ci_builder2\windowsbuild2\platform\src\rtrsrvc\src\dataexchangeserverimpl.cpp'
05:37.383001-0,EXCPCNTX,0,ClientComputerName=,ServerComputerName=,UserName=,ConnectString=
05:40.664002-0,EXCP,2,process=rphost,p:processName=bi_bk3wk1_prod_01,OSThread=7424,t:clientID=81,t:applicationName=WebServerExtension,t:computerName=DC2CISWEB01,t:connectID=39638,SessionID=38574,Usr=WSDooc,Exception=Messages list is not empty!
05:41.398000-0,EXCP,0,process=rphost,OSThread=4888,ClientID=341,Exception=NetDataExchangeException,Descr='server_addr=(2)10.225.32.15:53692 descr=2(0x00000002): Не удается найти указанный файл.  line=1149 file=d:\jenkins\ci_builder2\windowsbuild2\platform\src\rtrsrvc\src\dataexchangeserverimpl.cpp'
05:41.398001-0,EXCPCNTX,0,ClientComputerName=,ServerComputerName=,UserName=,ConnectString=
05:54.789002-0,EXCP,2,process=rphost,p:processName=bi_bk3wk1_prod_01,OSThread=16196,t:clientID=81,t:applicationName=WebServerExtension,t:computerName=DC2CISWEB01,t:connectID=39638,SessionID=38578,Usr=WSDooc,Exception=Messages list is not empty!
11:39.437000-0,EXCP,0,process=rphost,OSThread=16540,ClientID=331,Exception=NetDataExchangeException,Descr='server_addr=(2)10.224.32.15:61831 descr=2(0x00000002): Не удается найти указанный файл.  line=1149 file=d:\jenkins\ci_builder2\windowsbuild2\platform\src\rtrsrvc\src\dataexchangeserverimpl.cpp'
11:39.437001-0,EXCPCNTX,0,ClientComputerName=,ServerComputerName=,UserName=,ConnectString=
14:27.065000-0,EXCP,0,process=rphost,OSThread=9696,ClientID=342,Exception=NetDataExchangeException,Descr='server_addr=(2)10.225.32.15:53701 descr=2(0x00000002): Не удается найти указанный файл.  line=1149 file=d:\jenkins\ci_builder2\windowsbuild2\platform\src\rtrsrvc\src\dataexchangeserverimpl.cpp'
14:27.065001-0,EXCPCNTX,0,ClientComputerName=,ServerComputerName=,UserName=,ConnectString=
14:27.315000-0,EXCP,0,process=rphost,OSThread=17728,ClientID=347,Exception=NetDataExchangeException,Descr='server_addr=(2)10.225.32.15:53735 descr=2(0x00000002): Не удается найти указанный файл.  line=1149 file=d:\jenkins\ci_builder2\windowsbuild2\platform\src\rtrsrvc\src\dataexchangeserverimpl.cpp'
14:27.315001-0,EXCPCNTX,0,ClientComputerName=,ServerComputerName=,UserName=,ConnectString=
14:27.611010-0,EXCP,0,process=rphost,OSThread=18104,ClientID=348,Exception=NetDataExchangeException,Descr='server_addr=(2)10.225.32.15:53749 descr=2(0x00000002): Не удается найти указанный файл.  line=1149 file=d:\jenkins\ci_builder2\windowsbuild2\platform\src\rtrsrvc\src\dataexchangeserverimpl.cpp'
14:27.611011-0,EXCPCNTX,0,ClientComputerName=,ServerComputerName=,UserName=,ConnectString=
14:27.846000-0,EXCP,0,process=rphost,OSThread=4888,ClientID=349,Exception=NetDataExchangeException,Descr='server_addr=(2)10.225.32.15:53757 descr=2(0x00000002): Не удается найти указанный файл.  line=1149 file=d:\jenkins\ci_builder2\windowsbuild2\platform\src\rtrsrvc\src\dataexchangeserverimpl.cpp'
14:27.846001-0,EXCPCNTX,0,ClientComputerName=,ServerComputerName=,UserName=,ConnectString=
14:28.361000-0,EXCP,0,process=rphost,OSThread=12452,ClientID=346,Exception=NetDataExchangeException,Descr='server_addr=(2)10.224.32.15:61867 descr=2(0x00000002): Не удается найти указанный файл.  line=1149 file=d:\jenkins\ci_builder2\windowsbuild2\platform\src\rtrsrvc\src\dataexchangeserverimpl.cpp'
14:28.361001-0,EXCPCNTX,0,ClientComputerName=,ServerComputerName=,UserName=,ConnectString=
14:28.486000-0,EXCP,0,process=rphost,OSThread=16540,ClientID=351,Exception=NetDataExchangeException,Descr='server_addr=(2)10.224.32.15:61885 descr=2(0x00000002): Не удается найти указанный файл.  line=1149 file=d:\jenkins\ci_builder2\windowsbuild2\platform\src\rtrsrvc\src\dataexchangeserverimpl.cpp'
14:28.486001-0,EXCPCNTX,0,ClientComputerName=,ServerComputerName=,UserName=,ConnectString=
15:46.769004-0,EXCP,2,process=rphost,p:processName=bi_bk3wk1_prod_01,OSThread=6848,t:clientID=83,t:applicationName=WebServerExtension,t:computerName=DC1CISWEB02,t:connectID=39640,SessionID=38734,Usr=WSDooc,Exception=Messages list is not empty!
15:49.816002-0,EXCP,2,process=rphost,p:processName=bi_bk3wk1_prod_01,OSThread=6848,t:clientID=83,t:applicationName=WebServerExtension,t:computerName=DC1CISWEB02,t:connectID=39640,SessionID=38741,Usr=WSDooc,Exception=Messages list is not empty!
15:54.426009-0,EXCP,0,process=rphost,OSThread=4888,ClientID=352,Exception=NetDataExchangeException,Descr='server_addr=(2)10.224.32.15:61900 descr=2(0x00000002): Не удается найти указанный файл.  line=1149 file=d:\jenkins\ci_builder2\windowsbuild2\platform\src\rtrsrvc\src\dataexchangeserverimpl.cpp'
15:54.426010-0,EXCPCNTX,0,ClientComputerName=,ServerComputerName=,UserName=,ConnectString=
21:54.130000-0,EXCP,0,process=rphost,OSThread=17728,ClientID=350,Exception=NetDataExchangeException,Descr='server_addr=(2)10.225.32.15:53771 descr=2(0x00000002): Не удается найти указанный файл.  line=1149 file=d:\jenkins\ci_builder2\windowsbuild2\platform\src\rtrsrvc\src\dataexchangeserverimpl.cpp'
21:54.130001-0,EXCPCNTX,0,ClientComputerName=,ServerComputerName=,UserName=,ConnectString=
21:54.286000-0,EXCP,0,process=rphost,OSThread=17728,ClientID=357,Exception=NetDataExchangeException,Descr='server_addr=(2)10.225.32.15:53817 descr=2(0x00000002): Не удается найти указанный файл.  line=1149 file=d:\jenkins\ci_builder2\windowsbuild2\platform\src\rtrsrvc\src\dataexchangeserverimpl.cpp'
21:54.286001-0,EXCPCNTX,0,ClientComputerName=,ServerComputerName=,UserName=,ConnectString=
22:05.661000-0,EXCP,0,process=rphost,OSThread=17728,ClientID=355,Exception=NetDataExchangeException,Descr='server_addr=(2)10.224.32.15:61910 descr=2(0x00000002): Не удается найти указанный файл.  line=1149 file=d:\jenkins\ci_builder2\windowsbuild2\platform\src\rtrsrvc\src\dataexchangeserverimpl.cpp'
22:05.661001-0,EXCPCNTX,0,ClientComputerName=,ServerComputerName=,UserName=,ConnectString=
22:05.927000-0,EXCP,0,process=rphost,OSThread=12452,ClientID=359,Exception=NetDataExchangeException,Descr='server_addr=(2)10.224.32.15:61927 descr=2(0x00000002): Не удается найти указанный файл.  line=1149 file=d:\jenkins\ci_builder2\windowsbuild2\platform\src\rtrsrvc\src\dataexchangeserverimpl.cpp'
22:05.927001-0,EXCPCNTX,0,ClientComputerName=,ServerComputerName=,UserName=,ConnectString=
24:36.353000-0,EXCP,0,process=rphost,OSThread=16540,ClientID=360,Exception=NetDataExchangeException,Descr='server_addr=(2)10.224.32.15:61941 descr=2(0x00000002): Не удается найти указанный файл.  line=1149 file=d:\jenkins\ci_builder2\windowsbuild2\platform\src\rtrsrvc\src\dataexchangeserverimpl.cpp'
24:36.353001-0,EXCPCNTX,0,ClientComputerName=,ServerComputerName=,UserName=,ConnectString=
27:40.888006-0,ADMIN,2,process=rphost,p:processName=ServerJobExecutorContext,OSThread=12308,t:clientID=364,t:applicationName=JobScheduler,t:computerName=DC2BUHAPP11,Func=killClient,ClusterID=8aa94e2b-5d54-4b86-800b-79353ce39638,ConnectionID=718538be-2da1-4ea2-8819-11e4e777bdc3,Mode=0,Ref=bi_bk3wk1_prod_01(bi_bk3wk1_prod_01),Host=DC2BUHAPP11,Connection=40650,Administrator=Unknown,Result=Success
27:41.310005-0,ADMIN,2,process=rphost,p:processName=ServerJobExecutorContext,OSThread=12308,t:clientID=364,t:applicationName=JobScheduler,t:computerName=DC2BUHAPP11,Func=killClient,ClusterID=8aa94e2b-5d54-4b86-800b-79353ce39638,ConnectionID=02d213a0-57de-460b-8fbe-4a807233c38b,Mode=0,Ref=bi_bk3wk1_prod_01(bi_bk3wk1_prod_01),Host=DC2BUHAPP11,Connection=40651,Administrator=Unknown,Result=Success
27:58.685010-0,EXCP,3,process=rphost,p:processName=bi_bk3wk1_prod_01,OSThread=17604,t:clientID=366,t:applicationName=BackgroundJob,t:computerName=DC2BUHAPP11,t:connectID=40650,SessionID=39044,Usr=WK1_Жаксылыков_Ерасыл_Серикказыевич,Exception=SeanceContextException,Descr='Сеанс отсутствует или удален
ID=650a9507-7c65-40a7-83cb-fa11a1c94b23, File=d:\jenkins\ci_builder2\windowsbuild2\platform\src\rserver\src\clusterdistribimpl.cpp(1439)'
27:58.685012-0,EXCP,2,process=rphost,p:processName=bi_bk3wk1_prod_01,OSThread=17604,t:clientID=366,t:applicationName=BackgroundJob,t:computerName=DC2BUHAPP11,t:connectID=40650,SessionID=39044,Usr=WK1_Жаксылыков_Ерасыл_Серикказыевич,Exception=60c686dc-798f-4d17-aadb-a90156a16eb8,Descr='src\rserver\src\rmngrcalls.cpp(476):
60c686dc-798f-4d17-aadb-a90156a16eb8: Сеанс отсутствует или удален
ID=650a9507-7c65-40a7-83cb-fa11a1c94b23, File=d:\jenkins\ci_builder2\windowsbuild2\platform\src\rserver\src\clusterdistribimpl.cpp(1439)'
27:58.888000-0,EXCP,2,process=rphost,p:processName=bi_bk3wk1_prod_01,OSThread=17604,t:clientID=366,t:applicationName=BackgroundJob,t:computerName=DC2BUHAPP11,t:connectID=40650,SessionID=39044,Usr=WK1_Жаксылыков_Ерасыл_Серикказыевич,Exception=SeanceContextException,Descr='Сеанс отсутствует или удален
ID=650a9507-7c65-40a7-83cb-fa11a1c94b23, File=d:\jenkins\ci_builder2\windowsbuild2\platform\src\rserver\src\rmngrcalls.cpp(364)'
27:58.888001-0,EXCP,2,process=rphost,p:processName=bi_bk3wk1_prod_01,OSThread=17604,t:clientID=366,t:applicationName=BackgroundJob,t:computerName=DC2BUHAPP11,t:connectID=40650,SessionID=39044,Usr=WK1_Жаксылыков_Ерасыл_Серикказыевич,Exception=60c686dc-798f-4d17-aadb-a90156a16eb8,Descr='src\rserver\src\serverjobexecutor.cpp(1095):
60c686dc-798f-4d17-aadb-a90156a16eb8: Сеанс отсутствует или удален
ID=650a9507-7c65-40a7-83cb-fa11a1c94b23, File=d:\jenkins\ci_builder2\windowsbuild2\platform\src\rserver\src\rmngrcalls.cpp(364)'
27:58.888003-0,EXCP,3,process=rphost,p:processName=bi_bk3wk1_prod_01,OSThread=17604,t:clientID=366,t:applicationName=BackgroundJob,t:computerName=DC2BUHAPP11,t:connectID=40650,SessionID=39044,Usr=WK1_Жаксылыков_Ерасыл_Серикказыевич,Exception=SeanceContextException,Descr='Сеанс отсутствует или удален
ID=650a9507-7c65-40a7-83cb-fa11a1c94b23, File=d:\jenkins\ci_builder2\windowsbuild2\platform\src\rserver\src\clusterdistribimpl.cpp(1439)'
27:58.888005-0,EXCP,2,process=rphost,p:processName=bi_bk3wk1_prod_01,OSThread=17604,t:clientID=366,t:applicationName=BackgroundJob,t:computerName=DC2BUHAPP11,t:connectID=40650,SessionID=39044,Usr=WK1_Жаксылыков_Ерасыл_Серикказыевич,Exception=60c686dc-798f-4d17-aadb-a90156a16eb8,Descr='src\rserver\src\rmngrcalls.cpp(476):
60c686dc-798f-4d17-aadb-a90156a16eb8: Сеанс отсутствует или удален
ID=650a9507-7c65-40a7-83cb-fa11a1c94b23, File=d:\jenkins\ci_builder2\windowsbuild2\platform\src\rserver\src\clusterdistribimpl.cpp(1439)'
27:58.950006-0,EXCP,2,process=rphost,p:processName=bi_bk3wk1_prod_01,OSThread=17604,t:clientID=366,t:applicationName=BackgroundJob,t:computerName=DC2BUHAPP11,t:connectID=40650,SessionID=39044,Usr=WK1_Жаксылыков_Ерасыл_Серикказыевич,Exception=SeanceContextException,Descr='Сеанс отсутствует или удален
ID=650a9507-7c65-40a7-83cb-fa11a1c94b23, File=d:\jenkins\ci_builder2\windowsbuild2\platform\src\rserver\src\rmngrcalls.cpp(364)'
28:19.654011-0,EXCP,2,process=rphost,p:processName=bi_bk3wk1_prod_01,OSThread=16112,t:clientID=367,t:applicationName=BackgroundJob,t:computerName=DC2BUHAPP11,t:connectID=40651,SessionID=39045,Usr=WK1_Жаксылыков_Ерасыл_Серикказыевич,Exception=SeanceContextException,Descr='Сеанс отсутствует или удален
ID=03d79919-ffc3-4bf9-a70a-07e9a909e21f, File=d:\jenkins\ci_builder2\windowsbuild2\platform\src\rserver\src\clusterdistribimpl.cpp(1439)'
28:19.654012-0,EXCP,2,process=rphost,p:processName=bi_bk3wk1_prod_01,OSThread=16112,t:clientID=367,t:applicationName=BackgroundJob,t:computerName=DC2BUHAPP11,t:connectID=40651,SessionID=39045,Usr=WK1_Жаксылыков_Ерасыл_Серикказыевич,Exception=60c686dc-798f-4d17-aadb-a90156a16eb8,Descr='src\rserver\src\serverjobexecutor.cpp(1095):
60c686dc-798f-4d17-aadb-a90156a16eb8: Сеанс отсутствует или удален
ID=03d79919-ffc3-4bf9-a70a-07e9a909e21f, File=d:\jenkins\ci_builder2\windowsbuild2\platform\src\rserver\src\clusterdistribimpl.cpp(1439)'
28:19.670002-0,EXCP,2,process=rphost,p:processName=bi_bk3wk1_prod_01,OSThread=16112,t:clientID=367,t:applicationName=BackgroundJob,t:computerName=DC2BUHAPP11,t:connectID=40651,SessionID=39045,Usr=WK1_Жаксылыков_Ерасыл_Серикказыевич,Exception=SeanceContextException,Descr='Сеанс отсутствует или удален
ID=03d79919-ffc3-4bf9-a70a-07e9a909e21f, File=d:\jenkins\ci_builder2\windowsbuild2\platform\src\rserver\src\clusterdistribimpl.cpp(1439)'
30:43.719002-0,EXCP,2,process=rphost,p:processName=bi_bk3wk1_prod_01,OSThread=14972,t:clientID=81,t:applicationName=WebServerExtension,t:computerName=DC2CISWEB01,t:connectID=39638,SessionID=39097,Usr=WSDooc,Exception=Messages list is not empty!
30:44.875013-0,EXCP,2,process=rphost,p:processName=bi_bk3wk1_prod_01,OSThread=14972,t:clientID=81,t:applicationName=WebServerExtension,t:computerName=DC2CISWEB01,t:connectID=39638,SessionID=39099,Usr=WSDooc,Exception=Messages list is not empty!
30:47.953009-0,EXCP,2,process=rphost,p:processName=bi_bk3wk1_prod_01,OSThread=14972,t:clientID=81,t:applicationName=WebServerExtension,t:computerName=DC2CISWEB01,t:connectID=39638,SessionID=39104,Usr=WSDooc,Exception=Messages list is not empty!
35:28.266016-0,EXCP,2,process=rphost,p:processName=bi_bk3wk1_prod_01,OSThread=16888,t:clientID=83,t:applicationName=WebServerExtension,t:computerName=DC1CISWEB02,t:connectID=39640,SessionID=39230,Usr=WSDooc,Exception=Messages list is not empty!
35:30.672002-0,EXCP,2,process=rphost,p:processName=bi_bk3wk1_prod_01,OSThread=16888,t:clientID=83,t:applicationName=WebServerExtension,t:computerName=DC1CISWEB02,t:connectID=39640,SessionID=39234,Usr=WSDooc,Exception=Messages list is not empty!
35:34.469002-0,EXCP,2,process=rphost,p:processName=bi_bk3wk1_prod_01,OSThread=16888,t:clientID=83,t:applicationName=WebServerExtension,t:computerName=DC1CISWEB02,t:connectID=39640,SessionID=39244,Usr=WSDooc,Exception=Messages list is not empty!
35:38.266002-0,EXCP,2,process=rphost,p:processName=bi_bk3wk1_prod_01,OSThread=16888,t:clientID=83,t:applicationName=WebServerExtension,t:computerName=DC1CISWEB02,t:connectID=39640,SessionID=39254,Usr=WSDooc,Exception=Messages list is not empty!
35:51.438009-0,EXCP,2,process=rphost,p:processName=bi_bk3wk1_prod_01,OSThread=16196,t:clientID=83,t:applicationName=WebServerExtension,t:computerName=DC1CISWEB02,t:connectID=39640,SessionID=39260,Usr=WSDooc,Exception=Messages list is not empty!
35:55.594009-0,EXCP,2,process=rphost,p:processName=bi_bk3wk1_prod_01,OSThread=16196,t:clientID=83,t:applicationName=WebServerExtension,t:computerName=DC1CISWEB02,t:connectID=39640,SessionID=39264,Usr=WSDooc,Exception=Messages list is not empty!
35:58.172002-0,EXCP,2,process=rphost,p:processName=bi_bk3wk1_prod_01,OSThread=16196,t:clientID=83,t:applicationName=WebServerExtension,t:computerName=DC1CISWEB02,t:connectID=39640,SessionID=39267,Usr=WSDooc,Exception=Messages list is not empty!
36:02.234002-0,EXCP,2,process=rphost,p:processName=bi_bk3wk1_prod_01,OSThread=16196,t:clientID=83,t:applicationName=WebServerExtension,t:computerName=DC1CISWEB02,t:connectID=39640,SessionID=39271,Usr=WSDooc,Exception=Messages list is not empty!
36:03.953002-0,EXCP,2,process=rphost,p:processName=bi_bk3wk1_prod_01,OSThread=16888,t:clientID=81,t:applicationName=WebServerExtension,t:computerName=DC2CISWEB01,t:connectID=39638,SessionID=39273,Usr=WSDooc,Exception=Messages list is not empty!
36:09.906002-0,EXCP,2,process=rphost,p:processName=bi_bk3wk1_prod_01,OSThread=16196,t:clientID=81,t:applicationName=WebServerExtension,t:computerName=DC2CISWEB01,t:connectID=39638,SessionID=39278,Usr=WSDooc,Exception=Messages list is not empty!
36:16.484016-0,EXCP,2,process=rphost,p:processName=bi_bk3wk1_prod_01,OSThread=16888,t:clientID=83,t:applicationName=WebServerExtension,t:computerName=DC1CISWEB02,t:connectID=39640,SessionID=39283,Usr=WSDooc,Exception=Messages list is not empty!
36:19.363002-0,EXCP,2,process=rphost,p:processName=bi_bk3wk1_prod_01,OSThread=16888,t:clientID=83,t:applicationName=WebServerExtension,t:computerName=DC1CISWEB02,t:connectID=39640,SessionID=39288,Usr=WSDooc,Exception=Messages list is not empty!
36:46.457016-0,EXCP,2,process=rphost,p:processName=bi_bk3wk1_prod_01,OSThread=16888,t:clientID=81,t:applicationName=WebServerExtension,t:computerName=DC2CISWEB01,t:connectID=39638,SessionID=39300,Usr=WSDooc,Exception=Messages list is not empty!
36:48.457009-0,EXCP,2,process=rphost,p:processName=bi_bk3wk1_prod_01,OSThread=16888,t:clientID=81,t:applicationName=WebServerExtension,t:computerName=DC2CISWEB01,t:connectID=39638,SessionID=39303,Usr=WSDooc,Exception=Messages list is not empty!
36:49.863007-0,EXCP,2,process=rphost,p:processName=bi_bk3wk1_prod_01,OSThread=16888,t:clientID=81,t:applicationName=WebServerExtension,t:computerName=DC2CISWEB01,t:connectID=39638,SessionID=39306,Usr=WSDooc,Exception=Messages list is not empty!
37:02.410002-0,EXCP,2,process=rphost,p:processName=bi_bk3wk1_prod_01,OSThread=6848,t:clientID=81,t:applicationName=WebServerExtension,t:computerName=DC2CISWEB01,t:connectID=39638,SessionID=39317,Usr=WSDooc,Exception=Messages list is not empty!
37:08.832002-0,EXCP,2,process=rphost,p:processName=bi_bk3wk1_prod_01,OSThread=15764,t:clientID=81,t:applicationName=WebServerExtension,t:computerName=DC2CISWEB01,t:connectID=39638,SessionID=39321,Usr=WSDooc,Exception=Messages list is not empty!
37:10.676016-0,EXCP,2,process=rphost,p:processName=bi_bk3wk1_prod_01,OSThread=15764,t:clientID=81,t:applicationName=WebServerExtension,t:computerName=DC2CISWEB01,t:connectID=39638,SessionID=39324,Usr=WSDooc,Exception=Messages list is not empty!
37:12.301008-0,EXCP,2,process=rphost,p:processName=bi_bk3wk1_prod_01,OSThread=15764,t:clientID=81,t:applicationName=WebServerExtension,t:computerName=DC2CISWEB01,t:connectID=39638,SessionID=39327,Usr=WSDooc,Exception=Messages list is not empty!
37:14.098009-0,EXCP,2,process=rphost,p:processName=bi_bk3wk1_prod_01,OSThread=15764,t:clientID=81,t:applicationName=WebServerExtension,t:computerName=DC2CISWEB01,t:connectID=39638,SessionID=39329,Usr=WSDooc,Exception=Messages list is not empty!
37:21.445008-0,EXCP,2,process=rphost,p:processName=bi_bk3wk1_prod_01,OSThread=12080,t:clientID=81,t:applicationName=WebServerExtension,t:computerName=DC2CISWEB01,t:connectID=39638,SessionID=39338,Usr=WSDooc,Exception=Messages list is not empty!
37:24.023002-0,EXCP,2,process=rphost,p:processName=bi_bk3wk1_prod_01,OSThread=12080,t:clientID=81,t:applicationName=WebServerExtension,t:computerName=DC2CISWEB01,t:connectID=39638,SessionID=39344,Usr=WSDooc,Exception=Messages list is not empty!
37:25.773002-0,EXCP,2,process=rphost,p:processName=bi_bk3wk1_prod_01,OSThread=12080,t:clientID=81,t:applicationName=WebServerExtension,t:computerName=DC2CISWEB01,t:connectID=39638,SessionID=39346,Usr=WSDooc,Exception=Messages list is not empty!
39:59.790006-0,EXCP,0,process=rphost,OSThread=16540,ClientID=185,Exception=NetDataExchangeException,Descr='server_addr=(2)10.225.32.49:49945 descr=2(0x00000002): Не удается найти указанный файл.  line=1149 file=d:\jenkins\ci_builder2\windowsbuild2\platform\src\rtrsrvc\src\dataexchangeserverimpl.cpp'
39:59.790007-0,EXCPCNTX,0,ClientComputerName=,ServerComputerName=,UserName=,ConnectString=
40:54.558005-0,ADMIN,2,process=rphost,p:processName=ServerJobExecutorContext,OSThread=12308,t:clientID=378,t:applicationName=JobScheduler,t:computerName=DC2BUHAPP11,Func=killClient,ClusterID=8aa94e2b-5d54-4b86-800b-79353ce39638,ConnectionID=882a479a-ec12-4eb3-8a4a-57ea3a118bc8,Mode=0,Ref=bi_bk3wk1_prod_01(bi_bk3wk1_prod_01),Host=DC2BUHAPP11,Connection=40932,Administrator=Unknown,Result=Success
40:55.152006-0,ADMIN,2,process=rphost,p:processName=ServerJobExecutorContext,OSThread=12308,t:clientID=378,t:applicationName=JobScheduler,t:computerName=DC2BUHAPP11,Func=killClient,ClusterID=8aa94e2b-5d54-4b86-800b-79353ce39638,ConnectionID=9b3b2e92-42f7-4e74-af19-5754abc09adc,Mode=0,Ref=bi_bk3wk1_prod_01(bi_bk3wk1_prod_01),Host=DC2BUHAPP11,Connection=40933,Administrator=Unknown,Result=Success
40:58.605006-0,EXCP,3,process=rphost,p:processName=bi_bk3wk1_prod_01,OSThread=12080,t:clientID=381,t:applicationName=BackgroundJob,t:computerName=DC2BUHAPP11,t:connectID=40933,SessionID=39414,Usr=WK1_Жансүгір_Айзада_Төлеубайқызы,Exception=SeanceContextException,Descr='Сеанс отсутствует или удален
ID=8e19a80f-023c-423f-8b95-332984209c89, File=d:\jenkins\ci_builder2\windowsbuild2\platform\src\rserver\src\clusterdistribimpl.cpp(1439)'
40:58.605008-0,EXCP,2,process=rphost,p:processName=bi_bk3wk1_prod_01,OSThread=12080,t:clientID=381,t:applicationName=BackgroundJob,t:computerName=DC2BUHAPP11,t:connectID=40933,SessionID=39414,Usr=WK1_Жансүгір_Айзада_Төлеубайқызы,Exception=60c686dc-798f-4d17-aadb-a90156a16eb8,Descr='src\rserver\src\rmngrcalls.cpp(476):
60c686dc-798f-4d17-aadb-a90156a16eb8: Сеанс отсутствует или удален
ID=8e19a80f-023c-423f-8b95-332984209c89, File=d:\jenkins\ci_builder2\windowsbuild2\platform\src\rserver\src\clusterdistribimpl.cpp(1439)'
40:58.808000-0,EXCP,2,process=rphost,p:processName=bi_bk3wk1_prod_01,OSThread=12080,t:clientID=381,t:applicationName=BackgroundJob,t:computerName=DC2BUHAPP11,t:connectID=40933,SessionID=39414,Usr=WK1_Жансүгір_Айзада_Төлеубайқызы,Exception=SeanceContextException,Descr='Сеанс отсутствует или удален
ID=8e19a80f-023c-423f-8b95-332984209c89, File=d:\jenkins\ci_builder2\windowsbuild2\platform\src\rserver\src\rmngrcalls.cpp(364)'
40:58.808001-0,EXCP,2,process=rphost,p:processName=bi_bk3wk1_prod_01,OSThread=12080,t:clientID=381,t:applicationName=BackgroundJob,t:computerName=DC2BUHAPP11,t:connectID=40933,SessionID=39414,Usr=WK1_Жансүгір_Айзада_Төлеубайқызы,Exception=60c686dc-798f-4d17-aadb-a90156a16eb8,Descr='src\rserver\src\serverjobexecutor.cpp(1095):
60c686dc-798f-4d17-aadb-a90156a16eb8: Сеанс отсутствует или удален
ID=8e19a80f-023c-423f-8b95-332984209c89, File=d:\jenkins\ci_builder2\windowsbuild2\platform\src\rserver\src\rmngrcalls.cpp(364)'
40:58.808005-0,EXCP,3,process=rphost,p:processName=bi_bk3wk1_prod_01,OSThread=12080,t:clientID=381,t:applicationName=BackgroundJob,t:computerName=DC2BUHAPP11,t:connectID=40933,SessionID=39414,Usr=WK1_Жансүгір_Айзада_Төлеубайқызы,Exception=SeanceContextException,Descr='Сеанс отсутствует или удален
ID=8e19a80f-023c-423f-8b95-332984209c89, File=d:\jenkins\ci_builder2\windowsbuild2\platform\src\rserver\src\clusterdistribimpl.cpp(1439)'
40:58.808007-0,EXCP,2,process=rphost,p:processName=bi_bk3wk1_prod_01,OSThread=12080,t:clientID=381,t:applicationName=BackgroundJob,t:computerName=DC2BUHAPP11,t:connectID=40933,SessionID=39414,Usr=WK1_Жансүгір_Айзада_Төлеубайқызы,Exception=60c686dc-798f-4d17-aadb-a90156a16eb8,Descr='src\rserver\src\rmngrcalls.cpp(476):
60c686dc-798f-4d17-aadb-a90156a16eb8: Сеанс отсутствует или удален
ID=8e19a80f-023c-423f-8b95-332984209c89, File=d:\jenkins\ci_builder2\windowsbuild2\platform\src\rserver\src\clusterdistribimpl.cpp(1439)'
40:59.011000-0,EXCP,2,process=rphost,p:processName=bi_bk3wk1_prod_01,OSThread=12080,t:clientID=381,t:applicationName=BackgroundJob,t:computerName=DC2BUHAPP11,t:connectID=40933,SessionID=39414,Usr=WK1_Жансүгір_Айзада_Төлеубайқызы,Exception=SeanceContextException,Descr='Сеанс отсутствует или удален
ID=8e19a80f-023c-423f-8b95-332984209c89, File=d:\jenkins\ci_builder2\windowsbuild2\platform\src\rserver\src\rmngrcalls.cpp(364)'
40:59.308008-0,EXCP,3,process=rphost,p:processName=bi_bk3wk1_prod_01,OSThread=7412,t:clientID=380,t:applicationName=BackgroundJob,t:computerName=DC2BUHAPP11,t:connectID=40932,SessionID=39413,Usr=WK1_Жансүгір_Айзада_Төлеубайқызы,Exception=SeanceContextException,Descr='Сеанс отсутствует или удален
ID=27e5504a-aed5-45ed-b432-22f9701d3a1b, File=d:\jenkins\ci_builder2\windowsbuild2\platform\src\rserver\src\clusterdistribimpl.cpp(1439)'
40:59.308010-0,EXCP,2,process=rphost,p:processName=bi_bk3wk1_prod_01,OSThread=7412,t:clientID=380,t:applicationName=BackgroundJob,t:computerName=DC2BUHAPP11,t:connectID=40932,SessionID=39413,Usr=WK1_Жансүгір_Айзада_Төлеубайқызы,Exception=60c686dc-798f-4d17-aadb-a90156a16eb8,Descr='src\rserver\src\rmngrcalls.cpp(476):
60c686dc-798f-4d17-aadb-a90156a16eb8: Сеанс отсутствует или удален
ID=27e5504a-aed5-45ed-b432-22f9701d3a1b, File=d:\jenkins\ci_builder2\windowsbuild2\platform\src\rserver\src\clusterdistribimpl.cpp(1439)'
40:59.464006-0,EXCP,2,process=rphost,p:processName=bi_bk3wk1_prod_01,OSThread=7412,t:clientID=380,t:applicationName=BackgroundJob,t:computerName=DC2BUHAPP11,t:connectID=40932,SessionID=39413,Usr=WK1_Жансүгір_Айзада_Төлеубайқызы,Exception=SeanceContextException,Descr='Сеанс отсутствует или удален
ID=27e5504a-aed5-45ed-b432-22f9701d3a1b, File=d:\jenkins\ci_builder2\windowsbuild2\platform\src\rserver\src\rmngrcalls.cpp(364)'
40:59.464007-0,EXCP,2,process=rphost,p:processName=bi_bk3wk1_prod_01,OSThread=7412,t:clientID=380,t:applicationName=BackgroundJob,t:computerName=DC2BUHAPP11,t:connectID=40932,SessionID=39413,Usr=WK1_Жансүгір_Айзада_Төлеубайқызы,Exception=60c686dc-798f-4d17-aadb-a90156a16eb8,Descr='src\rserver\src\serverjobexecutor.cpp(1095):
60c686dc-798f-4d17-aadb-a90156a16eb8: Сеанс отсутствует или удален
ID=27e5504a-aed5-45ed-b432-22f9701d3a1b, File=d:\jenkins\ci_builder2\windowsbuild2\platform\src\rserver\src\rmngrcalls.cpp(364)'
40:59.464009-0,EXCP,3,process=rphost,p:processName=bi_bk3wk1_prod_01,OSThread=7412,t:clientID=380,t:applicationName=BackgroundJob,t:computerName=DC2BUHAPP11,t:connectID=40932,SessionID=39413,Usr=WK1_Жансүгір_Айзада_Төлеубайқызы,Exception=SeanceContextException,Descr='Сеанс отсутствует или удален
ID=27e5504a-aed5-45ed-b432-22f9701d3a1b, File=d:\jenkins\ci_builder2\windowsbuild2\platform\src\rserver\src\clusterdistribimpl.cpp(1439)'
40:59.464011-0,EXCP,2,process=rphost,p:processName=bi_bk3wk1_prod_01,OSThread=7412,t:clientID=380,t:applicationName=BackgroundJob,t:computerName=DC2BUHAPP11,t:connectID=40932,SessionID=39413,Usr=WK1_Жансүгір_Айзада_Төлеубайқызы,Exception=60c686dc-798f-4d17-aadb-a90156a16eb8,Descr='src\rserver\src\rmngrcalls.cpp(476):
60c686dc-798f-4d17-aadb-a90156a16eb8: Сеанс отсутствует или удален
ID=27e5504a-aed5-45ed-b432-22f9701d3a1b, File=d:\jenkins\ci_builder2\windowsbuild2\platform\src\rserver\src\clusterdistribimpl.cpp(1439)'
40:59.667000-0,EXCP,2,process=rphost,p:processName=bi_bk3wk1_prod_01,OSThread=7412,t:clientID=380,t:applicationName=BackgroundJob,t:computerName=DC2BUHAPP11,t:connectID=40932,SessionID=39413,Usr=WK1_Жансүгір_Айзада_Төлеубайқызы,Exception=SeanceContextException,Descr='Сеанс отсутствует или удален
ID=27e5504a-aed5-45ed-b432-22f9701d3a1b, File=d:\jenkins\ci_builder2\windowsbuild2\platform\src\rserver\src\rmngrcalls.cpp(364)'
43:42.705000-0,EXCP,0,process=rphost,OSThread=12452,ClientID=358,Exception=NetDataExchangeException,Descr='server_addr=(2)10.225.32.15:53833 descr=2(0x00000002): Не удается найти указанный файл.  line=1149 file=d:\jenkins\ci_builder2\windowsbuild2\platform\src\rtrsrvc\src\dataexchangeserverimpl.cpp'
43:42.705001-0,EXCPCNTX,0,ClientComputerName=,ServerComputerName=,UserName=,ConnectString=
43:43.205000-0,EXCP,0,process=rphost,OSThread=18104,ClientID=383,Exception=NetDataExchangeException,Descr='server_addr=(2)10.225.32.15:53898 descr=2(0x00000002): Не удается найти указанный файл.  line=1149 file=d:\jenkins\ci_builder2\windowsbuild2\platform\src\rtrsrvc\src\dataexchangeserverimpl.cpp'
43:43.205001-0,EXCPCNTX,0,ClientComputerName=,ServerComputerName=,UserName=,ConnectString=
47:21.180000-0,EXCP,0,process=rphost,OSThread=11976,ClientID=384,Exception=NetDataExchangeException,Descr='server_addr=(2)10.225.32.15:53914 descr=2(0x00000002): Не удается найти указанный файл.  line=1149 file=d:\jenkins\ci_builder2\windowsbuild2\platform\src\rtrsrvc\src\dataexchangeserverimpl.cpp'
47:21.180001-0,EXCPCNTX,0,ClientComputerName=,ServerComputerName=,UserName=,ConnectString=
47:21.555000-0,EXCP,0,process=rphost,OSThread=12452,ClientID=387,Exception=NetDataExchangeException,Descr='server_addr=(2)10.225.32.15:53932 descr=2(0x00000002): Не удается найти указанный файл.  line=1149 file=d:\jenkins\ci_builder2\windowsbuild2\platform\src\rtrsrvc\src\dataexchangeserverimpl.cpp'
47:21.555001-0,EXCPCNTX,0,ClientComputerName=,ServerComputerName=,UserName=,ConnectString=
48:33.608000-0,EXCP,0,process=rphost,OSThread=18104,ClientID=388,Exception=NetDataExchangeException,Descr='server_addr=(2)10.225.32.15:53948 descr=2(0x00000002): Не удается найти указанный файл.  line=1149 file=d:\jenkins\ci_builder2\windowsbuild2\platform\src\rtrsrvc\src\dataexchangeserverimpl.cpp'
48:33.608001-0,EXCPCNTX,0,ClientComputerName=,ServerComputerName=,UserName=,ConnectString=
48:33.795000-0,EXCP,0,process=rphost,OSThread=12452,ClientID=389,Exception=NetDataExchangeException,Descr='server_addr=(2)10.225.32.15:53967 descr=2(0x00000002): Не удается найти указанный файл.  line=1149 file=d:\jenkins\ci_builder2\windowsbuild2\platform\src\rtrsrvc\src\dataexchangeserverimpl.cpp'
48:33.795001-0,EXCPCNTX,0,ClientComputerName=,ServerComputerName=,UserName=,ConnectString=
50:28.389013-0,EXCP,0,process=rphost,OSThread=17728,ClientID=390,Exception=NetDataExchangeException,Descr='server_addr=(2)10.225.32.15:53984 descr=2(0x00000002): Не удается найти указанный файл.  line=1149 file=d:\jenkins\ci_builder2\windowsbuild2\platform\src\rtrsrvc\src\dataexchangeserverimpl.cpp'
50:28.389014-0,EXCPCNTX,0,ClientComputerName=,ServerComputerName=,UserName=,ConnectString=
50:28.655000-0,EXCP,0,process=rphost,OSThread=12452,ClientID=393,Exception=NetDataExchangeException,Descr='server_addr=(2)10.225.32.15:54001 descr=2(0x00000002): Не удается найти указанный файл.  line=1149 file=d:\jenkins\ci_builder2\windowsbuild2\platform\src\rtrsrvc\src\dataexchangeserverimpl.cpp'
50:28.655001-0,EXCPCNTX,0,ClientComputerName=,ServerComputerName=,UserName=,ConnectString=
51:42.284001-0,EXCP,0,process=rphost,OSThread=12452,ClientID=363,Exception=NetDataExchangeException,Descr='server_addr=(2)10.224.32.15:61967 descr=2(0x00000002): Не удается найти указанный файл.  line=1149 file=d:\jenkins\ci_builder2\windowsbuild2\platform\src\rtrsrvc\src\dataexchangeserverimpl.cpp'
51:42.284002-0,EXCPCNTX,0,ClientComputerName=,ServerComputerName=,UserName=,ConnectString=
