51:32.411001-0,EXCP,0,process=rphost,OSThread=4888,ClientID=296,Exception=NetDataExchangeException,Descr='server_addr=(2)10.3.172.9:60952 descr=10054(0x00002746): Удаленный хост принудительно разорвал существующее подключение.  line=1149 file=d:\jenkins\ci_builder2\windowsbuild2\platform\src\rtrsrvc\src\dataexchangeserverimpl.cpp'
51:32.411002-0,EXCP,0,process=rphost,OSThread=13840,ClientID=297,Exception=NetDataExchangeException,Descr='server_addr=(2)10.3.172.9:60958 descr=10054(0x00002746): Удаленный хост принудительно разорвал существующее подключение.  line=1149 file=d:\jenkins\ci_builder2\windowsbuild2\platform\src\rtrsrvc\src\dataexchangeserverimpl.cpp'
51:32.411003-0,EXCPCNTX,0,ClientComputerName=,ServerComputerName=,UserName=,ConnectString=
51:32.411004-0,EXCPCNTX,0,ClientComputerName=,ServerComputerName=,UserName=,ConnectString=
51:54.411012-0,EXCP,2,process=rphost,OSThread=16212,Exception=acea3e6e-3687-4792-8319-09c009274c9a,Descr='src\rserver\src\rhostimpl.cpp(5997):
acea3e6e-3687-4792-8319-09c009274c9a: Рабочий процесс не найден'
51:54.427000-0,PROC,0,process=rphost,OSThread=2748,Txt='Process terminated.
Stopped on error (working)'
51:54.630000-0,PROC,0,process=rphost,OSThread=17728,Txt='Process terminated.
Stopped on error (working)'
51:54.645001-0,EXCP,2,process=rphost,OSThread=14528,Exception=96380a22-60f7-4a8b-8fca-1224e6bc518f,Descr='src\rserver\src\rmngrcalls.cpp(951):
96380a22-60f7-4a8b-8fca-1224e6bc518f: OnFinishRpHost'
51:54.645003-0,EXCP,0,process=rphost,OSThread=2628,Exception=dd149677-3d47-4e05-a55f-4e75b13a441f,Descr='src\rtrsrvc\src\remoteinterfaceimpl.cpp(736):
dd149677-3d47-4e05-a55f-4e75b13a441f: Процесс завершается. Исходящий вызов запрещен.'
51:54.645004-0,EXCP,0,process=rphost,OSThread=2628,Exception=dd149677-3d47-4e05-a55f-4e75b13a441f,Descr='src\rserver\src\rmngrcalls.cpp(543):
dd149677-3d47-4e05-a55f-4e75b13a441f: Процесс завершается. Исходящий вызов запрещен.'
51:54.645005-0,EXCP,0,process=rphost,OSThread=2628,Exception=dd149677-3d47-4e05-a55f-4e75b13a441f,Descr='src\rtrsrvc\src\remoteinterfaceimpl.cpp(736):
dd149677-3d47-4e05-a55f-4e75b13a441f: Процесс завершается. Исходящий вызов запрещен.'
51:54.645006-0,EXCP,0,process=rphost,OSThread=2628,Exception=dd149677-3d47-4e05-a55f-4e75b13a441f,Descr='src\rtrsrvc\src\remoteinterfaceimpl.cpp(736):
dd149677-3d47-4e05-a55f-4e75b13a441f: Процесс завершается. Исходящий вызов запрещен.'
51:54.645007-0,EXCP,0,process=rphost,OSThread=2628,Exception=dd149677-3d47-4e05-a55f-4e75b13a441f,Descr='src\rtrsrvc\src\remoteinterfaceimpl.cpp(736):
dd149677-3d47-4e05-a55f-4e75b13a441f: Процесс завершается. Исходящий вызов запрещен.'
51:54.645008-0,EXCP,0,process=rphost,OSThread=2628,Exception=dd149677-3d47-4e05-a55f-4e75b13a441f,Descr='src\rtrsrvc\src\remoteinterfaceimpl.cpp(736):
dd149677-3d47-4e05-a55f-4e75b13a441f: Процесс завершается. Исходящий вызов запрещен.'
51:54.645009-0,EXCP,0,process=rphost,OSThread=2628,Exception=dd149677-3d47-4e05-a55f-4e75b13a441f,Descr='src\rtrsrvc\src\remoteinterfaceimpl.cpp(736):
dd149677-3d47-4e05-a55f-4e75b13a441f: Процесс завершается. Исходящий вызов запрещен.'
51:54.645010-0,EXCP,0,process=rphost,OSThread=2628,Exception=dd149677-3d47-4e05-a55f-4e75b13a441f,Descr='src\rtrsrvc\src\remoteinterfaceimpl.cpp(736):
dd149677-3d47-4e05-a55f-4e75b13a441f: Процесс завершается. Исходящий вызов запрещен.'
51:54.645011-0,EXCP,0,process=rphost,OSThread=2628,Exception=dd149677-3d47-4e05-a55f-4e75b13a441f,Descr='src\rtrsrvc\src\remoteinterfaceimpl.cpp(736):
dd149677-3d47-4e05-a55f-4e75b13a441f: Процесс завершается. Исходящий вызов запрещен.'
51:54.786000-0,EXCP,0,process=rphost,OSThread=14264,Exception=dd149677-3d47-4e05-a55f-4e75b13a441f,Descr='src\rtrsrvc\src\remoteinterfaceimpl.cpp(736):
dd149677-3d47-4e05-a55f-4e75b13a441f: Процесс завершается. Исходящий вызов запрещен.'
51:54.786001-0,EXCP,0,process=rphost,OSThread=14264,Exception=dd149677-3d47-4e05-a55f-4e75b13a441f,Descr='src\rserver\src\rmngrcalls.cpp(543):
dd149677-3d47-4e05-a55f-4e75b13a441f: Процесс завершается. Исходящий вызов запрещен.'
51:54.786002-0,EXCP,0,process=rphost,OSThread=14264,Exception=dd149677-3d47-4e05-a55f-4e75b13a441f,Descr='src\rtrsrvc\src\remoteinterfaceimpl.cpp(736):
dd149677-3d47-4e05-a55f-4e75b13a441f: Процесс завершается. Исходящий вызов запрещен.'
51:54.786003-0,EXCP,0,process=rphost,OSThread=14264,Exception=dd149677-3d47-4e05-a55f-4e75b13a441f,Descr='src\rtrsrvc\src\remoteinterfaceimpl.cpp(736):
dd149677-3d47-4e05-a55f-4e75b13a441f: Процесс завершается. Исходящий вызов запрещен.'
51:54.786004-0,EXCP,0,process=rphost,OSThread=14264,Exception=dd149677-3d47-4e05-a55f-4e75b13a441f,Descr='src\rtrsrvc\src\remoteinterfaceimpl.cpp(736):
dd149677-3d47-4e05-a55f-4e75b13a441f: Процесс завершается. Исходящий вызов запрещен.'
51:54.849000-0,EXCP,0,process=rphost,OSThread=2628,Exception=dd149677-3d47-4e05-a55f-4e75b13a441f,Descr='src\rserver\src\rmngrcalls.cpp(586):
dd149677-3d47-4e05-a55f-4e75b13a441f: Процесс завершается. Исходящий вызов запрещен.'
51:54.849001-0,EXCP,0,process=rphost,OSThread=2628,Exception=dd149677-3d47-4e05-a55f-4e75b13a441f,Descr='src\rserver\src\rhostimpl.cpp(6261):
dd149677-3d47-4e05-a55f-4e75b13a441f: Процесс завершается. Исходящий вызов запрещен.'
51:54.849002-0,EXCP,0,process=rphost,OSThread=2628,Exception=dd149677-3d47-4e05-a55f-4e75b13a441f,Descr='src\rserver\src\rmngrcalls.cpp(739):
dd149677-3d47-4e05-a55f-4e75b13a441f: Процесс завершается. Исходящий вызов запрещен.'
51:54.849003-0,EXCP,0,process=rphost,OSThread=2628,Exception=dd149677-3d47-4e05-a55f-4e75b13a441f,Descr='src\rserver\src\rmngrcalls.cpp(739):
dd149677-3d47-4e05-a55f-4e75b13a441f: Процесс завершается. Исходящий вызов запрещен.'
51:54.849004-0,EXCP,0,process=rphost,OSThread=2628,Exception=96380a22-60f7-4a8b-8fca-1224e6bc518f,Descr='src\rserver\src\rmngrcalls.cpp(951):
96380a22-60f7-4a8b-8fca-1224e6bc518f: onFinishConnection'
51:54.989000-0,EXCP,0,process=rphost,OSThread=14264,Exception=dd149677-3d47-4e05-a55f-4e75b13a441f,Descr='src\rserver\src\rmngrcalls.cpp(586):
dd149677-3d47-4e05-a55f-4e75b13a441f: Процесс завершается. Исходящий вызов запрещен.'
51:54.989001-0,EXCP,0,process=rphost,OSThread=14264,Exception=dd149677-3d47-4e05-a55f-4e75b13a441f,Descr='src\rserver\src\clusterdistribimpl.cpp(2624):
dd149677-3d47-4e05-a55f-4e75b13a441f: Процесс завершается. Исходящий вызов запрещен.'
51:56.911000-0,PROC,1,process=rphost,OSThread=14528,Err=0,Txt=1C:Enterprise 8.3 (x86-64) (8.3.14.1694) Working Process finished.
