06:03.798019-0,EXCP,0,process=rphost,OSThread=7464,ClientID=1645,Exception=NetDataExchangeException,Descr='server_addr=(2)10.224.32.15:59070 descr=2(0x00000002): Не удается найти указанный файл.  line=1149 file=d:\jenkins\ci_builder2\windowsbuild2\platform\src\rtrsrvc\src\dataexchangeserverimpl.cpp'
06:03.798020-0,EXCPCNTX,0,ClientComputerName=,ServerComputerName=,UserName=,ConnectString=
08:08.116006-0,EXCP,0,process=rphost,OSThread=7468,ClientID=1654,Exception=NetDataExchangeException,Descr='server_addr=(2)10.224.32.15:59101 descr=2(0x00000002): Не удается найти указанный файл.  line=1149 file=d:\jenkins\ci_builder2\windowsbuild2\platform\src\rtrsrvc\src\dataexchangeserverimpl.cpp'
08:08.116007-0,EXCPCNTX,0,ClientComputerName=,ServerComputerName=,UserName=,ConnectString=
08:08.319000-0,EXCP,0,process=rphost,OSThread=7468,ClientID=1655,Exception=NetDataExchangeException,Descr='server_addr=(2)10.224.32.15:59113 descr=2(0x00000002): Не удается найти указанный файл.  line=1149 file=d:\jenkins\ci_builder2\windowsbuild2\platform\src\rtrsrvc\src\dataexchangeserverimpl.cpp'
08:08.319001-0,EXCPCNTX,0,ClientComputerName=,ServerComputerName=,UserName=,ConnectString=
10:30.821001-0,EXCP,0,process=rphost,OSThread=7444,ClientID=1656,Exception=NetDataExchangeException,Descr='server_addr=(2)10.224.32.15:59127 descr=2(0x00000002): Не удается найти указанный файл.  line=1149 file=d:\jenkins\ci_builder2\windowsbuild2\platform\src\rtrsrvc\src\dataexchangeserverimpl.cpp'
10:30.821002-0,EXCPCNTX,0,ClientComputerName=,ServerComputerName=,UserName=,ConnectString=
10:32.836007-0,EXCP,0,process=rphost,OSThread=7436,ClientID=1661,Exception=NetDataExchangeException,Descr='server_addr=(2)10.224.32.15:59140 descr=2(0x00000002): Не удается найти указанный файл.  line=1149 file=d:\jenkins\ci_builder2\windowsbuild2\platform\src\rtrsrvc\src\dataexchangeserverimpl.cpp'
10:32.836008-0,EXCPCNTX,0,ClientComputerName=,ServerComputerName=,UserName=,ConnectString=
15:21.856013-0,EXCP,0,process=rphost,OSThread=7476,ClientID=1663,Exception=NetDataExchangeException,Descr='server_addr=(2)10.224.32.218:63024 descr=2(0x00000002): Не удается найти указанный файл.  line=1149 file=d:\jenkins\ci_builder2\windowsbuild2\platform\src\rtrsrvc\src\dataexchangeserverimpl.cpp'
15:21.856015-0,EXCPCNTX,0,ClientComputerName=,ServerComputerName=,UserName=,ConnectString=
15:56.669000-0,EXCP,0,process=rphost,OSThread=7464,ClientID=543,Exception=NetDataExchangeException,Descr='server_addr=(2)10.224.32.125:53456 descr=10054(0x00002746): Удаленный хост принудительно разорвал существующее подключение.  line=1149 file=d:\jenkins\ci_builder2\windowsbuild2\platform\src\rtrsrvc\src\dataexchangeserverimpl.cpp'
15:56.669001-0,EXCP,0,process=rphost,OSThread=9636,ClientID=541,Exception=NetDataExchangeException,Descr='server_addr=(2)10.224.32.125:53439 descr=10054(0x00002746): Удаленный хост принудительно разорвал существующее подключение.  line=2273 file=d:\jenkins\ci_builder2\windowsbuild2\platform\src\rtrsrvc\src\dataexchangeserverimpl.cpp'
15:56.669002-0,EXCPCNTX,0,ClientComputerName=,ServerComputerName=,UserName=,ConnectString=
15:56.669003-0,EXCPCNTX,0,ClientComputerName=,ServerComputerName=,UserName=,ConnectString=
17:41.075015-0,ADMIN,2,process=rphost,p:processName=ServerJobExecutorContext,OSThread=7512,t:clientID=1667,t:applicationName=JobScheduler,t:computerName=DC2BUHAPP11,Func=killClient,ClusterID=8aa94e2b-5d54-4b86-800b-79353ce39638,ConnectionID=4afa83f2-c045-41e4-9b1c-72f110908209,Mode=0,Ref=bi_bk3wk1_prod_01(bi_bk3wk1_prod_01),Host=DC2BUHAPP11,Connection=9944,Administrator=Unknown,Result=Success
17:41.778017-0,ADMIN,2,process=rphost,p:processName=ServerJobExecutorContext,OSThread=7512,t:clientID=1667,t:applicationName=JobScheduler,t:computerName=DC2BUHAPP11,Func=killClient,ClusterID=8aa94e2b-5d54-4b86-800b-79353ce39638,ConnectionID=ae13804c-c45d-484c-b038-8dfc48ac9ea4,Mode=0,Ref=bi_bk3wk1_prod_01(bi_bk3wk1_prod_01),Host=DC2BUHAPP11,Connection=9945,Administrator=Unknown,Result=Success
17:42.231017-0,ADMIN,2,process=rphost,p:processName=ServerJobExecutorContext,OSThread=7512,t:clientID=1667,t:applicationName=JobScheduler,t:computerName=DC2BUHAPP11,Func=killClient,ClusterID=8aa94e2b-5d54-4b86-800b-79353ce39638,ConnectionID=e4b7bafc-f3e0-47e5-af77-940e32aa2ccc,Mode=0,Ref=bi_bk3wk1_prod_01(bi_bk3wk1_prod_01),Host=DC2BUHAPP11,Connection=9947,Administrator=Unknown,Result=Success
17:42.231025-0,EXCP,4,process=rphost,p:processName=bi_bk3wk1_prod_01,OSThread=8512,t:clientID=1673,t:applicationName=BackgroundJob,t:computerName=DC2BUHAPP11,t:connectID=9947,SessionID=64352,Usr=Дүйсехан Әлішер Сәбитұлы,DBMS=DBMSSQL,DataBase=DC1BUHDB01\bi_bk3wk1_prod_01,Exception=95c658d1-d3d5-4ea9-8a81-1bf820fea4a8,Descr='src\rscalls\src\remotecalllistenerimpl.cpp(3793):
95c658d1-d3d5-4ea9-8a81-1bf820fea4a8: Сеанс работы завершен администратором.',Context='
МодульСеанса : 7 : СтандартныеПодсистемыСервер.УстановкаПараметровСеанса(ИменаПараметровСеанса);
	ОбщийМодуль.СтандартныеПодсистемыСервер.Модуль : 56 : ВыполнитьОбработчикиУстановкиПараметровСеанса(ИменаПараметровСеанса, Обработчики, УстановленныеПараметры);
		ОбщийМодуль.СтандартныеПодсистемыСервер.Модуль : 2760 : ОбщегоНазначения.ВыполнитьМетодКонфигурации(Обработчик, ПараметрыОбработчика);
			ОбщийМодуль.ОбщегоНазначения.Модуль : 4795 : Выполнить ИмяМетода + "(" + ПараметрыСтрока + ")";
				 : 1 : УправлениеДоступомСлужебный.УстановкаПараметровСеанса(Параметры[0],Параметры[1])
					ОбщийМодуль.УправлениеДоступомСлужебный.Модуль : 1320 : ВозможныеПрава = УправлениеДоступомСлужебныйПовтИсп.ВозможныеПраваДляНастройкиПравОбъектов();
						ОбщийМодуль.УправлениеДоступомСлужебныйПовтИсп.Модуль : 23 : Возврат РегистрыСведений.НастройкиПравОбъектов.ВозможныеПраваДляНастройкиПравОбъектов();
							РегистрСведений.НастройкиПравОбъектов.МодульМенеджера : 607 : ВозможныеПрава = СтандартныеПодсистемыСервер.ПараметрРаботыПрограммы(
								ОбщийМодуль.СтандартныеПодсистемыСервер.Модуль : 607 : Возврат РегистрыСведений.ПараметрыРаботыПрограммы.ПараметрРаботыПрограммы(ИмяПараметра);
									РегистрСведений.ПараметрыРаботыПрограммы.МодульМенеджера : 64 : ОписаниеЗначения = ОписаниеЗначенияПараметраРаботыПрограммы(ИмяПараметра);
										РегистрСведений.ПараметрыРаботыПрограммы.МодульМенеджера : 591 : ОписаниеЗначения = ХранимыеДанныеПараметраРаботыПрограммы(ИмяПараметра);
											РегистрСведений.ПараметрыРаботыПрограммы.МодульМенеджера : 629 : Если Выборка.Следующий() Тогда'
17:42.231027-0,QERR,4,process=rphost,p:processName=bi_bk3wk1_prod_01,OSThread=8512,t:clientID=1673,t:applicationName=BackgroundJob,t:computerName=DC2BUHAPP11,t:connectID=9947,SessionID=64352,Usr=Дүйсехан Әлішер Сәбитұлы,DBMS=DBMSSQL,DataBase=DC1BUHDB01\bi_bk3wk1_prod_01,Descr=Сеанс работы завершен администратором.,Query='#ПоЗначениямРасширенный( "ПланВидовХарактеристик.ДополнительныеРеквизитыИСведения", "", "",
"",
"",
"ДополнительныеСведения","Т.Ссылка","ИЛИ",
"Условие","НЕ ЭтоДополнительноеСведение","", "","","", "","","", "","","", "","","", "","","", "","","", "","","", "","","", "","","", "","","", "","","", "","","", "","","", "","","")'
17:42.231028-0,EXCP,4,process=rphost,p:processName=bi_bk3wk1_prod_01,OSThread=8512,t:clientID=1673,t:applicationName=BackgroundJob,t:computerName=DC2BUHAPP11,t:connectID=9947,SessionID=64352,Usr=Дүйсехан Әлішер Сәбитұлы,DBMS=DBMSSQL,DataBase=DC1BUHDB01\bi_bk3wk1_prod_01,Exception=DataBaseException,Descr="Ошибка в ограничении доступа к данным.
объект: 'ПланВидовХарактеристик.ДополнительныеРеквизитыИСведения'; право: 'Чтение'
Сеанс работы завершен администратором."
17:42.231031-0,QERR,2,process=rphost,p:processName=bi_bk3wk1_prod_01,OSThread=8512,t:clientID=1673,t:applicationName=BackgroundJob,t:computerName=DC2BUHAPP11,t:connectID=9947,SessionID=64352,Usr=Дүйсехан Әлішер Сәбитұлы,Descr="Ошибка в ограничении доступа к данным.
объект: 'ПланВидовХарактеристик.ДополнительныеРеквизитыИСведения'; право: 'Чтение'
Сеанс работы завершен администратором.",Query='SELECT ALLOWED
Свойство AS Свойство,PRESENTATION(Свойство) AS СвойствоPresentation,Свойство.ValueType AS СвойствоValueType
FROM Catalog.НаборыДополнительныхРеквизитовИСведений.ДополнительныеРеквизиты
WHERE Ссылка = VALUE(Catalog.НаборыДополнительныхРеквизитовИСведений.Справочник_Контрагенты)'
17:42.231033-0,EXCP,2,process=rphost,p:processName=bi_bk3wk1_prod_01,OSThread=8512,t:clientID=1673,t:applicationName=BackgroundJob,t:computerName=DC2BUHAPP11,t:connectID=9947,SessionID=64352,Usr=Дүйсехан Әлішер Сәбитұлы,Exception=ac18422e-edc2-4c29-af6f-b2eb00af8fd1,Descr="src\rserver\src\serverjobexecutor.cpp(1024):
ac18422e-edc2-4c29-af6f-b2eb00af8fd1: Ошибка при получении характеристик для типа: Контрагент
ae209c88-6b01-464c-adc9-0b72e240492f: Ошибка выполнения запроса
dc31263e-ecbf-41bd-9b3a-7b55897d5fd6: Ошибка в ограничении доступа к данным.
объект: 'ПланВидовХарактеристик.ДополнительныеРеквизитыИСведения'; право: 'Чтение'
Сеанс работы завершен администратором.
95c658d1-d3d5-4ea9-8a81-1bf820fea4a8: Сеанс работы завершен администратором."
17:42.247000-0,EXCP,3,process=rphost,p:processName=bi_bk3wk1_prod_01,OSThread=8512,t:clientID=1673,t:applicationName=BackgroundJob,t:computerName=DC2BUHAPP11,t:connectID=9947,SessionID=64352,Usr=Дүйсехан Әлішер Сәбитұлы,Exception=SeanceContextException,Descr='Сеанс отсутствует или удален
ID=71e62842-51e7-4686-bd33-dd6efa2f76a4, File=d:\jenkins\ci_builder2\windowsbuild2\platform\src\rserver\src\clusterdistribimpl.cpp(1439)'
17:42.247002-0,EXCP,2,process=rphost,p:processName=bi_bk3wk1_prod_01,OSThread=8512,t:clientID=1673,t:applicationName=BackgroundJob,t:computerName=DC2BUHAPP11,t:connectID=9947,SessionID=64352,Usr=Дүйсехан Әлішер Сәбитұлы,Exception=60c686dc-798f-4d17-aadb-a90156a16eb8,Descr='src\rserver\src\rmngrcalls.cpp(476):
60c686dc-798f-4d17-aadb-a90156a16eb8: Сеанс отсутствует или удален
ID=71e62842-51e7-4686-bd33-dd6efa2f76a4, File=d:\jenkins\ci_builder2\windowsbuild2\platform\src\rserver\src\clusterdistribimpl.cpp(1439)'
17:42.450000-0,EXCP,2,process=rphost,p:processName=bi_bk3wk1_prod_01,OSThread=8512,t:clientID=1673,t:applicationName=BackgroundJob,t:computerName=DC2BUHAPP11,t:connectID=9947,SessionID=64352,Usr=Дүйсехан Әлішер Сәбитұлы,Exception=SeanceContextException,Descr='Сеанс отсутствует или удален
ID=71e62842-51e7-4686-bd33-dd6efa2f76a4, File=d:\jenkins\ci_builder2\windowsbuild2\platform\src\rserver\src\rmngrcalls.cpp(364)'
17:42.450001-0,EXCP,2,process=rphost,p:processName=bi_bk3wk1_prod_01,OSThread=8512,t:clientID=1673,t:applicationName=BackgroundJob,t:computerName=DC2BUHAPP11,t:connectID=9947,SessionID=64352,Usr=Дүйсехан Әлішер Сәбитұлы,Exception=60c686dc-798f-4d17-aadb-a90156a16eb8,Descr='src\rserver\src\serverjobexecutor.cpp(1095):
60c686dc-798f-4d17-aadb-a90156a16eb8: Сеанс отсутствует или удален
ID=71e62842-51e7-4686-bd33-dd6efa2f76a4, File=d:\jenkins\ci_builder2\windowsbuild2\platform\src\rserver\src\rmngrcalls.cpp(364)'
17:42.450004-0,EXCP,3,process=rphost,p:processName=bi_bk3wk1_prod_01,OSThread=8512,t:clientID=1673,t:applicationName=BackgroundJob,t:computerName=DC2BUHAPP11,t:connectID=9947,SessionID=64352,Usr=Дүйсехан Әлішер Сәбитұлы,Exception=SeanceContextException,Descr='Сеанс отсутствует или удален
ID=71e62842-51e7-4686-bd33-dd6efa2f76a4, File=d:\jenkins\ci_builder2\windowsbuild2\platform\src\rserver\src\clusterdistribimpl.cpp(1439)'
17:42.450006-0,EXCP,2,process=rphost,p:processName=bi_bk3wk1_prod_01,OSThread=8512,t:clientID=1673,t:applicationName=BackgroundJob,t:computerName=DC2BUHAPP11,t:connectID=9947,SessionID=64352,Usr=Дүйсехан Әлішер Сәбитұлы,Exception=60c686dc-798f-4d17-aadb-a90156a16eb8,Descr='src\rserver\src\rmngrcalls.cpp(476):
60c686dc-798f-4d17-aadb-a90156a16eb8: Сеанс отсутствует или удален
ID=71e62842-51e7-4686-bd33-dd6efa2f76a4, File=d:\jenkins\ci_builder2\windowsbuild2\platform\src\rserver\src\clusterdistribimpl.cpp(1439)'
17:42.465006-0,EXCP,2,process=rphost,p:processName=bi_bk3wk1_prod_01,OSThread=8512,t:clientID=1673,t:applicationName=BackgroundJob,t:computerName=DC2BUHAPP11,t:connectID=9947,SessionID=64352,Usr=Дүйсехан Әлішер Сәбитұлы,Exception=SeanceContextException,Descr='Сеанс отсутствует или удален
ID=71e62842-51e7-4686-bd33-dd6efa2f76a4, File=d:\jenkins\ci_builder2\windowsbuild2\platform\src\rserver\src\rmngrcalls.cpp(364)'
17:42.653034-0,ADMIN,2,process=rphost,p:processName=ServerJobExecutorContext,OSThread=7512,t:clientID=1667,t:applicationName=JobScheduler,t:computerName=DC2BUHAPP11,Func=killClient,ClusterID=8aa94e2b-5d54-4b86-800b-79353ce39638,ConnectionID=adaa5092-4c93-4a37-95e9-2b5740cb9009,Mode=0,Ref=bi_bk3wk1_prod_01(bi_bk3wk1_prod_01),Host=DC2BUHAPP11,Connection=9948,Administrator=Unknown,Result=Success
17:43.215028-0,ADMIN,2,process=rphost,p:processName=ServerJobExecutorContext,OSThread=7512,t:clientID=1667,t:applicationName=JobScheduler,t:computerName=DC2BUHAPP11,Func=killClient,ClusterID=8aa94e2b-5d54-4b86-800b-79353ce39638,ConnectionID=db4eac25-f497-4dd5-9935-752b2c711ee2,Mode=0,Ref=bi_bk3wk1_prod_01(bi_bk3wk1_prod_01),Host=DC2BUHAPP11,Connection=9949,Administrator=Unknown,Result=Success
17:43.684035-0,ADMIN,2,process=rphost,p:processName=ServerJobExecutorContext,OSThread=7512,t:clientID=1667,t:applicationName=JobScheduler,t:computerName=DC2BUHAPP11,Func=killClient,ClusterID=8aa94e2b-5d54-4b86-800b-79353ce39638,ConnectionID=de0c13da-3426-4291-98ff-10b358d1b56a,Mode=0,Ref=bi_bk3wk1_prod_01(bi_bk3wk1_prod_01),Host=DC2BUHAPP11,Connection=9950,Administrator=Unknown,Result=Success
17:44.262049-0,EXCP,3,process=rphost,p:processName=bi_bk3wk1_prod_01,OSThread=2400,t:clientID=1668,t:applicationName=BackgroundJob,t:computerName=DC2BUHAPP11,t:connectID=9944,SessionID=64349,Usr=Дүйсехан Әлішер Сәбитұлы,Exception=SeanceContextException,Descr='Сеанс отсутствует или удален
ID=b14b00f3-52a6-4435-b1e1-52cd0edf9407, File=d:\jenkins\ci_builder2\windowsbuild2\platform\src\rserver\src\clusterdistribimpl.cpp(1439)'
17:44.262051-0,EXCP,2,process=rphost,p:processName=bi_bk3wk1_prod_01,OSThread=2400,t:clientID=1668,t:applicationName=BackgroundJob,t:computerName=DC2BUHAPP11,t:connectID=9944,SessionID=64349,Usr=Дүйсехан Әлішер Сәбитұлы,Exception=60c686dc-798f-4d17-aadb-a90156a16eb8,Descr='src\rserver\src\rmngrcalls.cpp(476):
60c686dc-798f-4d17-aadb-a90156a16eb8: Сеанс отсутствует или удален
ID=b14b00f3-52a6-4435-b1e1-52cd0edf9407, File=d:\jenkins\ci_builder2\windowsbuild2\platform\src\rserver\src\clusterdistribimpl.cpp(1439)'
17:44.465000-0,EXCP,2,process=rphost,p:processName=bi_bk3wk1_prod_01,OSThread=2400,t:clientID=1668,t:applicationName=BackgroundJob,t:computerName=DC2BUHAPP11,t:connectID=9944,SessionID=64349,Usr=Дүйсехан Әлішер Сәбитұлы,Exception=SeanceContextException,Descr='Сеанс отсутствует или удален
ID=b14b00f3-52a6-4435-b1e1-52cd0edf9407, File=d:\jenkins\ci_builder2\windowsbuild2\platform\src\rserver\src\rmngrcalls.cpp(364)'
17:44.465001-0,EXCP,2,process=rphost,p:processName=bi_bk3wk1_prod_01,OSThread=2400,t:clientID=1668,t:applicationName=BackgroundJob,t:computerName=DC2BUHAPP11,t:connectID=9944,SessionID=64349,Usr=Дүйсехан Әлішер Сәбитұлы,Exception=60c686dc-798f-4d17-aadb-a90156a16eb8,Descr='src\rserver\src\serverjobexecutor.cpp(1095):
60c686dc-798f-4d17-aadb-a90156a16eb8: Сеанс отсутствует или удален
ID=b14b00f3-52a6-4435-b1e1-52cd0edf9407, File=d:\jenkins\ci_builder2\windowsbuild2\platform\src\rserver\src\rmngrcalls.cpp(364)'
17:44.465018-0,EXCP,3,process=rphost,p:processName=bi_bk3wk1_prod_01,OSThread=2400,t:clientID=1668,t:applicationName=BackgroundJob,t:computerName=DC2BUHAPP11,t:connectID=9944,SessionID=64349,Usr=Дүйсехан Әлішер Сәбитұлы,Exception=SeanceContextException,Descr='Сеанс отсутствует или удален
ID=b14b00f3-52a6-4435-b1e1-52cd0edf9407, File=d:\jenkins\ci_builder2\windowsbuild2\platform\src\rserver\src\clusterdistribimpl.cpp(1439)'
17:44.465020-0,EXCP,2,process=rphost,p:processName=bi_bk3wk1_prod_01,OSThread=2400,t:clientID=1668,t:applicationName=BackgroundJob,t:computerName=DC2BUHAPP11,t:connectID=9944,SessionID=64349,Usr=Дүйсехан Әлішер Сәбитұлы,Exception=60c686dc-798f-4d17-aadb-a90156a16eb8,Descr='src\rserver\src\rmngrcalls.cpp(476):
60c686dc-798f-4d17-aadb-a90156a16eb8: Сеанс отсутствует или удален
ID=b14b00f3-52a6-4435-b1e1-52cd0edf9407, File=d:\jenkins\ci_builder2\windowsbuild2\platform\src\rserver\src\clusterdistribimpl.cpp(1439)'
17:44.497015-0,EXCP,2,process=rphost,p:processName=bi_bk3wk1_prod_01,OSThread=2400,t:clientID=1668,t:applicationName=BackgroundJob,t:computerName=DC2BUHAPP11,t:connectID=9944,SessionID=64349,Usr=Дүйсехан Әлішер Сәбитұлы,Exception=SeanceContextException,Descr='Сеанс отсутствует или удален
ID=b14b00f3-52a6-4435-b1e1-52cd0edf9407, File=d:\jenkins\ci_builder2\windowsbuild2\platform\src\rserver\src\rmngrcalls.cpp(364)'
17:56.919040-0,EXCP,3,process=rphost,p:processName=bi_bk3wk1_prod_01,OSThread=9524,t:clientID=1676,t:applicationName=BackgroundJob,t:computerName=DC2BUHAPP11,t:connectID=9950,SessionID=64355,Usr=Дүйсехан Әлішер Сәбитұлы,Exception=SeanceContextException,Descr='Сеанс отсутствует или удален
ID=6b8985b3-9b21-4204-95f8-eacfbf63864c, File=d:\jenkins\ci_builder2\windowsbuild2\platform\src\rserver\src\clusterdistribimpl.cpp(1439)'
17:56.919043-0,EXCP,2,process=rphost,p:processName=bi_bk3wk1_prod_01,OSThread=9524,t:clientID=1676,t:applicationName=BackgroundJob,t:computerName=DC2BUHAPP11,t:connectID=9950,SessionID=64355,Usr=Дүйсехан Әлішер Сәбитұлы,Exception=60c686dc-798f-4d17-aadb-a90156a16eb8,Descr='src\rserver\src\rmngrcalls.cpp(476):
60c686dc-798f-4d17-aadb-a90156a16eb8: Сеанс отсутствует или удален
ID=6b8985b3-9b21-4204-95f8-eacfbf63864c, File=d:\jenkins\ci_builder2\windowsbuild2\platform\src\rserver\src\clusterdistribimpl.cpp(1439)'
17:57.122000-0,EXCP,2,process=rphost,p:processName=bi_bk3wk1_prod_01,OSThread=9524,t:clientID=1676,t:applicationName=BackgroundJob,t:computerName=DC2BUHAPP11,t:connectID=9950,SessionID=64355,Usr=Дүйсехан Әлішер Сәбитұлы,Exception=SeanceContextException,Descr='Сеанс отсутствует или удален
ID=6b8985b3-9b21-4204-95f8-eacfbf63864c, File=d:\jenkins\ci_builder2\windowsbuild2\platform\src\rserver\src\rmngrcalls.cpp(364)'
17:57.122001-0,EXCP,2,process=rphost,p:processName=bi_bk3wk1_prod_01,OSThread=9524,t:clientID=1676,t:applicationName=BackgroundJob,t:computerName=DC2BUHAPP11,t:connectID=9950,SessionID=64355,Usr=Дүйсехан Әлішер Сәбитұлы,Exception=60c686dc-798f-4d17-aadb-a90156a16eb8,Descr='src\rserver\src\serverjobexecutor.cpp(1095):
60c686dc-798f-4d17-aadb-a90156a16eb8: Сеанс отсутствует или удален
ID=6b8985b3-9b21-4204-95f8-eacfbf63864c, File=d:\jenkins\ci_builder2\windowsbuild2\platform\src\rserver\src\rmngrcalls.cpp(364)'
17:57.122005-0,EXCP,3,process=rphost,p:processName=bi_bk3wk1_prod_01,OSThread=9524,t:clientID=1676,t:applicationName=BackgroundJob,t:computerName=DC2BUHAPP11,t:connectID=9950,SessionID=64355,Usr=Дүйсехан Әлішер Сәбитұлы,Exception=SeanceContextException,Descr='Сеанс отсутствует или удален
ID=6b8985b3-9b21-4204-95f8-eacfbf63864c, File=d:\jenkins\ci_builder2\windowsbuild2\platform\src\rserver\src\clusterdistribimpl.cpp(1439)'
17:57.122008-0,EXCP,2,process=rphost,p:processName=bi_bk3wk1_prod_01,OSThread=9524,t:clientID=1676,t:applicationName=BackgroundJob,t:computerName=DC2BUHAPP11,t:connectID=9950,SessionID=64355,Usr=Дүйсехан Әлішер Сәбитұлы,Exception=60c686dc-798f-4d17-aadb-a90156a16eb8,Descr='src\rserver\src\rmngrcalls.cpp(476):
60c686dc-798f-4d17-aadb-a90156a16eb8: Сеанс отсутствует или удален
ID=6b8985b3-9b21-4204-95f8-eacfbf63864c, File=d:\jenkins\ci_builder2\windowsbuild2\platform\src\rserver\src\clusterdistribimpl.cpp(1439)'
17:57.325000-0,EXCP,2,process=rphost,p:processName=bi_bk3wk1_prod_01,OSThread=9524,t:clientID=1676,t:applicationName=BackgroundJob,t:computerName=DC2BUHAPP11,t:connectID=9950,SessionID=64355,Usr=Дүйсехан Әлішер Сәбитұлы,Exception=SeanceContextException,Descr='Сеанс отсутствует или удален
ID=6b8985b3-9b21-4204-95f8-eacfbf63864c, File=d:\jenkins\ci_builder2\windowsbuild2\platform\src\rserver\src\rmngrcalls.cpp(364)'
17:59.080048-0,EXCP,3,process=rphost,p:processName=bi_bk3wk1_prod_01,OSThread=9736,t:clientID=1674,t:applicationName=BackgroundJob,t:computerName=DC2BUHAPP11,t:connectID=9948,SessionID=64353,Usr=Дүйсехан Әлішер Сәбитұлы,Exception=SeanceContextException,Descr='Сеанс отсутствует или удален
ID=83d3d84e-b5a6-4d49-8bbd-e75a22dbc132, File=d:\jenkins\ci_builder2\windowsbuild2\platform\src\rserver\src\clusterdistribimpl.cpp(1439)'
17:59.080050-0,EXCP,2,process=rphost,p:processName=bi_bk3wk1_prod_01,OSThread=9736,t:clientID=1674,t:applicationName=BackgroundJob,t:computerName=DC2BUHAPP11,t:connectID=9948,SessionID=64353,Usr=Дүйсехан Әлішер Сәбитұлы,Exception=60c686dc-798f-4d17-aadb-a90156a16eb8,Descr='src\rserver\src\rmngrcalls.cpp(476):
60c686dc-798f-4d17-aadb-a90156a16eb8: Сеанс отсутствует или удален
ID=83d3d84e-b5a6-4d49-8bbd-e75a22dbc132, File=d:\jenkins\ci_builder2\windowsbuild2\platform\src\rserver\src\clusterdistribimpl.cpp(1439)'
17:59.284002-0,EXCP,2,process=rphost,p:processName=bi_bk3wk1_prod_01,OSThread=9736,t:clientID=1674,t:applicationName=BackgroundJob,t:computerName=DC2BUHAPP11,t:connectID=9948,SessionID=64353,Usr=Дүйсехан Әлішер Сәбитұлы,Exception=SeanceContextException,Descr='Сеанс отсутствует или удален
ID=83d3d84e-b5a6-4d49-8bbd-e75a22dbc132, File=d:\jenkins\ci_builder2\windowsbuild2\platform\src\rserver\src\rmngrcalls.cpp(364)'
17:59.284003-0,EXCP,2,process=rphost,p:processName=bi_bk3wk1_prod_01,OSThread=9736,t:clientID=1674,t:applicationName=BackgroundJob,t:computerName=DC2BUHAPP11,t:connectID=9948,SessionID=64353,Usr=Дүйсехан Әлішер Сәбитұлы,Exception=60c686dc-798f-4d17-aadb-a90156a16eb8,Descr='src\rserver\src\serverjobexecutor.cpp(1095):
60c686dc-798f-4d17-aadb-a90156a16eb8: Сеанс отсутствует или удален
ID=83d3d84e-b5a6-4d49-8bbd-e75a22dbc132, File=d:\jenkins\ci_builder2\windowsbuild2\platform\src\rserver\src\rmngrcalls.cpp(364)'
17:59.284010-0,EXCP,3,process=rphost,p:processName=bi_bk3wk1_prod_01,OSThread=9736,t:clientID=1674,t:applicationName=BackgroundJob,t:computerName=DC2BUHAPP11,t:connectID=9948,SessionID=64353,Usr=Дүйсехан Әлішер Сәбитұлы,Exception=SeanceContextException,Descr='Сеанс отсутствует или удален
ID=83d3d84e-b5a6-4d49-8bbd-e75a22dbc132, File=d:\jenkins\ci_builder2\windowsbuild2\platform\src\rserver\src\clusterdistribimpl.cpp(1439)'
17:59.284013-0,EXCP,2,process=rphost,p:processName=bi_bk3wk1_prod_01,OSThread=9736,t:clientID=1674,t:applicationName=BackgroundJob,t:computerName=DC2BUHAPP11,t:connectID=9948,SessionID=64353,Usr=Дүйсехан Әлішер Сәбитұлы,Exception=60c686dc-798f-4d17-aadb-a90156a16eb8,Descr='src\rserver\src\rmngrcalls.cpp(476):
60c686dc-798f-4d17-aadb-a90156a16eb8: Сеанс отсутствует или удален
ID=83d3d84e-b5a6-4d49-8bbd-e75a22dbc132, File=d:\jenkins\ci_builder2\windowsbuild2\platform\src\rserver\src\clusterdistribimpl.cpp(1439)'
17:59.487000-0,EXCP,2,process=rphost,p:processName=bi_bk3wk1_prod_01,OSThread=9736,t:clientID=1674,t:applicationName=BackgroundJob,t:computerName=DC2BUHAPP11,t:connectID=9948,SessionID=64353,Usr=Дүйсехан Әлішер Сәбитұлы,Exception=SeanceContextException,Descr='Сеанс отсутствует или удален
ID=83d3d84e-b5a6-4d49-8bbd-e75a22dbc132, File=d:\jenkins\ci_builder2\windowsbuild2\platform\src\rserver\src\rmngrcalls.cpp(364)'
17:59.674006-0,EXCP,3,process=rphost,p:processName=bi_bk3wk1_prod_01,OSThread=8512,t:clientID=1675,t:applicationName=BackgroundJob,t:computerName=DC2BUHAPP11,t:connectID=9949,SessionID=64354,Usr=Дүйсехан Әлішер Сәбитұлы,Exception=SeanceContextException,Descr='Сеанс отсутствует или удален
ID=baba9781-31ca-4a12-86b4-54aa44695796, File=d:\jenkins\ci_builder2\windowsbuild2\platform\src\rserver\src\clusterdistribimpl.cpp(1439)'
17:59.674008-0,EXCP,2,process=rphost,p:processName=bi_bk3wk1_prod_01,OSThread=8512,t:clientID=1675,t:applicationName=BackgroundJob,t:computerName=DC2BUHAPP11,t:connectID=9949,SessionID=64354,Usr=Дүйсехан Әлішер Сәбитұлы,Exception=60c686dc-798f-4d17-aadb-a90156a16eb8,Descr='src\rserver\src\rmngrcalls.cpp(476):
60c686dc-798f-4d17-aadb-a90156a16eb8: Сеанс отсутствует или удален
ID=baba9781-31ca-4a12-86b4-54aa44695796, File=d:\jenkins\ci_builder2\windowsbuild2\platform\src\rserver\src\clusterdistribimpl.cpp(1439)'
17:59.721007-0,EXCP,2,process=rphost,p:processName=bi_bk3wk1_prod_01,OSThread=8512,t:clientID=1675,t:applicationName=BackgroundJob,t:computerName=DC2BUHAPP11,t:connectID=9949,SessionID=64354,Usr=Дүйсехан Әлішер Сәбитұлы,Exception=SeanceContextException,Descr='Сеанс отсутствует или удален
ID=baba9781-31ca-4a12-86b4-54aa44695796, File=d:\jenkins\ci_builder2\windowsbuild2\platform\src\rserver\src\rmngrcalls.cpp(364)'
17:59.721008-0,EXCP,2,process=rphost,p:processName=bi_bk3wk1_prod_01,OSThread=8512,t:clientID=1675,t:applicationName=BackgroundJob,t:computerName=DC2BUHAPP11,t:connectID=9949,SessionID=64354,Usr=Дүйсехан Әлішер Сәбитұлы,Exception=60c686dc-798f-4d17-aadb-a90156a16eb8,Descr='src\rserver\src\serverjobexecutor.cpp(1095):
60c686dc-798f-4d17-aadb-a90156a16eb8: Сеанс отсутствует или удален
ID=baba9781-31ca-4a12-86b4-54aa44695796, File=d:\jenkins\ci_builder2\windowsbuild2\platform\src\rserver\src\rmngrcalls.cpp(364)'
17:59.721013-0,EXCP,3,process=rphost,p:processName=bi_bk3wk1_prod_01,OSThread=8512,t:clientID=1675,t:applicationName=BackgroundJob,t:computerName=DC2BUHAPP11,t:connectID=9949,SessionID=64354,Usr=Дүйсехан Әлішер Сәбитұлы,Exception=SeanceContextException,Descr='Сеанс отсутствует или удален
ID=baba9781-31ca-4a12-86b4-54aa44695796, File=d:\jenkins\ci_builder2\windowsbuild2\platform\src\rserver\src\clusterdistribimpl.cpp(1439)'
17:59.721015-0,EXCP,2,process=rphost,p:processName=bi_bk3wk1_prod_01,OSThread=8512,t:clientID=1675,t:applicationName=BackgroundJob,t:computerName=DC2BUHAPP11,t:connectID=9949,SessionID=64354,Usr=Дүйсехан Әлішер Сәбитұлы,Exception=60c686dc-798f-4d17-aadb-a90156a16eb8,Descr='src\rserver\src\rmngrcalls.cpp(476):
60c686dc-798f-4d17-aadb-a90156a16eb8: Сеанс отсутствует или удален
ID=baba9781-31ca-4a12-86b4-54aa44695796, File=d:\jenkins\ci_builder2\windowsbuild2\platform\src\rserver\src\clusterdistribimpl.cpp(1439)'
17:59.924000-0,EXCP,2,process=rphost,p:processName=bi_bk3wk1_prod_01,OSThread=8512,t:clientID=1675,t:applicationName=BackgroundJob,t:computerName=DC2BUHAPP11,t:connectID=9949,SessionID=64354,Usr=Дүйсехан Әлішер Сәбитұлы,Exception=SeanceContextException,Descr='Сеанс отсутствует или удален
ID=baba9781-31ca-4a12-86b4-54aa44695796, File=d:\jenkins\ci_builder2\windowsbuild2\platform\src\rserver\src\rmngrcalls.cpp(364)'
18:03.737028-0,EXCP,3,process=rphost,p:processName=bi_bk3wk1_prod_01,OSThread=6496,t:clientID=1669,t:applicationName=BackgroundJob,t:computerName=DC2BUHAPP11,t:connectID=9945,SessionID=64350,Usr=Дүйсехан Әлішер Сәбитұлы,Exception=SeanceContextException,Descr='Сеанс отсутствует или удален
ID=a94b2997-7f1b-42ac-9e14-644f90fce2c1, File=d:\jenkins\ci_builder2\windowsbuild2\platform\src\rserver\src\clusterdistribimpl.cpp(1439)'
18:03.737030-0,EXCP,3,process=rphost,p:processName=bi_bk3wk1_prod_01,OSThread=6496,t:clientID=1669,t:applicationName=BackgroundJob,t:computerName=DC2BUHAPP11,t:connectID=9945,SessionID=64350,Usr=Дүйсехан Әлішер Сәбитұлы,Exception=60c686dc-798f-4d17-aadb-a90156a16eb8,Descr='src\rserver\src\serverjobexecutor.cpp(1095):
60c686dc-798f-4d17-aadb-a90156a16eb8: Сеанс отсутствует или удален
ID=a94b2997-7f1b-42ac-9e14-644f90fce2c1, File=d:\jenkins\ci_builder2\windowsbuild2\platform\src\rserver\src\clusterdistribimpl.cpp(1439)'
18:03.737039-0,EXCP,3,process=rphost,p:processName=bi_bk3wk1_prod_01,OSThread=6496,t:clientID=1669,t:applicationName=BackgroundJob,t:computerName=DC2BUHAPP11,t:connectID=9945,SessionID=64350,Usr=Дүйсехан Әлішер Сәбитұлы,Exception=SeanceContextException,Descr='Сеанс отсутствует или удален
ID=a94b2997-7f1b-42ac-9e14-644f90fce2c1, File=d:\jenkins\ci_builder2\windowsbuild2\platform\src\rserver\src\clusterdistribimpl.cpp(1439)'
19:42.108080-0,ADMIN,2,process=rphost,p:processName=ServerJobExecutorContext,OSThread=7512,t:clientID=1667,t:applicationName=JobScheduler,t:computerName=DC2BUHAPP11,Func=killClient,ClusterID=8aa94e2b-5d54-4b86-800b-79353ce39638,ConnectionID=4f4f3713-9dba-42f5-8709-8f705d5133d5,Mode=0,Ref=bi_bk3wk1_prod_01(bi_bk3wk1_prod_01),Host=DC2BUHAPP11,Connection=9955,Administrator=Unknown,Result=Success
19:42.624087-0,ADMIN,2,process=rphost,p:processName=ServerJobExecutorContext,OSThread=7512,t:clientID=1667,t:applicationName=JobScheduler,t:computerName=DC2BUHAPP11,Func=killClient,ClusterID=8aa94e2b-5d54-4b86-800b-79353ce39638,ConnectionID=8c48044c-27e1-4a85-8356-71cd553f4978,Mode=0,Ref=bi_bk3wk1_prod_01(bi_bk3wk1_prod_01),Host=DC2BUHAPP11,Connection=9956,Administrator=Unknown,Result=Success
19:43.077078-0,ADMIN,2,process=rphost,p:processName=ServerJobExecutorContext,OSThread=7512,t:clientID=1667,t:applicationName=JobScheduler,t:computerName=DC2BUHAPP11,Func=killClient,ClusterID=8aa94e2b-5d54-4b86-800b-79353ce39638,ConnectionID=23662a03-d4fe-4950-9153-8c4e268a3b34,Mode=0,Ref=bi_bk3wk1_prod_01(bi_bk3wk1_prod_01),Host=DC2BUHAPP11,Connection=9957,Administrator=Unknown,Result=Success
19:43.967095-0,ADMIN,2,process=rphost,p:processName=ServerJobExecutorContext,OSThread=7512,t:clientID=1667,t:applicationName=JobScheduler,t:computerName=DC2BUHAPP11,Func=killClient,ClusterID=8aa94e2b-5d54-4b86-800b-79353ce39638,ConnectionID=2832dda6-c7d3-4453-9ae1-7650f480f4f2,Mode=0,Ref=bi_bk3wk1_prod_01(bi_bk3wk1_prod_01),Host=DC2BUHAPP11,Connection=9958,Administrator=Unknown,Result=Success
19:44.374032-0,EXCP,3,process=rphost,p:processName=bi_bk3wk1_prod_01,OSThread=9452,t:clientID=1683,t:applicationName=BackgroundJob,t:computerName=DC2BUHAPP11,t:connectID=9955,SessionID=64360,Usr=Дүйсехан Әлішер Сәбитұлы,Exception=SeanceContextException,Descr='Сеанс отсутствует или удален
ID=8c8ffbf0-f2d3-4a4d-99d5-c421aa49afbf, File=d:\jenkins\ci_builder2\windowsbuild2\platform\src\rserver\src\clusterdistribimpl.cpp(1439)'
19:44.374035-0,EXCP,2,process=rphost,p:processName=bi_bk3wk1_prod_01,OSThread=9452,t:clientID=1683,t:applicationName=BackgroundJob,t:computerName=DC2BUHAPP11,t:connectID=9955,SessionID=64360,Usr=Дүйсехан Әлішер Сәбитұлы,Exception=60c686dc-798f-4d17-aadb-a90156a16eb8,Descr='src\rserver\src\rmngrcalls.cpp(476):
60c686dc-798f-4d17-aadb-a90156a16eb8: Сеанс отсутствует или удален
ID=8c8ffbf0-f2d3-4a4d-99d5-c421aa49afbf, File=d:\jenkins\ci_builder2\windowsbuild2\platform\src\rserver\src\clusterdistribimpl.cpp(1439)'
19:44.389006-0,ADMIN,2,process=rphost,p:processName=ServerJobExecutorContext,OSThread=7512,t:clientID=1667,t:applicationName=JobScheduler,t:computerName=DC2BUHAPP11,Func=killClient,ClusterID=8aa94e2b-5d54-4b86-800b-79353ce39638,ConnectionID=a708f34d-d4fc-4ee1-a161-1c21d05f1bef,Mode=0,Ref=bi_bk3wk1_prod_01(bi_bk3wk1_prod_01),Host=DC2BUHAPP11,Connection=9959,Administrator=Unknown,Result=Success
19:44.577001-0,EXCP,2,process=rphost,p:processName=bi_bk3wk1_prod_01,OSThread=9452,t:clientID=1683,t:applicationName=BackgroundJob,t:computerName=DC2BUHAPP11,t:connectID=9955,SessionID=64360,Usr=Дүйсехан Әлішер Сәбитұлы,Exception=SeanceContextException,Descr='Сеанс отсутствует или удален
ID=8c8ffbf0-f2d3-4a4d-99d5-c421aa49afbf, File=d:\jenkins\ci_builder2\windowsbuild2\platform\src\rserver\src\rmngrcalls.cpp(364)'
19:44.577002-0,EXCP,2,process=rphost,p:processName=bi_bk3wk1_prod_01,OSThread=9452,t:clientID=1683,t:applicationName=BackgroundJob,t:computerName=DC2BUHAPP11,t:connectID=9955,SessionID=64360,Usr=Дүйсехан Әлішер Сәбитұлы,Exception=60c686dc-798f-4d17-aadb-a90156a16eb8,Descr='src\rserver\src\serverjobexecutor.cpp(1095):
60c686dc-798f-4d17-aadb-a90156a16eb8: Сеанс отсутствует или удален
ID=8c8ffbf0-f2d3-4a4d-99d5-c421aa49afbf, File=d:\jenkins\ci_builder2\windowsbuild2\platform\src\rserver\src\rmngrcalls.cpp(364)'
19:44.577009-0,EXCP,3,process=rphost,p:processName=bi_bk3wk1_prod_01,OSThread=9452,t:clientID=1683,t:applicationName=BackgroundJob,t:computerName=DC2BUHAPP11,t:connectID=9955,SessionID=64360,Usr=Дүйсехан Әлішер Сәбитұлы,Exception=SeanceContextException,Descr='Сеанс отсутствует или удален
ID=8c8ffbf0-f2d3-4a4d-99d5-c421aa49afbf, File=d:\jenkins\ci_builder2\windowsbuild2\platform\src\rserver\src\clusterdistribimpl.cpp(1439)'
19:44.577011-0,EXCP,2,process=rphost,p:processName=bi_bk3wk1_prod_01,OSThread=9452,t:clientID=1683,t:applicationName=BackgroundJob,t:computerName=DC2BUHAPP11,t:connectID=9955,SessionID=64360,Usr=Дүйсехан Әлішер Сәбитұлы,Exception=60c686dc-798f-4d17-aadb-a90156a16eb8,Descr='src\rserver\src\rmngrcalls.cpp(476):
60c686dc-798f-4d17-aadb-a90156a16eb8: Сеанс отсутствует или удален
ID=8c8ffbf0-f2d3-4a4d-99d5-c421aa49afbf, File=d:\jenkins\ci_builder2\windowsbuild2\platform\src\rserver\src\clusterdistribimpl.cpp(1439)'
19:44.780000-0,EXCP,2,process=rphost,p:processName=bi_bk3wk1_prod_01,OSThread=9452,t:clientID=1683,t:applicationName=BackgroundJob,t:computerName=DC2BUHAPP11,t:connectID=9955,SessionID=64360,Usr=Дүйсехан Әлішер Сәбитұлы,Exception=SeanceContextException,Descr='Сеанс отсутствует или удален
ID=8c8ffbf0-f2d3-4a4d-99d5-c421aa49afbf, File=d:\jenkins\ci_builder2\windowsbuild2\platform\src\rserver\src\rmngrcalls.cpp(364)'
19:44.905062-0,EXCP,3,process=rphost,p:processName=bi_bk3wk1_prod_01,OSThread=7516,t:clientID=1684,t:applicationName=BackgroundJob,t:computerName=DC2BUHAPP11,t:connectID=9956,SessionID=64361,Usr=Дүйсехан Әлішер Сәбитұлы,Exception=SeanceContextException,Descr='Сеанс отсутствует или удален
ID=b340e00d-9928-4674-a99d-1a0b6454328c, File=d:\jenkins\ci_builder2\windowsbuild2\platform\src\rserver\src\clusterdistribimpl.cpp(1439)'
19:44.905064-0,EXCP,2,process=rphost,p:processName=bi_bk3wk1_prod_01,OSThread=7516,t:clientID=1684,t:applicationName=BackgroundJob,t:computerName=DC2BUHAPP11,t:connectID=9956,SessionID=64361,Usr=Дүйсехан Әлішер Сәбитұлы,Exception=60c686dc-798f-4d17-aadb-a90156a16eb8,Descr='src\rserver\src\rmngrcalls.cpp(476):
60c686dc-798f-4d17-aadb-a90156a16eb8: Сеанс отсутствует или удален
ID=b340e00d-9928-4674-a99d-1a0b6454328c, File=d:\jenkins\ci_builder2\windowsbuild2\platform\src\rserver\src\clusterdistribimpl.cpp(1439)'
19:45.108000-0,EXCP,2,process=rphost,p:processName=bi_bk3wk1_prod_01,OSThread=7516,t:clientID=1684,t:applicationName=BackgroundJob,t:computerName=DC2BUHAPP11,t:connectID=9956,SessionID=64361,Usr=Дүйсехан Әлішер Сәбитұлы,Exception=SeanceContextException,Descr='Сеанс отсутствует или удален
ID=b340e00d-9928-4674-a99d-1a0b6454328c, File=d:\jenkins\ci_builder2\windowsbuild2\platform\src\rserver\src\rmngrcalls.cpp(364)'
19:45.108001-0,EXCP,2,process=rphost,p:processName=bi_bk3wk1_prod_01,OSThread=7516,t:clientID=1684,t:applicationName=BackgroundJob,t:computerName=DC2BUHAPP11,t:connectID=9956,SessionID=64361,Usr=Дүйсехан Әлішер Сәбитұлы,Exception=60c686dc-798f-4d17-aadb-a90156a16eb8,Descr='src\rserver\src\serverjobexecutor.cpp(1095):
60c686dc-798f-4d17-aadb-a90156a16eb8: Сеанс отсутствует или удален
ID=b340e00d-9928-4674-a99d-1a0b6454328c, File=d:\jenkins\ci_builder2\windowsbuild2\platform\src\rserver\src\rmngrcalls.cpp(364)'
19:45.108014-0,EXCP,3,process=rphost,p:processName=bi_bk3wk1_prod_01,OSThread=7516,t:clientID=1684,t:applicationName=BackgroundJob,t:computerName=DC2BUHAPP11,t:connectID=9956,SessionID=64361,Usr=Дүйсехан Әлішер Сәбитұлы,Exception=SeanceContextException,Descr='Сеанс отсутствует или удален
ID=b340e00d-9928-4674-a99d-1a0b6454328c, File=d:\jenkins\ci_builder2\windowsbuild2\platform\src\rserver\src\clusterdistribimpl.cpp(1439)'
19:45.108016-0,EXCP,2,process=rphost,p:processName=bi_bk3wk1_prod_01,OSThread=7516,t:clientID=1684,t:applicationName=BackgroundJob,t:computerName=DC2BUHAPP11,t:connectID=9956,SessionID=64361,Usr=Дүйсехан Әлішер Сәбитұлы,Exception=60c686dc-798f-4d17-aadb-a90156a16eb8,Descr='src\rserver\src\rmngrcalls.cpp(476):
60c686dc-798f-4d17-aadb-a90156a16eb8: Сеанс отсутствует или удален
ID=b340e00d-9928-4674-a99d-1a0b6454328c, File=d:\jenkins\ci_builder2\windowsbuild2\platform\src\rserver\src\clusterdistribimpl.cpp(1439)'
19:45.264007-0,EXCP,2,process=rphost,p:processName=bi_bk3wk1_prod_01,OSThread=7516,t:clientID=1684,t:applicationName=BackgroundJob,t:computerName=DC2BUHAPP11,t:connectID=9956,SessionID=64361,Usr=Дүйсехан Әлішер Сәбитұлы,Exception=SeanceContextException,Descr='Сеанс отсутствует или удален
ID=b340e00d-9928-4674-a99d-1a0b6454328c, File=d:\jenkins\ci_builder2\windowsbuild2\platform\src\rserver\src\rmngrcalls.cpp(364)'
19:45.436058-0,EXCP,3,process=rphost,p:processName=bi_bk3wk1_prod_01,OSThread=5388,t:clientID=1685,t:applicationName=BackgroundJob,t:computerName=DC2BUHAPP11,t:connectID=9957,SessionID=64362,Usr=Дүйсехан Әлішер Сәбитұлы,Exception=SeanceContextException,Descr='Сеанс отсутствует или удален
ID=5e1bad30-a530-4baa-9507-c50ad7cb7b28, File=d:\jenkins\ci_builder2\windowsbuild2\platform\src\rserver\src\clusterdistribimpl.cpp(1439)'
19:45.436062-0,EXCP,2,process=rphost,p:processName=bi_bk3wk1_prod_01,OSThread=5388,t:clientID=1685,t:applicationName=BackgroundJob,t:computerName=DC2BUHAPP11,t:connectID=9957,SessionID=64362,Usr=Дүйсехан Әлішер Сәбитұлы,Exception=60c686dc-798f-4d17-aadb-a90156a16eb8,Descr='src\rserver\src\rmngrcalls.cpp(476):
60c686dc-798f-4d17-aadb-a90156a16eb8: Сеанс отсутствует или удален
ID=5e1bad30-a530-4baa-9507-c50ad7cb7b28, File=d:\jenkins\ci_builder2\windowsbuild2\platform\src\rserver\src\clusterdistribimpl.cpp(1439)'
19:45.639000-0,EXCP,2,process=rphost,p:processName=bi_bk3wk1_prod_01,OSThread=5388,t:clientID=1685,t:applicationName=BackgroundJob,t:computerName=DC2BUHAPP11,t:connectID=9957,SessionID=64362,Usr=Дүйсехан Әлішер Сәбитұлы,Exception=SeanceContextException,Descr='Сеанс отсутствует или удален
ID=5e1bad30-a530-4baa-9507-c50ad7cb7b28, File=d:\jenkins\ci_builder2\windowsbuild2\platform\src\rserver\src\rmngrcalls.cpp(364)'
19:45.639001-0,EXCP,2,process=rphost,p:processName=bi_bk3wk1_prod_01,OSThread=5388,t:clientID=1685,t:applicationName=BackgroundJob,t:computerName=DC2BUHAPP11,t:connectID=9957,SessionID=64362,Usr=Дүйсехан Әлішер Сәбитұлы,Exception=60c686dc-798f-4d17-aadb-a90156a16eb8,Descr='src\rserver\src\serverjobexecutor.cpp(1095):
60c686dc-798f-4d17-aadb-a90156a16eb8: Сеанс отсутствует или удален
ID=5e1bad30-a530-4baa-9507-c50ad7cb7b28, File=d:\jenkins\ci_builder2\windowsbuild2\platform\src\rserver\src\rmngrcalls.cpp(364)'
19:45.639009-0,EXCP,3,process=rphost,p:processName=bi_bk3wk1_prod_01,OSThread=5388,t:clientID=1685,t:applicationName=BackgroundJob,t:computerName=DC2BUHAPP11,t:connectID=9957,SessionID=64362,Usr=Дүйсехан Әлішер Сәбитұлы,Exception=SeanceContextException,Descr='Сеанс отсутствует или удален
ID=5e1bad30-a530-4baa-9507-c50ad7cb7b28, File=d:\jenkins\ci_builder2\windowsbuild2\platform\src\rserver\src\clusterdistribimpl.cpp(1439)'
19:45.639012-0,EXCP,2,process=rphost,p:processName=bi_bk3wk1_prod_01,OSThread=5388,t:clientID=1685,t:applicationName=BackgroundJob,t:computerName=DC2BUHAPP11,t:connectID=9957,SessionID=64362,Usr=Дүйсехан Әлішер Сәбитұлы,Exception=60c686dc-798f-4d17-aadb-a90156a16eb8,Descr='src\rserver\src\rmngrcalls.cpp(476):
60c686dc-798f-4d17-aadb-a90156a16eb8: Сеанс отсутствует или удален
ID=5e1bad30-a530-4baa-9507-c50ad7cb7b28, File=d:\jenkins\ci_builder2\windowsbuild2\platform\src\rserver\src\clusterdistribimpl.cpp(1439)'
19:45.827042-0,EXCP,3,process=rphost,p:processName=bi_bk3wk1_prod_01,OSThread=9736,t:clientID=1686,t:applicationName=BackgroundJob,t:computerName=DC2BUHAPP11,t:connectID=9958,SessionID=64363,Usr=Дүйсехан Әлішер Сәбитұлы,Exception=SeanceContextException,Descr='Сеанс отсутствует или удален
ID=2dcafc07-a979-4a22-9de7-88011d28e17e, File=d:\jenkins\ci_builder2\windowsbuild2\platform\src\rserver\src\clusterdistribimpl.cpp(1439)'
19:45.827044-0,EXCP,2,process=rphost,p:processName=bi_bk3wk1_prod_01,OSThread=9736,t:clientID=1686,t:applicationName=BackgroundJob,t:computerName=DC2BUHAPP11,t:connectID=9958,SessionID=64363,Usr=Дүйсехан Әлішер Сәбитұлы,Exception=60c686dc-798f-4d17-aadb-a90156a16eb8,Descr='src\rserver\src\rmngrcalls.cpp(476):
60c686dc-798f-4d17-aadb-a90156a16eb8: Сеанс отсутствует или удален
ID=2dcafc07-a979-4a22-9de7-88011d28e17e, File=d:\jenkins\ci_builder2\windowsbuild2\platform\src\rserver\src\clusterdistribimpl.cpp(1439)'
19:45.842000-0,EXCP,2,process=rphost,p:processName=bi_bk3wk1_prod_01,OSThread=5388,t:clientID=1685,t:applicationName=BackgroundJob,t:computerName=DC2BUHAPP11,t:connectID=9957,SessionID=64362,Usr=Дүйсехан Әлішер Сәбитұлы,Exception=SeanceContextException,Descr='Сеанс отсутствует или удален
ID=5e1bad30-a530-4baa-9507-c50ad7cb7b28, File=d:\jenkins\ci_builder2\windowsbuild2\platform\src\rserver\src\rmngrcalls.cpp(364)'
19:46.030000-0,EXCP,2,process=rphost,p:processName=bi_bk3wk1_prod_01,OSThread=9736,t:clientID=1686,t:applicationName=BackgroundJob,t:computerName=DC2BUHAPP11,t:connectID=9958,SessionID=64363,Usr=Дүйсехан Әлішер Сәбитұлы,Exception=SeanceContextException,Descr='Сеанс отсутствует или удален
ID=2dcafc07-a979-4a22-9de7-88011d28e17e, File=d:\jenkins\ci_builder2\windowsbuild2\platform\src\rserver\src\rmngrcalls.cpp(364)'
19:46.030001-0,EXCP,2,process=rphost,p:processName=bi_bk3wk1_prod_01,OSThread=9736,t:clientID=1686,t:applicationName=BackgroundJob,t:computerName=DC2BUHAPP11,t:connectID=9958,SessionID=64363,Usr=Дүйсехан Әлішер Сәбитұлы,Exception=60c686dc-798f-4d17-aadb-a90156a16eb8,Descr='src\rserver\src\serverjobexecutor.cpp(1095):
60c686dc-798f-4d17-aadb-a90156a16eb8: Сеанс отсутствует или удален
ID=2dcafc07-a979-4a22-9de7-88011d28e17e, File=d:\jenkins\ci_builder2\windowsbuild2\platform\src\rserver\src\rmngrcalls.cpp(364)'
19:46.030012-0,EXCP,3,process=rphost,p:processName=bi_bk3wk1_prod_01,OSThread=9736,t:clientID=1686,t:applicationName=BackgroundJob,t:computerName=DC2BUHAPP11,t:connectID=9958,SessionID=64363,Usr=Дүйсехан Әлішер Сәбитұлы,Exception=SeanceContextException,Descr='Сеанс отсутствует или удален
ID=2dcafc07-a979-4a22-9de7-88011d28e17e, File=d:\jenkins\ci_builder2\windowsbuild2\platform\src\rserver\src\clusterdistribimpl.cpp(1439)'
19:46.030014-0,EXCP,2,process=rphost,p:processName=bi_bk3wk1_prod_01,OSThread=9736,t:clientID=1686,t:applicationName=BackgroundJob,t:computerName=DC2BUHAPP11,t:connectID=9958,SessionID=64363,Usr=Дүйсехан Әлішер Сәбитұлы,Exception=60c686dc-798f-4d17-aadb-a90156a16eb8,Descr='src\rserver\src\rmngrcalls.cpp(476):
60c686dc-798f-4d17-aadb-a90156a16eb8: Сеанс отсутствует или удален
ID=2dcafc07-a979-4a22-9de7-88011d28e17e, File=d:\jenkins\ci_builder2\windowsbuild2\platform\src\rserver\src\clusterdistribimpl.cpp(1439)'
19:46.233000-0,EXCP,2,process=rphost,p:processName=bi_bk3wk1_prod_01,OSThread=9736,t:clientID=1686,t:applicationName=BackgroundJob,t:computerName=DC2BUHAPP11,t:connectID=9958,SessionID=64363,Usr=Дүйсехан Әлішер Сәбитұлы,Exception=SeanceContextException,Descr='Сеанс отсутствует или удален
ID=2dcafc07-a979-4a22-9de7-88011d28e17e, File=d:\jenkins\ci_builder2\windowsbuild2\platform\src\rserver\src\rmngrcalls.cpp(364)'
19:46.702021-0,EXCP,3,process=rphost,p:processName=bi_bk3wk1_prod_01,OSThread=9636,t:clientID=1687,t:applicationName=BackgroundJob,t:computerName=DC2BUHAPP11,t:connectID=9959,SessionID=64364,Usr=Дүйсехан Әлішер Сәбитұлы,Exception=SeanceContextException,Descr='Сеанс отсутствует или удален
ID=4311f734-ff95-4d46-b792-eba79bfbcbf6, File=d:\jenkins\ci_builder2\windowsbuild2\platform\src\rserver\src\clusterdistribimpl.cpp(1439)'
19:46.702023-0,EXCP,2,process=rphost,p:processName=bi_bk3wk1_prod_01,OSThread=9636,t:clientID=1687,t:applicationName=BackgroundJob,t:computerName=DC2BUHAPP11,t:connectID=9959,SessionID=64364,Usr=Дүйсехан Әлішер Сәбитұлы,Exception=60c686dc-798f-4d17-aadb-a90156a16eb8,Descr='src\rserver\src\rmngrcalls.cpp(476):
60c686dc-798f-4d17-aadb-a90156a16eb8: Сеанс отсутствует или удален
ID=4311f734-ff95-4d46-b792-eba79bfbcbf6, File=d:\jenkins\ci_builder2\windowsbuild2\platform\src\rserver\src\clusterdistribimpl.cpp(1439)'
19:46.905000-0,EXCP,2,process=rphost,p:processName=bi_bk3wk1_prod_01,OSThread=9636,t:clientID=1687,t:applicationName=BackgroundJob,t:computerName=DC2BUHAPP11,t:connectID=9959,SessionID=64364,Usr=Дүйсехан Әлішер Сәбитұлы,Exception=SeanceContextException,Descr='Сеанс отсутствует или удален
ID=4311f734-ff95-4d46-b792-eba79bfbcbf6, File=d:\jenkins\ci_builder2\windowsbuild2\platform\src\rserver\src\rmngrcalls.cpp(364)'
19:46.905001-0,EXCP,2,process=rphost,p:processName=bi_bk3wk1_prod_01,OSThread=9636,t:clientID=1687,t:applicationName=BackgroundJob,t:computerName=DC2BUHAPP11,t:connectID=9959,SessionID=64364,Usr=Дүйсехан Әлішер Сәбитұлы,Exception=60c686dc-798f-4d17-aadb-a90156a16eb8,Descr='src\rserver\src\serverjobexecutor.cpp(1095):
60c686dc-798f-4d17-aadb-a90156a16eb8: Сеанс отсутствует или удален
ID=4311f734-ff95-4d46-b792-eba79bfbcbf6, File=d:\jenkins\ci_builder2\windowsbuild2\platform\src\rserver\src\rmngrcalls.cpp(364)'
19:46.905014-0,EXCP,3,process=rphost,p:processName=bi_bk3wk1_prod_01,OSThread=9636,t:clientID=1687,t:applicationName=BackgroundJob,t:computerName=DC2BUHAPP11,t:connectID=9959,SessionID=64364,Usr=Дүйсехан Әлішер Сәбитұлы,Exception=SeanceContextException,Descr='Сеанс отсутствует или удален
ID=4311f734-ff95-4d46-b792-eba79bfbcbf6, File=d:\jenkins\ci_builder2\windowsbuild2\platform\src\rserver\src\clusterdistribimpl.cpp(1439)'
19:46.905017-0,EXCP,2,process=rphost,p:processName=bi_bk3wk1_prod_01,OSThread=9636,t:clientID=1687,t:applicationName=BackgroundJob,t:computerName=DC2BUHAPP11,t:connectID=9959,SessionID=64364,Usr=Дүйсехан Әлішер Сәбитұлы,Exception=60c686dc-798f-4d17-aadb-a90156a16eb8,Descr='src\rserver\src\rmngrcalls.cpp(476):
60c686dc-798f-4d17-aadb-a90156a16eb8: Сеанс отсутствует или удален
ID=4311f734-ff95-4d46-b792-eba79bfbcbf6, File=d:\jenkins\ci_builder2\windowsbuild2\platform\src\rserver\src\clusterdistribimpl.cpp(1439)'
19:47.108000-0,EXCP,2,process=rphost,p:processName=bi_bk3wk1_prod_01,OSThread=9636,t:clientID=1687,t:applicationName=BackgroundJob,t:computerName=DC2BUHAPP11,t:connectID=9959,SessionID=64364,Usr=Дүйсехан Әлішер Сәбитұлы,Exception=SeanceContextException,Descr='Сеанс отсутствует или удален
ID=4311f734-ff95-4d46-b792-eba79bfbcbf6, File=d:\jenkins\ci_builder2\windowsbuild2\platform\src\rserver\src\rmngrcalls.cpp(364)'
22:35.670000-0,EXCP,0,process=rphost,OSThread=6496,ClientID=665,Exception=NetDataExchangeException,Descr='server_addr=(2)10.224.32.232:63947 descr=10054(0x00002746): Удаленный хост принудительно разорвал существующее подключение.  line=2273 file=d:\jenkins\ci_builder2\windowsbuild2\platform\src\rtrsrvc\src\dataexchangeserverimpl.cpp'
22:35.670001-0,EXCPCNTX,0,ClientComputerName=,ServerComputerName=,UserName=,ConnectString=
22:35.670003-0,EXCP,0,process=rphost,OSThread=7464,ClientID=667,Exception=NetDataExchangeException,Descr='server_addr=(2)10.224.32.232:63953 descr=10054(0x00002746): Удаленный хост принудительно разорвал существующее подключение.  line=1149 file=d:\jenkins\ci_builder2\windowsbuild2\platform\src\rtrsrvc\src\dataexchangeserverimpl.cpp'
22:35.670005-0,EXCPCNTX,0,ClientComputerName=,ServerComputerName=,UserName=,ConnectString=
23:47.466001-0,EXCP,0,process=rphost,OSThread=5496,ClientID=674,Exception=NetDataExchangeException,Descr='server_addr=(2)10.3.172.25:61351 descr=10054(0x00002746): Удаленный хост принудительно разорвал существующее подключение.  line=2273 file=d:\jenkins\ci_builder2\windowsbuild2\platform\src\rtrsrvc\src\dataexchangeserverimpl.cpp'
23:47.466000-0,EXCP,0,process=rphost,OSThread=7428,ClientID=675,Exception=NetDataExchangeException,Descr='server_addr=(2)10.3.172.25:61360 descr=10054(0x00002746): Удаленный хост принудительно разорвал существующее подключение.  line=1149 file=d:\jenkins\ci_builder2\windowsbuild2\platform\src\rtrsrvc\src\dataexchangeserverimpl.cpp'
23:47.466002-0,EXCPCNTX,0,ClientComputerName=,ServerComputerName=,UserName=,ConnectString=
23:47.466003-0,EXCPCNTX,0,ClientComputerName=,ServerComputerName=,UserName=,ConnectString=
31:16.924000-0,EXCP,0,process=rphost,OSThread=7464,ClientID=982,Exception=NetDataExchangeException,Descr='server_addr=(2)10.224.32.209:60633 descr=10054(0x00002746): Удаленный хост принудительно разорвал существующее подключение.  line=1149 file=d:\jenkins\ci_builder2\windowsbuild2\platform\src\rtrsrvc\src\dataexchangeserverimpl.cpp'
31:16.924001-0,EXCP,0,process=rphost,OSThread=9924,ClientID=980,Exception=NetDataExchangeException,Descr='server_addr=(2)10.224.32.209:60628 descr=10054(0x00002746): Удаленный хост принудительно разорвал существующее подключение.  line=2273 file=d:\jenkins\ci_builder2\windowsbuild2\platform\src\rtrsrvc\src\dataexchangeserverimpl.cpp'
31:16.924002-0,EXCPCNTX,0,ClientComputerName=,ServerComputerName=,UserName=,ConnectString=
31:16.924003-0,EXCPCNTX,0,ClientComputerName=,ServerComputerName=,UserName=,ConnectString=
38:42.463000-0,EXCP,0,process=rphost,OSThread=7428,ClientID=664,Exception=NetDataExchangeException,Descr='server_addr=(2)10.224.32.44:59498 descr=10054(0x00002746): Удаленный хост принудительно разорвал существующее подключение.  line=1149 file=d:\jenkins\ci_builder2\windowsbuild2\platform\src\rtrsrvc\src\dataexchangeserverimpl.cpp'
38:42.463002-0,EXCPCNTX,0,ClientComputerName=,ServerComputerName=,UserName=,ConnectString=
38:42.463001-0,EXCP,0,process=rphost,OSThread=7440,ClientID=666,Exception=NetDataExchangeException,Descr='server_addr=(2)10.224.32.44:59505 descr=10054(0x00002746): Удаленный хост принудительно разорвал существующее подключение.  line=1149 file=d:\jenkins\ci_builder2\windowsbuild2\platform\src\rtrsrvc\src\dataexchangeserverimpl.cpp'
38:42.463005-0,EXCPCNTX,0,ClientComputerName=,ServerComputerName=,UserName=,ConnectString=
39:03.624000-0,EXCP,0,process=rphost,OSThread=4760,ClientID=513,Exception=NetDataExchangeException,Descr='server_addr=(2)10.3.172.24:57962 descr=10054(0x00002746): Удаленный хост принудительно разорвал существующее подключение.  line=2273 file=d:\jenkins\ci_builder2\windowsbuild2\platform\src\rtrsrvc\src\dataexchangeserverimpl.cpp'
39:03.624001-0,EXCP,0,process=rphost,OSThread=7468,ClientID=516,Exception=NetDataExchangeException,Descr='server_addr=(2)10.3.172.24:57968 descr=10054(0x00002746): Удаленный хост принудительно разорвал существующее подключение.  line=1149 file=d:\jenkins\ci_builder2\windowsbuild2\platform\src\rtrsrvc\src\dataexchangeserverimpl.cpp'
39:03.624002-0,EXCPCNTX,0,ClientComputerName=,ServerComputerName=,UserName=,ConnectString=
39:03.624003-0,EXCPCNTX,0,ClientComputerName=,ServerComputerName=,UserName=,ConnectString=
39:19.967020-0,EXCP,0,process=rphost,OSThread=7444,ClientID=1680,Exception=NetDataExchangeException,Descr='server_addr=(2)10.225.32.15:63255 descr=2(0x00000002): Не удается найти указанный файл.  line=1149 file=d:\jenkins\ci_builder2\windowsbuild2\platform\src\rtrsrvc\src\dataexchangeserverimpl.cpp'
39:19.967021-0,EXCPCNTX,0,ClientComputerName=,ServerComputerName=,UserName=,ConnectString=
44:34.374000-0,EXCP,0,process=rphost,OSThread=7444,ClientID=503,Exception=NetDataExchangeException,Descr='server_addr=(2)10.224.32.206:61125 descr=10054(0x00002746): Удаленный хост принудительно разорвал существующее подключение.  line=1149 file=d:\jenkins\ci_builder2\windowsbuild2\platform\src\rtrsrvc\src\dataexchangeserverimpl.cpp'
44:34.374001-0,EXCPCNTX,0,ClientComputerName=,ServerComputerName=,UserName=,ConnectString=
44:34.374002-0,EXCP,0,process=rphost,OSThread=5496,ClientID=502,Exception=NetDataExchangeException,Descr='server_addr=(2)10.224.32.206:61119 descr=10054(0x00002746): Удаленный хост принудительно разорвал существующее подключение.  line=2273 file=d:\jenkins\ci_builder2\windowsbuild2\platform\src\rtrsrvc\src\dataexchangeserverimpl.cpp'
44:34.374003-0,EXCPCNTX,0,ClientComputerName=,ServerComputerName=,UserName=,ConnectString=
45:01.765000-0,EXCP,0,process=rphost,OSThread=7460,ClientID=552,Exception=NetDataExchangeException,Descr='server_addr=(2)10.3.172.7:63360 descr=10054(0x00002746): Удаленный хост принудительно разорвал существующее подключение.  line=1149 file=d:\jenkins\ci_builder2\windowsbuild2\platform\src\rtrsrvc\src\dataexchangeserverimpl.cpp'
45:01.765001-0,EXCPCNTX,0,ClientComputerName=,ServerComputerName=,UserName=,ConnectString=
45:01.765002-0,EXCP,0,process=rphost,OSThread=7436,ClientID=556,Exception=NetDataExchangeException,Descr='server_addr=(2)10.3.172.7:63367 descr=10054(0x00002746): Удаленный хост принудительно разорвал существующее подключение.  line=1149 file=d:\jenkins\ci_builder2\windowsbuild2\platform\src\rtrsrvc\src\dataexchangeserverimpl.cpp'
45:01.765005-0,EXCPCNTX,0,ClientComputerName=,ServerComputerName=,UserName=,ConnectString=
51:21.500000-0,EXCP,0,process=rphost,OSThread=7472,ClientID=1699,Exception=NetDataExchangeException,Descr='server_addr=(2)10.224.32.15:59233 descr=2(0x00000002): Не удается найти указанный файл.  line=1149 file=d:\jenkins\ci_builder2\windowsbuild2\platform\src\rtrsrvc\src\dataexchangeserverimpl.cpp'
51:21.500001-0,EXCPCNTX,0,ClientComputerName=,ServerComputerName=,UserName=,ConnectString=
51:21.984000-0,EXCP,0,process=rphost,OSThread=7476,ClientID=1719,Exception=NetDataExchangeException,Descr='server_addr=(2)10.224.32.15:59306 descr=2(0x00000002): Не удается найти указанный файл.  line=1149 file=d:\jenkins\ci_builder2\windowsbuild2\platform\src\rtrsrvc\src\dataexchangeserverimpl.cpp'
51:21.984001-0,EXCPCNTX,0,ClientComputerName=,ServerComputerName=,UserName=,ConnectString=
51:39.672000-0,EXCP,0,process=rphost,OSThread=7448,ClientID=1720,Exception=NetDataExchangeException,Descr='server_addr=(2)10.224.32.15:59311 descr=2(0x00000002): Не удается найти указанный файл.  line=1149 file=d:\jenkins\ci_builder2\windowsbuild2\platform\src\rtrsrvc\src\dataexchangeserverimpl.cpp'
51:39.672001-0,EXCPCNTX,0,ClientComputerName=,ServerComputerName=,UserName=,ConnectString=
51:39.984001-0,EXCP,0,process=rphost,OSThread=7472,ClientID=1721,Exception=NetDataExchangeException,Descr='server_addr=(2)10.224.32.15:59326 descr=2(0x00000002): Не удается найти указанный файл.  line=1149 file=d:\jenkins\ci_builder2\windowsbuild2\platform\src\rtrsrvc\src\dataexchangeserverimpl.cpp'
51:39.984002-0,EXCPCNTX,0,ClientComputerName=,ServerComputerName=,UserName=,ConnectString=
54:54.181000-0,EXCP,0,process=rphost,OSThread=7456,ClientID=1724,Exception=NetDataExchangeException,Descr='server_addr=(2)10.225.32.15:63363 descr=2(0x00000002): Не удается найти указанный файл.  line=1149 file=d:\jenkins\ci_builder2\windowsbuild2\platform\src\rtrsrvc\src\dataexchangeserverimpl.cpp'
54:54.181001-0,EXCPCNTX,0,ClientComputerName=,ServerComputerName=,UserName=,ConnectString=
54:54.431000-0,EXCP,0,process=rphost,OSThread=7460,ClientID=1726,Exception=NetDataExchangeException,Descr='server_addr=(2)10.225.32.15:63368 descr=2(0x00000002): Не удается найти указанный файл.  line=1149 file=d:\jenkins\ci_builder2\windowsbuild2\platform\src\rtrsrvc\src\dataexchangeserverimpl.cpp'
54:54.431001-0,EXCPCNTX,0,ClientComputerName=,ServerComputerName=,UserName=,ConnectString=
58:23.203000-0,EXCP,0,process=rphost,OSThread=7460,ClientID=472,Exception=NetDataExchangeException,Descr='server_addr=(2)10.225.32.43:65491 descr=10054(0x00002746): Удаленный хост принудительно разорвал существующее подключение.  line=1149 file=d:\jenkins\ci_builder2\windowsbuild2\platform\src\rtrsrvc\src\dataexchangeserverimpl.cpp'
58:23.203001-0,EXCPCNTX,0,ClientComputerName=,ServerComputerName=,UserName=,ConnectString=
58:23.219000-0,EXCP,0,process=rphost,OSThread=9736,ClientID=469,Exception=NetDataExchangeException,Descr='server_addr=(2)10.225.32.43:65471 descr=10054(0x00002746): Удаленный хост принудительно разорвал существующее подключение.  line=2273 file=d:\jenkins\ci_builder2\windowsbuild2\platform\src\rtrsrvc\src\dataexchangeserverimpl.cpp'
58:23.219001-0,EXCPCNTX,0,ClientComputerName=,ServerComputerName=,UserName=,ConnectString=
