02:41.333000-0,EXCP,3,process=rphost,p:processName=bi_bk3wk1_prod_01,OSThread=1304,t:clientID=665,t:applicationName=1CV8C,t:computerName=DC2RDSH29,t:connectID=1050,SessionID=54100,Usr=Совцова Балжан Есимовна,AppID=1CV8C,Exception=afd2b550-0d52-4e03-b448-15ed68d87ac5,Descr="src\basic\src\documentlogformobjcontroller.cpp(157):
afd2b550-0d52-4e03-b448-15ed68d87ac5
0d2200af-1696-4395-91e5-2872675e6d3d: Ошибка при выполнении обработчика - 'ПриКопировании'
8d366056-4d5a-4d88-a207-0ae535b7d28e: {ОбщийМодуль.BI_ОбщийМодульСервер.Модуль(3152)}: Копирование документов запрещено!",Context=Система.ПолучитьФорму : Документ.ПлатежноеПоручениеИсходящее.ФормаОбъекта
02:41.348000-0,EXCP,3,process=rphost,p:processName=bi_bk3wk1_prod_01,OSThread=1304,t:clientID=665,t:applicationName=1CV8C,t:computerName=DC2RDSH29,t:connectID=1050,SessionID=54100,Usr=Совцова Балжан Есимовна,AppID=1CV8C,Exception=580392e6-ba49-4280-ac67-fcd6f2180121,Descr="src\vrsbase\src\vresourceinfobaseimpl.cpp(1114):
580392e6-ba49-4280-ac67-fcd6f2180121: Неспецифицированная ошибка работы с ресурсом
Ошибка при выполнении запроса POST к ресурсу /e1cib/logForm:
afd2b550-0d52-4e03-b448-15ed68d87ac5
0d2200af-1696-4395-91e5-2872675e6d3d: Ошибка при выполнении обработчика - 'ПриКопировании'
8d366056-4d5a-4d88-a207-0ae535b7d28e: {ОбщийМодуль.BI_ОбщийМодульСервер.Модуль(3152)}: Копирование документов запрещено!"
22:21.551006-0,EXCP,2,process=rphost,p:processName=bi_bk3wk1_prod_01,OSThread=8540,t:clientID=665,t:applicationName=1CV8C,t:computerName=DC2RDSH29,t:connectID=1050,SessionID=54100,Usr=Совцова Балжан Есимовна,AppID=1CV8C,Exception=afd2b550-0d52-4e03-b448-15ed68d87ac5,Descr='src\basic\src\documentlogformobjcontroller.cpp(884):
afd2b550-0d52-4e03-b448-15ed68d87ac5
0d2200af-1696-4395-91e5-2872675e6d3d: Не удалось провести: "Платежное поручение (исходящее)"!',Context=Форма.Записать : Документ.ПлатежноеПоручениеИсходящее.Форма.ФормаДокумента
22:21.598000-0,EXCP,2,process=rphost,p:processName=bi_bk3wk1_prod_01,OSThread=8540,t:clientID=665,t:applicationName=1CV8C,t:computerName=DC2RDSH29,t:connectID=1050,SessionID=54100,Usr=Совцова Балжан Есимовна,AppID=1CV8C,Exception=580392e6-ba49-4280-ac67-fcd6f2180121,Descr='src\vrsbase\src\vresourceinfobaseimpl.cpp(1114):
580392e6-ba49-4280-ac67-fcd6f2180121: Неспецифицированная ошибка работы с ресурсом
Ошибка при выполнении запроса POST к ресурсу /e1cib/logForm:
afd2b550-0d52-4e03-b448-15ed68d87ac5
0d2200af-1696-4395-91e5-2872675e6d3d: Не удалось провести: "Платежное поручение (исходящее)"!'
33:51.385012-0,EXCP,2,process=rphost,p:processName=bi_bk3wk1_prod_01,OSThread=5480,t:clientID=674,t:applicationName=1CV8C,t:computerName=DC3RDSH12,t:connectID=1086,SessionID=54139,Usr=WK1_Есенбаева_Дана_Исаханкызы,AppID=1CV8C,Exception=afd2b550-0d52-4e03-b448-15ed68d87ac5,Descr='src\basic\src\documentlogformobjcontroller.cpp(884):
afd2b550-0d52-4e03-b448-15ed68d87ac5
0d2200af-1696-4395-91e5-2872675e6d3d: Не удалось провести "Платежное поручение (исходящее) KR100003812 от 17.04.2020 12:33:48"!',Context=Форма.Записать : Документ.ПлатежноеПоручениеИсходящее.Форма.ФормаДокумента
33:51.448000-0,EXCP,2,process=rphost,p:processName=bi_bk3wk1_prod_01,OSThread=5480,t:clientID=674,t:applicationName=1CV8C,t:computerName=DC3RDSH12,t:connectID=1086,SessionID=54139,Usr=WK1_Есенбаева_Дана_Исаханкызы,AppID=1CV8C,Exception=580392e6-ba49-4280-ac67-fcd6f2180121,Descr='src\vrsbase\src\vresourceinfobaseimpl.cpp(1114):
580392e6-ba49-4280-ac67-fcd6f2180121: Неспецифицированная ошибка работы с ресурсом
Ошибка при выполнении запроса POST к ресурсу /e1cib/logForm:
afd2b550-0d52-4e03-b448-15ed68d87ac5
0d2200af-1696-4395-91e5-2872675e6d3d: Не удалось провести "Платежное поручение (исходящее) KR100003812 от 17.04.2020 12:33:48"!'
37:24.285037-0,EXCP,2,process=rphost,p:processName=bi_bk3wk1_prod_01,OSThread=5480,t:clientID=674,t:applicationName=1CV8C,t:computerName=DC3RDSH12,t:connectID=1086,SessionID=54139,Usr=WK1_Есенбаева_Дана_Исаханкызы,AppID=1CV8C,Exception=afd2b550-0d52-4e03-b448-15ed68d87ac5,Descr='src\basic\src\documentlogformobjcontroller.cpp(884):
afd2b550-0d52-4e03-b448-15ed68d87ac5
0d2200af-1696-4395-91e5-2872675e6d3d: Не удалось провести: "Платежное поручение (исходящее)"!',Context=Форма.Записать : Документ.ПлатежноеПоручениеИсходящее.Форма.ФормаДокумента
37:24.348000-0,EXCP,2,process=rphost,p:processName=bi_bk3wk1_prod_01,OSThread=5480,t:clientID=674,t:applicationName=1CV8C,t:computerName=DC3RDSH12,t:connectID=1086,SessionID=54139,Usr=WK1_Есенбаева_Дана_Исаханкызы,AppID=1CV8C,Exception=580392e6-ba49-4280-ac67-fcd6f2180121,Descr='src\vrsbase\src\vresourceinfobaseimpl.cpp(1114):
580392e6-ba49-4280-ac67-fcd6f2180121: Неспецифицированная ошибка работы с ресурсом
Ошибка при выполнении запроса POST к ресурсу /e1cib/logForm:
afd2b550-0d52-4e03-b448-15ed68d87ac5
0d2200af-1696-4395-91e5-2872675e6d3d: Не удалось провести: "Платежное поручение (исходящее)"!'
50:17.465011-0,EXCP,2,process=rphost,p:processName=bi_bk3wk1_prod_01,OSThread=2400,t:clientID=674,t:applicationName=1CV8C,t:computerName=DC3RDSH12,t:connectID=1086,SessionID=54139,Usr=WK1_Есенбаева_Дана_Исаханкызы,AppID=1CV8C,Exception=afd2b550-0d52-4e03-b448-15ed68d87ac5,Descr='src\basic\src\documentlogformobjcontroller.cpp(884):
afd2b550-0d52-4e03-b448-15ed68d87ac5
0d2200af-1696-4395-91e5-2872675e6d3d: Не удалось провести: "Платежное поручение (исходящее)"!',Context=Форма.Записать : Документ.ПлатежноеПоручениеИсходящее.Форма.ФормаДокумента
50:17.512000-0,EXCP,2,process=rphost,p:processName=bi_bk3wk1_prod_01,OSThread=2400,t:clientID=674,t:applicationName=1CV8C,t:computerName=DC3RDSH12,t:connectID=1086,SessionID=54139,Usr=WK1_Есенбаева_Дана_Исаханкызы,AppID=1CV8C,Exception=580392e6-ba49-4280-ac67-fcd6f2180121,Descr='src\vrsbase\src\vresourceinfobaseimpl.cpp(1114):
580392e6-ba49-4280-ac67-fcd6f2180121: Неспецифицированная ошибка работы с ресурсом
Ошибка при выполнении запроса POST к ресурсу /e1cib/logForm:
afd2b550-0d52-4e03-b448-15ed68d87ac5
0d2200af-1696-4395-91e5-2872675e6d3d: Не удалось провести: "Платежное поручение (исходящее)"!'
50:33.934017-0,EXCP,2,process=rphost,p:processName=bi_bk3wk1_prod_01,OSThread=6516,t:clientID=674,t:applicationName=1CV8C,t:computerName=DC3RDSH12,t:connectID=1086,SessionID=54139,Usr=WK1_Есенбаева_Дана_Исаханкызы,AppID=1CV8C,Exception=afd2b550-0d52-4e03-b448-15ed68d87ac5,Descr='src\basic\src\documentlogformobjcontroller.cpp(884):
afd2b550-0d52-4e03-b448-15ed68d87ac5
0d2200af-1696-4395-91e5-2872675e6d3d: Не удалось провести: "Платежное поручение (исходящее)"!',Context=Форма.Записать : Документ.ПлатежноеПоручениеИсходящее.Форма.ФормаДокумента
50:33.996000-0,EXCP,2,process=rphost,p:processName=bi_bk3wk1_prod_01,OSThread=6516,t:clientID=674,t:applicationName=1CV8C,t:computerName=DC3RDSH12,t:connectID=1086,SessionID=54139,Usr=WK1_Есенбаева_Дана_Исаханкызы,AppID=1CV8C,Exception=580392e6-ba49-4280-ac67-fcd6f2180121,Descr='src\vrsbase\src\vresourceinfobaseimpl.cpp(1114):
580392e6-ba49-4280-ac67-fcd6f2180121: Неспецифицированная ошибка работы с ресурсом
Ошибка при выполнении запроса POST к ресурсу /e1cib/logForm:
afd2b550-0d52-4e03-b448-15ed68d87ac5
0d2200af-1696-4395-91e5-2872675e6d3d: Не удалось провести: "Платежное поручение (исходящее)"!'
52:37.489010-0,ADMIN,3,process=rphost,p:processName=##AdminProcess##,OSThread=4688,t:clientID=782,t:applicationName=SrvrConsole,t:computerName=Gabdullin_B,Func=authenticateSrvrUser,Administrator=,Result=Success
52:37.520010-0,ADMIN,3,process=rphost,p:processName=bi_bk3wk1_prod_01,OSThread=4688,t:clientID=782,t:applicationName=SrvrConsole,t:computerName=Gabdullin_B,t:connectID=4189,SessionID=57770,Func=authenticateInfoBaseAdmin,ClusterID=8aa94e2b-5d54-4b86-800b-79353ce39638,InfoBaseID=e65619db-c02e-4647-a08d-3f4e7765383d,Usr=#WINAUTH#,Administrator=,Result=Success
52:37.504001-0,ADMIN,3,process=rphost,p:processName=##AdminProcess##,OSThread=4688,t:clientID=782,t:applicationName=SrvrConsole,t:computerName=Gabdullin_B,Func=getInfoBaseParams,ClusterID=8aa94e2b-5d54-4b86-800b-79353ce39638,InfoBaseID=e65619db-c02e-4647-a08d-3f4e7765383d,Ref=bi_bk3wk1_prod_01,Administrator=,Result=Success
58:03.548000-0,EXCP,2,process=rphost,p:processName=bi_bk3wk1_prod_01,OSThread=6516,t:clientID=665,t:applicationName=1CV8C,t:computerName=DC2RDSH29,t:connectID=1050,SessionID=54100,Usr=Совцова Балжан Есимовна,AppID=1CV8C,Exception=afd2b550-0d52-4e03-b448-15ed68d87ac5,Descr='src\basic\src\documentlogformobjcontroller.cpp(884):
afd2b550-0d52-4e03-b448-15ed68d87ac5
0d2200af-1696-4395-91e5-2872675e6d3d: Ошибка при выполнении обработчика - ''ОбработкаПроведения''
8d366056-4d5a-4d88-a207-0ae535b7d28e: {ОбщийМодуль.BI_КазначействоСервер.Модуль(623)}: Не удалось провести документ! По причине:  {ОбщийМодуль.BI_КазначействоСервер.Модуль(616)}: Ошибка при вызове метода контекста (Записать): Не удалось записать: "Журнал проводок (бухгалтерский учет)"!',Context=Форма.Записать : Документ.ПлатежноеПоручениеИсходящее.Форма.ФормаДокумента
58:03.595000-0,EXCP,2,process=rphost,p:processName=bi_bk3wk1_prod_01,OSThread=6516,t:clientID=665,t:applicationName=1CV8C,t:computerName=DC2RDSH29,t:connectID=1050,SessionID=54100,Usr=Совцова Балжан Есимовна,AppID=1CV8C,Exception=580392e6-ba49-4280-ac67-fcd6f2180121,Descr='src\vrsbase\src\vresourceinfobaseimpl.cpp(1114):
580392e6-ba49-4280-ac67-fcd6f2180121: Неспецифицированная ошибка работы с ресурсом
Ошибка при выполнении запроса POST к ресурсу /e1cib/logForm:
afd2b550-0d52-4e03-b448-15ed68d87ac5
0d2200af-1696-4395-91e5-2872675e6d3d: Ошибка при выполнении обработчика - ''ОбработкаПроведения''
8d366056-4d5a-4d88-a207-0ae535b7d28e: {ОбщийМодуль.BI_КазначействоСервер.Модуль(623)}: Не удалось провести документ! По причине:  {ОбщийМодуль.BI_КазначействоСервер.Модуль(616)}: Ошибка при вызове метода контекста (Записать): Не удалось записать: "Журнал проводок (бухгалтерский учет)"!'
