02:04.319014-0,EXCP,2,process=rphost,p:processName=bi_bk3wk1_prod_01,OSThread=8660,t:clientID=459,t:applicationName=1CV8C,t:computerName=DC1RDSH05,t:connectID=819,SessionID=53768,Usr=Табылдиева Айнура Ерлановна,AppID=1CV8C,Exception=580392e6-ba49-4280-ac67-fcd6f2180121,Descr='src\vrsbase\src\vresourceinfobaseimpl.cpp(1114):
580392e6-ba49-4280-ac67-fcd6f2180121: Неспецифицированная ошибка работы с ресурсом
Ошибка при выполнении запроса POST к ресурсу /e1cib/logForm:
8d366056-4d5a-4d88-a207-0ae535b7d28e: {ОбщийМодуль.ИнтеграцияС1СДокументооборот.Модуль(194)}: Ошибка запуска процесса:

Не заполнена колонка "Исполнитель" в строке 2 списка "Лист согласования"

		'
02:07.850004-0,EXCP,2,process=rphost,p:processName=bi_bk3wk1_prod_01,OSThread=2852,t:clientID=459,t:applicationName=1CV8C,t:computerName=DC1RDSH05,t:connectID=819,SessionID=53768,Usr=Табылдиева Айнура Ерлановна,AppID=1CV8C,Exception=580392e6-ba49-4280-ac67-fcd6f2180121,Descr='src\vrsbase\src\vresourceinfobaseimpl.cpp(1114):
580392e6-ba49-4280-ac67-fcd6f2180121: Неспецифицированная ошибка работы с ресурсом
Ошибка при выполнении запроса POST к ресурсу /e1cib/logForm:
8d366056-4d5a-4d88-a207-0ae535b7d28e: {ОбщийМодуль.ИнтеграцияС1СДокументооборот.Модуль(194)}: Ошибка запуска процесса:

Не заполнена колонка "Исполнитель" в строке 2 списка "Лист согласования"

		'
02:15.230000-0,EXCP,2,process=rphost,p:processName=bi_bk3wk1_prod_01,OSThread=5480,t:clientID=459,t:applicationName=1CV8C,t:computerName=DC1RDSH05,t:connectID=819,SessionID=53768,Usr=Табылдиева Айнура Ерлановна,AppID=1CV8C,Exception=580392e6-ba49-4280-ac67-fcd6f2180121,Descr='src\vrsbase\src\vresourceinfobaseimpl.cpp(1114):
580392e6-ba49-4280-ac67-fcd6f2180121: Неспецифицированная ошибка работы с ресурсом
Ошибка при выполнении запроса POST к ресурсу /e1cib/logForm:
8d366056-4d5a-4d88-a207-0ae535b7d28e: {ОбщийМодуль.ИнтеграцияС1СДокументооборот.Модуль(194)}: Ошибка запуска процесса:

Не заполнена колонка "Исполнитель" в строке 2 списка "Лист согласования"

		'
26:33.339007-0,EXCP,2,process=rphost,p:processName=bi_bk3wk1_prod_01,OSThread=2852,t:clientID=588,t:applicationName=1CV8C,t:computerName=DC1RDSH19,t:connectID=974,SessionID=53986,Usr=Мустафина Жанна Аманжоловна,AppID=1CV8C,Exception=afd2b550-0d52-4e03-b448-15ed68d87ac5,Descr='src\basic\src\documentlogformobjcontroller.cpp(884):
afd2b550-0d52-4e03-b448-15ed68d87ac5
0d2200af-1696-4395-91e5-2872675e6d3d: Не удалось провести "Платежное поручение (исходящее) BAL00002042 от 16.04.2020 15:05:23"!',Context=Форма.Записать : Документ.ПлатежноеПоручениеИсходящее.Форма.ФормаДокумента
26:33.401000-0,EXCP,2,process=rphost,p:processName=bi_bk3wk1_prod_01,OSThread=2852,t:clientID=588,t:applicationName=1CV8C,t:computerName=DC1RDSH19,t:connectID=974,SessionID=53986,Usr=Мустафина Жанна Аманжоловна,AppID=1CV8C,Exception=580392e6-ba49-4280-ac67-fcd6f2180121,Descr='src\vrsbase\src\vresourceinfobaseimpl.cpp(1114):
580392e6-ba49-4280-ac67-fcd6f2180121: Неспецифицированная ошибка работы с ресурсом
Ошибка при выполнении запроса POST к ресурсу /e1cib/logForm:
afd2b550-0d52-4e03-b448-15ed68d87ac5
0d2200af-1696-4395-91e5-2872675e6d3d: Не удалось провести "Платежное поручение (исходящее) BAL00002042 от 16.04.2020 15:05:23"!'
30:03.061008-0,EXCP,3,process=rphost,p:processName=bi_bk3wk1_prod_01,OSThread=4536,t:clientID=665,t:applicationName=1CV8C,t:computerName=DC2RDSH29,t:connectID=1050,SessionID=54100,Usr=Совцова Балжан Есимовна,AppID=1CV8C,Exception=afd2b550-0d52-4e03-b448-15ed68d87ac5,Descr='src\basic\src\documentlogformobjcontroller.cpp(884):
afd2b550-0d52-4e03-b448-15ed68d87ac5
0d2200af-1696-4395-91e5-2872675e6d3d: Не удалось записать: "Журнал проводок (бухгалтерский учет)"!',Context=Форма.Записать : Документ.ПлатежноеПоручениеИсходящее.Форма.ФормаДокумента
30:03.124000-0,EXCP,3,process=rphost,p:processName=bi_bk3wk1_prod_01,OSThread=4536,t:clientID=665,t:applicationName=1CV8C,t:computerName=DC2RDSH29,t:connectID=1050,SessionID=54100,Usr=Совцова Балжан Есимовна,AppID=1CV8C,Exception=580392e6-ba49-4280-ac67-fcd6f2180121,Descr='src\vrsbase\src\vresourceinfobaseimpl.cpp(1114):
580392e6-ba49-4280-ac67-fcd6f2180121: Неспецифицированная ошибка работы с ресурсом
Ошибка при выполнении запроса POST к ресурсу /e1cib/logForm:
afd2b550-0d52-4e03-b448-15ed68d87ac5
0d2200af-1696-4395-91e5-2872675e6d3d: Не удалось записать: "Журнал проводок (бухгалтерский учет)"!'
59:35.575002-0,EXCP,2,process=rphost,p:processName=bi_bk3wk1_prod_01,OSThread=5412,t:clientID=552,t:applicationName=1CV8C,t:computerName=DC3RDSH06,t:connectID=937,SessionID=53939,Usr=Мукашева Айнур Абугалиевна,AppID=1CV8C,Exception=SeanceContextException,Descr=Попытка получения неинициализированного значения параметра сеанса,Context='Форма.Вызов : Обработка.ОбщиеОбъектыРегламентированнойОтчетности.Форма.УправлениеОтчетностью.Модуль.ОткрытьФормуОтчетаНаСервере
Обработка.ОбщиеОбъектыРегламентированнойОтчетности.Форма.УправлениеОтчетностью.Форма : 1028 : ПравоДоступаКОтчету = РегламентированнаяОтчетностьВызовСервера.ПравоДоступаКРегламентированномуОтчету(ИсточникОтчета);
	ОбщийМодуль.РегламентированнаяОтчетностьВызовСервера.Модуль : 22 : Если НЕ РегламентированнаяОтчетность.ЭтоВнешнийОтчет(ИдентификаторОтчета) Тогда // это внутренний отчет
		ОбщийМодуль.РегламентированнаяОтчетность.Модуль : 26 : Если ПризнакИспользованияВнешнегоОтчетаСУчетомКэша(НайденныйЭлемент) <> Истина
			ОбщийМодуль.РегламентированнаяОтчетность.Модуль : 1844 : Кэш = ПараметрыСеанса.ХранилищеПараметровВнешнихРегламентированныхОтчетов.Получить();'
