07:52.950023-0,EXCP,2,process=rphost,p:processName=bi_bk3wk1_prod_01,OSThread=4688,t:clientID=665,t:applicationName=1CV8C,t:computerName=DC2RDSH29,t:connectID=1050,SessionID=54100,Usr=Совцова Балжан Есимовна,AppID=1CV8C,Exception=afd2b550-0d52-4e03-b448-15ed68d87ac5,Descr='src\basic\src\documentlogformobjcontroller.cpp(884):
afd2b550-0d52-4e03-b448-15ed68d87ac5
0d2200af-1696-4395-91e5-2872675e6d3d: Не удалось записать: "Журнал проводок (бухгалтерский учет)"!',Context=Форма.Записать : Документ.ПлатежноеПоручениеИсходящее.Форма.ФормаДокумента
07:53.013000-0,EXCP,2,process=rphost,p:processName=bi_bk3wk1_prod_01,OSThread=4688,t:clientID=665,t:applicationName=1CV8C,t:computerName=DC2RDSH29,t:connectID=1050,SessionID=54100,Usr=Совцова Балжан Есимовна,AppID=1CV8C,Exception=580392e6-ba49-4280-ac67-fcd6f2180121,Descr='src\vrsbase\src\vresourceinfobaseimpl.cpp(1114):
580392e6-ba49-4280-ac67-fcd6f2180121: Неспецифицированная ошибка работы с ресурсом
Ошибка при выполнении запроса POST к ресурсу /e1cib/logForm:
afd2b550-0d52-4e03-b448-15ed68d87ac5
0d2200af-1696-4395-91e5-2872675e6d3d: Не удалось записать: "Журнал проводок (бухгалтерский учет)"!'
11:05.861029-0,EXCP,2,process=rphost,p:processName=bi_bk3wk1_prod_01,OSThread=8152,t:clientID=511,t:applicationName=1CV8C,t:computerName=DC2RDSH08,t:connectID=871,SessionID=53843,Usr=КалиеваАБ,AppID=1CV8C,Exception=afd2b550-0d52-4e03-b448-15ed68d87ac5,Descr='src\basic\src\documentlogformobjcontroller.cpp(884):
afd2b550-0d52-4e03-b448-15ed68d87ac5
0d2200af-1696-4395-91e5-2872675e6d3d: Не удалось провести "Платежное поручение (исходящее) EAP00001912 от 17.04.2020 11:57:26"!',Context=Форма.Записать : Документ.ПлатежноеПоручениеИсходящее.Форма.ФормаДокумента
11:05.939000-0,EXCP,2,process=rphost,p:processName=bi_bk3wk1_prod_01,OSThread=8152,t:clientID=511,t:applicationName=1CV8C,t:computerName=DC2RDSH08,t:connectID=871,SessionID=53843,Usr=КалиеваАБ,AppID=1CV8C,Exception=580392e6-ba49-4280-ac67-fcd6f2180121,Descr='src\vrsbase\src\vresourceinfobaseimpl.cpp(1114):
580392e6-ba49-4280-ac67-fcd6f2180121: Неспецифицированная ошибка работы с ресурсом
Ошибка при выполнении запроса POST к ресурсу /e1cib/logForm:
afd2b550-0d52-4e03-b448-15ed68d87ac5
0d2200af-1696-4395-91e5-2872675e6d3d: Не удалось провести "Платежное поручение (исходящее) EAP00001912 от 17.04.2020 11:57:26"!'
11:14.621016-0,EXCP,2,process=rphost,p:processName=bi_bk3wk1_prod_01,OSThread=532,t:clientID=511,t:applicationName=1CV8C,t:computerName=DC2RDSH08,t:connectID=871,SessionID=53843,Usr=КалиеваАБ,AppID=1CV8C,Exception=afd2b550-0d52-4e03-b448-15ed68d87ac5,Descr='src\basic\src\documentlogformobjcontroller.cpp(884):
afd2b550-0d52-4e03-b448-15ed68d87ac5
0d2200af-1696-4395-91e5-2872675e6d3d: Не удалось провести "Платежное поручение (исходящее) EAP00001912 от 17.04.2020 11:57:26"!',Context=Форма.Записать : Документ.ПлатежноеПоручениеИсходящее.Форма.ФормаДокумента
11:14.683000-0,EXCP,2,process=rphost,p:processName=bi_bk3wk1_prod_01,OSThread=532,t:clientID=511,t:applicationName=1CV8C,t:computerName=DC2RDSH08,t:connectID=871,SessionID=53843,Usr=КалиеваАБ,AppID=1CV8C,Exception=580392e6-ba49-4280-ac67-fcd6f2180121,Descr='src\vrsbase\src\vresourceinfobaseimpl.cpp(1114):
580392e6-ba49-4280-ac67-fcd6f2180121: Неспецифицированная ошибка работы с ресурсом
Ошибка при выполнении запроса POST к ресурсу /e1cib/logForm:
afd2b550-0d52-4e03-b448-15ed68d87ac5
0d2200af-1696-4395-91e5-2872675e6d3d: Не удалось провести "Платежное поручение (исходящее) EAP00001912 от 17.04.2020 11:57:26"!'
19:43.344000-0,EXCP,2,process=rphost,p:processName=bi_bk3wk1_prod_01,OSThread=2400,t:clientID=413,t:applicationName=1CV8C,t:computerName=DC2RDSH17,t:connectID=756,SessionID=53694,Usr=Хамитова Айгерим Ерлановна,AppID=1CV8C,Exception=580392e6-ba49-4280-ac67-fcd6f2180121,Descr='src\vrsbase\src\vresourceinfobaseimpl.cpp(1114):
580392e6-ba49-4280-ac67-fcd6f2180121: Неспецифицированная ошибка работы с ресурсом
Ошибка при выполнении запроса POST к ресурсу /e1cib/logForm:
8d366056-4d5a-4d88-a207-0ae535b7d28e: {ОбщийМодуль.ОбщегоНазначенияКлиентСервер.Модуль(338)}: Итератор для значения не определен'
21:34.895002-0,EXCP,2,process=rphost,p:processName=bi_bk3wk1_prod_01,OSThread=6516,t:clientID=538,t:applicationName=1CV8C,t:computerName=DC2RDSH12,t:connectID=908,SessionID=53895,Usr=Таргынов Саян,AppID=1CV8C,Exception=afd2b550-0d52-4e03-b448-15ed68d87ac5,Descr='src\mngbase\logformsrvobjcontrollerbase.h(453):
afd2b550-0d52-4e03-b448-15ed68d87ac5: Недостаточно прав для просмотра',Context=Система.ПолучитьФорму : Документ.КорректировкаДолга.ФормаОбъекта
21:34.895003-0,EXCP,2,process=rphost,p:processName=bi_bk3wk1_prod_01,OSThread=6516,t:clientID=538,t:applicationName=1CV8C,t:computerName=DC2RDSH12,t:connectID=908,SessionID=53895,Usr=Таргынов Саян,AppID=1CV8C,Exception=580392e6-ba49-4280-ac67-fcd6f2180121,Descr='src\vrsbase\src\vresourceinfobaseimpl.cpp(1114):
580392e6-ba49-4280-ac67-fcd6f2180121: Неспецифицированная ошибка работы с ресурсом
Ошибка при выполнении запроса POST к ресурсу /e1cib/logForm:
afd2b550-0d52-4e03-b448-15ed68d87ac5: Недостаточно прав для просмотра'
21:49.660002-0,EXCP,2,process=rphost,p:processName=bi_bk3wk1_prod_01,OSThread=1304,t:clientID=538,t:applicationName=1CV8C,t:computerName=DC2RDSH12,t:connectID=908,SessionID=53895,Usr=Таргынов Саян,AppID=1CV8C,Exception=afd2b550-0d52-4e03-b448-15ed68d87ac5,Descr='src\mngbase\logformsrvobjcontrollerbase.h(453):
afd2b550-0d52-4e03-b448-15ed68d87ac5: Недостаточно прав для просмотра',Context=Система.ПолучитьФорму : Документ.КорректировкаДолга.ФормаОбъекта
21:49.660003-0,EXCP,2,process=rphost,p:processName=bi_bk3wk1_prod_01,OSThread=1304,t:clientID=538,t:applicationName=1CV8C,t:computerName=DC2RDSH12,t:connectID=908,SessionID=53895,Usr=Таргынов Саян,AppID=1CV8C,Exception=580392e6-ba49-4280-ac67-fcd6f2180121,Descr='src\vrsbase\src\vresourceinfobaseimpl.cpp(1114):
580392e6-ba49-4280-ac67-fcd6f2180121: Неспецифицированная ошибка работы с ресурсом
Ошибка при выполнении запроса POST к ресурсу /e1cib/logForm:
afd2b550-0d52-4e03-b448-15ed68d87ac5: Недостаточно прав для просмотра'
22:03.457025-0,EXCP,2,process=rphost,p:processName=bi_bk3wk1_prod_01,OSThread=4536,t:clientID=579,t:applicationName=1CV8C,t:computerName=DC1RDSH05,t:connectID=964,SessionID=53976,Usr=WK1_Галиева_Гульнара_Албакировна,AppID=1CV8C,Exception=afd2b550-0d52-4e03-b448-15ed68d87ac5,Descr='src\basic\src\documentlogformobjcontroller.cpp(884):
afd2b550-0d52-4e03-b448-15ed68d87ac5
0d2200af-1696-4395-91e5-2872675e6d3d: Не удалось провести "Поступление ТМЗ и услуг EAP00000330 от 01.04.2020 10:00:00"!',Context=Форма.Записать : Документ.ПоступлениеТоваровУслуг.Форма.ФормаДокумента
22:03.520000-0,EXCP,2,process=rphost,p:processName=bi_bk3wk1_prod_01,OSThread=4536,t:clientID=579,t:applicationName=1CV8C,t:computerName=DC1RDSH05,t:connectID=964,SessionID=53976,Usr=WK1_Галиева_Гульнара_Албакировна,AppID=1CV8C,Exception=580392e6-ba49-4280-ac67-fcd6f2180121,Descr='src\vrsbase\src\vresourceinfobaseimpl.cpp(1114):
580392e6-ba49-4280-ac67-fcd6f2180121: Неспецифицированная ошибка работы с ресурсом
Ошибка при выполнении запроса POST к ресурсу /e1cib/logForm:
afd2b550-0d52-4e03-b448-15ed68d87ac5
0d2200af-1696-4395-91e5-2872675e6d3d: Не удалось провести "Поступление ТМЗ и услуг EAP00000330 от 01.04.2020 10:00:00"!'
22:35.637000-0,QERR,2,process=rphost,p:processName=bi_bk3wk1_prod_01,OSThread=1304,t:clientID=579,t:applicationName=1CV8C,t:computerName=DC1RDSH05,t:connectID=964,SessionID=53976,Usr=WK1_Галиева_Гульнара_Албакировна,AppID=1CV8C,Descr='{(14, 31)}: Не задано значение параметра "Ссылка"
ЗаявкаНаЗакупТовары.Ссылка = <<?>>&Ссылка',Query='ВЫБРАТЬ РАЗРЕШЕННЫЕ
	ЗаявкаНаЗакупТовары.НомерСтроки КАК НомерСтроки,
	ЗаявкаНаЗакупТовары.Номенклатура КАК Номенклатура,
	ЗаявкаНаЗакупТовары.ТехническаяСпецификация КАК ТехническаяСпецификация,
	ЗаявкаНаЗакупТовары.ДатаПоставки КАК ДатаПоставки,
	ЗаявкаНаЗакупТовары.ЕдИз КАК ЕдИз,
	ЗаявкаНаЗакупТовары.НелеквидыПоОрганизации КАК НелеквидыПоОрганизации,
	ЗаявкаНаЗакупТовары.Количество КАК Количество,
	ЗаявкаНаЗакупТовары.ПроверкаНелеквида КАК ПроверкаНелеквида,
	ЗаявкаНаЗакупТовары.ПолноеНаименование КАК ПолноеНаименование
ИЗ
	Документ.ЗаявкаНаЗакуп.Товары КАК ЗаявкаНаЗакупТовары
ГДЕ
	ЗаявкаНаЗакупТовары.Ссылка = &Ссылка',Context=Система.ПолучитьФорму : Документ.ЗаявкаНаЗакуп.ФормаВыбора
37:16.541011-0,EXCP,2,process=rphost,p:processName=bi_bk3wk1_prod_01,OSThread=5388,t:clientID=665,t:applicationName=1CV8C,t:computerName=DC2RDSH29,t:connectID=1050,SessionID=54100,Usr=Совцова Балжан Есимовна,AppID=1CV8C,Exception=afd2b550-0d52-4e03-b448-15ed68d87ac5,Descr='src\basic\src\documentlogformobjcontroller.cpp(884):
afd2b550-0d52-4e03-b448-15ed68d87ac5
0d2200af-1696-4395-91e5-2872675e6d3d: Ошибка при выполнении обработчика - ''ОбработкаПроведения''
8d366056-4d5a-4d88-a207-0ae535b7d28e: {ОбщийМодуль.BI_ОбщийМодульСервер.Модуль(1959)}: Ошибка при вызове метода контекста (Записать)
f08d92f8-9eb2-4e19-9dd9-977d907cec2d
0d2200af-1696-4395-91e5-2872675e6d3d: Не удалось записать: "Журнал проводок (бухгалтерский учет)"!',Context=Форма.Записать : Документ.ПлатежноеПоручениеВходящее.Форма.ФормаДокумента
37:16.588000-0,EXCP,2,process=rphost,p:processName=bi_bk3wk1_prod_01,OSThread=5388,t:clientID=665,t:applicationName=1CV8C,t:computerName=DC2RDSH29,t:connectID=1050,SessionID=54100,Usr=Совцова Балжан Есимовна,AppID=1CV8C,Exception=580392e6-ba49-4280-ac67-fcd6f2180121,Descr='src\vrsbase\src\vresourceinfobaseimpl.cpp(1114):
580392e6-ba49-4280-ac67-fcd6f2180121: Неспецифицированная ошибка работы с ресурсом
Ошибка при выполнении запроса POST к ресурсу /e1cib/logForm:
afd2b550-0d52-4e03-b448-15ed68d87ac5
0d2200af-1696-4395-91e5-2872675e6d3d: Ошибка при выполнении обработчика - ''ОбработкаПроведения''
8d366056-4d5a-4d88-a207-0ae535b7d28e: {ОбщийМодуль.BI_ОбщийМодульСервер.Модуль(1959)}: Ошибка при вызове метода контекста (Записать)
f08d92f8-9eb2-4e19-9dd9-977d907cec2d
0d2200af-1696-4395-91e5-2872675e6d3d: Не удалось записать: "Журнал проводок (бухгалтерский учет)"!'
39:35.169013-0,EXCP,2,process=rphost,p:processName=bi_bk3wk1_prod_01,OSThread=6956,t:clientID=665,t:applicationName=1CV8C,t:computerName=DC2RDSH29,t:connectID=1050,SessionID=54100,Usr=Совцова Балжан Есимовна,AppID=1CV8C,Exception=afd2b550-0d52-4e03-b448-15ed68d87ac5,Descr='src\basic\src\documentlogformobjcontroller.cpp(884):
afd2b550-0d52-4e03-b448-15ed68d87ac5
0d2200af-1696-4395-91e5-2872675e6d3d: Не удалось записать: "Журнал проводок (бухгалтерский учет)"!',Context=Форма.Записать : Документ.ПлатежноеПоручениеИсходящее.Форма.ФормаДокумента
39:35.232000-0,EXCP,2,process=rphost,p:processName=bi_bk3wk1_prod_01,OSThread=6956,t:clientID=665,t:applicationName=1CV8C,t:computerName=DC2RDSH29,t:connectID=1050,SessionID=54100,Usr=Совцова Балжан Есимовна,AppID=1CV8C,Exception=580392e6-ba49-4280-ac67-fcd6f2180121,Descr='src\vrsbase\src\vresourceinfobaseimpl.cpp(1114):
580392e6-ba49-4280-ac67-fcd6f2180121: Неспецифицированная ошибка работы с ресурсом
Ошибка при выполнении запроса POST к ресурсу /e1cib/logForm:
afd2b550-0d52-4e03-b448-15ed68d87ac5
0d2200af-1696-4395-91e5-2872675e6d3d: Не удалось записать: "Журнал проводок (бухгалтерский учет)"!'
40:54.016009-0,EXCP,2,process=rphost,p:processName=bi_bk3wk1_prod_01,OSThread=532,t:clientID=674,t:applicationName=1CV8C,t:computerName=DC3RDSH12,t:connectID=1086,SessionID=54139,Usr=WK1_Есенбаева_Дана_Исаханкызы,AppID=1CV8C,Exception=afd2b550-0d52-4e03-b448-15ed68d87ac5,Descr='src\basic\src\documentlogformobjcontroller.cpp(884):
afd2b550-0d52-4e03-b448-15ed68d87ac5
86be1460-6a02-4504-a568-1057603ca7e9: Запись не верна! Значение поля "Номер строки заявки" не может быть пустым! (Регистр накопления: Денежные средства к выплате; Номер строки: 1)',Context=Форма.Записать : Документ.ПлатежноеПоручениеИсходящее.Форма.ФормаДокумента
40:54.063000-0,EXCP,2,process=rphost,p:processName=bi_bk3wk1_prod_01,OSThread=532,t:clientID=674,t:applicationName=1CV8C,t:computerName=DC3RDSH12,t:connectID=1086,SessionID=54139,Usr=WK1_Есенбаева_Дана_Исаханкызы,AppID=1CV8C,Exception=580392e6-ba49-4280-ac67-fcd6f2180121,Descr='src\vrsbase\src\vresourceinfobaseimpl.cpp(1114):
580392e6-ba49-4280-ac67-fcd6f2180121: Неспецифицированная ошибка работы с ресурсом
Ошибка при выполнении запроса POST к ресурсу /e1cib/logForm:
afd2b550-0d52-4e03-b448-15ed68d87ac5
86be1460-6a02-4504-a568-1057603ca7e9: Запись не верна! Значение поля "Номер строки заявки" не может быть пустым! (Регистр накопления: Денежные средства к выплате; Номер строки: 1)'
42:21.113009-0,EXCP,3,process=rphost,p:processName=bi_bk3wk1_prod_01,OSThread=6956,t:clientID=579,t:applicationName=1CV8C,t:computerName=DC1RDSH05,t:connectID=964,SessionID=53976,Usr=WK1_Галиева_Гульнара_Албакировна,AppID=1CV8C,DBMS=DBMSSQL,DataBase=DC1BUHDB01\bi_bk3wk1_prod_01,Exception=DataBaseException,Descr='Не удалось заблокировать запись. Действие (изменение, удаление или блокировка записи) не выполнено.
Ошибка блокировки объекта. Объект уже заблокирован:
компьютер: DC1RDSH05, пользователь: WK1_Галиева_Гульнара_Албакировна, сеанс: 53976, начат: 17.04.2020 в 15:41:38, приложение: Тонкий клиент',Context=Данные.ОтменитьПроведение
42:21.113011-0,EXCP,2,process=rphost,p:processName=bi_bk3wk1_prod_01,OSThread=6956,t:clientID=579,t:applicationName=1CV8C,t:computerName=DC1RDSH05,t:connectID=964,SessionID=53976,Usr=WK1_Галиева_Гульнара_Албакировна,AppID=1CV8C,Exception=580392e6-ba49-4280-ac67-fcd6f2180121,Descr='src\vrsbase\src\vresourceinfobaseimpl.cpp(1114):
580392e6-ba49-4280-ac67-fcd6f2180121: Неспецифицированная ошибка работы с ресурсом
Ошибка при выполнении запроса POST к ресурсу /e1cib/misc:
eece8795-ccc9-4865-8779-0482cfe4a31e: Ошибка при выполнении запроса. Не удалось заблокировать запись. Действие (изменение, удаление или блокировка записи) не выполнено.
Ошибка блокировки объекта. Объект уже заблокирован:
компьютер: DC1RDSH05, пользователь: WK1_Галиева_Гульнара_Албакировна, сеанс: 53976, начат: 17.04.2020 в 15:41:38, приложение: Тонкий клиент
dc31263e-ecbf-41bd-9b3a-7b55897d5fd6: Не удалось заблокировать запись. Действие (изменение, удаление или блокировка записи) не выполнено.
Ошибка блокировки объекта. Объект уже заблокирован:
компьютер: DC1RDSH05, пользователь: WK1_Галиева_Гульнара_Албакировна, сеанс: 53976, начат: 17.04.2020 в 15:41:38, приложение: Тонкий клиент'
51:40.794015-0,EXCP,2,process=rphost,p:processName=bi_bk3wk1_prod_01,OSThread=4688,t:clientID=552,t:applicationName=1CV8C,t:computerName=DC3RDSH06,t:connectID=937,SessionID=53939,Usr=Мукашева Айнур Абугалиевна,AppID=1CV8C,Exception=afd2b550-0d52-4e03-b448-15ed68d87ac5,Descr='src\basic\src\documentlogformobjcontroller.cpp(884):
afd2b550-0d52-4e03-b448-15ed68d87ac5
0d2200af-1696-4395-91e5-2872675e6d3d: Не удалось провести "Поступление ТМЗ и услуг UC300002124 от 01.04.2020 10:00:00"!',Context=Форма.Записать : Документ.ПоступлениеТоваровУслуг.Форма.ФормаДокумента
51:40.857000-0,EXCP,2,process=rphost,p:processName=bi_bk3wk1_prod_01,OSThread=4688,t:clientID=552,t:applicationName=1CV8C,t:computerName=DC3RDSH06,t:connectID=937,SessionID=53939,Usr=Мукашева Айнур Абугалиевна,AppID=1CV8C,Exception=580392e6-ba49-4280-ac67-fcd6f2180121,Descr='src\vrsbase\src\vresourceinfobaseimpl.cpp(1114):
580392e6-ba49-4280-ac67-fcd6f2180121: Неспецифицированная ошибка работы с ресурсом
Ошибка при выполнении запроса POST к ресурсу /e1cib/logForm:
afd2b550-0d52-4e03-b448-15ed68d87ac5
0d2200af-1696-4395-91e5-2872675e6d3d: Не удалось провести "Поступление ТМЗ и услуг UC300002124 от 01.04.2020 10:00:00"!'
51:53.872002-0,QERR,2,process=rphost,p:processName=bi_bk3wk1_prod_01,OSThread=7516,t:clientID=552,t:applicationName=1CV8C,t:computerName=DC3RDSH06,t:connectID=937,SessionID=53939,Usr=Мукашева Айнур Абугалиевна,AppID=1CV8C,Descr='{(16, 31)}: Не задано значение параметра "Ссылка"
ЗаявкаНаЗакупТовары.Ссылка = <<?>>&Ссылка',Query='ВЫБРАТЬ РАЗРЕШЕННЫЕ
	ЗаявкаНаЗакупТовары.НомерСтроки КАК НомерСтроки,
	ЗаявкаНаЗакупТовары.Номенклатура КАК Номенклатура,
	ЗаявкаНаЗакупТовары.ТехническаяСпецификация КАК ТехническаяСпецификация,
	ЗаявкаНаЗакупТовары.ДатаПоставки КАК ДатаПоставки,
	ЗаявкаНаЗакупТовары.ЕдИз КАК ЕдИз,
	ЗаявкаНаЗакупТовары.НелеквидыПоОрганизации КАК НелеквидыПоОрганизации,
	ЗаявкаНаЗакупТовары.Количество КАК Количество,
	ЗаявкаНаЗакупТовары.ПроверкаНелеквида КАК ПроверкаНелеквида,
	ЗаявкаНаЗакупТовары.ПолноеНаименование КАК ПолноеНаименование,
	ЕСТЬNULL(ЗаявкаНаЗакупТовары.Номенклатура.Наименование, &П) КАК Поле1,
	ЗаявкаНаЗакупТовары.Номенклатура КАК Номенклатура1
ИЗ
	Документ.ЗаявкаНаЗакуп.Товары КАК ЗаявкаНаЗакупТовары
ГДЕ
	ЗаявкаНаЗакупТовары.Ссылка = &Ссылка

УПОРЯДОЧИТЬ ПО
	Поле1 УБЫВ,
	Номенклатура1 УБЫВ',Context=Система.ПолучитьФорму : Документ.ЗаявкаНаЗакуп.ФормаВыбора
