04:20.000015-0,ADMIN,2,process=rphost,p:processName=ServerJobExecutorContext,OSThread=7512,t:clientID=1409,t:applicationName=JobScheduler,t:computerName=DC2BUHAPP11,Func=killClient,ClusterID=8aa94e2b-5d54-4b86-800b-79353ce39638,ConnectionID=5f3e176c-f275-4b49-9278-d8427919d610,Mode=0,Ref=bi_bk3wk1_prod_01(bi_bk3wk1_prod_01),Host=DC2BUHAPP11,Connection=9410,Administrator=Unknown,Result=Success
04:20.188014-0,EXCP,3,process=rphost,p:processName=bi_bk3wk1_prod_01,OSThread=532,t:clientID=1452,t:applicationName=BackgroundJob,t:computerName=DC2BUHAPP11,t:connectID=9410,SessionID=63884,Usr=Турсынбекова Дана Кияковна,Exception=SeanceContextException,Descr='Сеанс отсутствует или удален
ID=61a5554b-d576-432f-a885-43c066e0f114, File=d:\jenkins\ci_builder2\windowsbuild2\platform\src\rserver\src\clusterdistribimpl.cpp(1439)'
04:20.188016-0,EXCP,2,process=rphost,p:processName=bi_bk3wk1_prod_01,OSThread=532,t:clientID=1452,t:applicationName=BackgroundJob,t:computerName=DC2BUHAPP11,t:connectID=9410,SessionID=63884,Usr=Турсынбекова Дана Кияковна,Exception=60c686dc-798f-4d17-aadb-a90156a16eb8,Descr='src\rserver\src\rmngrcalls.cpp(476):
60c686dc-798f-4d17-aadb-a90156a16eb8: Сеанс отсутствует или удален
ID=61a5554b-d576-432f-a885-43c066e0f114, File=d:\jenkins\ci_builder2\windowsbuild2\platform\src\rserver\src\clusterdistribimpl.cpp(1439)'
04:20.391000-0,EXCP,2,process=rphost,p:processName=bi_bk3wk1_prod_01,OSThread=532,t:clientID=1452,t:applicationName=BackgroundJob,t:computerName=DC2BUHAPP11,t:connectID=9410,SessionID=63884,Usr=Турсынбекова Дана Кияковна,Exception=SeanceContextException,Descr='Сеанс отсутствует или удален
ID=61a5554b-d576-432f-a885-43c066e0f114, File=d:\jenkins\ci_builder2\windowsbuild2\platform\src\rserver\src\rmngrcalls.cpp(364)'
04:20.391001-0,EXCP,2,process=rphost,p:processName=bi_bk3wk1_prod_01,OSThread=532,t:clientID=1452,t:applicationName=BackgroundJob,t:computerName=DC2BUHAPP11,t:connectID=9410,SessionID=63884,Usr=Турсынбекова Дана Кияковна,Exception=60c686dc-798f-4d17-aadb-a90156a16eb8,Descr='src\rserver\src\serverjobexecutor.cpp(1095):
60c686dc-798f-4d17-aadb-a90156a16eb8: Сеанс отсутствует или удален
ID=61a5554b-d576-432f-a885-43c066e0f114, File=d:\jenkins\ci_builder2\windowsbuild2\platform\src\rserver\src\rmngrcalls.cpp(364)'
04:20.391003-0,EXCP,3,process=rphost,p:processName=bi_bk3wk1_prod_01,OSThread=532,t:clientID=1452,t:applicationName=BackgroundJob,t:computerName=DC2BUHAPP11,t:connectID=9410,SessionID=63884,Usr=Турсынбекова Дана Кияковна,Exception=SeanceContextException,Descr='Сеанс отсутствует или удален
ID=61a5554b-d576-432f-a885-43c066e0f114, File=d:\jenkins\ci_builder2\windowsbuild2\platform\src\rserver\src\clusterdistribimpl.cpp(1439)'
04:20.391005-0,EXCP,2,process=rphost,p:processName=bi_bk3wk1_prod_01,OSThread=532,t:clientID=1452,t:applicationName=BackgroundJob,t:computerName=DC2BUHAPP11,t:connectID=9410,SessionID=63884,Usr=Турсынбекова Дана Кияковна,Exception=60c686dc-798f-4d17-aadb-a90156a16eb8,Descr='src\rserver\src\rmngrcalls.cpp(476):
60c686dc-798f-4d17-aadb-a90156a16eb8: Сеанс отсутствует или удален
ID=61a5554b-d576-432f-a885-43c066e0f114, File=d:\jenkins\ci_builder2\windowsbuild2\platform\src\rserver\src\clusterdistribimpl.cpp(1439)'
04:20.438019-0,ADMIN,2,process=rphost,p:processName=ServerJobExecutorContext,OSThread=7512,t:clientID=1409,t:applicationName=JobScheduler,t:computerName=DC2BUHAPP11,Func=killClient,ClusterID=8aa94e2b-5d54-4b86-800b-79353ce39638,ConnectionID=02c569ff-3aa1-44a4-92ce-043bea56a495,Mode=0,Ref=bi_bk3wk1_prod_01(bi_bk3wk1_prod_01),Host=DC2BUHAPP11,Connection=9411,Administrator=Unknown,Result=Success
04:20.594000-0,EXCP,2,process=rphost,p:processName=bi_bk3wk1_prod_01,OSThread=532,t:clientID=1452,t:applicationName=BackgroundJob,t:computerName=DC2BUHAPP11,t:connectID=9410,SessionID=63884,Usr=Турсынбекова Дана Кияковна,Exception=SeanceContextException,Descr='Сеанс отсутствует или удален
ID=61a5554b-d576-432f-a885-43c066e0f114, File=d:\jenkins\ci_builder2\windowsbuild2\platform\src\rserver\src\rmngrcalls.cpp(364)'
04:21.563010-0,EXCP,3,process=rphost,p:processName=bi_bk3wk1_prod_01,OSThread=4760,t:clientID=1453,t:applicationName=BackgroundJob,t:computerName=DC2BUHAPP11,t:connectID=9411,SessionID=63885,Usr=Турсынбекова Дана Кияковна,Exception=SeanceContextException,Descr='Сеанс отсутствует или удален
ID=85f944ef-2504-4658-881b-e447a29b3255, File=d:\jenkins\ci_builder2\windowsbuild2\platform\src\rserver\src\clusterdistribimpl.cpp(1439)'
04:21.563012-0,EXCP,2,process=rphost,p:processName=bi_bk3wk1_prod_01,OSThread=4760,t:clientID=1453,t:applicationName=BackgroundJob,t:computerName=DC2BUHAPP11,t:connectID=9411,SessionID=63885,Usr=Турсынбекова Дана Кияковна,Exception=60c686dc-798f-4d17-aadb-a90156a16eb8,Descr='src\rserver\src\rmngrcalls.cpp(476):
60c686dc-798f-4d17-aadb-a90156a16eb8: Сеанс отсутствует или удален
ID=85f944ef-2504-4658-881b-e447a29b3255, File=d:\jenkins\ci_builder2\windowsbuild2\platform\src\rserver\src\clusterdistribimpl.cpp(1439)'
04:21.766000-0,EXCP,2,process=rphost,p:processName=bi_bk3wk1_prod_01,OSThread=4760,t:clientID=1453,t:applicationName=BackgroundJob,t:computerName=DC2BUHAPP11,t:connectID=9411,SessionID=63885,Usr=Турсынбекова Дана Кияковна,Exception=SeanceContextException,Descr='Сеанс отсутствует или удален
ID=85f944ef-2504-4658-881b-e447a29b3255, File=d:\jenkins\ci_builder2\windowsbuild2\platform\src\rserver\src\rmngrcalls.cpp(364)'
04:21.766001-0,EXCP,2,process=rphost,p:processName=bi_bk3wk1_prod_01,OSThread=4760,t:clientID=1453,t:applicationName=BackgroundJob,t:computerName=DC2BUHAPP11,t:connectID=9411,SessionID=63885,Usr=Турсынбекова Дана Кияковна,Exception=60c686dc-798f-4d17-aadb-a90156a16eb8,Descr='src\rserver\src\serverjobexecutor.cpp(1095):
60c686dc-798f-4d17-aadb-a90156a16eb8: Сеанс отсутствует или удален
ID=85f944ef-2504-4658-881b-e447a29b3255, File=d:\jenkins\ci_builder2\windowsbuild2\platform\src\rserver\src\rmngrcalls.cpp(364)'
04:21.766003-0,EXCP,3,process=rphost,p:processName=bi_bk3wk1_prod_01,OSThread=4760,t:clientID=1453,t:applicationName=BackgroundJob,t:computerName=DC2BUHAPP11,t:connectID=9411,SessionID=63885,Usr=Турсынбекова Дана Кияковна,Exception=SeanceContextException,Descr='Сеанс отсутствует или удален
ID=85f944ef-2504-4658-881b-e447a29b3255, File=d:\jenkins\ci_builder2\windowsbuild2\platform\src\rserver\src\clusterdistribimpl.cpp(1439)'
04:21.766005-0,EXCP,2,process=rphost,p:processName=bi_bk3wk1_prod_01,OSThread=4760,t:clientID=1453,t:applicationName=BackgroundJob,t:computerName=DC2BUHAPP11,t:connectID=9411,SessionID=63885,Usr=Турсынбекова Дана Кияковна,Exception=60c686dc-798f-4d17-aadb-a90156a16eb8,Descr='src\rserver\src\rmngrcalls.cpp(476):
60c686dc-798f-4d17-aadb-a90156a16eb8: Сеанс отсутствует или удален
ID=85f944ef-2504-4658-881b-e447a29b3255, File=d:\jenkins\ci_builder2\windowsbuild2\platform\src\rserver\src\clusterdistribimpl.cpp(1439)'
04:21.813006-0,EXCP,2,process=rphost,p:processName=bi_bk3wk1_prod_01,OSThread=4760,t:clientID=1453,t:applicationName=BackgroundJob,t:computerName=DC2BUHAPP11,t:connectID=9411,SessionID=63885,Usr=Турсынбекова Дана Кияковна,Exception=SeanceContextException,Descr='Сеанс отсутствует или удален
ID=85f944ef-2504-4658-881b-e447a29b3255, File=d:\jenkins\ci_builder2\windowsbuild2\platform\src\rserver\src\rmngrcalls.cpp(364)'
04:22.000015-0,ADMIN,2,process=rphost,p:processName=ServerJobExecutorContext,OSThread=7512,t:clientID=1409,t:applicationName=JobScheduler,t:computerName=DC2BUHAPP11,Func=killClient,ClusterID=8aa94e2b-5d54-4b86-800b-79353ce39638,ConnectionID=d84dcb06-e3c3-4222-a025-eb62e5f60ab4,Mode=0,Ref=bi_bk3wk1_prod_01(bi_bk3wk1_prod_01),Host=DC2BUHAPP11,Connection=9412,Administrator=Unknown,Result=Success
04:22.016008-0,EXCP,3,process=rphost,p:processName=bi_bk3wk1_prod_01,OSThread=6496,t:clientID=1454,t:applicationName=BackgroundJob,t:computerName=DC2BUHAPP11,t:connectID=9412,SessionID=63886,Usr=Турсынбекова Дана Кияковна,Exception=SeanceContextException,Descr='Сеанс отсутствует или удален
ID=9b560be8-53d4-4f48-a203-921a5fb9054d, File=d:\jenkins\ci_builder2\windowsbuild2\platform\src\rserver\src\clusterdistribimpl.cpp(1439)'
04:22.016010-0,EXCP,2,process=rphost,p:processName=bi_bk3wk1_prod_01,OSThread=6496,t:clientID=1454,t:applicationName=BackgroundJob,t:computerName=DC2BUHAPP11,t:connectID=9412,SessionID=63886,Usr=Турсынбекова Дана Кияковна,Exception=60c686dc-798f-4d17-aadb-a90156a16eb8,Descr='src\rserver\src\rmngrcalls.cpp(476):
60c686dc-798f-4d17-aadb-a90156a16eb8: Сеанс отсутствует или удален
ID=9b560be8-53d4-4f48-a203-921a5fb9054d, File=d:\jenkins\ci_builder2\windowsbuild2\platform\src\rserver\src\clusterdistribimpl.cpp(1439)'
04:22.219000-0,EXCP,2,process=rphost,p:processName=bi_bk3wk1_prod_01,OSThread=6496,t:clientID=1454,t:applicationName=BackgroundJob,t:computerName=DC2BUHAPP11,t:connectID=9412,SessionID=63886,Usr=Турсынбекова Дана Кияковна,Exception=SeanceContextException,Descr='Сеанс отсутствует или удален
ID=9b560be8-53d4-4f48-a203-921a5fb9054d, File=d:\jenkins\ci_builder2\windowsbuild2\platform\src\rserver\src\rmngrcalls.cpp(364)'
04:22.219001-0,EXCP,2,process=rphost,p:processName=bi_bk3wk1_prod_01,OSThread=6496,t:clientID=1454,t:applicationName=BackgroundJob,t:computerName=DC2BUHAPP11,t:connectID=9412,SessionID=63886,Usr=Турсынбекова Дана Кияковна,Exception=60c686dc-798f-4d17-aadb-a90156a16eb8,Descr='src\rserver\src\serverjobexecutor.cpp(1095):
60c686dc-798f-4d17-aadb-a90156a16eb8: Сеанс отсутствует или удален
ID=9b560be8-53d4-4f48-a203-921a5fb9054d, File=d:\jenkins\ci_builder2\windowsbuild2\platform\src\rserver\src\rmngrcalls.cpp(364)'
04:22.219004-0,EXCP,3,process=rphost,p:processName=bi_bk3wk1_prod_01,OSThread=6496,t:clientID=1454,t:applicationName=BackgroundJob,t:computerName=DC2BUHAPP11,t:connectID=9412,SessionID=63886,Usr=Турсынбекова Дана Кияковна,Exception=SeanceContextException,Descr='Сеанс отсутствует или удален
ID=9b560be8-53d4-4f48-a203-921a5fb9054d, File=d:\jenkins\ci_builder2\windowsbuild2\platform\src\rserver\src\clusterdistribimpl.cpp(1439)'
04:22.219006-0,EXCP,2,process=rphost,p:processName=bi_bk3wk1_prod_01,OSThread=6496,t:clientID=1454,t:applicationName=BackgroundJob,t:computerName=DC2BUHAPP11,t:connectID=9412,SessionID=63886,Usr=Турсынбекова Дана Кияковна,Exception=60c686dc-798f-4d17-aadb-a90156a16eb8,Descr='src\rserver\src\rmngrcalls.cpp(476):
60c686dc-798f-4d17-aadb-a90156a16eb8: Сеанс отсутствует или удален
ID=9b560be8-53d4-4f48-a203-921a5fb9054d, File=d:\jenkins\ci_builder2\windowsbuild2\platform\src\rserver\src\clusterdistribimpl.cpp(1439)'
04:22.422000-0,EXCP,2,process=rphost,p:processName=bi_bk3wk1_prod_01,OSThread=6496,t:clientID=1454,t:applicationName=BackgroundJob,t:computerName=DC2BUHAPP11,t:connectID=9412,SessionID=63886,Usr=Турсынбекова Дана Кияковна,Exception=SeanceContextException,Descr='Сеанс отсутствует или удален
ID=9b560be8-53d4-4f48-a203-921a5fb9054d, File=d:\jenkins\ci_builder2\windowsbuild2\platform\src\rserver\src\rmngrcalls.cpp(364)'
04:26.485015-0,ADMIN,2,process=rphost,p:processName=ServerJobExecutorContext,OSThread=7512,t:clientID=1409,t:applicationName=JobScheduler,t:computerName=DC2BUHAPP11,Func=killClient,ClusterID=8aa94e2b-5d54-4b86-800b-79353ce39638,ConnectionID=aad8058d-f904-4fdb-99e2-2e598f5ee6f0,Mode=0,Ref=bi_bk3wk1_prod_01(bi_bk3wk1_prod_01),Host=DC2BUHAPP11,Connection=9416,Administrator=Unknown,Result=Success
04:26.844008-0,EXCP,3,process=rphost,p:processName=bi_bk3wk1_prod_01,OSThread=532,t:clientID=1455,t:applicationName=BackgroundJob,t:computerName=DC2BUHAPP11,t:connectID=9416,SessionID=63890,Usr=Турсынбекова Дана Кияковна,Exception=SeanceContextException,Descr='Сеанс отсутствует или удален
ID=2527047d-3d6f-40da-8ec0-82044fd419bf, File=d:\jenkins\ci_builder2\windowsbuild2\platform\src\rserver\src\clusterdistribimpl.cpp(1439)'
04:26.844010-0,EXCP,2,process=rphost,p:processName=bi_bk3wk1_prod_01,OSThread=532,t:clientID=1455,t:applicationName=BackgroundJob,t:computerName=DC2BUHAPP11,t:connectID=9416,SessionID=63890,Usr=Турсынбекова Дана Кияковна,Exception=60c686dc-798f-4d17-aadb-a90156a16eb8,Descr='src\rserver\src\rmngrcalls.cpp(476):
60c686dc-798f-4d17-aadb-a90156a16eb8: Сеанс отсутствует или удален
ID=2527047d-3d6f-40da-8ec0-82044fd419bf, File=d:\jenkins\ci_builder2\windowsbuild2\platform\src\rserver\src\clusterdistribimpl.cpp(1439)'
04:26.891006-0,EXCP,2,process=rphost,p:processName=bi_bk3wk1_prod_01,OSThread=532,t:clientID=1455,t:applicationName=BackgroundJob,t:computerName=DC2BUHAPP11,t:connectID=9416,SessionID=63890,Usr=Турсынбекова Дана Кияковна,Exception=SeanceContextException,Descr='Сеанс отсутствует или удален
ID=2527047d-3d6f-40da-8ec0-82044fd419bf, File=d:\jenkins\ci_builder2\windowsbuild2\platform\src\rserver\src\rmngrcalls.cpp(364)'
04:26.891007-0,EXCP,2,process=rphost,p:processName=bi_bk3wk1_prod_01,OSThread=532,t:clientID=1455,t:applicationName=BackgroundJob,t:computerName=DC2BUHAPP11,t:connectID=9416,SessionID=63890,Usr=Турсынбекова Дана Кияковна,Exception=60c686dc-798f-4d17-aadb-a90156a16eb8,Descr='src\rserver\src\serverjobexecutor.cpp(1095):
60c686dc-798f-4d17-aadb-a90156a16eb8: Сеанс отсутствует или удален
ID=2527047d-3d6f-40da-8ec0-82044fd419bf, File=d:\jenkins\ci_builder2\windowsbuild2\platform\src\rserver\src\rmngrcalls.cpp(364)'
04:26.891009-0,EXCP,3,process=rphost,p:processName=bi_bk3wk1_prod_01,OSThread=532,t:clientID=1455,t:applicationName=BackgroundJob,t:computerName=DC2BUHAPP11,t:connectID=9416,SessionID=63890,Usr=Турсынбекова Дана Кияковна,Exception=SeanceContextException,Descr='Сеанс отсутствует или удален
ID=2527047d-3d6f-40da-8ec0-82044fd419bf, File=d:\jenkins\ci_builder2\windowsbuild2\platform\src\rserver\src\clusterdistribimpl.cpp(1439)'
04:26.891011-0,EXCP,2,process=rphost,p:processName=bi_bk3wk1_prod_01,OSThread=532,t:clientID=1455,t:applicationName=BackgroundJob,t:computerName=DC2BUHAPP11,t:connectID=9416,SessionID=63890,Usr=Турсынбекова Дана Кияковна,Exception=60c686dc-798f-4d17-aadb-a90156a16eb8,Descr='src\rserver\src\rmngrcalls.cpp(476):
60c686dc-798f-4d17-aadb-a90156a16eb8: Сеанс отсутствует или удален
ID=2527047d-3d6f-40da-8ec0-82044fd419bf, File=d:\jenkins\ci_builder2\windowsbuild2\platform\src\rserver\src\clusterdistribimpl.cpp(1439)'
04:26.922015-0,ADMIN,2,process=rphost,p:processName=ServerJobExecutorContext,OSThread=7512,t:clientID=1409,t:applicationName=JobScheduler,t:computerName=DC2BUHAPP11,Func=killClient,ClusterID=8aa94e2b-5d54-4b86-800b-79353ce39638,ConnectionID=9696c4c1-2b8d-4b15-9be6-4fa602f1ba8b,Mode=0,Ref=bi_bk3wk1_prod_01(bi_bk3wk1_prod_01),Host=DC2BUHAPP11,Connection=9418,Administrator=Unknown,Result=Success
04:27.094000-0,EXCP,2,process=rphost,p:processName=bi_bk3wk1_prod_01,OSThread=532,t:clientID=1455,t:applicationName=BackgroundJob,t:computerName=DC2BUHAPP11,t:connectID=9416,SessionID=63890,Usr=Турсынбекова Дана Кияковна,Exception=SeanceContextException,Descr='Сеанс отсутствует или удален
ID=2527047d-3d6f-40da-8ec0-82044fd419bf, File=d:\jenkins\ci_builder2\windowsbuild2\platform\src\rserver\src\rmngrcalls.cpp(364)'
04:27.750005-0,EXCP,3,process=rphost,p:processName=bi_bk3wk1_prod_01,OSThread=4760,t:clientID=1456,t:applicationName=BackgroundJob,t:computerName=DC2BUHAPP11,t:connectID=9418,SessionID=63891,Usr=Турсынбекова Дана Кияковна,Exception=SeanceContextException,Descr='Сеанс отсутствует или удален
ID=4c16014c-4d9b-42df-bc9c-05e269ace64f, File=d:\jenkins\ci_builder2\windowsbuild2\platform\src\rserver\src\clusterdistribimpl.cpp(1439)'
04:27.750007-0,EXCP,2,process=rphost,p:processName=bi_bk3wk1_prod_01,OSThread=4760,t:clientID=1456,t:applicationName=BackgroundJob,t:computerName=DC2BUHAPP11,t:connectID=9418,SessionID=63891,Usr=Турсынбекова Дана Кияковна,Exception=60c686dc-798f-4d17-aadb-a90156a16eb8,Descr='src\rserver\src\rmngrcalls.cpp(476):
60c686dc-798f-4d17-aadb-a90156a16eb8: Сеанс отсутствует или удален
ID=4c16014c-4d9b-42df-bc9c-05e269ace64f, File=d:\jenkins\ci_builder2\windowsbuild2\platform\src\rserver\src\clusterdistribimpl.cpp(1439)'
04:27.906006-0,EXCP,2,process=rphost,p:processName=bi_bk3wk1_prod_01,OSThread=4760,t:clientID=1456,t:applicationName=BackgroundJob,t:computerName=DC2BUHAPP11,t:connectID=9418,SessionID=63891,Usr=Турсынбекова Дана Кияковна,Exception=SeanceContextException,Descr='Сеанс отсутствует или удален
ID=4c16014c-4d9b-42df-bc9c-05e269ace64f, File=d:\jenkins\ci_builder2\windowsbuild2\platform\src\rserver\src\rmngrcalls.cpp(364)'
04:27.906007-0,EXCP,2,process=rphost,p:processName=bi_bk3wk1_prod_01,OSThread=4760,t:clientID=1456,t:applicationName=BackgroundJob,t:computerName=DC2BUHAPP11,t:connectID=9418,SessionID=63891,Usr=Турсынбекова Дана Кияковна,Exception=60c686dc-798f-4d17-aadb-a90156a16eb8,Descr='src\rserver\src\serverjobexecutor.cpp(1095):
60c686dc-798f-4d17-aadb-a90156a16eb8: Сеанс отсутствует или удален
ID=4c16014c-4d9b-42df-bc9c-05e269ace64f, File=d:\jenkins\ci_builder2\windowsbuild2\platform\src\rserver\src\rmngrcalls.cpp(364)'
04:27.906009-0,EXCP,3,process=rphost,p:processName=bi_bk3wk1_prod_01,OSThread=4760,t:clientID=1456,t:applicationName=BackgroundJob,t:computerName=DC2BUHAPP11,t:connectID=9418,SessionID=63891,Usr=Турсынбекова Дана Кияковна,Exception=SeanceContextException,Descr='Сеанс отсутствует или удален
ID=4c16014c-4d9b-42df-bc9c-05e269ace64f, File=d:\jenkins\ci_builder2\windowsbuild2\platform\src\rserver\src\clusterdistribimpl.cpp(1439)'
04:27.906011-0,EXCP,2,process=rphost,p:processName=bi_bk3wk1_prod_01,OSThread=4760,t:clientID=1456,t:applicationName=BackgroundJob,t:computerName=DC2BUHAPP11,t:connectID=9418,SessionID=63891,Usr=Турсынбекова Дана Кияковна,Exception=60c686dc-798f-4d17-aadb-a90156a16eb8,Descr='src\rserver\src\rmngrcalls.cpp(476):
60c686dc-798f-4d17-aadb-a90156a16eb8: Сеанс отсутствует или удален
ID=4c16014c-4d9b-42df-bc9c-05e269ace64f, File=d:\jenkins\ci_builder2\windowsbuild2\platform\src\rserver\src\clusterdistribimpl.cpp(1439)'
04:28.110000-0,EXCP,2,process=rphost,p:processName=bi_bk3wk1_prod_01,OSThread=4760,t:clientID=1456,t:applicationName=BackgroundJob,t:computerName=DC2BUHAPP11,t:connectID=9418,SessionID=63891,Usr=Турсынбекова Дана Кияковна,Exception=SeanceContextException,Descr='Сеанс отсутствует или удален
ID=4c16014c-4d9b-42df-bc9c-05e269ace64f, File=d:\jenkins\ci_builder2\windowsbuild2\platform\src\rserver\src\rmngrcalls.cpp(364)'
05:15.021007-0,ADMIN,2,process=rphost,p:processName=ServerJobExecutorContext,OSThread=7512,t:clientID=1409,t:applicationName=JobScheduler,t:computerName=DC2BUHAPP11,Func=killClient,ClusterID=8aa94e2b-5d54-4b86-800b-79353ce39638,ConnectionID=cd547263-6f52-4733-a416-19fce50dd418,Mode=0,Ref=bi_bk3wk1_prod_01(bi_bk3wk1_prod_01),Host=DC2BUHAPP11,Connection=9422,Administrator=Unknown,Result=Success
05:15.505007-0,ADMIN,2,process=rphost,p:processName=ServerJobExecutorContext,OSThread=7512,t:clientID=1409,t:applicationName=JobScheduler,t:computerName=DC2BUHAPP11,Func=killClient,ClusterID=8aa94e2b-5d54-4b86-800b-79353ce39638,ConnectionID=b7ca029f-b929-45a0-ace1-a029d18f959e,Mode=0,Ref=bi_bk3wk1_prod_01(bi_bk3wk1_prod_01),Host=DC2BUHAPP11,Connection=9423,Administrator=Unknown,Result=Success
05:15.630003-0,EXCP,3,process=rphost,p:processName=bi_bk3wk1_prod_01,OSThread=4760,t:clientID=1458,t:applicationName=BackgroundJob,t:computerName=DC2BUHAPP11,t:connectID=9422,SessionID=63896,Usr=Турсынбекова Дана Кияковна,Exception=SeanceContextException,Descr='Сеанс отсутствует или удален
ID=df8963d5-29dd-4046-b855-9d3ab669a622, File=d:\jenkins\ci_builder2\windowsbuild2\platform\src\rserver\src\clusterdistribimpl.cpp(1439)'
05:15.630006-0,EXCP,2,process=rphost,p:processName=bi_bk3wk1_prod_01,OSThread=4760,t:clientID=1458,t:applicationName=BackgroundJob,t:computerName=DC2BUHAPP11,t:connectID=9422,SessionID=63896,Usr=Турсынбекова Дана Кияковна,Exception=60c686dc-798f-4d17-aadb-a90156a16eb8,Descr='src\rserver\src\rmngrcalls.cpp(476):
60c686dc-798f-4d17-aadb-a90156a16eb8: Сеанс отсутствует или удален
ID=df8963d5-29dd-4046-b855-9d3ab669a622, File=d:\jenkins\ci_builder2\windowsbuild2\platform\src\rserver\src\clusterdistribimpl.cpp(1439)'
05:15.755016-0,EXCP,3,process=rphost,p:processName=bi_bk3wk1_prod_01,OSThread=7516,t:clientID=1459,t:applicationName=BackgroundJob,t:computerName=DC2BUHAPP11,t:connectID=9423,SessionID=63897,Usr=Турсынбекова Дана Кияковна,Exception=SeanceContextException,Descr='Сеанс отсутствует или удален
ID=1ab0f908-c3b9-4bf2-944a-14b874ae0a19, File=d:\jenkins\ci_builder2\windowsbuild2\platform\src\rserver\src\clusterdistribimpl.cpp(1439)'
05:15.755018-0,EXCP,2,process=rphost,p:processName=bi_bk3wk1_prod_01,OSThread=7516,t:clientID=1459,t:applicationName=BackgroundJob,t:computerName=DC2BUHAPP11,t:connectID=9423,SessionID=63897,Usr=Турсынбекова Дана Кияковна,Exception=60c686dc-798f-4d17-aadb-a90156a16eb8,Descr='src\rserver\src\rmngrcalls.cpp(476):
60c686dc-798f-4d17-aadb-a90156a16eb8: Сеанс отсутствует или удален
ID=1ab0f908-c3b9-4bf2-944a-14b874ae0a19, File=d:\jenkins\ci_builder2\windowsbuild2\platform\src\rserver\src\clusterdistribimpl.cpp(1439)'
05:15.833000-0,EXCP,2,process=rphost,p:processName=bi_bk3wk1_prod_01,OSThread=4760,t:clientID=1458,t:applicationName=BackgroundJob,t:computerName=DC2BUHAPP11,t:connectID=9422,SessionID=63896,Usr=Турсынбекова Дана Кияковна,Exception=SeanceContextException,Descr='Сеанс отсутствует или удален
ID=df8963d5-29dd-4046-b855-9d3ab669a622, File=d:\jenkins\ci_builder2\windowsbuild2\platform\src\rserver\src\rmngrcalls.cpp(364)'
05:15.833001-0,EXCP,2,process=rphost,p:processName=bi_bk3wk1_prod_01,OSThread=4760,t:clientID=1458,t:applicationName=BackgroundJob,t:computerName=DC2BUHAPP11,t:connectID=9422,SessionID=63896,Usr=Турсынбекова Дана Кияковна,Exception=60c686dc-798f-4d17-aadb-a90156a16eb8,Descr='src\rserver\src\serverjobexecutor.cpp(1095):
60c686dc-798f-4d17-aadb-a90156a16eb8: Сеанс отсутствует или удален
ID=df8963d5-29dd-4046-b855-9d3ab669a622, File=d:\jenkins\ci_builder2\windowsbuild2\platform\src\rserver\src\rmngrcalls.cpp(364)'
05:15.833003-0,EXCP,3,process=rphost,p:processName=bi_bk3wk1_prod_01,OSThread=4760,t:clientID=1458,t:applicationName=BackgroundJob,t:computerName=DC2BUHAPP11,t:connectID=9422,SessionID=63896,Usr=Турсынбекова Дана Кияковна,Exception=SeanceContextException,Descr='Сеанс отсутствует или удален
ID=df8963d5-29dd-4046-b855-9d3ab669a622, File=d:\jenkins\ci_builder2\windowsbuild2\platform\src\rserver\src\clusterdistribimpl.cpp(1439)'
05:15.833005-0,EXCP,2,process=rphost,p:processName=bi_bk3wk1_prod_01,OSThread=4760,t:clientID=1458,t:applicationName=BackgroundJob,t:computerName=DC2BUHAPP11,t:connectID=9422,SessionID=63896,Usr=Турсынбекова Дана Кияковна,Exception=60c686dc-798f-4d17-aadb-a90156a16eb8,Descr='src\rserver\src\rmngrcalls.cpp(476):
60c686dc-798f-4d17-aadb-a90156a16eb8: Сеанс отсутствует или удален
ID=df8963d5-29dd-4046-b855-9d3ab669a622, File=d:\jenkins\ci_builder2\windowsbuild2\platform\src\rserver\src\clusterdistribimpl.cpp(1439)'
05:15.958000-0,EXCP,2,process=rphost,p:processName=bi_bk3wk1_prod_01,OSThread=7516,t:clientID=1459,t:applicationName=BackgroundJob,t:computerName=DC2BUHAPP11,t:connectID=9423,SessionID=63897,Usr=Турсынбекова Дана Кияковна,Exception=SeanceContextException,Descr='Сеанс отсутствует или удален
ID=1ab0f908-c3b9-4bf2-944a-14b874ae0a19, File=d:\jenkins\ci_builder2\windowsbuild2\platform\src\rserver\src\rmngrcalls.cpp(364)'
05:15.958001-0,EXCP,2,process=rphost,p:processName=bi_bk3wk1_prod_01,OSThread=7516,t:clientID=1459,t:applicationName=BackgroundJob,t:computerName=DC2BUHAPP11,t:connectID=9423,SessionID=63897,Usr=Турсынбекова Дана Кияковна,Exception=60c686dc-798f-4d17-aadb-a90156a16eb8,Descr='src\rserver\src\serverjobexecutor.cpp(1095):
60c686dc-798f-4d17-aadb-a90156a16eb8: Сеанс отсутствует или удален
ID=1ab0f908-c3b9-4bf2-944a-14b874ae0a19, File=d:\jenkins\ci_builder2\windowsbuild2\platform\src\rserver\src\rmngrcalls.cpp(364)'
05:15.958003-0,EXCP,3,process=rphost,p:processName=bi_bk3wk1_prod_01,OSThread=7516,t:clientID=1459,t:applicationName=BackgroundJob,t:computerName=DC2BUHAPP11,t:connectID=9423,SessionID=63897,Usr=Турсынбекова Дана Кияковна,Exception=SeanceContextException,Descr='Сеанс отсутствует или удален
ID=1ab0f908-c3b9-4bf2-944a-14b874ae0a19, File=d:\jenkins\ci_builder2\windowsbuild2\platform\src\rserver\src\clusterdistribimpl.cpp(1439)'
05:15.958005-0,EXCP,2,process=rphost,p:processName=bi_bk3wk1_prod_01,OSThread=7516,t:clientID=1459,t:applicationName=BackgroundJob,t:computerName=DC2BUHAPP11,t:connectID=9423,SessionID=63897,Usr=Турсынбекова Дана Кияковна,Exception=60c686dc-798f-4d17-aadb-a90156a16eb8,Descr='src\rserver\src\rmngrcalls.cpp(476):
60c686dc-798f-4d17-aadb-a90156a16eb8: Сеанс отсутствует или удален
ID=1ab0f908-c3b9-4bf2-944a-14b874ae0a19, File=d:\jenkins\ci_builder2\windowsbuild2\platform\src\rserver\src\clusterdistribimpl.cpp(1439)'
05:16.036000-0,EXCP,2,process=rphost,p:processName=bi_bk3wk1_prod_01,OSThread=4760,t:clientID=1458,t:applicationName=BackgroundJob,t:computerName=DC2BUHAPP11,t:connectID=9422,SessionID=63896,Usr=Турсынбекова Дана Кияковна,Exception=SeanceContextException,Descr='Сеанс отсутствует или удален
ID=df8963d5-29dd-4046-b855-9d3ab669a622, File=d:\jenkins\ci_builder2\windowsbuild2\platform\src\rserver\src\rmngrcalls.cpp(364)'
05:16.161000-0,EXCP,2,process=rphost,p:processName=bi_bk3wk1_prod_01,OSThread=7516,t:clientID=1459,t:applicationName=BackgroundJob,t:computerName=DC2BUHAPP11,t:connectID=9423,SessionID=63897,Usr=Турсынбекова Дана Кияковна,Exception=SeanceContextException,Descr='Сеанс отсутствует или удален
ID=1ab0f908-c3b9-4bf2-944a-14b874ae0a19, File=d:\jenkins\ci_builder2\windowsbuild2\platform\src\rserver\src\rmngrcalls.cpp(364)'
16:57.333035-0,EXCP,0,process=rphost,OSThread=7428,ClientID=1483,Exception=NetDataExchangeException,Descr='server_addr=(2)10.224.32.15:58375 descr=2(0x00000002): Не удается найти указанный файл.  line=1149 file=d:\jenkins\ci_builder2\windowsbuild2\platform\src\rtrsrvc\src\dataexchangeserverimpl.cpp'
16:57.333036-0,EXCPCNTX,0,ClientComputerName=,ServerComputerName=,UserName=,ConnectString=
16:57.677000-0,EXCP,0,process=rphost,OSThread=7476,ClientID=1485,Exception=NetDataExchangeException,Descr='server_addr=(2)10.224.32.15:58382 descr=2(0x00000002): Не удается найти указанный файл.  line=1149 file=d:\jenkins\ci_builder2\windowsbuild2\platform\src\rtrsrvc\src\dataexchangeserverimpl.cpp'
16:57.677001-0,EXCPCNTX,0,ClientComputerName=,ServerComputerName=,UserName=,ConnectString=
27:25.420015-0,ADMIN,2,process=rphost,p:processName=ServerJobExecutorContext,OSThread=7512,t:clientID=1499,t:applicationName=JobScheduler,t:computerName=DC2BUHAPP11,Func=killClient,ClusterID=8aa94e2b-5d54-4b86-800b-79353ce39638,ConnectionID=85334393-9a70-493e-9dbd-c3a133adcef2,Mode=0,Ref=bi_bk3wk1_prod_01(bi_bk3wk1_prod_01),Host=DC2BUHAPP11,Connection=9630,Administrator=Unknown,Result=Success
27:26.108004-0,EXCP,3,process=rphost,p:processName=bi_bk3wk1_prod_01,OSThread=8512,t:clientID=1512,t:applicationName=BackgroundJob,t:computerName=DC2BUHAPP11,t:connectID=9630,SessionID=64119,Usr=WK1_Туткышева_Мерей_Жанатовна,Exception=SeanceContextException,Descr='Сеанс отсутствует или удален
ID=697e0276-a019-49b4-ab59-30718e381bc1, File=d:\jenkins\ci_builder2\windowsbuild2\platform\src\rserver\src\clusterdistribimpl.cpp(1439)'
27:26.108006-0,EXCP,2,process=rphost,p:processName=bi_bk3wk1_prod_01,OSThread=8512,t:clientID=1512,t:applicationName=BackgroundJob,t:computerName=DC2BUHAPP11,t:connectID=9630,SessionID=64119,Usr=WK1_Туткышева_Мерей_Жанатовна,Exception=60c686dc-798f-4d17-aadb-a90156a16eb8,Descr='src\rserver\src\rmngrcalls.cpp(476):
60c686dc-798f-4d17-aadb-a90156a16eb8: Сеанс отсутствует или удален
ID=697e0276-a019-49b4-ab59-30718e381bc1, File=d:\jenkins\ci_builder2\windowsbuild2\platform\src\rserver\src\clusterdistribimpl.cpp(1439)'
27:26.311000-0,EXCP,2,process=rphost,p:processName=bi_bk3wk1_prod_01,OSThread=8512,t:clientID=1512,t:applicationName=BackgroundJob,t:computerName=DC2BUHAPP11,t:connectID=9630,SessionID=64119,Usr=WK1_Туткышева_Мерей_Жанатовна,Exception=SeanceContextException,Descr='Сеанс отсутствует или удален
ID=697e0276-a019-49b4-ab59-30718e381bc1, File=d:\jenkins\ci_builder2\windowsbuild2\platform\src\rserver\src\rmngrcalls.cpp(364)'
27:26.311001-0,EXCP,2,process=rphost,p:processName=bi_bk3wk1_prod_01,OSThread=8512,t:clientID=1512,t:applicationName=BackgroundJob,t:computerName=DC2BUHAPP11,t:connectID=9630,SessionID=64119,Usr=WK1_Туткышева_Мерей_Жанатовна,Exception=60c686dc-798f-4d17-aadb-a90156a16eb8,Descr='src\rserver\src\serverjobexecutor.cpp(1095):
60c686dc-798f-4d17-aadb-a90156a16eb8: Сеанс отсутствует или удален
ID=697e0276-a019-49b4-ab59-30718e381bc1, File=d:\jenkins\ci_builder2\windowsbuild2\platform\src\rserver\src\rmngrcalls.cpp(364)'
27:26.311003-0,EXCP,3,process=rphost,p:processName=bi_bk3wk1_prod_01,OSThread=8512,t:clientID=1512,t:applicationName=BackgroundJob,t:computerName=DC2BUHAPP11,t:connectID=9630,SessionID=64119,Usr=WK1_Туткышева_Мерей_Жанатовна,Exception=SeanceContextException,Descr='Сеанс отсутствует или удален
ID=697e0276-a019-49b4-ab59-30718e381bc1, File=d:\jenkins\ci_builder2\windowsbuild2\platform\src\rserver\src\clusterdistribimpl.cpp(1439)'
27:26.311005-0,EXCP,2,process=rphost,p:processName=bi_bk3wk1_prod_01,OSThread=8512,t:clientID=1512,t:applicationName=BackgroundJob,t:computerName=DC2BUHAPP11,t:connectID=9630,SessionID=64119,Usr=WK1_Туткышева_Мерей_Жанатовна,Exception=60c686dc-798f-4d17-aadb-a90156a16eb8,Descr='src\rserver\src\rmngrcalls.cpp(476):
60c686dc-798f-4d17-aadb-a90156a16eb8: Сеанс отсутствует или удален
ID=697e0276-a019-49b4-ab59-30718e381bc1, File=d:\jenkins\ci_builder2\windowsbuild2\platform\src\rserver\src\clusterdistribimpl.cpp(1439)'
27:26.514000-0,EXCP,2,process=rphost,p:processName=bi_bk3wk1_prod_01,OSThread=8512,t:clientID=1512,t:applicationName=BackgroundJob,t:computerName=DC2BUHAPP11,t:connectID=9630,SessionID=64119,Usr=WK1_Туткышева_Мерей_Жанатовна,Exception=SeanceContextException,Descr='Сеанс отсутствует или удален
ID=697e0276-a019-49b4-ab59-30718e381bc1, File=d:\jenkins\ci_builder2\windowsbuild2\platform\src\rserver\src\rmngrcalls.cpp(364)'
27:45.764015-0,ADMIN,2,process=rphost,p:processName=ServerJobExecutorContext,OSThread=7512,t:clientID=1499,t:applicationName=JobScheduler,t:computerName=DC2BUHAPP11,Func=killClient,ClusterID=8aa94e2b-5d54-4b86-800b-79353ce39638,ConnectionID=45c5e895-b484-436c-bd38-8898c5254e9d,Mode=0,Ref=bi_bk3wk1_prod_01(bi_bk3wk1_prod_01),Host=DC2BUHAPP11,Connection=9633,Administrator=Unknown,Result=Success
27:46.858005-0,EXCP,3,process=rphost,p:processName=bi_bk3wk1_prod_01,OSThread=2400,t:clientID=1513,t:applicationName=BackgroundJob,t:computerName=DC2BUHAPP11,t:connectID=9633,SessionID=64122,Usr=WK1_Туткышева_Мерей_Жанатовна,Exception=SeanceContextException,Descr='Сеанс отсутствует или удален
ID=b755b456-841c-4711-b637-9f26ac260e14, File=d:\jenkins\ci_builder2\windowsbuild2\platform\src\rserver\src\clusterdistribimpl.cpp(1439)'
27:46.858007-0,EXCP,2,process=rphost,p:processName=bi_bk3wk1_prod_01,OSThread=2400,t:clientID=1513,t:applicationName=BackgroundJob,t:computerName=DC2BUHAPP11,t:connectID=9633,SessionID=64122,Usr=WK1_Туткышева_Мерей_Жанатовна,Exception=60c686dc-798f-4d17-aadb-a90156a16eb8,Descr='src\rserver\src\rmngrcalls.cpp(476):
60c686dc-798f-4d17-aadb-a90156a16eb8: Сеанс отсутствует или удален
ID=b755b456-841c-4711-b637-9f26ac260e14, File=d:\jenkins\ci_builder2\windowsbuild2\platform\src\rserver\src\clusterdistribimpl.cpp(1439)'
27:47.061000-0,EXCP,2,process=rphost,p:processName=bi_bk3wk1_prod_01,OSThread=2400,t:clientID=1513,t:applicationName=BackgroundJob,t:computerName=DC2BUHAPP11,t:connectID=9633,SessionID=64122,Usr=WK1_Туткышева_Мерей_Жанатовна,Exception=SeanceContextException,Descr='Сеанс отсутствует или удален
ID=b755b456-841c-4711-b637-9f26ac260e14, File=d:\jenkins\ci_builder2\windowsbuild2\platform\src\rserver\src\rmngrcalls.cpp(364)'
27:47.061001-0,EXCP,2,process=rphost,p:processName=bi_bk3wk1_prod_01,OSThread=2400,t:clientID=1513,t:applicationName=BackgroundJob,t:computerName=DC2BUHAPP11,t:connectID=9633,SessionID=64122,Usr=WK1_Туткышева_Мерей_Жанатовна,Exception=60c686dc-798f-4d17-aadb-a90156a16eb8,Descr='src\rserver\src\serverjobexecutor.cpp(1095):
60c686dc-798f-4d17-aadb-a90156a16eb8: Сеанс отсутствует или удален
ID=b755b456-841c-4711-b637-9f26ac260e14, File=d:\jenkins\ci_builder2\windowsbuild2\platform\src\rserver\src\rmngrcalls.cpp(364)'
27:47.061003-0,EXCP,3,process=rphost,p:processName=bi_bk3wk1_prod_01,OSThread=2400,t:clientID=1513,t:applicationName=BackgroundJob,t:computerName=DC2BUHAPP11,t:connectID=9633,SessionID=64122,Usr=WK1_Туткышева_Мерей_Жанатовна,Exception=SeanceContextException,Descr='Сеанс отсутствует или удален
ID=b755b456-841c-4711-b637-9f26ac260e14, File=d:\jenkins\ci_builder2\windowsbuild2\platform\src\rserver\src\clusterdistribimpl.cpp(1439)'
27:47.061005-0,EXCP,2,process=rphost,p:processName=bi_bk3wk1_prod_01,OSThread=2400,t:clientID=1513,t:applicationName=BackgroundJob,t:computerName=DC2BUHAPP11,t:connectID=9633,SessionID=64122,Usr=WK1_Туткышева_Мерей_Жанатовна,Exception=60c686dc-798f-4d17-aadb-a90156a16eb8,Descr='src\rserver\src\rmngrcalls.cpp(476):
60c686dc-798f-4d17-aadb-a90156a16eb8: Сеанс отсутствует или удален
ID=b755b456-841c-4711-b637-9f26ac260e14, File=d:\jenkins\ci_builder2\windowsbuild2\platform\src\rserver\src\clusterdistribimpl.cpp(1439)'
27:47.217015-0,EXCP,2,process=rphost,p:processName=bi_bk3wk1_prod_01,OSThread=2400,t:clientID=1513,t:applicationName=BackgroundJob,t:computerName=DC2BUHAPP11,t:connectID=9633,SessionID=64122,Usr=WK1_Туткышева_Мерей_Жанатовна,Exception=SeanceContextException,Descr='Сеанс отсутствует или удален
ID=b755b456-841c-4711-b637-9f26ac260e14, File=d:\jenkins\ci_builder2\windowsbuild2\platform\src\rserver\src\rmngrcalls.cpp(364)'
32:49.461000-0,EXCP,0,process=rphost,OSThread=7436,ClientID=1486,Exception=NetDataExchangeException,Descr='server_addr=(2)10.224.32.15:58396 descr=2(0x00000002): Не удается найти указанный файл.  line=1149 file=d:\jenkins\ci_builder2\windowsbuild2\platform\src\rtrsrvc\src\dataexchangeserverimpl.cpp'
32:49.461001-0,EXCPCNTX,0,ClientComputerName=,ServerComputerName=,UserName=,ConnectString=
32:49.664000-0,EXCP,0,process=rphost,OSThread=7440,ClientID=1530,Exception=NetDataExchangeException,Descr='server_addr=(2)10.224.32.15:58448 descr=2(0x00000002): Не удается найти указанный файл.  line=1149 file=d:\jenkins\ci_builder2\windowsbuild2\platform\src\rtrsrvc\src\dataexchangeserverimpl.cpp'
32:49.664001-0,EXCPCNTX,0,ClientComputerName=,ServerComputerName=,UserName=,ConnectString=
33:58.249006-0,ADMIN,2,process=rphost,p:processName=ServerJobExecutorContext,OSThread=7512,t:clientID=1499,t:applicationName=JobScheduler,t:computerName=DC2BUHAPP11,Func=killClient,ClusterID=8aa94e2b-5d54-4b86-800b-79353ce39638,ConnectionID=be879ce9-471d-4c3d-9115-540be43cb4bc,Mode=0,Ref=bi_bk3wk1_prod_01(bi_bk3wk1_prod_01),Host=DC2BUHAPP11,Connection=9719,Administrator=Unknown,Result=Success
34:00.639010-0,EXCP,3,process=rphost,p:processName=bi_bk3wk1_prod_01,OSThread=4760,t:clientID=1534,t:applicationName=BackgroundJob,t:computerName=DC2BUHAPP11,t:connectID=9719,SessionID=64208,Usr=Есжанова Нургуль Муратовна,Exception=SeanceContextException,Descr='Сеанс отсутствует или удален
ID=2a35802b-525d-4354-814f-1e952f7f6bf3, File=d:\jenkins\ci_builder2\windowsbuild2\platform\src\rserver\src\clusterdistribimpl.cpp(1439)'
34:00.639012-0,EXCP,2,process=rphost,p:processName=bi_bk3wk1_prod_01,OSThread=4760,t:clientID=1534,t:applicationName=BackgroundJob,t:computerName=DC2BUHAPP11,t:connectID=9719,SessionID=64208,Usr=Есжанова Нургуль Муратовна,Exception=60c686dc-798f-4d17-aadb-a90156a16eb8,Descr='src\rserver\src\rmngrcalls.cpp(476):
60c686dc-798f-4d17-aadb-a90156a16eb8: Сеанс отсутствует или удален
ID=2a35802b-525d-4354-814f-1e952f7f6bf3, File=d:\jenkins\ci_builder2\windowsbuild2\platform\src\rserver\src\clusterdistribimpl.cpp(1439)'
34:00.795006-0,EXCP,2,process=rphost,p:processName=bi_bk3wk1_prod_01,OSThread=4760,t:clientID=1534,t:applicationName=BackgroundJob,t:computerName=DC2BUHAPP11,t:connectID=9719,SessionID=64208,Usr=Есжанова Нургуль Муратовна,Exception=SeanceContextException,Descr='Сеанс отсутствует или удален
ID=2a35802b-525d-4354-814f-1e952f7f6bf3, File=d:\jenkins\ci_builder2\windowsbuild2\platform\src\rserver\src\rmngrcalls.cpp(364)'
34:00.795007-0,EXCP,2,process=rphost,p:processName=bi_bk3wk1_prod_01,OSThread=4760,t:clientID=1534,t:applicationName=BackgroundJob,t:computerName=DC2BUHAPP11,t:connectID=9719,SessionID=64208,Usr=Есжанова Нургуль Муратовна,Exception=60c686dc-798f-4d17-aadb-a90156a16eb8,Descr='src\rserver\src\serverjobexecutor.cpp(1095):
60c686dc-798f-4d17-aadb-a90156a16eb8: Сеанс отсутствует или удален
ID=2a35802b-525d-4354-814f-1e952f7f6bf3, File=d:\jenkins\ci_builder2\windowsbuild2\platform\src\rserver\src\rmngrcalls.cpp(364)'
34:00.795009-0,EXCP,3,process=rphost,p:processName=bi_bk3wk1_prod_01,OSThread=4760,t:clientID=1534,t:applicationName=BackgroundJob,t:computerName=DC2BUHAPP11,t:connectID=9719,SessionID=64208,Usr=Есжанова Нургуль Муратовна,Exception=SeanceContextException,Descr='Сеанс отсутствует или удален
ID=2a35802b-525d-4354-814f-1e952f7f6bf3, File=d:\jenkins\ci_builder2\windowsbuild2\platform\src\rserver\src\clusterdistribimpl.cpp(1439)'
34:00.795011-0,EXCP,2,process=rphost,p:processName=bi_bk3wk1_prod_01,OSThread=4760,t:clientID=1534,t:applicationName=BackgroundJob,t:computerName=DC2BUHAPP11,t:connectID=9719,SessionID=64208,Usr=Есжанова Нургуль Муратовна,Exception=60c686dc-798f-4d17-aadb-a90156a16eb8,Descr='src\rserver\src\rmngrcalls.cpp(476):
60c686dc-798f-4d17-aadb-a90156a16eb8: Сеанс отсутствует или удален
ID=2a35802b-525d-4354-814f-1e952f7f6bf3, File=d:\jenkins\ci_builder2\windowsbuild2\platform\src\rserver\src\clusterdistribimpl.cpp(1439)'
34:00.999000-0,EXCP,2,process=rphost,p:processName=bi_bk3wk1_prod_01,OSThread=4760,t:clientID=1534,t:applicationName=BackgroundJob,t:computerName=DC2BUHAPP11,t:connectID=9719,SessionID=64208,Usr=Есжанова Нургуль Муратовна,Exception=SeanceContextException,Descr='Сеанс отсутствует или удален
ID=2a35802b-525d-4354-814f-1e952f7f6bf3, File=d:\jenkins\ci_builder2\windowsbuild2\platform\src\rserver\src\rmngrcalls.cpp(364)'
36:06.851027-0,EXCP,0,process=rphost,OSThread=7452,ClientID=1531,Exception=NetDataExchangeException,Descr='server_addr=(2)10.224.32.15:58462 descr=2(0x00000002): Не удается найти указанный файл.  line=1149 file=d:\jenkins\ci_builder2\windowsbuild2\platform\src\rtrsrvc\src\dataexchangeserverimpl.cpp'
36:06.851028-0,EXCPCNTX,0,ClientComputerName=,ServerComputerName=,UserName=,ConnectString=
36:07.304029-0,EXCP,0,process=rphost,OSThread=7444,ClientID=1536,Exception=NetDataExchangeException,Descr='server_addr=(2)10.224.32.15:58476 descr=2(0x00000002): Не удается найти указанный файл.  line=1149 file=d:\jenkins\ci_builder2\windowsbuild2\platform\src\rtrsrvc\src\dataexchangeserverimpl.cpp'
36:07.304030-0,EXCPCNTX,0,ClientComputerName=,ServerComputerName=,UserName=,ConnectString=
43:25.117000-0,EXCP,0,process=rphost,OSThread=7444,ClientID=1537,Exception=NetDataExchangeException,Descr='server_addr=(2)10.224.32.15:58490 descr=2(0x00000002): Не удается найти указанный файл.  line=1149 file=d:\jenkins\ci_builder2\windowsbuild2\platform\src\rtrsrvc\src\dataexchangeserverimpl.cpp'
43:25.117001-0,EXCPCNTX,0,ClientComputerName=,ServerComputerName=,UserName=,ConnectString=
46:17.777005-0,EXCP,0,process=rphost,OSThread=7428,ClientID=1554,Exception=NetDataExchangeException,Descr='server_addr=(2)10.224.32.15:58553 descr=2(0x00000002): Не удается найти указанный файл.  line=1149 file=d:\jenkins\ci_builder2\windowsbuild2\platform\src\rtrsrvc\src\dataexchangeserverimpl.cpp'
46:17.777008-0,EXCPCNTX,0,ClientComputerName=,ServerComputerName=,UserName=,ConnectString=
46:30.683015-0,ADMIN,2,process=rphost,p:processName=ServerJobExecutorContext,OSThread=7512,t:clientID=1555,t:applicationName=JobScheduler,t:computerName=DC2BUHAPP11,Func=killClient,ClusterID=8aa94e2b-5d54-4b86-800b-79353ce39638,ConnectionID=4703b807-c59a-43b0-88ad-beda82b6bd05,Mode=0,Ref=bi_bk3wk1_prod_01(bi_bk3wk1_prod_01),Host=DC2BUHAPP11,Connection=9784,Administrator=Unknown,Result=Success
46:30.777000-0,EXCP,4,process=rphost,p:processName=bi_bk3wk1_prod_01,OSThread=2920,t:clientID=1561,t:applicationName=BackgroundJob,t:computerName=DC2BUHAPP11,t:connectID=9784,SessionID=64274,Usr=Турсынбекова Дана Кияковна,DBMS=DBMSSQL,DataBase=DC1BUHDB01\bi_bk3wk1_prod_01,Exception=95c658d1-d3d5-4ea9-8a81-1bf820fea4a8,Descr='src\rscalls\src\remotecalllistenerimpl.cpp(3793):
95c658d1-d3d5-4ea9-8a81-1bf820fea4a8: Сеанс работы завершен администратором.',Context='
МодульСеанса : 7 : СтандартныеПодсистемыСервер.УстановкаПараметровСеанса(ИменаПараметровСеанса);
	ОбщийМодуль.СтандартныеПодсистемыСервер.Модуль : 56 : ВыполнитьОбработчикиУстановкиПараметровСеанса(ИменаПараметровСеанса, Обработчики, УстановленныеПараметры);
		ОбщийМодуль.СтандартныеПодсистемыСервер.Модуль : 2760 : ОбщегоНазначения.ВыполнитьМетодКонфигурации(Обработчик, ПараметрыОбработчика);
			ОбщийМодуль.ОбщегоНазначения.Модуль : 4795 : Выполнить ИмяМетода + "(" + ПараметрыСтрока + ")";
				 : 1 : УправлениеДоступомСлужебный.УстановкаПараметровСеанса(Параметры[0],Параметры[1])
					ОбщийМодуль.УправлениеДоступомСлужебный.Модуль : 1273 : СвойстваВидовДоступа = УправлениеДоступомСлужебныйПовтИсп.СвойстваВидовДоступа();
						ОбщийМодуль.УправлениеДоступомСлужебныйПовтИсп.Модуль : 6 : СвойстваВидовДоступа = СтандартныеПодсистемыСервер.ПараметрРаботыПрограммы(
							ОбщийМодуль.СтандартныеПодсистемыСервер.Модуль : 607 : Возврат РегистрыСведений.ПараметрыРаботыПрограммы.ПараметрРаботыПрограммы(ИмяПараметра);
								РегистрСведений.ПараметрыРаботыПрограммы.МодульМенеджера : 66 : Если СтандартныеПодсистемыСервер.ВерсияПрограммыОбновленаДинамически() Тогда
									ОбщийМодуль.СтандартныеПодсистемыСервер.Модуль : 560 : Если Не КонфигурацияБазыДанныхИзмененаДинамически() Тогда'
46:30.777001-0,QERR,4,process=rphost,p:processName=bi_bk3wk1_prod_01,OSThread=2920,t:clientID=1561,t:applicationName=BackgroundJob,t:computerName=DC2BUHAPP11,t:connectID=9784,SessionID=64274,Usr=Турсынбекова Дана Кияковна,DBMS=DBMSSQL,DataBase=DC1BUHDB01\bi_bk3wk1_prod_01,Descr=Сеанс работы завершен администратором.,Query='#ПоЗначениям("Документ.ПоступлениеТоваровУслуг", "", "",
"Организации", "Организация",
"ПодразделенияОрганизаций","СтруктурноеПодразделение",
"Склады","Склад",
"","",
"","","","","","","","",
"","","","","","","","",
"","","","","","","",""
)'
46:30.777002-0,EXCP,4,process=rphost,p:processName=bi_bk3wk1_prod_01,OSThread=2920,t:clientID=1561,t:applicationName=BackgroundJob,t:computerName=DC2BUHAPP11,t:connectID=9784,SessionID=64274,Usr=Турсынбекова Дана Кияковна,DBMS=DBMSSQL,DataBase=DC1BUHDB01\bi_bk3wk1_prod_01,Exception=DataBaseException,Descr="Ошибка в ограничении доступа к данным.
объект: 'Документ.ПоступлениеТоваровУслуг', поле: 'Номер'; право: 'Чтение'
Сеанс работы завершен администратором."
46:30.777005-0,QERR,2,process=rphost,p:processName=bi_bk3wk1_prod_01,OSThread=2920,t:clientID=1561,t:applicationName=BackgroundJob,t:computerName=DC2BUHAPP11,t:connectID=9784,SessionID=64274,Usr=Турсынбекова Дана Кияковна,Descr="Ошибка в ограничении доступа к данным.
объект: 'Документ.ПоступлениеТоваровУслуг', поле: 'Номер'; право: 'Чтение'
Сеанс работы завершен администратором.",Query='ВЫБРАТЬ РАЗРЕШЕННЫЕ
	ДокументПоступлениеТоваровУслуг.Ссылка КАК Ссылка,
	ДокументПоступлениеТоваровУслуг.Дата КАК Дата
ИЗ
	Документ.ПоступлениеТоваровУслуг КАК ДокументПоступлениеТоваровУслуг
		ЛЕВОЕ СОЕДИНЕНИЕ РегистрСведений.НаличиеФайлов КАК НаличиеФайлов
		ПО ДокументПоступлениеТоваровУслуг.Ссылка = НаличиеФайлов.ОбъектСФайлами
ГДЕ
	ДокументПоступлениеТоваровУслуг.Организация = &П
	И (ДокументПоступлениеТоваровУслуг.Автор.Наименование ПОДОБНО &П2 СПЕЦСИМВОЛ "/"
			ИЛИ ДокументПоступлениеТоваровУслуг.ВалютаДокумента.Наименование ПОДОБНО &П2 СПЕЦСИМВОЛ "/"
			ИЛИ ДокументПоступлениеТоваровУслуг.ВидВходящегоДокумента ПОДОБНО &П2 СПЕЦСИМВОЛ "/"
			ИЛИ ДокументПоступлениеТоваровУслуг.ВидОперации В (&П3)
			ИЛИ ДокументПоступлениеТоваровУслуг.ДоговорКонтрагента.Наименование ПОДОБНО &П2 СПЕЦСИМВОЛ "/"
			ИЛИ ДокументПоступлениеТоваровУслуг.Комментарий ПОДОБНО &П2 СПЕЦСИМВОЛ "/"
			ИЛИ ДокументПоступлениеТоваровУслуг.Контрагент.Наименование ПОДОБНО &П2 СПЕЦСИМВОЛ "/"
			ИЛИ ДокументПоступлениеТоваровУслуг.Номер ПОДОБНО &П2 СПЕЦСИМВОЛ "/"
			ИЛИ ДокументПоступлениеТоваровУслуг.НомерВходящегоДокумента ПОДОБНО &П2 СПЕЦСИМВОЛ "/"
			ИЛИ ДокументПоступлениеТоваровУслуг.Организация.Наименование ПОДОБНО &П2 СПЕЦСИМВОЛ "/"
			ИЛИ ДокументПоступлениеТоваровУслуг.Склад.Наименование ПОДОБНО &П2 СПЕЦСИМВОЛ "/"
			ИЛИ ДокументПоступлениеТоваровУслуг.СтруктурноеПодразделение.Наименование ПОДОБНО &П2 СПЕЦСИМВОЛ "/")
	И ДокументПоступлениеТоваровУслуг.Ссылка В (&П4)'
46:30.777008-0,EXCP,2,process=rphost,p:processName=bi_bk3wk1_prod_01,OSThread=2920,t:clientID=1561,t:applicationName=BackgroundJob,t:computerName=DC2BUHAPP11,t:connectID=9784,SessionID=64274,Usr=Турсынбекова Дана Кияковна,Exception=eece8795-ccc9-4865-8779-0482cfe4a31e,Descr="src\rserver\src\serverjobexecutor.cpp(1024):
eece8795-ccc9-4865-8779-0482cfe4a31e: Ошибка при выполнении запроса.
bb4657f6-80d1-4ce6-acfe-69860ef1c3f4: Ошибка получения данных
e01bc916-56a4-4302-b726-792a2f76e608: Ошибка создания набора данных ""НаборДанныхДинамическогоСписка""
c238ea87-cc00-4e32-8cc8-f3b182a09711: Ошибка при исполнении запроса набора данных
ae209c88-6b01-464c-adc9-0b72e240492f: Ошибка выполнения запроса
dc31263e-ecbf-41bd-9b3a-7b55897d5fd6: Ошибка в ограничении доступа к данным.
объект: 'Документ.ПоступлениеТоваровУслуг', поле: 'Номер'; право: 'Чтение'
Сеанс работы завершен администратором.
95c658d1-d3d5-4ea9-8a81-1bf820fea4a8: Сеанс работы завершен администратором."
46:30.777018-0,EXCP,3,process=rphost,p:processName=bi_bk3wk1_prod_01,OSThread=2920,t:clientID=1561,t:applicationName=BackgroundJob,t:computerName=DC2BUHAPP11,t:connectID=9784,SessionID=64274,Usr=Турсынбекова Дана Кияковна,Exception=SeanceContextException,Descr='Сеанс отсутствует или удален
ID=f09638b4-5276-4a7f-ae35-0aeb8af8f915, File=d:\jenkins\ci_builder2\windowsbuild2\platform\src\rserver\src\clusterdistribimpl.cpp(1439)'
46:30.777020-0,EXCP,2,process=rphost,p:processName=bi_bk3wk1_prod_01,OSThread=2920,t:clientID=1561,t:applicationName=BackgroundJob,t:computerName=DC2BUHAPP11,t:connectID=9784,SessionID=64274,Usr=Турсынбекова Дана Кияковна,Exception=60c686dc-798f-4d17-aadb-a90156a16eb8,Descr='src\rserver\src\rmngrcalls.cpp(476):
60c686dc-798f-4d17-aadb-a90156a16eb8: Сеанс отсутствует или удален
ID=f09638b4-5276-4a7f-ae35-0aeb8af8f915, File=d:\jenkins\ci_builder2\windowsbuild2\platform\src\rserver\src\clusterdistribimpl.cpp(1439)'
46:30.980000-0,EXCP,2,process=rphost,p:processName=bi_bk3wk1_prod_01,OSThread=2920,t:clientID=1561,t:applicationName=BackgroundJob,t:computerName=DC2BUHAPP11,t:connectID=9784,SessionID=64274,Usr=Турсынбекова Дана Кияковна,Exception=SeanceContextException,Descr='Сеанс отсутствует или удален
ID=f09638b4-5276-4a7f-ae35-0aeb8af8f915, File=d:\jenkins\ci_builder2\windowsbuild2\platform\src\rserver\src\rmngrcalls.cpp(364)'
46:30.980001-0,EXCP,2,process=rphost,p:processName=bi_bk3wk1_prod_01,OSThread=2920,t:clientID=1561,t:applicationName=BackgroundJob,t:computerName=DC2BUHAPP11,t:connectID=9784,SessionID=64274,Usr=Турсынбекова Дана Кияковна,Exception=60c686dc-798f-4d17-aadb-a90156a16eb8,Descr='src\rserver\src\serverjobexecutor.cpp(1095):
60c686dc-798f-4d17-aadb-a90156a16eb8: Сеанс отсутствует или удален
ID=f09638b4-5276-4a7f-ae35-0aeb8af8f915, File=d:\jenkins\ci_builder2\windowsbuild2\platform\src\rserver\src\rmngrcalls.cpp(364)'
46:30.980005-0,EXCP,3,process=rphost,p:processName=bi_bk3wk1_prod_01,OSThread=2920,t:clientID=1561,t:applicationName=BackgroundJob,t:computerName=DC2BUHAPP11,t:connectID=9784,SessionID=64274,Usr=Турсынбекова Дана Кияковна,Exception=SeanceContextException,Descr='Сеанс отсутствует или удален
ID=f09638b4-5276-4a7f-ae35-0aeb8af8f915, File=d:\jenkins\ci_builder2\windowsbuild2\platform\src\rserver\src\clusterdistribimpl.cpp(1439)'
46:30.980007-0,EXCP,2,process=rphost,p:processName=bi_bk3wk1_prod_01,OSThread=2920,t:clientID=1561,t:applicationName=BackgroundJob,t:computerName=DC2BUHAPP11,t:connectID=9784,SessionID=64274,Usr=Турсынбекова Дана Кияковна,Exception=60c686dc-798f-4d17-aadb-a90156a16eb8,Descr='src\rserver\src\rmngrcalls.cpp(476):
60c686dc-798f-4d17-aadb-a90156a16eb8: Сеанс отсутствует или удален
ID=f09638b4-5276-4a7f-ae35-0aeb8af8f915, File=d:\jenkins\ci_builder2\windowsbuild2\platform\src\rserver\src\clusterdistribimpl.cpp(1439)'
46:31.167008-0,EXCP,2,process=rphost,p:processName=bi_bk3wk1_prod_01,OSThread=2920,t:clientID=1561,t:applicationName=BackgroundJob,t:computerName=DC2BUHAPP11,t:connectID=9784,SessionID=64274,Usr=Турсынбекова Дана Кияковна,Exception=SeanceContextException,Descr='Сеанс отсутствует или удален
ID=f09638b4-5276-4a7f-ae35-0aeb8af8f915, File=d:\jenkins\ci_builder2\windowsbuild2\platform\src\rserver\src\rmngrcalls.cpp(364)'
46:34.496045-0,ADMIN,2,process=rphost,p:processName=ServerJobExecutorContext,OSThread=8096,t:clientID=1555,t:applicationName=JobScheduler,t:computerName=DC2BUHAPP11,Func=killClient,ClusterID=8aa94e2b-5d54-4b86-800b-79353ce39638,ConnectionID=1a5e0eb6-d07f-4f53-a2f6-527b825d60e9,Mode=0,Ref=bi_bk3wk1_prod_01(bi_bk3wk1_prod_01),Host=DC2BUHAPP11,Connection=9786,Administrator=Unknown,Result=Success
46:34.761025-0,EXCP,3,process=rphost,p:processName=bi_bk3wk1_prod_01,OSThread=6496,t:clientID=1562,t:applicationName=BackgroundJob,t:computerName=DC2BUHAPP11,t:connectID=9786,SessionID=64276,Usr=Турсынбекова Дана Кияковна,Exception=SeanceContextException,Descr='Сеанс отсутствует или удален
ID=3f72f6bc-7ace-40a2-a5c7-f2f2c92bbc98, File=d:\jenkins\ci_builder2\windowsbuild2\platform\src\rserver\src\clusterdistribimpl.cpp(1439)'
46:34.761027-0,EXCP,2,process=rphost,p:processName=bi_bk3wk1_prod_01,OSThread=6496,t:clientID=1562,t:applicationName=BackgroundJob,t:computerName=DC2BUHAPP11,t:connectID=9786,SessionID=64276,Usr=Турсынбекова Дана Кияковна,Exception=60c686dc-798f-4d17-aadb-a90156a16eb8,Descr='src\rserver\src\rmngrcalls.cpp(476):
60c686dc-798f-4d17-aadb-a90156a16eb8: Сеанс отсутствует или удален
ID=3f72f6bc-7ace-40a2-a5c7-f2f2c92bbc98, File=d:\jenkins\ci_builder2\windowsbuild2\platform\src\rserver\src\clusterdistribimpl.cpp(1439)'
46:34.964000-0,EXCP,2,process=rphost,p:processName=bi_bk3wk1_prod_01,OSThread=6496,t:clientID=1562,t:applicationName=BackgroundJob,t:computerName=DC2BUHAPP11,t:connectID=9786,SessionID=64276,Usr=Турсынбекова Дана Кияковна,Exception=SeanceContextException,Descr='Сеанс отсутствует или удален
ID=3f72f6bc-7ace-40a2-a5c7-f2f2c92bbc98, File=d:\jenkins\ci_builder2\windowsbuild2\platform\src\rserver\src\rmngrcalls.cpp(364)'
46:34.964002-0,EXCP,2,process=rphost,p:processName=bi_bk3wk1_prod_01,OSThread=6496,t:clientID=1562,t:applicationName=BackgroundJob,t:computerName=DC2BUHAPP11,t:connectID=9786,SessionID=64276,Usr=Турсынбекова Дана Кияковна,Exception=60c686dc-798f-4d17-aadb-a90156a16eb8,Descr='src\rserver\src\serverjobexecutor.cpp(1095):
60c686dc-798f-4d17-aadb-a90156a16eb8: Сеанс отсутствует или удален
ID=3f72f6bc-7ace-40a2-a5c7-f2f2c92bbc98, File=d:\jenkins\ci_builder2\windowsbuild2\platform\src\rserver\src\rmngrcalls.cpp(364)'
46:34.964011-0,EXCP,3,process=rphost,p:processName=bi_bk3wk1_prod_01,OSThread=6496,t:clientID=1562,t:applicationName=BackgroundJob,t:computerName=DC2BUHAPP11,t:connectID=9786,SessionID=64276,Usr=Турсынбекова Дана Кияковна,Exception=SeanceContextException,Descr='Сеанс отсутствует или удален
ID=3f72f6bc-7ace-40a2-a5c7-f2f2c92bbc98, File=d:\jenkins\ci_builder2\windowsbuild2\platform\src\rserver\src\clusterdistribimpl.cpp(1439)'
46:34.964013-0,EXCP,2,process=rphost,p:processName=bi_bk3wk1_prod_01,OSThread=6496,t:clientID=1562,t:applicationName=BackgroundJob,t:computerName=DC2BUHAPP11,t:connectID=9786,SessionID=64276,Usr=Турсынбекова Дана Кияковна,Exception=60c686dc-798f-4d17-aadb-a90156a16eb8,Descr='src\rserver\src\rmngrcalls.cpp(476):
60c686dc-798f-4d17-aadb-a90156a16eb8: Сеанс отсутствует или удален
ID=3f72f6bc-7ace-40a2-a5c7-f2f2c92bbc98, File=d:\jenkins\ci_builder2\windowsbuild2\platform\src\rserver\src\clusterdistribimpl.cpp(1439)'
46:35.167001-0,EXCP,2,process=rphost,p:processName=bi_bk3wk1_prod_01,OSThread=6496,t:clientID=1562,t:applicationName=BackgroundJob,t:computerName=DC2BUHAPP11,t:connectID=9786,SessionID=64276,Usr=Турсынбекова Дана Кияковна,Exception=SeanceContextException,Descr='Сеанс отсутствует или удален
ID=3f72f6bc-7ace-40a2-a5c7-f2f2c92bbc98, File=d:\jenkins\ci_builder2\windowsbuild2\platform\src\rserver\src\rmngrcalls.cpp(364)'
49:07.715015-0,ADMIN,2,process=rphost,p:processName=ServerJobExecutorContext,OSThread=7512,t:clientID=1565,t:applicationName=JobScheduler,t:computerName=DC2BUHAPP11,Func=killClient,ClusterID=8aa94e2b-5d54-4b86-800b-79353ce39638,ConnectionID=a0491f3f-75b9-4f3d-98e7-394b615d23c7,Mode=0,Ref=bi_bk3wk1_prod_01(bi_bk3wk1_prod_01),Host=DC2BUHAPP11,Connection=9793,Administrator=Unknown,Result=Success
49:08.262008-0,EXCP,3,process=rphost,p:processName=bi_bk3wk1_prod_01,OSThread=9736,t:clientID=1566,t:applicationName=BackgroundJob,t:computerName=DC2BUHAPP11,t:connectID=9793,SessionID=64284,Usr=Турсынбекова Дана Кияковна,Exception=SeanceContextException,Descr='Сеанс отсутствует или удален
ID=33f23805-2120-4f46-af38-e3f2e79a3285, File=d:\jenkins\ci_builder2\windowsbuild2\platform\src\rserver\src\clusterdistribimpl.cpp(1439)'
49:08.262010-0,EXCP,2,process=rphost,p:processName=bi_bk3wk1_prod_01,OSThread=9736,t:clientID=1566,t:applicationName=BackgroundJob,t:computerName=DC2BUHAPP11,t:connectID=9793,SessionID=64284,Usr=Турсынбекова Дана Кияковна,Exception=60c686dc-798f-4d17-aadb-a90156a16eb8,Descr='src\rserver\src\rmngrcalls.cpp(476):
60c686dc-798f-4d17-aadb-a90156a16eb8: Сеанс отсутствует или удален
ID=33f23805-2120-4f46-af38-e3f2e79a3285, File=d:\jenkins\ci_builder2\windowsbuild2\platform\src\rserver\src\clusterdistribimpl.cpp(1439)'
49:08.434006-0,EXCP,2,process=rphost,p:processName=bi_bk3wk1_prod_01,OSThread=9736,t:clientID=1566,t:applicationName=BackgroundJob,t:computerName=DC2BUHAPP11,t:connectID=9793,SessionID=64284,Usr=Турсынбекова Дана Кияковна,Exception=SeanceContextException,Descr='Сеанс отсутствует или удален
ID=33f23805-2120-4f46-af38-e3f2e79a3285, File=d:\jenkins\ci_builder2\windowsbuild2\platform\src\rserver\src\rmngrcalls.cpp(364)'
49:08.434007-0,EXCP,2,process=rphost,p:processName=bi_bk3wk1_prod_01,OSThread=9736,t:clientID=1566,t:applicationName=BackgroundJob,t:computerName=DC2BUHAPP11,t:connectID=9793,SessionID=64284,Usr=Турсынбекова Дана Кияковна,Exception=60c686dc-798f-4d17-aadb-a90156a16eb8,Descr='src\rserver\src\serverjobexecutor.cpp(1095):
60c686dc-798f-4d17-aadb-a90156a16eb8: Сеанс отсутствует или удален
ID=33f23805-2120-4f46-af38-e3f2e79a3285, File=d:\jenkins\ci_builder2\windowsbuild2\platform\src\rserver\src\rmngrcalls.cpp(364)'
49:08.434009-0,EXCP,3,process=rphost,p:processName=bi_bk3wk1_prod_01,OSThread=9736,t:clientID=1566,t:applicationName=BackgroundJob,t:computerName=DC2BUHAPP11,t:connectID=9793,SessionID=64284,Usr=Турсынбекова Дана Кияковна,Exception=SeanceContextException,Descr='Сеанс отсутствует или удален
ID=33f23805-2120-4f46-af38-e3f2e79a3285, File=d:\jenkins\ci_builder2\windowsbuild2\platform\src\rserver\src\clusterdistribimpl.cpp(1439)'
49:08.434011-0,EXCP,2,process=rphost,p:processName=bi_bk3wk1_prod_01,OSThread=9736,t:clientID=1566,t:applicationName=BackgroundJob,t:computerName=DC2BUHAPP11,t:connectID=9793,SessionID=64284,Usr=Турсынбекова Дана Кияковна,Exception=60c686dc-798f-4d17-aadb-a90156a16eb8,Descr='src\rserver\src\rmngrcalls.cpp(476):
60c686dc-798f-4d17-aadb-a90156a16eb8: Сеанс отсутствует или удален
ID=33f23805-2120-4f46-af38-e3f2e79a3285, File=d:\jenkins\ci_builder2\windowsbuild2\platform\src\rserver\src\clusterdistribimpl.cpp(1439)'
49:08.637000-0,EXCP,2,process=rphost,p:processName=bi_bk3wk1_prod_01,OSThread=9736,t:clientID=1566,t:applicationName=BackgroundJob,t:computerName=DC2BUHAPP11,t:connectID=9793,SessionID=64284,Usr=Турсынбекова Дана Кияковна,Exception=SeanceContextException,Descr='Сеанс отсутствует или удален
ID=33f23805-2120-4f46-af38-e3f2e79a3285, File=d:\jenkins\ci_builder2\windowsbuild2\platform\src\rserver\src\rmngrcalls.cpp(364)'
49:18.356017-0,ADMIN,2,process=rphost,p:processName=ServerJobExecutorContext,OSThread=7512,t:clientID=1565,t:applicationName=JobScheduler,t:computerName=DC2BUHAPP11,Func=killClient,ClusterID=8aa94e2b-5d54-4b86-800b-79353ce39638,ConnectionID=cdd322cc-c937-4962-9588-0c314084c9d3,Mode=0,Ref=bi_bk3wk1_prod_01(bi_bk3wk1_prod_01),Host=DC2BUHAPP11,Connection=9798,Administrator=Unknown,Result=Success
49:18.622005-0,EXCP,4,process=rphost,p:processName=bi_bk3wk1_prod_01,OSThread=8512,t:clientID=1567,t:applicationName=BackgroundJob,t:computerName=DC2BUHAPP11,t:connectID=9798,SessionID=64289,Usr=Турсынбекова Дана Кияковна,Exception=SeanceContextException,Descr='Сеанс отсутствует или удален
ID=0ff922a0-39b0-4191-98bf-99edd5829c85, File=d:\jenkins\ci_builder2\windowsbuild2\platform\src\rserver\src\clusterdistribimpl.cpp(1439)'
49:18.622007-0,EXCP,3,process=rphost,p:processName=bi_bk3wk1_prod_01,OSThread=8512,t:clientID=1567,t:applicationName=BackgroundJob,t:computerName=DC2BUHAPP11,t:connectID=9798,SessionID=64289,Usr=Турсынбекова Дана Кияковна,Exception=60c686dc-798f-4d17-aadb-a90156a16eb8,Descr='src\rserver\src\rmngrcalls.cpp(476):
60c686dc-798f-4d17-aadb-a90156a16eb8: Сеанс отсутствует или удален
ID=0ff922a0-39b0-4191-98bf-99edd5829c85, File=d:\jenkins\ci_builder2\windowsbuild2\platform\src\rserver\src\clusterdistribimpl.cpp(1439)'
49:18.825000-0,EXCP,3,process=rphost,p:processName=bi_bk3wk1_prod_01,OSThread=8512,t:clientID=1567,t:applicationName=BackgroundJob,t:computerName=DC2BUHAPP11,t:connectID=9798,SessionID=64289,Usr=Турсынбекова Дана Кияковна,Exception=SeanceContextException,Descr='Сеанс отсутствует или удален
ID=0ff922a0-39b0-4191-98bf-99edd5829c85, File=d:\jenkins\ci_builder2\windowsbuild2\platform\src\rserver\src\rmngrcalls.cpp(364)'
49:18.825001-0,EXCP,3,process=rphost,p:processName=bi_bk3wk1_prod_01,OSThread=8512,t:clientID=1567,t:applicationName=BackgroundJob,t:computerName=DC2BUHAPP11,t:connectID=9798,SessionID=64289,Usr=Турсынбекова Дана Кияковна,Exception=60c686dc-798f-4d17-aadb-a90156a16eb8,Descr='src\rserver\src\serverjobexecutor.cpp(1095):
60c686dc-798f-4d17-aadb-a90156a16eb8: Сеанс отсутствует или удален
ID=0ff922a0-39b0-4191-98bf-99edd5829c85, File=d:\jenkins\ci_builder2\windowsbuild2\platform\src\rserver\src\rmngrcalls.cpp(364)'
49:18.825003-0,EXCP,4,process=rphost,p:processName=bi_bk3wk1_prod_01,OSThread=8512,t:clientID=1567,t:applicationName=BackgroundJob,t:computerName=DC2BUHAPP11,t:connectID=9798,SessionID=64289,Usr=Турсынбекова Дана Кияковна,Exception=SeanceContextException,Descr='Сеанс отсутствует или удален
ID=0ff922a0-39b0-4191-98bf-99edd5829c85, File=d:\jenkins\ci_builder2\windowsbuild2\platform\src\rserver\src\clusterdistribimpl.cpp(1439)'
49:18.825005-0,EXCP,3,process=rphost,p:processName=bi_bk3wk1_prod_01,OSThread=8512,t:clientID=1567,t:applicationName=BackgroundJob,t:computerName=DC2BUHAPP11,t:connectID=9798,SessionID=64289,Usr=Турсынбекова Дана Кияковна,Exception=60c686dc-798f-4d17-aadb-a90156a16eb8,Descr='src\rserver\src\rmngrcalls.cpp(476):
60c686dc-798f-4d17-aadb-a90156a16eb8: Сеанс отсутствует или удален
ID=0ff922a0-39b0-4191-98bf-99edd5829c85, File=d:\jenkins\ci_builder2\windowsbuild2\platform\src\rserver\src\clusterdistribimpl.cpp(1439)'
49:19.028000-0,EXCP,3,process=rphost,p:processName=bi_bk3wk1_prod_01,OSThread=8512,t:clientID=1567,t:applicationName=BackgroundJob,t:computerName=DC2BUHAPP11,t:connectID=9798,SessionID=64289,Usr=Турсынбекова Дана Кияковна,Exception=SeanceContextException,Descr='Сеанс отсутствует или удален
ID=0ff922a0-39b0-4191-98bf-99edd5829c85, File=d:\jenkins\ci_builder2\windowsbuild2\platform\src\rserver\src\rmngrcalls.cpp(364)'
49:21.168016-0,ADMIN,2,process=rphost,p:processName=ServerJobExecutorContext,OSThread=7512,t:clientID=1565,t:applicationName=JobScheduler,t:computerName=DC2BUHAPP11,Func=killClient,ClusterID=8aa94e2b-5d54-4b86-800b-79353ce39638,ConnectionID=67acac87-797a-45d2-87d0-1c90c184abd3,Mode=0,Ref=bi_bk3wk1_prod_01(bi_bk3wk1_prod_01),Host=DC2BUHAPP11,Connection=9801,Administrator=Unknown,Result=Success
49:21.403010-0,EXCP,3,process=rphost,p:processName=bi_bk3wk1_prod_01,OSThread=8512,t:clientID=1570,t:applicationName=BackgroundJob,t:computerName=DC2BUHAPP11,t:connectID=9801,SessionID=64292,Usr=Турсынбекова Дана Кияковна,Exception=SeanceContextException,Descr='Сеанс отсутствует или удален
ID=3841cb2b-417d-4db3-a30f-23675966382a, File=d:\jenkins\ci_builder2\windowsbuild2\platform\src\rserver\src\clusterdistribimpl.cpp(1439)'
49:21.403012-0,EXCP,2,process=rphost,p:processName=bi_bk3wk1_prod_01,OSThread=8512,t:clientID=1570,t:applicationName=BackgroundJob,t:computerName=DC2BUHAPP11,t:connectID=9801,SessionID=64292,Usr=Турсынбекова Дана Кияковна,Exception=60c686dc-798f-4d17-aadb-a90156a16eb8,Descr='src\rserver\src\rmngrcalls.cpp(476):
60c686dc-798f-4d17-aadb-a90156a16eb8: Сеанс отсутствует или удален
ID=3841cb2b-417d-4db3-a30f-23675966382a, File=d:\jenkins\ci_builder2\windowsbuild2\platform\src\rserver\src\clusterdistribimpl.cpp(1439)'
49:21.606000-0,EXCP,2,process=rphost,p:processName=bi_bk3wk1_prod_01,OSThread=8512,t:clientID=1570,t:applicationName=BackgroundJob,t:computerName=DC2BUHAPP11,t:connectID=9801,SessionID=64292,Usr=Турсынбекова Дана Кияковна,Exception=SeanceContextException,Descr='Сеанс отсутствует или удален
ID=3841cb2b-417d-4db3-a30f-23675966382a, File=d:\jenkins\ci_builder2\windowsbuild2\platform\src\rserver\src\rmngrcalls.cpp(364)'
49:21.606001-0,EXCP,2,process=rphost,p:processName=bi_bk3wk1_prod_01,OSThread=8512,t:clientID=1570,t:applicationName=BackgroundJob,t:computerName=DC2BUHAPP11,t:connectID=9801,SessionID=64292,Usr=Турсынбекова Дана Кияковна,Exception=60c686dc-798f-4d17-aadb-a90156a16eb8,Descr='src\rserver\src\serverjobexecutor.cpp(1095):
60c686dc-798f-4d17-aadb-a90156a16eb8: Сеанс отсутствует или удален
ID=3841cb2b-417d-4db3-a30f-23675966382a, File=d:\jenkins\ci_builder2\windowsbuild2\platform\src\rserver\src\rmngrcalls.cpp(364)'
49:21.606006-0,EXCP,3,process=rphost,p:processName=bi_bk3wk1_prod_01,OSThread=8512,t:clientID=1570,t:applicationName=BackgroundJob,t:computerName=DC2BUHAPP11,t:connectID=9801,SessionID=64292,Usr=Турсынбекова Дана Кияковна,Exception=SeanceContextException,Descr='Сеанс отсутствует или удален
ID=3841cb2b-417d-4db3-a30f-23675966382a, File=d:\jenkins\ci_builder2\windowsbuild2\platform\src\rserver\src\clusterdistribimpl.cpp(1439)'
49:21.606008-0,EXCP,2,process=rphost,p:processName=bi_bk3wk1_prod_01,OSThread=8512,t:clientID=1570,t:applicationName=BackgroundJob,t:computerName=DC2BUHAPP11,t:connectID=9801,SessionID=64292,Usr=Турсынбекова Дана Кияковна,Exception=60c686dc-798f-4d17-aadb-a90156a16eb8,Descr='src\rserver\src\rmngrcalls.cpp(476):
60c686dc-798f-4d17-aadb-a90156a16eb8: Сеанс отсутствует или удален
ID=3841cb2b-417d-4db3-a30f-23675966382a, File=d:\jenkins\ci_builder2\windowsbuild2\platform\src\rserver\src\clusterdistribimpl.cpp(1439)'
49:21.637006-0,EXCP,2,process=rphost,p:processName=bi_bk3wk1_prod_01,OSThread=8512,t:clientID=1570,t:applicationName=BackgroundJob,t:computerName=DC2BUHAPP11,t:connectID=9801,SessionID=64292,Usr=Турсынбекова Дана Кияковна,Exception=SeanceContextException,Descr='Сеанс отсутствует или удален
ID=3841cb2b-417d-4db3-a30f-23675966382a, File=d:\jenkins\ci_builder2\windowsbuild2\platform\src\rserver\src\rmngrcalls.cpp(364)'
54:06.494015-0,ADMIN,2,process=rphost,p:processName=ServerJobExecutorContext,OSThread=8096,t:clientID=1565,t:applicationName=JobScheduler,t:computerName=DC2BUHAPP11,Func=killClient,ClusterID=8aa94e2b-5d54-4b86-800b-79353ce39638,ConnectionID=6b4b2c69-9348-4222-a505-ba118a2380a2,Mode=0,Ref=bi_bk3wk1_prod_01(bi_bk3wk1_prod_01),Host=DC2BUHAPP11,Connection=9823,Administrator=Unknown,Result=Success
54:08.010010-0,EXCP,3,process=rphost,p:processName=bi_bk3wk1_prod_01,OSThread=7516,t:clientID=1576,t:applicationName=BackgroundJob,t:computerName=DC2BUHAPP11,t:connectID=9823,SessionID=64315,Usr=Сутемгенова Назгуль Хамитовна,Exception=SeanceContextException,Descr='Сеанс отсутствует или удален
ID=6247219a-c9f1-4771-bf2c-0e070ad8b74c, File=d:\jenkins\ci_builder2\windowsbuild2\platform\src\rserver\src\clusterdistribimpl.cpp(1439)'
54:08.010012-0,EXCP,2,process=rphost,p:processName=bi_bk3wk1_prod_01,OSThread=7516,t:clientID=1576,t:applicationName=BackgroundJob,t:computerName=DC2BUHAPP11,t:connectID=9823,SessionID=64315,Usr=Сутемгенова Назгуль Хамитовна,Exception=60c686dc-798f-4d17-aadb-a90156a16eb8,Descr='src\rserver\src\rmngrcalls.cpp(476):
60c686dc-798f-4d17-aadb-a90156a16eb8: Сеанс отсутствует или удален
ID=6247219a-c9f1-4771-bf2c-0e070ad8b74c, File=d:\jenkins\ci_builder2\windowsbuild2\platform\src\rserver\src\clusterdistribimpl.cpp(1439)'
54:08.025006-0,EXCP,2,process=rphost,p:processName=bi_bk3wk1_prod_01,OSThread=7516,t:clientID=1576,t:applicationName=BackgroundJob,t:computerName=DC2BUHAPP11,t:connectID=9823,SessionID=64315,Usr=Сутемгенова Назгуль Хамитовна,Exception=SeanceContextException,Descr='Сеанс отсутствует или удален
ID=6247219a-c9f1-4771-bf2c-0e070ad8b74c, File=d:\jenkins\ci_builder2\windowsbuild2\platform\src\rserver\src\rmngrcalls.cpp(364)'
54:08.025007-0,EXCP,2,process=rphost,p:processName=bi_bk3wk1_prod_01,OSThread=7516,t:clientID=1576,t:applicationName=BackgroundJob,t:computerName=DC2BUHAPP11,t:connectID=9823,SessionID=64315,Usr=Сутемгенова Назгуль Хамитовна,Exception=60c686dc-798f-4d17-aadb-a90156a16eb8,Descr='src\rserver\src\serverjobexecutor.cpp(1095):
60c686dc-798f-4d17-aadb-a90156a16eb8: Сеанс отсутствует или удален
ID=6247219a-c9f1-4771-bf2c-0e070ad8b74c, File=d:\jenkins\ci_builder2\windowsbuild2\platform\src\rserver\src\rmngrcalls.cpp(364)'
54:08.025009-0,EXCP,3,process=rphost,p:processName=bi_bk3wk1_prod_01,OSThread=7516,t:clientID=1576,t:applicationName=BackgroundJob,t:computerName=DC2BUHAPP11,t:connectID=9823,SessionID=64315,Usr=Сутемгенова Назгуль Хамитовна,Exception=SeanceContextException,Descr='Сеанс отсутствует или удален
ID=6247219a-c9f1-4771-bf2c-0e070ad8b74c, File=d:\jenkins\ci_builder2\windowsbuild2\platform\src\rserver\src\clusterdistribimpl.cpp(1439)'
54:08.025011-0,EXCP,2,process=rphost,p:processName=bi_bk3wk1_prod_01,OSThread=7516,t:clientID=1576,t:applicationName=BackgroundJob,t:computerName=DC2BUHAPP11,t:connectID=9823,SessionID=64315,Usr=Сутемгенова Назгуль Хамитовна,Exception=60c686dc-798f-4d17-aadb-a90156a16eb8,Descr='src\rserver\src\rmngrcalls.cpp(476):
60c686dc-798f-4d17-aadb-a90156a16eb8: Сеанс отсутствует или удален
ID=6247219a-c9f1-4771-bf2c-0e070ad8b74c, File=d:\jenkins\ci_builder2\windowsbuild2\platform\src\rserver\src\clusterdistribimpl.cpp(1439)'
54:08.228001-0,EXCP,2,process=rphost,p:processName=bi_bk3wk1_prod_01,OSThread=7516,t:clientID=1576,t:applicationName=BackgroundJob,t:computerName=DC2BUHAPP11,t:connectID=9823,SessionID=64315,Usr=Сутемгенова Назгуль Хамитовна,Exception=SeanceContextException,Descr='Сеанс отсутствует или удален
ID=6247219a-c9f1-4771-bf2c-0e070ad8b74c, File=d:\jenkins\ci_builder2\windowsbuild2\platform\src\rserver\src\rmngrcalls.cpp(364)'
