00:06.707000-0,PROC,0,process=rphost,OSThread=5696,Txt='Process terminated.
Stop signal received (ragent)'
00:07.097000-0,EXCP,1,process=rphost,OSThread=8012,ClientID=387,Exception=NetDataExchangeException,Descr=' server_addr=tcp://DC2BUHAPP11:2541 descr=recv returns zero, disconnected line=1587 file=d:\jenkins\ci_builder2\windowsbuild2\platform\src\rtrsrvc\src\dataexchangetcpclientimpl.cpp'
00:07.097002-0,EXCPCNTX,0,ClientComputerName=,ServerComputerName=,UserName=,ConnectString=
00:07.097003-125001,EXCPCNTX,0,SrcName=SCALL,process=rphost,OSThread=8012,ClientID=387,Interface=64016dc5-c439-49fa-8a71-c3cb708e243b,IName=IClusterLocks,Method=3,CallID=474595,MName=getDynDataList
00:07.097005-0,EXCP,0,process=rphost,OSThread=8012,ClientID=387,Exception=NetDataExchangeException,Descr=' server_addr=tcp://DC2BUHAPP11:2541 descr=recv returns zero, disconnected line=1587 file=d:\jenkins\ci_builder2\windowsbuild2\platform\src\rtrsrvc\src\dataexchangetcpclientimpl.cpp'
00:07.097006-0,EXCPCNTX,0,ClientComputerName=,ServerComputerName=,UserName=,ConnectString=
00:07.097007-0,EXCP,0,process=rphost,OSThread=8012,Exception=81029657-3fe6-4cd6-80c0-36de78fe6657,Descr='src\rtrsrvc\src\remoteinterfaceimpl.cpp(825):
81029657-3fe6-4cd6-80c0-36de78fe6657:  server_addr=tcp://DC2BUHAPP11:2541 descr=recv returns zero, disconnected line=1587 file=d:\jenkins\ci_builder2\windowsbuild2\platform\src\rtrsrvc\src\dataexchangetcpclientimpl.cpp'
00:07.097010-0,EXCP,0,process=rphost,OSThread=8012,Exception=81029657-3fe6-4cd6-80c0-36de78fe6657,Descr='src\rserver\src\rmngrcalls.cpp(543):
81029657-3fe6-4cd6-80c0-36de78fe6657:  server_addr=tcp://DC2BUHAPP11:2541 descr=recv returns zero, disconnected line=1587 file=d:\jenkins\ci_builder2\windowsbuild2\platform\src\rtrsrvc\src\dataexchangetcpclientimpl.cpp'
00:07.097011-0,EXCP,0,process=rphost,OSThread=1320,ClientID=384,Exception=NetDataExchangeException,Descr='server_addr=(2)10.224.32.194:54449 descr=2(0x00000002): Не удается найти указанный файл.  line=1149 file=d:\jenkins\ci_builder2\windowsbuild2\platform\src\rtrsrvc\src\dataexchangeserverimpl.cpp'
00:07.097012-0,EXCPCNTX,0,ClientComputerName=,ServerComputerName=,UserName=,ConnectString=
00:07.097018-0,EXCP,1,process=rphost,OSThread=3180,ClientID=388,Exception=NetDataExchangeException,Descr=' server_addr=tcp://DC2BUHAPP11:2541 descr=10054(0x00002746): Удаленный хост принудительно разорвал существующее подключение.  line=1452 file=d:\jenkins\ci_builder2\windowsbuild2\platform\src\rtrsrvc\src\dataexchangetcpclientimpl.cpp
server_addr=tcp://DC2BUHAPP11:2541 descr=10054(0x00002746): Удаленный хост принудительно разорвал существующее подключение.  line=1982 file=d:\jenkins\ci_builder2\windowsbuild2\platform\src\rtrsrvc\src\dataexchangetcpclientimpl.cpp'
00:07.097019-0,EXCPCNTX,0,ClientComputerName=,ServerComputerName=,UserName=,ConnectString=
00:07.097020-3,EXCPCNTX,0,SrcName=SCALL,process=rphost,OSThread=3180,ClientID=388,Interface=3b8fa2a0-91fc-45a1-83ef-e3843ad34f3a,IName=IRMngr2,Method=11,CallID=474596,MName=getRMngrExtension2
00:07.097022-0,EXCP,0,process=rphost,OSThread=3180,ClientID=388,Exception=NetDataExchangeException,Descr=' server_addr=tcp://DC2BUHAPP11:2541 descr=10054(0x00002746): Удаленный хост принудительно разорвал существующее подключение.  line=1452 file=d:\jenkins\ci_builder2\windowsbuild2\platform\src\rtrsrvc\src\dataexchangetcpclientimpl.cpp'
00:07.097023-0,EXCPCNTX,0,ClientComputerName=,ServerComputerName=,UserName=,ConnectString=
00:07.097024-0,EXCP,0,process=rphost,OSThread=3180,Exception=81029657-3fe6-4cd6-80c0-36de78fe6657,Descr='src\rtrsrvc\src\remoteinterfaceimpl.cpp(825):
81029657-3fe6-4cd6-80c0-36de78fe6657:  server_addr=tcp://DC2BUHAPP11:2541 descr=10054(0x00002746): Удаленный хост принудительно разорвал существующее подключение.  line=1452 file=d:\jenkins\ci_builder2\windowsbuild2\platform\src\rtrsrvc\src\dataexchangetcpclientimpl.cpp
server_addr=tcp://DC2BUHAPP11:2541 descr=10054(0x00002746): Удаленный хост принудительно разорвал существующее подключение.  line=1982 file=d:\jenkins\ci_builder2\windowsbuild2\platform\src\rtrsrvc\src\dataexchangetcpclientimpl.cpp'
00:07.097027-0,EXCP,0,process=rphost,OSThread=3180,Exception=81029657-3fe6-4cd6-80c0-36de78fe6657,Descr='src\rserver\src\rmngrcalls.cpp(543):
81029657-3fe6-4cd6-80c0-36de78fe6657:  server_addr=tcp://DC2BUHAPP11:2541 descr=10054(0x00002746): Удаленный хост принудительно разорвал существующее подключение.  line=1452 file=d:\jenkins\ci_builder2\windowsbuild2\platform\src\rtrsrvc\src\dataexchangetcpclientimpl.cpp
server_addr=tcp://DC2BUHAPP11:2541 descr=10054(0x00002746): Удаленный хост принудительно разорвал существующее подключение.  line=1982 file=d:\jenkins\ci_builder2\windowsbuild2\platform\src\rtrsrvc\src\dataexchangetcpclientimpl.cpp'
00:07.097001-0,EXCP,6,process=rphost,p:processName=bi_bk3wk1_prod_01,OSThread=5728,t:clientID=385,t:applicationName=BackgroundJob,t:computerName=DC2BUHAPP11,t:connectID=362,SessionID=3,Usr=DefUser,DBMS=DBMSSQL,DataBase=CLSBUHDB01\bi_bk3wk1_prod_01,ClientID=383,Exception=NetDataExchangeException,Descr=' server_addr=tcp://DC2BUHAPP11:2541 descr=recv returns zero, disconnected line=1587 file=d:\jenkins\ci_builder2\windowsbuild2\platform\src\rtrsrvc\src\dataexchangetcpclientimpl.cpp',Context='
ОбщийМодуль.ЭСФСервер.Модуль : 1228 : ЭтоПоследняяПорция = ПолучитьДанныеНовыхЭСФ(Перечисления.НаправленияЭСФ.Входящий, ДанныеПрофиляИСЭСФ, Ложь, Ложь, ИдентификаторСессии, ВерсияИСЭСФ, ПараметрыМетодаВходящихЭСФ, МассивИдентификаторовДляОбновленияСтатусаПриема);
	ОбщийМодуль.ЭСФСервер.Модуль : 61 : Возврат ЭСФСерверПовтИсп.ОбработкаОбменЭСФ().ПолучитьДанныеНовыхЭСФ(НаправлениеЭСФ, ПрофильИСЭСФ, ПолучитьОднуПорцию, ТолькоСоздатьОбновитьФайлы, ИдентификаторСессии, ВерсияИСЭСФ, ПараметрыМетодаЭСФ, МассивИдентификаторовДляОбновленияСтатусаПриема);
		Обработка.ОбменЭСФ.МодульОбъекта : 5632 : СоздатьОбновитьПолучаемыеЭСФ(InvoiceInfoList, НаправлениеЭСФ, ДанныеПрофиляИСЭСФ.СтруктурнаяЕдиница.Ссылка, Ложь, МассивИсключаемыхИД, Истина, МассивЭСФДляПолученияИдентификаторовТоваров);
			Обработка.ОбменЭСФ.МодульОбъекта : 5834 : СоздатьОбновитьПрисоединенныеXMLФайлыЭСФ(МассивЭСФ, InvoiceInfoList);
				Обработка.ОбменЭСФ.МодульОбъекта : 10078 : ЭСФСерверПереопределяемый.ОбновитьПрисоединенныйФайл(ОбъектЭСФ.ФайлЭСФ, ИнформацияОФайле);
					ОбщийМодуль.ЭСФСерверПереопределяемый.Модуль : 341 : ПрисоединенныеФайлы.ОбновитьПрисоединенныйФайл(ПрисоединенныйФайл, ИнформацияОФайле);
						ОбщийМодуль.ПрисоединенныеФайлы.Модуль : 224 : РаботаСФайлами.ОбновитьФайл(ПрисоединенныйФайл, ИнформацияОФайле);
							ОбщийМодуль.РаботаСФайлами.Модуль : 323 : РаботаСФайламиСлужебный.ОбновитьФайл(ИнформацияОФайле, ПрисоединенныйФайл);
								ОбщийМодуль.РаботаСФайламиСлужебный.Модуль : 4756 : ОбновитьДвоичныеДанныеФайлаНаСервере(ПрисоединенныйФайл, ДвоичныеДанные, РеквизитыЗначения);
									ОбщийМодуль.РаботаСФайламиСлужебный.Модуль : 4397 : БлокировкаДанных.Заблокировать();'
00:07.113000-0,EXCPCNTX,0,ClientComputerName=DC2BUHAPP11,ServerComputerName=DC2BUHAPP11,UserName=DefUser,ConnectString='Srvr="DC2BUHAPP11:2541";Ref="bi_bk3wk1_prod_01";',Context='
ОбщийМодуль.ЭСФСервер.Модуль : 1228 : ЭтоПоследняяПорция = ПолучитьДанныеНовыхЭСФ(Перечисления.НаправленияЭСФ.Входящий, ДанныеПрофиляИСЭСФ, Ложь, Ложь, ИдентификаторСессии, ВерсияИСЭСФ, ПараметрыМетодаВходящихЭСФ, МассивИдентификаторовДляОбновленияСтатусаПриема);
	ОбщийМодуль.ЭСФСервер.Модуль : 61 : Возврат ЭСФСерверПовтИсп.ОбработкаОбменЭСФ().ПолучитьДанныеНовыхЭСФ(НаправлениеЭСФ, ПрофильИСЭСФ, ПолучитьОднуПорцию, ТолькоСоздатьОбновитьФайлы, ИдентификаторСессии, ВерсияИСЭСФ, ПараметрыМетодаЭСФ, МассивИдентификаторовДляОбновленияСтатусаПриема);
		Обработка.ОбменЭСФ.МодульОбъекта : 5632 : СоздатьОбновитьПолучаемыеЭСФ(InvoiceInfoList, НаправлениеЭСФ, ДанныеПрофиляИСЭСФ.СтруктурнаяЕдиница.Ссылка, Ложь, МассивИсключаемыхИД, Истина, МассивЭСФДляПолученияИдентификаторовТоваров);
			Обработка.ОбменЭСФ.МодульОбъекта : 5834 : СоздатьОбновитьПрисоединенныеXMLФайлыЭСФ(МассивЭСФ, InvoiceInfoList);
				Обработка.ОбменЭСФ.МодульОбъекта : 10078 : ЭСФСерверПереопределяемый.ОбновитьПрисоединенныйФайл(ОбъектЭСФ.ФайлЭСФ, ИнформацияОФайле);
					ОбщийМодуль.ЭСФСерверПереопределяемый.Модуль : 341 : ПрисоединенныеФайлы.ОбновитьПрисоединенныйФайл(ПрисоединенныйФайл, ИнформацияОФайле);
						ОбщийМодуль.ПрисоединенныеФайлы.Модуль : 224 : РаботаСФайлами.ОбновитьФайл(ПрисоединенныйФайл, ИнформацияОФайле);
							ОбщийМодуль.РаботаСФайлами.Модуль : 323 : РаботаСФайламиСлужебный.ОбновитьФайл(ИнформацияОФайле, ПрисоединенныйФайл);
								ОбщийМодуль.РаботаСФайламиСлужебный.Модуль : 4756 : ОбновитьДвоичныеДанныеФайлаНаСервере(ПрисоединенныйФайл, ДвоичныеДанные, РеквизитыЗначения);
									ОбщийМодуль.РаботаСФайламиСлужебный.Модуль : 4397 : БлокировкаДанных.Заблокировать();'
00:07.113001-266000,EXCPCNTX,5,SrcName=SCALL,process=rphost,p:processName=bi_bk3wk1_prod_01,OSThread=5728,t:clientID=385,t:applicationName=BackgroundJob,t:computerName=DC2BUHAPP11,t:connectID=362,SessionID=3,Usr=DefUser,DBMS=DBMSSQL,DataBase=CLSBUHDB01\bi_bk3wk1_prod_01,ClientID=383,Interface=5680e4d5-396b-46ef-bd4c-827d244e19f0,IName=IClusterLockMan,Method=0,CallID=474593,MName=lockRequest2,Context='
ОбщийМодуль.ЭСФСервер.Модуль : 1228 : ЭтоПоследняяПорция = ПолучитьДанныеНовыхЭСФ(Перечисления.НаправленияЭСФ.Входящий, ДанныеПрофиляИСЭСФ, Ложь, Ложь, ИдентификаторСессии, ВерсияИСЭСФ, ПараметрыМетодаВходящихЭСФ, МассивИдентификаторовДляОбновленияСтатусаПриема);
	ОбщийМодуль.ЭСФСервер.Модуль : 61 : Возврат ЭСФСерверПовтИсп.ОбработкаОбменЭСФ().ПолучитьДанныеНовыхЭСФ(НаправлениеЭСФ, ПрофильИСЭСФ, ПолучитьОднуПорцию, ТолькоСоздатьОбновитьФайлы, ИдентификаторСессии, ВерсияИСЭСФ, ПараметрыМетодаЭСФ, МассивИдентификаторовДляОбновленияСтатусаПриема);
		Обработка.ОбменЭСФ.МодульОбъекта : 5632 : СоздатьОбновитьПолучаемыеЭСФ(InvoiceInfoList, НаправлениеЭСФ, ДанныеПрофиляИСЭСФ.СтруктурнаяЕдиница.Ссылка, Ложь, МассивИсключаемыхИД, Истина, МассивЭСФДляПолученияИдентификаторовТоваров);
			Обработка.ОбменЭСФ.МодульОбъекта : 5834 : СоздатьОбновитьПрисоединенныеXMLФайлыЭСФ(МассивЭСФ, InvoiceInfoList);
				Обработка.ОбменЭСФ.МодульОбъекта : 10078 : ЭСФСерверПереопределяемый.ОбновитьПрисоединенныйФайл(ОбъектЭСФ.ФайлЭСФ, ИнформацияОФайле);
					ОбщийМодуль.ЭСФСерверПереопределяемый.Модуль : 341 : ПрисоединенныеФайлы.ОбновитьПрисоединенныйФайл(ПрисоединенныйФайл, ИнформацияОФайле);
						ОбщийМодуль.ПрисоединенныеФайлы.Модуль : 224 : РаботаСФайлами.ОбновитьФайл(ПрисоединенныйФайл, ИнформацияОФайле);
							ОбщийМодуль.РаботаСФайлами.Модуль : 323 : РаботаСФайламиСлужебный.ОбновитьФайл(ИнформацияОФайле, ПрисоединенныйФайл);
								ОбщийМодуль.РаботаСФайламиСлужебный.Модуль : 4756 : ОбновитьДвоичныеДанныеФайлаНаСервере(ПрисоединенныйФайл, ДвоичныеДанные, РеквизитыЗначения);
									ОбщийМодуль.РаботаСФайламиСлужебный.Модуль : 4397 : БлокировкаДанных.Заблокировать();'
00:07.113002-266002,EXCPCNTX,4,SrcName=TLOCK,process=rphost,p:processName=bi_bk3wk1_prod_01,OSThread=5728,t:clientID=385,t:applicationName=BackgroundJob,t:computerName=DC2BUHAPP11,t:connectID=362,SessionID=3,Usr=DefUser,DBMS=DBMSSQL,DataBase=CLSBUHDB01\bi_bk3wk1_prod_01,Regions=Reference207.REFLOCK,Locks='Reference207.REFLOCK Exclusive Fld750=0 ID=207:aaae001dd8b71ef511ea8e02fa2b5b3b',Context='
ОбщийМодуль.ЭСФСервер.Модуль : 1228 : ЭтоПоследняяПорция = ПолучитьДанныеНовыхЭСФ(Перечисления.НаправленияЭСФ.Входящий, ДанныеПрофиляИСЭСФ, Ложь, Ложь, ИдентификаторСессии, ВерсияИСЭСФ, ПараметрыМетодаВходящихЭСФ, МассивИдентификаторовДляОбновленияСтатусаПриема);
	ОбщийМодуль.ЭСФСервер.Модуль : 61 : Возврат ЭСФСерверПовтИсп.ОбработкаОбменЭСФ().ПолучитьДанныеНовыхЭСФ(НаправлениеЭСФ, ПрофильИСЭСФ, ПолучитьОднуПорцию, ТолькоСоздатьОбновитьФайлы, ИдентификаторСессии, ВерсияИСЭСФ, ПараметрыМетодаЭСФ, МассивИдентификаторовДляОбновленияСтатусаПриема);
		Обработка.ОбменЭСФ.МодульОбъекта : 5632 : СоздатьОбновитьПолучаемыеЭСФ(InvoiceInfoList, НаправлениеЭСФ, ДанныеПрофиляИСЭСФ.СтруктурнаяЕдиница.Ссылка, Ложь, МассивИсключаемыхИД, Истина, МассивЭСФДляПолученияИдентификаторовТоваров);
			Обработка.ОбменЭСФ.МодульОбъекта : 5834 : СоздатьОбновитьПрисоединенныеXMLФайлыЭСФ(МассивЭСФ, InvoiceInfoList);
				Обработка.ОбменЭСФ.МодульОбъекта : 10078 : ЭСФСерверПереопределяемый.ОбновитьПрисоединенныйФайл(ОбъектЭСФ.ФайлЭСФ, ИнформацияОФайле);
					ОбщийМодуль.ЭСФСерверПереопределяемый.Модуль : 341 : ПрисоединенныеФайлы.ОбновитьПрисоединенныйФайл(ПрисоединенныйФайл, ИнформацияОФайле);
						ОбщийМодуль.ПрисоединенныеФайлы.Модуль : 224 : РаботаСФайлами.ОбновитьФайл(ПрисоединенныйФайл, ИнформацияОФайле);
							ОбщийМодуль.РаботаСФайлами.Модуль : 323 : РаботаСФайламиСлужебный.ОбновитьФайл(ИнформацияОФайле, ПрисоединенныйФайл);
								ОбщийМодуль.РаботаСФайламиСлужебный.Модуль : 4756 : ОбновитьДвоичныеДанныеФайлаНаСервере(ПрисоединенныйФайл, ДвоичныеДанные, РеквизитыЗначения);
									ОбщийМодуль.РаботаСФайламиСлужебный.Модуль : 4397 : БлокировкаДанных.Заблокировать();'
00:07.113003-406001,EXCPCNTX,3,SrcName=SDBL,process=rphost,p:processName=bi_bk3wk1_prod_01,OSThread=5728,t:clientID=385,t:applicationName=BackgroundJob,t:computerName=DC2BUHAPP11,t:connectID=362,SessionID=3,Usr=DefUser,DBMS=DBMSSQL,DataBase=CLSBUHDB01\bi_bk3wk1_prod_01,Trans=0,Func=Transaction,Context='
ОбщийМодуль.ЭСФСервер.Модуль : 1228 : ЭтоПоследняяПорция = ПолучитьДанныеНовыхЭСФ(Перечисления.НаправленияЭСФ.Входящий, ДанныеПрофиляИСЭСФ, Ложь, Ложь, ИдентификаторСессии, ВерсияИСЭСФ, ПараметрыМетодаВходящихЭСФ, МассивИдентификаторовДляОбновленияСтатусаПриема);
	ОбщийМодуль.ЭСФСервер.Модуль : 61 : Возврат ЭСФСерверПовтИсп.ОбработкаОбменЭСФ().ПолучитьДанныеНовыхЭСФ(НаправлениеЭСФ, ПрофильИСЭСФ, ПолучитьОднуПорцию, ТолькоСоздатьОбновитьФайлы, ИдентификаторСессии, ВерсияИСЭСФ, ПараметрыМетодаЭСФ, МассивИдентификаторовДляОбновленияСтатусаПриема);
		Обработка.ОбменЭСФ.МодульОбъекта : 5632 : СоздатьОбновитьПолучаемыеЭСФ(InvoiceInfoList, НаправлениеЭСФ, ДанныеПрофиляИСЭСФ.СтруктурнаяЕдиница.Ссылка, Ложь, МассивИсключаемыхИД, Истина, МассивЭСФДляПолученияИдентификаторовТоваров);
			Обработка.ОбменЭСФ.МодульОбъекта : 5834 : СоздатьОбновитьПрисоединенныеXMLФайлыЭСФ(МассивЭСФ, InvoiceInfoList);
				Обработка.ОбменЭСФ.МодульОбъекта : 10078 : ЭСФСерверПереопределяемый.ОбновитьПрисоединенныйФайл(ОбъектЭСФ.ФайлЭСФ, ИнформацияОФайле);
					ОбщийМодуль.ЭСФСерверПереопределяемый.Модуль : 341 : ПрисоединенныеФайлы.ОбновитьПрисоединенныйФайл(ПрисоединенныйФайл, ИнформацияОФайле);
						ОбщийМодуль.ПрисоединенныеФайлы.Модуль : 224 : РаботаСФайлами.ОбновитьФайл(ПрисоединенныйФайл, ИнформацияОФайле);
							ОбщийМодуль.РаботаСФайлами.Модуль : 323 : РаботаСФайламиСлужебный.ОбновитьФайл(ИнформацияОФайле, ПрисоединенныйФайл);
								ОбщийМодуль.РаботаСФайламиСлужебный.Модуль : 4756 : ОбновитьДвоичныеДанныеФайлаНаСервере(ПрисоединенныйФайл, ДвоичныеДанные, РеквизитыЗначения);
									ОбщийМодуль.РаботаСФайламиСлужебный.Модуль : 4397 : БлокировкаДанных.Заблокировать();'
00:07.113004-406003,EXCPCNTX,2,SrcName=SDBL,process=rphost,p:processName=bi_bk3wk1_prod_01,OSThread=5728,t:clientID=385,t:applicationName=BackgroundJob,t:computerName=DC2BUHAPP11,t:connectID=362,SessionID=3,Usr=DefUser,DBMS=DBMSSQL,DataBase=CLSBUHDB01\bi_bk3wk1_prod_01,Trans=0,Func=HoldConnection,Context='
ОбщийМодуль.ЭСФСервер.Модуль : 1228 : ЭтоПоследняяПорция = ПолучитьДанныеНовыхЭСФ(Перечисления.НаправленияЭСФ.Входящий, ДанныеПрофиляИСЭСФ, Ложь, Ложь, ИдентификаторСессии, ВерсияИСЭСФ, ПараметрыМетодаВходящихЭСФ, МассивИдентификаторовДляОбновленияСтатусаПриема);
	ОбщийМодуль.ЭСФСервер.Модуль : 61 : Возврат ЭСФСерверПовтИсп.ОбработкаОбменЭСФ().ПолучитьДанныеНовыхЭСФ(НаправлениеЭСФ, ПрофильИСЭСФ, ПолучитьОднуПорцию, ТолькоСоздатьОбновитьФайлы, ИдентификаторСессии, ВерсияИСЭСФ, ПараметрыМетодаЭСФ, МассивИдентификаторовДляОбновленияСтатусаПриема);
		Обработка.ОбменЭСФ.МодульОбъекта : 5632 : СоздатьОбновитьПолучаемыеЭСФ(InvoiceInfoList, НаправлениеЭСФ, ДанныеПрофиляИСЭСФ.СтруктурнаяЕдиница.Ссылка, Ложь, МассивИсключаемыхИД, Истина, МассивЭСФДляПолученияИдентификаторовТоваров);
			Обработка.ОбменЭСФ.МодульОбъекта : 5834 : СоздатьОбновитьПрисоединенныеXMLФайлыЭСФ(МассивЭСФ, InvoiceInfoList);
				Обработка.ОбменЭСФ.МодульОбъекта : 10078 : ЭСФСерверПереопределяемый.ОбновитьПрисоединенныйФайл(ОбъектЭСФ.ФайлЭСФ, ИнформацияОФайле);
					ОбщийМодуль.ЭСФСерверПереопределяемый.Модуль : 341 : ПрисоединенныеФайлы.ОбновитьПрисоединенныйФайл(ПрисоединенныйФайл, ИнформацияОФайле);
						ОбщийМодуль.ПрисоединенныеФайлы.Модуль : 224 : РаботаСФайлами.ОбновитьФайл(ПрисоединенныйФайл, ИнформацияОФайле);
							ОбщийМодуль.РаботаСФайлами.Модуль : 323 : РаботаСФайламиСлужебный.ОбновитьФайл(ИнформацияОФайле, ПрисоединенныйФайл);
								ОбщийМодуль.РаботаСФайламиСлужебный.Модуль : 4756 : ОбновитьДвоичныеДанныеФайлаНаСервере(ПрисоединенныйФайл, ДвоичныеДанные, РеквизитыЗначения);
									ОбщийМодуль.РаботаСФайламиСлужебный.Модуль : 4397 : БлокировкаДанных.Заблокировать();'
00:07.113005-6297001,EXCPCNTX,1,SrcName=CALL,process=rphost,OSThread=5728,t:clientID=385,Usr=DefUser,SessionID=3,p:processName=bi_bk3wk1_prod_01,Func=Background job,Module=ЭСФСервер,Method=ВыполнитьСинхронизациюСИСЭСФ,Context='
ОбщийМодуль.ЭСФСервер.Модуль : 1228 : ЭтоПоследняяПорция = ПолучитьДанныеНовыхЭСФ(Перечисления.НаправленияЭСФ.Входящий, ДанныеПрофиляИСЭСФ, Ложь, Ложь, ИдентификаторСессии, ВерсияИСЭСФ, ПараметрыМетодаВходящихЭСФ, МассивИдентификаторовДляОбновленияСтатусаПриема);
	ОбщийМодуль.ЭСФСервер.Модуль : 61 : Возврат ЭСФСерверПовтИсп.ОбработкаОбменЭСФ().ПолучитьДанныеНовыхЭСФ(НаправлениеЭСФ, ПрофильИСЭСФ, ПолучитьОднуПорцию, ТолькоСоздатьОбновитьФайлы, ИдентификаторСессии, ВерсияИСЭСФ, ПараметрыМетодаЭСФ, МассивИдентификаторовДляОбновленияСтатусаПриема);
		Обработка.ОбменЭСФ.МодульОбъекта : 5632 : СоздатьОбновитьПолучаемыеЭСФ(InvoiceInfoList, НаправлениеЭСФ, ДанныеПрофиляИСЭСФ.СтруктурнаяЕдиница.Ссылка, Ложь, МассивИсключаемыхИД, Истина, МассивЭСФДляПолученияИдентификаторовТоваров);
			Обработка.ОбменЭСФ.МодульОбъекта : 5834 : СоздатьОбновитьПрисоединенныеXMLФайлыЭСФ(МассивЭСФ, InvoiceInfoList);
				Обработка.ОбменЭСФ.МодульОбъекта : 10078 : ЭСФСерверПереопределяемый.ОбновитьПрисоединенныйФайл(ОбъектЭСФ.ФайлЭСФ, ИнформацияОФайле);
					ОбщийМодуль.ЭСФСерверПереопределяемый.Модуль : 341 : ПрисоединенныеФайлы.ОбновитьПрисоединенныйФайл(ПрисоединенныйФайл, ИнформацияОФайле);
						ОбщийМодуль.ПрисоединенныеФайлы.Модуль : 224 : РаботаСФайлами.ОбновитьФайл(ПрисоединенныйФайл, ИнформацияОФайле);
							ОбщийМодуль.РаботаСФайлами.Модуль : 323 : РаботаСФайламиСлужебный.ОбновитьФайл(ИнформацияОФайле, ПрисоединенныйФайл);
								ОбщийМодуль.РаботаСФайламиСлужебный.Модуль : 4756 : ОбновитьДвоичныеДанныеФайлаНаСервере(ПрисоединенныйФайл, ДвоичныеДанные, РеквизитыЗначения);
									ОбщийМодуль.РаботаСФайламиСлужебный.Модуль : 4397 : БлокировкаДанных.Заблокировать();'
00:07.113006-6297004,EXCPCNTX,0,SrcName=CONN,process=rphost,OSThread=5728,t:clientID=385,Context='
ОбщийМодуль.ЭСФСервер.Модуль : 1228 : ЭтоПоследняяПорция = ПолучитьДанныеНовыхЭСФ(Перечисления.НаправленияЭСФ.Входящий, ДанныеПрофиляИСЭСФ, Ложь, Ложь, ИдентификаторСессии, ВерсияИСЭСФ, ПараметрыМетодаВходящихЭСФ, МассивИдентификаторовДляОбновленияСтатусаПриема);
	ОбщийМодуль.ЭСФСервер.Модуль : 61 : Возврат ЭСФСерверПовтИсп.ОбработкаОбменЭСФ().ПолучитьДанныеНовыхЭСФ(НаправлениеЭСФ, ПрофильИСЭСФ, ПолучитьОднуПорцию, ТолькоСоздатьОбновитьФайлы, ИдентификаторСессии, ВерсияИСЭСФ, ПараметрыМетодаЭСФ, МассивИдентификаторовДляОбновленияСтатусаПриема);
		Обработка.ОбменЭСФ.МодульОбъекта : 5632 : СоздатьОбновитьПолучаемыеЭСФ(InvoiceInfoList, НаправлениеЭСФ, ДанныеПрофиляИСЭСФ.СтруктурнаяЕдиница.Ссылка, Ложь, МассивИсключаемыхИД, Истина, МассивЭСФДляПолученияИдентификаторовТоваров);
			Обработка.ОбменЭСФ.МодульОбъекта : 5834 : СоздатьОбновитьПрисоединенныеXMLФайлыЭСФ(МассивЭСФ, InvoiceInfoList);
				Обработка.ОбменЭСФ.МодульОбъекта : 10078 : ЭСФСерверПереопределяемый.ОбновитьПрисоединенныйФайл(ОбъектЭСФ.ФайлЭСФ, ИнформацияОФайле);
					ОбщийМодуль.ЭСФСерверПереопределяемый.Модуль : 341 : ПрисоединенныеФайлы.ОбновитьПрисоединенныйФайл(ПрисоединенныйФайл, ИнформацияОФайле);
						ОбщийМодуль.ПрисоединенныеФайлы.Модуль : 224 : РаботаСФайлами.ОбновитьФайл(ПрисоединенныйФайл, ИнформацияОФайле);
							ОбщийМодуль.РаботаСФайлами.Модуль : 323 : РаботаСФайламиСлужебный.ОбновитьФайл(ИнформацияОФайле, ПрисоединенныйФайл);
								ОбщийМодуль.РаботаСФайламиСлужебный.Модуль : 4756 : ОбновитьДвоичныеДанныеФайлаНаСервере(ПрисоединенныйФайл, ДвоичныеДанные, РеквизитыЗначения);
									ОбщийМодуль.РаботаСФайламиСлужебный.Модуль : 4397 : БлокировкаДанных.Заблокировать();'
00:07.113008-0,EXCP,5,process=rphost,p:processName=bi_bk3wk1_prod_01,OSThread=5728,t:clientID=385,t:applicationName=BackgroundJob,t:computerName=DC2BUHAPP11,t:connectID=362,SessionID=3,Usr=DefUser,DBMS=DBMSSQL,DataBase=CLSBUHDB01\bi_bk3wk1_prod_01,ClientID=383,Exception=NetDataExchangeException,Descr=' server_addr=tcp://DC2BUHAPP11:2541 descr=recv returns zero, disconnected line=1587 file=d:\jenkins\ci_builder2\windowsbuild2\platform\src\rtrsrvc\src\dataexchangetcpclientimpl.cpp',Context='
ОбщийМодуль.ЭСФСервер.Модуль : 1228 : ЭтоПоследняяПорция = ПолучитьДанныеНовыхЭСФ(Перечисления.НаправленияЭСФ.Входящий, ДанныеПрофиляИСЭСФ, Ложь, Ложь, ИдентификаторСессии, ВерсияИСЭСФ, ПараметрыМетодаВходящихЭСФ, МассивИдентификаторовДляОбновленияСтатусаПриема);
	ОбщийМодуль.ЭСФСервер.Модуль : 61 : Возврат ЭСФСерверПовтИсп.ОбработкаОбменЭСФ().ПолучитьДанныеНовыхЭСФ(НаправлениеЭСФ, ПрофильИСЭСФ, ПолучитьОднуПорцию, ТолькоСоздатьОбновитьФайлы, ИдентификаторСессии, ВерсияИСЭСФ, ПараметрыМетодаЭСФ, МассивИдентификаторовДляОбновленияСтатусаПриема);
		Обработка.ОбменЭСФ.МодульОбъекта : 5632 : СоздатьОбновитьПолучаемыеЭСФ(InvoiceInfoList, НаправлениеЭСФ, ДанныеПрофиляИСЭСФ.СтруктурнаяЕдиница.Ссылка, Ложь, МассивИсключаемыхИД, Истина, МассивЭСФДляПолученияИдентификаторовТоваров);
			Обработка.ОбменЭСФ.МодульОбъекта : 5834 : СоздатьОбновитьПрисоединенныеXMLФайлыЭСФ(МассивЭСФ, InvoiceInfoList);
				Обработка.ОбменЭСФ.МодульОбъекта : 10078 : ЭСФСерверПереопределяемый.ОбновитьПрисоединенныйФайл(ОбъектЭСФ.ФайлЭСФ, ИнформацияОФайле);
					ОбщийМодуль.ЭСФСерверПереопределяемый.Модуль : 341 : ПрисоединенныеФайлы.ОбновитьПрисоединенныйФайл(ПрисоединенныйФайл, ИнформацияОФайле);
						ОбщийМодуль.ПрисоединенныеФайлы.Модуль : 224 : РаботаСФайлами.ОбновитьФайл(ПрисоединенныйФайл, ИнформацияОФайле);
							ОбщийМодуль.РаботаСФайлами.Модуль : 323 : РаботаСФайламиСлужебный.ОбновитьФайл(ИнформацияОФайле, ПрисоединенныйФайл);
								ОбщийМодуль.РаботаСФайламиСлужебный.Модуль : 4756 : ОбновитьДвоичныеДанныеФайлаНаСервере(ПрисоединенныйФайл, ДвоичныеДанные, РеквизитыЗначения);
									ОбщийМодуль.РаботаСФайламиСлужебный.Модуль : 4397 : БлокировкаДанных.Заблокировать();'
00:07.113009-0,EXCPCNTX,0,ClientComputerName=DC2BUHAPP11,ServerComputerName=DC2BUHAPP11,UserName=DefUser,ConnectString='Srvr="DC2BUHAPP11:2541";Ref="bi_bk3wk1_prod_01";',Context='
ОбщийМодуль.ЭСФСервер.Модуль : 1228 : ЭтоПоследняяПорция = ПолучитьДанныеНовыхЭСФ(Перечисления.НаправленияЭСФ.Входящий, ДанныеПрофиляИСЭСФ, Ложь, Ложь, ИдентификаторСессии, ВерсияИСЭСФ, ПараметрыМетодаВходящихЭСФ, МассивИдентификаторовДляОбновленияСтатусаПриема);
	ОбщийМодуль.ЭСФСервер.Модуль : 61 : Возврат ЭСФСерверПовтИсп.ОбработкаОбменЭСФ().ПолучитьДанныеНовыхЭСФ(НаправлениеЭСФ, ПрофильИСЭСФ, ПолучитьОднуПорцию, ТолькоСоздатьОбновитьФайлы, ИдентификаторСессии, ВерсияИСЭСФ, ПараметрыМетодаЭСФ, МассивИдентификаторовДляОбновленияСтатусаПриема);
		Обработка.ОбменЭСФ.МодульОбъекта : 5632 : СоздатьОбновитьПолучаемыеЭСФ(InvoiceInfoList, НаправлениеЭСФ, ДанныеПрофиляИСЭСФ.СтруктурнаяЕдиница.Ссылка, Ложь, МассивИсключаемыхИД, Истина, МассивЭСФДляПолученияИдентификаторовТоваров);
			Обработка.ОбменЭСФ.МодульОбъекта : 5834 : СоздатьОбновитьПрисоединенныеXMLФайлыЭСФ(МассивЭСФ, InvoiceInfoList);
				Обработка.ОбменЭСФ.МодульОбъекта : 10078 : ЭСФСерверПереопределяемый.ОбновитьПрисоединенныйФайл(ОбъектЭСФ.ФайлЭСФ, ИнформацияОФайле);
					ОбщийМодуль.ЭСФСерверПереопределяемый.Модуль : 341 : ПрисоединенныеФайлы.ОбновитьПрисоединенныйФайл(ПрисоединенныйФайл, ИнформацияОФайле);
						ОбщийМодуль.ПрисоединенныеФайлы.Модуль : 224 : РаботаСФайлами.ОбновитьФайл(ПрисоединенныйФайл, ИнформацияОФайле);
							ОбщийМодуль.РаботаСФайлами.Модуль : 323 : РаботаСФайламиСлужебный.ОбновитьФайл(ИнформацияОФайле, ПрисоединенныйФайл);
								ОбщийМодуль.РаботаСФайламиСлужебный.Модуль : 4756 : ОбновитьДвоичныеДанныеФайлаНаСервере(ПрисоединенныйФайл, ДвоичныеДанные, РеквизитыЗначения);
									ОбщийМодуль.РаботаСФайламиСлужебный.Модуль : 4397 : БлокировкаДанных.Заблокировать();'
00:07.113010-266010,EXCPCNTX,4,SrcName=TLOCK,process=rphost,p:processName=bi_bk3wk1_prod_01,OSThread=5728,t:clientID=385,t:applicationName=BackgroundJob,t:computerName=DC2BUHAPP11,t:connectID=362,SessionID=3,Usr=DefUser,DBMS=DBMSSQL,DataBase=CLSBUHDB01\bi_bk3wk1_prod_01,Regions=Reference207.REFLOCK,Locks='Reference207.REFLOCK Exclusive Fld750=0 ID=207:aaae001dd8b71ef511ea8e02fa2b5b3b',Context='
ОбщийМодуль.ЭСФСервер.Модуль : 1228 : ЭтоПоследняяПорция = ПолучитьДанныеНовыхЭСФ(Перечисления.НаправленияЭСФ.Входящий, ДанныеПрофиляИСЭСФ, Ложь, Ложь, ИдентификаторСессии, ВерсияИСЭСФ, ПараметрыМетодаВходящихЭСФ, МассивИдентификаторовДляОбновленияСтатусаПриема);
	ОбщийМодуль.ЭСФСервер.Модуль : 61 : Возврат ЭСФСерверПовтИсп.ОбработкаОбменЭСФ().ПолучитьДанныеНовыхЭСФ(НаправлениеЭСФ, ПрофильИСЭСФ, ПолучитьОднуПорцию, ТолькоСоздатьОбновитьФайлы, ИдентификаторСессии, ВерсияИСЭСФ, ПараметрыМетодаЭСФ, МассивИдентификаторовДляОбновленияСтатусаПриема);
		Обработка.ОбменЭСФ.МодульОбъекта : 5632 : СоздатьОбновитьПолучаемыеЭСФ(InvoiceInfoList, НаправлениеЭСФ, ДанныеПрофиляИСЭСФ.СтруктурнаяЕдиница.Ссылка, Ложь, МассивИсключаемыхИД, Истина, МассивЭСФДляПолученияИдентификаторовТоваров);
			Обработка.ОбменЭСФ.МодульОбъекта : 5834 : СоздатьОбновитьПрисоединенныеXMLФайлыЭСФ(МассивЭСФ, InvoiceInfoList);
				Обработка.ОбменЭСФ.МодульОбъекта : 10078 : ЭСФСерверПереопределяемый.ОбновитьПрисоединенныйФайл(ОбъектЭСФ.ФайлЭСФ, ИнформацияОФайле);
					ОбщийМодуль.ЭСФСерверПереопределяемый.Модуль : 341 : ПрисоединенныеФайлы.ОбновитьПрисоединенныйФайл(ПрисоединенныйФайл, ИнформацияОФайле);
						ОбщийМодуль.ПрисоединенныеФайлы.Модуль : 224 : РаботаСФайлами.ОбновитьФайл(ПрисоединенныйФайл, ИнформацияОФайле);
							ОбщийМодуль.РаботаСФайлами.Модуль : 323 : РаботаСФайламиСлужебный.ОбновитьФайл(ИнформацияОФайле, ПрисоединенныйФайл);
								ОбщийМодуль.РаботаСФайламиСлужебный.Модуль : 4756 : ОбновитьДвоичныеДанныеФайлаНаСервере(ПрисоединенныйФайл, ДвоичныеДанные, РеквизитыЗначения);
									ОбщийМодуль.РаботаСФайламиСлужебный.Модуль : 4397 : БлокировкаДанных.Заблокировать();'
00:07.113011-406009,EXCPCNTX,3,SrcName=SDBL,process=rphost,p:processName=bi_bk3wk1_prod_01,OSThread=5728,t:clientID=385,t:applicationName=BackgroundJob,t:computerName=DC2BUHAPP11,t:connectID=362,SessionID=3,Usr=DefUser,DBMS=DBMSSQL,DataBase=CLSBUHDB01\bi_bk3wk1_prod_01,Trans=0,Func=Transaction,Context='
ОбщийМодуль.ЭСФСервер.Модуль : 1228 : ЭтоПоследняяПорция = ПолучитьДанныеНовыхЭСФ(Перечисления.НаправленияЭСФ.Входящий, ДанныеПрофиляИСЭСФ, Ложь, Ложь, ИдентификаторСессии, ВерсияИСЭСФ, ПараметрыМетодаВходящихЭСФ, МассивИдентификаторовДляОбновленияСтатусаПриема);
	ОбщийМодуль.ЭСФСервер.Модуль : 61 : Возврат ЭСФСерверПовтИсп.ОбработкаОбменЭСФ().ПолучитьДанныеНовыхЭСФ(НаправлениеЭСФ, ПрофильИСЭСФ, ПолучитьОднуПорцию, ТолькоСоздатьОбновитьФайлы, ИдентификаторСессии, ВерсияИСЭСФ, ПараметрыМетодаЭСФ, МассивИдентификаторовДляОбновленияСтатусаПриема);
		Обработка.ОбменЭСФ.МодульОбъекта : 5632 : СоздатьОбновитьПолучаемыеЭСФ(InvoiceInfoList, НаправлениеЭСФ, ДанныеПрофиляИСЭСФ.СтруктурнаяЕдиница.Ссылка, Ложь, МассивИсключаемыхИД, Истина, МассивЭСФДляПолученияИдентификаторовТоваров);
			Обработка.ОбменЭСФ.МодульОбъекта : 5834 : СоздатьОбновитьПрисоединенныеXMLФайлыЭСФ(МассивЭСФ, InvoiceInfoList);
				Обработка.ОбменЭСФ.МодульОбъекта : 10078 : ЭСФСерверПереопределяемый.ОбновитьПрисоединенныйФайл(ОбъектЭСФ.ФайлЭСФ, ИнформацияОФайле);
					ОбщийМодуль.ЭСФСерверПереопределяемый.Модуль : 341 : ПрисоединенныеФайлы.ОбновитьПрисоединенныйФайл(ПрисоединенныйФайл, ИнформацияОФайле);
						ОбщийМодуль.ПрисоединенныеФайлы.Модуль : 224 : РаботаСФайлами.ОбновитьФайл(ПрисоединенныйФайл, ИнформацияОФайле);
							ОбщийМодуль.РаботаСФайлами.Модуль : 323 : РаботаСФайламиСлужебный.ОбновитьФайл(ИнформацияОФайле, ПрисоединенныйФайл);
								ОбщийМодуль.РаботаСФайламиСлужебный.Модуль : 4756 : ОбновитьДвоичныеДанныеФайлаНаСервере(ПрисоединенныйФайл, ДвоичныеДанные, РеквизитыЗначения);
									ОбщийМодуль.РаботаСФайламиСлужебный.Модуль : 4397 : БлокировкаДанных.Заблокировать();'
00:07.113012-406011,EXCPCNTX,2,SrcName=SDBL,process=rphost,p:processName=bi_bk3wk1_prod_01,OSThread=5728,t:clientID=385,t:applicationName=BackgroundJob,t:computerName=DC2BUHAPP11,t:connectID=362,SessionID=3,Usr=DefUser,DBMS=DBMSSQL,DataBase=CLSBUHDB01\bi_bk3wk1_prod_01,Trans=0,Func=HoldConnection,Context='
ОбщийМодуль.ЭСФСервер.Модуль : 1228 : ЭтоПоследняяПорция = ПолучитьДанныеНовыхЭСФ(Перечисления.НаправленияЭСФ.Входящий, ДанныеПрофиляИСЭСФ, Ложь, Ложь, ИдентификаторСессии, ВерсияИСЭСФ, ПараметрыМетодаВходящихЭСФ, МассивИдентификаторовДляОбновленияСтатусаПриема);
	ОбщийМодуль.ЭСФСервер.Модуль : 61 : Возврат ЭСФСерверПовтИсп.ОбработкаОбменЭСФ().ПолучитьДанныеНовыхЭСФ(НаправлениеЭСФ, ПрофильИСЭСФ, ПолучитьОднуПорцию, ТолькоСоздатьОбновитьФайлы, ИдентификаторСессии, ВерсияИСЭСФ, ПараметрыМетодаЭСФ, МассивИдентификаторовДляОбновленияСтатусаПриема);
		Обработка.ОбменЭСФ.МодульОбъекта : 5632 : СоздатьОбновитьПолучаемыеЭСФ(InvoiceInfoList, НаправлениеЭСФ, ДанныеПрофиляИСЭСФ.СтруктурнаяЕдиница.Ссылка, Ложь, МассивИсключаемыхИД, Истина, МассивЭСФДляПолученияИдентификаторовТоваров);
			Обработка.ОбменЭСФ.МодульОбъекта : 5834 : СоздатьОбновитьПрисоединенныеXMLФайлыЭСФ(МассивЭСФ, InvoiceInfoList);
				Обработка.ОбменЭСФ.МодульОбъекта : 10078 : ЭСФСерверПереопределяемый.ОбновитьПрисоединенныйФайл(ОбъектЭСФ.ФайлЭСФ, ИнформацияОФайле);
					ОбщийМодуль.ЭСФСерверПереопределяемый.Модуль : 341 : ПрисоединенныеФайлы.ОбновитьПрисоединенныйФайл(ПрисоединенныйФайл, ИнформацияОФайле);
						ОбщийМодуль.ПрисоединенныеФайлы.Модуль : 224 : РаботаСФайлами.ОбновитьФайл(ПрисоединенныйФайл, ИнформацияОФайле);
							ОбщийМодуль.РаботаСФайлами.Модуль : 323 : РаботаСФайламиСлужебный.ОбновитьФайл(ИнформацияОФайле, ПрисоединенныйФайл);
								ОбщийМодуль.РаботаСФайламиСлужебный.Модуль : 4756 : ОбновитьДвоичныеДанныеФайлаНаСервере(ПрисоединенныйФайл, ДвоичныеДанные, РеквизитыЗначения);
									ОбщийМодуль.РаботаСФайламиСлужебный.Модуль : 4397 : БлокировкаДанных.Заблокировать();'
00:07.113013-6297009,EXCPCNTX,1,SrcName=CALL,process=rphost,OSThread=5728,t:clientID=385,Usr=DefUser,SessionID=3,p:processName=bi_bk3wk1_prod_01,Func=Background job,Module=ЭСФСервер,Method=ВыполнитьСинхронизациюСИСЭСФ,Context='
ОбщийМодуль.ЭСФСервер.Модуль : 1228 : ЭтоПоследняяПорция = ПолучитьДанныеНовыхЭСФ(Перечисления.НаправленияЭСФ.Входящий, ДанныеПрофиляИСЭСФ, Ложь, Ложь, ИдентификаторСессии, ВерсияИСЭСФ, ПараметрыМетодаВходящихЭСФ, МассивИдентификаторовДляОбновленияСтатусаПриема);
	ОбщийМодуль.ЭСФСервер.Модуль : 61 : Возврат ЭСФСерверПовтИсп.ОбработкаОбменЭСФ().ПолучитьДанныеНовыхЭСФ(НаправлениеЭСФ, ПрофильИСЭСФ, ПолучитьОднуПорцию, ТолькоСоздатьОбновитьФайлы, ИдентификаторСессии, ВерсияИСЭСФ, ПараметрыМетодаЭСФ, МассивИдентификаторовДляОбновленияСтатусаПриема);
		Обработка.ОбменЭСФ.МодульОбъекта : 5632 : СоздатьОбновитьПолучаемыеЭСФ(InvoiceInfoList, НаправлениеЭСФ, ДанныеПрофиляИСЭСФ.СтруктурнаяЕдиница.Ссылка, Ложь, МассивИсключаемыхИД, Истина, МассивЭСФДляПолученияИдентификаторовТоваров);
			Обработка.ОбменЭСФ.МодульОбъекта : 5834 : СоздатьОбновитьПрисоединенныеXMLФайлыЭСФ(МассивЭСФ, InvoiceInfoList);
				Обработка.ОбменЭСФ.МодульОбъекта : 10078 : ЭСФСерверПереопределяемый.ОбновитьПрисоединенныйФайл(ОбъектЭСФ.ФайлЭСФ, ИнформацияОФайле);
					ОбщийМодуль.ЭСФСерверПереопределяемый.Модуль : 341 : ПрисоединенныеФайлы.ОбновитьПрисоединенныйФайл(ПрисоединенныйФайл, ИнформацияОФайле);
						ОбщийМодуль.ПрисоединенныеФайлы.Модуль : 224 : РаботаСФайлами.ОбновитьФайл(ПрисоединенныйФайл, ИнформацияОФайле);
							ОбщийМодуль.РаботаСФайлами.Модуль : 323 : РаботаСФайламиСлужебный.ОбновитьФайл(ИнформацияОФайле, ПрисоединенныйФайл);
								ОбщийМодуль.РаботаСФайламиСлужебный.Модуль : 4756 : ОбновитьДвоичныеДанныеФайлаНаСервере(ПрисоединенныйФайл, ДвоичныеДанные, РеквизитыЗначения);
									ОбщийМодуль.РаботаСФайламиСлужебный.Модуль : 4397 : БлокировкаДанных.Заблокировать();'
00:07.113014-6297012,EXCPCNTX,0,SrcName=CONN,process=rphost,OSThread=5728,t:clientID=385,Context='
ОбщийМодуль.ЭСФСервер.Модуль : 1228 : ЭтоПоследняяПорция = ПолучитьДанныеНовыхЭСФ(Перечисления.НаправленияЭСФ.Входящий, ДанныеПрофиляИСЭСФ, Ложь, Ложь, ИдентификаторСессии, ВерсияИСЭСФ, ПараметрыМетодаВходящихЭСФ, МассивИдентификаторовДляОбновленияСтатусаПриема);
	ОбщийМодуль.ЭСФСервер.Модуль : 61 : Возврат ЭСФСерверПовтИсп.ОбработкаОбменЭСФ().ПолучитьДанныеНовыхЭСФ(НаправлениеЭСФ, ПрофильИСЭСФ, ПолучитьОднуПорцию, ТолькоСоздатьОбновитьФайлы, ИдентификаторСессии, ВерсияИСЭСФ, ПараметрыМетодаЭСФ, МассивИдентификаторовДляОбновленияСтатусаПриема);
		Обработка.ОбменЭСФ.МодульОбъекта : 5632 : СоздатьОбновитьПолучаемыеЭСФ(InvoiceInfoList, НаправлениеЭСФ, ДанныеПрофиляИСЭСФ.СтруктурнаяЕдиница.Ссылка, Ложь, МассивИсключаемыхИД, Истина, МассивЭСФДляПолученияИдентификаторовТоваров);
			Обработка.ОбменЭСФ.МодульОбъекта : 5834 : СоздатьОбновитьПрисоединенныеXMLФайлыЭСФ(МассивЭСФ, InvoiceInfoList);
				Обработка.ОбменЭСФ.МодульОбъекта : 10078 : ЭСФСерверПереопределяемый.ОбновитьПрисоединенныйФайл(ОбъектЭСФ.ФайлЭСФ, ИнформацияОФайле);
					ОбщийМодуль.ЭСФСерверПереопределяемый.Модуль : 341 : ПрисоединенныеФайлы.ОбновитьПрисоединенныйФайл(ПрисоединенныйФайл, ИнформацияОФайле);
						ОбщийМодуль.ПрисоединенныеФайлы.Модуль : 224 : РаботаСФайлами.ОбновитьФайл(ПрисоединенныйФайл, ИнформацияОФайле);
							ОбщийМодуль.РаботаСФайлами.Модуль : 323 : РаботаСФайламиСлужебный.ОбновитьФайл(ИнформацияОФайле, ПрисоединенныйФайл);
								ОбщийМодуль.РаботаСФайламиСлужебный.Модуль : 4756 : ОбновитьДвоичныеДанныеФайлаНаСервере(ПрисоединенныйФайл, ДвоичныеДанные, РеквизитыЗначения);
									ОбщийМодуль.РаботаСФайламиСлужебный.Модуль : 4397 : БлокировкаДанных.Заблокировать();'
00:07.113015-0,EXCP,5,process=rphost,p:processName=bi_bk3wk1_prod_01,OSThread=5728,t:clientID=385,t:applicationName=BackgroundJob,t:computerName=DC2BUHAPP11,t:connectID=362,SessionID=3,Usr=DefUser,DBMS=DBMSSQL,DataBase=CLSBUHDB01\bi_bk3wk1_prod_01,Exception=81029657-3fe6-4cd6-80c0-36de78fe6657,Descr='src\rtrsrvc\src\remoteinterfaceimpl.cpp(825):
81029657-3fe6-4cd6-80c0-36de78fe6657:  server_addr=tcp://DC2BUHAPP11:2541 descr=recv returns zero, disconnected line=1587 file=d:\jenkins\ci_builder2\windowsbuild2\platform\src\rtrsrvc\src\dataexchangetcpclientimpl.cpp',Context='
ОбщийМодуль.ЭСФСервер.Модуль : 1228 : ЭтоПоследняяПорция = ПолучитьДанныеНовыхЭСФ(Перечисления.НаправленияЭСФ.Входящий, ДанныеПрофиляИСЭСФ, Ложь, Ложь, ИдентификаторСессии, ВерсияИСЭСФ, ПараметрыМетодаВходящихЭСФ, МассивИдентификаторовДляОбновленияСтатусаПриема);
	ОбщийМодуль.ЭСФСервер.Модуль : 61 : Возврат ЭСФСерверПовтИсп.ОбработкаОбменЭСФ().ПолучитьДанныеНовыхЭСФ(НаправлениеЭСФ, ПрофильИСЭСФ, ПолучитьОднуПорцию, ТолькоСоздатьОбновитьФайлы, ИдентификаторСессии, ВерсияИСЭСФ, ПараметрыМетодаЭСФ, МассивИдентификаторовДляОбновленияСтатусаПриема);
		Обработка.ОбменЭСФ.МодульОбъекта : 5632 : СоздатьОбновитьПолучаемыеЭСФ(InvoiceInfoList, НаправлениеЭСФ, ДанныеПрофиляИСЭСФ.СтруктурнаяЕдиница.Ссылка, Ложь, МассивИсключаемыхИД, Истина, МассивЭСФДляПолученияИдентификаторовТоваров);
			Обработка.ОбменЭСФ.МодульОбъекта : 5834 : СоздатьОбновитьПрисоединенныеXMLФайлыЭСФ(МассивЭСФ, InvoiceInfoList);
				Обработка.ОбменЭСФ.МодульОбъекта : 10078 : ЭСФСерверПереопределяемый.ОбновитьПрисоединенныйФайл(ОбъектЭСФ.ФайлЭСФ, ИнформацияОФайле);
					ОбщийМодуль.ЭСФСерверПереопределяемый.Модуль : 341 : ПрисоединенныеФайлы.ОбновитьПрисоединенныйФайл(ПрисоединенныйФайл, ИнформацияОФайле);
						ОбщийМодуль.ПрисоединенныеФайлы.Модуль : 224 : РаботаСФайлами.ОбновитьФайл(ПрисоединенныйФайл, ИнформацияОФайле);
							ОбщийМодуль.РаботаСФайлами.Модуль : 323 : РаботаСФайламиСлужебный.ОбновитьФайл(ИнформацияОФайле, ПрисоединенныйФайл);
								ОбщийМодуль.РаботаСФайламиСлужебный.Модуль : 4756 : ОбновитьДвоичныеДанныеФайлаНаСервере(ПрисоединенныйФайл, ДвоичныеДанные, РеквизитыЗначения);
									ОбщийМодуль.РаботаСФайламиСлужебный.Модуль : 4397 : БлокировкаДанных.Заблокировать();'
00:07.113018-0,EXCP,5,process=rphost,p:processName=bi_bk3wk1_prod_01,OSThread=5728,t:clientID=385,t:applicationName=BackgroundJob,t:computerName=DC2BUHAPP11,t:connectID=362,SessionID=3,Usr=DefUser,DBMS=DBMSSQL,DataBase=CLSBUHDB01\bi_bk3wk1_prod_01,Exception=81029657-3fe6-4cd6-80c0-36de78fe6657,Descr='src\rserver\src\rmngrcalls.cpp(543):
81029657-3fe6-4cd6-80c0-36de78fe6657:  server_addr=tcp://DC2BUHAPP11:2541 descr=recv returns zero, disconnected line=1587 file=d:\jenkins\ci_builder2\windowsbuild2\platform\src\rtrsrvc\src\dataexchangetcpclientimpl.cpp',Context='
ОбщийМодуль.ЭСФСервер.Модуль : 1228 : ЭтоПоследняяПорция = ПолучитьДанныеНовыхЭСФ(Перечисления.НаправленияЭСФ.Входящий, ДанныеПрофиляИСЭСФ, Ложь, Ложь, ИдентификаторСессии, ВерсияИСЭСФ, ПараметрыМетодаВходящихЭСФ, МассивИдентификаторовДляОбновленияСтатусаПриема);
	ОбщийМодуль.ЭСФСервер.Модуль : 61 : Возврат ЭСФСерверПовтИсп.ОбработкаОбменЭСФ().ПолучитьДанныеНовыхЭСФ(НаправлениеЭСФ, ПрофильИСЭСФ, ПолучитьОднуПорцию, ТолькоСоздатьОбновитьФайлы, ИдентификаторСессии, ВерсияИСЭСФ, ПараметрыМетодаЭСФ, МассивИдентификаторовДляОбновленияСтатусаПриема);
		Обработка.ОбменЭСФ.МодульОбъекта : 5632 : СоздатьОбновитьПолучаемыеЭСФ(InvoiceInfoList, НаправлениеЭСФ, ДанныеПрофиляИСЭСФ.СтруктурнаяЕдиница.Ссылка, Ложь, МассивИсключаемыхИД, Истина, МассивЭСФДляПолученияИдентификаторовТоваров);
			Обработка.ОбменЭСФ.МодульОбъекта : 5834 : СоздатьОбновитьПрисоединенныеXMLФайлыЭСФ(МассивЭСФ, InvoiceInfoList);
				Обработка.ОбменЭСФ.МодульОбъекта : 10078 : ЭСФСерверПереопределяемый.ОбновитьПрисоединенныйФайл(ОбъектЭСФ.ФайлЭСФ, ИнформацияОФайле);
					ОбщийМодуль.ЭСФСерверПереопределяемый.Модуль : 341 : ПрисоединенныеФайлы.ОбновитьПрисоединенныйФайл(ПрисоединенныйФайл, ИнформацияОФайле);
						ОбщийМодуль.ПрисоединенныеФайлы.Модуль : 224 : РаботаСФайлами.ОбновитьФайл(ПрисоединенныйФайл, ИнформацияОФайле);
							ОбщийМодуль.РаботаСФайлами.Модуль : 323 : РаботаСФайламиСлужебный.ОбновитьФайл(ИнформацияОФайле, ПрисоединенныйФайл);
								ОбщийМодуль.РаботаСФайламиСлужебный.Модуль : 4756 : ОбновитьДвоичныеДанныеФайлаНаСервере(ПрисоединенныйФайл, ДвоичныеДанные, РеквизитыЗначения);
									ОбщийМодуль.РаботаСФайламиСлужебный.Модуль : 4397 : БлокировкаДанных.Заблокировать();'
00:07.129002-0,EXCP,4,process=rphost,p:processName=bi_bk3wk1_prod_01,OSThread=8160,t:clientID=386,t:applicationName=BackgroundJob,t:computerName=DC2BUHAPP11,t:connectID=361,SessionID=2,Usr=DefUser,DBMS=DBMSSQL,DataBase=CLSBUHDB01\bi_bk3wk1_prod_01,ClientID=364,Exception=NetDataExchangeException,Descr=' server_addr=tcp://DC2BUHAPP11:2541 descr=10054(0x00002746): Удаленный хост принудительно разорвал существующее подключение.  line=1452 file=d:\jenkins\ci_builder2\windowsbuild2\platform\src\rtrsrvc\src\dataexchangetcpclientimpl.cpp
server_addr=tcp://DC2BUHAPP11:2541 descr=10054(0x00002746): Удаленный хост принудительно разорвал существующее подключение.  line=1982 file=d:\jenkins\ci_builder2\windowsbuild2\platform\src\rtrsrvc\src\dataexchangetcpclientimpl.cpp',Context='
ОбщийМодуль.ПолнотекстовыйПоискСервер.Модуль : 148 : ОбновлениеИндексаППД();
	ОбщийМодуль.ПолнотекстовыйПоискСервер.Модуль : 6 : ОбновитьИндекс(НСтр("ru = ''Обновление индекса ППД''"), Ложь, Истина);
		ОбщийМодуль.ПолнотекстовыйПоискСервер.Модуль : 461 : ПолнотекстовыйПоиск.ОбновитьИндекс(РазрешитьСлияние, Порциями);'
00:07.129003-0,EXCPCNTX,0,ClientComputerName=DC2BUHAPP11,ServerComputerName=DC2BUHAPP11,UserName=DefUser,ConnectString='Srvr="DC2BUHAPP11:2541";Ref="bi_bk3wk1_prod_01";',Context='
ОбщийМодуль.ПолнотекстовыйПоискСервер.Модуль : 148 : ОбновлениеИндексаППД();
	ОбщийМодуль.ПолнотекстовыйПоискСервер.Модуль : 6 : ОбновитьИндекс(НСтр("ru = ''Обновление индекса ППД''"), Ложь, Истина);
		ОбщийМодуль.ПолнотекстовыйПоискСервер.Модуль : 461 : ПолнотекстовыйПоиск.ОбновитьИндекс(РазрешитьСлияние, Порциями);'
00:07.129004-3,EXCPCNTX,3,SrcName=SCALL,process=rphost,p:processName=bi_bk3wk1_prod_01,OSThread=8160,t:clientID=386,t:applicationName=BackgroundJob,t:computerName=DC2BUHAPP11,t:connectID=361,SessionID=2,Usr=DefUser,DBMS=DBMSSQL,DataBase=CLSBUHDB01\bi_bk3wk1_prod_01,ClientID=364,Interface=b3711610-b248-42aa-a215-5d7150a5f7fd,IName=IClusterMiscUtils,Method=0,CallID=474597,MName=isItTimeToGetLocks,Context='
ОбщийМодуль.ПолнотекстовыйПоискСервер.Модуль : 148 : ОбновлениеИндексаППД();
	ОбщийМодуль.ПолнотекстовыйПоискСервер.Модуль : 6 : ОбновитьИндекс(НСтр("ru = ''Обновление индекса ППД''"), Ложь, Истина);
		ОбщийМодуль.ПолнотекстовыйПоискСервер.Модуль : 461 : ПолнотекстовыйПоиск.ОбновитьИндекс(РазрешитьСлияние, Порциями);'
00:07.129005-437999,EXCPCNTX,3,SrcName=SDBL,process=rphost,p:processName=bi_bk3wk1_prod_01,OSThread=8160,t:clientID=386,t:applicationName=BackgroundJob,t:computerName=DC2BUHAPP11,t:connectID=361,SessionID=2,Usr=DefUser,DBMS=DBMSSQL,DataBase=CLSBUHDB01\bi_bk3wk1_prod_01,Trans=0,Sdbl='SELECT Period, Recorder, Active, AccountDt, AccountCt, Fld15937, Fld15938Dt, Fld15938Ct, Fld15939, Fld15940Dt, Fld15940Ct, Fld15941Dt, Fld15941Ct, Fld15942, Fld15943, Fld15944, Fld15945 FROM AccRg15936 WHERE Recorder IN (327:aaaa001dd8b71ef511ea7efae6fc78b2, 327:aaae001dd8b71ef511ea8e3b8564c6d6, 327:aaae001dd8b71ef511ea8e3cddbe9763, 327:aaae001dd8b71ef511ea8e3d836a7d18, 352:aaab001dd8b71ef511ea83b0ce1a6e1e, 352:aaab001dd8b71ef511ea83b59c6f5b21, 352:aaab001dd8b71ef511ea83bd2cbac2b9, 352:aaab001dd8b71ef511ea83bf27f12d59, 352:aaac001dd8b71ef511ea894143b1985f)',Context='
ОбщийМодуль.ПолнотекстовыйПоискСервер.Модуль : 148 : ОбновлениеИндексаППД();
	ОбщийМодуль.ПолнотекстовыйПоискСервер.Модуль : 6 : ОбновитьИндекс(НСтр("ru = ''Обновление индекса ППД''"), Ложь, Истина);
		ОбщийМодуль.ПолнотекстовыйПоискСервер.Модуль : 461 : ПолнотекстовыйПоиск.ОбновитьИндекс(РазрешитьСлияние, Порциями);'
00:07.129006-6313001,EXCPCNTX,1,SrcName=CALL,process=rphost,OSThread=8160,t:clientID=386,Usr=DefUser,SessionID=2,p:processName=bi_bk3wk1_prod_01,Func=Background job,Module=ПолнотекстовыйПоискСервер,Method=ОбновлениеИндексаППДПоРасписанию,Context='
ОбщийМодуль.ПолнотекстовыйПоискСервер.Модуль : 148 : ОбновлениеИндексаППД();
	ОбщийМодуль.ПолнотекстовыйПоискСервер.Модуль : 6 : ОбновитьИндекс(НСтр("ru = ''Обновление индекса ППД''"), Ложь, Истина);
		ОбщийМодуль.ПолнотекстовыйПоискСервер.Модуль : 461 : ПолнотекстовыйПоиск.ОбновитьИндекс(РазрешитьСлияние, Порциями);'
00:07.129007-6313004,EXCPCNTX,0,SrcName=CONN,process=rphost,OSThread=8160,t:clientID=386,Context='
ОбщийМодуль.ПолнотекстовыйПоискСервер.Модуль : 148 : ОбновлениеИндексаППД();
	ОбщийМодуль.ПолнотекстовыйПоискСервер.Модуль : 6 : ОбновитьИндекс(НСтр("ru = ''Обновление индекса ППД''"), Ложь, Истина);
		ОбщийМодуль.ПолнотекстовыйПоискСервер.Модуль : 461 : ПолнотекстовыйПоиск.ОбновитьИндекс(РазрешитьСлияние, Порциями);'
00:07.129009-0,EXCP,3,process=rphost,p:processName=bi_bk3wk1_prod_01,OSThread=8160,t:clientID=386,t:applicationName=BackgroundJob,t:computerName=DC2BUHAPP11,t:connectID=361,SessionID=2,Usr=DefUser,DBMS=DBMSSQL,DataBase=CLSBUHDB01\bi_bk3wk1_prod_01,ClientID=364,Exception=NetDataExchangeException,Descr=' server_addr=tcp://DC2BUHAPP11:2541 descr=10054(0x00002746): Удаленный хост принудительно разорвал существующее подключение.  line=1452 file=d:\jenkins\ci_builder2\windowsbuild2\platform\src\rtrsrvc\src\dataexchangetcpclientimpl.cpp',Context='
ОбщийМодуль.ПолнотекстовыйПоискСервер.Модуль : 148 : ОбновлениеИндексаППД();
	ОбщийМодуль.ПолнотекстовыйПоискСервер.Модуль : 6 : ОбновитьИндекс(НСтр("ru = ''Обновление индекса ППД''"), Ложь, Истина);
		ОбщийМодуль.ПолнотекстовыйПоискСервер.Модуль : 461 : ПолнотекстовыйПоиск.ОбновитьИндекс(РазрешитьСлияние, Порциями);'
00:07.129010-0,EXCPCNTX,0,ClientComputerName=DC2BUHAPP11,ServerComputerName=DC2BUHAPP11,UserName=DefUser,ConnectString='Srvr="DC2BUHAPP11:2541";Ref="bi_bk3wk1_prod_01";',Context='
ОбщийМодуль.ПолнотекстовыйПоискСервер.Модуль : 148 : ОбновлениеИндексаППД();
	ОбщийМодуль.ПолнотекстовыйПоискСервер.Модуль : 6 : ОбновитьИндекс(НСтр("ru = ''Обновление индекса ППД''"), Ложь, Истина);
		ОбщийМодуль.ПолнотекстовыйПоискСервер.Модуль : 461 : ПолнотекстовыйПоиск.ОбновитьИндекс(РазрешитьСлияние, Порциями);'
00:07.129011-438005,EXCPCNTX,3,SrcName=SDBL,process=rphost,p:processName=bi_bk3wk1_prod_01,OSThread=8160,t:clientID=386,t:applicationName=BackgroundJob,t:computerName=DC2BUHAPP11,t:connectID=361,SessionID=2,Usr=DefUser,DBMS=DBMSSQL,DataBase=CLSBUHDB01\bi_bk3wk1_prod_01,Trans=0,Sdbl='SELECT Period, Recorder, Active, AccountDt, AccountCt, Fld15937, Fld15938Dt, Fld15938Ct, Fld15939, Fld15940Dt, Fld15940Ct, Fld15941Dt, Fld15941Ct, Fld15942, Fld15943, Fld15944, Fld15945 FROM AccRg15936 WHERE Recorder IN (327:aaaa001dd8b71ef511ea7efae6fc78b2, 327:aaae001dd8b71ef511ea8e3b8564c6d6, 327:aaae001dd8b71ef511ea8e3cddbe9763, 327:aaae001dd8b71ef511ea8e3d836a7d18, 352:aaab001dd8b71ef511ea83b0ce1a6e1e, 352:aaab001dd8b71ef511ea83b59c6f5b21, 352:aaab001dd8b71ef511ea83bd2cbac2b9, 352:aaab001dd8b71ef511ea83bf27f12d59, 352:aaac001dd8b71ef511ea894143b1985f)',Context='
ОбщийМодуль.ПолнотекстовыйПоискСервер.Модуль : 148 : ОбновлениеИндексаППД();
	ОбщийМодуль.ПолнотекстовыйПоискСервер.Модуль : 6 : ОбновитьИндекс(НСтр("ru = ''Обновление индекса ППД''"), Ложь, Истина);
		ОбщийМодуль.ПолнотекстовыйПоискСервер.Модуль : 461 : ПолнотекстовыйПоиск.ОбновитьИндекс(РазрешитьСлияние, Порциями);'
00:07.129012-6313007,EXCPCNTX,1,SrcName=CALL,process=rphost,OSThread=8160,t:clientID=386,Usr=DefUser,SessionID=2,p:processName=bi_bk3wk1_prod_01,Func=Background job,Module=ПолнотекстовыйПоискСервер,Method=ОбновлениеИндексаППДПоРасписанию,Context='
ОбщийМодуль.ПолнотекстовыйПоискСервер.Модуль : 148 : ОбновлениеИндексаППД();
	ОбщийМодуль.ПолнотекстовыйПоискСервер.Модуль : 6 : ОбновитьИндекс(НСтр("ru = ''Обновление индекса ППД''"), Ложь, Истина);
		ОбщийМодуль.ПолнотекстовыйПоискСервер.Модуль : 461 : ПолнотекстовыйПоиск.ОбновитьИндекс(РазрешитьСлияние, Порциями);'
00:07.129013-6313010,EXCPCNTX,0,SrcName=CONN,process=rphost,OSThread=8160,t:clientID=386,Context='
ОбщийМодуль.ПолнотекстовыйПоискСервер.Модуль : 148 : ОбновлениеИндексаППД();
	ОбщийМодуль.ПолнотекстовыйПоискСервер.Модуль : 6 : ОбновитьИндекс(НСтр("ru = ''Обновление индекса ППД''"), Ложь, Истина);
		ОбщийМодуль.ПолнотекстовыйПоискСервер.Модуль : 461 : ПолнотекстовыйПоиск.ОбновитьИндекс(РазрешитьСлияние, Порциями);'
00:07.129014-0,EXCP,3,process=rphost,p:processName=bi_bk3wk1_prod_01,OSThread=8160,t:clientID=386,t:applicationName=BackgroundJob,t:computerName=DC2BUHAPP11,t:connectID=361,SessionID=2,Usr=DefUser,DBMS=DBMSSQL,DataBase=CLSBUHDB01\bi_bk3wk1_prod_01,Exception=81029657-3fe6-4cd6-80c0-36de78fe6657,Descr='src\rtrsrvc\src\remoteinterfaceimpl.cpp(825):
81029657-3fe6-4cd6-80c0-36de78fe6657:  server_addr=tcp://DC2BUHAPP11:2541 descr=10054(0x00002746): Удаленный хост принудительно разорвал существующее подключение.  line=1452 file=d:\jenkins\ci_builder2\windowsbuild2\platform\src\rtrsrvc\src\dataexchangetcpclientimpl.cpp
server_addr=tcp://DC2BUHAPP11:2541 descr=10054(0x00002746): Удаленный хост принудительно разорвал существующее подключение.  line=1982 file=d:\jenkins\ci_builder2\windowsbuild2\platform\src\rtrsrvc\src\dataexchangetcpclientimpl.cpp',Context='
ОбщийМодуль.ПолнотекстовыйПоискСервер.Модуль : 148 : ОбновлениеИндексаППД();
	ОбщийМодуль.ПолнотекстовыйПоискСервер.Модуль : 6 : ОбновитьИндекс(НСтр("ru = ''Обновление индекса ППД''"), Ложь, Истина);
		ОбщийМодуль.ПолнотекстовыйПоискСервер.Модуль : 461 : ПолнотекстовыйПоиск.ОбновитьИндекс(РазрешитьСлияние, Порциями);'
00:07.129017-0,EXCP,3,process=rphost,p:processName=bi_bk3wk1_prod_01,OSThread=8160,t:clientID=386,t:applicationName=BackgroundJob,t:computerName=DC2BUHAPP11,t:connectID=361,SessionID=2,Usr=DefUser,DBMS=DBMSSQL,DataBase=CLSBUHDB01\bi_bk3wk1_prod_01,Exception=81029657-3fe6-4cd6-80c0-36de78fe6657,Descr='src\rserver\src\rmngrcalls.cpp(543):
81029657-3fe6-4cd6-80c0-36de78fe6657:  server_addr=tcp://DC2BUHAPP11:2541 descr=10054(0x00002746): Удаленный хост принудительно разорвал существующее подключение.  line=1452 file=d:\jenkins\ci_builder2\windowsbuild2\platform\src\rtrsrvc\src\dataexchangetcpclientimpl.cpp
server_addr=tcp://DC2BUHAPP11:2541 descr=10054(0x00002746): Удаленный хост принудительно разорвал существующее подключение.  line=1982 file=d:\jenkins\ci_builder2\windowsbuild2\platform\src\rtrsrvc\src\dataexchangetcpclientimpl.cpp',Context='
ОбщийМодуль.ПолнотекстовыйПоискСервер.Модуль : 148 : ОбновлениеИндексаППД();
	ОбщийМодуль.ПолнотекстовыйПоискСервер.Модуль : 6 : ОбновитьИндекс(НСтр("ru = ''Обновление индекса ППД''"), Ложь, Истина);
		ОбщийМодуль.ПолнотекстовыйПоискСервер.Модуль : 461 : ПолнотекстовыйПоиск.ОбновитьИндекс(РазрешитьСлияние, Порциями);'
00:07.144000-0,PROC,0,process=rphost,OSThread=1320,Txt='Process terminated.
Stop signal received (ragent)'
00:09.332001-0,EXCP,1,process=rphost,OSThread=8012,ClientID=390,Exception=NetDataExchangeException,Descr='server_addr=tcp://DC2BUHAPP11:2541 descr=10.224.32.194:2541:10061(0x0000274D): Подключение не установлено, т.к. конечный компьютер отверг запрос на подключение. ;
[fe80::58e3:cae6:d402:555c%4]:2541:10061(0x0000274D): Подключение не установлено, т.к. конечный компьютер отверг запрос на подключение. ;
 line=1056 file=d:\jenkins\ci_builder2\windowsbuild2\platform\src\rtrsrvc\src\dataexchangetcpclientimpl.cpp'
00:09.332002-0,EXCPCNTX,0,ClientComputerName=,ServerComputerName=,UserName=,ConnectString=
00:09.332003-2032003,EXCPCNTX,0,SrcName=CONN,process=rphost,OSThread=8012,ClientID=390,Txt=Outgoing connection closed
00:09.332005-0,EXCP,0,process=rphost,OSThread=8012,Exception=81029657-3fe6-4cd6-80c0-36de78fe6657,Descr='src\rserver\src\rmngrcalls.cpp(616):
81029657-3fe6-4cd6-80c0-36de78fe6657: server_addr=tcp://DC2BUHAPP11:2541 descr=10.224.32.194:2541:10061(0x0000274D): Подключение не установлено, т.к. конечный компьютер отверг запрос на подключение. ;
[fe80::58e3:cae6:d402:555c%4]:2541:10061(0x0000274D): Подключение не установлено, т.к. конечный компьютер отверг запрос на подключение. ;
 line=1056 file=d:\jenkins\ci_builder2\windowsbuild2\platform\src\rtrsrvc\src\dataexchangetcpclientimpl.cpp'
00:09.332006-0,EXCP,0,process=rphost,OSThread=8012,Exception=81029657-3fe6-4cd6-80c0-36de78fe6657,Descr='src\rserver\src\rhostimpl.cpp(5770):
81029657-3fe6-4cd6-80c0-36de78fe6657: server_addr=tcp://DC2BUHAPP11:2541 descr=10.224.32.194:2541:10061(0x0000274D): Подключение не установлено, т.к. конечный компьютер отверг запрос на подключение. ;
[fe80::58e3:cae6:d402:555c%4]:2541:10061(0x0000274D): Подключение не установлено, т.к. конечный компьютер отверг запрос на подключение. ;
 line=1056 file=d:\jenkins\ci_builder2\windowsbuild2\platform\src\rtrsrvc\src\dataexchangetcpclientimpl.cpp'
00:09.347000-0,EXCP,1,process=rphost,OSThread=3180,ClientID=391,Exception=NetDataExchangeException,Descr='server_addr=tcp://DC2BUHAPP11:2541 descr=10.224.32.194:2541:10061(0x0000274D): Подключение не установлено, т.к. конечный компьютер отверг запрос на подключение. ;
[fe80::58e3:cae6:d402:555c%4]:2541:10061(0x0000274D): Подключение не установлено, т.к. конечный компьютер отверг запрос на подключение. ;
 line=1056 file=d:\jenkins\ci_builder2\windowsbuild2\platform\src\rtrsrvc\src\dataexchangetcpclientimpl.cpp'
00:09.347001-0,EXCPCNTX,0,ClientComputerName=,ServerComputerName=,UserName=,ConnectString=
00:09.347002-2047001,EXCPCNTX,0,SrcName=CONN,process=rphost,OSThread=3180,ClientID=391,Txt=Outgoing connection closed
00:09.347004-0,EXCP,0,process=rphost,OSThread=3180,Exception=81029657-3fe6-4cd6-80c0-36de78fe6657,Descr='src\rserver\src\rmngrcalls.cpp(616):
81029657-3fe6-4cd6-80c0-36de78fe6657: server_addr=tcp://DC2BUHAPP11:2541 descr=10.224.32.194:2541:10061(0x0000274D): Подключение не установлено, т.к. конечный компьютер отверг запрос на подключение. ;
[fe80::58e3:cae6:d402:555c%4]:2541:10061(0x0000274D): Подключение не установлено, т.к. конечный компьютер отверг запрос на подключение. ;
 line=1056 file=d:\jenkins\ci_builder2\windowsbuild2\platform\src\rtrsrvc\src\dataexchangetcpclientimpl.cpp'
00:09.347005-0,EXCP,0,process=rphost,OSThread=3180,Exception=81029657-3fe6-4cd6-80c0-36de78fe6657,Descr='src\rserver\src\rhostimpl.cpp(6261):
81029657-3fe6-4cd6-80c0-36de78fe6657: server_addr=tcp://DC2BUHAPP11:2541 descr=10.224.32.194:2541:10061(0x0000274D): Подключение не установлено, т.к. конечный компьютер отверг запрос на подключение. ;
[fe80::58e3:cae6:d402:555c%4]:2541:10061(0x0000274D): Подключение не установлено, т.к. конечный компьютер отверг запрос на подключение. ;
 line=1056 file=d:\jenkins\ci_builder2\windowsbuild2\platform\src\rtrsrvc\src\dataexchangetcpclientimpl.cpp'
00:09.550000-0,EXCP,1,process=rphost,OSThread=2168,ClientID=392,Exception=NetDataExchangeException,Descr='server_addr=tcp://DC2BUHAPP11:2541 descr=10.224.32.194:2541:10061(0x0000274D): Подключение не установлено, т.к. конечный компьютер отверг запрос на подключение. ;
[fe80::58e3:cae6:d402:555c%4]:2541:10061(0x0000274D): Подключение не установлено, т.к. конечный компьютер отверг запрос на подключение. ;
 line=1056 file=d:\jenkins\ci_builder2\windowsbuild2\platform\src\rtrsrvc\src\dataexchangetcpclientimpl.cpp'
00:09.550003-0,EXCPCNTX,0,ClientComputerName=,ServerComputerName=,UserName=,ConnectString=
00:09.550004-2062004,EXCPCNTX,0,SrcName=CONN,process=rphost,OSThread=2168,ClientID=392,Txt=Outgoing connection closed
00:09.550002-0,EXCP,4,process=rphost,p:processName=bi_bk3wk1_prod_01,OSThread=8160,t:clientID=386,t:applicationName=BackgroundJob,t:computerName=DC2BUHAPP11,t:connectID=361,SessionID=2,Usr=DefUser,DBMS=DBMSSQL,DataBase=CLSBUHDB01\bi_bk3wk1_prod_01,ClientID=393,Exception=NetDataExchangeException,Descr='server_addr=tcp://DC2BUHAPP11:2541 descr=10.224.32.194:2541:10061(0x0000274D): Подключение не установлено, т.к. конечный компьютер отверг запрос на подключение. ;
[fe80::58e3:cae6:d402:555c%4]:2541:10061(0x0000274D): Подключение не установлено, т.к. конечный компьютер отверг запрос на подключение. ;
 line=1056 file=d:\jenkins\ci_builder2\windowsbuild2\platform\src\rtrsrvc\src\dataexchangetcpclientimpl.cpp',Context='
ОбщийМодуль.ПолнотекстовыйПоискСервер.Модуль : 148 : ОбновлениеИндексаППД();
	ОбщийМодуль.ПолнотекстовыйПоискСервер.Модуль : 6 : ОбновитьИндекс(НСтр("ru = ''Обновление индекса ППД''"), Ложь, Истина);
		ОбщийМодуль.ПолнотекстовыйПоискСервер.Модуль : 461 : ПолнотекстовыйПоиск.ОбновитьИндекс(РазрешитьСлияние, Порциями);'
00:09.550001-0,EXCP,6,process=rphost,p:processName=bi_bk3wk1_prod_01,OSThread=5728,t:clientID=385,t:applicationName=BackgroundJob,t:computerName=DC2BUHAPP11,t:connectID=362,SessionID=3,Usr=DefUser,DBMS=DBMSSQL,DataBase=CLSBUHDB01\bi_bk3wk1_prod_01,ClientID=394,Exception=NetDataExchangeException,Descr='server_addr=tcp://DC2BUHAPP11:2541 descr=10.224.32.194:2541:10061(0x0000274D): Подключение не установлено, т.к. конечный компьютер отверг запрос на подключение. ;
[fe80::58e3:cae6:d402:555c%4]:2541:10061(0x0000274D): Подключение не установлено, т.к. конечный компьютер отверг запрос на подключение. ;
 line=1056 file=d:\jenkins\ci_builder2\windowsbuild2\platform\src\rtrsrvc\src\dataexchangetcpclientimpl.cpp',Context='
ОбщийМодуль.ЭСФСервер.Модуль : 1228 : ЭтоПоследняяПорция = ПолучитьДанныеНовыхЭСФ(Перечисления.НаправленияЭСФ.Входящий, ДанныеПрофиляИСЭСФ, Ложь, Ложь, ИдентификаторСессии, ВерсияИСЭСФ, ПараметрыМетодаВходящихЭСФ, МассивИдентификаторовДляОбновленияСтатусаПриема);
	ОбщийМодуль.ЭСФСервер.Модуль : 61 : Возврат ЭСФСерверПовтИсп.ОбработкаОбменЭСФ().ПолучитьДанныеНовыхЭСФ(НаправлениеЭСФ, ПрофильИСЭСФ, ПолучитьОднуПорцию, ТолькоСоздатьОбновитьФайлы, ИдентификаторСессии, ВерсияИСЭСФ, ПараметрыМетодаЭСФ, МассивИдентификаторовДляОбновленияСтатусаПриема);
		Обработка.ОбменЭСФ.МодульОбъекта : 5632 : СоздатьОбновитьПолучаемыеЭСФ(InvoiceInfoList, НаправлениеЭСФ, ДанныеПрофиляИСЭСФ.СтруктурнаяЕдиница.Ссылка, Ложь, МассивИсключаемыхИД, Истина, МассивЭСФДляПолученияИдентификаторовТоваров);
			Обработка.ОбменЭСФ.МодульОбъекта : 5834 : СоздатьОбновитьПрисоединенныеXMLФайлыЭСФ(МассивЭСФ, InvoiceInfoList);
				Обработка.ОбменЭСФ.МодульОбъекта : 10078 : ЭСФСерверПереопределяемый.ОбновитьПрисоединенныйФайл(ОбъектЭСФ.ФайлЭСФ, ИнформацияОФайле);
					ОбщийМодуль.ЭСФСерверПереопределяемый.Модуль : 341 : ПрисоединенныеФайлы.ОбновитьПрисоединенныйФайл(ПрисоединенныйФайл, ИнформацияОФайле);
						ОбщийМодуль.ПрисоединенныеФайлы.Модуль : 224 : РаботаСФайлами.ОбновитьФайл(ПрисоединенныйФайл, ИнформацияОФайле);
							ОбщийМодуль.РаботаСФайлами.Модуль : 323 : РаботаСФайламиСлужебный.ОбновитьФайл(ИнформацияОФайле, ПрисоединенныйФайл);
								ОбщийМодуль.РаботаСФайламиСлужебный.Модуль : 4756 : ОбновитьДвоичныеДанныеФайлаНаСервере(ПрисоединенныйФайл, ДвоичныеДанные, РеквизитыЗначения);
									ОбщийМодуль.РаботаСФайламиСлужебный.Модуль : 4397 : БлокировкаДанных.Заблокировать();'
00:09.550007-0,EXCP,0,process=rphost,OSThread=2168,Exception=81029657-3fe6-4cd6-80c0-36de78fe6657,Descr='src\rserver\src\rmngrcalls.cpp(616):
81029657-3fe6-4cd6-80c0-36de78fe6657: server_addr=tcp://DC2BUHAPP11:2541 descr=10.224.32.194:2541:10061(0x0000274D): Подключение не установлено, т.к. конечный компьютер отверг запрос на подключение. ;
[fe80::58e3:cae6:d402:555c%4]:2541:10061(0x0000274D): Подключение не установлено, т.к. конечный компьютер отверг запрос на подключение. ;
 line=1056 file=d:\jenkins\ci_builder2\windowsbuild2\platform\src\rtrsrvc\src\dataexchangetcpclientimpl.cpp'
00:09.550006-0,EXCPCNTX,0,ClientComputerName=DC2BUHAPP11,ServerComputerName=DC2BUHAPP11,UserName=DefUser,ConnectString='Srvr="DC2BUHAPP11:2541";Ref="bi_bk3wk1_prod_01";',Context='
ОбщийМодуль.ПолнотекстовыйПоискСервер.Модуль : 148 : ОбновлениеИндексаППД();
	ОбщийМодуль.ПолнотекстовыйПоискСервер.Модуль : 6 : ОбновитьИндекс(НСтр("ru = ''Обновление индекса ППД''"), Ложь, Истина);
		ОбщийМодуль.ПолнотекстовыйПоискСервер.Модуль : 461 : ПолнотекстовыйПоиск.ОбновитьИндекс(РазрешитьСлияние, Порциями);'
00:09.550009-2046009,EXCPCNTX,3,SrcName=CONN,process=rphost,p:processName=bi_bk3wk1_prod_01,OSThread=8160,t:clientID=386,t:applicationName=BackgroundJob,t:computerName=DC2BUHAPP11,t:connectID=361,SessionID=2,Usr=DefUser,DBMS=DBMSSQL,DataBase=CLSBUHDB01\bi_bk3wk1_prod_01,ClientID=393,Txt=Outgoing connection closed,Context='
ОбщийМодуль.ПолнотекстовыйПоискСервер.Модуль : 148 : ОбновлениеИндексаППД();
	ОбщийМодуль.ПолнотекстовыйПоискСервер.Модуль : 6 : ОбновитьИндекс(НСтр("ru = ''Обновление индекса ППД''"), Ложь, Истина);
		ОбщийМодуль.ПолнотекстовыйПоискСервер.Модуль : 461 : ПолнотекстовыйПоиск.ОбновитьИндекс(РазрешитьСлияние, Порциями);'
00:09.550010-2859004,EXCPCNTX,3,SrcName=SDBL,process=rphost,p:processName=bi_bk3wk1_prod_01,OSThread=8160,t:clientID=386,t:applicationName=BackgroundJob,t:computerName=DC2BUHAPP11,t:connectID=361,SessionID=2,Usr=DefUser,DBMS=DBMSSQL,DataBase=CLSBUHDB01\bi_bk3wk1_prod_01,Trans=0,Sdbl='SELECT Period, Recorder, Active, AccountDt, AccountCt, Fld15937, Fld15938Dt, Fld15938Ct, Fld15939, Fld15940Dt, Fld15940Ct, Fld15941Dt, Fld15941Ct, Fld15942, Fld15943, Fld15944, Fld15945 FROM AccRg15936 WHERE Recorder IN (327:aaaa001dd8b71ef511ea7efae6fc78b2, 327:aaae001dd8b71ef511ea8e3b8564c6d6, 327:aaae001dd8b71ef511ea8e3cddbe9763, 327:aaae001dd8b71ef511ea8e3d836a7d18, 352:aaab001dd8b71ef511ea83b0ce1a6e1e, 352:aaab001dd8b71ef511ea83b59c6f5b21, 352:aaab001dd8b71ef511ea83bd2cbac2b9, 352:aaab001dd8b71ef511ea83bf27f12d59, 352:aaac001dd8b71ef511ea894143b1985f)',Context='
ОбщийМодуль.ПолнотекстовыйПоискСервер.Модуль : 148 : ОбновлениеИндексаППД();
	ОбщийМодуль.ПолнотекстовыйПоискСервер.Модуль : 6 : ОбновитьИндекс(НСтр("ru = ''Обновление индекса ППД''"), Ложь, Истина);
		ОбщийМодуль.ПолнотекстовыйПоискСервер.Модуль : 461 : ПолнотекстовыйПоиск.ОбновитьИндекс(РазрешитьСлияние, Порциями);'
00:09.550008-0,EXCPCNTX,0,ClientComputerName=DC2BUHAPP11,ServerComputerName=DC2BUHAPP11,UserName=DefUser,ConnectString='Srvr="DC2BUHAPP11:2541";Ref="bi_bk3wk1_prod_01";',Context='
ОбщийМодуль.ЭСФСервер.Модуль : 1228 : ЭтоПоследняяПорция = ПолучитьДанныеНовыхЭСФ(Перечисления.НаправленияЭСФ.Входящий, ДанныеПрофиляИСЭСФ, Ложь, Ложь, ИдентификаторСессии, ВерсияИСЭСФ, ПараметрыМетодаВходящихЭСФ, МассивИдентификаторовДляОбновленияСтатусаПриема);
	ОбщийМодуль.ЭСФСервер.Модуль : 61 : Возврат ЭСФСерверПовтИсп.ОбработкаОбменЭСФ().ПолучитьДанныеНовыхЭСФ(НаправлениеЭСФ, ПрофильИСЭСФ, ПолучитьОднуПорцию, ТолькоСоздатьОбновитьФайлы, ИдентификаторСессии, ВерсияИСЭСФ, ПараметрыМетодаЭСФ, МассивИдентификаторовДляОбновленияСтатусаПриема);
		Обработка.ОбменЭСФ.МодульОбъекта : 5632 : СоздатьОбновитьПолучаемыеЭСФ(InvoiceInfoList, НаправлениеЭСФ, ДанныеПрофиляИСЭСФ.СтруктурнаяЕдиница.Ссылка, Ложь, МассивИсключаемыхИД, Истина, МассивЭСФДляПолученияИдентификаторовТоваров);
			Обработка.ОбменЭСФ.МодульОбъекта : 5834 : СоздатьОбновитьПрисоединенныеXMLФайлыЭСФ(МассивЭСФ, InvoiceInfoList);
				Обработка.ОбменЭСФ.МодульОбъекта : 10078 : ЭСФСерверПереопределяемый.ОбновитьПрисоединенныйФайл(ОбъектЭСФ.ФайлЭСФ, ИнформацияОФайле);
					ОбщийМодуль.ЭСФСерверПереопределяемый.Модуль : 341 : ПрисоединенныеФайлы.ОбновитьПрисоединенныйФайл(ПрисоединенныйФайл, ИнформацияОФайле);
						ОбщийМодуль.ПрисоединенныеФайлы.Модуль : 224 : РаботаСФайлами.ОбновитьФайл(ПрисоединенныйФайл, ИнформацияОФайле);
							ОбщийМодуль.РаботаСФайлами.Модуль : 323 : РаботаСФайламиСлужебный.ОбновитьФайл(ИнформацияОФайле, ПрисоединенныйФайл);
								ОбщийМодуль.РаботаСФайламиСлужебный.Модуль : 4756 : ОбновитьДвоичныеДанныеФайлаНаСервере(ПрисоединенныйФайл, ДвоичныеДанные, РеквизитыЗначения);
									ОбщийМодуль.РаботаСФайламиСлужебный.Модуль : 4397 : БлокировкаДанных.Заблокировать();'
00:09.550011-8734006,EXCPCNTX,1,SrcName=CALL,process=rphost,OSThread=8160,t:clientID=386,Usr=DefUser,SessionID=2,p:processName=bi_bk3wk1_prod_01,Func=Background job,Module=ПолнотекстовыйПоискСервер,Method=ОбновлениеИндексаППДПоРасписанию,Context='
ОбщийМодуль.ПолнотекстовыйПоискСервер.Модуль : 148 : ОбновлениеИндексаППД();
	ОбщийМодуль.ПолнотекстовыйПоискСервер.Модуль : 6 : ОбновитьИндекс(НСтр("ru = ''Обновление индекса ППД''"), Ложь, Истина);
		ОбщийМодуль.ПолнотекстовыйПоискСервер.Модуль : 461 : ПолнотекстовыйПоиск.ОбновитьИндекс(РазрешитьСлияние, Порциями);'
00:09.550013-8734010,EXCPCNTX,0,SrcName=CONN,process=rphost,OSThread=8160,t:clientID=386,Context='
ОбщийМодуль.ПолнотекстовыйПоискСервер.Модуль : 148 : ОбновлениеИндексаППД();
	ОбщийМодуль.ПолнотекстовыйПоискСервер.Модуль : 6 : ОбновитьИндекс(НСтр("ru = ''Обновление индекса ППД''"), Ложь, Истина);
		ОбщийМодуль.ПолнотекстовыйПоискСервер.Модуль : 461 : ПолнотекстовыйПоиск.ОбновитьИндекс(РазрешитьСлияние, Порциями);'
00:09.550012-2046011,EXCPCNTX,5,SrcName=CONN,process=rphost,p:processName=bi_bk3wk1_prod_01,OSThread=5728,t:clientID=385,t:applicationName=BackgroundJob,t:computerName=DC2BUHAPP11,t:connectID=362,SessionID=3,Usr=DefUser,DBMS=DBMSSQL,DataBase=CLSBUHDB01\bi_bk3wk1_prod_01,ClientID=394,Txt=Outgoing connection closed,Context='
ОбщийМодуль.ЭСФСервер.Модуль : 1228 : ЭтоПоследняяПорция = ПолучитьДанныеНовыхЭСФ(Перечисления.НаправленияЭСФ.Входящий, ДанныеПрофиляИСЭСФ, Ложь, Ложь, ИдентификаторСессии, ВерсияИСЭСФ, ПараметрыМетодаВходящихЭСФ, МассивИдентификаторовДляОбновленияСтатусаПриема);
	ОбщийМодуль.ЭСФСервер.Модуль : 61 : Возврат ЭСФСерверПовтИсп.ОбработкаОбменЭСФ().ПолучитьДанныеНовыхЭСФ(НаправлениеЭСФ, ПрофильИСЭСФ, ПолучитьОднуПорцию, ТолькоСоздатьОбновитьФайлы, ИдентификаторСессии, ВерсияИСЭСФ, ПараметрыМетодаЭСФ, МассивИдентификаторовДляОбновленияСтатусаПриема);
		Обработка.ОбменЭСФ.МодульОбъекта : 5632 : СоздатьОбновитьПолучаемыеЭСФ(InvoiceInfoList, НаправлениеЭСФ, ДанныеПрофиляИСЭСФ.СтруктурнаяЕдиница.Ссылка, Ложь, МассивИсключаемыхИД, Истина, МассивЭСФДляПолученияИдентификаторовТоваров);
			Обработка.ОбменЭСФ.МодульОбъекта : 5834 : СоздатьОбновитьПрисоединенныеXMLФайлыЭСФ(МассивЭСФ, InvoiceInfoList);
				Обработка.ОбменЭСФ.МодульОбъекта : 10078 : ЭСФСерверПереопределяемый.ОбновитьПрисоединенныйФайл(ОбъектЭСФ.ФайлЭСФ, ИнформацияОФайле);
					ОбщийМодуль.ЭСФСерверПереопределяемый.Модуль : 341 : ПрисоединенныеФайлы.ОбновитьПрисоединенныйФайл(ПрисоединенныйФайл, ИнформацияОФайле);
						ОбщийМодуль.ПрисоединенныеФайлы.Модуль : 224 : РаботаСФайлами.ОбновитьФайл(ПрисоединенныйФайл, ИнформацияОФайле);
							ОбщийМодуль.РаботаСФайлами.Модуль : 323 : РаботаСФайламиСлужебный.ОбновитьФайл(ИнформацияОФайле, ПрисоединенныйФайл);
								ОбщийМодуль.РаботаСФайламиСлужебный.Модуль : 4756 : ОбновитьДвоичныеДанныеФайлаНаСервере(ПрисоединенныйФайл, ДвоичныеДанные, РеквизитыЗначения);
									ОбщийМодуль.РаботаСФайламиСлужебный.Модуль : 4397 : БлокировкаДанных.Заблокировать();'
00:09.550016-0,EXCP,3,process=rphost,p:processName=bi_bk3wk1_prod_01,OSThread=8160,t:clientID=386,t:applicationName=BackgroundJob,t:computerName=DC2BUHAPP11,t:connectID=361,SessionID=2,Usr=DefUser,DBMS=DBMSSQL,DataBase=CLSBUHDB01\bi_bk3wk1_prod_01,Exception=81029657-3fe6-4cd6-80c0-36de78fe6657,Descr='src\rserver\src\rmngrcalls.cpp(616):
81029657-3fe6-4cd6-80c0-36de78fe6657: server_addr=tcp://DC2BUHAPP11:2541 descr=10.224.32.194:2541:10061(0x0000274D): Подключение не установлено, т.к. конечный компьютер отверг запрос на подключение. ;
[fe80::58e3:cae6:d402:555c%4]:2541:10061(0x0000274D): Подключение не установлено, т.к. конечный компьютер отверг запрос на подключение. ;
 line=1056 file=d:\jenkins\ci_builder2\windowsbuild2\platform\src\rtrsrvc\src\dataexchangetcpclientimpl.cpp',Context='
ОбщийМодуль.ПолнотекстовыйПоискСервер.Модуль : 148 : ОбновлениеИндексаППД();
	ОбщийМодуль.ПолнотекстовыйПоискСервер.Модуль : 6 : ОбновитьИндекс(НСтр("ru = ''Обновление индекса ППД''"), Ложь, Истина);
		ОбщийМодуль.ПолнотекстовыйПоискСервер.Модуль : 461 : ПолнотекстовыйПоиск.ОбновитьИндекс(РазрешитьСлияние, Порциями);'
00:09.550015-2703015,EXCPCNTX,4,SrcName=TLOCK,process=rphost,p:processName=bi_bk3wk1_prod_01,OSThread=5728,t:clientID=385,t:applicationName=BackgroundJob,t:computerName=DC2BUHAPP11,t:connectID=362,SessionID=3,Usr=DefUser,DBMS=DBMSSQL,DataBase=CLSBUHDB01\bi_bk3wk1_prod_01,Regions=Reference207.REFLOCK,Locks='Reference207.REFLOCK Exclusive Fld750=0 ID=207:aaae001dd8b71ef511ea8e02fa2b5b3b',Context='
ОбщийМодуль.ЭСФСервер.Модуль : 1228 : ЭтоПоследняяПорция = ПолучитьДанныеНовыхЭСФ(Перечисления.НаправленияЭСФ.Входящий, ДанныеПрофиляИСЭСФ, Ложь, Ложь, ИдентификаторСессии, ВерсияИСЭСФ, ПараметрыМетодаВходящихЭСФ, МассивИдентификаторовДляОбновленияСтатусаПриема);
	ОбщийМодуль.ЭСФСервер.Модуль : 61 : Возврат ЭСФСерверПовтИсп.ОбработкаОбменЭСФ().ПолучитьДанныеНовыхЭСФ(НаправлениеЭСФ, ПрофильИСЭСФ, ПолучитьОднуПорцию, ТолькоСоздатьОбновитьФайлы, ИдентификаторСессии, ВерсияИСЭСФ, ПараметрыМетодаЭСФ, МассивИдентификаторовДляОбновленияСтатусаПриема);
		Обработка.ОбменЭСФ.МодульОбъекта : 5632 : СоздатьОбновитьПолучаемыеЭСФ(InvoiceInfoList, НаправлениеЭСФ, ДанныеПрофиляИСЭСФ.СтруктурнаяЕдиница.Ссылка, Ложь, МассивИсключаемыхИД, Истина, МассивЭСФДляПолученияИдентификаторовТоваров);
			Обработка.ОбменЭСФ.МодульОбъекта : 5834 : СоздатьОбновитьПрисоединенныеXMLФайлыЭСФ(МассивЭСФ, InvoiceInfoList);
				Обработка.ОбменЭСФ.МодульОбъекта : 10078 : ЭСФСерверПереопределяемый.ОбновитьПрисоединенныйФайл(ОбъектЭСФ.ФайлЭСФ, ИнформацияОФайле);
					ОбщийМодуль.ЭСФСерверПереопределяемый.Модуль : 341 : ПрисоединенныеФайлы.ОбновитьПрисоединенныйФайл(ПрисоединенныйФайл, ИнформацияОФайле);
						ОбщийМодуль.ПрисоединенныеФайлы.Модуль : 224 : РаботаСФайлами.ОбновитьФайл(ПрисоединенныйФайл, ИнформацияОФайле);
							ОбщийМодуль.РаботаСФайлами.Модуль : 323 : РаботаСФайламиСлужебный.ОбновитьФайл(ИнформацияОФайле, ПрисоединенныйФайл);
								ОбщийМодуль.РаботаСФайламиСлужебный.Модуль : 4756 : ОбновитьДвоичныеДанныеФайлаНаСервере(ПрисоединенныйФайл, ДвоичныеДанные, РеквизитыЗначения);
									ОбщийМодуль.РаботаСФайламиСлужебный.Модуль : 4397 : БлокировкаДанных.Заблокировать();'
00:09.550017-2843015,EXCPCNTX,3,SrcName=SDBL,process=rphost,p:processName=bi_bk3wk1_prod_01,OSThread=5728,t:clientID=385,t:applicationName=BackgroundJob,t:computerName=DC2BUHAPP11,t:connectID=362,SessionID=3,Usr=DefUser,DBMS=DBMSSQL,DataBase=CLSBUHDB01\bi_bk3wk1_prod_01,Trans=0,Func=Transaction,Context='
ОбщийМодуль.ЭСФСервер.Модуль : 1228 : ЭтоПоследняяПорция = ПолучитьДанныеНовыхЭСФ(Перечисления.НаправленияЭСФ.Входящий, ДанныеПрофиляИСЭСФ, Ложь, Ложь, ИдентификаторСессии, ВерсияИСЭСФ, ПараметрыМетодаВходящихЭСФ, МассивИдентификаторовДляОбновленияСтатусаПриема);
	ОбщийМодуль.ЭСФСервер.Модуль : 61 : Возврат ЭСФСерверПовтИсп.ОбработкаОбменЭСФ().ПолучитьДанныеНовыхЭСФ(НаправлениеЭСФ, ПрофильИСЭСФ, ПолучитьОднуПорцию, ТолькоСоздатьОбновитьФайлы, ИдентификаторСессии, ВерсияИСЭСФ, ПараметрыМетодаЭСФ, МассивИдентификаторовДляОбновленияСтатусаПриема);
		Обработка.ОбменЭСФ.МодульОбъекта : 5632 : СоздатьОбновитьПолучаемыеЭСФ(InvoiceInfoList, НаправлениеЭСФ, ДанныеПрофиляИСЭСФ.СтруктурнаяЕдиница.Ссылка, Ложь, МассивИсключаемыхИД, Истина, МассивЭСФДляПолученияИдентификаторовТоваров);
			Обработка.ОбменЭСФ.МодульОбъекта : 5834 : СоздатьОбновитьПрисоединенныеXMLФайлыЭСФ(МассивЭСФ, InvoiceInfoList);
				Обработка.ОбменЭСФ.МодульОбъекта : 10078 : ЭСФСерверПереопределяемый.ОбновитьПрисоединенныйФайл(ОбъектЭСФ.ФайлЭСФ, ИнформацияОФайле);
					ОбщийМодуль.ЭСФСерверПереопределяемый.Модуль : 341 : ПрисоединенныеФайлы.ОбновитьПрисоединенныйФайл(ПрисоединенныйФайл, ИнформацияОФайле);
						ОбщийМодуль.ПрисоединенныеФайлы.Модуль : 224 : РаботаСФайлами.ОбновитьФайл(ПрисоединенныйФайл, ИнформацияОФайле);
							ОбщийМодуль.РаботаСФайлами.Модуль : 323 : РаботаСФайламиСлужебный.ОбновитьФайл(ИнформацияОФайле, ПрисоединенныйФайл);
								ОбщийМодуль.РаботаСФайламиСлужебный.Модуль : 4756 : ОбновитьДвоичныеДанныеФайлаНаСервере(ПрисоединенныйФайл, ДвоичныеДанные, РеквизитыЗначения);
									ОбщийМодуль.РаботаСФайламиСлужебный.Модуль : 4397 : БлокировкаДанных.Заблокировать();'
00:09.550018-2843017,EXCPCNTX,2,SrcName=SDBL,process=rphost,p:processName=bi_bk3wk1_prod_01,OSThread=5728,t:clientID=385,t:applicationName=BackgroundJob,t:computerName=DC2BUHAPP11,t:connectID=362,SessionID=3,Usr=DefUser,DBMS=DBMSSQL,DataBase=CLSBUHDB01\bi_bk3wk1_prod_01,Trans=0,Func=HoldConnection,Context='
ОбщийМодуль.ЭСФСервер.Модуль : 1228 : ЭтоПоследняяПорция = ПолучитьДанныеНовыхЭСФ(Перечисления.НаправленияЭСФ.Входящий, ДанныеПрофиляИСЭСФ, Ложь, Ложь, ИдентификаторСессии, ВерсияИСЭСФ, ПараметрыМетодаВходящихЭСФ, МассивИдентификаторовДляОбновленияСтатусаПриема);
	ОбщийМодуль.ЭСФСервер.Модуль : 61 : Возврат ЭСФСерверПовтИсп.ОбработкаОбменЭСФ().ПолучитьДанныеНовыхЭСФ(НаправлениеЭСФ, ПрофильИСЭСФ, ПолучитьОднуПорцию, ТолькоСоздатьОбновитьФайлы, ИдентификаторСессии, ВерсияИСЭСФ, ПараметрыМетодаЭСФ, МассивИдентификаторовДляОбновленияСтатусаПриема);
		Обработка.ОбменЭСФ.МодульОбъекта : 5632 : СоздатьОбновитьПолучаемыеЭСФ(InvoiceInfoList, НаправлениеЭСФ, ДанныеПрофиляИСЭСФ.СтруктурнаяЕдиница.Ссылка, Ложь, МассивИсключаемыхИД, Истина, МассивЭСФДляПолученияИдентификаторовТоваров);
			Обработка.ОбменЭСФ.МодульОбъекта : 5834 : СоздатьОбновитьПрисоединенныеXMLФайлыЭСФ(МассивЭСФ, InvoiceInfoList);
				Обработка.ОбменЭСФ.МодульОбъекта : 10078 : ЭСФСерверПереопределяемый.ОбновитьПрисоединенныйФайл(ОбъектЭСФ.ФайлЭСФ, ИнформацияОФайле);
					ОбщийМодуль.ЭСФСерверПереопределяемый.Модуль : 341 : ПрисоединенныеФайлы.ОбновитьПрисоединенныйФайл(ПрисоединенныйФайл, ИнформацияОФайле);
						ОбщийМодуль.ПрисоединенныеФайлы.Модуль : 224 : РаботаСФайлами.ОбновитьФайл(ПрисоединенныйФайл, ИнформацияОФайле);
							ОбщийМодуль.РаботаСФайлами.Модуль : 323 : РаботаСФайламиСлужебный.ОбновитьФайл(ИнформацияОФайле, ПрисоединенныйФайл);
								ОбщийМодуль.РаботаСФайламиСлужебный.Модуль : 4756 : ОбновитьДвоичныеДанныеФайлаНаСервере(ПрисоединенныйФайл, ДвоичныеДанные, РеквизитыЗначения);
									ОбщийМодуль.РаботаСФайламиСлужебный.Модуль : 4397 : БлокировкаДанных.Заблокировать();'
00:09.550019-8734015,EXCPCNTX,1,SrcName=CALL,process=rphost,OSThread=5728,t:clientID=385,Usr=DefUser,SessionID=3,p:processName=bi_bk3wk1_prod_01,Func=Background job,Module=ЭСФСервер,Method=ВыполнитьСинхронизациюСИСЭСФ,Context='
ОбщийМодуль.ЭСФСервер.Модуль : 1228 : ЭтоПоследняяПорция = ПолучитьДанныеНовыхЭСФ(Перечисления.НаправленияЭСФ.Входящий, ДанныеПрофиляИСЭСФ, Ложь, Ложь, ИдентификаторСессии, ВерсияИСЭСФ, ПараметрыМетодаВходящихЭСФ, МассивИдентификаторовДляОбновленияСтатусаПриема);
	ОбщийМодуль.ЭСФСервер.Модуль : 61 : Возврат ЭСФСерверПовтИсп.ОбработкаОбменЭСФ().ПолучитьДанныеНовыхЭСФ(НаправлениеЭСФ, ПрофильИСЭСФ, ПолучитьОднуПорцию, ТолькоСоздатьОбновитьФайлы, ИдентификаторСессии, ВерсияИСЭСФ, ПараметрыМетодаЭСФ, МассивИдентификаторовДляОбновленияСтатусаПриема);
		Обработка.ОбменЭСФ.МодульОбъекта : 5632 : СоздатьОбновитьПолучаемыеЭСФ(InvoiceInfoList, НаправлениеЭСФ, ДанныеПрофиляИСЭСФ.СтруктурнаяЕдиница.Ссылка, Ложь, МассивИсключаемыхИД, Истина, МассивЭСФДляПолученияИдентификаторовТоваров);
			Обработка.ОбменЭСФ.МодульОбъекта : 5834 : СоздатьОбновитьПрисоединенныеXMLФайлыЭСФ(МассивЭСФ, InvoiceInfoList);
				Обработка.ОбменЭСФ.МодульОбъекта : 10078 : ЭСФСерверПереопределяемый.ОбновитьПрисоединенныйФайл(ОбъектЭСФ.ФайлЭСФ, ИнформацияОФайле);
					ОбщийМодуль.ЭСФСерверПереопределяемый.Модуль : 341 : ПрисоединенныеФайлы.ОбновитьПрисоединенныйФайл(ПрисоединенныйФайл, ИнформацияОФайле);
						ОбщийМодуль.ПрисоединенныеФайлы.Модуль : 224 : РаботаСФайлами.ОбновитьФайл(ПрисоединенныйФайл, ИнформацияОФайле);
							ОбщийМодуль.РаботаСФайлами.Модуль : 323 : РаботаСФайламиСлужебный.ОбновитьФайл(ИнформацияОФайле, ПрисоединенныйФайл);
								ОбщийМодуль.РаботаСФайламиСлужебный.Модуль : 4756 : ОбновитьДвоичныеДанныеФайлаНаСервере(ПрисоединенныйФайл, ДвоичныеДанные, РеквизитыЗначения);
									ОбщийМодуль.РаботаСФайламиСлужебный.Модуль : 4397 : БлокировкаДанных.Заблокировать();'
00:09.550020-8734018,EXCPCNTX,0,SrcName=CONN,process=rphost,OSThread=5728,t:clientID=385,Context='
ОбщийМодуль.ЭСФСервер.Модуль : 1228 : ЭтоПоследняяПорция = ПолучитьДанныеНовыхЭСФ(Перечисления.НаправленияЭСФ.Входящий, ДанныеПрофиляИСЭСФ, Ложь, Ложь, ИдентификаторСессии, ВерсияИСЭСФ, ПараметрыМетодаВходящихЭСФ, МассивИдентификаторовДляОбновленияСтатусаПриема);
	ОбщийМодуль.ЭСФСервер.Модуль : 61 : Возврат ЭСФСерверПовтИсп.ОбработкаОбменЭСФ().ПолучитьДанныеНовыхЭСФ(НаправлениеЭСФ, ПрофильИСЭСФ, ПолучитьОднуПорцию, ТолькоСоздатьОбновитьФайлы, ИдентификаторСессии, ВерсияИСЭСФ, ПараметрыМетодаЭСФ, МассивИдентификаторовДляОбновленияСтатусаПриема);
		Обработка.ОбменЭСФ.МодульОбъекта : 5632 : СоздатьОбновитьПолучаемыеЭСФ(InvoiceInfoList, НаправлениеЭСФ, ДанныеПрофиляИСЭСФ.СтруктурнаяЕдиница.Ссылка, Ложь, МассивИсключаемыхИД, Истина, МассивЭСФДляПолученияИдентификаторовТоваров);
			Обработка.ОбменЭСФ.МодульОбъекта : 5834 : СоздатьОбновитьПрисоединенныеXMLФайлыЭСФ(МассивЭСФ, InvoiceInfoList);
				Обработка.ОбменЭСФ.МодульОбъекта : 10078 : ЭСФСерверПереопределяемый.ОбновитьПрисоединенныйФайл(ОбъектЭСФ.ФайлЭСФ, ИнформацияОФайле);
					ОбщийМодуль.ЭСФСерверПереопределяемый.Модуль : 341 : ПрисоединенныеФайлы.ОбновитьПрисоединенныйФайл(ПрисоединенныйФайл, ИнформацияОФайле);
						ОбщийМодуль.ПрисоединенныеФайлы.Модуль : 224 : РаботаСФайлами.ОбновитьФайл(ПрисоединенныйФайл, ИнформацияОФайле);
							ОбщийМодуль.РаботаСФайлами.Модуль : 323 : РаботаСФайламиСлужебный.ОбновитьФайл(ИнформацияОФайле, ПрисоединенныйФайл);
								ОбщийМодуль.РаботаСФайламиСлужебный.Модуль : 4756 : ОбновитьДвоичныеДанныеФайлаНаСервере(ПрисоединенныйФайл, ДвоичныеДанные, РеквизитыЗначения);
									ОбщийМодуль.РаботаСФайламиСлужебный.Модуль : 4397 : БлокировкаДанных.Заблокировать();'
00:09.550022-0,EXCP,5,process=rphost,p:processName=bi_bk3wk1_prod_01,OSThread=5728,t:clientID=385,t:applicationName=BackgroundJob,t:computerName=DC2BUHAPP11,t:connectID=362,SessionID=3,Usr=DefUser,DBMS=DBMSSQL,DataBase=CLSBUHDB01\bi_bk3wk1_prod_01,Exception=81029657-3fe6-4cd6-80c0-36de78fe6657,Descr='src\rserver\src\rmngrcalls.cpp(616):
81029657-3fe6-4cd6-80c0-36de78fe6657: server_addr=tcp://DC2BUHAPP11:2541 descr=10.224.32.194:2541:10061(0x0000274D): Подключение не установлено, т.к. конечный компьютер отверг запрос на подключение. ;
[fe80::58e3:cae6:d402:555c%4]:2541:10061(0x0000274D): Подключение не установлено, т.к. конечный компьютер отверг запрос на подключение. ;
 line=1056 file=d:\jenkins\ci_builder2\windowsbuild2\platform\src\rtrsrvc\src\dataexchangetcpclientimpl.cpp',Context='
ОбщийМодуль.ЭСФСервер.Модуль : 1228 : ЭтоПоследняяПорция = ПолучитьДанныеНовыхЭСФ(Перечисления.НаправленияЭСФ.Входящий, ДанныеПрофиляИСЭСФ, Ложь, Ложь, ИдентификаторСессии, ВерсияИСЭСФ, ПараметрыМетодаВходящихЭСФ, МассивИдентификаторовДляОбновленияСтатусаПриема);
	ОбщийМодуль.ЭСФСервер.Модуль : 61 : Возврат ЭСФСерверПовтИсп.ОбработкаОбменЭСФ().ПолучитьДанныеНовыхЭСФ(НаправлениеЭСФ, ПрофильИСЭСФ, ПолучитьОднуПорцию, ТолькоСоздатьОбновитьФайлы, ИдентификаторСессии, ВерсияИСЭСФ, ПараметрыМетодаЭСФ, МассивИдентификаторовДляОбновленияСтатусаПриема);
		Обработка.ОбменЭСФ.МодульОбъекта : 5632 : СоздатьОбновитьПолучаемыеЭСФ(InvoiceInfoList, НаправлениеЭСФ, ДанныеПрофиляИСЭСФ.СтруктурнаяЕдиница.Ссылка, Ложь, МассивИсключаемыхИД, Истина, МассивЭСФДляПолученияИдентификаторовТоваров);
			Обработка.ОбменЭСФ.МодульОбъекта : 5834 : СоздатьОбновитьПрисоединенныеXMLФайлыЭСФ(МассивЭСФ, InvoiceInfoList);
				Обработка.ОбменЭСФ.МодульОбъекта : 10078 : ЭСФСерверПереопределяемый.ОбновитьПрисоединенныйФайл(ОбъектЭСФ.ФайлЭСФ, ИнформацияОФайле);
					ОбщийМодуль.ЭСФСерверПереопределяемый.Модуль : 341 : ПрисоединенныеФайлы.ОбновитьПрисоединенныйФайл(ПрисоединенныйФайл, ИнформацияОФайле);
						ОбщийМодуль.ПрисоединенныеФайлы.Модуль : 224 : РаботаСФайлами.ОбновитьФайл(ПрисоединенныйФайл, ИнформацияОФайле);
							ОбщийМодуль.РаботаСФайлами.Модуль : 323 : РаботаСФайламиСлужебный.ОбновитьФайл(ИнформацияОФайле, ПрисоединенныйФайл);
								ОбщийМодуль.РаботаСФайламиСлужебный.Модуль : 4756 : ОбновитьДвоичныеДанныеФайлаНаСервере(ПрисоединенныйФайл, ДвоичныеДанные, РеквизитыЗначения);
									ОбщийМодуль.РаботаСФайламиСлужебный.Модуль : 4397 : БлокировкаДанных.Заблокировать();'
