02:12.827006-3,CALL,1,process=rphost,p:processName=bi_bk3wk1_prod_01,OSThread=6164,t:clientID=2936,t:applicationName=1CV8,t:computerName=DC2MGMT03,t:connectID=10277,Interface=a2cf4e8a-06e2-4f81-92b3-604ea54ba92b,IName=IFolderFileHost,Method=0,CallID=19046,MName=open,RetExcp="Файл не обнаружен 'bi_bk3wk1_prod_01/ConfigSave/version'",Memory=1752,MemoryPeak=5118,InBytes=0,OutBytes=0,CpuTime=0
02:12.827011-3,CALL,1,process=rphost,p:processName=bi_bk3wk1_prod_01,OSThread=6164,t:clientID=2936,t:applicationName=1CV8,t:computerName=DC2MGMT03,t:connectID=10277,Interface=a2cf4e8a-06e2-4f81-92b3-604ea54ba92b,IName=IFolderFileHost,Method=0,CallID=19047,MName=open,RetExcp="Файл не обнаружен 'bi_bk3wk1_prod_01/ConfigSave/versions'",Memory=22,MemoryPeak=3554,InBytes=0,OutBytes=0,CpuTime=0
02:13.046010-3,CALL,1,process=rphost,p:processName=bi_bk3wk1_prod_01,OSThread=6164,t:clientID=2936,t:applicationName=1CV8,t:computerName=DC2MGMT03,t:connectID=10277,Interface=a2cf4e8a-06e2-4f81-92b3-604ea54ba92b,IName=IFolderFileHost,Method=0,CallID=19100,MName=open,RetExcp="Файл не обнаружен 'bi_bk3wk1_prod_01/Config/convertPhase'",Memory=1298,MemoryPeak=4802,InBytes=0,OutBytes=0,CpuTime=0
02:13.312035-3,CALL,1,process=rphost,p:processName=bi_bk3wk1_prod_01,OSThread=6164,t:clientID=2936,t:applicationName=1CV8,t:computerName=DC2MGMT03,t:connectID=10277,SessionID=64375,Usr=ОбновлениеБазы,Interface=a2cf4e8a-06e2-4f81-92b3-604ea54ba92b,IName=IFolderFileHost,Method=0,CallID=19142,MName=open,RetExcp="Файл не обнаружен 'bi_bk3wk1_prod_01/Params/DBNames-Ext--1'",Memory=1218,MemoryPeak=5040,InBytes=0,OutBytes=0,CpuTime=0
30:36.456010-0,ADMIN,3,process=rphost,p:processName=##AdminProcess##,OSThread=1076,t:clientID=2961,t:applicationName=RAS,t:computerName=DC2BUHAPP11,Func=authenticateSrvrUser,Administrator=,Result=Success
30:36.471021-0,ADMIN,3,process=rphost,p:processName=bi_bk3wk1_prod_01,OSThread=1076,t:clientID=2961,t:applicationName=RAS,t:computerName=DC2BUHAPP11,t:connectID=10292,SessionID=64375,Func=authenticateInfoBaseAdmin,ClusterID=8aa94e2b-5d54-4b86-800b-79353ce39638,InfoBaseID=e65619db-c02e-4647-a08d-3f4e7765383d,Usr=#WINAUTH#,Administrator=,Result=Fail
30:36.471032-0,ADMIN,3,process=rphost,p:processName=bi_bk3wk1_prod_01,OSThread=1076,t:clientID=2961,t:applicationName=RAS,t:computerName=DC2BUHAPP11,t:connectID=10292,SessionID=64375,Func=authenticateInfoBaseAdmin,ClusterID=8aa94e2b-5d54-4b86-800b-79353ce39638,InfoBaseID=e65619db-c02e-4647-a08d-3f4e7765383d,Usr=ОбновлениеБазы,Administrator=,Result=Success
30:36.456019-0,ADMIN,3,process=rphost,p:processName=##AdminProcess##,OSThread=1076,t:clientID=2961,t:applicationName=RAS,t:computerName=DC2BUHAPP11,Func=getInfoBaseParams,ClusterID=8aa94e2b-5d54-4b86-800b-79353ce39638,InfoBaseID=e65619db-c02e-4647-a08d-3f4e7765383d,Ref=bi_bk3wk1_prod_01,Administrator=,Result=Success
44:03.509000-0,EXCP,0,process=rphost,OSThread=6576,ClientID=2982,Exception=NetDataExchangeException,Descr='server_addr=(2)10.224.32.15:61157 descr=2(0x00000002): Не удается найти указанный файл.  line=1149 file=d:\jenkins\ci_builder2\windowsbuild2\platform\src\rtrsrvc\src\dataexchangeserverimpl.cpp'
44:03.509001-0,EXCPCNTX,0,ClientComputerName=,ServerComputerName=,UserName=,ConnectString=
50:03.867056-0,EXCP,0,process=rphost,OSThread=7804,ClientID=2983,Exception=NetDataExchangeException,Descr='server_addr=(2)10.225.32.15:65526 descr=2(0x00000002): Не удается найти указанный файл.  line=1149 file=d:\jenkins\ci_builder2\windowsbuild2\platform\src\rtrsrvc\src\dataexchangeserverimpl.cpp'
50:03.867057-0,EXCPCNTX,0,ClientComputerName=,ServerComputerName=,UserName=,ConnectString=
54:39.541021-0,EXCP,0,process=rphost,OSThread=7828,ClientID=2974,Exception=NetDataExchangeException,Descr='server_addr=(2)10.224.32.210:54823 descr=2(0x00000002): Не удается найти указанный файл.  line=1149 file=d:\jenkins\ci_builder2\windowsbuild2\platform\src\rtrsrvc\src\dataexchangeserverimpl.cpp'
54:39.541023-0,EXCPCNTX,0,ClientComputerName=,ServerComputerName=,UserName=,ConnectString=
55:54.953026-0,ADMIN,2,process=rphost,p:processName=ServerJobExecutorContext,OSThread=676,t:clientID=3001,t:applicationName=JobScheduler,t:computerName=DC2BUHAPP11,Func=killClient,ClusterID=8aa94e2b-5d54-4b86-800b-79353ce39638,ConnectionID=f48c67a8-c934-494e-a8bb-11ffd89931b8,Mode=0,Ref=bi_bk3wk1_prod_01(bi_bk3wk1_prod_01),Host=DC2BUHAPP11,Connection=10320,Administrator=Unknown,Result=Success
55:54.984013-0,EXCP,4,process=rphost,p:processName=bi_bk3wk1_prod_01,OSThread=9088,t:clientID=3006,t:applicationName=BackgroundJob,t:computerName=DC2BUHAPP11,t:connectID=10320,SessionID=64381,Usr=WK1_Фазылов_Даулетхан_Ераханулы,Exception=SeanceContextException,Descr='Сеанс отсутствует или удален
ID=75893caa-25f1-4878-8ae7-58386a60e832, File=d:\jenkins\ci_builder2\windowsbuild2\platform\src\rserver\src\clusterdistribimpl.cpp(1439)'
55:54.984015-0,EXCP,3,process=rphost,p:processName=bi_bk3wk1_prod_01,OSThread=9088,t:clientID=3006,t:applicationName=BackgroundJob,t:computerName=DC2BUHAPP11,t:connectID=10320,SessionID=64381,Usr=WK1_Фазылов_Даулетхан_Ераханулы,Exception=60c686dc-798f-4d17-aadb-a90156a16eb8,Descr='src\rserver\src\rmngrcalls.cpp(476):
60c686dc-798f-4d17-aadb-a90156a16eb8: Сеанс отсутствует или удален
ID=75893caa-25f1-4878-8ae7-58386a60e832, File=d:\jenkins\ci_builder2\windowsbuild2\platform\src\rserver\src\clusterdistribimpl.cpp(1439)'
55:55.063006-0,EXCP,3,process=rphost,p:processName=bi_bk3wk1_prod_01,OSThread=9088,t:clientID=3006,t:applicationName=BackgroundJob,t:computerName=DC2BUHAPP11,t:connectID=10320,SessionID=64381,Usr=WK1_Фазылов_Даулетхан_Ераханулы,Exception=SeanceContextException,Descr='Сеанс отсутствует или удален
ID=75893caa-25f1-4878-8ae7-58386a60e832, File=d:\jenkins\ci_builder2\windowsbuild2\platform\src\rserver\src\rmngrcalls.cpp(364)'
