08:56.128002-0,EXCP,2,process=rphost,p:processName=bi_bk3wk1_prod_01,OSThread=8588,t:clientID=807,t:applicationName=WebServerExtension,t:computerName=DC1CISWEB02,t:connectID=3232,SessionID=58119,Usr=WSDooc,Exception=Messages list is not empty!
09:32.224002-0,EXCP,2,process=rphost,p:processName=bi_bk3wk1_prod_01,OSThread=5408,t:clientID=807,t:applicationName=WebServerExtension,t:computerName=DC1CISWEB02,t:connectID=3232,SessionID=58142,Usr=WSDooc,Exception=Messages list is not empty!
17:57.855000-0,EXCP,0,process=rphost,OSThread=1264,ClientID=1093,Exception=NetDataExchangeException,Descr='server_addr=(2)10.225.32.15:60870 descr=2(0x00000002): Не удается найти указанный файл.  line=1149 file=d:\jenkins\ci_builder2\windowsbuild2\platform\src\rtrsrvc\src\dataexchangeserverimpl.cpp'
17:57.855001-0,EXCPCNTX,0,ClientComputerName=,ServerComputerName=,UserName=,ConnectString=
19:02.902002-0,EXCP,2,process=rphost,p:processName=bi_bk3wk1_prod_01,OSThread=540,t:clientID=807,t:applicationName=WebServerExtension,t:computerName=DC1CISWEB02,t:connectID=3232,SessionID=58286,Usr=WSDooc,Exception=Messages list is not empty!
19:06.886002-0,EXCP,2,process=rphost,p:processName=bi_bk3wk1_prod_01,OSThread=2520,t:clientID=807,t:applicationName=WebServerExtension,t:computerName=DC1CISWEB02,t:connectID=3232,SessionID=58290,Usr=WSDooc,Exception=Messages list is not empty!
19:09.652016-0,EXCP,2,process=rphost,p:processName=bi_bk3wk1_prod_01,OSThread=2520,t:clientID=807,t:applicationName=WebServerExtension,t:computerName=DC1CISWEB02,t:connectID=3232,SessionID=58294,Usr=WSDooc,Exception=Messages list is not empty!
19:24.246014-0,EXCP,2,process=rphost,p:processName=bi_bk3wk1_prod_01,OSThread=576,t:clientID=807,t:applicationName=WebServerExtension,t:computerName=DC1CISWEB02,t:connectID=3232,SessionID=58306,Usr=WSDooc,Exception=Messages list is not empty!
19:31.230002-0,EXCP,2,process=rphost,p:processName=bi_bk3wk1_prod_01,OSThread=2824,t:clientID=807,t:applicationName=WebServerExtension,t:computerName=DC1CISWEB02,t:connectID=3232,SessionID=58317,Usr=WSDooc,Exception=Messages list is not empty!
19:37.418014-0,EXCP,2,process=rphost,p:processName=bi_bk3wk1_prod_01,OSThread=8588,t:clientID=807,t:applicationName=WebServerExtension,t:computerName=DC1CISWEB02,t:connectID=3232,SessionID=58322,Usr=WSDooc,Exception=Messages list is not empty!
19:55.418002-0,EXCP,2,process=rphost,p:processName=bi_bk3wk1_prod_01,OSThread=2520,t:clientID=807,t:applicationName=WebServerExtension,t:computerName=DC1CISWEB02,t:connectID=3232,SessionID=58333,Usr=WSDooc,Exception=Messages list is not empty!
23:58.288009-0,EXCP,2,process=rphost,p:processName=bi_bk3wk1_prod_01,OSThread=7264,t:clientID=807,t:applicationName=WebServerExtension,t:computerName=DC1CISWEB02,t:connectID=3232,SessionID=58381,Usr=WSDooc,Exception=Messages list is not empty!
24:06.932002-0,EXCP,2,process=rphost,p:processName=bi_bk3wk1_prod_01,OSThread=2520,t:clientID=807,t:applicationName=WebServerExtension,t:computerName=DC1CISWEB02,t:connectID=3232,SessionID=58391,Usr=WSDooc,Exception=Messages list is not empty!
24:12.979016-0,EXCP,2,process=rphost,p:processName=bi_bk3wk1_prod_01,OSThread=540,t:clientID=807,t:applicationName=WebServerExtension,t:computerName=DC1CISWEB02,t:connectID=3232,SessionID=58398,Usr=WSDooc,Exception=Messages list is not empty!
24:16.932020-0,EXCP,2,process=rphost,p:processName=bi_bk3wk1_prod_01,OSThread=540,t:clientID=807,t:applicationName=WebServerExtension,t:computerName=DC1CISWEB02,t:connectID=3232,SessionID=58407,Usr=WSDooc,Exception=Messages list is not empty!
24:24.417004-0,EXCP,2,process=rphost,p:processName=bi_bk3wk1_prod_01,OSThread=540,t:clientID=807,t:applicationName=WebServerExtension,t:computerName=DC1CISWEB02,t:connectID=3232,SessionID=58416,Usr=WSDooc,Exception=Messages list is not empty!
24:33.620000-0,EXCP,0,process=rphost,OSThread=8576,ClientID=1096,Exception=NetDataExchangeException,Descr='server_addr=(2)10.225.32.15:60938 descr=2(0x00000002): Не удается найти указанный файл.  line=1149 file=d:\jenkins\ci_builder2\windowsbuild2\platform\src\rtrsrvc\src\dataexchangeserverimpl.cpp'
24:33.620001-0,EXCPCNTX,0,ClientComputerName=,ServerComputerName=,UserName=,ConnectString=
24:33.839000-0,EXCP,0,process=rphost,OSThread=5584,ClientID=1098,Exception=NetDataExchangeException,Descr='server_addr=(2)10.225.32.15:60957 descr=2(0x00000002): Не удается найти указанный файл.  line=1149 file=d:\jenkins\ci_builder2\windowsbuild2\platform\src\rtrsrvc\src\dataexchangeserverimpl.cpp'
24:33.839001-0,EXCPCNTX,0,ClientComputerName=,ServerComputerName=,UserName=,ConnectString=
24:37.932015-0,EXCP,2,process=rphost,p:processName=bi_bk3wk1_prod_01,OSThread=2824,t:clientID=807,t:applicationName=WebServerExtension,t:computerName=DC1CISWEB02,t:connectID=3232,SessionID=58424,Usr=WSDooc,Exception=Messages list is not empty!
24:46.557018-0,EXCP,2,process=rphost,p:processName=bi_bk3wk1_prod_01,OSThread=540,t:clientID=807,t:applicationName=WebServerExtension,t:computerName=DC1CISWEB02,t:connectID=3232,SessionID=58434,Usr=WSDooc,Exception=Messages list is not empty!
24:50.651002-0,EXCP,2,process=rphost,p:processName=bi_bk3wk1_prod_01,OSThread=540,t:clientID=807,t:applicationName=WebServerExtension,t:computerName=DC1CISWEB02,t:connectID=3232,SessionID=58438,Usr=WSDooc,Exception=Messages list is not empty!
24:53.667002-0,EXCP,2,process=rphost,p:processName=bi_bk3wk1_prod_01,OSThread=540,t:clientID=807,t:applicationName=WebServerExtension,t:computerName=DC1CISWEB02,t:connectID=3232,SessionID=58442,Usr=WSDooc,Exception=Messages list is not empty!
24:57.089001-0,EXCP,2,process=rphost,p:processName=bi_bk3wk1_prod_01,OSThread=7264,t:clientID=807,t:applicationName=WebServerExtension,t:computerName=DC1CISWEB02,t:connectID=3232,SessionID=58446,Usr=WSDooc,Exception=Messages list is not empty!
25:04.482002-0,EXCP,2,process=rphost,p:processName=bi_bk3wk1_prod_01,OSThread=2160,t:clientID=807,t:applicationName=WebServerExtension,t:computerName=DC1CISWEB02,t:connectID=3232,SessionID=58454,Usr=WSDooc,Exception=Messages list is not empty!
25:08.826002-0,EXCP,2,process=rphost,p:processName=bi_bk3wk1_prod_01,OSThread=2824,t:clientID=807,t:applicationName=WebServerExtension,t:computerName=DC1CISWEB02,t:connectID=3232,SessionID=58458,Usr=WSDooc,Exception=Messages list is not empty!
25:50.310002-0,EXCP,2,process=rphost,p:processName=bi_bk3wk1_prod_01,OSThread=8236,t:clientID=807,t:applicationName=WebServerExtension,t:computerName=DC1CISWEB02,t:connectID=3232,SessionID=58475,Usr=WSDooc,Exception=Messages list is not empty!
42:29.211000-0,EXCP,0,process=rphost,OSThread=7828,ClientID=1099,Exception=NetDataExchangeException,Descr='server_addr=(2)10.225.32.15:60973 descr=2(0x00000002): Не удается найти указанный файл.  line=1149 file=d:\jenkins\ci_builder2\windowsbuild2\platform\src\rtrsrvc\src\dataexchangeserverimpl.cpp'
42:29.211001-0,EXCPCNTX,0,ClientComputerName=,ServerComputerName=,UserName=,ConnectString=
42:29.523000-0,EXCP,0,process=rphost,OSThread=5940,ClientID=1104,Exception=NetDataExchangeException,Descr='server_addr=(2)10.225.32.15:61024 descr=2(0x00000002): Не удается найти указанный файл.  line=1149 file=d:\jenkins\ci_builder2\windowsbuild2\platform\src\rtrsrvc\src\dataexchangeserverimpl.cpp'
42:29.523001-0,EXCPCNTX,0,ClientComputerName=,ServerComputerName=,UserName=,ConnectString=
45:16.313018-0,EXCP,2,process=rphost,p:processName=bi_bk3wk1_prod_01,OSThread=8588,t:clientID=807,t:applicationName=WebServerExtension,t:computerName=DC1CISWEB02,t:connectID=3232,SessionID=58755,Usr=WSDooc,Exception=Messages list is not empty!
45:23.141014-0,EXCP,2,process=rphost,p:processName=bi_bk3wk1_prod_01,OSThread=6932,t:clientID=807,t:applicationName=WebServerExtension,t:computerName=DC1CISWEB02,t:connectID=3232,SessionID=58769,Usr=WSDooc,Exception=Messages list is not empty!
49:43.555016-0,EXCP,2,process=rphost,p:processName=bi_bk3wk1_prod_01,OSThread=7264,t:clientID=807,t:applicationName=WebServerExtension,t:computerName=DC1CISWEB02,t:connectID=3232,SessionID=58842,Usr=WSDooc,Exception=Messages list is not empty!
49:46.914006-0,EXCP,2,process=rphost,p:processName=bi_bk3wk1_prod_01,OSThread=540,t:clientID=807,t:applicationName=WebServerExtension,t:computerName=DC1CISWEB02,t:connectID=3232,SessionID=58846,Usr=WSDooc,Exception=Messages list is not empty!
49:49.758011-0,EXCP,2,process=rphost,p:processName=bi_bk3wk1_prod_01,OSThread=7264,t:clientID=807,t:applicationName=WebServerExtension,t:computerName=DC1CISWEB02,t:connectID=3232,SessionID=58850,Usr=WSDooc,Exception=Messages list is not empty!
49:51.430002-0,EXCP,2,process=rphost,p:processName=bi_bk3wk1_prod_01,OSThread=7264,t:clientID=807,t:applicationName=WebServerExtension,t:computerName=DC1CISWEB02,t:connectID=3232,SessionID=58852,Usr=WSDooc,Exception=Messages list is not empty!
50:09.761016-0,EXCP,2,process=rphost,p:processName=bi_bk3wk1_prod_01,OSThread=2160,t:clientID=807,t:applicationName=WebServerExtension,t:computerName=DC1CISWEB02,t:connectID=3232,SessionID=58878,Usr=WSDooc,Exception=Messages list is not empty!
54:00.206002-0,EXCP,2,process=rphost,p:processName=bi_bk3wk1_prod_01,OSThread=540,t:clientID=807,t:applicationName=WebServerExtension,t:computerName=DC1CISWEB02,t:connectID=3232,SessionID=58967,Usr=WSDooc,Exception=Messages list is not empty!
54:09.253002-0,EXCP,2,process=rphost,p:processName=bi_bk3wk1_prod_01,OSThread=7264,t:clientID=807,t:applicationName=WebServerExtension,t:computerName=DC1CISWEB02,t:connectID=3232,SessionID=58972,Usr=WSDooc,Exception=Messages list is not empty!
56:45.022020-0,EXCP,0,process=rphost,OSThread=5940,ClientID=620,Exception=NetDataExchangeException,Descr='server_addr=(2)10.224.32.71:61213 descr=2(0x00000002): Не удается найти указанный файл.  line=1149 file=d:\jenkins\ci_builder2\windowsbuild2\platform\src\rtrsrvc\src\dataexchangeserverimpl.cpp'
56:45.022022-0,EXCPCNTX,0,ClientComputerName=,ServerComputerName=,UserName=,ConnectString=
56:46.537019-0,EXCP,0,process=rphost,OSThread=7804,ClientID=1091,Exception=NetDataExchangeException,Descr='server_addr=(2)10.224.32.71:62884 descr=2(0x00000002): Не удается найти указанный файл.  line=1149 file=d:\jenkins\ci_builder2\windowsbuild2\platform\src\rtrsrvc\src\dataexchangeserverimpl.cpp'
56:46.537021-0,EXCPCNTX,0,ClientComputerName=,ServerComputerName=,UserName=,ConnectString=
59:36.015002-0,EXCP,2,process=rphost,p:processName=bi_bk3wk1_prod_01,OSThread=4808,t:clientID=84,t:applicationName=1CV8C,t:computerName=DC3RDSH08,t:connectID=2039,SessionID=55452,Usr=Казбекова Асем Абаевна,AppID=1CV8C,Exception=afd2b550-0d52-4e03-b448-15ed68d87ac5,Descr='src\mngbase\logformsrvobjcontrollerbase.h(453):
afd2b550-0d52-4e03-b448-15ed68d87ac5: Недостаточно прав для просмотра',Context=Система.ПолучитьФорму : Документ.КорректировкаДолга.ФормаОбъекта
59:36.015003-0,EXCP,2,process=rphost,p:processName=bi_bk3wk1_prod_01,OSThread=4808,t:clientID=84,t:applicationName=1CV8C,t:computerName=DC3RDSH08,t:connectID=2039,SessionID=55452,Usr=Казбекова Асем Абаевна,AppID=1CV8C,Exception=580392e6-ba49-4280-ac67-fcd6f2180121,Descr='src\vrsbase\src\vresourceinfobaseimpl.cpp(1114):
580392e6-ba49-4280-ac67-fcd6f2180121: Неспецифицированная ошибка работы с ресурсом
Ошибка при выполнении запроса POST к ресурсу /e1cib/logForm:
afd2b550-0d52-4e03-b448-15ed68d87ac5: Недостаточно прав для просмотра'
