00:42.802004-0,ADMIN,2,process=rphost,p:processName=ServerJobExecutorContext,OSThread=6028,t:clientID=2873,t:applicationName=JobScheduler,t:computerName=DC2BUHAPP11,Func=killClient,ClusterID=8aa94e2b-5d54-4b86-800b-79353ce39638,ConnectionID=218a88ae-32b4-449c-a1e8-524c353daca8,Mode=0,Ref=bi_bk3wk1_prod_01(bi_bk3wk1_prod_01),Host=DC2BUHAPP11,Connection=10249,Administrator=Unknown,Result=Success
00:43.099007-0,EXCP,3,process=rphost,p:processName=bi_bk3wk1_prod_01,OSThread=3480,t:clientID=2881,t:applicationName=BackgroundJob,t:computerName=DC2BUHAPP11,t:connectID=10249,SessionID=64371,Usr=WK1_Тлеукулов_Абылай_Аскарулы,Exception=SeanceContextException,Descr='Сеанс отсутствует или удален
ID=11f6b48b-e282-45ab-b9dd-1f089f8f673d, File=d:\jenkins\ci_builder2\windowsbuild2\platform\src\rserver\src\clusterdistribimpl.cpp(1439)'
00:43.099009-0,EXCP,2,process=rphost,p:processName=bi_bk3wk1_prod_01,OSThread=3480,t:clientID=2881,t:applicationName=BackgroundJob,t:computerName=DC2BUHAPP11,t:connectID=10249,SessionID=64371,Usr=WK1_Тлеукулов_Абылай_Аскарулы,Exception=60c686dc-798f-4d17-aadb-a90156a16eb8,Descr='src\rserver\src\rmngrcalls.cpp(476):
60c686dc-798f-4d17-aadb-a90156a16eb8: Сеанс отсутствует или удален
ID=11f6b48b-e282-45ab-b9dd-1f089f8f673d, File=d:\jenkins\ci_builder2\windowsbuild2\platform\src\rserver\src\clusterdistribimpl.cpp(1439)'
00:43.177006-0,EXCP,2,process=rphost,p:processName=bi_bk3wk1_prod_01,OSThread=3480,t:clientID=2881,t:applicationName=BackgroundJob,t:computerName=DC2BUHAPP11,t:connectID=10249,SessionID=64371,Usr=WK1_Тлеукулов_Абылай_Аскарулы,Exception=SeanceContextException,Descr='Сеанс отсутствует или удален
ID=11f6b48b-e282-45ab-b9dd-1f089f8f673d, File=d:\jenkins\ci_builder2\windowsbuild2\platform\src\rserver\src\rmngrcalls.cpp(364)'
00:43.177007-0,EXCP,2,process=rphost,p:processName=bi_bk3wk1_prod_01,OSThread=3480,t:clientID=2881,t:applicationName=BackgroundJob,t:computerName=DC2BUHAPP11,t:connectID=10249,SessionID=64371,Usr=WK1_Тлеукулов_Абылай_Аскарулы,Exception=60c686dc-798f-4d17-aadb-a90156a16eb8,Descr='src\rserver\src\serverjobexecutor.cpp(1095):
60c686dc-798f-4d17-aadb-a90156a16eb8: Сеанс отсутствует или удален
ID=11f6b48b-e282-45ab-b9dd-1f089f8f673d, File=d:\jenkins\ci_builder2\windowsbuild2\platform\src\rserver\src\rmngrcalls.cpp(364)'
00:43.177009-0,EXCP,3,process=rphost,p:processName=bi_bk3wk1_prod_01,OSThread=3480,t:clientID=2881,t:applicationName=BackgroundJob,t:computerName=DC2BUHAPP11,t:connectID=10249,SessionID=64371,Usr=WK1_Тлеукулов_Абылай_Аскарулы,Exception=SeanceContextException,Descr='Сеанс отсутствует или удален
ID=11f6b48b-e282-45ab-b9dd-1f089f8f673d, File=d:\jenkins\ci_builder2\windowsbuild2\platform\src\rserver\src\clusterdistribimpl.cpp(1439)'
00:43.177011-0,EXCP,2,process=rphost,p:processName=bi_bk3wk1_prod_01,OSThread=3480,t:clientID=2881,t:applicationName=BackgroundJob,t:computerName=DC2BUHAPP11,t:connectID=10249,SessionID=64371,Usr=WK1_Тлеукулов_Абылай_Аскарулы,Exception=60c686dc-798f-4d17-aadb-a90156a16eb8,Descr='src\rserver\src\rmngrcalls.cpp(476):
60c686dc-798f-4d17-aadb-a90156a16eb8: Сеанс отсутствует или удален
ID=11f6b48b-e282-45ab-b9dd-1f089f8f673d, File=d:\jenkins\ci_builder2\windowsbuild2\platform\src\rserver\src\clusterdistribimpl.cpp(1439)'
00:43.381000-0,EXCP,2,process=rphost,p:processName=bi_bk3wk1_prod_01,OSThread=3480,t:clientID=2881,t:applicationName=BackgroundJob,t:computerName=DC2BUHAPP11,t:connectID=10249,SessionID=64371,Usr=WK1_Тлеукулов_Абылай_Аскарулы,Exception=SeanceContextException,Descr='Сеанс отсутствует или удален
ID=11f6b48b-e282-45ab-b9dd-1f089f8f673d, File=d:\jenkins\ci_builder2\windowsbuild2\platform\src\rserver\src\rmngrcalls.cpp(364)'
15:58.936010-0,ADMIN,3,process=rphost,p:processName=##AdminProcess##,OSThread=6164,t:clientID=2895,t:applicationName=RAS,t:computerName=DC2BUHAPP11,Func=authenticateSrvrUser,Administrator=,Result=Success
15:58.952030-0,ADMIN,3,process=rphost,p:processName=bi_bk3wk1_prod_01,OSThread=6164,t:clientID=2895,t:applicationName=RAS,t:computerName=DC2BUHAPP11,t:connectID=10259,SessionID=64367,Func=authenticateInfoBaseAdmin,ClusterID=8aa94e2b-5d54-4b86-800b-79353ce39638,InfoBaseID=e65619db-c02e-4647-a08d-3f4e7765383d,Usr=#WINAUTH#,Administrator=,Result=Fail
15:58.983007-0,ADMIN,3,process=rphost,p:processName=bi_bk3wk1_prod_01,OSThread=6164,t:clientID=2895,t:applicationName=RAS,t:computerName=DC2BUHAPP11,t:connectID=10259,SessionID=64367,Func=authenticateInfoBaseAdmin,ClusterID=8aa94e2b-5d54-4b86-800b-79353ce39638,InfoBaseID=e65619db-c02e-4647-a08d-3f4e7765383d,Usr=ОбновлениеБазы,Administrator=,Result=Success
15:58.936019-0,ADMIN,3,process=rphost,p:processName=##AdminProcess##,OSThread=6164,t:clientID=2895,t:applicationName=RAS,t:computerName=DC2BUHAPP11,Func=getInfoBaseParams,ClusterID=8aa94e2b-5d54-4b86-800b-79353ce39638,InfoBaseID=e65619db-c02e-4647-a08d-3f4e7765383d,Ref=bi_bk3wk1_prod_01,Administrator=,Result=Success
16:00.608006-3,CALL,1,process=rphost,p:processName=bi_bk3wk1_prod_01,OSThread=8236,t:clientID=2896,t:applicationName=1CV8,t:computerName=DC2MGMT03,t:connectID=10260,Interface=a2cf4e8a-06e2-4f81-92b3-604ea54ba92b,IName=IFolderFileHost,Method=0,CallID=19703,MName=open,RetExcp="Файл не обнаружен 'bi_bk3wk1_prod_01/ConfigSave/version'",Memory=1752,MemoryPeak=5118,InBytes=0,OutBytes=0,CpuTime=0
16:00.608011-3,CALL,1,process=rphost,p:processName=bi_bk3wk1_prod_01,OSThread=8236,t:clientID=2896,t:applicationName=1CV8,t:computerName=DC2MGMT03,t:connectID=10260,Interface=a2cf4e8a-06e2-4f81-92b3-604ea54ba92b,IName=IFolderFileHost,Method=0,CallID=19704,MName=open,RetExcp="Файл не обнаружен 'bi_bk3wk1_prod_01/ConfigSave/versions'",Memory=22,MemoryPeak=3554,InBytes=0,OutBytes=0,CpuTime=0
16:00.796013-3,CALL,1,process=rphost,p:processName=bi_bk3wk1_prod_01,OSThread=8236,t:clientID=2896,t:applicationName=1CV8,t:computerName=DC2MGMT03,t:connectID=10260,Interface=a2cf4e8a-06e2-4f81-92b3-604ea54ba92b,IName=IFolderFileHost,Method=0,CallID=19757,MName=open,RetExcp="Файл не обнаружен 'bi_bk3wk1_prod_01/Config/convertPhase'",Memory=1298,MemoryPeak=4802,InBytes=0,OutBytes=0,CpuTime=0
16:01.046042-3,CALL,1,process=rphost,p:processName=bi_bk3wk1_prod_01,OSThread=8236,t:clientID=2896,t:applicationName=1CV8,t:computerName=DC2MGMT03,t:connectID=10260,SessionID=64368,Usr=ОбновлениеБазы,Interface=a2cf4e8a-06e2-4f81-92b3-604ea54ba92b,IName=IFolderFileHost,Method=0,CallID=19799,MName=open,RetExcp="Файл не обнаружен 'bi_bk3wk1_prod_01/Params/DBNames-Ext--1'",Memory=1218,MemoryPeak=5040,InBytes=0,OutBytes=0,CpuTime=0
16:52.330022-0,EXCP,0,process=rphost,OSThread=8576,ClientID=2870,Exception=NetDataExchangeException,Descr='server_addr=(2)10.224.32.15:60790 descr=2(0x00000002): Не удается найти указанный файл.  line=1149 file=d:\jenkins\ci_builder2\windowsbuild2\platform\src\rtrsrvc\src\dataexchangeserverimpl.cpp'
16:52.330024-0,EXCPCNTX,0,ClientComputerName=,ServerComputerName=,UserName=,ConnectString=
20:03.061063-0,EXCP,0,process=rphost,OSThread=1264,ClientID=2869,Exception=NetDataExchangeException,Descr='server_addr=(2)10.225.32.15:65207 descr=2(0x00000002): Не удается найти указанный файл.  line=1149 file=d:\jenkins\ci_builder2\windowsbuild2\platform\src\rtrsrvc\src\dataexchangeserverimpl.cpp'
20:03.061064-0,EXCPCNTX,0,ClientComputerName=,ServerComputerName=,UserName=,ConnectString=
28:18.880010-0,EXCP,0,process=rphost,OSThread=7804,ClientID=2901,Exception=NetDataExchangeException,Descr='server_addr=(2)10.225.32.15:65242 descr=2(0x00000002): Не удается найти указанный файл.  line=1149 file=d:\jenkins\ci_builder2\windowsbuild2\platform\src\rtrsrvc\src\dataexchangeserverimpl.cpp'
28:18.880012-0,EXCPCNTX,0,ClientComputerName=,ServerComputerName=,UserName=,ConnectString=
