00:26.330015-0,ADMIN,2,process=rphost,p:processName=ServerJobExecutorContext,OSThread=6028,t:clientID=2200,t:applicationName=JobScheduler,t:computerName=DC2BUHAPP11,Func=killClient,ClusterID=8aa94e2b-5d54-4b86-800b-79353ce39638,ConnectionID=f5e775cc-4004-4f49-89c4-d0dfc9391964,Mode=0,Ref=bi_bk3wk1_prod_01(bi_bk3wk1_prod_01),Host=DC2BUHAPP11,Connection=8602,Administrator=Unknown,Result=Success
00:27.205012-0,ADMIN,2,process=rphost,p:processName=ServerJobExecutorContext,OSThread=6028,t:clientID=2200,t:applicationName=JobScheduler,t:computerName=DC2BUHAPP11,Func=killClient,ClusterID=8aa94e2b-5d54-4b86-800b-79353ce39638,ConnectionID=a16a282d-6dc4-45ca-ba73-0cc8957178ba,Mode=0,Ref=bi_bk3wk1_prod_01(bi_bk3wk1_prod_01),Host=DC2BUHAPP11,Connection=8603,Administrator=Unknown,Result=Success
00:27.267001-0,EXCP,3,process=rphost,p:processName=bi_bk3wk1_prod_01,OSThread=8236,t:clientID=2217,t:applicationName=BackgroundJob,t:computerName=DC2BUHAPP11,t:connectID=8603,SessionID=63041,Usr=Кутлюб Динара Рахимовна,Exception=SeanceContextException,Descr='Сеанс отсутствует или удален
ID=cca936da-9be7-405d-9fcd-d916d3b24252, File=d:\jenkins\ci_builder2\windowsbuild2\platform\src\rserver\src\clusterdistribimpl.cpp(1439)'
00:27.267003-0,EXCP,2,process=rphost,p:processName=bi_bk3wk1_prod_01,OSThread=8236,t:clientID=2217,t:applicationName=BackgroundJob,t:computerName=DC2BUHAPP11,t:connectID=8603,SessionID=63041,Usr=Кутлюб Динара Рахимовна,Exception=60c686dc-798f-4d17-aadb-a90156a16eb8,Descr='src\rserver\src\rmngrcalls.cpp(476):
60c686dc-798f-4d17-aadb-a90156a16eb8: Сеанс отсутствует или удален
ID=cca936da-9be7-405d-9fcd-d916d3b24252, File=d:\jenkins\ci_builder2\windowsbuild2\platform\src\rserver\src\clusterdistribimpl.cpp(1439)'
00:27.470000-0,EXCP,2,process=rphost,p:processName=bi_bk3wk1_prod_01,OSThread=8236,t:clientID=2217,t:applicationName=BackgroundJob,t:computerName=DC2BUHAPP11,t:connectID=8603,SessionID=63041,Usr=Кутлюб Динара Рахимовна,Exception=SeanceContextException,Descr='Сеанс отсутствует или удален
ID=cca936da-9be7-405d-9fcd-d916d3b24252, File=d:\jenkins\ci_builder2\windowsbuild2\platform\src\rserver\src\rmngrcalls.cpp(364)'
00:27.470001-0,EXCP,2,process=rphost,p:processName=bi_bk3wk1_prod_01,OSThread=8236,t:clientID=2217,t:applicationName=BackgroundJob,t:computerName=DC2BUHAPP11,t:connectID=8603,SessionID=63041,Usr=Кутлюб Динара Рахимовна,Exception=60c686dc-798f-4d17-aadb-a90156a16eb8,Descr='src\rserver\src\serverjobexecutor.cpp(1095):
60c686dc-798f-4d17-aadb-a90156a16eb8: Сеанс отсутствует или удален
ID=cca936da-9be7-405d-9fcd-d916d3b24252, File=d:\jenkins\ci_builder2\windowsbuild2\platform\src\rserver\src\rmngrcalls.cpp(364)'
00:27.470003-0,EXCP,3,process=rphost,p:processName=bi_bk3wk1_prod_01,OSThread=8236,t:clientID=2217,t:applicationName=BackgroundJob,t:computerName=DC2BUHAPP11,t:connectID=8603,SessionID=63041,Usr=Кутлюб Динара Рахимовна,Exception=SeanceContextException,Descr='Сеанс отсутствует или удален
ID=cca936da-9be7-405d-9fcd-d916d3b24252, File=d:\jenkins\ci_builder2\windowsbuild2\platform\src\rserver\src\clusterdistribimpl.cpp(1439)'
00:27.470005-0,EXCP,2,process=rphost,p:processName=bi_bk3wk1_prod_01,OSThread=8236,t:clientID=2217,t:applicationName=BackgroundJob,t:computerName=DC2BUHAPP11,t:connectID=8603,SessionID=63041,Usr=Кутлюб Динара Рахимовна,Exception=60c686dc-798f-4d17-aadb-a90156a16eb8,Descr='src\rserver\src\rmngrcalls.cpp(476):
60c686dc-798f-4d17-aadb-a90156a16eb8: Сеанс отсутствует или удален
ID=cca936da-9be7-405d-9fcd-d916d3b24252, File=d:\jenkins\ci_builder2\windowsbuild2\platform\src\rserver\src\clusterdistribimpl.cpp(1439)'
00:27.673000-0,EXCP,2,process=rphost,p:processName=bi_bk3wk1_prod_01,OSThread=8236,t:clientID=2217,t:applicationName=BackgroundJob,t:computerName=DC2BUHAPP11,t:connectID=8603,SessionID=63041,Usr=Кутлюб Динара Рахимовна,Exception=SeanceContextException,Descr='Сеанс отсутствует или удален
ID=cca936da-9be7-405d-9fcd-d916d3b24252, File=d:\jenkins\ci_builder2\windowsbuild2\platform\src\rserver\src\rmngrcalls.cpp(364)'
00:28.158010-0,EXCP,3,process=rphost,p:processName=bi_bk3wk1_prod_01,OSThread=7264,t:clientID=2216,t:applicationName=BackgroundJob,t:computerName=DC2BUHAPP11,t:connectID=8602,SessionID=63040,Usr=Кутлюб Динара Рахимовна,Exception=SeanceContextException,Descr='Сеанс отсутствует или удален
ID=0594e59b-be55-45b7-857b-20285f1d672a, File=d:\jenkins\ci_builder2\windowsbuild2\platform\src\rserver\src\clusterdistribimpl.cpp(1439)'
00:28.158012-0,EXCP,2,process=rphost,p:processName=bi_bk3wk1_prod_01,OSThread=7264,t:clientID=2216,t:applicationName=BackgroundJob,t:computerName=DC2BUHAPP11,t:connectID=8602,SessionID=63040,Usr=Кутлюб Динара Рахимовна,Exception=60c686dc-798f-4d17-aadb-a90156a16eb8,Descr='src\rserver\src\rmngrcalls.cpp(476):
60c686dc-798f-4d17-aadb-a90156a16eb8: Сеанс отсутствует или удален
ID=0594e59b-be55-45b7-857b-20285f1d672a, File=d:\jenkins\ci_builder2\windowsbuild2\platform\src\rserver\src\clusterdistribimpl.cpp(1439)'
00:28.361000-0,EXCP,2,process=rphost,p:processName=bi_bk3wk1_prod_01,OSThread=7264,t:clientID=2216,t:applicationName=BackgroundJob,t:computerName=DC2BUHAPP11,t:connectID=8602,SessionID=63040,Usr=Кутлюб Динара Рахимовна,Exception=SeanceContextException,Descr='Сеанс отсутствует или удален
ID=0594e59b-be55-45b7-857b-20285f1d672a, File=d:\jenkins\ci_builder2\windowsbuild2\platform\src\rserver\src\rmngrcalls.cpp(364)'
00:28.361001-0,EXCP,2,process=rphost,p:processName=bi_bk3wk1_prod_01,OSThread=7264,t:clientID=2216,t:applicationName=BackgroundJob,t:computerName=DC2BUHAPP11,t:connectID=8602,SessionID=63040,Usr=Кутлюб Динара Рахимовна,Exception=60c686dc-798f-4d17-aadb-a90156a16eb8,Descr='src\rserver\src\serverjobexecutor.cpp(1095):
60c686dc-798f-4d17-aadb-a90156a16eb8: Сеанс отсутствует или удален
ID=0594e59b-be55-45b7-857b-20285f1d672a, File=d:\jenkins\ci_builder2\windowsbuild2\platform\src\rserver\src\rmngrcalls.cpp(364)'
00:28.361008-0,EXCP,3,process=rphost,p:processName=bi_bk3wk1_prod_01,OSThread=7264,t:clientID=2216,t:applicationName=BackgroundJob,t:computerName=DC2BUHAPP11,t:connectID=8602,SessionID=63040,Usr=Кутлюб Динара Рахимовна,Exception=SeanceContextException,Descr='Сеанс отсутствует или удален
ID=0594e59b-be55-45b7-857b-20285f1d672a, File=d:\jenkins\ci_builder2\windowsbuild2\platform\src\rserver\src\clusterdistribimpl.cpp(1439)'
00:28.361011-0,EXCP,2,process=rphost,p:processName=bi_bk3wk1_prod_01,OSThread=7264,t:clientID=2216,t:applicationName=BackgroundJob,t:computerName=DC2BUHAPP11,t:connectID=8602,SessionID=63040,Usr=Кутлюб Динара Рахимовна,Exception=60c686dc-798f-4d17-aadb-a90156a16eb8,Descr='src\rserver\src\rmngrcalls.cpp(476):
60c686dc-798f-4d17-aadb-a90156a16eb8: Сеанс отсутствует или удален
ID=0594e59b-be55-45b7-857b-20285f1d672a, File=d:\jenkins\ci_builder2\windowsbuild2\platform\src\rserver\src\clusterdistribimpl.cpp(1439)'
00:28.564000-0,EXCP,2,process=rphost,p:processName=bi_bk3wk1_prod_01,OSThread=7264,t:clientID=2216,t:applicationName=BackgroundJob,t:computerName=DC2BUHAPP11,t:connectID=8602,SessionID=63040,Usr=Кутлюб Динара Рахимовна,Exception=SeanceContextException,Descr='Сеанс отсутствует или удален
ID=0594e59b-be55-45b7-857b-20285f1d672a, File=d:\jenkins\ci_builder2\windowsbuild2\platform\src\rserver\src\rmngrcalls.cpp(364)'
00:28.626012-0,ADMIN,2,process=rphost,p:processName=ServerJobExecutorContext,OSThread=6028,t:clientID=2200,t:applicationName=JobScheduler,t:computerName=DC2BUHAPP11,Func=killClient,ClusterID=8aa94e2b-5d54-4b86-800b-79353ce39638,ConnectionID=a1fed3ae-b2b4-4268-92ca-8f1ca4313ffb,Mode=0,Ref=bi_bk3wk1_prod_01(bi_bk3wk1_prod_01),Host=DC2BUHAPP11,Connection=8605,Administrator=Unknown,Result=Success
00:28.970005-0,EXCP,3,process=rphost,p:processName=bi_bk3wk1_prod_01,OSThread=576,t:clientID=2219,t:applicationName=BackgroundJob,t:computerName=DC2BUHAPP11,t:connectID=8605,SessionID=63043,Usr=Кутлюб Динара Рахимовна,Exception=SeanceContextException,Descr='Сеанс отсутствует или удален
ID=e91354ac-897a-4ac2-a2bd-d7f9f643d51d, File=d:\jenkins\ci_builder2\windowsbuild2\platform\src\rserver\src\clusterdistribimpl.cpp(1439)'
00:28.970007-0,EXCP,2,process=rphost,p:processName=bi_bk3wk1_prod_01,OSThread=576,t:clientID=2219,t:applicationName=BackgroundJob,t:computerName=DC2BUHAPP11,t:connectID=8605,SessionID=63043,Usr=Кутлюб Динара Рахимовна,Exception=60c686dc-798f-4d17-aadb-a90156a16eb8,Descr='src\rserver\src\rmngrcalls.cpp(476):
60c686dc-798f-4d17-aadb-a90156a16eb8: Сеанс отсутствует или удален
ID=e91354ac-897a-4ac2-a2bd-d7f9f643d51d, File=d:\jenkins\ci_builder2\windowsbuild2\platform\src\rserver\src\clusterdistribimpl.cpp(1439)'
00:29.173000-0,EXCP,2,process=rphost,p:processName=bi_bk3wk1_prod_01,OSThread=576,t:clientID=2219,t:applicationName=BackgroundJob,t:computerName=DC2BUHAPP11,t:connectID=8605,SessionID=63043,Usr=Кутлюб Динара Рахимовна,Exception=SeanceContextException,Descr='Сеанс отсутствует или удален
ID=e91354ac-897a-4ac2-a2bd-d7f9f643d51d, File=d:\jenkins\ci_builder2\windowsbuild2\platform\src\rserver\src\rmngrcalls.cpp(364)'
00:29.173001-0,EXCP,2,process=rphost,p:processName=bi_bk3wk1_prod_01,OSThread=576,t:clientID=2219,t:applicationName=BackgroundJob,t:computerName=DC2BUHAPP11,t:connectID=8605,SessionID=63043,Usr=Кутлюб Динара Рахимовна,Exception=60c686dc-798f-4d17-aadb-a90156a16eb8,Descr='src\rserver\src\serverjobexecutor.cpp(1095):
60c686dc-798f-4d17-aadb-a90156a16eb8: Сеанс отсутствует или удален
ID=e91354ac-897a-4ac2-a2bd-d7f9f643d51d, File=d:\jenkins\ci_builder2\windowsbuild2\platform\src\rserver\src\rmngrcalls.cpp(364)'
00:29.173003-0,EXCP,3,process=rphost,p:processName=bi_bk3wk1_prod_01,OSThread=576,t:clientID=2219,t:applicationName=BackgroundJob,t:computerName=DC2BUHAPP11,t:connectID=8605,SessionID=63043,Usr=Кутлюб Динара Рахимовна,Exception=SeanceContextException,Descr='Сеанс отсутствует или удален
ID=e91354ac-897a-4ac2-a2bd-d7f9f643d51d, File=d:\jenkins\ci_builder2\windowsbuild2\platform\src\rserver\src\clusterdistribimpl.cpp(1439)'
00:29.173005-0,EXCP,2,process=rphost,p:processName=bi_bk3wk1_prod_01,OSThread=576,t:clientID=2219,t:applicationName=BackgroundJob,t:computerName=DC2BUHAPP11,t:connectID=8605,SessionID=63043,Usr=Кутлюб Динара Рахимовна,Exception=60c686dc-798f-4d17-aadb-a90156a16eb8,Descr='src\rserver\src\rmngrcalls.cpp(476):
60c686dc-798f-4d17-aadb-a90156a16eb8: Сеанс отсутствует или удален
ID=e91354ac-897a-4ac2-a2bd-d7f9f643d51d, File=d:\jenkins\ci_builder2\windowsbuild2\platform\src\rserver\src\clusterdistribimpl.cpp(1439)'
00:29.376000-0,EXCP,2,process=rphost,p:processName=bi_bk3wk1_prod_01,OSThread=576,t:clientID=2219,t:applicationName=BackgroundJob,t:computerName=DC2BUHAPP11,t:connectID=8605,SessionID=63043,Usr=Кутлюб Динара Рахимовна,Exception=SeanceContextException,Descr='Сеанс отсутствует или удален
ID=e91354ac-897a-4ac2-a2bd-d7f9f643d51d, File=d:\jenkins\ci_builder2\windowsbuild2\platform\src\rserver\src\rmngrcalls.cpp(364)'
08:39.642012-0,ADMIN,2,process=rphost,p:processName=ServerJobExecutorContext,OSThread=676,t:clientID=2235,t:applicationName=JobScheduler,t:computerName=DC2BUHAPP11,Func=killClient,ClusterID=8aa94e2b-5d54-4b86-800b-79353ce39638,ConnectionID=31c75539-158c-48b7-b6d2-3945fd41ab68,Mode=0,Ref=bi_bk3wk1_prod_01(bi_bk3wk1_prod_01),Host=DC2BUHAPP11,Connection=8670,Administrator=Unknown,Result=Success
08:40.314015-0,ADMIN,2,process=rphost,p:processName=ServerJobExecutorContext,OSThread=676,t:clientID=2235,t:applicationName=JobScheduler,t:computerName=DC2BUHAPP11,Func=killClient,ClusterID=8aa94e2b-5d54-4b86-800b-79353ce39638,ConnectionID=21b1d0ee-b393-4fdd-82fe-d705c7cce175,Mode=0,Ref=bi_bk3wk1_prod_01(bi_bk3wk1_prod_01),Host=DC2BUHAPP11,Connection=8671,Administrator=Unknown,Result=Success
08:40.736015-0,ADMIN,2,process=rphost,p:processName=ServerJobExecutorContext,OSThread=676,t:clientID=2235,t:applicationName=JobScheduler,t:computerName=DC2BUHAPP11,Func=killClient,ClusterID=8aa94e2b-5d54-4b86-800b-79353ce39638,ConnectionID=57a1569b-a47a-490b-9fb8-6087d4d4a9be,Mode=0,Ref=bi_bk3wk1_prod_01(bi_bk3wk1_prod_01),Host=DC2BUHAPP11,Connection=8672,Administrator=Unknown,Result=Success
08:41.580008-0,EXCP,3,process=rphost,p:processName=bi_bk3wk1_prod_01,OSThread=4808,t:clientID=2240,t:applicationName=BackgroundJob,t:computerName=DC2BUHAPP11,t:connectID=8671,SessionID=63126,Usr=WK1_Жаксылыков_Ерасыл_Серикказыевич,Exception=SeanceContextException,Descr='Сеанс отсутствует или удален
ID=20be616f-e415-40cf-8883-096e204d9b10, File=d:\jenkins\ci_builder2\windowsbuild2\platform\src\rserver\src\clusterdistribimpl.cpp(1439)'
08:41.580010-0,EXCP,2,process=rphost,p:processName=bi_bk3wk1_prod_01,OSThread=4808,t:clientID=2240,t:applicationName=BackgroundJob,t:computerName=DC2BUHAPP11,t:connectID=8671,SessionID=63126,Usr=WK1_Жаксылыков_Ерасыл_Серикказыевич,Exception=60c686dc-798f-4d17-aadb-a90156a16eb8,Descr='src\rserver\src\rmngrcalls.cpp(476):
60c686dc-798f-4d17-aadb-a90156a16eb8: Сеанс отсутствует или удален
ID=20be616f-e415-40cf-8883-096e204d9b10, File=d:\jenkins\ci_builder2\windowsbuild2\platform\src\rserver\src\clusterdistribimpl.cpp(1439)'
08:41.783000-0,EXCP,2,process=rphost,p:processName=bi_bk3wk1_prod_01,OSThread=4808,t:clientID=2240,t:applicationName=BackgroundJob,t:computerName=DC2BUHAPP11,t:connectID=8671,SessionID=63126,Usr=WK1_Жаксылыков_Ерасыл_Серикказыевич,Exception=SeanceContextException,Descr='Сеанс отсутствует или удален
ID=20be616f-e415-40cf-8883-096e204d9b10, File=d:\jenkins\ci_builder2\windowsbuild2\platform\src\rserver\src\rmngrcalls.cpp(364)'
08:41.783001-0,EXCP,2,process=rphost,p:processName=bi_bk3wk1_prod_01,OSThread=4808,t:clientID=2240,t:applicationName=BackgroundJob,t:computerName=DC2BUHAPP11,t:connectID=8671,SessionID=63126,Usr=WK1_Жаксылыков_Ерасыл_Серикказыевич,Exception=60c686dc-798f-4d17-aadb-a90156a16eb8,Descr='src\rserver\src\serverjobexecutor.cpp(1095):
60c686dc-798f-4d17-aadb-a90156a16eb8: Сеанс отсутствует или удален
ID=20be616f-e415-40cf-8883-096e204d9b10, File=d:\jenkins\ci_builder2\windowsbuild2\platform\src\rserver\src\rmngrcalls.cpp(364)'
08:41.783003-0,EXCP,3,process=rphost,p:processName=bi_bk3wk1_prod_01,OSThread=4808,t:clientID=2240,t:applicationName=BackgroundJob,t:computerName=DC2BUHAPP11,t:connectID=8671,SessionID=63126,Usr=WK1_Жаксылыков_Ерасыл_Серикказыевич,Exception=SeanceContextException,Descr='Сеанс отсутствует или удален
ID=20be616f-e415-40cf-8883-096e204d9b10, File=d:\jenkins\ci_builder2\windowsbuild2\platform\src\rserver\src\clusterdistribimpl.cpp(1439)'
08:41.783005-0,EXCP,2,process=rphost,p:processName=bi_bk3wk1_prod_01,OSThread=4808,t:clientID=2240,t:applicationName=BackgroundJob,t:computerName=DC2BUHAPP11,t:connectID=8671,SessionID=63126,Usr=WK1_Жаксылыков_Ерасыл_Серикказыевич,Exception=60c686dc-798f-4d17-aadb-a90156a16eb8,Descr='src\rserver\src\rmngrcalls.cpp(476):
60c686dc-798f-4d17-aadb-a90156a16eb8: Сеанс отсутствует или удален
ID=20be616f-e415-40cf-8883-096e204d9b10, File=d:\jenkins\ci_builder2\windowsbuild2\platform\src\rserver\src\clusterdistribimpl.cpp(1439)'
08:41.955002-0,EXCP,4,process=rphost,p:processName=bi_bk3wk1_prod_01,OSThread=9240,t:clientID=2238,t:applicationName=BackgroundJob,t:computerName=DC2BUHAPP11,t:connectID=8670,SessionID=63125,Usr=WK1_Жаксылыков_Ерасыл_Серикказыевич,Exception=SeanceContextException,Descr='Сеанс отсутствует или удален
ID=7716cea0-da8a-49c2-b049-ee00ca562e87, File=d:\jenkins\ci_builder2\windowsbuild2\platform\src\rserver\src\clusterdistribimpl.cpp(1439)'
08:41.955004-0,EXCP,3,process=rphost,p:processName=bi_bk3wk1_prod_01,OSThread=9240,t:clientID=2238,t:applicationName=BackgroundJob,t:computerName=DC2BUHAPP11,t:connectID=8670,SessionID=63125,Usr=WK1_Жаксылыков_Ерасыл_Серикказыевич,Exception=60c686dc-798f-4d17-aadb-a90156a16eb8,Descr='src\rserver\src\rmngrcalls.cpp(476):
60c686dc-798f-4d17-aadb-a90156a16eb8: Сеанс отсутствует или удален
ID=7716cea0-da8a-49c2-b049-ee00ca562e87, File=d:\jenkins\ci_builder2\windowsbuild2\platform\src\rserver\src\clusterdistribimpl.cpp(1439)'
08:41.986000-0,EXCP,2,process=rphost,p:processName=bi_bk3wk1_prod_01,OSThread=4808,t:clientID=2240,t:applicationName=BackgroundJob,t:computerName=DC2BUHAPP11,t:connectID=8671,SessionID=63126,Usr=WK1_Жаксылыков_Ерасыл_Серикказыевич,Exception=SeanceContextException,Descr='Сеанс отсутствует или удален
ID=20be616f-e415-40cf-8883-096e204d9b10, File=d:\jenkins\ci_builder2\windowsbuild2\platform\src\rserver\src\rmngrcalls.cpp(364)'
08:42.095000-0,EXCP,3,process=rphost,p:processName=bi_bk3wk1_prod_01,OSThread=4588,t:clientID=2241,t:applicationName=BackgroundJob,t:computerName=DC2BUHAPP11,t:connectID=8672,SessionID=63127,Usr=WK1_Жаксылыков_Ерасыл_Серикказыевич,Exception=SeanceContextException,Descr='Сеанс отсутствует или удален
ID=3f9cfe1c-451d-4dc3-8f12-2544f677b45d, File=d:\jenkins\ci_builder2\windowsbuild2\platform\src\rserver\src\clusterdistribimpl.cpp(1439)'
08:42.095002-0,EXCP,2,process=rphost,p:processName=bi_bk3wk1_prod_01,OSThread=4588,t:clientID=2241,t:applicationName=BackgroundJob,t:computerName=DC2BUHAPP11,t:connectID=8672,SessionID=63127,Usr=WK1_Жаксылыков_Ерасыл_Серикказыевич,Exception=60c686dc-798f-4d17-aadb-a90156a16eb8,Descr='src\rserver\src\rmngrcalls.cpp(476):
60c686dc-798f-4d17-aadb-a90156a16eb8: Сеанс отсутствует или удален
ID=3f9cfe1c-451d-4dc3-8f12-2544f677b45d, File=d:\jenkins\ci_builder2\windowsbuild2\platform\src\rserver\src\clusterdistribimpl.cpp(1439)'
08:42.158000-0,EXCP,3,process=rphost,p:processName=bi_bk3wk1_prod_01,OSThread=9240,t:clientID=2238,t:applicationName=BackgroundJob,t:computerName=DC2BUHAPP11,t:connectID=8670,SessionID=63125,Usr=WK1_Жаксылыков_Ерасыл_Серикказыевич,Exception=SeanceContextException,Descr='Сеанс отсутствует или удален
ID=7716cea0-da8a-49c2-b049-ee00ca562e87, File=d:\jenkins\ci_builder2\windowsbuild2\platform\src\rserver\src\rmngrcalls.cpp(364)'
08:42.158001-0,EXCP,3,process=rphost,p:processName=bi_bk3wk1_prod_01,OSThread=9240,t:clientID=2238,t:applicationName=BackgroundJob,t:computerName=DC2BUHAPP11,t:connectID=8670,SessionID=63125,Usr=WK1_Жаксылыков_Ерасыл_Серикказыевич,Exception=60c686dc-798f-4d17-aadb-a90156a16eb8,Descr='src\rserver\src\serverjobexecutor.cpp(1095):
60c686dc-798f-4d17-aadb-a90156a16eb8: Сеанс отсутствует или удален
ID=7716cea0-da8a-49c2-b049-ee00ca562e87, File=d:\jenkins\ci_builder2\windowsbuild2\platform\src\rserver\src\rmngrcalls.cpp(364)'
08:42.158003-0,EXCP,4,process=rphost,p:processName=bi_bk3wk1_prod_01,OSThread=9240,t:clientID=2238,t:applicationName=BackgroundJob,t:computerName=DC2BUHAPP11,t:connectID=8670,SessionID=63125,Usr=WK1_Жаксылыков_Ерасыл_Серикказыевич,Exception=SeanceContextException,Descr='Сеанс отсутствует или удален
ID=7716cea0-da8a-49c2-b049-ee00ca562e87, File=d:\jenkins\ci_builder2\windowsbuild2\platform\src\rserver\src\clusterdistribimpl.cpp(1439)'
08:42.158005-0,EXCP,3,process=rphost,p:processName=bi_bk3wk1_prod_01,OSThread=9240,t:clientID=2238,t:applicationName=BackgroundJob,t:computerName=DC2BUHAPP11,t:connectID=8670,SessionID=63125,Usr=WK1_Жаксылыков_Ерасыл_Серикказыевич,Exception=60c686dc-798f-4d17-aadb-a90156a16eb8,Descr='src\rserver\src\rmngrcalls.cpp(476):
60c686dc-798f-4d17-aadb-a90156a16eb8: Сеанс отсутствует или удален
ID=7716cea0-da8a-49c2-b049-ee00ca562e87, File=d:\jenkins\ci_builder2\windowsbuild2\platform\src\rserver\src\clusterdistribimpl.cpp(1439)'
08:42.298000-0,EXCP,2,process=rphost,p:processName=bi_bk3wk1_prod_01,OSThread=4588,t:clientID=2241,t:applicationName=BackgroundJob,t:computerName=DC2BUHAPP11,t:connectID=8672,SessionID=63127,Usr=WK1_Жаксылыков_Ерасыл_Серикказыевич,Exception=SeanceContextException,Descr='Сеанс отсутствует или удален
ID=3f9cfe1c-451d-4dc3-8f12-2544f677b45d, File=d:\jenkins\ci_builder2\windowsbuild2\platform\src\rserver\src\rmngrcalls.cpp(364)'
08:42.298001-0,EXCP,2,process=rphost,p:processName=bi_bk3wk1_prod_01,OSThread=4588,t:clientID=2241,t:applicationName=BackgroundJob,t:computerName=DC2BUHAPP11,t:connectID=8672,SessionID=63127,Usr=WK1_Жаксылыков_Ерасыл_Серикказыевич,Exception=60c686dc-798f-4d17-aadb-a90156a16eb8,Descr='src\rserver\src\serverjobexecutor.cpp(1095):
60c686dc-798f-4d17-aadb-a90156a16eb8: Сеанс отсутствует или удален
ID=3f9cfe1c-451d-4dc3-8f12-2544f677b45d, File=d:\jenkins\ci_builder2\windowsbuild2\platform\src\rserver\src\rmngrcalls.cpp(364)'
08:42.298003-0,EXCP,3,process=rphost,p:processName=bi_bk3wk1_prod_01,OSThread=4588,t:clientID=2241,t:applicationName=BackgroundJob,t:computerName=DC2BUHAPP11,t:connectID=8672,SessionID=63127,Usr=WK1_Жаксылыков_Ерасыл_Серикказыевич,Exception=SeanceContextException,Descr='Сеанс отсутствует или удален
ID=3f9cfe1c-451d-4dc3-8f12-2544f677b45d, File=d:\jenkins\ci_builder2\windowsbuild2\platform\src\rserver\src\clusterdistribimpl.cpp(1439)'
08:42.298005-0,EXCP,2,process=rphost,p:processName=bi_bk3wk1_prod_01,OSThread=4588,t:clientID=2241,t:applicationName=BackgroundJob,t:computerName=DC2BUHAPP11,t:connectID=8672,SessionID=63127,Usr=WK1_Жаксылыков_Ерасыл_Серикказыевич,Exception=60c686dc-798f-4d17-aadb-a90156a16eb8,Descr='src\rserver\src\rmngrcalls.cpp(476):
60c686dc-798f-4d17-aadb-a90156a16eb8: Сеанс отсутствует или удален
ID=3f9cfe1c-451d-4dc3-8f12-2544f677b45d, File=d:\jenkins\ci_builder2\windowsbuild2\platform\src\rserver\src\clusterdistribimpl.cpp(1439)'
08:42.330006-0,EXCP,2,process=rphost,p:processName=bi_bk3wk1_prod_01,OSThread=4588,t:clientID=2241,t:applicationName=BackgroundJob,t:computerName=DC2BUHAPP11,t:connectID=8672,SessionID=63127,Usr=WK1_Жаксылыков_Ерасыл_Серикказыевич,Exception=SeanceContextException,Descr='Сеанс отсутствует или удален
ID=3f9cfe1c-451d-4dc3-8f12-2544f677b45d, File=d:\jenkins\ci_builder2\windowsbuild2\platform\src\rserver\src\rmngrcalls.cpp(364)'
08:42.330007-0,EXCP,3,process=rphost,p:processName=bi_bk3wk1_prod_01,OSThread=9240,t:clientID=2238,t:applicationName=BackgroundJob,t:computerName=DC2BUHAPP11,t:connectID=8670,SessionID=63125,Usr=WK1_Жаксылыков_Ерасыл_Серикказыевич,Exception=SeanceContextException,Descr='Сеанс отсутствует или удален
ID=7716cea0-da8a-49c2-b049-ee00ca562e87, File=d:\jenkins\ci_builder2\windowsbuild2\platform\src\rserver\src\rmngrcalls.cpp(364)'
09:14.910015-0,ADMIN,2,process=rphost,p:processName=ServerJobExecutorContext,OSThread=676,t:clientID=2235,t:applicationName=JobScheduler,t:computerName=DC2BUHAPP11,Func=killClient,ClusterID=8aa94e2b-5d54-4b86-800b-79353ce39638,ConnectionID=d38608f6-651e-46e5-86fe-d4d47f594721,Mode=0,Ref=bi_bk3wk1_prod_01(bi_bk3wk1_prod_01),Host=DC2BUHAPP11,Connection=8677,Administrator=Unknown,Result=Success
09:16.363005-0,EXCP,3,process=rphost,p:processName=bi_bk3wk1_prod_01,OSThread=9240,t:clientID=2243,t:applicationName=BackgroundJob,t:computerName=DC2BUHAPP11,t:connectID=8677,SessionID=63133,Usr=WK1_Жаксылыков_Ерасыл_Серикказыевич,Exception=SeanceContextException,Descr='Сеанс отсутствует или удален
ID=045de4b9-aae0-4130-9668-19d4bb6c08cd, File=d:\jenkins\ci_builder2\windowsbuild2\platform\src\rserver\src\clusterdistribimpl.cpp(1439)'
09:16.363007-0,EXCP,2,process=rphost,p:processName=bi_bk3wk1_prod_01,OSThread=9240,t:clientID=2243,t:applicationName=BackgroundJob,t:computerName=DC2BUHAPP11,t:connectID=8677,SessionID=63133,Usr=WK1_Жаксылыков_Ерасыл_Серикказыевич,Exception=60c686dc-798f-4d17-aadb-a90156a16eb8,Descr='src\rserver\src\rmngrcalls.cpp(476):
60c686dc-798f-4d17-aadb-a90156a16eb8: Сеанс отсутствует или удален
ID=045de4b9-aae0-4130-9668-19d4bb6c08cd, File=d:\jenkins\ci_builder2\windowsbuild2\platform\src\rserver\src\clusterdistribimpl.cpp(1439)'
09:16.566000-0,EXCP,2,process=rphost,p:processName=bi_bk3wk1_prod_01,OSThread=9240,t:clientID=2243,t:applicationName=BackgroundJob,t:computerName=DC2BUHAPP11,t:connectID=8677,SessionID=63133,Usr=WK1_Жаксылыков_Ерасыл_Серикказыевич,Exception=SeanceContextException,Descr='Сеанс отсутствует или удален
ID=045de4b9-aae0-4130-9668-19d4bb6c08cd, File=d:\jenkins\ci_builder2\windowsbuild2\platform\src\rserver\src\rmngrcalls.cpp(364)'
09:16.566001-0,EXCP,2,process=rphost,p:processName=bi_bk3wk1_prod_01,OSThread=9240,t:clientID=2243,t:applicationName=BackgroundJob,t:computerName=DC2BUHAPP11,t:connectID=8677,SessionID=63133,Usr=WK1_Жаксылыков_Ерасыл_Серикказыевич,Exception=60c686dc-798f-4d17-aadb-a90156a16eb8,Descr='src\rserver\src\serverjobexecutor.cpp(1095):
60c686dc-798f-4d17-aadb-a90156a16eb8: Сеанс отсутствует или удален
ID=045de4b9-aae0-4130-9668-19d4bb6c08cd, File=d:\jenkins\ci_builder2\windowsbuild2\platform\src\rserver\src\rmngrcalls.cpp(364)'
09:16.566003-0,EXCP,3,process=rphost,p:processName=bi_bk3wk1_prod_01,OSThread=9240,t:clientID=2243,t:applicationName=BackgroundJob,t:computerName=DC2BUHAPP11,t:connectID=8677,SessionID=63133,Usr=WK1_Жаксылыков_Ерасыл_Серикказыевич,Exception=SeanceContextException,Descr='Сеанс отсутствует или удален
ID=045de4b9-aae0-4130-9668-19d4bb6c08cd, File=d:\jenkins\ci_builder2\windowsbuild2\platform\src\rserver\src\clusterdistribimpl.cpp(1439)'
09:16.566005-0,EXCP,2,process=rphost,p:processName=bi_bk3wk1_prod_01,OSThread=9240,t:clientID=2243,t:applicationName=BackgroundJob,t:computerName=DC2BUHAPP11,t:connectID=8677,SessionID=63133,Usr=WK1_Жаксылыков_Ерасыл_Серикказыевич,Exception=60c686dc-798f-4d17-aadb-a90156a16eb8,Descr='src\rserver\src\rmngrcalls.cpp(476):
60c686dc-798f-4d17-aadb-a90156a16eb8: Сеанс отсутствует или удален
ID=045de4b9-aae0-4130-9668-19d4bb6c08cd, File=d:\jenkins\ci_builder2\windowsbuild2\platform\src\rserver\src\clusterdistribimpl.cpp(1439)'
09:16.769000-0,EXCP,2,process=rphost,p:processName=bi_bk3wk1_prod_01,OSThread=9240,t:clientID=2243,t:applicationName=BackgroundJob,t:computerName=DC2BUHAPP11,t:connectID=8677,SessionID=63133,Usr=WK1_Жаксылыков_Ерасыл_Серикказыевич,Exception=SeanceContextException,Descr='Сеанс отсутствует или удален
ID=045de4b9-aae0-4130-9668-19d4bb6c08cd, File=d:\jenkins\ci_builder2\windowsbuild2\platform\src\rserver\src\rmngrcalls.cpp(364)'
16:23.427005-0,ADMIN,2,process=rphost,p:processName=ServerJobExecutorContext,OSThread=676,t:clientID=2259,t:applicationName=JobScheduler,t:computerName=DC2BUHAPP11,Func=killClient,ClusterID=8aa94e2b-5d54-4b86-800b-79353ce39638,ConnectionID=6ee98d49-50a3-47bc-a403-c82d5736a376,Mode=0,Ref=bi_bk3wk1_prod_01(bi_bk3wk1_prod_01),Host=DC2BUHAPP11,Connection=8788,Administrator=Unknown,Result=Success
16:23.834005-0,ADMIN,2,process=rphost,p:processName=ServerJobExecutorContext,OSThread=676,t:clientID=2259,t:applicationName=JobScheduler,t:computerName=DC2BUHAPP11,Func=killClient,ClusterID=8aa94e2b-5d54-4b86-800b-79353ce39638,ConnectionID=9025a3db-181b-4af9-b704-68be5df4e553,Mode=0,Ref=bi_bk3wk1_prod_01(bi_bk3wk1_prod_01),Host=DC2BUHAPP11,Connection=8789,Administrator=Unknown,Result=Success
16:24.255005-0,ADMIN,2,process=rphost,p:processName=ServerJobExecutorContext,OSThread=676,t:clientID=2259,t:applicationName=JobScheduler,t:computerName=DC2BUHAPP11,Func=killClient,ClusterID=8aa94e2b-5d54-4b86-800b-79353ce39638,ConnectionID=bd8d4346-d0e3-4546-8e95-c052ef19a653,Mode=0,Ref=bi_bk3wk1_prod_01(bi_bk3wk1_prod_01),Host=DC2BUHAPP11,Connection=8790,Administrator=Unknown,Result=Success
16:32.084005-0,EXCP,3,process=rphost,p:processName=bi_bk3wk1_prod_01,OSThread=4808,t:clientID=2261,t:applicationName=BackgroundJob,t:computerName=DC2BUHAPP11,t:connectID=8788,SessionID=63248,Usr=Аксанова Танзиля Нуруллаевна,Exception=SeanceContextException,Descr='Сеанс отсутствует или удален
ID=5ff44571-7167-4b76-ae19-06e29c3801d2, File=d:\jenkins\ci_builder2\windowsbuild2\platform\src\rserver\src\clusterdistribimpl.cpp(1439)'
16:32.084007-0,EXCP,2,process=rphost,p:processName=bi_bk3wk1_prod_01,OSThread=4808,t:clientID=2261,t:applicationName=BackgroundJob,t:computerName=DC2BUHAPP11,t:connectID=8788,SessionID=63248,Usr=Аксанова Танзиля Нуруллаевна,Exception=60c686dc-798f-4d17-aadb-a90156a16eb8,Descr='src\rserver\src\rmngrcalls.cpp(476):
60c686dc-798f-4d17-aadb-a90156a16eb8: Сеанс отсутствует или удален
ID=5ff44571-7167-4b76-ae19-06e29c3801d2, File=d:\jenkins\ci_builder2\windowsbuild2\platform\src\rserver\src\clusterdistribimpl.cpp(1439)'
16:32.287000-0,EXCP,2,process=rphost,p:processName=bi_bk3wk1_prod_01,OSThread=4808,t:clientID=2261,t:applicationName=BackgroundJob,t:computerName=DC2BUHAPP11,t:connectID=8788,SessionID=63248,Usr=Аксанова Танзиля Нуруллаевна,Exception=SeanceContextException,Descr='Сеанс отсутствует или удален
ID=5ff44571-7167-4b76-ae19-06e29c3801d2, File=d:\jenkins\ci_builder2\windowsbuild2\platform\src\rserver\src\rmngrcalls.cpp(364)'
16:32.287001-0,EXCP,2,process=rphost,p:processName=bi_bk3wk1_prod_01,OSThread=4808,t:clientID=2261,t:applicationName=BackgroundJob,t:computerName=DC2BUHAPP11,t:connectID=8788,SessionID=63248,Usr=Аксанова Танзиля Нуруллаевна,Exception=60c686dc-798f-4d17-aadb-a90156a16eb8,Descr='src\rserver\src\serverjobexecutor.cpp(1095):
60c686dc-798f-4d17-aadb-a90156a16eb8: Сеанс отсутствует или удален
ID=5ff44571-7167-4b76-ae19-06e29c3801d2, File=d:\jenkins\ci_builder2\windowsbuild2\platform\src\rserver\src\rmngrcalls.cpp(364)'
16:32.287003-0,EXCP,3,process=rphost,p:processName=bi_bk3wk1_prod_01,OSThread=4808,t:clientID=2261,t:applicationName=BackgroundJob,t:computerName=DC2BUHAPP11,t:connectID=8788,SessionID=63248,Usr=Аксанова Танзиля Нуруллаевна,Exception=SeanceContextException,Descr='Сеанс отсутствует или удален
ID=5ff44571-7167-4b76-ae19-06e29c3801d2, File=d:\jenkins\ci_builder2\windowsbuild2\platform\src\rserver\src\clusterdistribimpl.cpp(1439)'
16:32.287005-0,EXCP,2,process=rphost,p:processName=bi_bk3wk1_prod_01,OSThread=4808,t:clientID=2261,t:applicationName=BackgroundJob,t:computerName=DC2BUHAPP11,t:connectID=8788,SessionID=63248,Usr=Аксанова Танзиля Нуруллаевна,Exception=60c686dc-798f-4d17-aadb-a90156a16eb8,Descr='src\rserver\src\rmngrcalls.cpp(476):
60c686dc-798f-4d17-aadb-a90156a16eb8: Сеанс отсутствует или удален
ID=5ff44571-7167-4b76-ae19-06e29c3801d2, File=d:\jenkins\ci_builder2\windowsbuild2\platform\src\rserver\src\clusterdistribimpl.cpp(1439)'
16:32.490000-0,EXCP,2,process=rphost,p:processName=bi_bk3wk1_prod_01,OSThread=4808,t:clientID=2261,t:applicationName=BackgroundJob,t:computerName=DC2BUHAPP11,t:connectID=8788,SessionID=63248,Usr=Аксанова Танзиля Нуруллаевна,Exception=SeanceContextException,Descr='Сеанс отсутствует или удален
ID=5ff44571-7167-4b76-ae19-06e29c3801d2, File=d:\jenkins\ci_builder2\windowsbuild2\platform\src\rserver\src\rmngrcalls.cpp(364)'
16:52.130006-0,EXCP,2,process=rphost,p:processName=bi_bk3wk1_prod_01,OSThread=8588,t:clientID=2263,t:applicationName=BackgroundJob,t:computerName=DC2BUHAPP11,t:connectID=8790,SessionID=63250,Usr=Аксанова Танзиля Нуруллаевна,Exception=SeanceContextException,Descr='Сеанс отсутствует или удален
ID=299127b8-0dfe-4337-a493-039d9d16f6d0, File=d:\jenkins\ci_builder2\windowsbuild2\platform\src\rserver\src\clusterdistribimpl.cpp(1439)'
16:52.130007-0,EXCP,2,process=rphost,p:processName=bi_bk3wk1_prod_01,OSThread=8588,t:clientID=2263,t:applicationName=BackgroundJob,t:computerName=DC2BUHAPP11,t:connectID=8790,SessionID=63250,Usr=Аксанова Танзиля Нуруллаевна,Exception=60c686dc-798f-4d17-aadb-a90156a16eb8,Descr='src\rserver\src\serverjobexecutor.cpp(1095):
60c686dc-798f-4d17-aadb-a90156a16eb8: Сеанс отсутствует или удален
ID=299127b8-0dfe-4337-a493-039d9d16f6d0, File=d:\jenkins\ci_builder2\windowsbuild2\platform\src\rserver\src\clusterdistribimpl.cpp(1439)'
16:52.130010-0,EXCP,2,process=rphost,p:processName=bi_bk3wk1_prod_01,OSThread=8588,t:clientID=2263,t:applicationName=BackgroundJob,t:computerName=DC2BUHAPP11,t:connectID=8790,SessionID=63250,Usr=Аксанова Танзиля Нуруллаевна,Exception=SeanceContextException,Descr='Сеанс отсутствует или удален
ID=299127b8-0dfe-4337-a493-039d9d16f6d0, File=d:\jenkins\ci_builder2\windowsbuild2\platform\src\rserver\src\clusterdistribimpl.cpp(1439)'
16:53.271006-0,EXCP,2,process=rphost,p:processName=bi_bk3wk1_prod_01,OSThread=576,t:clientID=2262,t:applicationName=BackgroundJob,t:computerName=DC2BUHAPP11,t:connectID=8789,SessionID=63249,Usr=Аксанова Танзиля Нуруллаевна,Exception=SeanceContextException,Descr='Сеанс отсутствует или удален
ID=10fae9bf-072f-40ea-9f13-e1eae6946fa9, File=d:\jenkins\ci_builder2\windowsbuild2\platform\src\rserver\src\clusterdistribimpl.cpp(1439)'
16:53.271007-0,EXCP,2,process=rphost,p:processName=bi_bk3wk1_prod_01,OSThread=576,t:clientID=2262,t:applicationName=BackgroundJob,t:computerName=DC2BUHAPP11,t:connectID=8789,SessionID=63249,Usr=Аксанова Танзиля Нуруллаевна,Exception=60c686dc-798f-4d17-aadb-a90156a16eb8,Descr='src\rserver\src\serverjobexecutor.cpp(1095):
60c686dc-798f-4d17-aadb-a90156a16eb8: Сеанс отсутствует или удален
ID=10fae9bf-072f-40ea-9f13-e1eae6946fa9, File=d:\jenkins\ci_builder2\windowsbuild2\platform\src\rserver\src\clusterdistribimpl.cpp(1439)'
16:53.271010-0,EXCP,2,process=rphost,p:processName=bi_bk3wk1_prod_01,OSThread=576,t:clientID=2262,t:applicationName=BackgroundJob,t:computerName=DC2BUHAPP11,t:connectID=8789,SessionID=63249,Usr=Аксанова Танзиля Нуруллаевна,Exception=SeanceContextException,Descr='Сеанс отсутствует или удален
ID=10fae9bf-072f-40ea-9f13-e1eae6946fa9, File=d:\jenkins\ci_builder2\windowsbuild2\platform\src\rserver\src\clusterdistribimpl.cpp(1439)'
19:46.395013-0,EXCP,2,process=rphost,p:processName=bi_bk3wk1_prod_01,OSThread=5716,t:clientID=300,t:applicationName=1CV8C,t:computerName=DC2RDSH14,t:connectID=2439,SessionID=55825,Usr=WK1_Жаксылыков_Ерасыл_Серикказыевич,AppID=1CV8C,Exception=afd2b550-0d52-4e03-b448-15ed68d87ac5,Descr='src\basic\src\documentlogformobjcontroller.cpp(884):
afd2b550-0d52-4e03-b448-15ed68d87ac5
0d2200af-1696-4395-91e5-2872675e6d3d: Не удалось записать: "Журнал проводок (бухгалтерский учет)"!',Context=Форма.Записать : Документ.ПоступлениеТоваровУслуг.Форма.ФормаДокумента
19:46.458000-0,EXCP,2,process=rphost,p:processName=bi_bk3wk1_prod_01,OSThread=5716,t:clientID=300,t:applicationName=1CV8C,t:computerName=DC2RDSH14,t:connectID=2439,SessionID=55825,Usr=WK1_Жаксылыков_Ерасыл_Серикказыевич,AppID=1CV8C,Exception=580392e6-ba49-4280-ac67-fcd6f2180121,Descr='src\vrsbase\src\vresourceinfobaseimpl.cpp(1114):
580392e6-ba49-4280-ac67-fcd6f2180121: Неспецифицированная ошибка работы с ресурсом
Ошибка при выполнении запроса POST к ресурсу /e1cib/logForm:
afd2b550-0d52-4e03-b448-15ed68d87ac5
0d2200af-1696-4395-91e5-2872675e6d3d: Не удалось записать: "Журнал проводок (бухгалтерский учет)"!'
20:30.039013-0,EXCP,2,process=rphost,p:processName=bi_bk3wk1_prod_01,OSThread=4832,t:clientID=300,t:applicationName=1CV8C,t:computerName=DC2RDSH14,t:connectID=2439,SessionID=55825,Usr=WK1_Жаксылыков_Ерасыл_Серикказыевич,AppID=1CV8C,Exception=afd2b550-0d52-4e03-b448-15ed68d87ac5,Descr='src\basic\src\documentlogformobjcontroller.cpp(884):
afd2b550-0d52-4e03-b448-15ed68d87ac5
0d2200af-1696-4395-91e5-2872675e6d3d: Не удалось записать: "Журнал проводок (бухгалтерский учет)"!',Context=Форма.Записать : Документ.ПоступлениеТоваровУслуг.Форма.ФормаДокумента
20:30.101000-0,EXCP,2,process=rphost,p:processName=bi_bk3wk1_prod_01,OSThread=4832,t:clientID=300,t:applicationName=1CV8C,t:computerName=DC2RDSH14,t:connectID=2439,SessionID=55825,Usr=WK1_Жаксылыков_Ерасыл_Серикказыевич,AppID=1CV8C,Exception=580392e6-ba49-4280-ac67-fcd6f2180121,Descr='src\vrsbase\src\vresourceinfobaseimpl.cpp(1114):
580392e6-ba49-4280-ac67-fcd6f2180121: Неспецифицированная ошибка работы с ресурсом
Ошибка при выполнении запроса POST к ресурсу /e1cib/logForm:
afd2b550-0d52-4e03-b448-15ed68d87ac5
0d2200af-1696-4395-91e5-2872675e6d3d: Не удалось записать: "Журнал проводок (бухгалтерский учет)"!'
24:12.723021-0,ADMIN,2,process=rphost,p:processName=ServerJobExecutorContext,OSThread=676,t:clientID=2266,t:applicationName=JobScheduler,t:computerName=DC2BUHAPP11,Func=killClient,ClusterID=8aa94e2b-5d54-4b86-800b-79353ce39638,ConnectionID=dac20212-60e0-48e3-a8d4-229e86aef438,Mode=0,Ref=bi_bk3wk1_prod_01(bi_bk3wk1_prod_01),Host=DC2BUHAPP11,Connection=8916,Administrator=Unknown,Result=Success
24:12.754013-0,EXCP,3,process=rphost,p:processName=bi_bk3wk1_prod_01,OSThread=648,t:clientID=2288,t:applicationName=BackgroundJob,t:computerName=DC2BUHAPP11,t:connectID=8916,SessionID=63377,Usr=WK1_Жаксылыков_Ерасыл_Серикказыевич,Exception=SeanceContextException,Descr='Сеанс отсутствует или удален
ID=0d4c069b-800d-46ca-991c-260f8f92a050, File=d:\jenkins\ci_builder2\windowsbuild2\platform\src\rserver\src\clusterdistribimpl.cpp(1439)'
24:12.754015-0,EXCP,2,process=rphost,p:processName=bi_bk3wk1_prod_01,OSThread=648,t:clientID=2288,t:applicationName=BackgroundJob,t:computerName=DC2BUHAPP11,t:connectID=8916,SessionID=63377,Usr=WK1_Жаксылыков_Ерасыл_Серикказыевич,Exception=60c686dc-798f-4d17-aadb-a90156a16eb8,Descr='src\rserver\src\rmngrcalls.cpp(476):
60c686dc-798f-4d17-aadb-a90156a16eb8: Сеанс отсутствует или удален
ID=0d4c069b-800d-46ca-991c-260f8f92a050, File=d:\jenkins\ci_builder2\windowsbuild2\platform\src\rserver\src\clusterdistribimpl.cpp(1439)'
24:12.957000-0,EXCP,2,process=rphost,p:processName=bi_bk3wk1_prod_01,OSThread=648,t:clientID=2288,t:applicationName=BackgroundJob,t:computerName=DC2BUHAPP11,t:connectID=8916,SessionID=63377,Usr=WK1_Жаксылыков_Ерасыл_Серикказыевич,Exception=SeanceContextException,Descr='Сеанс отсутствует или удален
ID=0d4c069b-800d-46ca-991c-260f8f92a050, File=d:\jenkins\ci_builder2\windowsbuild2\platform\src\rserver\src\rmngrcalls.cpp(364)'
24:12.957001-0,EXCP,2,process=rphost,p:processName=bi_bk3wk1_prod_01,OSThread=648,t:clientID=2288,t:applicationName=BackgroundJob,t:computerName=DC2BUHAPP11,t:connectID=8916,SessionID=63377,Usr=WK1_Жаксылыков_Ерасыл_Серикказыевич,Exception=60c686dc-798f-4d17-aadb-a90156a16eb8,Descr='src\rserver\src\serverjobexecutor.cpp(1095):
60c686dc-798f-4d17-aadb-a90156a16eb8: Сеанс отсутствует или удален
ID=0d4c069b-800d-46ca-991c-260f8f92a050, File=d:\jenkins\ci_builder2\windowsbuild2\platform\src\rserver\src\rmngrcalls.cpp(364)'
24:12.957003-0,EXCP,3,process=rphost,p:processName=bi_bk3wk1_prod_01,OSThread=648,t:clientID=2288,t:applicationName=BackgroundJob,t:computerName=DC2BUHAPP11,t:connectID=8916,SessionID=63377,Usr=WK1_Жаксылыков_Ерасыл_Серикказыевич,Exception=SeanceContextException,Descr='Сеанс отсутствует или удален
ID=0d4c069b-800d-46ca-991c-260f8f92a050, File=d:\jenkins\ci_builder2\windowsbuild2\platform\src\rserver\src\clusterdistribimpl.cpp(1439)'
24:12.957005-0,EXCP,2,process=rphost,p:processName=bi_bk3wk1_prod_01,OSThread=648,t:clientID=2288,t:applicationName=BackgroundJob,t:computerName=DC2BUHAPP11,t:connectID=8916,SessionID=63377,Usr=WK1_Жаксылыков_Ерасыл_Серикказыевич,Exception=60c686dc-798f-4d17-aadb-a90156a16eb8,Descr='src\rserver\src\rmngrcalls.cpp(476):
60c686dc-798f-4d17-aadb-a90156a16eb8: Сеанс отсутствует или удален
ID=0d4c069b-800d-46ca-991c-260f8f92a050, File=d:\jenkins\ci_builder2\windowsbuild2\platform\src\rserver\src\clusterdistribimpl.cpp(1439)'
24:13.160000-0,EXCP,2,process=rphost,p:processName=bi_bk3wk1_prod_01,OSThread=648,t:clientID=2288,t:applicationName=BackgroundJob,t:computerName=DC2BUHAPP11,t:connectID=8916,SessionID=63377,Usr=WK1_Жаксылыков_Ерасыл_Серикказыевич,Exception=SeanceContextException,Descr='Сеанс отсутствует или удален
ID=0d4c069b-800d-46ca-991c-260f8f92a050, File=d:\jenkins\ci_builder2\windowsbuild2\platform\src\rserver\src\rmngrcalls.cpp(364)'
28:13.853015-0,EXCP,2,process=rphost,p:processName=bi_bk3wk1_prod_01,OSThread=4860,t:clientID=1019,t:applicationName=1CV8C,t:computerName=DC2RDSH26,t:connectID=3572,SessionID=57231,Usr=ОмаровЖА,AppID=1CV8C,Exception=afd2b550-0d52-4e03-b448-15ed68d87ac5,Descr='src\basic\src\documentlogformobjcontroller.cpp(884):
afd2b550-0d52-4e03-b448-15ed68d87ac5
0d2200af-1696-4395-91e5-2872675e6d3d: Не удалось провести "Поступление ТМЗ и услуг EAP00000331 от 07.04.2020 10:00:00"!',Context=Форма.Записать : Документ.ПоступлениеТоваровУслуг.Форма.ФормаДокумента
28:13.916000-0,EXCP,2,process=rphost,p:processName=bi_bk3wk1_prod_01,OSThread=4860,t:clientID=1019,t:applicationName=1CV8C,t:computerName=DC2RDSH26,t:connectID=3572,SessionID=57231,Usr=ОмаровЖА,AppID=1CV8C,Exception=580392e6-ba49-4280-ac67-fcd6f2180121,Descr='src\vrsbase\src\vresourceinfobaseimpl.cpp(1114):
580392e6-ba49-4280-ac67-fcd6f2180121: Неспецифицированная ошибка работы с ресурсом
Ошибка при выполнении запроса POST к ресурсу /e1cib/logForm:
afd2b550-0d52-4e03-b448-15ed68d87ac5
0d2200af-1696-4395-91e5-2872675e6d3d: Не удалось провести "Поступление ТМЗ и услуг EAP00000331 от 07.04.2020 10:00:00"!'
29:26.714019-0,ADMIN,2,process=rphost,p:processName=ServerJobExecutorContext,OSThread=6028,t:clientID=2293,t:applicationName=JobScheduler,t:computerName=DC2BUHAPP11,Func=killClient,ClusterID=8aa94e2b-5d54-4b86-800b-79353ce39638,ConnectionID=4f4295cd-188f-4d21-941a-a84ed3e19d43,Mode=0,Ref=bi_bk3wk1_prod_01(bi_bk3wk1_prod_01),Host=DC2BUHAPP11,Connection=9022,Administrator=Unknown,Result=Success
29:26.807011-0,EXCP,4,process=rphost,p:processName=bi_bk3wk1_prod_01,OSThread=8236,t:clientID=2294,t:applicationName=BackgroundJob,t:computerName=DC2BUHAPP11,t:connectID=9022,SessionID=63485,Usr=WK1_Жаксылыков_Ерасыл_Серикказыевич,Exception=SeanceContextException,Descr='Сеанс отсутствует или удален
ID=ada61ec4-7d93-4f69-8b44-c520806e452c, File=d:\jenkins\ci_builder2\windowsbuild2\platform\src\rserver\src\clusterdistribimpl.cpp(1439)'
29:26.807013-0,EXCP,3,process=rphost,p:processName=bi_bk3wk1_prod_01,OSThread=8236,t:clientID=2294,t:applicationName=BackgroundJob,t:computerName=DC2BUHAPP11,t:connectID=9022,SessionID=63485,Usr=WK1_Жаксылыков_Ерасыл_Серикказыевич,Exception=60c686dc-798f-4d17-aadb-a90156a16eb8,Descr='src\rserver\src\rmngrcalls.cpp(476):
60c686dc-798f-4d17-aadb-a90156a16eb8: Сеанс отсутствует или удален
ID=ada61ec4-7d93-4f69-8b44-c520806e452c, File=d:\jenkins\ci_builder2\windowsbuild2\platform\src\rserver\src\clusterdistribimpl.cpp(1439)'
29:27.010000-0,EXCP,3,process=rphost,p:processName=bi_bk3wk1_prod_01,OSThread=8236,t:clientID=2294,t:applicationName=BackgroundJob,t:computerName=DC2BUHAPP11,t:connectID=9022,SessionID=63485,Usr=WK1_Жаксылыков_Ерасыл_Серикказыевич,Exception=SeanceContextException,Descr='Сеанс отсутствует или удален
ID=ada61ec4-7d93-4f69-8b44-c520806e452c, File=d:\jenkins\ci_builder2\windowsbuild2\platform\src\rserver\src\rmngrcalls.cpp(364)'
29:27.010001-0,EXCP,3,process=rphost,p:processName=bi_bk3wk1_prod_01,OSThread=8236,t:clientID=2294,t:applicationName=BackgroundJob,t:computerName=DC2BUHAPP11,t:connectID=9022,SessionID=63485,Usr=WK1_Жаксылыков_Ерасыл_Серикказыевич,Exception=60c686dc-798f-4d17-aadb-a90156a16eb8,Descr='src\rserver\src\serverjobexecutor.cpp(1095):
60c686dc-798f-4d17-aadb-a90156a16eb8: Сеанс отсутствует или удален
ID=ada61ec4-7d93-4f69-8b44-c520806e452c, File=d:\jenkins\ci_builder2\windowsbuild2\platform\src\rserver\src\rmngrcalls.cpp(364)'
29:27.010005-0,EXCP,4,process=rphost,p:processName=bi_bk3wk1_prod_01,OSThread=8236,t:clientID=2294,t:applicationName=BackgroundJob,t:computerName=DC2BUHAPP11,t:connectID=9022,SessionID=63485,Usr=WK1_Жаксылыков_Ерасыл_Серикказыевич,Exception=SeanceContextException,Descr='Сеанс отсутствует или удален
ID=ada61ec4-7d93-4f69-8b44-c520806e452c, File=d:\jenkins\ci_builder2\windowsbuild2\platform\src\rserver\src\clusterdistribimpl.cpp(1439)'
29:27.010007-0,EXCP,3,process=rphost,p:processName=bi_bk3wk1_prod_01,OSThread=8236,t:clientID=2294,t:applicationName=BackgroundJob,t:computerName=DC2BUHAPP11,t:connectID=9022,SessionID=63485,Usr=WK1_Жаксылыков_Ерасыл_Серикказыевич,Exception=60c686dc-798f-4d17-aadb-a90156a16eb8,Descr='src\rserver\src\rmngrcalls.cpp(476):
60c686dc-798f-4d17-aadb-a90156a16eb8: Сеанс отсутствует или удален
ID=ada61ec4-7d93-4f69-8b44-c520806e452c, File=d:\jenkins\ci_builder2\windowsbuild2\platform\src\rserver\src\clusterdistribimpl.cpp(1439)'
29:27.214000-0,EXCP,3,process=rphost,p:processName=bi_bk3wk1_prod_01,OSThread=8236,t:clientID=2294,t:applicationName=BackgroundJob,t:computerName=DC2BUHAPP11,t:connectID=9022,SessionID=63485,Usr=WK1_Жаксылыков_Ерасыл_Серикказыевич,Exception=SeanceContextException,Descr='Сеанс отсутствует или удален
ID=ada61ec4-7d93-4f69-8b44-c520806e452c, File=d:\jenkins\ci_builder2\windowsbuild2\platform\src\rserver\src\rmngrcalls.cpp(364)'
46:30.030005-0,ADMIN,2,process=rphost,p:processName=ServerJobExecutorContext,OSThread=676,t:clientID=2314,t:applicationName=JobScheduler,t:computerName=DC2BUHAPP11,Func=killClient,ClusterID=8aa94e2b-5d54-4b86-800b-79353ce39638,ConnectionID=f7c256dc-91ad-4fe2-a33d-73dd62e7d13f,Mode=0,Ref=bi_bk3wk1_prod_01(bi_bk3wk1_prod_01),Host=DC2BUHAPP11,Connection=9227,Administrator=Unknown,Result=Success
46:32.577012-0,EXCP,3,process=rphost,p:processName=bi_bk3wk1_prod_01,OSThread=9280,t:clientID=2316,t:applicationName=BackgroundJob,t:computerName=DC2BUHAPP11,t:connectID=9227,SessionID=63697,Usr=Есжанова Нургуль Муратовна,Exception=SeanceContextException,Descr='Сеанс отсутствует или удален
ID=20846e8b-f5fe-420d-ac3f-7e0db8c4dbdf, File=d:\jenkins\ci_builder2\windowsbuild2\platform\src\rserver\src\clusterdistribimpl.cpp(1439)'
46:32.577014-0,EXCP,2,process=rphost,p:processName=bi_bk3wk1_prod_01,OSThread=9280,t:clientID=2316,t:applicationName=BackgroundJob,t:computerName=DC2BUHAPP11,t:connectID=9227,SessionID=63697,Usr=Есжанова Нургуль Муратовна,Exception=60c686dc-798f-4d17-aadb-a90156a16eb8,Descr='src\rserver\src\rmngrcalls.cpp(476):
60c686dc-798f-4d17-aadb-a90156a16eb8: Сеанс отсутствует или удален
ID=20846e8b-f5fe-420d-ac3f-7e0db8c4dbdf, File=d:\jenkins\ci_builder2\windowsbuild2\platform\src\rserver\src\clusterdistribimpl.cpp(1439)'
46:32.780000-0,EXCP,2,process=rphost,p:processName=bi_bk3wk1_prod_01,OSThread=9280,t:clientID=2316,t:applicationName=BackgroundJob,t:computerName=DC2BUHAPP11,t:connectID=9227,SessionID=63697,Usr=Есжанова Нургуль Муратовна,Exception=SeanceContextException,Descr='Сеанс отсутствует или удален
ID=20846e8b-f5fe-420d-ac3f-7e0db8c4dbdf, File=d:\jenkins\ci_builder2\windowsbuild2\platform\src\rserver\src\rmngrcalls.cpp(364)'
46:32.780001-0,EXCP,2,process=rphost,p:processName=bi_bk3wk1_prod_01,OSThread=9280,t:clientID=2316,t:applicationName=BackgroundJob,t:computerName=DC2BUHAPP11,t:connectID=9227,SessionID=63697,Usr=Есжанова Нургуль Муратовна,Exception=60c686dc-798f-4d17-aadb-a90156a16eb8,Descr='src\rserver\src\serverjobexecutor.cpp(1095):
60c686dc-798f-4d17-aadb-a90156a16eb8: Сеанс отсутствует или удален
ID=20846e8b-f5fe-420d-ac3f-7e0db8c4dbdf, File=d:\jenkins\ci_builder2\windowsbuild2\platform\src\rserver\src\rmngrcalls.cpp(364)'
46:32.780003-0,EXCP,3,process=rphost,p:processName=bi_bk3wk1_prod_01,OSThread=9280,t:clientID=2316,t:applicationName=BackgroundJob,t:computerName=DC2BUHAPP11,t:connectID=9227,SessionID=63697,Usr=Есжанова Нургуль Муратовна,Exception=SeanceContextException,Descr='Сеанс отсутствует или удален
ID=20846e8b-f5fe-420d-ac3f-7e0db8c4dbdf, File=d:\jenkins\ci_builder2\windowsbuild2\platform\src\rserver\src\clusterdistribimpl.cpp(1439)'
46:32.780005-0,EXCP,2,process=rphost,p:processName=bi_bk3wk1_prod_01,OSThread=9280,t:clientID=2316,t:applicationName=BackgroundJob,t:computerName=DC2BUHAPP11,t:connectID=9227,SessionID=63697,Usr=Есжанова Нургуль Муратовна,Exception=60c686dc-798f-4d17-aadb-a90156a16eb8,Descr='src\rserver\src\rmngrcalls.cpp(476):
60c686dc-798f-4d17-aadb-a90156a16eb8: Сеанс отсутствует или удален
ID=20846e8b-f5fe-420d-ac3f-7e0db8c4dbdf, File=d:\jenkins\ci_builder2\windowsbuild2\platform\src\rserver\src\clusterdistribimpl.cpp(1439)'
46:32.983000-0,EXCP,2,process=rphost,p:processName=bi_bk3wk1_prod_01,OSThread=9280,t:clientID=2316,t:applicationName=BackgroundJob,t:computerName=DC2BUHAPP11,t:connectID=9227,SessionID=63697,Usr=Есжанова Нургуль Муратовна,Exception=SeanceContextException,Descr='Сеанс отсутствует или удален
ID=20846e8b-f5fe-420d-ac3f-7e0db8c4dbdf, File=d:\jenkins\ci_builder2\windowsbuild2\platform\src\rserver\src\rmngrcalls.cpp(364)'
51:54.930012-0,ADMIN,2,process=rphost,p:processName=ServerJobExecutorContext,OSThread=676,t:clientID=2314,t:applicationName=JobScheduler,t:computerName=DC2BUHAPP11,Func=killClient,ClusterID=8aa94e2b-5d54-4b86-800b-79353ce39638,ConnectionID=07596e32-2703-4482-a8a2-c166dafabe33,Mode=0,Ref=bi_bk3wk1_prod_01(bi_bk3wk1_prod_01),Host=DC2BUHAPP11,Connection=9289,Administrator=Unknown,Result=Success
51:55.352012-0,ADMIN,2,process=rphost,p:processName=ServerJobExecutorContext,OSThread=676,t:clientID=2314,t:applicationName=JobScheduler,t:computerName=DC2BUHAPP11,Func=killClient,ClusterID=8aa94e2b-5d54-4b86-800b-79353ce39638,ConnectionID=20f14b52-2491-4b8d-89c6-1eafd7ae0935,Mode=0,Ref=bi_bk3wk1_prod_01(bi_bk3wk1_prod_01),Host=DC2BUHAPP11,Connection=9290,Administrator=Unknown,Result=Success
51:55.352023-0,EXCP,2,process=rphost,p:processName=bi_bk3wk1_prod_01,OSThread=9280,t:clientID=2339,t:applicationName=BackgroundJob,t:computerName=DC2BUHAPP11,t:connectID=9290,SessionID=63763,Usr=WK1_Жаксылыков_Ерасыл_Серикказыевич,Exception=95c658d1-d3d5-4ea9-8a81-1bf820fea4a8,Descr='src\rscalls\src\remotecalllistenerimpl.cpp(3793):
95c658d1-d3d5-4ea9-8a81-1bf820fea4a8: Сеанс работы завершен администратором.'
51:55.352031-0,EXCP,2,process=rphost,p:processName=bi_bk3wk1_prod_01,OSThread=9280,t:clientID=2339,t:applicationName=BackgroundJob,t:computerName=DC2BUHAPP11,t:connectID=9290,SessionID=63763,Usr=WK1_Жаксылыков_Ерасыл_Серикказыевич,Exception=95c658d1-d3d5-4ea9-8a81-1bf820fea4a8,Descr='src\rserver\src\serverjobexecutor.cpp(1024):
95c658d1-d3d5-4ea9-8a81-1bf820fea4a8: Сеанс работы завершен администратором.'
51:55.383056-0,EXCP,4,process=rphost,p:processName=bi_bk3wk1_prod_01,OSThread=9280,t:clientID=2339,t:applicationName=BackgroundJob,t:computerName=DC2BUHAPP11,t:connectID=9290,SessionID=63763,Usr=WK1_Жаксылыков_Ерасыл_Серикказыевич,Exception=SeanceContextException,Descr='Сеанс отсутствует или удален
ID=2798cd33-0c9a-4c8f-9f1c-e819d9755984, File=d:\jenkins\ci_builder2\windowsbuild2\platform\src\rserver\src\clusterdistribimpl.cpp(1439)'
51:55.383058-0,EXCP,3,process=rphost,p:processName=bi_bk3wk1_prod_01,OSThread=9280,t:clientID=2339,t:applicationName=BackgroundJob,t:computerName=DC2BUHAPP11,t:connectID=9290,SessionID=63763,Usr=WK1_Жаксылыков_Ерасыл_Серикказыевич,Exception=60c686dc-798f-4d17-aadb-a90156a16eb8,Descr='src\rserver\src\rmngrcalls.cpp(476):
60c686dc-798f-4d17-aadb-a90156a16eb8: Сеанс отсутствует или удален
ID=2798cd33-0c9a-4c8f-9f1c-e819d9755984, File=d:\jenkins\ci_builder2\windowsbuild2\platform\src\rserver\src\clusterdistribimpl.cpp(1439)'
51:55.586000-0,EXCP,3,process=rphost,p:processName=bi_bk3wk1_prod_01,OSThread=9280,t:clientID=2339,t:applicationName=BackgroundJob,t:computerName=DC2BUHAPP11,t:connectID=9290,SessionID=63763,Usr=WK1_Жаксылыков_Ерасыл_Серикказыевич,Exception=SeanceContextException,Descr='Сеанс отсутствует или удален
ID=2798cd33-0c9a-4c8f-9f1c-e819d9755984, File=d:\jenkins\ci_builder2\windowsbuild2\platform\src\rserver\src\rmngrcalls.cpp(364)'
51:55.586001-0,EXCP,3,process=rphost,p:processName=bi_bk3wk1_prod_01,OSThread=9280,t:clientID=2339,t:applicationName=BackgroundJob,t:computerName=DC2BUHAPP11,t:connectID=9290,SessionID=63763,Usr=WK1_Жаксылыков_Ерасыл_Серикказыевич,Exception=60c686dc-798f-4d17-aadb-a90156a16eb8,Descr='src\rserver\src\serverjobexecutor.cpp(1095):
60c686dc-798f-4d17-aadb-a90156a16eb8: Сеанс отсутствует или удален
ID=2798cd33-0c9a-4c8f-9f1c-e819d9755984, File=d:\jenkins\ci_builder2\windowsbuild2\platform\src\rserver\src\rmngrcalls.cpp(364)'
51:55.586003-0,EXCP,4,process=rphost,p:processName=bi_bk3wk1_prod_01,OSThread=9280,t:clientID=2339,t:applicationName=BackgroundJob,t:computerName=DC2BUHAPP11,t:connectID=9290,SessionID=63763,Usr=WK1_Жаксылыков_Ерасыл_Серикказыевич,Exception=SeanceContextException,Descr='Сеанс отсутствует или удален
ID=2798cd33-0c9a-4c8f-9f1c-e819d9755984, File=d:\jenkins\ci_builder2\windowsbuild2\platform\src\rserver\src\clusterdistribimpl.cpp(1439)'
51:55.586005-0,EXCP,3,process=rphost,p:processName=bi_bk3wk1_prod_01,OSThread=9280,t:clientID=2339,t:applicationName=BackgroundJob,t:computerName=DC2BUHAPP11,t:connectID=9290,SessionID=63763,Usr=WK1_Жаксылыков_Ерасыл_Серикказыевич,Exception=60c686dc-798f-4d17-aadb-a90156a16eb8,Descr='src\rserver\src\rmngrcalls.cpp(476):
60c686dc-798f-4d17-aadb-a90156a16eb8: Сеанс отсутствует или удален
ID=2798cd33-0c9a-4c8f-9f1c-e819d9755984, File=d:\jenkins\ci_builder2\windowsbuild2\platform\src\rserver\src\clusterdistribimpl.cpp(1439)'
51:55.789000-0,EXCP,3,process=rphost,p:processName=bi_bk3wk1_prod_01,OSThread=9280,t:clientID=2339,t:applicationName=BackgroundJob,t:computerName=DC2BUHAPP11,t:connectID=9290,SessionID=63763,Usr=WK1_Жаксылыков_Ерасыл_Серикказыевич,Exception=SeanceContextException,Descr='Сеанс отсутствует или удален
ID=2798cd33-0c9a-4c8f-9f1c-e819d9755984, File=d:\jenkins\ci_builder2\windowsbuild2\platform\src\rserver\src\rmngrcalls.cpp(364)'
52:02.138010-0,EXCP,3,process=rphost,p:processName=bi_bk3wk1_prod_01,OSThread=8588,t:clientID=2338,t:applicationName=BackgroundJob,t:computerName=DC2BUHAPP11,t:connectID=9289,SessionID=63762,Usr=WK1_Жаксылыков_Ерасыл_Серикказыевич,Exception=SeanceContextException,Descr='Сеанс отсутствует или удален
ID=f4c49554-dc39-4e77-b794-dc4c32df0424, File=d:\jenkins\ci_builder2\windowsbuild2\platform\src\rserver\src\clusterdistribimpl.cpp(1439)'
52:02.138012-0,EXCP,2,process=rphost,p:processName=bi_bk3wk1_prod_01,OSThread=8588,t:clientID=2338,t:applicationName=BackgroundJob,t:computerName=DC2BUHAPP11,t:connectID=9289,SessionID=63762,Usr=WK1_Жаксылыков_Ерасыл_Серикказыевич,Exception=60c686dc-798f-4d17-aadb-a90156a16eb8,Descr='src\rserver\src\rmngrcalls.cpp(476):
60c686dc-798f-4d17-aadb-a90156a16eb8: Сеанс отсутствует или удален
ID=f4c49554-dc39-4e77-b794-dc4c32df0424, File=d:\jenkins\ci_builder2\windowsbuild2\platform\src\rserver\src\clusterdistribimpl.cpp(1439)'
52:02.341000-0,EXCP,2,process=rphost,p:processName=bi_bk3wk1_prod_01,OSThread=8588,t:clientID=2338,t:applicationName=BackgroundJob,t:computerName=DC2BUHAPP11,t:connectID=9289,SessionID=63762,Usr=WK1_Жаксылыков_Ерасыл_Серикказыевич,Exception=SeanceContextException,Descr='Сеанс отсутствует или удален
ID=f4c49554-dc39-4e77-b794-dc4c32df0424, File=d:\jenkins\ci_builder2\windowsbuild2\platform\src\rserver\src\rmngrcalls.cpp(364)'
52:02.341001-0,EXCP,2,process=rphost,p:processName=bi_bk3wk1_prod_01,OSThread=8588,t:clientID=2338,t:applicationName=BackgroundJob,t:computerName=DC2BUHAPP11,t:connectID=9289,SessionID=63762,Usr=WK1_Жаксылыков_Ерасыл_Серикказыевич,Exception=60c686dc-798f-4d17-aadb-a90156a16eb8,Descr='src\rserver\src\serverjobexecutor.cpp(1095):
60c686dc-798f-4d17-aadb-a90156a16eb8: Сеанс отсутствует или удален
ID=f4c49554-dc39-4e77-b794-dc4c32df0424, File=d:\jenkins\ci_builder2\windowsbuild2\platform\src\rserver\src\rmngrcalls.cpp(364)'
52:02.341003-0,EXCP,3,process=rphost,p:processName=bi_bk3wk1_prod_01,OSThread=8588,t:clientID=2338,t:applicationName=BackgroundJob,t:computerName=DC2BUHAPP11,t:connectID=9289,SessionID=63762,Usr=WK1_Жаксылыков_Ерасыл_Серикказыевич,Exception=SeanceContextException,Descr='Сеанс отсутствует или удален
ID=f4c49554-dc39-4e77-b794-dc4c32df0424, File=d:\jenkins\ci_builder2\windowsbuild2\platform\src\rserver\src\clusterdistribimpl.cpp(1439)'
52:02.341005-0,EXCP,2,process=rphost,p:processName=bi_bk3wk1_prod_01,OSThread=8588,t:clientID=2338,t:applicationName=BackgroundJob,t:computerName=DC2BUHAPP11,t:connectID=9289,SessionID=63762,Usr=WK1_Жаксылыков_Ерасыл_Серикказыевич,Exception=60c686dc-798f-4d17-aadb-a90156a16eb8,Descr='src\rserver\src\rmngrcalls.cpp(476):
60c686dc-798f-4d17-aadb-a90156a16eb8: Сеанс отсутствует или удален
ID=f4c49554-dc39-4e77-b794-dc4c32df0424, File=d:\jenkins\ci_builder2\windowsbuild2\platform\src\rserver\src\clusterdistribimpl.cpp(1439)'
52:02.544001-0,EXCP,2,process=rphost,p:processName=bi_bk3wk1_prod_01,OSThread=8588,t:clientID=2338,t:applicationName=BackgroundJob,t:computerName=DC2BUHAPP11,t:connectID=9289,SessionID=63762,Usr=WK1_Жаксылыков_Ерасыл_Серикказыевич,Exception=SeanceContextException,Descr='Сеанс отсутствует или удален
ID=f4c49554-dc39-4e77-b794-dc4c32df0424, File=d:\jenkins\ci_builder2\windowsbuild2\platform\src\rserver\src\rmngrcalls.cpp(364)'
58:27.959007-0,ADMIN,2,process=rphost,p:processName=ServerJobExecutorContext,OSThread=676,t:clientID=2342,t:applicationName=JobScheduler,t:computerName=DC2BUHAPP11,Func=killClient,ClusterID=8aa94e2b-5d54-4b86-800b-79353ce39638,ConnectionID=78664ed1-6bfa-4a93-9aff-fed8de008736,Mode=0,Ref=bi_bk3wk1_prod_01(bi_bk3wk1_prod_01),Host=DC2BUHAPP11,Connection=9333,Administrator=Unknown,Result=Success
58:28.396007-0,ADMIN,2,process=rphost,p:processName=ServerJobExecutorContext,OSThread=676,t:clientID=2342,t:applicationName=JobScheduler,t:computerName=DC2BUHAPP11,Func=killClient,ClusterID=8aa94e2b-5d54-4b86-800b-79353ce39638,ConnectionID=2f7406af-7c33-410b-bbbb-4f9b14691bac,Mode=0,Ref=bi_bk3wk1_prod_01(bi_bk3wk1_prod_01),Host=DC2BUHAPP11,Connection=9334,Administrator=Unknown,Result=Success
58:28.521001-0,EXCP,3,process=rphost,p:processName=bi_bk3wk1_prod_01,OSThread=9240,t:clientID=2348,t:applicationName=BackgroundJob,t:computerName=DC2BUHAPP11,t:connectID=9333,SessionID=63807,Usr=Кутлюб Динара Рахимовна,Exception=SeanceContextException,Descr='Сеанс отсутствует или удален
ID=8b317148-a909-4bec-aeb5-445084e7c676, File=d:\jenkins\ci_builder2\windowsbuild2\platform\src\rserver\src\clusterdistribimpl.cpp(1439)'
58:28.521003-0,EXCP,2,process=rphost,p:processName=bi_bk3wk1_prod_01,OSThread=9240,t:clientID=2348,t:applicationName=BackgroundJob,t:computerName=DC2BUHAPP11,t:connectID=9333,SessionID=63807,Usr=Кутлюб Динара Рахимовна,Exception=60c686dc-798f-4d17-aadb-a90156a16eb8,Descr='src\rserver\src\rmngrcalls.cpp(476):
60c686dc-798f-4d17-aadb-a90156a16eb8: Сеанс отсутствует или удален
ID=8b317148-a909-4bec-aeb5-445084e7c676, File=d:\jenkins\ci_builder2\windowsbuild2\platform\src\rserver\src\clusterdistribimpl.cpp(1439)'
58:28.678005-0,EXCP,3,process=rphost,p:processName=bi_bk3wk1_prod_01,OSThread=648,t:clientID=2349,t:applicationName=BackgroundJob,t:computerName=DC2BUHAPP11,t:connectID=9334,SessionID=63808,Usr=Кутлюб Динара Рахимовна,Exception=SeanceContextException,Descr='Сеанс отсутствует или удален
ID=f7608f17-a0b6-47df-b00d-2f20c7450a0e, File=d:\jenkins\ci_builder2\windowsbuild2\platform\src\rserver\src\clusterdistribimpl.cpp(1439)'
58:28.678007-0,EXCP,2,process=rphost,p:processName=bi_bk3wk1_prod_01,OSThread=648,t:clientID=2349,t:applicationName=BackgroundJob,t:computerName=DC2BUHAPP11,t:connectID=9334,SessionID=63808,Usr=Кутлюб Динара Рахимовна,Exception=60c686dc-798f-4d17-aadb-a90156a16eb8,Descr='src\rserver\src\rmngrcalls.cpp(476):
60c686dc-798f-4d17-aadb-a90156a16eb8: Сеанс отсутствует или удален
ID=f7608f17-a0b6-47df-b00d-2f20c7450a0e, File=d:\jenkins\ci_builder2\windowsbuild2\platform\src\rserver\src\clusterdistribimpl.cpp(1439)'
58:28.725000-0,EXCP,2,process=rphost,p:processName=bi_bk3wk1_prod_01,OSThread=9240,t:clientID=2348,t:applicationName=BackgroundJob,t:computerName=DC2BUHAPP11,t:connectID=9333,SessionID=63807,Usr=Кутлюб Динара Рахимовна,Exception=SeanceContextException,Descr='Сеанс отсутствует или удален
ID=8b317148-a909-4bec-aeb5-445084e7c676, File=d:\jenkins\ci_builder2\windowsbuild2\platform\src\rserver\src\rmngrcalls.cpp(364)'
58:28.725001-0,EXCP,2,process=rphost,p:processName=bi_bk3wk1_prod_01,OSThread=9240,t:clientID=2348,t:applicationName=BackgroundJob,t:computerName=DC2BUHAPP11,t:connectID=9333,SessionID=63807,Usr=Кутлюб Динара Рахимовна,Exception=60c686dc-798f-4d17-aadb-a90156a16eb8,Descr='src\rserver\src\serverjobexecutor.cpp(1095):
60c686dc-798f-4d17-aadb-a90156a16eb8: Сеанс отсутствует или удален
ID=8b317148-a909-4bec-aeb5-445084e7c676, File=d:\jenkins\ci_builder2\windowsbuild2\platform\src\rserver\src\rmngrcalls.cpp(364)'
58:28.725003-0,EXCP,3,process=rphost,p:processName=bi_bk3wk1_prod_01,OSThread=9240,t:clientID=2348,t:applicationName=BackgroundJob,t:computerName=DC2BUHAPP11,t:connectID=9333,SessionID=63807,Usr=Кутлюб Динара Рахимовна,Exception=SeanceContextException,Descr='Сеанс отсутствует или удален
ID=8b317148-a909-4bec-aeb5-445084e7c676, File=d:\jenkins\ci_builder2\windowsbuild2\platform\src\rserver\src\clusterdistribimpl.cpp(1439)'
58:28.725005-0,EXCP,2,process=rphost,p:processName=bi_bk3wk1_prod_01,OSThread=9240,t:clientID=2348,t:applicationName=BackgroundJob,t:computerName=DC2BUHAPP11,t:connectID=9333,SessionID=63807,Usr=Кутлюб Динара Рахимовна,Exception=60c686dc-798f-4d17-aadb-a90156a16eb8,Descr='src\rserver\src\rmngrcalls.cpp(476):
60c686dc-798f-4d17-aadb-a90156a16eb8: Сеанс отсутствует или удален
ID=8b317148-a909-4bec-aeb5-445084e7c676, File=d:\jenkins\ci_builder2\windowsbuild2\platform\src\rserver\src\clusterdistribimpl.cpp(1439)'
58:28.850006-0,EXCP,2,process=rphost,p:processName=bi_bk3wk1_prod_01,OSThread=9240,t:clientID=2348,t:applicationName=BackgroundJob,t:computerName=DC2BUHAPP11,t:connectID=9333,SessionID=63807,Usr=Кутлюб Динара Рахимовна,Exception=SeanceContextException,Descr='Сеанс отсутствует или удален
ID=8b317148-a909-4bec-aeb5-445084e7c676, File=d:\jenkins\ci_builder2\windowsbuild2\platform\src\rserver\src\rmngrcalls.cpp(364)'
58:28.850007-0,EXCP,2,process=rphost,p:processName=bi_bk3wk1_prod_01,OSThread=648,t:clientID=2349,t:applicationName=BackgroundJob,t:computerName=DC2BUHAPP11,t:connectID=9334,SessionID=63808,Usr=Кутлюб Динара Рахимовна,Exception=SeanceContextException,Descr='Сеанс отсутствует или удален
ID=f7608f17-a0b6-47df-b00d-2f20c7450a0e, File=d:\jenkins\ci_builder2\windowsbuild2\platform\src\rserver\src\rmngrcalls.cpp(364)'
58:28.850008-0,EXCP,2,process=rphost,p:processName=bi_bk3wk1_prod_01,OSThread=648,t:clientID=2349,t:applicationName=BackgroundJob,t:computerName=DC2BUHAPP11,t:connectID=9334,SessionID=63808,Usr=Кутлюб Динара Рахимовна,Exception=60c686dc-798f-4d17-aadb-a90156a16eb8,Descr='src\rserver\src\serverjobexecutor.cpp(1095):
60c686dc-798f-4d17-aadb-a90156a16eb8: Сеанс отсутствует или удален
ID=f7608f17-a0b6-47df-b00d-2f20c7450a0e, File=d:\jenkins\ci_builder2\windowsbuild2\platform\src\rserver\src\rmngrcalls.cpp(364)'
58:28.850019-0,EXCP,3,process=rphost,p:processName=bi_bk3wk1_prod_01,OSThread=648,t:clientID=2349,t:applicationName=BackgroundJob,t:computerName=DC2BUHAPP11,t:connectID=9334,SessionID=63808,Usr=Кутлюб Динара Рахимовна,Exception=SeanceContextException,Descr='Сеанс отсутствует или удален
ID=f7608f17-a0b6-47df-b00d-2f20c7450a0e, File=d:\jenkins\ci_builder2\windowsbuild2\platform\src\rserver\src\clusterdistribimpl.cpp(1439)'
58:28.850021-0,EXCP,2,process=rphost,p:processName=bi_bk3wk1_prod_01,OSThread=648,t:clientID=2349,t:applicationName=BackgroundJob,t:computerName=DC2BUHAPP11,t:connectID=9334,SessionID=63808,Usr=Кутлюб Динара Рахимовна,Exception=60c686dc-798f-4d17-aadb-a90156a16eb8,Descr='src\rserver\src\rmngrcalls.cpp(476):
60c686dc-798f-4d17-aadb-a90156a16eb8: Сеанс отсутствует или удален
ID=f7608f17-a0b6-47df-b00d-2f20c7450a0e, File=d:\jenkins\ci_builder2\windowsbuild2\platform\src\rserver\src\clusterdistribimpl.cpp(1439)'
58:29.053000-0,EXCP,2,process=rphost,p:processName=bi_bk3wk1_prod_01,OSThread=648,t:clientID=2349,t:applicationName=BackgroundJob,t:computerName=DC2BUHAPP11,t:connectID=9334,SessionID=63808,Usr=Кутлюб Динара Рахимовна,Exception=SeanceContextException,Descr='Сеанс отсутствует или удален
ID=f7608f17-a0b6-47df-b00d-2f20c7450a0e, File=d:\jenkins\ci_builder2\windowsbuild2\platform\src\rserver\src\rmngrcalls.cpp(364)'
58:29.943006-0,ADMIN,2,process=rphost,p:processName=ServerJobExecutorContext,OSThread=676,t:clientID=2342,t:applicationName=JobScheduler,t:computerName=DC2BUHAPP11,Func=killClient,ClusterID=8aa94e2b-5d54-4b86-800b-79353ce39638,ConnectionID=da98ae26-ac53-4d28-9783-2b849110d544,Mode=0,Ref=bi_bk3wk1_prod_01(bi_bk3wk1_prod_01),Host=DC2BUHAPP11,Connection=9336,Administrator=Unknown,Result=Success
58:29.990000-0,EXCP,3,process=rphost,p:processName=bi_bk3wk1_prod_01,OSThread=4808,t:clientID=2351,t:applicationName=BackgroundJob,t:computerName=DC2BUHAPP11,t:connectID=9336,SessionID=63810,Usr=Кутлюб Динара Рахимовна,Exception=SeanceContextException,Descr='Сеанс отсутствует или удален
ID=4aa1e588-20f2-4c83-817c-a552f26a0bb7, File=d:\jenkins\ci_builder2\windowsbuild2\platform\src\rserver\src\clusterdistribimpl.cpp(1439)'
58:29.990002-0,EXCP,2,process=rphost,p:processName=bi_bk3wk1_prod_01,OSThread=4808,t:clientID=2351,t:applicationName=BackgroundJob,t:computerName=DC2BUHAPP11,t:connectID=9336,SessionID=63810,Usr=Кутлюб Динара Рахимовна,Exception=60c686dc-798f-4d17-aadb-a90156a16eb8,Descr='src\rserver\src\rmngrcalls.cpp(476):
60c686dc-798f-4d17-aadb-a90156a16eb8: Сеанс отсутствует или удален
ID=4aa1e588-20f2-4c83-817c-a552f26a0bb7, File=d:\jenkins\ci_builder2\windowsbuild2\platform\src\rserver\src\clusterdistribimpl.cpp(1439)'
58:30.193000-0,EXCP,2,process=rphost,p:processName=bi_bk3wk1_prod_01,OSThread=4808,t:clientID=2351,t:applicationName=BackgroundJob,t:computerName=DC2BUHAPP11,t:connectID=9336,SessionID=63810,Usr=Кутлюб Динара Рахимовна,Exception=SeanceContextException,Descr='Сеанс отсутствует или удален
ID=4aa1e588-20f2-4c83-817c-a552f26a0bb7, File=d:\jenkins\ci_builder2\windowsbuild2\platform\src\rserver\src\rmngrcalls.cpp(364)'
58:30.193001-0,EXCP,2,process=rphost,p:processName=bi_bk3wk1_prod_01,OSThread=4808,t:clientID=2351,t:applicationName=BackgroundJob,t:computerName=DC2BUHAPP11,t:connectID=9336,SessionID=63810,Usr=Кутлюб Динара Рахимовна,Exception=60c686dc-798f-4d17-aadb-a90156a16eb8,Descr='src\rserver\src\serverjobexecutor.cpp(1095):
60c686dc-798f-4d17-aadb-a90156a16eb8: Сеанс отсутствует или удален
ID=4aa1e588-20f2-4c83-817c-a552f26a0bb7, File=d:\jenkins\ci_builder2\windowsbuild2\platform\src\rserver\src\rmngrcalls.cpp(364)'
58:30.193003-0,EXCP,3,process=rphost,p:processName=bi_bk3wk1_prod_01,OSThread=4808,t:clientID=2351,t:applicationName=BackgroundJob,t:computerName=DC2BUHAPP11,t:connectID=9336,SessionID=63810,Usr=Кутлюб Динара Рахимовна,Exception=SeanceContextException,Descr='Сеанс отсутствует или удален
ID=4aa1e588-20f2-4c83-817c-a552f26a0bb7, File=d:\jenkins\ci_builder2\windowsbuild2\platform\src\rserver\src\clusterdistribimpl.cpp(1439)'
58:30.193005-0,EXCP,2,process=rphost,p:processName=bi_bk3wk1_prod_01,OSThread=4808,t:clientID=2351,t:applicationName=BackgroundJob,t:computerName=DC2BUHAPP11,t:connectID=9336,SessionID=63810,Usr=Кутлюб Динара Рахимовна,Exception=60c686dc-798f-4d17-aadb-a90156a16eb8,Descr='src\rserver\src\rmngrcalls.cpp(476):
60c686dc-798f-4d17-aadb-a90156a16eb8: Сеанс отсутствует или удален
ID=4aa1e588-20f2-4c83-817c-a552f26a0bb7, File=d:\jenkins\ci_builder2\windowsbuild2\platform\src\rserver\src\clusterdistribimpl.cpp(1439)'
58:30.396000-0,EXCP,2,process=rphost,p:processName=bi_bk3wk1_prod_01,OSThread=4808,t:clientID=2351,t:applicationName=BackgroundJob,t:computerName=DC2BUHAPP11,t:connectID=9336,SessionID=63810,Usr=Кутлюб Динара Рахимовна,Exception=SeanceContextException,Descr='Сеанс отсутствует или удален
ID=4aa1e588-20f2-4c83-817c-a552f26a0bb7, File=d:\jenkins\ci_builder2\windowsbuild2\platform\src\rserver\src\rmngrcalls.cpp(364)'
59:26.241007-0,ADMIN,2,process=rphost,p:processName=ServerJobExecutorContext,OSThread=676,t:clientID=2342,t:applicationName=JobScheduler,t:computerName=DC2BUHAPP11,Func=killClient,ClusterID=8aa94e2b-5d54-4b86-800b-79353ce39638,ConnectionID=77fb1205-41ea-4699-bfe0-37d66456eca8,Mode=0,Ref=bi_bk3wk1_prod_01(bi_bk3wk1_prod_01),Host=DC2BUHAPP11,Connection=9347,Administrator=Unknown,Result=Success
59:27.022006-0,ADMIN,2,process=rphost,p:processName=ServerJobExecutorContext,OSThread=676,t:clientID=2342,t:applicationName=JobScheduler,t:computerName=DC2BUHAPP11,Func=killClient,ClusterID=8aa94e2b-5d54-4b86-800b-79353ce39638,ConnectionID=d76b2e56-f2fd-4853-a547-a2f68b6adc5e,Mode=0,Ref=bi_bk3wk1_prod_01(bi_bk3wk1_prod_01),Host=DC2BUHAPP11,Connection=9348,Administrator=Unknown,Result=Success
59:27.069008-0,EXCP,3,process=rphost,p:processName=bi_bk3wk1_prod_01,OSThread=9240,t:clientID=2355,t:applicationName=BackgroundJob,t:computerName=DC2BUHAPP11,t:connectID=9348,SessionID=63822,Usr=Кутлюб Динара Рахимовна,Exception=SeanceContextException,Descr='Сеанс отсутствует или удален
ID=a7575f1c-bb41-46d0-b355-2d34c5a6b66a, File=d:\jenkins\ci_builder2\windowsbuild2\platform\src\rserver\src\clusterdistribimpl.cpp(1439)'
59:27.069010-0,EXCP,2,process=rphost,p:processName=bi_bk3wk1_prod_01,OSThread=9240,t:clientID=2355,t:applicationName=BackgroundJob,t:computerName=DC2BUHAPP11,t:connectID=9348,SessionID=63822,Usr=Кутлюб Динара Рахимовна,Exception=60c686dc-798f-4d17-aadb-a90156a16eb8,Descr='src\rserver\src\rmngrcalls.cpp(476):
60c686dc-798f-4d17-aadb-a90156a16eb8: Сеанс отсутствует или удален
ID=a7575f1c-bb41-46d0-b355-2d34c5a6b66a, File=d:\jenkins\ci_builder2\windowsbuild2\platform\src\rserver\src\clusterdistribimpl.cpp(1439)'
59:27.272000-0,EXCP,2,process=rphost,p:processName=bi_bk3wk1_prod_01,OSThread=9240,t:clientID=2355,t:applicationName=BackgroundJob,t:computerName=DC2BUHAPP11,t:connectID=9348,SessionID=63822,Usr=Кутлюб Динара Рахимовна,Exception=SeanceContextException,Descr='Сеанс отсутствует или удален
ID=a7575f1c-bb41-46d0-b355-2d34c5a6b66a, File=d:\jenkins\ci_builder2\windowsbuild2\platform\src\rserver\src\rmngrcalls.cpp(364)'
59:27.272001-0,EXCP,2,process=rphost,p:processName=bi_bk3wk1_prod_01,OSThread=9240,t:clientID=2355,t:applicationName=BackgroundJob,t:computerName=DC2BUHAPP11,t:connectID=9348,SessionID=63822,Usr=Кутлюб Динара Рахимовна,Exception=60c686dc-798f-4d17-aadb-a90156a16eb8,Descr='src\rserver\src\serverjobexecutor.cpp(1095):
60c686dc-798f-4d17-aadb-a90156a16eb8: Сеанс отсутствует или удален
ID=a7575f1c-bb41-46d0-b355-2d34c5a6b66a, File=d:\jenkins\ci_builder2\windowsbuild2\platform\src\rserver\src\rmngrcalls.cpp(364)'
59:27.272008-0,EXCP,3,process=rphost,p:processName=bi_bk3wk1_prod_01,OSThread=9240,t:clientID=2355,t:applicationName=BackgroundJob,t:computerName=DC2BUHAPP11,t:connectID=9348,SessionID=63822,Usr=Кутлюб Динара Рахимовна,Exception=SeanceContextException,Descr='Сеанс отсутствует или удален
ID=a7575f1c-bb41-46d0-b355-2d34c5a6b66a, File=d:\jenkins\ci_builder2\windowsbuild2\platform\src\rserver\src\clusterdistribimpl.cpp(1439)'
59:27.272010-0,EXCP,2,process=rphost,p:processName=bi_bk3wk1_prod_01,OSThread=9240,t:clientID=2355,t:applicationName=BackgroundJob,t:computerName=DC2BUHAPP11,t:connectID=9348,SessionID=63822,Usr=Кутлюб Динара Рахимовна,Exception=60c686dc-798f-4d17-aadb-a90156a16eb8,Descr='src\rserver\src\rmngrcalls.cpp(476):
60c686dc-798f-4d17-aadb-a90156a16eb8: Сеанс отсутствует или удален
ID=a7575f1c-bb41-46d0-b355-2d34c5a6b66a, File=d:\jenkins\ci_builder2\windowsbuild2\platform\src\rserver\src\clusterdistribimpl.cpp(1439)'
59:27.476000-0,EXCP,2,process=rphost,p:processName=bi_bk3wk1_prod_01,OSThread=9240,t:clientID=2355,t:applicationName=BackgroundJob,t:computerName=DC2BUHAPP11,t:connectID=9348,SessionID=63822,Usr=Кутлюб Динара Рахимовна,Exception=SeanceContextException,Descr='Сеанс отсутствует или удален
ID=a7575f1c-bb41-46d0-b355-2d34c5a6b66a, File=d:\jenkins\ci_builder2\windowsbuild2\platform\src\rserver\src\rmngrcalls.cpp(364)'
59:27.897029-0,EXCP,3,process=rphost,p:processName=bi_bk3wk1_prod_01,OSThread=648,t:clientID=2354,t:applicationName=BackgroundJob,t:computerName=DC2BUHAPP11,t:connectID=9347,SessionID=63821,Usr=Кутлюб Динара Рахимовна,Exception=SeanceContextException,Descr='Сеанс отсутствует или удален
ID=71447df5-f448-4397-a418-c574a3bd6ce0, File=d:\jenkins\ci_builder2\windowsbuild2\platform\src\rserver\src\clusterdistribimpl.cpp(1439)'
59:27.897031-0,EXCP,2,process=rphost,p:processName=bi_bk3wk1_prod_01,OSThread=648,t:clientID=2354,t:applicationName=BackgroundJob,t:computerName=DC2BUHAPP11,t:connectID=9347,SessionID=63821,Usr=Кутлюб Динара Рахимовна,Exception=60c686dc-798f-4d17-aadb-a90156a16eb8,Descr='src\rserver\src\rmngrcalls.cpp(476):
60c686dc-798f-4d17-aadb-a90156a16eb8: Сеанс отсутствует или удален
ID=71447df5-f448-4397-a418-c574a3bd6ce0, File=d:\jenkins\ci_builder2\windowsbuild2\platform\src\rserver\src\clusterdistribimpl.cpp(1439)'
59:28.101000-0,EXCP,2,process=rphost,p:processName=bi_bk3wk1_prod_01,OSThread=648,t:clientID=2354,t:applicationName=BackgroundJob,t:computerName=DC2BUHAPP11,t:connectID=9347,SessionID=63821,Usr=Кутлюб Динара Рахимовна,Exception=SeanceContextException,Descr='Сеанс отсутствует или удален
ID=71447df5-f448-4397-a418-c574a3bd6ce0, File=d:\jenkins\ci_builder2\windowsbuild2\platform\src\rserver\src\rmngrcalls.cpp(364)'
59:28.101001-0,EXCP,2,process=rphost,p:processName=bi_bk3wk1_prod_01,OSThread=648,t:clientID=2354,t:applicationName=BackgroundJob,t:computerName=DC2BUHAPP11,t:connectID=9347,SessionID=63821,Usr=Кутлюб Динара Рахимовна,Exception=60c686dc-798f-4d17-aadb-a90156a16eb8,Descr='src\rserver\src\serverjobexecutor.cpp(1095):
60c686dc-798f-4d17-aadb-a90156a16eb8: Сеанс отсутствует или удален
ID=71447df5-f448-4397-a418-c574a3bd6ce0, File=d:\jenkins\ci_builder2\windowsbuild2\platform\src\rserver\src\rmngrcalls.cpp(364)'
59:28.101003-0,EXCP,3,process=rphost,p:processName=bi_bk3wk1_prod_01,OSThread=648,t:clientID=2354,t:applicationName=BackgroundJob,t:computerName=DC2BUHAPP11,t:connectID=9347,SessionID=63821,Usr=Кутлюб Динара Рахимовна,Exception=SeanceContextException,Descr='Сеанс отсутствует или удален
ID=71447df5-f448-4397-a418-c574a3bd6ce0, File=d:\jenkins\ci_builder2\windowsbuild2\platform\src\rserver\src\clusterdistribimpl.cpp(1439)'
59:28.101005-0,EXCP,2,process=rphost,p:processName=bi_bk3wk1_prod_01,OSThread=648,t:clientID=2354,t:applicationName=BackgroundJob,t:computerName=DC2BUHAPP11,t:connectID=9347,SessionID=63821,Usr=Кутлюб Динара Рахимовна,Exception=60c686dc-798f-4d17-aadb-a90156a16eb8,Descr='src\rserver\src\rmngrcalls.cpp(476):
60c686dc-798f-4d17-aadb-a90156a16eb8: Сеанс отсутствует или удален
ID=71447df5-f448-4397-a418-c574a3bd6ce0, File=d:\jenkins\ci_builder2\windowsbuild2\platform\src\rserver\src\clusterdistribimpl.cpp(1439)'
59:28.226007-0,ADMIN,2,process=rphost,p:processName=ServerJobExecutorContext,OSThread=676,t:clientID=2342,t:applicationName=JobScheduler,t:computerName=DC2BUHAPP11,Func=killClient,ClusterID=8aa94e2b-5d54-4b86-800b-79353ce39638,ConnectionID=3f45447b-a75a-4046-a37c-73395bc346f4,Mode=0,Ref=bi_bk3wk1_prod_01(bi_bk3wk1_prod_01),Host=DC2BUHAPP11,Connection=9350,Administrator=Unknown,Result=Success
59:28.304000-0,EXCP,2,process=rphost,p:processName=bi_bk3wk1_prod_01,OSThread=648,t:clientID=2354,t:applicationName=BackgroundJob,t:computerName=DC2BUHAPP11,t:connectID=9347,SessionID=63821,Usr=Кутлюб Динара Рахимовна,Exception=SeanceContextException,Descr='Сеанс отсутствует или удален
ID=71447df5-f448-4397-a418-c574a3bd6ce0, File=d:\jenkins\ci_builder2\windowsbuild2\platform\src\rserver\src\rmngrcalls.cpp(364)'
59:28.538007-0,EXCP,3,process=rphost,p:processName=bi_bk3wk1_prod_01,OSThread=9280,t:clientID=2357,t:applicationName=BackgroundJob,t:computerName=DC2BUHAPP11,t:connectID=9350,SessionID=63824,Usr=Кутлюб Динара Рахимовна,Exception=SeanceContextException,Descr='Сеанс отсутствует или удален
ID=8e5637af-5bb3-404d-b35e-645e3817acfd, File=d:\jenkins\ci_builder2\windowsbuild2\platform\src\rserver\src\clusterdistribimpl.cpp(1439)'
59:28.538009-0,EXCP,2,process=rphost,p:processName=bi_bk3wk1_prod_01,OSThread=9280,t:clientID=2357,t:applicationName=BackgroundJob,t:computerName=DC2BUHAPP11,t:connectID=9350,SessionID=63824,Usr=Кутлюб Динара Рахимовна,Exception=60c686dc-798f-4d17-aadb-a90156a16eb8,Descr='src\rserver\src\rmngrcalls.cpp(476):
60c686dc-798f-4d17-aadb-a90156a16eb8: Сеанс отсутствует или удален
ID=8e5637af-5bb3-404d-b35e-645e3817acfd, File=d:\jenkins\ci_builder2\windowsbuild2\platform\src\rserver\src\clusterdistribimpl.cpp(1439)'
59:28.663007-0,ADMIN,2,process=rphost,p:processName=ServerJobExecutorContext,OSThread=676,t:clientID=2342,t:applicationName=JobScheduler,t:computerName=DC2BUHAPP11,Func=killClient,ClusterID=8aa94e2b-5d54-4b86-800b-79353ce39638,ConnectionID=9f7aec53-97ae-4761-8de1-b3e1069242f4,Mode=0,Ref=bi_bk3wk1_prod_01(bi_bk3wk1_prod_01),Host=DC2BUHAPP11,Connection=9351,Administrator=Unknown,Result=Success
59:28.741000-0,EXCP,2,process=rphost,p:processName=bi_bk3wk1_prod_01,OSThread=9280,t:clientID=2357,t:applicationName=BackgroundJob,t:computerName=DC2BUHAPP11,t:connectID=9350,SessionID=63824,Usr=Кутлюб Динара Рахимовна,Exception=SeanceContextException,Descr='Сеанс отсутствует или удален
ID=8e5637af-5bb3-404d-b35e-645e3817acfd, File=d:\jenkins\ci_builder2\windowsbuild2\platform\src\rserver\src\rmngrcalls.cpp(364)'
59:28.741001-0,EXCP,2,process=rphost,p:processName=bi_bk3wk1_prod_01,OSThread=9280,t:clientID=2357,t:applicationName=BackgroundJob,t:computerName=DC2BUHAPP11,t:connectID=9350,SessionID=63824,Usr=Кутлюб Динара Рахимовна,Exception=60c686dc-798f-4d17-aadb-a90156a16eb8,Descr='src\rserver\src\serverjobexecutor.cpp(1095):
60c686dc-798f-4d17-aadb-a90156a16eb8: Сеанс отсутствует или удален
ID=8e5637af-5bb3-404d-b35e-645e3817acfd, File=d:\jenkins\ci_builder2\windowsbuild2\platform\src\rserver\src\rmngrcalls.cpp(364)'
59:28.741003-0,EXCP,3,process=rphost,p:processName=bi_bk3wk1_prod_01,OSThread=9280,t:clientID=2357,t:applicationName=BackgroundJob,t:computerName=DC2BUHAPP11,t:connectID=9350,SessionID=63824,Usr=Кутлюб Динара Рахимовна,Exception=SeanceContextException,Descr='Сеанс отсутствует или удален
ID=8e5637af-5bb3-404d-b35e-645e3817acfd, File=d:\jenkins\ci_builder2\windowsbuild2\platform\src\rserver\src\clusterdistribimpl.cpp(1439)'
59:28.741005-0,EXCP,2,process=rphost,p:processName=bi_bk3wk1_prod_01,OSThread=9280,t:clientID=2357,t:applicationName=BackgroundJob,t:computerName=DC2BUHAPP11,t:connectID=9350,SessionID=63824,Usr=Кутлюб Динара Рахимовна,Exception=60c686dc-798f-4d17-aadb-a90156a16eb8,Descr='src\rserver\src\rmngrcalls.cpp(476):
60c686dc-798f-4d17-aadb-a90156a16eb8: Сеанс отсутствует или удален
ID=8e5637af-5bb3-404d-b35e-645e3817acfd, File=d:\jenkins\ci_builder2\windowsbuild2\platform\src\rserver\src\clusterdistribimpl.cpp(1439)'
59:28.772006-0,EXCP,2,process=rphost,p:processName=bi_bk3wk1_prod_01,OSThread=9280,t:clientID=2357,t:applicationName=BackgroundJob,t:computerName=DC2BUHAPP11,t:connectID=9350,SessionID=63824,Usr=Кутлюб Динара Рахимовна,Exception=SeanceContextException,Descr='Сеанс отсутствует или удален
ID=8e5637af-5bb3-404d-b35e-645e3817acfd, File=d:\jenkins\ci_builder2\windowsbuild2\platform\src\rserver\src\rmngrcalls.cpp(364)'
59:30.210010-0,EXCP,3,process=rphost,p:processName=bi_bk3wk1_prod_01,OSThread=9240,t:clientID=2358,t:applicationName=BackgroundJob,t:computerName=DC2BUHAPP11,t:connectID=9351,SessionID=63825,Usr=Кутлюб Динара Рахимовна,Exception=SeanceContextException,Descr='Сеанс отсутствует или удален
ID=fc32294a-ee8b-4a13-aa8a-c2c645a28ce8, File=d:\jenkins\ci_builder2\windowsbuild2\platform\src\rserver\src\clusterdistribimpl.cpp(1439)'
59:30.210012-0,EXCP,2,process=rphost,p:processName=bi_bk3wk1_prod_01,OSThread=9240,t:clientID=2358,t:applicationName=BackgroundJob,t:computerName=DC2BUHAPP11,t:connectID=9351,SessionID=63825,Usr=Кутлюб Динара Рахимовна,Exception=60c686dc-798f-4d17-aadb-a90156a16eb8,Descr='src\rserver\src\rmngrcalls.cpp(476):
60c686dc-798f-4d17-aadb-a90156a16eb8: Сеанс отсутствует или удален
ID=fc32294a-ee8b-4a13-aa8a-c2c645a28ce8, File=d:\jenkins\ci_builder2\windowsbuild2\platform\src\rserver\src\clusterdistribimpl.cpp(1439)'
59:30.413000-0,EXCP,2,process=rphost,p:processName=bi_bk3wk1_prod_01,OSThread=9240,t:clientID=2358,t:applicationName=BackgroundJob,t:computerName=DC2BUHAPP11,t:connectID=9351,SessionID=63825,Usr=Кутлюб Динара Рахимовна,Exception=SeanceContextException,Descr='Сеанс отсутствует или удален
ID=fc32294a-ee8b-4a13-aa8a-c2c645a28ce8, File=d:\jenkins\ci_builder2\windowsbuild2\platform\src\rserver\src\rmngrcalls.cpp(364)'
59:30.413001-0,EXCP,2,process=rphost,p:processName=bi_bk3wk1_prod_01,OSThread=9240,t:clientID=2358,t:applicationName=BackgroundJob,t:computerName=DC2BUHAPP11,t:connectID=9351,SessionID=63825,Usr=Кутлюб Динара Рахимовна,Exception=60c686dc-798f-4d17-aadb-a90156a16eb8,Descr='src\rserver\src\serverjobexecutor.cpp(1095):
60c686dc-798f-4d17-aadb-a90156a16eb8: Сеанс отсутствует или удален
ID=fc32294a-ee8b-4a13-aa8a-c2c645a28ce8, File=d:\jenkins\ci_builder2\windowsbuild2\platform\src\rserver\src\rmngrcalls.cpp(364)'
59:30.413003-0,EXCP,3,process=rphost,p:processName=bi_bk3wk1_prod_01,OSThread=9240,t:clientID=2358,t:applicationName=BackgroundJob,t:computerName=DC2BUHAPP11,t:connectID=9351,SessionID=63825,Usr=Кутлюб Динара Рахимовна,Exception=SeanceContextException,Descr='Сеанс отсутствует или удален
ID=fc32294a-ee8b-4a13-aa8a-c2c645a28ce8, File=d:\jenkins\ci_builder2\windowsbuild2\platform\src\rserver\src\clusterdistribimpl.cpp(1439)'
59:30.413005-0,EXCP,2,process=rphost,p:processName=bi_bk3wk1_prod_01,OSThread=9240,t:clientID=2358,t:applicationName=BackgroundJob,t:computerName=DC2BUHAPP11,t:connectID=9351,SessionID=63825,Usr=Кутлюб Динара Рахимовна,Exception=60c686dc-798f-4d17-aadb-a90156a16eb8,Descr='src\rserver\src\rmngrcalls.cpp(476):
60c686dc-798f-4d17-aadb-a90156a16eb8: Сеанс отсутствует или удален
ID=fc32294a-ee8b-4a13-aa8a-c2c645a28ce8, File=d:\jenkins\ci_builder2\windowsbuild2\platform\src\rserver\src\clusterdistribimpl.cpp(1439)'
59:30.616000-0,EXCP,2,process=rphost,p:processName=bi_bk3wk1_prod_01,OSThread=9240,t:clientID=2358,t:applicationName=BackgroundJob,t:computerName=DC2BUHAPP11,t:connectID=9351,SessionID=63825,Usr=Кутлюб Динара Рахимовна,Exception=SeanceContextException,Descr='Сеанс отсутствует или удален
ID=fc32294a-ee8b-4a13-aa8a-c2c645a28ce8, File=d:\jenkins\ci_builder2\windowsbuild2\platform\src\rserver\src\rmngrcalls.cpp(364)'
