20:19.747000-0,EXCP,0,process=rphost,OSThread=7828,ClientID=417,Exception=NetDataExchangeException,Descr='server_addr=(2)10.224.32.248:62845 descr=10054(0x00002746): Удаленный хост принудительно разорвал существующее подключение.  line=1149 file=d:\jenkins\ci_builder2\windowsbuild2\platform\src\rtrsrvc\src\dataexchangeserverimpl.cpp'
20:19.747001-0,EXCPCNTX,0,ClientComputerName=,ServerComputerName=,UserName=,ConnectString=
20:19.747002-0,EXCP,0,process=rphost,OSThread=3200,ClientID=416,Exception=NetDataExchangeException,Descr='server_addr=(2)10.224.32.248:62840 descr=10054(0x00002746): Удаленный хост принудительно разорвал существующее подключение.  line=1149 file=d:\jenkins\ci_builder2\windowsbuild2\platform\src\rtrsrvc\src\dataexchangeserverimpl.cpp'
20:19.747003-0,EXCPCNTX,0,ClientComputerName=,ServerComputerName=,UserName=,ConnectString=
54:08.980004-0,QERR,3,process=rphost,p:processName=bi_bk3wk1_prod_01,OSThread=9532,t:clientID=310,t:applicationName=1CV8C,t:computerName=DC2RDSH25,t:connectID=2467,SessionID=55861,Usr=Джамбурчина Раушан Баймурзовна,AppID=1CV8C,Descr='Недостаточно прав для работы с таблицей "РегистрСведений.УчетОсновногоЗаработкаРаботниковПодразделенияОрганизации.СрезПоследних"',Query='ВЫБРАТЬ РАЗРЕШЕННЫЕ * ИЗ РегистрСведений.УчетОсновногоЗаработкаРаботниковПодразделенияОрганизации.СрезПоследних(, ПодразделениеОрганизации = &ПодразделениеОрганизации)',Context='Система.ПолучитьФорму : Справочник.ПодразделенияОрганизаций.ФормаОбъекта
Справочник.ПодразделенияОрганизаций.Форма.ФормаЭлемента.Форма : 34 : РедактированиеПериодическихСведенийСервер.ИнициализироватьЗаписьДляОтображенияНаФорме(ЭтотОбъект, "УчетОсновногоЗаработкаРаботниковПодразделенияОрганизации", ПодразделениеОрганизацииСсылка);
	ОбщийМодуль.РедактированиеПериодическихСведенийСервер.Модуль : 86 : Выборка = Запрос.Выполнить().Выбрать();'
54:08.980005-0,EXCP,3,process=rphost,p:processName=bi_bk3wk1_prod_01,OSThread=9532,t:clientID=310,t:applicationName=1CV8C,t:computerName=DC2RDSH25,t:connectID=2467,SessionID=55861,Usr=Джамбурчина Раушан Баймурзовна,AppID=1CV8C,Exception=580392e6-ba49-4280-ac67-fcd6f2180121,Descr='src\vrsbase\src\vresourceinfobaseimpl.cpp(1114):
580392e6-ba49-4280-ac67-fcd6f2180121: Неспецифицированная ошибка работы с ресурсом
Ошибка при выполнении запроса POST к ресурсу /e1cib/logForm:
8d366056-4d5a-4d88-a207-0ae535b7d28e: {ОбщийМодуль.РедактированиеПериодическихСведенийСервер.Модуль(86)}: Ошибка при вызове метода контекста (Выполнить)
f08d92f8-9eb2-4e19-9dd9-977d907cec2d
ae209c88-6b01-464c-adc9-0b72e240492f: Недостаточно прав для работы с таблицей "РегистрСведений.УчетОсновногоЗаработкаРаботниковПодразделенияОрганизации.СрезПоследних"'
56:38.561015-0,ADMIN,2,process=rphost,p:processName=ServerJobExecutorContext,OSThread=676,t:clientID=2518,t:applicationName=JobScheduler,t:computerName=DC2BUHAPP11,Func=killClient,ClusterID=8aa94e2b-5d54-4b86-800b-79353ce39638,ConnectionID=7f54a6ae-ef50-411b-9523-d986585b239f,Mode=0,Ref=bi_bk3wk1_prod_01(bi_bk3wk1_prod_01),Host=DC2BUHAPP11,Connection=9931,Administrator=Unknown,Result=Success
56:39.139015-0,ADMIN,2,process=rphost,p:processName=ServerJobExecutorContext,OSThread=676,t:clientID=2518,t:applicationName=JobScheduler,t:computerName=DC2BUHAPP11,Func=killClient,ClusterID=8aa94e2b-5d54-4b86-800b-79353ce39638,ConnectionID=c5785361-f7cb-4cea-aa68-ca248f757d2f,Mode=0,Ref=bi_bk3wk1_prod_01(bi_bk3wk1_prod_01),Host=DC2BUHAPP11,Connection=9932,Administrator=Unknown,Result=Success
56:39.592015-0,ADMIN,2,process=rphost,p:processName=ServerJobExecutorContext,OSThread=676,t:clientID=2518,t:applicationName=JobScheduler,t:computerName=DC2BUHAPP11,Func=killClient,ClusterID=8aa94e2b-5d54-4b86-800b-79353ce39638,ConnectionID=a1bde455-623b-43a7-942f-21594cd63c64,Mode=0,Ref=bi_bk3wk1_prod_01(bi_bk3wk1_prod_01),Host=DC2BUHAPP11,Connection=9933,Administrator=Unknown,Result=Success
56:40.186005-0,EXCP,3,process=rphost,p:processName=bi_bk3wk1_prod_01,OSThread=9240,t:clientID=2528,t:applicationName=BackgroundJob,t:computerName=DC2BUHAPP11,t:connectID=9931,SessionID=64345,Usr=Джамбурчина Раушан Баймурзовна,Exception=SeanceContextException,Descr='Сеанс отсутствует или удален
ID=10bfe099-cadd-4e2f-85a8-6c94155ea16d, File=d:\jenkins\ci_builder2\windowsbuild2\platform\src\rserver\src\clusterdistribimpl.cpp(1439)'
56:40.186007-0,EXCP,2,process=rphost,p:processName=bi_bk3wk1_prod_01,OSThread=9240,t:clientID=2528,t:applicationName=BackgroundJob,t:computerName=DC2BUHAPP11,t:connectID=9931,SessionID=64345,Usr=Джамбурчина Раушан Баймурзовна,Exception=60c686dc-798f-4d17-aadb-a90156a16eb8,Descr='src\rserver\src\rmngrcalls.cpp(476):
60c686dc-798f-4d17-aadb-a90156a16eb8: Сеанс отсутствует или удален
ID=10bfe099-cadd-4e2f-85a8-6c94155ea16d, File=d:\jenkins\ci_builder2\windowsbuild2\platform\src\rserver\src\clusterdistribimpl.cpp(1439)'
56:40.389000-0,EXCP,2,process=rphost,p:processName=bi_bk3wk1_prod_01,OSThread=9240,t:clientID=2528,t:applicationName=BackgroundJob,t:computerName=DC2BUHAPP11,t:connectID=9931,SessionID=64345,Usr=Джамбурчина Раушан Баймурзовна,Exception=SeanceContextException,Descr='Сеанс отсутствует или удален
ID=10bfe099-cadd-4e2f-85a8-6c94155ea16d, File=d:\jenkins\ci_builder2\windowsbuild2\platform\src\rserver\src\rmngrcalls.cpp(364)'
56:40.389001-0,EXCP,2,process=rphost,p:processName=bi_bk3wk1_prod_01,OSThread=9240,t:clientID=2528,t:applicationName=BackgroundJob,t:computerName=DC2BUHAPP11,t:connectID=9931,SessionID=64345,Usr=Джамбурчина Раушан Баймурзовна,Exception=60c686dc-798f-4d17-aadb-a90156a16eb8,Descr='src\rserver\src\serverjobexecutor.cpp(1095):
60c686dc-798f-4d17-aadb-a90156a16eb8: Сеанс отсутствует или удален
ID=10bfe099-cadd-4e2f-85a8-6c94155ea16d, File=d:\jenkins\ci_builder2\windowsbuild2\platform\src\rserver\src\rmngrcalls.cpp(364)'
56:40.389003-0,EXCP,3,process=rphost,p:processName=bi_bk3wk1_prod_01,OSThread=9240,t:clientID=2528,t:applicationName=BackgroundJob,t:computerName=DC2BUHAPP11,t:connectID=9931,SessionID=64345,Usr=Джамбурчина Раушан Баймурзовна,Exception=SeanceContextException,Descr='Сеанс отсутствует или удален
ID=10bfe099-cadd-4e2f-85a8-6c94155ea16d, File=d:\jenkins\ci_builder2\windowsbuild2\platform\src\rserver\src\clusterdistribimpl.cpp(1439)'
56:40.389005-0,EXCP,2,process=rphost,p:processName=bi_bk3wk1_prod_01,OSThread=9240,t:clientID=2528,t:applicationName=BackgroundJob,t:computerName=DC2BUHAPP11,t:connectID=9931,SessionID=64345,Usr=Джамбурчина Раушан Баймурзовна,Exception=60c686dc-798f-4d17-aadb-a90156a16eb8,Descr='src\rserver\src\rmngrcalls.cpp(476):
60c686dc-798f-4d17-aadb-a90156a16eb8: Сеанс отсутствует или удален
ID=10bfe099-cadd-4e2f-85a8-6c94155ea16d, File=d:\jenkins\ci_builder2\windowsbuild2\platform\src\rserver\src\clusterdistribimpl.cpp(1439)'
56:40.530006-0,EXCP,2,process=rphost,p:processName=bi_bk3wk1_prod_01,OSThread=9240,t:clientID=2528,t:applicationName=BackgroundJob,t:computerName=DC2BUHAPP11,t:connectID=9931,SessionID=64345,Usr=Джамбурчина Раушан Баймурзовна,Exception=SeanceContextException,Descr='Сеанс отсутствует или удален
ID=10bfe099-cadd-4e2f-85a8-6c94155ea16d, File=d:\jenkins\ci_builder2\windowsbuild2\platform\src\rserver\src\rmngrcalls.cpp(364)'
56:41.373010-0,EXCP,3,process=rphost,p:processName=bi_bk3wk1_prod_01,OSThread=9532,t:clientID=2529,t:applicationName=BackgroundJob,t:computerName=DC2BUHAPP11,t:connectID=9932,SessionID=64346,Usr=Джамбурчина Раушан Баймурзовна,Exception=SeanceContextException,Descr='Сеанс отсутствует или удален
ID=fab4e370-b5a4-4558-91a0-52d95117998a, File=d:\jenkins\ci_builder2\windowsbuild2\platform\src\rserver\src\clusterdistribimpl.cpp(1439)'
56:41.373012-0,EXCP,2,process=rphost,p:processName=bi_bk3wk1_prod_01,OSThread=9532,t:clientID=2529,t:applicationName=BackgroundJob,t:computerName=DC2BUHAPP11,t:connectID=9932,SessionID=64346,Usr=Джамбурчина Раушан Баймурзовна,Exception=60c686dc-798f-4d17-aadb-a90156a16eb8,Descr='src\rserver\src\rmngrcalls.cpp(476):
60c686dc-798f-4d17-aadb-a90156a16eb8: Сеанс отсутствует или удален
ID=fab4e370-b5a4-4558-91a0-52d95117998a, File=d:\jenkins\ci_builder2\windowsbuild2\platform\src\rserver\src\clusterdistribimpl.cpp(1439)'
56:41.545006-0,EXCP,2,process=rphost,p:processName=bi_bk3wk1_prod_01,OSThread=9532,t:clientID=2529,t:applicationName=BackgroundJob,t:computerName=DC2BUHAPP11,t:connectID=9932,SessionID=64346,Usr=Джамбурчина Раушан Баймурзовна,Exception=SeanceContextException,Descr='Сеанс отсутствует или удален
ID=fab4e370-b5a4-4558-91a0-52d95117998a, File=d:\jenkins\ci_builder2\windowsbuild2\platform\src\rserver\src\rmngrcalls.cpp(364)'
56:41.545007-0,EXCP,2,process=rphost,p:processName=bi_bk3wk1_prod_01,OSThread=9532,t:clientID=2529,t:applicationName=BackgroundJob,t:computerName=DC2BUHAPP11,t:connectID=9932,SessionID=64346,Usr=Джамбурчина Раушан Баймурзовна,Exception=60c686dc-798f-4d17-aadb-a90156a16eb8,Descr='src\rserver\src\serverjobexecutor.cpp(1095):
60c686dc-798f-4d17-aadb-a90156a16eb8: Сеанс отсутствует или удален
ID=fab4e370-b5a4-4558-91a0-52d95117998a, File=d:\jenkins\ci_builder2\windowsbuild2\platform\src\rserver\src\rmngrcalls.cpp(364)'
56:41.545009-0,EXCP,3,process=rphost,p:processName=bi_bk3wk1_prod_01,OSThread=9532,t:clientID=2529,t:applicationName=BackgroundJob,t:computerName=DC2BUHAPP11,t:connectID=9932,SessionID=64346,Usr=Джамбурчина Раушан Баймурзовна,Exception=SeanceContextException,Descr='Сеанс отсутствует или удален
ID=fab4e370-b5a4-4558-91a0-52d95117998a, File=d:\jenkins\ci_builder2\windowsbuild2\platform\src\rserver\src\clusterdistribimpl.cpp(1439)'
56:41.545011-0,EXCP,2,process=rphost,p:processName=bi_bk3wk1_prod_01,OSThread=9532,t:clientID=2529,t:applicationName=BackgroundJob,t:computerName=DC2BUHAPP11,t:connectID=9932,SessionID=64346,Usr=Джамбурчина Раушан Баймурзовна,Exception=60c686dc-798f-4d17-aadb-a90156a16eb8,Descr='src\rserver\src\rmngrcalls.cpp(476):
60c686dc-798f-4d17-aadb-a90156a16eb8: Сеанс отсутствует или удален
ID=fab4e370-b5a4-4558-91a0-52d95117998a, File=d:\jenkins\ci_builder2\windowsbuild2\platform\src\rserver\src\clusterdistribimpl.cpp(1439)'
56:41.748001-0,EXCP,2,process=rphost,p:processName=bi_bk3wk1_prod_01,OSThread=9532,t:clientID=2529,t:applicationName=BackgroundJob,t:computerName=DC2BUHAPP11,t:connectID=9932,SessionID=64346,Usr=Джамбурчина Раушан Баймурзовна,Exception=SeanceContextException,Descr='Сеанс отсутствует или удален
ID=fab4e370-b5a4-4558-91a0-52d95117998a, File=d:\jenkins\ci_builder2\windowsbuild2\platform\src\rserver\src\rmngrcalls.cpp(364)'
56:42.076008-0,EXCP,3,process=rphost,p:processName=bi_bk3wk1_prod_01,OSThread=4424,t:clientID=2530,t:applicationName=BackgroundJob,t:computerName=DC2BUHAPP11,t:connectID=9933,SessionID=64347,Usr=Джамбурчина Раушан Баймурзовна,Exception=SeanceContextException,Descr='Сеанс отсутствует или удален
ID=106aea17-6faa-48f3-8504-d5b701727b96, File=d:\jenkins\ci_builder2\windowsbuild2\platform\src\rserver\src\clusterdistribimpl.cpp(1439)'
56:42.092001-0,EXCP,2,process=rphost,p:processName=bi_bk3wk1_prod_01,OSThread=4424,t:clientID=2530,t:applicationName=BackgroundJob,t:computerName=DC2BUHAPP11,t:connectID=9933,SessionID=64347,Usr=Джамбурчина Раушан Баймурзовна,Exception=60c686dc-798f-4d17-aadb-a90156a16eb8,Descr='src\rserver\src\rmngrcalls.cpp(476):
60c686dc-798f-4d17-aadb-a90156a16eb8: Сеанс отсутствует или удален
ID=106aea17-6faa-48f3-8504-d5b701727b96, File=d:\jenkins\ci_builder2\windowsbuild2\platform\src\rserver\src\clusterdistribimpl.cpp(1439)'
56:42.295000-0,EXCP,2,process=rphost,p:processName=bi_bk3wk1_prod_01,OSThread=4424,t:clientID=2530,t:applicationName=BackgroundJob,t:computerName=DC2BUHAPP11,t:connectID=9933,SessionID=64347,Usr=Джамбурчина Раушан Баймурзовна,Exception=SeanceContextException,Descr='Сеанс отсутствует или удален
ID=106aea17-6faa-48f3-8504-d5b701727b96, File=d:\jenkins\ci_builder2\windowsbuild2\platform\src\rserver\src\rmngrcalls.cpp(364)'
56:42.295001-0,EXCP,2,process=rphost,p:processName=bi_bk3wk1_prod_01,OSThread=4424,t:clientID=2530,t:applicationName=BackgroundJob,t:computerName=DC2BUHAPP11,t:connectID=9933,SessionID=64347,Usr=Джамбурчина Раушан Баймурзовна,Exception=60c686dc-798f-4d17-aadb-a90156a16eb8,Descr='src\rserver\src\serverjobexecutor.cpp(1095):
60c686dc-798f-4d17-aadb-a90156a16eb8: Сеанс отсутствует или удален
ID=106aea17-6faa-48f3-8504-d5b701727b96, File=d:\jenkins\ci_builder2\windowsbuild2\platform\src\rserver\src\rmngrcalls.cpp(364)'
56:42.295003-0,EXCP,3,process=rphost,p:processName=bi_bk3wk1_prod_01,OSThread=4424,t:clientID=2530,t:applicationName=BackgroundJob,t:computerName=DC2BUHAPP11,t:connectID=9933,SessionID=64347,Usr=Джамбурчина Раушан Баймурзовна,Exception=SeanceContextException,Descr='Сеанс отсутствует или удален
ID=106aea17-6faa-48f3-8504-d5b701727b96, File=d:\jenkins\ci_builder2\windowsbuild2\platform\src\rserver\src\clusterdistribimpl.cpp(1439)'
56:42.295005-0,EXCP,2,process=rphost,p:processName=bi_bk3wk1_prod_01,OSThread=4424,t:clientID=2530,t:applicationName=BackgroundJob,t:computerName=DC2BUHAPP11,t:connectID=9933,SessionID=64347,Usr=Джамбурчина Раушан Баймурзовна,Exception=60c686dc-798f-4d17-aadb-a90156a16eb8,Descr='src\rserver\src\rmngrcalls.cpp(476):
60c686dc-798f-4d17-aadb-a90156a16eb8: Сеанс отсутствует или удален
ID=106aea17-6faa-48f3-8504-d5b701727b96, File=d:\jenkins\ci_builder2\windowsbuild2\platform\src\rserver\src\clusterdistribimpl.cpp(1439)'
56:42.498000-0,EXCP,2,process=rphost,p:processName=bi_bk3wk1_prod_01,OSThread=4424,t:clientID=2530,t:applicationName=BackgroundJob,t:computerName=DC2BUHAPP11,t:connectID=9933,SessionID=64347,Usr=Джамбурчина Раушан Баймурзовна,Exception=SeanceContextException,Descr='Сеанс отсутствует или удален
ID=106aea17-6faa-48f3-8504-d5b701727b96, File=d:\jenkins\ci_builder2\windowsbuild2\platform\src\rserver\src\rmngrcalls.cpp(364)'
57:18.702020-0,EXCP,0,process=rphost,OSThread=6576,ClientID=313,Exception=NetDataExchangeException,Descr='server_addr=(2)10.224.32.210:55082 descr=2(0x00000002): Не удается найти указанный файл.  line=1149 file=d:\jenkins\ci_builder2\windowsbuild2\platform\src\rtrsrvc\src\dataexchangeserverimpl.cpp'
57:18.702023-0,EXCPCNTX,0,ClientComputerName=,ServerComputerName=,UserName=,ConnectString=
