00:15.607017-14233998,CALL,1,process=rphost,t:clientID=4768,Usr=DefUser,SessionID=1546,p:processName=bi_usp_prod_01,Func=Background job,Module=BI_УправлениеТранспортомОперативный,Method=BI_РасчетФактическойСтоимостиПоНаемномуТранспорту,Memory=208917,MemoryPeak=3655245,InBytes=1892038,OutBytes=9319307
04:38.001018-22499987,CALL,1,process=rphost,t:clientID=4783,Usr=DefUser,SessionID=1547,p:processName=bi_usp_prod_01,Func=Background job,Module=BI_ОбменДаннымиМеханизация,Method=BI_ОтправкаЖурналовВЦДСПарк,Memory=-874507,MemoryPeak=3347326,InBytes=733004,OutBytes=1262154
04:38.344021-22625002,CALL,1,process=rphost,t:clientID=4784,Usr=DefUser,SessionID=1550(1546),p:processName=bi_usp_prod_01,Func=Background job,Module=ИНАГРО_ОбменСПорталом,Method=ИНАГРО_ОбменДаннымиСПорталомПоУзлу,Memory=70698,MemoryPeak=6967294,InBytes=1890289,OutBytes=3293162
04:54.594000-38858945,CALL,1,process=rphost,t:clientID=4786,Usr=DefUser,SessionID=1549(1546),p:processName=bi_usp_prod_01,Func=Background job,Module=ИНАГРО_ОбменСПорталом,Method=ИНАГРО_ОбменДаннымиСПорталомПоУзлу,Memory=-64765,MemoryPeak=49547657,InBytes=41437775,OutBytes=47255952
05:39.876026-44046994,CALL,1,process=rphost,t:clientID=4787,Usr=DefUser,SessionID=1546,p:processName=bi_usp_prod_01,Func=Background job,Module=BI_ОбменСAPI,Method=BI_ВыгрузкаВOperaBuild,Memory=-12842694,MemoryPeak=683394469,InBytes=1526862,OutBytes=41028169
06:24.719000-43577973,CALL,1,process=rphost,t:clientID=4788,Usr=DefUser,SessionID=1546,p:processName=bi_usp_prod_01,Func=Background job,Module=BI_ОбменСAPI,Method=BI_ВыгрузкаВOperaBuild,Memory=-9314324,MemoryPeak=686922751,InBytes=1527763,OutBytes=41028387
07:09.501032-44094011,CALL,1,process=rphost,t:clientID=4789,Usr=DefUser,SessionID=1546,p:processName=bi_usp_prod_01,Func=Background job,Module=BI_ОбменСAPI,Method=BI_ВыгрузкаВOperaBuild,Memory=-1634232,MemoryPeak=694602843,InBytes=1527763,OutBytes=41055502
07:53.923003-44124980,CALL,1,process=rphost,t:clientID=4790,Usr=DefUser,SessionID=1546,p:processName=bi_usp_prod_01,Func=Background job,Module=BI_ОбменСAPI,Method=BI_ВыгрузкаВOperaBuild,Memory=-8603382,MemoryPeak=687633885,InBytes=1527763,OutBytes=40704216
09:37.910042-22062955,CALL,1,process=rphost,t:clientID=4796,Usr=DefUser,SessionID=1546,p:processName=bi_usp_prod_01,Func=Background job,Module=BI_ОбменДаннымиМеханизация,Method=BI_ОтправкаЖурналовВЦДСПарк,Memory=566434,MemoryPeak=4760760,InBytes=734043,OutBytes=746672
09:38.707053-22562960,CALL,1,process=rphost,t:clientID=4802,Usr=DefUser,SessionID=1548(1548),p:processName=bi_usp_prod_01,Func=Background job,Module=ИНАГРО_ОбменСПорталом,Method=ИНАГРО_ОбменДаннымиСПорталомПоУзлу,Memory=-1718,MemoryPeak=6894878,InBytes=731957,OutBytes=1944603
09:53.457028-37281004,CALL,1,process=rphost,t:clientID=4803,Usr=DefUser,SessionID=1549(1548),p:processName=bi_usp_prod_01,Func=Background job,Module=ИНАГРО_ОбменСПорталом,Method=ИНАГРО_ОбменДаннымиСПорталомПоУзлу,Memory=631260,MemoryPeak=49497739,InBytes=42670785,OutBytes=52214267
14:21.522016-33673992,CALL,1,process=rphost,p:processName=bi_usp_prod_01,t:clientID=4571,t:applicationName=1CV8C,t:computerName=DC3RDSH23,t:connectID=4504,Usr=ӘбеноваЖТ_940927450622,SessionID=1545,Context=Система.ПолучитьФорму : ОбщаяФорма.ПечатьДокументов,Interface=bc15bd01-10bf-413c-a856-ddc907fcd123,IName=IVResourceRemoteConnection,Method=0,CallID=25893,MName=send,Memory=5655372,MemoryPeak=118081781,InBytes=266,OutBytes=22200723
14:38.257028-22671923,CALL,1,process=rphost,t:clientID=4815,Usr=DefUser,SessionID=1550(1547),p:processName=bi_usp_prod_01,Func=Background job,Module=ИНАГРО_ОбменСПорталом,Method=ИНАГРО_ОбменДаннымиСПорталомПоУзлу,Memory=75285,MemoryPeak=6986747,InBytes=1891456,OutBytes=3816029
14:39.882040-24500015,CALL,1,process=rphost,t:clientID=4809,Usr=DefUser,SessionID=1546,p:processName=bi_usp_prod_01,Func=Background job,Module=BI_ОбменДаннымиМеханизация,Method=BI_ОтправкаЖурналовВЦДСПарк,Memory=-240552,MemoryPeak=3953622,InBytes=732103,OutBytes=746209
14:54.617050-39017005,CALL,1,process=rphost,t:clientID=4816,Usr=DefUser,SessionID=1549(1547),p:processName=bi_usp_prod_01,Func=Background job,Module=ИНАГРО_ОбменСПорталом,Method=ИНАГРО_ОбменДаннымиСПорталомПоУзлу,Memory=6963,MemoryPeak=49505102,InBytes=41437509,OutBytes=50762484
19:37.074057-21969032,CALL,1,process=rphost,t:clientID=4825,Usr=DefUser,SessionID=1548,p:processName=bi_usp_prod_01,Func=Background job,Module=BI_ОбменДаннымиМеханизация,Method=BI_ОтправкаЖурналовВЦДСПарк,Memory=69736,MemoryPeak=4263910,InBytes=1891336,OutBytes=3142185
19:37.777085-22437044,CALL,1,process=rphost,t:clientID=4829,Usr=DefUser,SessionID=1549(1546),p:processName=bi_usp_prod_01,Func=Background job,Module=ИНАГРО_ОбменСПорталом,Method=ИНАГРО_ОбменДаннымиСПорталомПоУзлу,Memory=-2192,MemoryPeak=6894410,InBytes=1890289,OutBytes=3293162
19:53.715016-38359950,CALL,1,process=rphost,t:clientID=4830,Usr=DefUser,SessionID=1550(1546),p:processName=bi_usp_prod_01,Func=Background job,Module=ИНАГРО_ОбменСПорталом,Method=ИНАГРО_ОбменДаннымиСПорталомПоУзлу,Memory=1087961,MemoryPeak=49492049,InBytes=42595575,OutBytes=52762676
22:55.409005-45936950,CALL,1,process=rphost,t:clientID=4832,Usr=DefUser,SessionID=1546,p:processName=bi_usp_prod_01,Func=Background job,Module=BI_ОбменСAPI,Method=BI_ВыгрузкаВOperaBuild,Memory=-25167062,MemoryPeak=666875813,InBytes=1527763,OutBytes=41027228
23:39.956011-44030992,CALL,1,process=rphost,t:clientID=4836,Usr=DefUser,SessionID=1546,p:processName=bi_usp_prod_01,Func=Background job,Module=BI_ОбменСAPI,Method=BI_ВыгрузкаВOperaBuild,Memory=-13362102,MemoryPeak=678680589,InBytes=1527763,OutBytes=40962876
24:25.534043-44203027,CALL,1,process=rphost,t:clientID=4838,Usr=DefUser,SessionID=1546,p:processName=bi_usp_prod_01,Func=Background job,Module=BI_ОбменСAPI,Method=BI_ВыгрузкаВOperaBuild,Memory=-27265738,MemoryPeak=668971337,InBytes=1526089,OutBytes=40991111
24:38.050005-22421993,CALL,1,process=rphost,t:clientID=4839,Usr=DefUser,SessionID=1548,p:processName=bi_usp_prod_01,Func=Background job,Module=BI_ОбменДаннымиМеханизация,Method=BI_ОтправкаЖурналовВЦДСПарк,Memory=153187,MemoryPeak=4347425,InBytes=733004,OutBytes=746452
24:38.347024-22485009,CALL,1,process=rphost,t:clientID=4844,Usr=DefUser,SessionID=1550(1547),p:processName=bi_usp_prod_01,Func=Background job,Module=ИНАГРО_ОбменСПорталом,Method=ИНАГРО_ОбменДаннымиСПорталомПоУзлу,Memory=-497,MemoryPeak=6896105,InBytes=1890289,OutBytes=3293162
24:54.191084-38313042,CALL,1,process=rphost,t:clientID=4845,Usr=DefUser,SessionID=1551(1547),p:processName=bi_usp_prod_01,Func=Background job,Module=ИНАГРО_ОбменСПорталом,Method=ИНАГРО_ОбменДаннымиСПорталомПоУзлу,Memory=-487277,MemoryPeak=49564209,InBytes=42595841,OutBytes=54695722
25:11.409013-44671987,CALL,1,process=rphost,t:clientID=4848,Usr=DefUser,SessionID=1552,p:processName=bi_usp_prod_01,Func=Background job,Module=BI_ОбменСAPI,Method=BI_ВыгрузкаВOperaBuild,Memory=-16825816,MemoryPeak=675216875,InBytes=1526089,OutBytes=41551767
29:38.430033-22187971,CALL,1,process=rphost,t:clientID=4854,Usr=DefUser,SessionID=1548,p:processName=bi_usp_prod_01,Func=Background job,Module=BI_ОбменДаннымиМеханизация,Method=BI_ОтправкаЖурналовВЦДСПарк,Memory=-1267528,MemoryPeak=4033027,InBytes=1891336,OutBytes=3250653
29:38.977024-22437920,CALL,1,process=rphost,t:clientID=4859,Usr=DefUser,SessionID=1549(1546),p:processName=bi_usp_prod_01,Func=Background job,Module=ИНАГРО_ОбменСПорталом,Method=ИНАГРО_ОбменДаннымиСПорталомПоУзлу,Memory=-2453,MemoryPeak=6894149,InBytes=1890289,OutBytes=3293162
29:55.010014-38439004,CALL,1,process=rphost,t:clientID=4860,Usr=DefUser,SessionID=1550(1546),p:processName=bi_usp_prod_01,Func=Background job,Module=ИНАГРО_ОбменСПорталом,Method=ИНАГРО_ОбменДаннымиСПорталомПоУзлу,Memory=-247181,MemoryPeak=49598902,InBytes=42671051,OutBytes=52632487
34:39.894089-22110076,CALL,1,process=rphost,t:clientID=4872,Usr=DefUser,SessionID=1547,p:processName=bi_usp_prod_01,Func=Background job,Module=BI_ОбменДаннымиМеханизация,Method=BI_ОтправкаЖурналовВЦДСПарк,Memory=79946,MemoryPeak=4274450,InBytes=733270,OutBytes=1270252
34:40.612049-22531017,CALL,1,process=rphost,t:clientID=4875,Usr=DefUser,SessionID=1549(1546),p:processName=bi_usp_prod_01,Func=Background job,Module=ИНАГРО_ОбменСПорталом,Method=ИНАГРО_ОбменДаннымиСПорталомПоУзлу,Memory=442080,MemoryPeak=8112029,InBytes=731957,OutBytes=897429
34:56.395044-38283029,CALL,1,process=rphost,t:clientID=4876,Usr=DefUser,SessionID=1550(1546),p:processName=bi_usp_prod_01,Func=Background job,Module=ИНАГРО_ОбменСПорталом,Method=ИНАГРО_ОбменДаннымиСПорталомПоУзлу,Memory=-223958,MemoryPeak=49323739,InBytes=42595841,OutBytes=52580866
39:40.202082-23125042,CALL,1,process=rphost,t:clientID=4881,Usr=DefUser,SessionID=1546,p:processName=bi_usp_prod_01,Func=Background job,Module=BI_ОбменДаннымиМеханизация,Method=BI_ОтправкаЖурналовВЦДСПарк,Memory=-2984,MemoryPeak=4187628,InBytes=1892237,OutBytes=3142428
39:42.827024-25328993,CALL,1,process=rphost,t:clientID=4887,Usr=DefUser,SessionID=1547(1548),p:processName=bi_usp_prod_01,Func=Background job,Module=ИНАГРО_ОбменСПорталом,Method=ИНАГРО_ОбменДаннымиСПорталомПоУзлу,Memory=-4648,MemoryPeak=6891952,InBytes=1890289,OutBytes=3293162
40:00.936024-43406015,CALL,1,process=rphost,t:clientID=4888,Usr=DefUser,SessionID=1548(1548),p:processName=bi_usp_prod_01,Func=Background job,Module=ИНАГРО_ОбменСПорталом,Method=ИНАГРО_ОбменДаннымиСПорталомПоУзлу,Memory=13625432,MemoryPeak=49496929,InBytes=42596476,OutBytes=53404066
40:10.483039-44344022,CALL,1,process=rphost,t:clientID=4889,Usr=DefUser,SessionID=1549,p:processName=bi_usp_prod_01,Func=Background job,Module=BI_ОбменСAPI,Method=BI_ВыгрузкаВOperaBuild,Memory=-25173850,MemoryPeak=666869049,InBytes=1526089,OutBytes=43196506
40:55.530000-45031982,CALL,1,process=rphost,t:clientID=4890,Usr=DefUser,SessionID=1546,p:processName=bi_usp_prod_01,Func=Background job,Module=BI_ОбменСAPI,Method=BI_ВыгрузкаВOperaBuild,Memory=-20974003,MemoryPeak=675263072,InBytes=1526862,OutBytes=40720789
41:40.061034-43172026,CALL,1,process=rphost,t:clientID=4891,Usr=DefUser,SessionID=1546,p:processName=bi_usp_prod_01,Func=Background job,Module=BI_ОбменСAPI,Method=BI_ВыгрузкаВOperaBuild,Memory=-260473,MemoryPeak=691782218,InBytes=1527805,OutBytes=42803345
42:24.061026-43859003,CALL,1,process=rphost,t:clientID=4892,Usr=DefUser,SessionID=1546,p:processName=bi_usp_prod_01,Func=Background job,Module=BI_ОбменСAPI,Method=BI_ВыгрузкаВOperaBuild,Memory=-2416,MemoryPeak=696234779,InBytes=1527805,OutBytes=40687125
44:39.547033-22125017,CALL,1,process=rphost,t:clientID=4897,Usr=DefUser,SessionID=1548,p:processName=bi_usp_prod_01,Func=Background job,Module=BI_ОбменДаннымиМеханизация,Method=BI_ОтправкаЖурналовВЦДСПарк,Memory=145020,MemoryPeak=4339194,InBytes=549630,OutBytes=988248
44:40.125021-22453009,CALL,1,process=rphost,t:clientID=4903,Usr=DefUser,SessionID=1549(1546),p:processName=bi_usp_prod_01,Func=Background job,Module=ИНАГРО_ОбменСПорталом,Method=ИНАГРО_ОбменДаннымиСПорталомПоУзлу,Memory=-508,MemoryPeak=6896094,InBytes=1890289,OutBytes=3293162
44:55.345021-37656956,CALL,1,process=rphost,t:clientID=4904,Usr=DefUser,SessionID=1550(1546),p:processName=bi_usp_prod_01,Func=Background job,Module=ИНАГРО_ОбменСПорталом,Method=ИНАГРО_ОбменДаннымиСПорталомПоУзлу,Memory=-746317,MemoryPeak=49496086,InBytes=42595841,OutBytes=53619469
49:41.118032-22203004,CALL,1,process=rphost,t:clientID=4913,Usr=DefUser,SessionID=1548,p:processName=bi_usp_prod_01,Func=Background job,Module=BI_ОбменДаннымиМеханизация,Method=BI_ОтправкаЖурналовВЦДСПарк,Memory=76630,MemoryPeak=4270804,InBytes=1891336,OutBytes=3142185
49:43.915000-24702984,CALL,1,process=rphost,t:clientID=4918,Usr=DefUser,SessionID=1550(1547),p:processName=bi_usp_prod_01,Func=Background job,Module=ИНАГРО_ОбменСПорталом,Method=ИНАГРО_ОбменДаннымиСПорталомПоУзлу,Memory=4130,MemoryPeak=6900732,InBytes=1890289,OutBytes=3293162
49:59.668077-40425069,CALL,1,process=rphost,t:clientID=4919,Usr=DefUser,SessionID=1549(1547),p:processName=bi_usp_prod_01,Func=Background job,Module=ИНАГРО_ОбменСПорталом,Method=ИНАГРО_ОбменДаннымиСПорталомПоУзлу,Memory=225228,MemoryPeak=49718693,InBytes=41512719,OutBytes=48117058
54:40.442001-22108991,CALL,1,process=rphost,t:clientID=4927,Usr=DefUser,SessionID=1547,p:processName=bi_usp_prod_01,Func=Background job,Module=BI_ОбменДаннымиМеханизация,Method=BI_ОтправкаЖурналовВЦДСПарк,Memory=161024,MemoryPeak=4352250,InBytes=1892503,OutBytes=3142428
54:41.208024-22625012,CALL,1,process=rphost,t:clientID=4932,Usr=DefUser,SessionID=1550(1546),p:processName=bi_usp_prod_01,Func=Background job,Module=ИНАГРО_ОбменСПорталом,Method=ИНАГРО_ОбменДаннымиСПорталомПоУзлу,Memory=-2663,MemoryPeak=6893939,InBytes=1890289,OutBytes=4019105
54:57.117053-38519015,CALL,1,process=rphost,t:clientID=4933,Usr=DefUser,SessionID=1549(1546),p:processName=bi_usp_prod_01,Func=Background job,Module=ИНАГРО_ОбменСПорталом,Method=ИНАГРО_ОбменДаннымиСПорталомПоУзлу,Memory=551873,MemoryPeak=49502087,InBytes=41437509,OutBytes=50828768
57:24.694013-43186948,CALL,1,process=rphost,t:clientID=4937,Usr=DefUser,SessionID=1546,p:processName=bi_usp_prod_01,Func=Background job,Module=BI_ОбменСAPI,Method=BI_ВыгрузкаВOperaBuild,Memory=-28832444,MemoryPeak=663210311,InBytes=1527763,OutBytes=41033255
58:07.883009-43126990,CALL,1,process=rphost,t:clientID=4938,Usr=DefUser,SessionID=1546,p:processName=bi_usp_prod_01,Func=Background job,Module=BI_ОбменСAPI,Method=BI_ВыгрузкаВOperaBuild,Memory=-35226410,MemoryPeak=661010665,InBytes=1527763,OutBytes=40934784
58:51.274028-43203019,CALL,1,process=rphost,t:clientID=4941,Usr=DefUser,SessionID=1546,p:processName=bi_usp_prod_01,Func=Background job,Module=BI_ОбменСAPI,Method=BI_ВыгрузкаВOperaBuild,Memory=-21185007,MemoryPeak=675052068,InBytes=1526862,OutBytes=40935837
59:37.704087-45211074,CALL,1,process=rphost,t:clientID=4942,Usr=DefUser,SessionID=1546,p:processName=bi_usp_prod_01,Func=Background job,Module=BI_ОбменСAPI,Method=BI_ВыгрузкаВOperaBuild,Memory=-16799578,MemoryPeak=675243177,InBytes=1527763,OutBytes=41417954
59:40.672018-21984005,CALL,1,process=rphost,t:clientID=4943,Usr=DefUser,SessionID=1547,p:processName=bi_usp_prod_01,Func=Background job,Module=BI_ОбменДаннымиМеханизация,Method=BI_ОтправкаЖурналовВЦДСПарк,Memory=1342,MemoryPeak=4195516,InBytes=1893010,OutBytes=3664024
59:41.579076-22563046,CALL,1,process=rphost,t:clientID=4949,Usr=DefUser,SessionID=1548(1549),p:processName=bi_usp_prod_01,Func=Background job,Module=ИНАГРО_ОбменСПорталом,Method=ИНАГРО_ОбменДаннымиСПорталомПоУзлу,Memory=-3360,MemoryPeak=6893242,InBytes=1890289,OutBytes=3293162
59:58.485011-39437989,CALL,1,process=rphost,t:clientID=4950,Usr=DefUser,SessionID=1549(1549),p:processName=bi_usp_prod_01,Func=Background job,Module=ИНАГРО_ОбменСПорталом,Method=ИНАГРО_ОбменДаннымиСПорталомПоУзлу,Memory=-43798,MemoryPeak=49491009,InBytes=42595575,OutBytes=53720299
