01:37.677018-79609011,CALL,1,process=rphost,t:clientID=4560,Usr=DefUser,SessionID=1546,p:processName=bi_usp_prod_01,Func=Background job,Module=BI_ОбменСAPI,Method=BI_ВыгрузкаВOperaBuild,Memory=-16441306,MemoryPeak=714737833,InBytes=113559765,OutBytes=115138213
01:58.355053-58006033,CALL,1,process=rphost,t:clientID=4563,Usr=DefUser,SessionID=1547,p:processName=bi_usp_prod_01,Func=Background job,Module=BI_УправлениеТранспортомОперативный,Method=BI_СозданиеЖурналовУчетаТранспорта,Memory=3529012,MemoryPeak=9772737,InBytes=3264886,OutBytes=6927421
04:15.344016-10250010,CALL,1,process=rphost,p:processName=bi_usp_prod_01,t:clientID=3435,t:applicationName=1CV8C,t:computerName=DC3RDSH18,t:connectID=3237,Usr=НорбаевМС_910427350078,SessionID=1418,Context=Форма.Вызов : Обработка.ИнтеграцияС1СДокументооборот.Форма.ЗадачиМне.Модуль.ОбновитьСписокЗадачНаСервере,Interface=bc15bd01-10bf-413c-a856-ddc907fcd123,IName=IVResourceRemoteConnection,Method=0,CallID=25719,MName=send,Memory=1371843,MemoryPeak=6093089,InBytes=0,OutBytes=0
04:47.219030-36671997,CALL,1,process=rphost,t:clientID=4579,Usr=DefUser,SessionID=1548(1548),p:processName=bi_usp_prod_01,Func=Background job,Module=ИНАГРО_ОбменСПорталом,Method=ИНАГРО_ОбменДаннымиСПорталомПоУзлу,Memory=-8509510,MemoryPeak=57866600,InBytes=44431965,OutBytes=58380273
09:39.617048-28625012,CALL,1,process=rphost,t:clientID=4599,Usr=DefUser,SessionID=1548(1547),p:processName=bi_usp_prod_01,Func=Background job,Module=ИНАГРО_ОбменСПорталом,Method=ИНАГРО_ОбменДаннымиСПорталомПоУзлу,Memory=-46772,MemoryPeak=62208757,InBytes=44462108,OutBytes=54986520
14:35.652042-24281041,CALL,1,process=rphost,t:clientID=4620,Usr=DefUser,SessionID=1549(1548),p:processName=bi_usp_prod_01,Func=Background job,Module=ИНАГРО_ОбменСПорталом,Method=ИНАГРО_ОбменДаннымиСПорталомПоУзлу,Memory=-8326528,MemoryPeak=62078960,InBytes=44382395,OutBytes=53374764
16:38.293043-79578034,CALL,1,process=rphost,t:clientID=4624,Usr=DefUser,SessionID=1547,p:processName=bi_usp_prod_01,Func=Background job,Module=BI_ОбменСAPI,Method=BI_ВыгрузкаВOperaBuild,Memory=-123214124,MemoryPeak=674090553,InBytes=114718097,OutBytes=117267923
19:10.090006-10672001,CALL,1,process=rphost,p:processName=bi_usp_prod_01,t:clientID=4528,t:applicationName=1CV8C,t:computerName=DC3RDSH22,t:connectID=4480,Usr=ЖакеноваАА_950301450026,SessionID=1542,Context=Форма.Записать : Документ.ИНАГРО_АктОбИзменении.Форма.ФормаДокумента,Interface=bc15bd01-10bf-413c-a856-ddc907fcd123,IName=IVResourceRemoteConnection,Method=0,CallID=10201,MName=send,Memory=-159462,MemoryPeak=5397828,InBytes=146,OutBytes=580885
19:39.512000-27671938,CALL,1,process=rphost,t:clientID=4639,Usr=DefUser,SessionID=1550(1546),p:processName=bi_usp_prod_01,Func=Background job,Module=ИНАГРО_ОбменСПорталом,Method=ИНАГРО_ОбменДаннымиСПорталомПоУзлу,Memory=-4051,MemoryPeak=62064609,InBytes=44381194,OutBytes=55699328
24:38.838054-26016016,CALL,1,process=rphost,t:clientID=4657,Usr=DefUser,SessionID=1547(1546),p:processName=bi_usp_prod_01,Func=Background job,Module=ИНАГРО_ОбменСПорталом,Method=ИНАГРО_ОбменДаннымиСПорталомПоУзлу,Memory=-5393002,MemoryPeak=53686933,InBytes=44383959,OutBytes=54331361
29:35.564018-22671990,CALL,1,process=rphost,t:clientID=4671,Usr=DefUser,SessionID=1549(1547),p:processName=bi_usp_prod_01,Func=Background job,Module=ИНАГРО_ОбменСПорталом,Method=ИНАГРО_ОбменДаннымиСПорталомПоУзлу,Memory=442343,MemoryPeak=8110456,InBytes=1891190,OutBytes=3293405
29:51.423007-38483981,CALL,1,process=rphost,t:clientID=4672,Usr=DefUser,SessionID=1550(1547),p:processName=bi_usp_prod_01,Func=Background job,Module=ИНАГРО_ОбменСПорталом,Method=ИНАГРО_ОбменДаннымиСПорталомПоУзлу,Memory=682587,MemoryPeak=49491897,InBytes=42671317,OutBytes=51920354
31:04.363033-46266014,CALL,1,process=rphost,t:clientID=4673,Usr=DefUser,SessionID=1546,p:processName=bi_usp_prod_01,Func=Background job,Module=BI_ОбменСAPI,Method=BI_ВыгрузкаВOperaBuild,Memory=-16779678,MemoryPeak=683651717,InBytes=1527763,OutBytes=40667683
31:49.691050-45250033,CALL,1,process=rphost,t:clientID=4675,Usr=DefUser,SessionID=1548,p:processName=bi_usp_prod_01,Func=Background job,Module=BI_ОбменСAPI,Method=BI_ВыгрузкаВOperaBuild,Memory=-21204304,MemoryPeak=679227091,InBytes=1526089,OutBytes=40937814
32:36.832000-46000986,CALL,1,process=rphost,t:clientID=4676,Usr=DefUser,SessionID=1548,p:processName=bi_usp_prod_01,Func=Background job,Module=BI_ОбменСAPI,Method=BI_ВыгрузкаВOperaBuild,Memory=-22095882,MemoryPeak=678332985,InBytes=1527763,OutBytes=40736540
33:21.942047-44735027,CALL,1,process=rphost,t:clientID=4681,Usr=DefUser,SessionID=1548,p:processName=bi_usp_prod_01,Func=Background job,Module=BI_ОбменСAPI,Method=BI_ВыгрузкаВOperaBuild,Memory=-12873814,MemoryPeak=687557581,InBytes=1526862,OutBytes=41093527
34:34.176024-22125015,CALL,1,process=rphost,t:clientID=4690,Usr=DefUser,SessionID=1550,p:processName=bi_usp_prod_01,Func=Background job,Module=BI_ОбменДаннымиМеханизация,Method=BI_ОтправкаЖурналовВЦДСПарк,Memory=1024508,MemoryPeak=5218770,InBytes=1890435,OutBytes=3141942
34:34.786003-22531973,CALL,1,process=rphost,t:clientID=4694,Usr=DefUser,SessionID=1552(1548),p:processName=bi_usp_prod_01,Func=Background job,Module=ИНАГРО_ОбменСПорталом,Method=ИНАГРО_ОбменДаннымиСПорталомПоУзлу,Memory=-335448,MemoryPeak=6693732,InBytes=1890289,OutBytes=3536827
34:49.942005-37671991,CALL,1,process=rphost,t:clientID=4695,Usr=DefUser,SessionID=1551(1548),p:processName=bi_usp_prod_01,Func=Background job,Module=ИНАГРО_ОбменСПорталом,Method=ИНАГРО_ОбменДаннымиСПорталомПоУзлу,Memory=-8828314,MemoryPeak=53680861,InBytes=41254770,OutBytes=50025892
36:57.398004-18284004,CALL,1,process=rphost,p:processName=bi_usp_prod_01,t:clientID=4451,t:applicationName=1CV8C,t:computerName=DC3RDSH18,t:connectID=4422,Usr=ЖарқынбекНБ_950412351646,SessionID=1540,Context=Форма.Записать : Документ.ИНАГРО_УГПР.Форма.ФормаДокумента,Interface=bc15bd01-10bf-413c-a856-ddc907fcd123,IName=IVResourceRemoteConnection,Method=0,CallID=25444,MName=send,Memory=12722077,MemoryPeak=55314987,InBytes=540223,OutBytes=5844321
37:50.789051-410348032,CALL,1,process=rphost,t:clientID=4674,Usr=DefUser,SessionID=1547,p:processName=bi_usp_prod_01,Func=Background job,Module=BI_УправлениеТранспортомОперативный,Method=BI_СозданиеЖурналовУчетаТранспорта,Memory=3234352,MemoryPeak=9767958,InBytes=3252287,OutBytes=39738038
39:34.526033-22015973,CALL,1,process=rphost,t:clientID=4701,Usr=DefUser,SessionID=1547,p:processName=bi_usp_prod_01,Func=Background job,Module=BI_ОбменДаннымиМеханизация,Method=BI_ОтправкаЖурналовВЦДСПарк,Memory=1135849,MemoryPeak=5732042,InBytes=733905,OutBytes=746695
39:35.245018-22500009,CALL,1,process=rphost,t:clientID=4706,Usr=DefUser,SessionID=1549(1546),p:processName=bi_usp_prod_01,Func=Background job,Module=ИНАГРО_ОбменСПорталом,Method=ИНАГРО_ОбменДаннымиСПорталомПоУзлу,Memory=-4876,MemoryPeak=6893322,InBytes=731957,OutBytes=897429
39:53.338032-40577991,CALL,1,process=rphost,t:clientID=4707,Usr=DefUser,SessionID=1550(1546),p:processName=bi_usp_prod_01,Func=Background job,Module=ИНАГРО_ОбменСПорталом,Method=ИНАГРО_ОбменДаннымиСПорталомПоУзлу,Memory=-103226,MemoryPeak=66276704,InBytes=42595575,OutBytes=51040346
44:36.350034-22656017,CALL,1,process=rphost,t:clientID=4716,Usr=DefUser,SessionID=1548,p:processName=bi_usp_prod_01,Func=Background job,Module=BI_ОбменДаннымиМеханизация,Method=BI_ОтправкаЖурналовВЦДСПарк,Memory=-857401,MemoryPeak=3967516,InBytes=1892237,OutBytes=3142428
44:36.397024-22469021,CALL,1,process=rphost,t:clientID=4721,Usr=DefUser,SessionID=1549(1547),p:processName=bi_usp_prod_01,Func=Background job,Module=ИНАГРО_ОбменСПорталом,Method=ИНАГРО_ОбменДаннымиСПорталомПоУзлу,Memory=-1442,MemoryPeak=6894966,InBytes=1890289,OutBytes=3293162
44:53.850073-39906039,CALL,1,process=rphost,t:clientID=4722,Usr=DefUser,SessionID=1550(1547),p:processName=bi_usp_prod_01,Func=Background job,Module=ИНАГРО_ОбменСПорталом,Method=ИНАГРО_ОбменДаннымиСПорталомПоУзлу,Memory=-8237296,MemoryPeak=58035099,InBytes=42596107,OutBytes=52699403
48:23.016049-44766989,CALL,1,process=rphost,t:clientID=4727,Usr=DefUser,SessionID=1546,p:processName=bi_usp_prod_01,Func=Background job,Module=BI_ОбменСAPI,Method=BI_ВыгрузкаВOperaBuild,Memory=-50351894,MemoryPeak=645887245,InBytes=1527763,OutBytes=40746446
49:07.422017-43858985,CALL,1,process=rphost,t:clientID=4728,Usr=DefUser,SessionID=1546,p:processName=bi_usp_prod_01,Func=Background job,Module=BI_ОбменСAPI,Method=BI_ВыгрузкаВOperaBuild,Memory=-25170666,MemoryPeak=671066345,InBytes=1527763,OutBytes=41552777
49:36.140045-22172017,CALL,1,process=rphost,t:clientID=4735,Usr=DefUser,SessionID=1549,p:processName=bi_usp_prod_01,Func=Background job,Module=BI_ОбменДаннымиМеханизация,Method=BI_ОтправкаЖурналовВЦДСПарк,Memory=-483785,MemoryPeak=4026961,InBytes=1891336,OutBytes=3666460
49:38.984069-24766033,CALL,1,process=rphost,t:clientID=4739,Usr=DefUser,SessionID=1551(1547),p:processName=bi_usp_prod_01,Func=Background job,Module=ИНАГРО_ОбменСПорталом,Method=ИНАГРО_ОбменДаннымиСПорталомПоУзлу,Memory=441417,MemoryPeak=8111364,InBytes=1890289,OutBytes=3293162
49:53.718040-45796019,CALL,1,process=rphost,t:clientID=4733,Usr=DefUser,SessionID=1546,p:processName=bi_usp_prod_01,Func=Background job,Module=BI_ОбменСAPI,Method=BI_ВыгрузкаВOperaBuild,Memory=-25508800,MemoryPeak=666539314,InBytes=1527763,OutBytes=40504397
49:55.406035-41171940,CALL,1,process=rphost,t:clientID=4740,Usr=DefUser,SessionID=1550(1547),p:processName=bi_usp_prod_01,Func=Background job,Module=ИНАГРО_ОбменСПорталом,Method=ИНАГРО_ОбменДаннымиСПорталомПоУзлу,Memory=-8375064,MemoryPeak=57886360,InBytes=41512985,OutBytes=51959059
50:39.140017-43796982,CALL,1,process=rphost,t:clientID=4741,Usr=DefUser,SessionID=1551,p:processName=bi_usp_prod_01,Func=Background job,Module=BI_ОбменСAPI,Method=BI_ВыгрузкаВOperaBuild,Memory=-30830769,MemoryPeak=661212114,InBytes=1526862,OutBytes=40651258
54:36.456033-21985018,CALL,1,process=rphost,t:clientID=4747,Usr=DefUser,SessionID=1546,p:processName=bi_usp_prod_01,Func=Background job,Module=BI_ОбменДаннымиМеханизация,Method=BI_ОтправкаЖурналовВЦДСПарк,Memory=133226,MemoryPeak=4323838,InBytes=733777,OutBytes=746672
54:37.284020-22469009,CALL,1,process=rphost,t:clientID=4752,Usr=DefUser,SessionID=1549(1547),p:processName=bi_usp_prod_01,Func=Background job,Module=ИНАГРО_ОбменСПорталом,Method=ИНАГРО_ОбменДаннымиСПорталомПоУзлу,Memory=-4229,MemoryPeak=6892373,InBytes=1890289,OutBytes=3810899
54:52.081037-37250004,CALL,1,process=rphost,t:clientID=4753,Usr=DefUser,SessionID=1548(1547),p:processName=bi_usp_prod_01,Func=Background job,Module=ИНАГРО_ОбменСПорталом,Method=ИНАГРО_ОбменДаннымиСПорталомПоУзлу,Memory=-1054333,MemoryPeak=66270964,InBytes=42595575,OutBytes=52356381
56:16.239007-26251000,CALL,1,process=rphost,p:processName=bi_usp_prod_01,t:clientID=4571,t:applicationName=1CV8C,t:computerName=DC3RDSH23,t:connectID=4504,Usr=ӘбеноваЖТ_940927450622,SessionID=1545,Context=Система.ПолучитьФорму : ОбщаяФорма.ПечатьДокументов,Interface=bc15bd01-10bf-413c-a856-ddc907fcd123,IName=IVResourceRemoteConnection,Method=0,CallID=25792,MName=send,Memory=6668136,MemoryPeak=172507115,InBytes=1064,OutBytes=11218978
59:37.340049-22342981,CALL,1,process=rphost,t:clientID=4761,Usr=DefUser,SessionID=1548,p:processName=bi_usp_prod_01,Func=Background job,Module=BI_ОбменДаннымиМеханизация,Method=BI_ОтправкаЖурналовВЦДСПарк,Memory=1121007,MemoryPeak=5720850,InBytes=1891336,OutBytes=3142185
59:38.090027-22608958,CALL,1,process=rphost,t:clientID=4765,Usr=DefUser,SessionID=1549(1547),p:processName=bi_usp_prod_01,Func=Background job,Module=ИНАГРО_ОбменСПорталом,Method=ИНАГРО_ОбменДаннымиСПорталомПоУзлу,Memory=-369,MemoryPeak=6896231,InBytes=1890289,OutBytes=3293162
59:54.748032-39236010,CALL,1,process=rphost,t:clientID=4766,Usr=DefUser,SessionID=1550(1547),p:processName=bi_usp_prod_01,Func=Background job,Module=ИНАГРО_ОбменСПорталом,Method=ИНАГРО_ОбменДаннымиСПорталомПоУзлу,Memory=48107,MemoryPeak=49563682,InBytes=42595575,OutBytes=52875849
