00:40.032018-29469010,CALL,1,process=rphost,p:processName=bi_usp_prod_01,t:clientID=4386,t:applicationName=1CV8C,t:computerName=DC3RDSH23,t:connectID=4373,Usr=ЧерияздановаАК_950911450151,SessionID=1537,Context=Форма.Вызов : Обработка.ИнтеграцияС1СДокументооборот.Форма.ЗадачиМне.Модуль.ОбновитьСписокЗадачНаСервере,Interface=bc15bd01-10bf-413c-a856-ddc907fcd123,IName=IVResourceRemoteConnection,Method=0,CallID=20975,MName=send,Memory=606443,MemoryPeak=2174233,InBytes=0,OutBytes=0
00:44.891066-23891063,CALL,1,process=rphost,p:processName=bi_usp_prod_01,t:clientID=4073,t:applicationName=1CV8C,t:computerName=DC3RDSH23,t:connectID=3997,Usr=ЕсимжановаЖА_930911450851,SessionID=1510,Context=Форма.Вызов : Обработка.ИнтеграцияС1СДокументооборот.Форма.ЗадачиМне.Модуль.ОбновитьСписокЗадачНаСервере,Interface=bc15bd01-10bf-413c-a856-ddc907fcd123,IName=IVResourceRemoteConnection,Method=0,CallID=9667,MName=send,Memory=558874,MemoryPeak=1872734,InBytes=0,OutBytes=0
01:37.721028-27030990,CALL,1,process=rphost,p:processName=bi_usp_prod_01,t:clientID=4386,t:applicationName=1CV8C,t:computerName=DC3RDSH23,t:connectID=4373,Usr=ЧерияздановаАК_950911450151,SessionID=1537,Context=Форма.Вызов : Обработка.ИнтеграцияС1СДокументооборот.Форма.ЗадачиМне.Модуль.ОбновитьСписокЗадачНаСервере,Interface=bc15bd01-10bf-413c-a856-ddc907fcd123,IName=IVResourceRemoteConnection,Method=0,CallID=20980,MName=send,Memory=606438,MemoryPeak=1971303,InBytes=0,OutBytes=0
01:51.159004-30046990,CALL,1,process=rphost,p:processName=bi_usp_prod_01,t:clientID=4073,t:applicationName=1CV8C,t:computerName=DC3RDSH23,t:connectID=3997,Usr=ЕсимжановаЖА_930911450851,SessionID=1510,Context=Форма.Вызов : Обработка.ИнтеграцияС1СДокументооборот.Форма.ЗадачиМне.Модуль.ОбновитьСписокЗадачНаСервере,Interface=bc15bd01-10bf-413c-a856-ddc907fcd123,IName=IVResourceRemoteConnection,Method=0,CallID=9673,MName=send,Memory=526704,MemoryPeak=1713165,InBytes=0,OutBytes=0
02:40.832059-30079058,CALL,1,process=rphost,p:processName=bi_usp_prod_01,t:clientID=4386,t:applicationName=1CV8C,t:computerName=DC3RDSH23,t:connectID=4373,Usr=ЧерияздановаАК_950911450151,SessionID=1537,Context=Форма.Вызов : Обработка.ИнтеграцияС1СДокументооборот.Форма.ЗадачиМне.Модуль.ОбновитьСписокЗадачНаСервере,Interface=bc15bd01-10bf-413c-a856-ddc907fcd123,IName=IVResourceRemoteConnection,Method=0,CallID=20985,MName=send,Memory=350821,MemoryPeak=1537285,InBytes=0,OutBytes=0
04:41.419023-22125012,CALL,1,process=rphost,t:clientID=4966,Usr=DefUser,SessionID=1548,p:processName=bi_usp_prod_01,Func=Background job,Module=BI_ОбменДаннымиМеханизация,Method=BI_ОтправкаЖурналовВЦДСПарк,Memory=8623,MemoryPeak=4202799,InBytes=1891336,OutBytes=3761561
04:42.106021-22561982,CALL,1,process=rphost,t:clientID=4967,Usr=DefUser,SessionID=1549(1546),p:processName=bi_usp_prod_01,Func=Background job,Module=ИНАГРО_ОбменСПорталом,Method=ИНАГРО_ОбменДаннымиСПорталомПоУзлу,Memory=-3717,MemoryPeak=6892877,InBytes=1890289,OutBytes=3293162
04:57.470001-37894963,CALL,1,process=rphost,t:clientID=4968,Usr=DefUser,SessionID=1550(1546),p:processName=bi_usp_prod_01,Func=Background job,Module=ИНАГРО_ОбменСПорталом,Method=ИНАГРО_ОбменДаннымиСПорталомПоУзлу,Memory=47794,MemoryPeak=49497691,InBytes=42595841,OutBytes=53775140
09:42.788000-22108937,CALL,1,process=rphost,t:clientID=4973,Usr=DefUser,SessionID=1547,p:processName=bi_usp_prod_01,Func=Background job,Module=BI_ОбменДаннымиМеханизация,Method=BI_ОтправкаЖурналовВЦДСПарк,Memory=-537113,MemoryPeak=3966690,InBytes=1891336,OutBytes=3142185
09:43.397002-22483978,CALL,1,process=rphost,t:clientID=4979,Usr=DefUser,SessionID=1550(1546),p:processName=bi_usp_prod_01,Func=Background job,Module=ИНАГРО_ОбменСПорталом,Method=ИНАГРО_ОбменДаннымиСПорталомПоУзлу,Memory=8088,MemoryPeak=6904684,InBytes=1891190,OutBytes=3293405
10:00.163018-39233935,CALL,1,process=rphost,t:clientID=4980,Usr=DefUser,SessionID=1549(1546),p:processName=bi_usp_prod_01,Func=Background job,Module=ИНАГРО_ОбменСПорталом,Method=ИНАГРО_ОбменДаннымиСПорталомПоУзлу,Memory=113517,MemoryPeak=49482523,InBytes=41329345,OutBytes=51936286
14:36.904010-44109988,CALL,1,process=rphost,t:clientID=4986,Usr=DefUser,SessionID=1546,p:processName=bi_usp_prod_01,Func=Background job,Module=BI_ОбменСAPI,Method=BI_ВыгрузкаВOperaBuild,Memory=-8390662,MemoryPeak=683652181,InBytes=1527763,OutBytes=41028125
14:42.045079-22016055,CALL,1,process=rphost,t:clientID=4989,Usr=DefUser,SessionID=1547,p:processName=bi_usp_prod_01,Func=Background job,Module=BI_ОбменДаннымиМеханизация,Method=BI_ОтправкаЖурналовВЦДСПарк,Memory=126771,MemoryPeak=4321341,InBytes=734043,OutBytes=1269116
14:42.920074-22532060,CALL,1,process=rphost,t:clientID=4993,Usr=DefUser,SessionID=1550(1549),p:processName=bi_usp_prod_01,Func=Background job,Module=ИНАГРО_ОбменСПорталом,Method=ИНАГРО_ОбменДаннымиСПорталомПоУзлу,Memory=-4406,MemoryPeak=6892194,InBytes=731957,OutBytes=897429
14:58.873031-38453004,CALL,1,process=rphost,t:clientID=4994,Usr=DefUser,SessionID=1551(1549),p:processName=bi_usp_prod_01,Func=Background job,Module=ИНАГРО_ОбменСПорталом,Method=ИНАГРО_ОбменДаннымиСПорталомПоУзлу,Memory=548978,MemoryPeak=49500152,InBytes=42595841,OutBytes=55433087
15:21.201018-44046997,CALL,1,process=rphost,t:clientID=4995,Usr=DefUser,SessionID=1552,p:processName=bi_usp_prod_01,Func=Background job,Module=BI_ОбменСAPI,Method=BI_ВыгрузкаВOperaBuild,Memory=-13169250,MemoryPeak=678873561,InBytes=1526089,OutBytes=40569431
16:06.499017-43985986,CALL,1,process=rphost,t:clientID=4996,Usr=DefUser,SessionID=1546,p:processName=bi_usp_prod_01,Func=Background job,Module=BI_ОбменСAPI,Method=BI_ВыгрузкаВOperaBuild,Memory=-8702027,MemoryPeak=687535048,InBytes=1527763,OutBytes=40504397
16:51.155087-44281066,CALL,1,process=rphost,t:clientID=4997,Usr=DefUser,SessionID=1546,p:processName=bi_usp_prod_01,Func=Background job,Module=BI_ОбменСAPI,Method=BI_ВыгрузкаВOperaBuild,Memory=-918448,MemoryPeak=695318627,InBytes=1527763,OutBytes=41329101
19:43.472017-21985001,CALL,1,process=rphost,t:clientID=5007,Usr=DefUser,SessionID=1548,p:processName=bi_usp_prod_01,Func=Background job,Module=BI_ОбменДаннымиМеханизация,Method=BI_ОтправкаЖурналовВЦДСПарк,Memory=6406,MemoryPeak=4200646,InBytes=1890435,OutBytes=3665620
19:46.347053-24656952,CALL,1,process=rphost,t:clientID=5010,Usr=DefUser,SessionID=1549(1547),p:processName=bi_usp_prod_01,Func=Background job,Module=ИНАГРО_ОбменСПорталом,Method=ИНАГРО_ОбменДаннымиСПорталомПоУзлу,Memory=-9740,MemoryPeak=6885512,InBytes=731957,OutBytes=1419121
20:01.786016-40064003,CALL,1,process=rphost,t:clientID=5011,Usr=DefUser,SessionID=1550(1547),p:processName=bi_usp_prod_01,Func=Background job,Module=ИНАГРО_ОбменСПорталом,Method=ИНАГРО_ОбменДаннымиСПорталомПоУзлу,Memory=4202830,MemoryPeak=49505689,InBytes=42596518,OutBytes=53986242
24:43.996050-22062040,CALL,1,process=rphost,t:clientID=5020,Usr=DefUser,SessionID=1546,p:processName=bi_usp_prod_01,Func=Background job,Module=BI_ОбменДаннымиМеханизация,Method=BI_ОтправкаЖурналовВЦДСПарк,Memory=76741,MemoryPeak=4267355,InBytes=733777,OutBytes=746672
24:44.824043-22530943,CALL,1,process=rphost,t:clientID=5026,Usr=DefUser,SessionID=1547(1548),p:processName=bi_usp_prod_01,Func=Background job,Module=ИНАГРО_ОбменСПорталом,Method=ИНАГРО_ОбменДаннымиСПорталомПоУзлу,Memory=-4189,MemoryPeak=6892413,InBytes=1890289,OutBytes=3293162
25:00.153014-37828983,CALL,1,process=rphost,t:clientID=5027,Usr=DefUser,SessionID=1548(1548),p:processName=bi_usp_prod_01,Func=Background job,Module=ИНАГРО_ОбменСПорталом,Method=ИНАГРО_ОбменДаннымиСПорталомПоУзлу,Memory=33878,MemoryPeak=49494499,InBytes=42595841,OutBytes=53027834
29:44.969045-22531033,CALL,1,process=rphost,t:clientID=5038,Usr=DefUser,SessionID=1547,p:processName=bi_usp_prod_01,Func=Background job,Module=BI_ОбменДаннымиМеханизация,Method=BI_ОтправкаЖурналовВЦДСПарк,Memory=6361,MemoryPeak=4200537,InBytes=1892240,OutBytes=3142430
29:45.203003-22530981,CALL,1,process=rphost,t:clientID=5040,Usr=DefUser,SessionID=1549(1548),p:processName=bi_usp_prod_01,Func=Background job,Module=ИНАГРО_ОбменСПорталом,Method=ИНАГРО_ОбменДаннымиСПорталомПоУзлу,Memory=-592,MemoryPeak=6896010,InBytes=1890289,OutBytes=3293162
30:01.735011-39032004,CALL,1,process=rphost,t:clientID=5041,Usr=DefUser,SessionID=1548(1548),p:processName=bi_usp_prod_01,Func=Background job,Module=ИНАГРО_ОбменСПорталом,Method=ИНАГРО_ОбменДаннымиСПорталомПоУзлу,Memory=118458,MemoryPeak=49621979,InBytes=41512719,OutBytes=50950470
31:51.584030-44312023,CALL,1,process=rphost,t:clientID=5043,Usr=DefUser,SessionID=1546,p:processName=bi_usp_prod_01,Func=Background job,Module=BI_ОбменСAPI,Method=BI_ВыгрузкаВOperaBuild,Memory=-5359231,MemoryPeak=690877844,InBytes=1526089,OutBytes=40507348
32:38.100030-45422016,CALL,1,process=rphost,t:clientID=5044,Usr=DefUser,SessionID=1546,p:processName=bi_usp_prod_01,Func=Background job,Module=BI_ОбменСAPI,Method=BI_ВыгрузкаВOperaBuild,Memory=-8483929,MemoryPeak=691947586,InBytes=1527763,OutBytes=41748209
33:23.631094-44531087,CALL,1,process=rphost,t:clientID=5048,Usr=DefUser,SessionID=1546,p:processName=bi_usp_prod_01,Func=Background job,Module=BI_ОбменСAPI,Method=BI_ВыгрузкаВOperaBuild,Memory=-17051981,MemoryPeak=679185094,InBytes=1527763,OutBytes=41276255
34:09.084027-43593006,CALL,1,process=rphost,t:clientID=5050,Usr=DefUser,SessionID=1546,p:processName=bi_usp_prod_01,Func=Background job,Module=BI_ОбменСAPI,Method=BI_ВыгрузкаВOperaBuild,Memory=-16779150,MemoryPeak=679457861,InBytes=1526862,OutBytes=40836879
34:44.928059-21922037,CALL,1,process=rphost,t:clientID=5058,Usr=DefUser,SessionID=1547,p:processName=bi_usp_prod_01,Func=Background job,Module=BI_ОбменДаннымиМеханизация,Method=BI_ОтправкаЖурналовВЦДСПарк,Memory=5055,MemoryPeak=4199473,InBytes=1891474,OutBytes=3666391
34:45.803051-22530987,CALL,1,process=rphost,t:clientID=5059,Usr=DefUser,SessionID=1550(1548),p:processName=bi_usp_prod_01,Func=Background job,Module=ИНАГРО_ОбменСПорталом,Method=ИНАГРО_ОбменДаннымиСПорталомПоУзлу,Memory=-40858,MemoryPeak=6855742,InBytes=731957,OutBytes=1421549
35:00.834034-37531032,CALL,1,process=rphost,t:clientID=5060,Usr=DefUser,SessionID=1549(1548),p:processName=bi_usp_prod_01,Func=Background job,Module=ИНАГРО_ОбменСПорталом,Method=ИНАГРО_ОбменДаннымиСПорталомПоУзлу,Memory=-3659161,MemoryPeak=53699019,InBytes=42595841,OutBytes=52495776
39:46.528026-21984981,CALL,1,process=rphost,t:clientID=5068,Usr=DefUser,SessionID=1548,p:processName=bi_usp_prod_01,Func=Background job,Module=BI_ОбменДаннымиМеханизация,Method=BI_ОтправкаЖурналовВЦДСПарк,Memory=94993,MemoryPeak=4285583,InBytes=1891336,OutBytes=3142185
39:47.372072-22610055,CALL,1,process=rphost,t:clientID=5072,Usr=DefUser,SessionID=1549(1546),p:processName=bi_usp_prod_01,Func=Background job,Module=ИНАГРО_ОбменСПорталом,Method=ИНАГРО_ОбменДаннымиСПорталомПоУзлу,Memory=525,MemoryPeak=6895777,InBytes=731957,OutBytes=1487654
40:05.076019-40283004,CALL,1,process=rphost,t:clientID=5073,Usr=DefUser,SessionID=1550(1546),p:processName=bi_usp_prod_01,Func=Background job,Module=ИНАГРО_ОбменСПорталом,Method=ИНАГРО_ОбменДаннымиСПорталомПоУзлу,Memory=-8320874,MemoryPeak=57954011,InBytes=42595575,OutBytes=54882266
44:47.223054-22234041,CALL,1,process=rphost,t:clientID=5081,Usr=DefUser,SessionID=1548,p:processName=bi_usp_prod_01,Func=Background job,Module=BI_ОбменДаннымиМеханизация,Method=BI_ОтправкаЖурналовВЦДСПарк,Memory=74482,MemoryPeak=4266174,InBytes=1892237,OutBytes=3142428
44:47.754049-22547042,CALL,1,process=rphost,t:clientID=5087,Usr=DefUser,SessionID=1549(1547),p:processName=bi_usp_prod_01,Func=Background job,Module=ИНАГРО_ОбменСПорталом,Method=ИНАГРО_ОбменДаннымиСПорталомПоУзлу,Memory=403501,MemoryPeak=7298843,InBytes=1890289,OutBytes=3293162
45:04.928016-39704989,CALL,1,process=rphost,t:clientID=5088,Usr=DefUser,SessionID=1550(1547),p:processName=bi_usp_prod_01,Func=Background job,Module=ИНАГРО_ОбменСПорталом,Method=ИНАГРО_ОбменДаннымиСПорталомПоУзлу,Memory=-602309,MemoryPeak=49495970,InBytes=42595841,OutBytes=54566690
49:10.579022-44545926,CALL,1,process=rphost,t:clientID=5093,Usr=DefUser,SessionID=1546,p:processName=bi_usp_prod_01,Func=Background job,Module=BI_ОбменСAPI,Method=BI_ВыгрузкаВOperaBuild,Memory=-21638480,MemoryPeak=670404299,InBytes=1527763,OutBytes=41552176
49:46.657037-22156028,CALL,1,process=rphost,t:clientID=5100,Usr=DefUser,SessionID=1549,p:processName=bi_usp_prod_01,Func=Background job,Module=BI_ОбменДаннымиМеханизация,Method=BI_ОтправкаЖурналовВЦДСПарк,Memory=73888,MemoryPeak=4268064,InBytes=732103,OutBytes=746209
49:47.157044-22422033,CALL,1,process=rphost,t:clientID=5104,Usr=DefUser,SessionID=1550(1547),p:processName=bi_usp_prod_01,Func=Background job,Module=ИНАГРО_ОбменСПорталом,Method=ИНАГРО_ОбменДаннымиСПорталомПоУзлу,Memory=-652,MemoryPeak=6895948,InBytes=1890289,OutBytes=3293162
49:57.391064-46015049,CALL,1,process=rphost,t:clientID=5098,Usr=DefUser,SessionID=1546,p:processName=bi_usp_prod_01,Func=Background job,Module=BI_ОбменСAPI,Method=BI_ВыгрузкаВOperaBuild,Memory=-50462596,MemoryPeak=645779838,InBytes=1527763,OutBytes=40504397
50:02.782040-38031015,CALL,1,process=rphost,t:clientID=5105,Usr=DefUser,SessionID=1551(1547),p:processName=bi_usp_prod_01,Func=Background job,Module=ИНАГРО_ОбменСПорталом,Method=ИНАГРО_ОбменДаннымиСПорталомПоУзлу,Memory=4316687,MemoryPeak=53817359,InBytes=42671051,OutBytes=53715048
50:42.032003-44218983,CALL,1,process=rphost,t:clientID=5106,Usr=DefUser,SessionID=1552,p:processName=bi_usp_prod_01,Func=Background job,Module=BI_ОбменСAPI,Method=BI_ВыгрузкаВOperaBuild,Memory=-8456244,MemoryPeak=679392247,InBytes=1526862,OutBytes=40921163
51:29.422019-46218000,CALL,1,process=rphost,t:clientID=5107,Usr=DefUser,SessionID=1546,p:processName=bi_usp_prod_01,Func=Background job,Module=BI_ОбменСAPI,Method=BI_ВыгрузкаВOperaBuild,Memory=-2414,MemoryPeak=700429101,InBytes=1527763,OutBytes=42075606
54:48.457015-22468992,CALL,1,process=rphost,t:clientID=5115,Usr=DefUser,SessionID=1547,p:processName=bi_usp_prod_01,Func=Background job,Module=BI_ОбменДаннымиМеханизация,Method=BI_ОтправкаЖурналовВЦДСПарк,Memory=148150,MemoryPeak=4337722,InBytes=1891602,OutBytes=3723319
54:48.879021-22531985,CALL,1,process=rphost,t:clientID=5120,Usr=DefUser,SessionID=1548(1546),p:processName=bi_usp_prod_01,Func=Background job,Module=ИНАГРО_ОбменСПорталом,Method=ИНАГРО_ОбменДаннымиСПорталомПоУзлу,Memory=-734,MemoryPeak=6894518,InBytes=1890289,OutBytes=3293162
55:07.083046-40735938,CALL,1,process=rphost,t:clientID=5121,Usr=DefUser,SessionID=1549(1546),p:processName=bi_usp_prod_01,Func=Background job,Module=ИНАГРО_ОбменСПорталом,Method=ИНАГРО_ОбменДаннымиСПорталомПоУзлу,Memory=-3642866,MemoryPeak=53695988,InBytes=42595841,OutBytes=52770329
59:47.476057-22203047,CALL,1,process=rphost,t:clientID=5131,Usr=DefUser,SessionID=1548,p:processName=bi_usp_prod_01,Func=Background job,Module=BI_ОбменДаннымиМеханизация,Method=BI_ОтправкаЖурналовВЦДСПарк,Memory=73144,MemoryPeak=4266184,InBytes=1891336,OutBytes=3142185
59:48.023038-22500029,CALL,1,process=rphost,t:clientID=5135,Usr=DefUser,SessionID=1549(1546),p:processName=bi_usp_prod_01,Func=Background job,Module=ИНАГРО_ОбменСПорталом,Method=ИНАГРО_ОбменДаннымиСПорталомПоУзлу,Memory=-1996,MemoryPeak=6893256,InBytes=1890289,OutBytes=3293162
