00:04.087078-38548047,CALL,1,process=rphost,t:clientID=5136,Usr=DefUser,SessionID=1550(1546),p:processName=bi_usp_prod_01,Func=Background job,Module=ИНАГРО_ОбменСПорталом,Method=ИНАГРО_ОбменДаннымиСПорталомПоУзлу,Memory=-2650,MemoryPeak=57881105,InBytes=42595575,OutBytes=53274131
04:47.885061-22063032,CALL,1,process=rphost,t:clientID=5148,Usr=DefUser,SessionID=1546,p:processName=bi_usp_prod_01,Func=Background job,Module=BI_ОбменДаннымиМеханизация,Method=BI_ОтправкаЖурналовВЦДСПарк,Memory=-1069,MemoryPeak=4193107,InBytes=733777,OutBytes=746672
04:50.588040-24515972,CALL,1,process=rphost,t:clientID=5151,Usr=DefUser,SessionID=1548(1547),p:processName=bi_usp_prod_01,Func=Background job,Module=ИНАГРО_ОбменСПорталом,Method=ИНАГРО_ОбменДаннымиСПорталомПоУзлу,Memory=389278,MemoryPeak=7285962,InBytes=731957,OutBytes=897429
05:04.650006-113859006,CALL,1,process=rphost,p:processName=bi_usp_prod_01,t:clientID=4523,t:applicationName=1CV8C,t:computerName=DC3RDSH21,t:connectID=4477,Usr=КапсеновСК_980226350692,SessionID=1541,Context=Форма.СкомпоноватьРезультат : Отчет.BI_ВедомостьПотребностиВРесурсах.Форма.ФормаОтчета,Interface=bc15bd01-10bf-413c-a856-ddc907fcd123,IName=IVResourceRemoteConnection,Method=0,CallID=7246,MName=send,Memory=-2457355,MemoryPeak=9268522,InBytes=1347000,OutBytes=21749117
05:06.806042-40702993,CALL,1,process=rphost,t:clientID=5152,Usr=DefUser,SessionID=1547(1547),p:processName=bi_usp_prod_01,Func=Background job,Module=ИНАГРО_ОбменСПорталом,Method=ИНАГРО_ОбменДаннымиСПорталомПоУзлу,Memory=-8913538,MemoryPeak=57887349,InBytes=41437509,OutBytes=53008204
05:18.135035-15672028,CALL,1,process=rphost,t:clientID=5153,Usr=КапсеновСК_980226350692,SessionID=1548(1541),p:processName=bi_usp_prod_01,Func=Background report,Report=Отчет.BI_ВедомостьПотребностиВРесурсах,Memory=143270964,MemoryPeak=240801216,InBytes=3210944,OutBytes=4564456
07:42.791036-114594032,CALL,1,process=rphost,p:processName=bi_usp_prod_01,t:clientID=4523,t:applicationName=1CV8C,t:computerName=DC3RDSH21,t:connectID=4477,Usr=КапсеновСК_980226350692,SessionID=1541,Context=Форма.СкомпоноватьРезультат : Отчет.BI_ВедомостьПотребностиВРесурсах.Форма.ФормаОтчета,Interface=bc15bd01-10bf-413c-a856-ddc907fcd123,IName=IVResourceRemoteConnection,Method=0,CallID=7289,MName=send,Memory=490467795,MemoryPeak=500202818,InBytes=1346943,OutBytes=23153317
07:56.400025-16358941,CALL,1,process=rphost,t:clientID=5161,Usr=КапсеновСК_980226350692,SessionID=1546(1541),p:processName=bi_usp_prod_01,Func=Background report,Report=Отчет.BI_ВедомостьПотребностиВРесурсах,Memory=155933705,MemoryPeak=240899599,InBytes=3211803,OutBytes=4458089
09:48.463024-22203013,CALL,1,process=rphost,t:clientID=5167,Usr=DefUser,SessionID=1546,p:processName=bi_usp_prod_01,Func=Background job,Module=BI_ОбменДаннымиМеханизация,Method=BI_ОтправкаЖурналовВЦДСПарк,Memory=76836,MemoryPeak=4269664,InBytes=549630,OutBytes=383672
09:49.181061-22671017,CALL,1,process=rphost,t:clientID=5170,Usr=DefUser,SessionID=1548(1548),p:processName=bi_usp_prod_01,Func=Background job,Module=ИНАГРО_ОбменСПорталом,Method=ИНАГРО_ОбменДаннымиСПорталомПоУзлу,Memory=-120625,MemoryPeak=6774623,InBytes=1890289,OutBytes=3293162
10:05.073028-38532011,CALL,1,process=rphost,t:clientID=5171,Usr=DefUser,SessionID=1549(1548),p:processName=bi_usp_prod_01,Func=Background job,Module=ИНАГРО_ОбменСПорталом,Method=ИНАГРО_ОбменДаннымиСПорталомПоУзлу,Memory=-4070356,MemoryPeak=53813686,InBytes=42671051,OutBytes=52464875
14:49.859039-22047005,CALL,1,process=rphost,t:clientID=5178,Usr=DefUser,SessionID=1547,p:processName=bi_usp_prod_01,Func=Background job,Module=BI_ОбменДаннымиМеханизация,Method=BI_ОтправкаЖурналовВЦДСПарк,Memory=76535,MemoryPeak=4266195,InBytes=1892503,OutBytes=3142428
14:50.875030-22563019,CALL,1,process=rphost,t:clientID=5183,Usr=DefUser,SessionID=1548(1548),p:processName=bi_usp_prod_01,Func=Background job,Module=ИНАГРО_ОбменСПорталом,Method=ИНАГРО_ОбменДаннымиСПорталомПоУзлу,Memory=-780,MemoryPeak=6894472,InBytes=1890289,OutBytes=3817020
15:07.017039-38689013,CALL,1,process=rphost,t:clientID=5184,Usr=DefUser,SessionID=1549(1548),p:processName=bi_usp_prod_01,Func=Background job,Module=ИНАГРО_ОбменСПорталом,Method=ИНАГРО_ОбменДаннымиСПорталомПоУзлу,Memory=-52123,MemoryPeak=49453919,InBytes=42595841,OutBytes=54419910
19:49.222032-22016009,CALL,1,process=rphost,t:clientID=5192,Usr=DefUser,SessionID=1546,p:processName=bi_usp_prod_01,Func=Background job,Module=BI_ОбменДаннымиМеханизация,Method=BI_ОтправкаЖурналовВЦДСПарк,Memory=-218778,MemoryPeak=3974050,InBytes=733777,OutBytes=841986
19:50.003024-22546980,CALL,1,process=rphost,t:clientID=5197,Usr=DefUser,SessionID=1549(1547),p:processName=bi_usp_prod_01,Func=Background job,Module=ИНАГРО_ОбменСПорталом,Method=ИНАГРО_ОбменДаннымиСПорталомПоУзлу,Memory=444499,MemoryPeak=8109520,InBytes=1890289,OutBytes=3293162
20:05.645000-38172939,CALL,1,process=rphost,t:clientID=5198,Usr=DefUser,SessionID=1550(1547),p:processName=bi_usp_prod_01,Func=Background job,Module=ИНАГРО_ОбменСПорталом,Method=ИНАГРО_ОбменДаннымиСПорталомПоУзлу,Memory=-4235768,MemoryPeak=53690433,InBytes=42595575,OutBytes=53124084
24:49.707019-22030991,CALL,1,process=rphost,t:clientID=5205,Usr=DefUser,SessionID=1546,p:processName=bi_usp_prod_01,Func=Background job,Module=BI_ОбменДаннымиМеханизация,Method=BI_ОтправкаЖурналовВЦДСПарк,Memory=1227400,MemoryPeak=5824697,InBytes=733777,OutBytes=1270959
24:50.551048-22610016,CALL,1,process=rphost,t:clientID=5210,Usr=DefUser,SessionID=1550(1547),p:processName=bi_usp_prod_01,Func=Background job,Module=ИНАГРО_ОбменСПорталом,Method=ИНАГРО_ОбменДаннымиСПорталомПоУзлу,Memory=-292,MemoryPeak=6894960,InBytes=1890289,OutBytes=3293162
25:06.191045-38218013,CALL,1,process=rphost,t:clientID=5211,Usr=DefUser,SessionID=1549(1547),p:processName=bi_usp_prod_01,Func=Background job,Module=ИНАГРО_ОбменСПорталом,Method=ИНАГРО_ОбменДаннымиСПорталомПоУзлу,Memory=-843575,MemoryPeak=53690970,InBytes=42595617,OutBytes=52343838
29:50.586006-22390955,CALL,1,process=rphost,t:clientID=5217,Usr=DefUser,SessionID=1549,p:processName=bi_usp_prod_01,Func=Background job,Module=BI_ОбменДаннымиМеханизация,Method=BI_ОтправкаЖурналовВЦДСПарк,Memory=74426,MemoryPeak=4267318,InBytes=1891336,OutBytes=3142185
29:50.961035-22499999,CALL,1,process=rphost,t:clientID=5222,Usr=DefUser,SessionID=1548(1546),p:processName=bi_usp_prod_01,Func=Background job,Module=ИНАГРО_ОбменСПорталом,Method=ИНАГРО_ОбменДаннымиСПорталомПоУзлу,Memory=2148,MemoryPeak=6897400,InBytes=731957,OutBytes=897429
30:07.151000-38642985,CALL,1,process=rphost,t:clientID=5223,Usr=DefUser,SessionID=1550(1546),p:processName=bi_usp_prod_01,Func=Background job,Module=ИНАГРО_ОбменСПорталом,Method=ИНАГРО_ОбменДаннымиСПорталомПоУзлу,Memory=-4024955,MemoryPeak=53859453,InBytes=42671317,OutBytes=54146545
30:46.760032-22406017,CALL,1,process=rphost,p:processName=bi_usp_prod_01,t:clientID=4523,t:applicationName=1CV8C,t:computerName=DC3RDSH21,t:connectID=4477,Usr=КапсеновСК_980226350692,SessionID=1541,Context=Форма.СкомпоноватьРезультат : Отчет.BI_ВедомостьПотребностиВРесурсах.Форма.ФормаОтчета,Interface=bc15bd01-10bf-413c-a856-ddc907fcd123,IName=IVResourceRemoteConnection,Method=0,CallID=7809,MName=send,Memory=17143326,MemoryPeak=21971918,InBytes=5747711,OutBytes=9220743
34:50.809076-22078049,CALL,1,process=rphost,t:clientID=5235,Usr=DefUser,SessionID=1547,p:processName=bi_usp_prod_01,Func=Background job,Module=BI_ОбменДаннымиМеханизация,Method=BI_ОтправкаЖурналовВЦДСПарк,Memory=71656,MemoryPeak=4264814,InBytes=1892503,OutBytes=3142428
34:51.418035-22468985,CALL,1,process=rphost,t:clientID=5240,Usr=DefUser,SessionID=1549(1546),p:processName=bi_usp_prod_01,Func=Background job,Module=ИНАГРО_ОбменСПорталом,Method=ИНАГРО_ОбменДаннымиСПорталомПоУзлу,Memory=1169,MemoryPeak=6892771,InBytes=731957,OutBytes=897429
35:07.357026-38391970,CALL,1,process=rphost,t:clientID=5241,Usr=DefUser,SessionID=1550(1546),p:processName=bi_usp_prod_01,Func=Background job,Module=ИНАГРО_ОбменСПорталом,Method=ИНАГРО_ОбменДаннымиСПорталомПоУзлу,Memory=-12585967,MemoryPeak=62075068,InBytes=42595575,OutBytes=53273519
38:51.438061-10509620049,CALL,1,process=rphost,p:processName=bi_usp_prod_01,t:clientID=4544,t:applicationName=1CV8C,t:computerName=DC3RDSH22,t:connectID=4489,Usr=АйтиеваМИ_891202450483,SessionID=1544,Context=Форма.Вызов : ВнешняяОбработка.BI_АРМУГПР.Форма.Форма.Модуль.УдалитьНеиспользуемыеСправочникиНаСервере,Interface=bc15bd01-10bf-413c-a856-ddc907fcd123,IName=IVResourceRemoteConnection,Method=0,CallID=25884,MName=send,Memory=-1280179002,MemoryPeak=1151790787,InBytes=4735389,OutBytes=5381003
39:50.500090-22062055,CALL,1,process=rphost,t:clientID=5247,Usr=DefUser,SessionID=1547,p:processName=bi_usp_prod_01,Func=Background job,Module=BI_ОбменДаннымиМеханизация,Method=BI_ОтправкаЖурналовВЦДСПарк,Memory=3984,MemoryPeak=4196876,InBytes=1892237,OutBytes=3724402
39:53.438051-24765997,CALL,1,process=rphost,t:clientID=5253,Usr=DefUser,SessionID=1548(1546),p:processName=bi_usp_prod_01,Func=Background job,Module=ИНАГРО_ОбменСПорталом,Method=ИНАГРО_ОбменДаннымиСПорталомПоУзлу,Memory=431765,MemoryPeak=8101712,InBytes=731957,OutBytes=897429
40:09.125017-40436929,CALL,1,process=rphost,t:clientID=5254,Usr=DefUser,SessionID=1549(1546),p:processName=bi_usp_prod_01,Func=Background job,Module=ИНАГРО_ОбменСПорталом,Method=ИНАГРО_ОбменДаннымиСПорталомПоУзлу,Memory=20581,MemoryPeak=66289350,InBytes=42595841,OutBytes=52852391
44:50.080032-22000019,CALL,1,process=rphost,t:clientID=5260,Usr=DefUser,SessionID=1547,p:processName=bi_usp_prod_01,Func=Background job,Module=BI_ОбменДаннымиМеханизация,Method=BI_ОтправкаЖурналовВЦДСПарк,Memory=92674,MemoryPeak=4286850,InBytes=733004,OutBytes=1240163
44:50.861034-22546999,CALL,1,process=rphost,t:clientID=5265,Usr=DefUser,SessionID=1548(1548),p:processName=bi_usp_prod_01,Func=Background job,Module=ИНАГРО_ОбменСПорталом,Method=ИНАГРО_ОбменДаннымиСПорталомПоУзлу,Memory=1123541,MemoryPeak=8018881,InBytes=1890289,OutBytes=3293162
45:06.222000-37891945,CALL,1,process=rphost,t:clientID=5266,Usr=DefUser,SessionID=1549(1548),p:processName=bi_usp_prod_01,Func=Background job,Module=ИНАГРО_ОбменСПорталом,Method=ИНАГРО_ОбменДаннымиСПорталомПоУзлу,Memory=-2966,MemoryPeak=62076897,InBytes=42595721,OutBytes=52593926
49:50.227033-22094008,CALL,1,process=rphost,t:clientID=5288,Usr=DefUser,SessionID=1551,p:processName=bi_usp_prod_01,Func=Background job,Module=BI_ОбменДаннымиМеханизация,Method=BI_ОтправкаЖурналовВЦДСПарк,Memory=71520,MemoryPeak=4265760,InBytes=1891336,OutBytes=3142185
49:55.455007-22540977,CALL,1,process=rphost,t:clientID=5296,Usr=DefUser,SessionID=1552(1552),p:processName=bi_usp_prod_01,Func=Background job,Module=ИНАГРО_ОбменСПорталом,Method=ИНАГРО_ОбменДаннымиСПорталомПоУзлу,Memory=4188420,MemoryPeak=11085022,InBytes=1890289,OutBytes=3293162
50:00.065070-90964008,CALL,1,process=rphost,t:clientID=5281,Usr=DefUser,SessionID=1549,p:processName=bi_usp_prod_01,Func=Background job,Module=ОбменДаннымиСервер,Method=ВыполнитьОбменДаннымиПоРегламентномуЗаданию,Memory=21705053,MemoryPeak=251170399,InBytes=17232916,OutBytes=106900805
50:10.846039-37901027,CALL,1,process=rphost,t:clientID=5297,Usr=DefUser,SessionID=1553(1552),p:processName=bi_usp_prod_01,Func=Background job,Module=ИНАГРО_ОбменСПорталом,Method=ИНАГРО_ОбменДаннымиСПорталомПоУзлу,Memory=173328,MemoryPeak=87417136,InBytes=42672218,OutBytes=53709271
54:50.256061-22172036,CALL,1,process=rphost,t:clientID=5313,Usr=DefUser,SessionID=1559,p:processName=bi_usp_prod_01,Func=Background job,Module=BI_ОбменДаннымиМеханизация,Method=BI_ОтправкаЖурналовВЦДСПарк,Memory=72190,MemoryPeak=4266366,InBytes=1891336,OutBytes=3666329
54:50.897047-22563043,CALL,1,process=rphost,t:clientID=5318,Usr=DefUser,SessionID=1560(1557),p:processName=bi_usp_prod_01,Func=Background job,Module=ИНАГРО_ОбменСПорталом,Method=ИНАГРО_ОбменДаннымиСПорталомПоУзлу,Memory=-2812,MemoryPeak=6892440,InBytes=1890289,OutBytes=3293162
55:08.053025-39702981,CALL,1,process=rphost,t:clientID=5319,Usr=DefUser,SessionID=1561(1557),p:processName=bi_usp_prod_01,Func=Background job,Module=ИНАГРО_ОбменСПорталом,Method=ИНАГРО_ОбменДаннымиСПорталомПоУзлу,Memory=-12582266,MemoryPeak=70469353,InBytes=42595575,OutBytes=51749020
59:51.679101-21984051,CALL,1,process=rphost,t:clientID=5325,Usr=DefUser,SessionID=1557,p:processName=bi_usp_prod_01,Func=Background job,Module=BI_ОбменДаннымиМеханизация,Method=BI_ОтправкаЖурналовВЦДСПарк,Memory=65088,MemoryPeak=4257980,InBytes=733004,OutBytes=746452
59:52.570053-22422044,CALL,1,process=rphost,t:clientID=5331,Usr=DefUser,SessionID=1560(1559),p:processName=bi_usp_prod_01,Func=Background job,Module=ИНАГРО_ОбменСПорталом,Method=ИНАГРО_ОбменДаннымиСПорталомПоУзлу,Memory=-1916,MemoryPeak=6893338,InBytes=731957,OutBytes=897429
