01:37.953002-0,PROC,1,process=rphost,OSThread=5844,Err=0,Txt=1C:Enterprise 8.3 (x86-64) (8.3.14.1694) Working Process started. Ctrl+C to exit.
01:50.703024-0,EXCP,3,process=rphost,p:processName=bi_bk3wk1_prod_01,OSThread=4552,t:clientID=6,t:applicationName=1CV8C,t:computerName=DC2RDSH26,Exception=SeanceContextException,Descr='Сеанс отсутствует или удален
ID=fa0fe88c-1d1d-4a7e-8094-ba40aa9e8a06, File=d:\jenkins\ci_builder2\windowsbuild2\platform\src\rserver\src\clusterdistribimpl.cpp(1439)'
01:50.703025-0,EXCP,2,process=rphost,p:processName=bi_bk3wk1_prod_01,OSThread=4564,t:clientID=7,t:applicationName=1CV8C,t:computerName=DC2RDSH05,Exception=SeanceContextException,Descr='Сеанс отсутствует или удален
ID=ec882097-bfd6-4e92-86d1-57c46fcf4299, File=d:\jenkins\ci_builder2\windowsbuild2\platform\src\rserver\src\clusterdistribimpl.cpp(1439)'
01:50.703026-0,EXCP,3,process=rphost,p:processName=bi_bk3wk1_prod_01,OSThread=4552,t:clientID=6,t:applicationName=1CV8C,t:computerName=DC2RDSH26,Exception=580392e6-ba49-4280-ac67-fcd6f2180121,Descr='src\vrsbase\src\vresourceinfobaseimpl.cpp(1058):
580392e6-ba49-4280-ac67-fcd6f2180121: Ошибка работы сеанса
Ошибка при выполнении запроса POST к ресурсу /e1cib/modules/call:
60c686dc-798f-4d17-aadb-a90156a16eb8: Сеанс отсутствует или удален
ID=fa0fe88c-1d1d-4a7e-8094-ba40aa9e8a06, File=d:\jenkins\ci_builder2\windowsbuild2\platform\src\rserver\src\clusterdistribimpl.cpp(1439)'
01:50.703027-0,EXCP,2,process=rphost,p:processName=bi_bk3wk1_prod_01,OSThread=4564,t:clientID=7,t:applicationName=1CV8C,t:computerName=DC2RDSH05,Exception=580392e6-ba49-4280-ac67-fcd6f2180121,Descr='src\vrsbase\src\vresourceinfobaseimpl.cpp(1058):
580392e6-ba49-4280-ac67-fcd6f2180121: Ошибка работы сеанса
Ошибка при выполнении запроса POST к ресурсу /e1cib/modules/call:
60c686dc-798f-4d17-aadb-a90156a16eb8: Сеанс отсутствует или удален
ID=ec882097-bfd6-4e92-86d1-57c46fcf4299, File=d:\jenkins\ci_builder2\windowsbuild2\platform\src\rserver\src\clusterdistribimpl.cpp(1439)'
01:58.359016-0,EXCP,2,process=rphost,p:processName=bi_bk3wk1_prod_01,OSThread=4552,t:clientID=8,t:applicationName=1CV8C,t:computerName=DC2RDSH07,Exception=SeanceContextException,Descr='Сеанс отсутствует или удален
ID=0396c9ec-223f-4125-bccf-5558dfad1854, File=d:\jenkins\ci_builder2\windowsbuild2\platform\src\rserver\src\clusterdistribimpl.cpp(1439)'
01:58.359017-0,EXCP,2,process=rphost,p:processName=bi_bk3wk1_prod_01,OSThread=4552,t:clientID=8,t:applicationName=1CV8C,t:computerName=DC2RDSH07,Exception=580392e6-ba49-4280-ac67-fcd6f2180121,Descr='src\vrsbase\src\vresourceinfobaseimpl.cpp(1058):
580392e6-ba49-4280-ac67-fcd6f2180121: Ошибка работы сеанса
Ошибка при выполнении запроса POST к ресурсу /e1cib/modules/call:
60c686dc-798f-4d17-aadb-a90156a16eb8: Сеанс отсутствует или удален
ID=0396c9ec-223f-4125-bccf-5558dfad1854, File=d:\jenkins\ci_builder2\windowsbuild2\platform\src\rserver\src\clusterdistribimpl.cpp(1439)'
02:00.343016-0,EXCP,2,process=rphost,p:processName=bi_bk3wk1_prod_01,OSThread=4552,t:clientID=9,t:applicationName=1CV8C,t:computerName=DC1RDSH12,Exception=SeanceContextException,Descr='Сеанс отсутствует или удален
ID=56866ec3-a6d3-4cc1-a390-fbf66e118212, File=d:\jenkins\ci_builder2\windowsbuild2\platform\src\rserver\src\clusterdistribimpl.cpp(1439)'
02:00.343017-0,EXCP,2,process=rphost,p:processName=bi_bk3wk1_prod_01,OSThread=4552,t:clientID=9,t:applicationName=1CV8C,t:computerName=DC1RDSH12,Exception=580392e6-ba49-4280-ac67-fcd6f2180121,Descr='src\vrsbase\src\vresourceinfobaseimpl.cpp(1058):
580392e6-ba49-4280-ac67-fcd6f2180121: Ошибка работы сеанса
Ошибка при выполнении запроса POST к ресурсу /e1cib/modules/call:
60c686dc-798f-4d17-aadb-a90156a16eb8: Сеанс отсутствует или удален
ID=56866ec3-a6d3-4cc1-a390-fbf66e118212, File=d:\jenkins\ci_builder2\windowsbuild2\platform\src\rserver\src\clusterdistribimpl.cpp(1439)'
02:18.593013-0,EXCP,2,process=rphost,p:processName=bi_bk3wk1_prod_01,OSThread=3296,t:clientID=14,t:applicationName=1CV8C,t:computerName=DC1RDSH12,Exception=SeanceContextException,Descr='Сеанс отсутствует или удален
ID=cac7d885-268d-4ae7-a83a-c40222b66f1a, File=d:\jenkins\ci_builder2\windowsbuild2\platform\src\rserver\src\clusterdistribimpl.cpp(1439)'
02:18.593014-0,EXCP,2,process=rphost,p:processName=bi_bk3wk1_prod_01,OSThread=3296,t:clientID=14,t:applicationName=1CV8C,t:computerName=DC1RDSH12,Exception=580392e6-ba49-4280-ac67-fcd6f2180121,Descr='src\vrsbase\src\vresourceinfobaseimpl.cpp(1058):
580392e6-ba49-4280-ac67-fcd6f2180121: Ошибка работы сеанса
Ошибка при выполнении запроса POST к ресурсу /e1cib/modules/call:
60c686dc-798f-4d17-aadb-a90156a16eb8: Сеанс отсутствует или удален
ID=cac7d885-268d-4ae7-a83a-c40222b66f1a, File=d:\jenkins\ci_builder2\windowsbuild2\platform\src\rserver\src\clusterdistribimpl.cpp(1439)'
02:39.422004-0,EXCP,2,process=rphost,p:processName=bi_bk3wk1_prod_01,OSThread=7112,t:clientID=16,t:applicationName=1CV8C,t:computerName=DC1RDSH07,Exception=SeanceContextException,Descr='Сеанс отсутствует или удален
ID=e0630e18-0755-4c50-9d7a-703e04818111, File=d:\jenkins\ci_builder2\windowsbuild2\platform\src\rserver\src\clusterdistribimpl.cpp(1439)'
02:39.422005-0,EXCP,2,process=rphost,p:processName=bi_bk3wk1_prod_01,OSThread=7112,t:clientID=16,t:applicationName=1CV8C,t:computerName=DC1RDSH07,Exception=580392e6-ba49-4280-ac67-fcd6f2180121,Descr='src\vrsbase\src\vresourceinfobaseimpl.cpp(1058):
580392e6-ba49-4280-ac67-fcd6f2180121: Ошибка работы сеанса
Ошибка при выполнении запроса POST к ресурсу /e1cib/modules/call:
60c686dc-798f-4d17-aadb-a90156a16eb8: Сеанс отсутствует или удален
ID=e0630e18-0755-4c50-9d7a-703e04818111, File=d:\jenkins\ci_builder2\windowsbuild2\platform\src\rserver\src\clusterdistribimpl.cpp(1439)'
46:01.746004-0,EXCP,2,process=rphost,p:processName=bi_bk3wk1_prod_01,OSThread=7112,t:clientID=9,t:applicationName=1CV8C,t:computerName=DC1RDSH12,Exception=SeanceContextException,Descr='Сеанс отсутствует или удален
ID=56866ec3-a6d3-4cc1-a390-fbf66e118212, File=d:\jenkins\ci_builder2\windowsbuild2\platform\src\rserver\src\clusterdistribimpl.cpp(1439)'
46:01.746005-0,EXCP,2,process=rphost,p:processName=bi_bk3wk1_prod_01,OSThread=7112,t:clientID=9,t:applicationName=1CV8C,t:computerName=DC1RDSH12,Exception=580392e6-ba49-4280-ac67-fcd6f2180121,Descr='src\vrsbase\src\vresourceinfobaseimpl.cpp(1058):
580392e6-ba49-4280-ac67-fcd6f2180121: Ошибка работы сеанса
Ошибка при выполнении запроса POST к ресурсу /e1cib/modules/call:
60c686dc-798f-4d17-aadb-a90156a16eb8: Сеанс отсутствует или удален
ID=56866ec3-a6d3-4cc1-a390-fbf66e118212, File=d:\jenkins\ci_builder2\windowsbuild2\platform\src\rserver\src\clusterdistribimpl.cpp(1439)'
46:01.761004-0,EXCP,2,process=rphost,p:processName=bi_bk3wk1_prod_01,OSThread=7840,t:clientID=14,t:applicationName=1CV8C,t:computerName=DC1RDSH12,Exception=SeanceContextException,Descr='Сеанс отсутствует или удален
ID=cac7d885-268d-4ae7-a83a-c40222b66f1a, File=d:\jenkins\ci_builder2\windowsbuild2\platform\src\rserver\src\clusterdistribimpl.cpp(1439)'
46:01.761005-0,EXCP,2,process=rphost,p:processName=bi_bk3wk1_prod_01,OSThread=7840,t:clientID=14,t:applicationName=1CV8C,t:computerName=DC1RDSH12,Exception=580392e6-ba49-4280-ac67-fcd6f2180121,Descr='src\vrsbase\src\vresourceinfobaseimpl.cpp(1058):
580392e6-ba49-4280-ac67-fcd6f2180121: Ошибка работы сеанса
Ошибка при выполнении запроса POST к ресурсу /e1cib/modules/call:
60c686dc-798f-4d17-aadb-a90156a16eb8: Сеанс отсутствует или удален
ID=cac7d885-268d-4ae7-a83a-c40222b66f1a, File=d:\jenkins\ci_builder2\windowsbuild2\platform\src\rserver\src\clusterdistribimpl.cpp(1439)'
46:06.746000-0,EXCP,0,process=rphost,OSThread=7968,ClientID=9,Exception=NetDataExchangeException,Descr='server_addr=(2)10.225.32.49:62184 descr=10054(0x00002746): Удаленный хост принудительно разорвал существующее подключение.  line=1149 file=d:\jenkins\ci_builder2\windowsbuild2\platform\src\rtrsrvc\src\dataexchangeserverimpl.cpp'
46:06.746001-0,EXCPCNTX,0,ClientComputerName=,ServerComputerName=,UserName=,ConnectString=
46:06.746010-0,EXCP,0,process=rphost,OSThread=7968,ClientID=15,Exception=NetDataExchangeException,Descr='server_addr=(2)10.225.32.49:62210 descr=10054(0x00002746): Удаленный хост принудительно разорвал существующее подключение.  line=1149 file=d:\jenkins\ci_builder2\windowsbuild2\platform\src\rtrsrvc\src\dataexchangeserverimpl.cpp'
46:06.746011-0,EXCPCNTX,0,ClientComputerName=,ServerComputerName=,UserName=,ConnectString=
46:06.746012-0,EXCP,0,process=rphost,OSThread=7104,ClientID=14,Exception=NetDataExchangeException,Descr='server_addr=(2)10.225.32.49:62205 descr=10054(0x00002746): Удаленный хост принудительно разорвал существующее подключение.  line=1149 file=d:\jenkins\ci_builder2\windowsbuild2\platform\src\rtrsrvc\src\dataexchangeserverimpl.cpp'
46:06.746013-0,EXCPCNTX,0,ClientComputerName=,ServerComputerName=,UserName=,ConnectString=
46:06.746023-0,EXCP,0,process=rphost,OSThread=7104,ClientID=13,Exception=NetDataExchangeException,Descr='server_addr=(2)10.225.32.49:62195 descr=10054(0x00002746): Удаленный хост принудительно разорвал существующее подключение.  line=1149 file=d:\jenkins\ci_builder2\windowsbuild2\platform\src\rtrsrvc\src\dataexchangeserverimpl.cpp'
46:06.746024-0,EXCPCNTX,0,ClientComputerName=,ServerComputerName=,UserName=,ConnectString=
