18:22.588005-0,EXCP,2,process=rphost,p:processName=bi_bk3wk1_prod_01,OSThread=1552,t:clientID=16,t:applicationName=1CV8C,t:computerName=DC1RDSH07,Exception=SeanceContextException,Descr='Сеанс отсутствует или удален
ID=e0630e18-0755-4c50-9d7a-703e04818111, File=d:\jenkins\ci_builder2\windowsbuild2\platform\src\rserver\src\clusterdistribimpl.cpp(1439)'
18:22.588006-0,EXCP,2,process=rphost,p:processName=bi_bk3wk1_prod_01,OSThread=1552,t:clientID=16,t:applicationName=1CV8C,t:computerName=DC1RDSH07,Exception=580392e6-ba49-4280-ac67-fcd6f2180121,Descr='src\vrsbase\src\vresourceinfobaseimpl.cpp(1058):
580392e6-ba49-4280-ac67-fcd6f2180121: Ошибка работы сеанса
Ошибка при выполнении запроса POST к ресурсу /e1cib/modules/call:
60c686dc-798f-4d17-aadb-a90156a16eb8: Сеанс отсутствует или удален
ID=e0630e18-0755-4c50-9d7a-703e04818111, File=d:\jenkins\ci_builder2\windowsbuild2\platform\src\rserver\src\clusterdistribimpl.cpp(1439)'
18:27.572000-0,EXCP,0,process=rphost,OSThread=2312,ClientID=16,Exception=NetDataExchangeException,Descr='server_addr=(2)10.225.32.46:52164 descr=10054(0x00002746): Удаленный хост принудительно разорвал существующее подключение.  line=1149 file=d:\jenkins\ci_builder2\windowsbuild2\platform\src\rtrsrvc\src\dataexchangeserverimpl.cpp'
18:27.572001-0,EXCPCNTX,0,ClientComputerName=,ServerComputerName=,UserName=,ConnectString=
18:27.572009-0,EXCP,0,process=rphost,OSThread=2312,ClientID=17,Exception=NetDataExchangeException,Descr='server_addr=(2)10.225.32.46:52174 descr=10054(0x00002746): Удаленный хост принудительно разорвал существующее подключение.  line=1149 file=d:\jenkins\ci_builder2\windowsbuild2\platform\src\rtrsrvc\src\dataexchangeserverimpl.cpp'
18:27.572010-0,EXCPCNTX,0,ClientComputerName=,ServerComputerName=,UserName=,ConnectString=
36:49.513004-0,EXCP,2,process=rphost,p:processName=bi_bk3wk1_prod_01,OSThread=3592,t:clientID=7,t:applicationName=1CV8C,t:computerName=DC2RDSH05,Exception=SeanceContextException,Descr='Сеанс отсутствует или удален
ID=ec882097-bfd6-4e92-86d1-57c46fcf4299, File=d:\jenkins\ci_builder2\windowsbuild2\platform\src\rserver\src\clusterdistribimpl.cpp(1439)'
36:49.513005-0,EXCP,2,process=rphost,p:processName=bi_bk3wk1_prod_01,OSThread=3592,t:clientID=7,t:applicationName=1CV8C,t:computerName=DC2RDSH05,Exception=580392e6-ba49-4280-ac67-fcd6f2180121,Descr='src\vrsbase\src\vresourceinfobaseimpl.cpp(1058):
580392e6-ba49-4280-ac67-fcd6f2180121: Ошибка работы сеанса
Ошибка при выполнении запроса POST к ресурсу /e1cib/modules/call:
60c686dc-798f-4d17-aadb-a90156a16eb8: Сеанс отсутствует или удален
ID=ec882097-bfd6-4e92-86d1-57c46fcf4299, File=d:\jenkins\ci_builder2\windowsbuild2\platform\src\rserver\src\clusterdistribimpl.cpp(1439)'
36:54.482001-0,EXCP,0,process=rphost,OSThread=7104,ClientID=7,Exception=NetDataExchangeException,Descr='server_addr=(2)10.224.32.233:54034 descr=10054(0x00002746): Удаленный хост принудительно разорвал существующее подключение.  line=1149 file=d:\jenkins\ci_builder2\windowsbuild2\platform\src\rtrsrvc\src\dataexchangeserverimpl.cpp'
36:54.482002-0,EXCPCNTX,0,ClientComputerName=,ServerComputerName=,UserName=,ConnectString=
36:54.482008-0,EXCP,0,process=rphost,OSThread=7104,ClientID=11,Exception=NetDataExchangeException,Descr='server_addr=(2)10.224.32.233:54075 descr=10054(0x00002746): Удаленный хост принудительно разорвал существующее подключение.  line=1149 file=d:\jenkins\ci_builder2\windowsbuild2\platform\src\rtrsrvc\src\dataexchangeserverimpl.cpp'
36:54.482009-0,EXCPCNTX,0,ClientComputerName=,ServerComputerName=,UserName=,ConnectString=
51:48.734005-0,EXCP,2,process=rphost,p:processName=bi_bk3wk1_prod_01,OSThread=1552,t:clientID=8,t:applicationName=1CV8C,t:computerName=DC2RDSH07,Exception=SeanceContextException,Descr='Сеанс отсутствует или удален
ID=0396c9ec-223f-4125-bccf-5558dfad1854, File=d:\jenkins\ci_builder2\windowsbuild2\platform\src\rserver\src\clusterdistribimpl.cpp(1439)'
51:48.734006-0,EXCP,2,process=rphost,p:processName=bi_bk3wk1_prod_01,OSThread=1552,t:clientID=8,t:applicationName=1CV8C,t:computerName=DC2RDSH07,Exception=580392e6-ba49-4280-ac67-fcd6f2180121,Descr='src\vrsbase\src\vresourceinfobaseimpl.cpp(1058):
580392e6-ba49-4280-ac67-fcd6f2180121: Ошибка работы сеанса
Ошибка при выполнении запроса POST к ресурсу /e1cib/modules/call:
60c686dc-798f-4d17-aadb-a90156a16eb8: Сеанс отсутствует или удален
ID=0396c9ec-223f-4125-bccf-5558dfad1854, File=d:\jenkins\ci_builder2\windowsbuild2\platform\src\rserver\src\clusterdistribimpl.cpp(1439)'
51:53.718001-0,EXCP,0,process=rphost,OSThread=7104,ClientID=8,Exception=NetDataExchangeException,Descr='server_addr=(2)10.224.32.248:62963 descr=10054(0x00002746): Удаленный хост принудительно разорвал существующее подключение.  line=1149 file=d:\jenkins\ci_builder2\windowsbuild2\platform\src\rtrsrvc\src\dataexchangeserverimpl.cpp'
51:53.718002-0,EXCPCNTX,0,ClientComputerName=,ServerComputerName=,UserName=,ConnectString=
51:53.718011-0,EXCP,0,process=rphost,OSThread=7104,ClientID=12,Exception=NetDataExchangeException,Descr='server_addr=(2)10.224.32.248:62980 descr=10054(0x00002746): Удаленный хост принудительно разорвал существующее подключение.  line=1149 file=d:\jenkins\ci_builder2\windowsbuild2\platform\src\rtrsrvc\src\dataexchangeserverimpl.cpp'
51:53.718012-0,EXCPCNTX,0,ClientComputerName=,ServerComputerName=,UserName=,ConnectString=
