00:07.640000-0,PROC,0,process=rphost,OSThread=4708,Txt='Process terminated.
Stop signal received (ragent)'
00:07.702000-0,PROC,0,process=rphost,OSThread=3160,Txt='Process terminated.
Stop signal received (ragent)'
00:07.702005-0,EXCP,2,process=rphost,OSThread=1108,Exception=96380a22-60f7-4a8b-8fca-1224e6bc518f,Descr='src\rserver\src\rmngrcalls.cpp(951):
96380a22-60f7-4a8b-8fca-1224e6bc518f: OnFinishRpHost'
00:07.718000-0,EXCP,1,process=rphost,p:processName=bi_bk3wk1_prod_01,OSThread=1108,t:clientID=9,t:applicationName=1CV8C,t:computerName=DC2RDSH19,t:connectID=629,Exception=dd149677-3d47-4e05-a55f-4e75b13a441f,Descr='src\rtrsrvc\src\remoteinterfaceimpl.cpp(736):
dd149677-3d47-4e05-a55f-4e75b13a441f: Процесс завершается. Исходящий вызов запрещен.'
00:07.718001-0,EXCP,1,process=rphost,p:processName=bi_bk3wk1_prod_01,OSThread=1108,t:clientID=9,t:applicationName=1CV8C,t:computerName=DC2RDSH19,t:connectID=629,Exception=dd149677-3d47-4e05-a55f-4e75b13a441f,Descr='src\rserver\src\rmngrcalls.cpp(543):
dd149677-3d47-4e05-a55f-4e75b13a441f: Процесс завершается. Исходящий вызов запрещен.'
00:07.718002-0,EXCP,1,process=rphost,p:processName=bi_bk3wk1_prod_01,OSThread=1108,t:clientID=9,t:applicationName=1CV8C,t:computerName=DC2RDSH19,t:connectID=629,Exception=dd149677-3d47-4e05-a55f-4e75b13a441f,Descr='src\rtrsrvc\src\remoteinterfaceimpl.cpp(736):
dd149677-3d47-4e05-a55f-4e75b13a441f: Процесс завершается. Исходящий вызов запрещен.'
00:07.718003-0,EXCP,1,process=rphost,p:processName=bi_bk3wk1_prod_01,OSThread=1108,t:clientID=9,t:applicationName=1CV8C,t:computerName=DC2RDSH19,t:connectID=629,Exception=dd149677-3d47-4e05-a55f-4e75b13a441f,Descr='src\rtrsrvc\src\remoteinterfaceimpl.cpp(736):
dd149677-3d47-4e05-a55f-4e75b13a441f: Процесс завершается. Исходящий вызов запрещен.'
00:07.718004-0,EXCP,1,process=rphost,p:processName=bi_bk3wk1_prod_01,OSThread=1108,t:clientID=9,t:applicationName=1CV8C,t:computerName=DC2RDSH19,t:connectID=629,Exception=dd149677-3d47-4e05-a55f-4e75b13a441f,Descr='src\rtrsrvc\src\remoteinterfaceimpl.cpp(736):
dd149677-3d47-4e05-a55f-4e75b13a441f: Процесс завершается. Исходящий вызов запрещен.'
00:07.718005-0,EXCP,1,process=rphost,p:processName=bi_bk3wk1_prod_01,OSThread=1108,t:clientID=9,t:applicationName=1CV8C,t:computerName=DC2RDSH19,t:connectID=629,Exception=dd149677-3d47-4e05-a55f-4e75b13a441f,Descr='src\rtrsrvc\src\remoteinterfaceimpl.cpp(736):
dd149677-3d47-4e05-a55f-4e75b13a441f: Процесс завершается. Исходящий вызов запрещен.'
00:07.718006-0,EXCP,1,process=rphost,p:processName=bi_bk3wk1_prod_01,OSThread=1108,t:clientID=9,t:applicationName=1CV8C,t:computerName=DC2RDSH19,t:connectID=629,Exception=dd149677-3d47-4e05-a55f-4e75b13a441f,Descr='src\rtrsrvc\src\remoteinterfaceimpl.cpp(736):
dd149677-3d47-4e05-a55f-4e75b13a441f: Процесс завершается. Исходящий вызов запрещен.'
00:07.718007-0,EXCP,1,process=rphost,p:processName=bi_bk3wk1_prod_01,OSThread=1108,t:clientID=9,t:applicationName=1CV8C,t:computerName=DC2RDSH19,t:connectID=629,Exception=dd149677-3d47-4e05-a55f-4e75b13a441f,Descr='src\rtrsrvc\src\remoteinterfaceimpl.cpp(736):
dd149677-3d47-4e05-a55f-4e75b13a441f: Процесс завершается. Исходящий вызов запрещен.'
00:07.921000-0,EXCP,1,process=rphost,p:processName=bi_bk3wk1_prod_01,OSThread=1108,t:clientID=9,t:applicationName=1CV8C,t:computerName=DC2RDSH19,t:connectID=629,Exception=dd149677-3d47-4e05-a55f-4e75b13a441f,Descr='src\rtrsrvc\src\remoteinterfaceimpl.cpp(736):
dd149677-3d47-4e05-a55f-4e75b13a441f: Процесс завершается. Исходящий вызов запрещен.'
00:07.921001-0,EXCP,1,process=rphost,p:processName=bi_bk3wk1_prod_01,OSThread=1108,t:clientID=9,t:applicationName=1CV8C,t:computerName=DC2RDSH19,t:connectID=629,Exception=dd149677-3d47-4e05-a55f-4e75b13a441f,Descr='src\rserver\src\rmngrcalls.cpp(543):
dd149677-3d47-4e05-a55f-4e75b13a441f: Процесс завершается. Исходящий вызов запрещен.'
00:07.921002-0,EXCP,1,process=rphost,p:processName=bi_bk3wk1_prod_01,OSThread=1108,t:clientID=9,t:applicationName=1CV8C,t:computerName=DC2RDSH19,t:connectID=629,Exception=dd149677-3d47-4e05-a55f-4e75b13a441f,Descr='src\rtrsrvc\src\remoteinterfaceimpl.cpp(736):
dd149677-3d47-4e05-a55f-4e75b13a441f: Процесс завершается. Исходящий вызов запрещен.'
00:07.921003-0,EXCP,1,process=rphost,p:processName=bi_bk3wk1_prod_01,OSThread=1108,t:clientID=9,t:applicationName=1CV8C,t:computerName=DC2RDSH19,t:connectID=629,Exception=dd149677-3d47-4e05-a55f-4e75b13a441f,Descr='src\rtrsrvc\src\remoteinterfaceimpl.cpp(736):
dd149677-3d47-4e05-a55f-4e75b13a441f: Процесс завершается. Исходящий вызов запрещен.'
00:07.921004-0,EXCP,1,process=rphost,p:processName=bi_bk3wk1_prod_01,OSThread=1108,t:clientID=9,t:applicationName=1CV8C,t:computerName=DC2RDSH19,t:connectID=629,Exception=dd149677-3d47-4e05-a55f-4e75b13a441f,Descr='src\rtrsrvc\src\remoteinterfaceimpl.cpp(736):
dd149677-3d47-4e05-a55f-4e75b13a441f: Процесс завершается. Исходящий вызов запрещен.'
00:07.921005-0,EXCP,1,process=rphost,p:processName=bi_bk3wk1_prod_01,OSThread=1108,t:clientID=9,t:applicationName=1CV8C,t:computerName=DC2RDSH19,t:connectID=629,Exception=dd149677-3d47-4e05-a55f-4e75b13a441f,Descr='src\rtrsrvc\src\remoteinterfaceimpl.cpp(736):
dd149677-3d47-4e05-a55f-4e75b13a441f: Процесс завершается. Исходящий вызов запрещен.'
00:07.921006-0,EXCP,1,process=rphost,p:processName=bi_bk3wk1_prod_01,OSThread=1108,t:clientID=9,t:applicationName=1CV8C,t:computerName=DC2RDSH19,t:connectID=629,Exception=dd149677-3d47-4e05-a55f-4e75b13a441f,Descr='src\rtrsrvc\src\remoteinterfaceimpl.cpp(736):
dd149677-3d47-4e05-a55f-4e75b13a441f: Процесс завершается. Исходящий вызов запрещен.'
00:07.921009-0,EXCP,1,process=rphost,p:processName=bi_bk3wk1_prod_01,OSThread=1108,t:clientID=9,t:applicationName=1CV8C,t:computerName=DC2RDSH19,t:connectID=629,Exception=dd149677-3d47-4e05-a55f-4e75b13a441f,Descr='src\rserver\src\rmngrcalls.cpp(586):
dd149677-3d47-4e05-a55f-4e75b13a441f: Процесс завершается. Исходящий вызов запрещен.'
00:07.921010-0,EXCP,1,process=rphost,p:processName=bi_bk3wk1_prod_01,OSThread=1108,t:clientID=9,t:applicationName=1CV8C,t:computerName=DC2RDSH19,t:connectID=629,Exception=dd149677-3d47-4e05-a55f-4e75b13a441f,Descr='src\rserver\src\srvrinfobaseimpl.cpp(1227):
dd149677-3d47-4e05-a55f-4e75b13a441f: Процесс завершается. Исходящий вызов запрещен.'
00:07.921011-0,EXCP,1,process=rphost,p:processName=bi_bk3wk1_prod_01,OSThread=1108,t:clientID=9,t:applicationName=1CV8C,t:computerName=DC2RDSH19,t:connectID=629,Exception=dd149677-3d47-4e05-a55f-4e75b13a441f,Descr='src\rserver\src\rmngrcalls.cpp(739):
dd149677-3d47-4e05-a55f-4e75b13a441f: Процесс завершается. Исходящий вызов запрещен.'
00:07.921012-0,EXCP,1,process=rphost,p:processName=bi_bk3wk1_prod_01,OSThread=1108,t:clientID=9,t:applicationName=1CV8C,t:computerName=DC2RDSH19,t:connectID=629,Exception=dd149677-3d47-4e05-a55f-4e75b13a441f,Descr='src\rserver\src\rmngrcalls.cpp(739):
dd149677-3d47-4e05-a55f-4e75b13a441f: Процесс завершается. Исходящий вызов запрещен.'
00:07.921013-0,EXCP,1,process=rphost,p:processName=bi_bk3wk1_prod_01,OSThread=1108,t:clientID=9,t:applicationName=1CV8C,t:computerName=DC2RDSH19,t:connectID=629,Exception=96380a22-60f7-4a8b-8fca-1224e6bc518f,Descr='src\rserver\src\rmngrcalls.cpp(951):
96380a22-60f7-4a8b-8fca-1224e6bc518f: onFinishIBConnection'
00:07.921014-0,EXCP,1,process=rphost,p:processName=bi_bk3wk1_prod_01,OSThread=1108,t:clientID=9,t:applicationName=1CV8C,t:computerName=DC2RDSH19,t:connectID=629,Exception=dd149677-3d47-4e05-a55f-4e75b13a441f,Descr='src\rserver\src\rmngrcalls.cpp(586):
dd149677-3d47-4e05-a55f-4e75b13a441f: Процесс завершается. Исходящий вызов запрещен.'
00:08.046000-0,EXCP,0,process=rphost,OSThread=7428,Exception=dd149677-3d47-4e05-a55f-4e75b13a441f,Descr='src\rserver\src\rmngrcalls.cpp(586):
dd149677-3d47-4e05-a55f-4e75b13a441f: Процесс завершается. Исходящий вызов запрещен.'
00:08.124000-0,EXCP,1,process=rphost,p:processName=bi_bk3wk1_prod_01,OSThread=1108,t:clientID=9,t:applicationName=1CV8C,t:computerName=DC2RDSH19,t:connectID=629,Exception=dd149677-3d47-4e05-a55f-4e75b13a441f,Descr='src\rserver\src\rmngrcalls.cpp(586):
dd149677-3d47-4e05-a55f-4e75b13a441f: Процесс завершается. Исходящий вызов запрещен.'
00:08.124002-0,EXCP,0,process=rphost,OSThread=8280,Exception=dd149677-3d47-4e05-a55f-4e75b13a441f,Descr='src\rserver\src\rmngrcalls.cpp(586):
dd149677-3d47-4e05-a55f-4e75b13a441f: Процесс завершается. Исходящий вызов запрещен.'
00:08.124003-0,EXCP,1,process=rphost,p:processName=bi_bk3wk1_prod_01,OSThread=1108,t:clientID=22,t:applicationName=1CV8C,t:computerName=DC3RDSH12,t:connectID=645,Exception=dd149677-3d47-4e05-a55f-4e75b13a441f,Descr='src\rserver\src\rmngrcalls.cpp(586):
dd149677-3d47-4e05-a55f-4e75b13a441f: Процесс завершается. Исходящий вызов запрещен.'
00:08.249001-0,EXCP,0,process=rphost,OSThread=7428,Exception=dd149677-3d47-4e05-a55f-4e75b13a441f,Descr='src\rserver\src\rmngrcalls.cpp(586):
dd149677-3d47-4e05-a55f-4e75b13a441f: Процесс завершается. Исходящий вызов запрещен.'
00:08.249002-0,EXCP,0,process=rphost,OSThread=7428,Exception=dd149677-3d47-4e05-a55f-4e75b13a441f,Descr='src\rserver\src\clusterdistribimpl.cpp(2624):
dd149677-3d47-4e05-a55f-4e75b13a441f: Процесс завершается. Исходящий вызов запрещен.'
00:08.249003-0,EXCP,0,process=rphost,OSThread=7428,Exception=dd149677-3d47-4e05-a55f-4e75b13a441f,Descr='src\rserver\src\rmngrcalls.cpp(586):
dd149677-3d47-4e05-a55f-4e75b13a441f: Процесс завершается. Исходящий вызов запрещен.'
00:08.327000-0,EXCP,1,process=rphost,p:processName=bi_bk3wk1_prod_01,OSThread=1108,t:clientID=22,t:applicationName=1CV8C,t:computerName=DC3RDSH12,t:connectID=645,Exception=dd149677-3d47-4e05-a55f-4e75b13a441f,Descr='src\rserver\src\rmngrcalls.cpp(586):
dd149677-3d47-4e05-a55f-4e75b13a441f: Процесс завершается. Исходящий вызов запрещен.'
00:08.327001-0,EXCP,0,process=rphost,OSThread=8280,Exception=dd149677-3d47-4e05-a55f-4e75b13a441f,Descr='src\rserver\src\rmngrcalls.cpp(586):
dd149677-3d47-4e05-a55f-4e75b13a441f: Процесс завершается. Исходящий вызов запрещен.'
00:08.327002-0,EXCP,1,process=rphost,p:processName=bi_bk3wk1_prod_01,OSThread=1108,t:clientID=22,t:applicationName=1CV8C,t:computerName=DC3RDSH12,t:connectID=645,Exception=dd149677-3d47-4e05-a55f-4e75b13a441f,Descr='src\rserver\src\srvrinfobaseimpl.cpp(1227):
dd149677-3d47-4e05-a55f-4e75b13a441f: Процесс завершается. Исходящий вызов запрещен.'
00:08.327003-0,EXCP,0,process=rphost,OSThread=8280,Exception=dd149677-3d47-4e05-a55f-4e75b13a441f,Descr='src\rserver\src\rhostimpl.cpp(6261):
dd149677-3d47-4e05-a55f-4e75b13a441f: Процесс завершается. Исходящий вызов запрещен.'
00:08.327004-0,EXCP,0,process=rphost,OSThread=8280,Exception=dd149677-3d47-4e05-a55f-4e75b13a441f,Descr='src\rserver\src\rmngrcalls.cpp(739):
dd149677-3d47-4e05-a55f-4e75b13a441f: Процесс завершается. Исходящий вызов запрещен.'
00:08.327005-0,EXCP,1,process=rphost,p:processName=bi_bk3wk1_prod_01,OSThread=1108,t:clientID=22,t:applicationName=1CV8C,t:computerName=DC3RDSH12,t:connectID=645,Exception=dd149677-3d47-4e05-a55f-4e75b13a441f,Descr='src\rserver\src\rmngrcalls.cpp(739):
dd149677-3d47-4e05-a55f-4e75b13a441f: Процесс завершается. Исходящий вызов запрещен.'
00:08.327006-0,EXCP,0,process=rphost,OSThread=8280,Exception=dd149677-3d47-4e05-a55f-4e75b13a441f,Descr='src\rserver\src\rmngrcalls.cpp(739):
dd149677-3d47-4e05-a55f-4e75b13a441f: Процесс завершается. Исходящий вызов запрещен.'
00:08.327007-0,EXCP,1,process=rphost,p:processName=bi_bk3wk1_prod_01,OSThread=1108,t:clientID=22,t:applicationName=1CV8C,t:computerName=DC3RDSH12,t:connectID=645,Exception=dd149677-3d47-4e05-a55f-4e75b13a441f,Descr='src\rserver\src\rmngrcalls.cpp(739):
dd149677-3d47-4e05-a55f-4e75b13a441f: Процесс завершается. Исходящий вызов запрещен.'
00:08.327008-0,EXCP,0,process=rphost,OSThread=8280,Exception=96380a22-60f7-4a8b-8fca-1224e6bc518f,Descr='src\rserver\src\rmngrcalls.cpp(951):
96380a22-60f7-4a8b-8fca-1224e6bc518f: onFinishConnection'
00:08.327009-0,EXCP,1,process=rphost,p:processName=bi_bk3wk1_prod_01,OSThread=1108,t:clientID=22,t:applicationName=1CV8C,t:computerName=DC3RDSH12,t:connectID=645,Exception=96380a22-60f7-4a8b-8fca-1224e6bc518f,Descr='src\rserver\src\rmngrcalls.cpp(951):
96380a22-60f7-4a8b-8fca-1224e6bc518f: onFinishIBConnection'
00:08.327010-0,EXCP,1,process=rphost,p:processName=bi_bk3wk1_prod_01,OSThread=1108,t:clientID=22,t:applicationName=1CV8C,t:computerName=DC3RDSH12,t:connectID=645,Exception=dd149677-3d47-4e05-a55f-4e75b13a441f,Descr='src\rserver\src\rmngrcalls.cpp(586):
dd149677-3d47-4e05-a55f-4e75b13a441f: Процесс завершается. Исходящий вызов запрещен.'
00:08.452000-0,EXCP,0,process=rphost,OSThread=7428,Exception=dd149677-3d47-4e05-a55f-4e75b13a441f,Descr='src\rserver\src\rmngrcalls.cpp(586):
dd149677-3d47-4e05-a55f-4e75b13a441f: Процесс завершается. Исходящий вызов запрещен.'
00:08.452001-0,EXCP,0,process=rphost,OSThread=7428,Exception=dd149677-3d47-4e05-a55f-4e75b13a441f,Descr='src\rserver\src\clusterdistribimpl.cpp(2624):
dd149677-3d47-4e05-a55f-4e75b13a441f: Процесс завершается. Исходящий вызов запрещен.'
00:08.452002-0,EXCP,0,process=rphost,OSThread=7428,Exception=dd149677-3d47-4e05-a55f-4e75b13a441f,Descr='src\rserver\src\rmngrcalls.cpp(586):
dd149677-3d47-4e05-a55f-4e75b13a441f: Процесс завершается. Исходящий вызов запрещен.'
00:08.531000-0,EXCP,1,process=rphost,p:processName=bi_bk3wk1_prod_01,OSThread=1108,t:clientID=22,t:applicationName=1CV8C,t:computerName=DC3RDSH12,t:connectID=645,Exception=dd149677-3d47-4e05-a55f-4e75b13a441f,Descr='src\rserver\src\rmngrcalls.cpp(586):
dd149677-3d47-4e05-a55f-4e75b13a441f: Процесс завершается. Исходящий вызов запрещен.'
00:08.531002-0,EXCP,0,process=rphost,OSThread=8280,Exception=dd149677-3d47-4e05-a55f-4e75b13a441f,Descr='src\rserver\src\rmngrcalls.cpp(586):
dd149677-3d47-4e05-a55f-4e75b13a441f: Процесс завершается. Исходящий вызов запрещен.'
00:08.531003-0,EXCP,1,process=rphost,p:processName=bi_bk3wk1_prod_01,OSThread=1108,t:clientID=23,t:applicationName=1CV8C,t:computerName=DC1RDSH06,t:connectID=646,Exception=dd149677-3d47-4e05-a55f-4e75b13a441f,Descr='src\rserver\src\rmngrcalls.cpp(586):
dd149677-3d47-4e05-a55f-4e75b13a441f: Процесс завершается. Исходящий вызов запрещен.'
00:08.656000-0,EXCP,0,process=rphost,OSThread=7428,Exception=dd149677-3d47-4e05-a55f-4e75b13a441f,Descr='src\rserver\src\rmngrcalls.cpp(586):
dd149677-3d47-4e05-a55f-4e75b13a441f: Процесс завершается. Исходящий вызов запрещен.'
00:08.656001-0,EXCP,0,process=rphost,OSThread=5496,Exception=dd149677-3d47-4e05-a55f-4e75b13a441f,Descr='src\rserver\src\rmngrcalls.cpp(586):
dd149677-3d47-4e05-a55f-4e75b13a441f: Процесс завершается. Исходящий вызов запрещен.'
00:08.656002-0,EXCP,0,process=rphost,OSThread=7428,Exception=dd149677-3d47-4e05-a55f-4e75b13a441f,Descr='src\rserver\src\clusterdistribimpl.cpp(2624):
dd149677-3d47-4e05-a55f-4e75b13a441f: Процесс завершается. Исходящий вызов запрещен.'
00:08.656003-0,EXCP,0,process=rphost,OSThread=7428,Exception=dd149677-3d47-4e05-a55f-4e75b13a441f,Descr='src\rserver\src\rmngrcalls.cpp(586):
dd149677-3d47-4e05-a55f-4e75b13a441f: Процесс завершается. Исходящий вызов запрещен.'
00:08.734000-0,EXCP,0,process=rphost,OSThread=8280,Exception=dd149677-3d47-4e05-a55f-4e75b13a441f,Descr='src\rserver\src\rmngrcalls.cpp(586):
dd149677-3d47-4e05-a55f-4e75b13a441f: Процесс завершается. Исходящий вызов запрещен.'
00:08.734001-0,EXCP,1,process=rphost,p:processName=bi_bk3wk1_prod_01,OSThread=1108,t:clientID=23,t:applicationName=1CV8C,t:computerName=DC1RDSH06,t:connectID=646,Exception=dd149677-3d47-4e05-a55f-4e75b13a441f,Descr='src\rserver\src\rmngrcalls.cpp(586):
dd149677-3d47-4e05-a55f-4e75b13a441f: Процесс завершается. Исходящий вызов запрещен.'
00:08.734002-0,EXCP,0,process=rphost,OSThread=8280,Exception=dd149677-3d47-4e05-a55f-4e75b13a441f,Descr='src\rserver\src\rhostimpl.cpp(6261):
dd149677-3d47-4e05-a55f-4e75b13a441f: Процесс завершается. Исходящий вызов запрещен.'
00:08.734003-0,EXCP,0,process=rphost,OSThread=8280,Exception=dd149677-3d47-4e05-a55f-4e75b13a441f,Descr='src\rserver\src\rmngrcalls.cpp(739):
dd149677-3d47-4e05-a55f-4e75b13a441f: Процесс завершается. Исходящий вызов запрещен.'
00:08.734004-0,EXCP,1,process=rphost,p:processName=bi_bk3wk1_prod_01,OSThread=1108,t:clientID=23,t:applicationName=1CV8C,t:computerName=DC1RDSH06,t:connectID=646,Exception=dd149677-3d47-4e05-a55f-4e75b13a441f,Descr='src\rserver\src\srvrinfobaseimpl.cpp(1227):
dd149677-3d47-4e05-a55f-4e75b13a441f: Процесс завершается. Исходящий вызов запрещен.'
00:08.734005-0,EXCP,0,process=rphost,OSThread=8280,Exception=dd149677-3d47-4e05-a55f-4e75b13a441f,Descr='src\rserver\src\rmngrcalls.cpp(739):
dd149677-3d47-4e05-a55f-4e75b13a441f: Процесс завершается. Исходящий вызов запрещен.'
00:08.734006-0,EXCP,0,process=rphost,OSThread=8280,Exception=96380a22-60f7-4a8b-8fca-1224e6bc518f,Descr='src\rserver\src\rmngrcalls.cpp(951):
96380a22-60f7-4a8b-8fca-1224e6bc518f: onFinishConnection'
00:08.734007-0,EXCP,1,process=rphost,p:processName=bi_bk3wk1_prod_01,OSThread=1108,t:clientID=23,t:applicationName=1CV8C,t:computerName=DC1RDSH06,t:connectID=646,Exception=dd149677-3d47-4e05-a55f-4e75b13a441f,Descr='src\rserver\src\rmngrcalls.cpp(739):
dd149677-3d47-4e05-a55f-4e75b13a441f: Процесс завершается. Исходящий вызов запрещен.'
00:08.734008-0,EXCP,1,process=rphost,p:processName=bi_bk3wk1_prod_01,OSThread=1108,t:clientID=23,t:applicationName=1CV8C,t:computerName=DC1RDSH06,t:connectID=646,Exception=dd149677-3d47-4e05-a55f-4e75b13a441f,Descr='src\rserver\src\rmngrcalls.cpp(739):
dd149677-3d47-4e05-a55f-4e75b13a441f: Процесс завершается. Исходящий вызов запрещен.'
00:08.734009-0,EXCP,1,process=rphost,p:processName=bi_bk3wk1_prod_01,OSThread=1108,t:clientID=23,t:applicationName=1CV8C,t:computerName=DC1RDSH06,t:connectID=646,Exception=96380a22-60f7-4a8b-8fca-1224e6bc518f,Descr='src\rserver\src\rmngrcalls.cpp(951):
96380a22-60f7-4a8b-8fca-1224e6bc518f: onFinishIBConnection'
00:08.734010-0,EXCP,1,process=rphost,p:processName=bi_bk3wk1_prod_01,OSThread=1108,t:clientID=23,t:applicationName=1CV8C,t:computerName=DC1RDSH06,t:connectID=646,Exception=dd149677-3d47-4e05-a55f-4e75b13a441f,Descr='src\rserver\src\rmngrcalls.cpp(586):
dd149677-3d47-4e05-a55f-4e75b13a441f: Процесс завершается. Исходящий вызов запрещен.'
00:08.859000-0,EXCP,0,process=rphost,OSThread=5496,Exception=dd149677-3d47-4e05-a55f-4e75b13a441f,Descr='src\rserver\src\rmngrcalls.cpp(586):
dd149677-3d47-4e05-a55f-4e75b13a441f: Процесс завершается. Исходящий вызов запрещен.'
00:08.859001-0,EXCP,0,process=rphost,OSThread=7428,Exception=dd149677-3d47-4e05-a55f-4e75b13a441f,Descr='src\rserver\src\rmngrcalls.cpp(586):
dd149677-3d47-4e05-a55f-4e75b13a441f: Процесс завершается. Исходящий вызов запрещен.'
00:08.859002-0,EXCP,0,process=rphost,OSThread=7428,Exception=dd149677-3d47-4e05-a55f-4e75b13a441f,Descr='src\rserver\src\clusterdistribimpl.cpp(2624):
dd149677-3d47-4e05-a55f-4e75b13a441f: Процесс завершается. Исходящий вызов запрещен.'
00:08.859003-0,EXCP,0,process=rphost,OSThread=5496,Exception=dd149677-3d47-4e05-a55f-4e75b13a441f,Descr='src\rserver\src\rhostimpl.cpp(5770):
dd149677-3d47-4e05-a55f-4e75b13a441f: Процесс завершается. Исходящий вызов запрещен.'
00:08.859004-0,EXCP,0,process=rphost,OSThread=7428,Exception=dd149677-3d47-4e05-a55f-4e75b13a441f,Descr='src\rserver\src\rmngrcalls.cpp(586):
dd149677-3d47-4e05-a55f-4e75b13a441f: Процесс завершается. Исходящий вызов запрещен.'
00:08.937000-0,EXCP,1,process=rphost,p:processName=bi_bk3wk1_prod_01,OSThread=1108,t:clientID=23,t:applicationName=1CV8C,t:computerName=DC1RDSH06,t:connectID=646,Exception=dd149677-3d47-4e05-a55f-4e75b13a441f,Descr='src\rserver\src\rmngrcalls.cpp(586):
dd149677-3d47-4e05-a55f-4e75b13a441f: Процесс завершается. Исходящий вызов запрещен.'
00:08.937002-0,EXCP,0,process=rphost,OSThread=8280,Exception=dd149677-3d47-4e05-a55f-4e75b13a441f,Descr='src\rserver\src\rmngrcalls.cpp(586):
dd149677-3d47-4e05-a55f-4e75b13a441f: Процесс завершается. Исходящий вызов запрещен.'
00:08.937003-0,EXCP,1,process=rphost,p:processName=bi_bk3wk1_prod_01,OSThread=1108,t:clientID=78,t:applicationName=1CV8C,t:computerName=DC2RDSH25,t:connectID=721,Exception=dd149677-3d47-4e05-a55f-4e75b13a441f,Descr='src\rserver\src\rmngrcalls.cpp(586):
dd149677-3d47-4e05-a55f-4e75b13a441f: Процесс завершается. Исходящий вызов запрещен.'
00:09.062000-0,EXCP,0,process=rphost,OSThread=7428,Exception=dd149677-3d47-4e05-a55f-4e75b13a441f,Descr='src\rserver\src\rmngrcalls.cpp(586):
dd149677-3d47-4e05-a55f-4e75b13a441f: Процесс завершается. Исходящий вызов запрещен.'
00:09.062001-0,EXCP,0,process=rphost,OSThread=7428,Exception=dd149677-3d47-4e05-a55f-4e75b13a441f,Descr='src\rserver\src\clusterdistribimpl.cpp(2624):
dd149677-3d47-4e05-a55f-4e75b13a441f: Процесс завершается. Исходящий вызов запрещен.'
00:09.062002-0,EXCP,0,process=rphost,OSThread=7428,Exception=dd149677-3d47-4e05-a55f-4e75b13a441f,Descr='src\rserver\src\rmngrcalls.cpp(586):
dd149677-3d47-4e05-a55f-4e75b13a441f: Процесс завершается. Исходящий вызов запрещен.'
00:09.140000-0,EXCP,0,process=rphost,OSThread=8280,Exception=dd149677-3d47-4e05-a55f-4e75b13a441f,Descr='src\rserver\src\rmngrcalls.cpp(586):
dd149677-3d47-4e05-a55f-4e75b13a441f: Процесс завершается. Исходящий вызов запрещен.'
00:09.140001-0,EXCP,1,process=rphost,p:processName=bi_bk3wk1_prod_01,OSThread=1108,t:clientID=78,t:applicationName=1CV8C,t:computerName=DC2RDSH25,t:connectID=721,Exception=dd149677-3d47-4e05-a55f-4e75b13a441f,Descr='src\rserver\src\rmngrcalls.cpp(586):
dd149677-3d47-4e05-a55f-4e75b13a441f: Процесс завершается. Исходящий вызов запрещен.'
00:09.140002-0,EXCP,0,process=rphost,OSThread=8280,Exception=dd149677-3d47-4e05-a55f-4e75b13a441f,Descr='src\rserver\src\rhostimpl.cpp(6261):
dd149677-3d47-4e05-a55f-4e75b13a441f: Процесс завершается. Исходящий вызов запрещен.'
00:09.140003-0,EXCP,1,process=rphost,p:processName=bi_bk3wk1_prod_01,OSThread=1108,t:clientID=78,t:applicationName=1CV8C,t:computerName=DC2RDSH25,t:connectID=721,Exception=dd149677-3d47-4e05-a55f-4e75b13a441f,Descr='src\rserver\src\srvrinfobaseimpl.cpp(1227):
dd149677-3d47-4e05-a55f-4e75b13a441f: Процесс завершается. Исходящий вызов запрещен.'
00:09.140004-0,EXCP,0,process=rphost,OSThread=8280,Exception=dd149677-3d47-4e05-a55f-4e75b13a441f,Descr='src\rserver\src\rmngrcalls.cpp(739):
dd149677-3d47-4e05-a55f-4e75b13a441f: Процесс завершается. Исходящий вызов запрещен.'
00:09.140005-0,EXCP,0,process=rphost,OSThread=8280,Exception=dd149677-3d47-4e05-a55f-4e75b13a441f,Descr='src\rserver\src\rmngrcalls.cpp(739):
dd149677-3d47-4e05-a55f-4e75b13a441f: Процесс завершается. Исходящий вызов запрещен.'
00:09.140006-0,EXCP,0,process=rphost,OSThread=8280,Exception=96380a22-60f7-4a8b-8fca-1224e6bc518f,Descr='src\rserver\src\rmngrcalls.cpp(951):
96380a22-60f7-4a8b-8fca-1224e6bc518f: onFinishConnection'
00:09.140007-0,EXCP,1,process=rphost,p:processName=bi_bk3wk1_prod_01,OSThread=1108,t:clientID=78,t:applicationName=1CV8C,t:computerName=DC2RDSH25,t:connectID=721,Exception=dd149677-3d47-4e05-a55f-4e75b13a441f,Descr='src\rserver\src\rmngrcalls.cpp(739):
dd149677-3d47-4e05-a55f-4e75b13a441f: Процесс завершается. Исходящий вызов запрещен.'
00:09.140008-0,EXCP,1,process=rphost,p:processName=bi_bk3wk1_prod_01,OSThread=1108,t:clientID=78,t:applicationName=1CV8C,t:computerName=DC2RDSH25,t:connectID=721,Exception=dd149677-3d47-4e05-a55f-4e75b13a441f,Descr='src\rserver\src\rmngrcalls.cpp(739):
dd149677-3d47-4e05-a55f-4e75b13a441f: Процесс завершается. Исходящий вызов запрещен.'
00:09.140009-0,EXCP,1,process=rphost,p:processName=bi_bk3wk1_prod_01,OSThread=1108,t:clientID=78,t:applicationName=1CV8C,t:computerName=DC2RDSH25,t:connectID=721,Exception=96380a22-60f7-4a8b-8fca-1224e6bc518f,Descr='src\rserver\src\rmngrcalls.cpp(951):
96380a22-60f7-4a8b-8fca-1224e6bc518f: onFinishIBConnection'
00:09.140010-0,EXCP,1,process=rphost,p:processName=bi_bk3wk1_prod_01,OSThread=1108,t:clientID=78,t:applicationName=1CV8C,t:computerName=DC2RDSH25,t:connectID=721,Exception=dd149677-3d47-4e05-a55f-4e75b13a441f,Descr='src\rserver\src\rmngrcalls.cpp(586):
dd149677-3d47-4e05-a55f-4e75b13a441f: Процесс завершается. Исходящий вызов запрещен.'
00:09.343000-0,EXCP,1,process=rphost,p:processName=bi_bk3wk1_prod_01,OSThread=1108,t:clientID=78,t:applicationName=1CV8C,t:computerName=DC2RDSH25,t:connectID=721,Exception=dd149677-3d47-4e05-a55f-4e75b13a441f,Descr='src\rserver\src\rmngrcalls.cpp(586):
dd149677-3d47-4e05-a55f-4e75b13a441f: Процесс завершается. Исходящий вызов запрещен.'
00:09.343001-0,EXCP,0,process=rphost,OSThread=7428,Exception=dd149677-3d47-4e05-a55f-4e75b13a441f,Descr='src\rserver\src\rmngrcalls.cpp(586):
dd149677-3d47-4e05-a55f-4e75b13a441f: Процесс завершается. Исходящий вызов запрещен.'
00:09.343002-0,EXCP,0,process=rphost,OSThread=7428,Exception=dd149677-3d47-4e05-a55f-4e75b13a441f,Descr='src\rserver\src\clusterdistribimpl.cpp(2624):
dd149677-3d47-4e05-a55f-4e75b13a441f: Процесс завершается. Исходящий вызов запрещен.'
00:09.343004-0,EXCP,0,process=rphost,OSThread=7428,Exception=dd149677-3d47-4e05-a55f-4e75b13a441f,Descr='src\rserver\src\rmngrcalls.cpp(586):
dd149677-3d47-4e05-a55f-4e75b13a441f: Процесс завершается. Исходящий вызов запрещен.'
00:09.343005-0,EXCP,0,process=rphost,OSThread=8280,Exception=dd149677-3d47-4e05-a55f-4e75b13a441f,Descr='src\rserver\src\rmngrcalls.cpp(586):
dd149677-3d47-4e05-a55f-4e75b13a441f: Процесс завершается. Исходящий вызов запрещен.'
00:09.343006-0,EXCP,1,process=rphost,p:processName=bi_bk3wk1_prod_01,OSThread=1108,t:clientID=126,t:applicationName=1CV8C,t:computerName=DC2RDSH18,t:connectID=796,Exception=dd149677-3d47-4e05-a55f-4e75b13a441f,Descr='src\rserver\src\rmngrcalls.cpp(586):
dd149677-3d47-4e05-a55f-4e75b13a441f: Процесс завершается. Исходящий вызов запрещен.'
00:09.546002-0,EXCP,0,process=rphost,OSThread=8280,Exception=dd149677-3d47-4e05-a55f-4e75b13a441f,Descr='src\rserver\src\rmngrcalls.cpp(586):
dd149677-3d47-4e05-a55f-4e75b13a441f: Процесс завершается. Исходящий вызов запрещен.'
00:09.546000-0,EXCP,0,process=rphost,OSThread=7428,Exception=dd149677-3d47-4e05-a55f-4e75b13a441f,Descr='src\rserver\src\rmngrcalls.cpp(586):
dd149677-3d47-4e05-a55f-4e75b13a441f: Процесс завершается. Исходящий вызов запрещен.'
00:09.546001-0,EXCP,1,process=rphost,p:processName=bi_bk3wk1_prod_01,OSThread=1108,t:clientID=126,t:applicationName=1CV8C,t:computerName=DC2RDSH18,t:connectID=796,Exception=dd149677-3d47-4e05-a55f-4e75b13a441f,Descr='src\rserver\src\rmngrcalls.cpp(586):
dd149677-3d47-4e05-a55f-4e75b13a441f: Процесс завершается. Исходящий вызов запрещен.'
00:09.546003-0,EXCP,0,process=rphost,OSThread=8280,Exception=dd149677-3d47-4e05-a55f-4e75b13a441f,Descr='src\rserver\src\rhostimpl.cpp(6261):
dd149677-3d47-4e05-a55f-4e75b13a441f: Процесс завершается. Исходящий вызов запрещен.'
00:09.546004-0,EXCP,0,process=rphost,OSThread=7428,Exception=dd149677-3d47-4e05-a55f-4e75b13a441f,Descr='src\rserver\src\clusterdistribimpl.cpp(2624):
dd149677-3d47-4e05-a55f-4e75b13a441f: Процесс завершается. Исходящий вызов запрещен.'
00:09.546005-0,EXCP,1,process=rphost,p:processName=bi_bk3wk1_prod_01,OSThread=1108,t:clientID=126,t:applicationName=1CV8C,t:computerName=DC2RDSH18,t:connectID=796,Exception=dd149677-3d47-4e05-a55f-4e75b13a441f,Descr='src\rserver\src\srvrinfobaseimpl.cpp(1227):
dd149677-3d47-4e05-a55f-4e75b13a441f: Процесс завершается. Исходящий вызов запрещен.'
00:09.546006-0,EXCP,0,process=rphost,OSThread=8280,Exception=dd149677-3d47-4e05-a55f-4e75b13a441f,Descr='src\rserver\src\rmngrcalls.cpp(739):
dd149677-3d47-4e05-a55f-4e75b13a441f: Процесс завершается. Исходящий вызов запрещен.'
00:09.546007-0,EXCP,0,process=rphost,OSThread=7428,Exception=dd149677-3d47-4e05-a55f-4e75b13a441f,Descr='src\rserver\src\rmngrcalls.cpp(586):
dd149677-3d47-4e05-a55f-4e75b13a441f: Процесс завершается. Исходящий вызов запрещен.'
00:09.546008-0,EXCP,0,process=rphost,OSThread=8280,Exception=dd149677-3d47-4e05-a55f-4e75b13a441f,Descr='src\rserver\src\rmngrcalls.cpp(739):
dd149677-3d47-4e05-a55f-4e75b13a441f: Процесс завершается. Исходящий вызов запрещен.'
00:09.546009-0,EXCP,0,process=rphost,OSThread=8280,Exception=96380a22-60f7-4a8b-8fca-1224e6bc518f,Descr='src\rserver\src\rmngrcalls.cpp(951):
96380a22-60f7-4a8b-8fca-1224e6bc518f: onFinishConnection'
00:09.546010-0,EXCP,1,process=rphost,p:processName=bi_bk3wk1_prod_01,OSThread=1108,t:clientID=126,t:applicationName=1CV8C,t:computerName=DC2RDSH18,t:connectID=796,Exception=dd149677-3d47-4e05-a55f-4e75b13a441f,Descr='src\rserver\src\rmngrcalls.cpp(739):
dd149677-3d47-4e05-a55f-4e75b13a441f: Процесс завершается. Исходящий вызов запрещен.'
00:09.546011-0,EXCP,1,process=rphost,p:processName=bi_bk3wk1_prod_01,OSThread=1108,t:clientID=126,t:applicationName=1CV8C,t:computerName=DC2RDSH18,t:connectID=796,Exception=dd149677-3d47-4e05-a55f-4e75b13a441f,Descr='src\rserver\src\rmngrcalls.cpp(739):
dd149677-3d47-4e05-a55f-4e75b13a441f: Процесс завершается. Исходящий вызов запрещен.'
00:09.546012-0,EXCP,1,process=rphost,p:processName=bi_bk3wk1_prod_01,OSThread=1108,t:clientID=126,t:applicationName=1CV8C,t:computerName=DC2RDSH18,t:connectID=796,Exception=96380a22-60f7-4a8b-8fca-1224e6bc518f,Descr='src\rserver\src\rmngrcalls.cpp(951):
96380a22-60f7-4a8b-8fca-1224e6bc518f: onFinishIBConnection'
00:09.546013-0,EXCP,1,process=rphost,p:processName=bi_bk3wk1_prod_01,OSThread=1108,t:clientID=126,t:applicationName=1CV8C,t:computerName=DC2RDSH18,t:connectID=796,Exception=dd149677-3d47-4e05-a55f-4e75b13a441f,Descr='src\rserver\src\rmngrcalls.cpp(586):
dd149677-3d47-4e05-a55f-4e75b13a441f: Процесс завершается. Исходящий вызов запрещен.'
00:09.749000-0,EXCP,0,process=rphost,OSThread=7428,Exception=dd149677-3d47-4e05-a55f-4e75b13a441f,Descr='src\rserver\src\rmngrcalls.cpp(586):
dd149677-3d47-4e05-a55f-4e75b13a441f: Процесс завершается. Исходящий вызов запрещен.'
00:09.749001-0,EXCP,1,process=rphost,p:processName=bi_bk3wk1_prod_01,OSThread=1108,t:clientID=126,t:applicationName=1CV8C,t:computerName=DC2RDSH18,t:connectID=796,Exception=dd149677-3d47-4e05-a55f-4e75b13a441f,Descr='src\rserver\src\rmngrcalls.cpp(586):
dd149677-3d47-4e05-a55f-4e75b13a441f: Процесс завершается. Исходящий вызов запрещен.'
00:09.749002-0,EXCP,0,process=rphost,OSThread=7428,Exception=dd149677-3d47-4e05-a55f-4e75b13a441f,Descr='src\rserver\src\clusterdistribimpl.cpp(2624):
dd149677-3d47-4e05-a55f-4e75b13a441f: Процесс завершается. Исходящий вызов запрещен.'
00:09.749004-0,EXCP,0,process=rphost,OSThread=7428,Exception=dd149677-3d47-4e05-a55f-4e75b13a441f,Descr='src\rserver\src\rmngrcalls.cpp(586):
dd149677-3d47-4e05-a55f-4e75b13a441f: Процесс завершается. Исходящий вызов запрещен.'
00:09.749005-0,EXCP,0,process=rphost,OSThread=8280,Exception=dd149677-3d47-4e05-a55f-4e75b13a441f,Descr='src\rserver\src\rmngrcalls.cpp(586):
dd149677-3d47-4e05-a55f-4e75b13a441f: Процесс завершается. Исходящий вызов запрещен.'
00:09.749006-0,EXCP,1,process=rphost,p:processName=bi_bk3wk1_prod_01,OSThread=1108,t:clientID=139,t:applicationName=1CV8C,t:computerName=DC3RDSH12,t:connectID=811,Exception=dd149677-3d47-4e05-a55f-4e75b13a441f,Descr='src\rserver\src\rmngrcalls.cpp(586):
dd149677-3d47-4e05-a55f-4e75b13a441f: Процесс завершается. Исходящий вызов запрещен.'
00:09.952001-0,EXCP,0,process=rphost,OSThread=8280,Exception=dd149677-3d47-4e05-a55f-4e75b13a441f,Descr='src\rserver\src\rmngrcalls.cpp(586):
dd149677-3d47-4e05-a55f-4e75b13a441f: Процесс завершается. Исходящий вызов запрещен.'
00:09.952003-0,EXCP,1,process=rphost,p:processName=bi_bk3wk1_prod_01,OSThread=1108,t:clientID=139,t:applicationName=1CV8C,t:computerName=DC3RDSH12,t:connectID=811,Exception=dd149677-3d47-4e05-a55f-4e75b13a441f,Descr='src\rserver\src\rmngrcalls.cpp(586):
dd149677-3d47-4e05-a55f-4e75b13a441f: Процесс завершается. Исходящий вызов запрещен.'
00:09.952002-0,EXCP,0,process=rphost,OSThread=7428,Exception=dd149677-3d47-4e05-a55f-4e75b13a441f,Descr='src\rserver\src\rmngrcalls.cpp(586):
dd149677-3d47-4e05-a55f-4e75b13a441f: Процесс завершается. Исходящий вызов запрещен.'
00:09.952004-0,EXCP,0,process=rphost,OSThread=8280,Exception=dd149677-3d47-4e05-a55f-4e75b13a441f,Descr='src\rserver\src\rhostimpl.cpp(6261):
dd149677-3d47-4e05-a55f-4e75b13a441f: Процесс завершается. Исходящий вызов запрещен.'
00:09.952005-0,EXCP,1,process=rphost,p:processName=bi_bk3wk1_prod_01,OSThread=1108,t:clientID=139,t:applicationName=1CV8C,t:computerName=DC3RDSH12,t:connectID=811,Exception=dd149677-3d47-4e05-a55f-4e75b13a441f,Descr='src\rserver\src\srvrinfobaseimpl.cpp(1227):
dd149677-3d47-4e05-a55f-4e75b13a441f: Процесс завершается. Исходящий вызов запрещен.'
00:09.952006-0,EXCP,0,process=rphost,OSThread=7428,Exception=dd149677-3d47-4e05-a55f-4e75b13a441f,Descr='src\rserver\src\clusterdistribimpl.cpp(2624):
dd149677-3d47-4e05-a55f-4e75b13a441f: Процесс завершается. Исходящий вызов запрещен.'
00:09.952007-0,EXCP,0,process=rphost,OSThread=8280,Exception=dd149677-3d47-4e05-a55f-4e75b13a441f,Descr='src\rserver\src\rmngrcalls.cpp(739):
dd149677-3d47-4e05-a55f-4e75b13a441f: Процесс завершается. Исходящий вызов запрещен.'
00:09.952008-0,EXCP,0,process=rphost,OSThread=8280,Exception=dd149677-3d47-4e05-a55f-4e75b13a441f,Descr='src\rserver\src\rmngrcalls.cpp(739):
dd149677-3d47-4e05-a55f-4e75b13a441f: Процесс завершается. Исходящий вызов запрещен.'
00:09.952009-0,EXCP,1,process=rphost,p:processName=bi_bk3wk1_prod_01,OSThread=1108,t:clientID=139,t:applicationName=1CV8C,t:computerName=DC3RDSH12,t:connectID=811,Exception=dd149677-3d47-4e05-a55f-4e75b13a441f,Descr='src\rserver\src\rmngrcalls.cpp(739):
dd149677-3d47-4e05-a55f-4e75b13a441f: Процесс завершается. Исходящий вызов запрещен.'
00:09.952010-0,EXCP,0,process=rphost,OSThread=7428,Exception=dd149677-3d47-4e05-a55f-4e75b13a441f,Descr='src\rserver\src\rmngrcalls.cpp(586):
dd149677-3d47-4e05-a55f-4e75b13a441f: Процесс завершается. Исходящий вызов запрещен.'
00:09.952011-0,EXCP,0,process=rphost,OSThread=8280,Exception=96380a22-60f7-4a8b-8fca-1224e6bc518f,Descr='src\rserver\src\rmngrcalls.cpp(951):
96380a22-60f7-4a8b-8fca-1224e6bc518f: onFinishConnection'
00:09.952012-0,EXCP,1,process=rphost,p:processName=bi_bk3wk1_prod_01,OSThread=1108,t:clientID=139,t:applicationName=1CV8C,t:computerName=DC3RDSH12,t:connectID=811,Exception=dd149677-3d47-4e05-a55f-4e75b13a441f,Descr='src\rserver\src\rmngrcalls.cpp(739):
dd149677-3d47-4e05-a55f-4e75b13a441f: Процесс завершается. Исходящий вызов запрещен.'
00:09.952013-0,EXCP,1,process=rphost,p:processName=bi_bk3wk1_prod_01,OSThread=1108,t:clientID=139,t:applicationName=1CV8C,t:computerName=DC3RDSH12,t:connectID=811,Exception=96380a22-60f7-4a8b-8fca-1224e6bc518f,Descr='src\rserver\src\rmngrcalls.cpp(951):
96380a22-60f7-4a8b-8fca-1224e6bc518f: onFinishIBConnection'
00:09.952014-0,EXCP,1,process=rphost,p:processName=bi_bk3wk1_prod_01,OSThread=1108,t:clientID=139,t:applicationName=1CV8C,t:computerName=DC3RDSH12,t:connectID=811,Exception=dd149677-3d47-4e05-a55f-4e75b13a441f,Descr='src\rserver\src\rmngrcalls.cpp(586):
dd149677-3d47-4e05-a55f-4e75b13a441f: Процесс завершается. Исходящий вызов запрещен.'
00:10.156001-0,EXCP,0,process=rphost,OSThread=7428,Exception=dd149677-3d47-4e05-a55f-4e75b13a441f,Descr='src\rserver\src\rmngrcalls.cpp(586):
dd149677-3d47-4e05-a55f-4e75b13a441f: Процесс завершается. Исходящий вызов запрещен.'
00:10.156000-0,EXCP,1,process=rphost,p:processName=bi_bk3wk1_prod_01,OSThread=1108,t:clientID=139,t:applicationName=1CV8C,t:computerName=DC3RDSH12,t:connectID=811,Exception=dd149677-3d47-4e05-a55f-4e75b13a441f,Descr='src\rserver\src\rmngrcalls.cpp(586):
dd149677-3d47-4e05-a55f-4e75b13a441f: Процесс завершается. Исходящий вызов запрещен.'
00:10.156002-0,EXCP,0,process=rphost,OSThread=7428,Exception=dd149677-3d47-4e05-a55f-4e75b13a441f,Descr='src\rserver\src\clusterdistribimpl.cpp(2624):
dd149677-3d47-4e05-a55f-4e75b13a441f: Процесс завершается. Исходящий вызов запрещен.'
00:10.156003-0,EXCP,0,process=rphost,OSThread=7428,Exception=dd149677-3d47-4e05-a55f-4e75b13a441f,Descr='src\rserver\src\rmngrcalls.cpp(586):
dd149677-3d47-4e05-a55f-4e75b13a441f: Процесс завершается. Исходящий вызов запрещен.'
00:10.156005-0,EXCP,0,process=rphost,OSThread=8280,Exception=dd149677-3d47-4e05-a55f-4e75b13a441f,Descr='src\rserver\src\rmngrcalls.cpp(586):
dd149677-3d47-4e05-a55f-4e75b13a441f: Процесс завершается. Исходящий вызов запрещен.'
00:10.156006-0,EXCP,1,process=rphost,p:processName=bi_bk3wk1_prod_01,OSThread=1108,t:clientID=259,t:applicationName=1CV8C,t:computerName=DC2RDSH04,t:connectID=968,Exception=dd149677-3d47-4e05-a55f-4e75b13a441f,Descr='src\rserver\src\rmngrcalls.cpp(586):
dd149677-3d47-4e05-a55f-4e75b13a441f: Процесс завершается. Исходящий вызов запрещен.'
00:10.359000-0,EXCP,0,process=rphost,OSThread=8280,Exception=dd149677-3d47-4e05-a55f-4e75b13a441f,Descr='src\rserver\src\rmngrcalls.cpp(586):
dd149677-3d47-4e05-a55f-4e75b13a441f: Процесс завершается. Исходящий вызов запрещен.'
00:10.359001-0,EXCP,1,process=rphost,p:processName=bi_bk3wk1_prod_01,OSThread=1108,t:clientID=259,t:applicationName=1CV8C,t:computerName=DC2RDSH04,t:connectID=968,Exception=dd149677-3d47-4e05-a55f-4e75b13a441f,Descr='src\rserver\src\rmngrcalls.cpp(586):
dd149677-3d47-4e05-a55f-4e75b13a441f: Процесс завершается. Исходящий вызов запрещен.'
00:10.359002-0,EXCP,0,process=rphost,OSThread=7428,Exception=dd149677-3d47-4e05-a55f-4e75b13a441f,Descr='src\rserver\src\rmngrcalls.cpp(586):
dd149677-3d47-4e05-a55f-4e75b13a441f: Процесс завершается. Исходящий вызов запрещен.'
00:10.359003-0,EXCP,0,process=rphost,OSThread=8280,Exception=dd149677-3d47-4e05-a55f-4e75b13a441f,Descr='src\rserver\src\rhostimpl.cpp(6261):
dd149677-3d47-4e05-a55f-4e75b13a441f: Процесс завершается. Исходящий вызов запрещен.'
00:10.359004-0,EXCP,0,process=rphost,OSThread=7428,Exception=dd149677-3d47-4e05-a55f-4e75b13a441f,Descr='src\rserver\src\clusterdistribimpl.cpp(2624):
dd149677-3d47-4e05-a55f-4e75b13a441f: Процесс завершается. Исходящий вызов запрещен.'
00:10.359006-0,EXCP,0,process=rphost,OSThread=8280,Exception=dd149677-3d47-4e05-a55f-4e75b13a441f,Descr='src\rserver\src\rmngrcalls.cpp(739):
dd149677-3d47-4e05-a55f-4e75b13a441f: Процесс завершается. Исходящий вызов запрещен.'
00:10.359005-0,EXCP,1,process=rphost,p:processName=bi_bk3wk1_prod_01,OSThread=1108,t:clientID=259,t:applicationName=1CV8C,t:computerName=DC2RDSH04,t:connectID=968,Exception=dd149677-3d47-4e05-a55f-4e75b13a441f,Descr='src\rserver\src\srvrinfobaseimpl.cpp(1227):
dd149677-3d47-4e05-a55f-4e75b13a441f: Процесс завершается. Исходящий вызов запрещен.'
00:10.359007-0,EXCP,0,process=rphost,OSThread=7428,Exception=dd149677-3d47-4e05-a55f-4e75b13a441f,Descr='src\rserver\src\rmngrcalls.cpp(586):
dd149677-3d47-4e05-a55f-4e75b13a441f: Процесс завершается. Исходящий вызов запрещен.'
00:10.359008-0,EXCP,0,process=rphost,OSThread=8280,Exception=dd149677-3d47-4e05-a55f-4e75b13a441f,Descr='src\rserver\src\rmngrcalls.cpp(739):
dd149677-3d47-4e05-a55f-4e75b13a441f: Процесс завершается. Исходящий вызов запрещен.'
00:10.359009-0,EXCP,0,process=rphost,OSThread=8280,Exception=96380a22-60f7-4a8b-8fca-1224e6bc518f,Descr='src\rserver\src\rmngrcalls.cpp(951):
96380a22-60f7-4a8b-8fca-1224e6bc518f: onFinishConnection'
00:10.359010-0,EXCP,1,process=rphost,p:processName=bi_bk3wk1_prod_01,OSThread=1108,t:clientID=259,t:applicationName=1CV8C,t:computerName=DC2RDSH04,t:connectID=968,Exception=dd149677-3d47-4e05-a55f-4e75b13a441f,Descr='src\rserver\src\rmngrcalls.cpp(739):
dd149677-3d47-4e05-a55f-4e75b13a441f: Процесс завершается. Исходящий вызов запрещен.'
00:10.359011-0,EXCP,1,process=rphost,p:processName=bi_bk3wk1_prod_01,OSThread=1108,t:clientID=259,t:applicationName=1CV8C,t:computerName=DC2RDSH04,t:connectID=968,Exception=dd149677-3d47-4e05-a55f-4e75b13a441f,Descr='src\rserver\src\rmngrcalls.cpp(739):
dd149677-3d47-4e05-a55f-4e75b13a441f: Процесс завершается. Исходящий вызов запрещен.'
00:10.359012-0,EXCP,1,process=rphost,p:processName=bi_bk3wk1_prod_01,OSThread=1108,t:clientID=259,t:applicationName=1CV8C,t:computerName=DC2RDSH04,t:connectID=968,Exception=96380a22-60f7-4a8b-8fca-1224e6bc518f,Descr='src\rserver\src\rmngrcalls.cpp(951):
96380a22-60f7-4a8b-8fca-1224e6bc518f: onFinishIBConnection'
00:10.359013-0,EXCP,1,process=rphost,p:processName=bi_bk3wk1_prod_01,OSThread=1108,t:clientID=259,t:applicationName=1CV8C,t:computerName=DC2RDSH04,t:connectID=968,Exception=dd149677-3d47-4e05-a55f-4e75b13a441f,Descr='src\rserver\src\rmngrcalls.cpp(586):
dd149677-3d47-4e05-a55f-4e75b13a441f: Процесс завершается. Исходящий вызов запрещен.'
00:10.562000-0,EXCP,0,process=rphost,OSThread=7428,Exception=dd149677-3d47-4e05-a55f-4e75b13a441f,Descr='src\rserver\src\rmngrcalls.cpp(586):
dd149677-3d47-4e05-a55f-4e75b13a441f: Процесс завершается. Исходящий вызов запрещен.'
00:10.562001-0,EXCP,1,process=rphost,p:processName=bi_bk3wk1_prod_01,OSThread=1108,t:clientID=259,t:applicationName=1CV8C,t:computerName=DC2RDSH04,t:connectID=968,Exception=dd149677-3d47-4e05-a55f-4e75b13a441f,Descr='src\rserver\src\rmngrcalls.cpp(586):
dd149677-3d47-4e05-a55f-4e75b13a441f: Процесс завершается. Исходящий вызов запрещен.'
00:10.562002-0,EXCP,0,process=rphost,OSThread=7428,Exception=dd149677-3d47-4e05-a55f-4e75b13a441f,Descr='src\rserver\src\clusterdistribimpl.cpp(2624):
dd149677-3d47-4e05-a55f-4e75b13a441f: Процесс завершается. Исходящий вызов запрещен.'
00:10.562003-0,EXCP,0,process=rphost,OSThread=7428,Exception=dd149677-3d47-4e05-a55f-4e75b13a441f,Descr='src\rserver\src\rmngrcalls.cpp(586):
dd149677-3d47-4e05-a55f-4e75b13a441f: Процесс завершается. Исходящий вызов запрещен.'
00:10.562005-0,EXCP,0,process=rphost,OSThread=8280,Exception=dd149677-3d47-4e05-a55f-4e75b13a441f,Descr='src\rserver\src\rmngrcalls.cpp(586):
dd149677-3d47-4e05-a55f-4e75b13a441f: Процесс завершается. Исходящий вызов запрещен.'
00:10.562006-0,EXCP,1,process=rphost,p:processName=bi_bk3wk1_prod_01,OSThread=1108,t:clientID=260,t:applicationName=1CV8C,t:computerName=DC2RDSH14,t:connectID=969,Exception=dd149677-3d47-4e05-a55f-4e75b13a441f,Descr='src\rserver\src\rmngrcalls.cpp(586):
dd149677-3d47-4e05-a55f-4e75b13a441f: Процесс завершается. Исходящий вызов запрещен.'
00:10.765001-0,EXCP,0,process=rphost,OSThread=8280,Exception=dd149677-3d47-4e05-a55f-4e75b13a441f,Descr='src\rserver\src\rmngrcalls.cpp(586):
dd149677-3d47-4e05-a55f-4e75b13a441f: Процесс завершается. Исходящий вызов запрещен.'
00:10.765000-0,EXCP,0,process=rphost,OSThread=7428,Exception=dd149677-3d47-4e05-a55f-4e75b13a441f,Descr='src\rserver\src\rmngrcalls.cpp(586):
dd149677-3d47-4e05-a55f-4e75b13a441f: Процесс завершается. Исходящий вызов запрещен.'
00:10.765002-0,EXCP,1,process=rphost,p:processName=bi_bk3wk1_prod_01,OSThread=1108,t:clientID=260,t:applicationName=1CV8C,t:computerName=DC2RDSH14,t:connectID=969,Exception=dd149677-3d47-4e05-a55f-4e75b13a441f,Descr='src\rserver\src\rmngrcalls.cpp(586):
dd149677-3d47-4e05-a55f-4e75b13a441f: Процесс завершается. Исходящий вызов запрещен.'
00:10.765003-0,EXCP,0,process=rphost,OSThread=8280,Exception=dd149677-3d47-4e05-a55f-4e75b13a441f,Descr='src\rserver\src\rhostimpl.cpp(6261):
dd149677-3d47-4e05-a55f-4e75b13a441f: Процесс завершается. Исходящий вызов запрещен.'
00:10.765004-0,EXCP,0,process=rphost,OSThread=7428,Exception=dd149677-3d47-4e05-a55f-4e75b13a441f,Descr='src\rserver\src\clusterdistribimpl.cpp(2624):
dd149677-3d47-4e05-a55f-4e75b13a441f: Процесс завершается. Исходящий вызов запрещен.'
00:10.765005-0,EXCP,1,process=rphost,p:processName=bi_bk3wk1_prod_01,OSThread=1108,t:clientID=260,t:applicationName=1CV8C,t:computerName=DC2RDSH14,t:connectID=969,Exception=dd149677-3d47-4e05-a55f-4e75b13a441f,Descr='src\rserver\src\srvrinfobaseimpl.cpp(1227):
dd149677-3d47-4e05-a55f-4e75b13a441f: Процесс завершается. Исходящий вызов запрещен.'
00:10.765006-0,EXCP,0,process=rphost,OSThread=8280,Exception=dd149677-3d47-4e05-a55f-4e75b13a441f,Descr='src\rserver\src\rmngrcalls.cpp(739):
dd149677-3d47-4e05-a55f-4e75b13a441f: Процесс завершается. Исходящий вызов запрещен.'
00:10.765007-0,EXCP,0,process=rphost,OSThread=7428,Exception=dd149677-3d47-4e05-a55f-4e75b13a441f,Descr='src\rserver\src\rmngrcalls.cpp(586):
dd149677-3d47-4e05-a55f-4e75b13a441f: Процесс завершается. Исходящий вызов запрещен.'
00:10.765008-0,EXCP,0,process=rphost,OSThread=8280,Exception=dd149677-3d47-4e05-a55f-4e75b13a441f,Descr='src\rserver\src\rmngrcalls.cpp(739):
dd149677-3d47-4e05-a55f-4e75b13a441f: Процесс завершается. Исходящий вызов запрещен.'
00:10.765009-0,EXCP,0,process=rphost,OSThread=8280,Exception=96380a22-60f7-4a8b-8fca-1224e6bc518f,Descr='src\rserver\src\rmngrcalls.cpp(951):
96380a22-60f7-4a8b-8fca-1224e6bc518f: onFinishConnection'
00:10.765010-0,EXCP,1,process=rphost,p:processName=bi_bk3wk1_prod_01,OSThread=1108,t:clientID=260,t:applicationName=1CV8C,t:computerName=DC2RDSH14,t:connectID=969,Exception=dd149677-3d47-4e05-a55f-4e75b13a441f,Descr='src\rserver\src\rmngrcalls.cpp(739):
dd149677-3d47-4e05-a55f-4e75b13a441f: Процесс завершается. Исходящий вызов запрещен.'
00:10.765011-0,EXCP,1,process=rphost,p:processName=bi_bk3wk1_prod_01,OSThread=1108,t:clientID=260,t:applicationName=1CV8C,t:computerName=DC2RDSH14,t:connectID=969,Exception=dd149677-3d47-4e05-a55f-4e75b13a441f,Descr='src\rserver\src\rmngrcalls.cpp(739):
dd149677-3d47-4e05-a55f-4e75b13a441f: Процесс завершается. Исходящий вызов запрещен.'
00:10.765012-0,EXCP,1,process=rphost,p:processName=bi_bk3wk1_prod_01,OSThread=1108,t:clientID=260,t:applicationName=1CV8C,t:computerName=DC2RDSH14,t:connectID=969,Exception=96380a22-60f7-4a8b-8fca-1224e6bc518f,Descr='src\rserver\src\rmngrcalls.cpp(951):
96380a22-60f7-4a8b-8fca-1224e6bc518f: onFinishIBConnection'
00:10.765013-0,EXCP,1,process=rphost,p:processName=bi_bk3wk1_prod_01,OSThread=1108,t:clientID=260,t:applicationName=1CV8C,t:computerName=DC2RDSH14,t:connectID=969,Exception=dd149677-3d47-4e05-a55f-4e75b13a441f,Descr='src\rserver\src\rmngrcalls.cpp(586):
dd149677-3d47-4e05-a55f-4e75b13a441f: Процесс завершается. Исходящий вызов запрещен.'
00:10.968001-0,EXCP,1,process=rphost,p:processName=bi_bk3wk1_prod_01,OSThread=1108,t:clientID=260,t:applicationName=1CV8C,t:computerName=DC2RDSH14,t:connectID=969,Exception=dd149677-3d47-4e05-a55f-4e75b13a441f,Descr='src\rserver\src\rmngrcalls.cpp(586):
dd149677-3d47-4e05-a55f-4e75b13a441f: Процесс завершается. Исходящий вызов запрещен.'
00:10.968000-0,EXCP,0,process=rphost,OSThread=7428,Exception=dd149677-3d47-4e05-a55f-4e75b13a441f,Descr='src\rserver\src\rmngrcalls.cpp(586):
dd149677-3d47-4e05-a55f-4e75b13a441f: Процесс завершается. Исходящий вызов запрещен.'
00:10.968002-0,EXCP,0,process=rphost,OSThread=7428,Exception=dd149677-3d47-4e05-a55f-4e75b13a441f,Descr='src\rserver\src\clusterdistribimpl.cpp(2624):
dd149677-3d47-4e05-a55f-4e75b13a441f: Процесс завершается. Исходящий вызов запрещен.'
00:10.968004-0,EXCP,0,process=rphost,OSThread=7428,Exception=dd149677-3d47-4e05-a55f-4e75b13a441f,Descr='src\rserver\src\rmngrcalls.cpp(586):
dd149677-3d47-4e05-a55f-4e75b13a441f: Процесс завершается. Исходящий вызов запрещен.'
00:10.968005-0,EXCP,0,process=rphost,OSThread=8280,Exception=dd149677-3d47-4e05-a55f-4e75b13a441f,Descr='src\rserver\src\rmngrcalls.cpp(586):
dd149677-3d47-4e05-a55f-4e75b13a441f: Процесс завершается. Исходящий вызов запрещен.'
00:10.968006-0,EXCP,1,process=rphost,p:processName=bi_bk3wk1_prod_01,OSThread=1108,t:clientID=3332,t:applicationName=1CV8C,t:computerName=DC1RDSH06,t:connectID=10319,Exception=dd149677-3d47-4e05-a55f-4e75b13a441f,Descr='src\rserver\src\rmngrcalls.cpp(586):
dd149677-3d47-4e05-a55f-4e75b13a441f: Процесс завершается. Исходящий вызов запрещен.'
00:11.171000-0,EXCP,0,process=rphost,OSThread=8280,Exception=dd149677-3d47-4e05-a55f-4e75b13a441f,Descr='src\rserver\src\rmngrcalls.cpp(586):
dd149677-3d47-4e05-a55f-4e75b13a441f: Процесс завершается. Исходящий вызов запрещен.'
00:11.171001-0,EXCP,0,process=rphost,OSThread=7428,Exception=dd149677-3d47-4e05-a55f-4e75b13a441f,Descr='src\rserver\src\rmngrcalls.cpp(586):
dd149677-3d47-4e05-a55f-4e75b13a441f: Процесс завершается. Исходящий вызов запрещен.'
00:11.171002-0,EXCP,1,process=rphost,p:processName=bi_bk3wk1_prod_01,OSThread=1108,t:clientID=3332,t:applicationName=1CV8C,t:computerName=DC1RDSH06,t:connectID=10319,Exception=dd149677-3d47-4e05-a55f-4e75b13a441f,Descr='src\rserver\src\rmngrcalls.cpp(586):
dd149677-3d47-4e05-a55f-4e75b13a441f: Процесс завершается. Исходящий вызов запрещен.'
00:11.171003-0,EXCP,0,process=rphost,OSThread=8280,Exception=dd149677-3d47-4e05-a55f-4e75b13a441f,Descr='src\rserver\src\rhostimpl.cpp(6261):
dd149677-3d47-4e05-a55f-4e75b13a441f: Процесс завершается. Исходящий вызов запрещен.'
00:11.171004-0,EXCP,0,process=rphost,OSThread=7428,Exception=dd149677-3d47-4e05-a55f-4e75b13a441f,Descr='src\rserver\src\clusterdistribimpl.cpp(2624):
dd149677-3d47-4e05-a55f-4e75b13a441f: Процесс завершается. Исходящий вызов запрещен.'
00:11.171005-0,EXCP,1,process=rphost,p:processName=bi_bk3wk1_prod_01,OSThread=1108,t:clientID=3332,t:applicationName=1CV8C,t:computerName=DC1RDSH06,t:connectID=10319,Exception=dd149677-3d47-4e05-a55f-4e75b13a441f,Descr='src\rserver\src\srvrinfobaseimpl.cpp(1227):
dd149677-3d47-4e05-a55f-4e75b13a441f: Процесс завершается. Исходящий вызов запрещен.'
00:11.171006-0,EXCP,0,process=rphost,OSThread=8280,Exception=dd149677-3d47-4e05-a55f-4e75b13a441f,Descr='src\rserver\src\rmngrcalls.cpp(739):
dd149677-3d47-4e05-a55f-4e75b13a441f: Процесс завершается. Исходящий вызов запрещен.'
00:11.171007-0,EXCP,0,process=rphost,OSThread=7428,Exception=dd149677-3d47-4e05-a55f-4e75b13a441f,Descr='src\rserver\src\rmngrcalls.cpp(586):
dd149677-3d47-4e05-a55f-4e75b13a441f: Процесс завершается. Исходящий вызов запрещен.'
00:11.171008-0,EXCP,0,process=rphost,OSThread=8280,Exception=dd149677-3d47-4e05-a55f-4e75b13a441f,Descr='src\rserver\src\rmngrcalls.cpp(739):
dd149677-3d47-4e05-a55f-4e75b13a441f: Процесс завершается. Исходящий вызов запрещен.'
00:11.171009-0,EXCP,0,process=rphost,OSThread=8280,Exception=96380a22-60f7-4a8b-8fca-1224e6bc518f,Descr='src\rserver\src\rmngrcalls.cpp(951):
96380a22-60f7-4a8b-8fca-1224e6bc518f: onFinishConnection'
00:11.171010-0,EXCP,1,process=rphost,p:processName=bi_bk3wk1_prod_01,OSThread=1108,t:clientID=3332,t:applicationName=1CV8C,t:computerName=DC1RDSH06,t:connectID=10319,Exception=dd149677-3d47-4e05-a55f-4e75b13a441f,Descr='src\rserver\src\rmngrcalls.cpp(739):
dd149677-3d47-4e05-a55f-4e75b13a441f: Процесс завершается. Исходящий вызов запрещен.'
00:11.171011-0,EXCP,1,process=rphost,p:processName=bi_bk3wk1_prod_01,OSThread=1108,t:clientID=3332,t:applicationName=1CV8C,t:computerName=DC1RDSH06,t:connectID=10319,Exception=dd149677-3d47-4e05-a55f-4e75b13a441f,Descr='src\rserver\src\rmngrcalls.cpp(739):
dd149677-3d47-4e05-a55f-4e75b13a441f: Процесс завершается. Исходящий вызов запрещен.'
00:11.171012-0,EXCP,1,process=rphost,p:processName=bi_bk3wk1_prod_01,OSThread=1108,t:clientID=3332,t:applicationName=1CV8C,t:computerName=DC1RDSH06,t:connectID=10319,Exception=96380a22-60f7-4a8b-8fca-1224e6bc518f,Descr='src\rserver\src\rmngrcalls.cpp(951):
96380a22-60f7-4a8b-8fca-1224e6bc518f: onFinishIBConnection'
00:11.171013-0,EXCP,1,process=rphost,p:processName=bi_bk3wk1_prod_01,OSThread=1108,t:clientID=3332,t:applicationName=1CV8C,t:computerName=DC1RDSH06,t:connectID=10319,Exception=dd149677-3d47-4e05-a55f-4e75b13a441f,Descr='src\rserver\src\rmngrcalls.cpp(586):
dd149677-3d47-4e05-a55f-4e75b13a441f: Процесс завершается. Исходящий вызов запрещен.'
00:11.374001-0,EXCP,1,process=rphost,p:processName=bi_bk3wk1_prod_01,OSThread=1108,t:clientID=3332,t:applicationName=1CV8C,t:computerName=DC1RDSH06,t:connectID=10319,Exception=dd149677-3d47-4e05-a55f-4e75b13a441f,Descr='src\rserver\src\rmngrcalls.cpp(586):
dd149677-3d47-4e05-a55f-4e75b13a441f: Процесс завершается. Исходящий вызов запрещен.'
00:11.374000-0,EXCP,0,process=rphost,OSThread=7428,Exception=dd149677-3d47-4e05-a55f-4e75b13a441f,Descr='src\rserver\src\rmngrcalls.cpp(586):
dd149677-3d47-4e05-a55f-4e75b13a441f: Процесс завершается. Исходящий вызов запрещен.'
00:11.374002-0,EXCP,0,process=rphost,OSThread=7428,Exception=dd149677-3d47-4e05-a55f-4e75b13a441f,Descr='src\rserver\src\clusterdistribimpl.cpp(2624):
dd149677-3d47-4e05-a55f-4e75b13a441f: Процесс завершается. Исходящий вызов запрещен.'
00:11.374004-0,EXCP,0,process=rphost,OSThread=7428,Exception=dd149677-3d47-4e05-a55f-4e75b13a441f,Descr='src\rserver\src\rmngrcalls.cpp(586):
dd149677-3d47-4e05-a55f-4e75b13a441f: Процесс завершается. Исходящий вызов запрещен.'
00:11.374005-0,EXCP,0,process=rphost,OSThread=8280,Exception=dd149677-3d47-4e05-a55f-4e75b13a441f,Descr='src\rserver\src\rmngrcalls.cpp(586):
dd149677-3d47-4e05-a55f-4e75b13a441f: Процесс завершается. Исходящий вызов запрещен.'
00:11.577001-0,EXCP,0,process=rphost,OSThread=8280,Exception=dd149677-3d47-4e05-a55f-4e75b13a441f,Descr='src\rserver\src\rmngrcalls.cpp(586):
dd149677-3d47-4e05-a55f-4e75b13a441f: Процесс завершается. Исходящий вызов запрещен.'
00:11.577002-0,EXCP,0,process=rphost,OSThread=7428,Exception=dd149677-3d47-4e05-a55f-4e75b13a441f,Descr='src\rserver\src\rmngrcalls.cpp(586):
dd149677-3d47-4e05-a55f-4e75b13a441f: Процесс завершается. Исходящий вызов запрещен.'
00:11.577003-0,EXCP,0,process=rphost,OSThread=8280,Exception=dd149677-3d47-4e05-a55f-4e75b13a441f,Descr='src\rserver\src\rhostimpl.cpp(6261):
dd149677-3d47-4e05-a55f-4e75b13a441f: Процесс завершается. Исходящий вызов запрещен.'
00:11.577004-0,EXCP,0,process=rphost,OSThread=7428,Exception=dd149677-3d47-4e05-a55f-4e75b13a441f,Descr='src\rserver\src\clusterdistribimpl.cpp(2624):
dd149677-3d47-4e05-a55f-4e75b13a441f: Процесс завершается. Исходящий вызов запрещен.'
00:11.577005-0,EXCP,0,process=rphost,OSThread=8280,Exception=dd149677-3d47-4e05-a55f-4e75b13a441f,Descr='src\rserver\src\rmngrcalls.cpp(739):
dd149677-3d47-4e05-a55f-4e75b13a441f: Процесс завершается. Исходящий вызов запрещен.'
00:11.577006-0,EXCP,0,process=rphost,OSThread=7428,Exception=dd149677-3d47-4e05-a55f-4e75b13a441f,Descr='src\rserver\src\rmngrcalls.cpp(586):
dd149677-3d47-4e05-a55f-4e75b13a441f: Процесс завершается. Исходящий вызов запрещен.'
00:11.577007-0,EXCP,0,process=rphost,OSThread=8280,Exception=dd149677-3d47-4e05-a55f-4e75b13a441f,Descr='src\rserver\src\rmngrcalls.cpp(739):
dd149677-3d47-4e05-a55f-4e75b13a441f: Процесс завершается. Исходящий вызов запрещен.'
00:11.577008-0,EXCP,0,process=rphost,OSThread=8280,Exception=96380a22-60f7-4a8b-8fca-1224e6bc518f,Descr='src\rserver\src\rmngrcalls.cpp(951):
96380a22-60f7-4a8b-8fca-1224e6bc518f: onFinishConnection'
00:11.781000-0,EXCP,0,process=rphost,OSThread=7428,Exception=dd149677-3d47-4e05-a55f-4e75b13a441f,Descr='src\rserver\src\rmngrcalls.cpp(586):
dd149677-3d47-4e05-a55f-4e75b13a441f: Процесс завершается. Исходящий вызов запрещен.'
00:11.781001-0,EXCP,0,process=rphost,OSThread=7428,Exception=dd149677-3d47-4e05-a55f-4e75b13a441f,Descr='src\rserver\src\clusterdistribimpl.cpp(2624):
dd149677-3d47-4e05-a55f-4e75b13a441f: Процесс завершается. Исходящий вызов запрещен.'
00:11.781002-0,EXCP,0,process=rphost,OSThread=7428,Exception=dd149677-3d47-4e05-a55f-4e75b13a441f,Descr='src\rserver\src\rmngrcalls.cpp(586):
dd149677-3d47-4e05-a55f-4e75b13a441f: Процесс завершается. Исходящий вызов запрещен.'
00:11.984000-0,EXCP,0,process=rphost,OSThread=7428,Exception=dd149677-3d47-4e05-a55f-4e75b13a441f,Descr='src\rserver\src\rmngrcalls.cpp(586):
dd149677-3d47-4e05-a55f-4e75b13a441f: Процесс завершается. Исходящий вызов запрещен.'
00:11.984001-0,EXCP,0,process=rphost,OSThread=7428,Exception=dd149677-3d47-4e05-a55f-4e75b13a441f,Descr='src\rserver\src\clusterdistribimpl.cpp(2624):
dd149677-3d47-4e05-a55f-4e75b13a441f: Процесс завершается. Исходящий вызов запрещен.'
00:11.984002-0,EXCP,0,process=rphost,OSThread=7428,Exception=dd149677-3d47-4e05-a55f-4e75b13a441f,Descr='src\rserver\src\rmngrcalls.cpp(586):
dd149677-3d47-4e05-a55f-4e75b13a441f: Процесс завершается. Исходящий вызов запрещен.'
00:12.187000-0,EXCP,0,process=rphost,OSThread=7428,Exception=dd149677-3d47-4e05-a55f-4e75b13a441f,Descr='src\rserver\src\rmngrcalls.cpp(586):
dd149677-3d47-4e05-a55f-4e75b13a441f: Процесс завершается. Исходящий вызов запрещен.'
00:12.187001-0,EXCP,0,process=rphost,OSThread=7428,Exception=dd149677-3d47-4e05-a55f-4e75b13a441f,Descr='src\rserver\src\clusterdistribimpl.cpp(2624):
dd149677-3d47-4e05-a55f-4e75b13a441f: Процесс завершается. Исходящий вызов запрещен.'
00:12.187002-0,EXCP,0,process=rphost,OSThread=7428,Exception=dd149677-3d47-4e05-a55f-4e75b13a441f,Descr='src\rserver\src\rmngrcalls.cpp(586):
dd149677-3d47-4e05-a55f-4e75b13a441f: Процесс завершается. Исходящий вызов запрещен.'
00:12.390000-0,EXCP,0,process=rphost,OSThread=7428,Exception=dd149677-3d47-4e05-a55f-4e75b13a441f,Descr='src\rserver\src\rmngrcalls.cpp(586):
dd149677-3d47-4e05-a55f-4e75b13a441f: Процесс завершается. Исходящий вызов запрещен.'
00:12.390001-0,EXCP,0,process=rphost,OSThread=7428,Exception=dd149677-3d47-4e05-a55f-4e75b13a441f,Descr='src\rserver\src\clusterdistribimpl.cpp(2624):
dd149677-3d47-4e05-a55f-4e75b13a441f: Процесс завершается. Исходящий вызов запрещен.'
00:12.390002-0,EXCP,0,process=rphost,OSThread=7428,Exception=dd149677-3d47-4e05-a55f-4e75b13a441f,Descr='src\rserver\src\rmngrcalls.cpp(586):
dd149677-3d47-4e05-a55f-4e75b13a441f: Процесс завершается. Исходящий вызов запрещен.'
00:12.593000-0,EXCP,0,process=rphost,OSThread=7428,Exception=dd149677-3d47-4e05-a55f-4e75b13a441f,Descr='src\rserver\src\rmngrcalls.cpp(586):
dd149677-3d47-4e05-a55f-4e75b13a441f: Процесс завершается. Исходящий вызов запрещен.'
00:12.593001-0,EXCP,0,process=rphost,OSThread=7428,Exception=dd149677-3d47-4e05-a55f-4e75b13a441f,Descr='src\rserver\src\clusterdistribimpl.cpp(2624):
dd149677-3d47-4e05-a55f-4e75b13a441f: Процесс завершается. Исходящий вызов запрещен.'
00:12.593002-0,EXCP,0,process=rphost,OSThread=7428,Exception=dd149677-3d47-4e05-a55f-4e75b13a441f,Descr='src\rserver\src\rmngrcalls.cpp(586):
dd149677-3d47-4e05-a55f-4e75b13a441f: Процесс завершается. Исходящий вызов запрещен.'
00:12.796000-0,EXCP,0,process=rphost,OSThread=7428,Exception=dd149677-3d47-4e05-a55f-4e75b13a441f,Descr='src\rserver\src\rmngrcalls.cpp(586):
dd149677-3d47-4e05-a55f-4e75b13a441f: Процесс завершается. Исходящий вызов запрещен.'
00:12.796001-0,EXCP,0,process=rphost,OSThread=7428,Exception=dd149677-3d47-4e05-a55f-4e75b13a441f,Descr='src\rserver\src\clusterdistribimpl.cpp(2624):
dd149677-3d47-4e05-a55f-4e75b13a441f: Процесс завершается. Исходящий вызов запрещен.'
00:12.796002-0,EXCP,0,process=rphost,OSThread=7428,Exception=dd149677-3d47-4e05-a55f-4e75b13a441f,Descr='src\rserver\src\rmngrcalls.cpp(586):
dd149677-3d47-4e05-a55f-4e75b13a441f: Процесс завершается. Исходящий вызов запрещен.'
00:12.999000-0,EXCP,0,process=rphost,OSThread=7428,Exception=dd149677-3d47-4e05-a55f-4e75b13a441f,Descr='src\rserver\src\rmngrcalls.cpp(586):
dd149677-3d47-4e05-a55f-4e75b13a441f: Процесс завершается. Исходящий вызов запрещен.'
00:12.999001-0,EXCP,0,process=rphost,OSThread=7428,Exception=dd149677-3d47-4e05-a55f-4e75b13a441f,Descr='src\rserver\src\clusterdistribimpl.cpp(2624):
dd149677-3d47-4e05-a55f-4e75b13a441f: Процесс завершается. Исходящий вызов запрещен.'
00:12.999002-0,EXCP,0,process=rphost,OSThread=7428,Exception=dd149677-3d47-4e05-a55f-4e75b13a441f,Descr='src\rserver\src\rmngrcalls.cpp(586):
dd149677-3d47-4e05-a55f-4e75b13a441f: Процесс завершается. Исходящий вызов запрещен.'
