00:01.358000-0,EXCP,0,process=rphost,OSThread=3872,ClientID=3805,Exception=NetDataExchangeException,Descr='server_addr=(2)10.225.32.33:53851 descr=2(0x00000002): Не удается найти указанный файл.  line=1149 file=d:\jenkins\ci_builder2\windowsbuild2\platform\src\rtrsrvc\src\dataexchangeserverimpl.cpp'
00:02.030000-0,EXCPCNTX,0,ClientComputerName=,ServerComputerName=,UserName=,ConnectString=
00:07.233004-0,ADMIN,3,process=rphost,p:processName=##AdminProcess##,OSThread=5792,t:clientID=3807,t:applicationName=SrvrConsole,t:computerName=Gabdullin_B,Func=authenticateSrvrUser,Administrator=,Result=Success
00:07.249036-0,ADMIN,3,process=rphost,p:processName=bi_bk3wk1_prod_01,OSThread=5792,t:clientID=3807,t:applicationName=SrvrConsole,t:computerName=Gabdullin_B,t:connectID=5939,SessionID=5444,Func=authenticateInfoBaseAdmin,ClusterID=8aa94e2b-5d54-4b86-800b-79353ce39638,InfoBaseID=e65619db-c02e-4647-a08d-3f4e7765383d,Usr=#WINAUTH#,Administrator=,Result=Success
00:07.249001-0,ADMIN,3,process=rphost,p:processName=##AdminProcess##,OSThread=5792,t:clientID=3807,t:applicationName=SrvrConsole,t:computerName=Gabdullin_B,Func=getInfoBaseParams,ClusterID=8aa94e2b-5d54-4b86-800b-79353ce39638,InfoBaseID=e65619db-c02e-4647-a08d-3f4e7765383d,Ref=bi_bk3wk1_prod_01,Administrator=,Result=Success
00:16.452000-0,EXCP,0,process=rphost,OSThread=10800,ClientID=3806,Exception=NetDataExchangeException,Descr='server_addr=(2)10.225.32.33:53852 descr=2(0x00000002): Не удается найти указанный файл.  line=1149 file=d:\jenkins\ci_builder2\windowsbuild2\platform\src\rtrsrvc\src\dataexchangeserverimpl.cpp'
00:16.452001-0,EXCPCNTX,0,ClientComputerName=,ServerComputerName=,UserName=,ConnectString=
00:26.357003-0,ADMIN,3,process=rphost,p:processName=##AdminProcess##,OSThread=2924,t:clientID=3807,t:applicationName=SrvrConsole,t:computerName=Gabdullin_B,t:connectID=5939,SessionID=5444,Usr=WK1_ГабдуллинБА,Func=setInfoBaseConnectingDeny,ClusterID=8aa94e2b-5d54-4b86-800b-79353ce39638,InfoBaseID=e65619db-c02e-4647-a08d-3f4e7765383d,ConnDn=1,DnFrom=20200422000000,DnTo=00010101000000,DnMsg=,DnAlCd=,DnPrm=,Ref=bi_bk3wk1_prod_01,Administrator=,Result=Success
00:27.076007-0,EXCP,2,process=rphost,p:processName=bi_bk3wk1_prod_01,OSThread=9424,t:clientID=1716,t:applicationName=WebServerExtension,t:computerName=DC1CISWEB02,t:connectID=1509,Exception=580392e6-ba49-4280-ac67-fcd6f2180121,Descr='src\vrsbase\src\vresourceinfobaseimpl.cpp(1011):
580392e6-ba49-4280-ac67-fcd6f2180121: HTTP: Forbidden
Ошибка при выполнении запроса GET к ресурсу /ws/XP_LOADDOK:
a01f465c-ed70-442e-ada5-847668d7a41c: Начало сеанса с информационной базой запрещено.'
00:30.482023-0,EXCP,0,process=rphost,OSThread=8112,ClientID=1220,Exception=NetDataExchangeException,Descr='server_addr=(2)10.224.32.248:63859 descr=2(0x00000002): Не удается найти указанный файл.  line=1149 file=d:\jenkins\ci_builder2\windowsbuild2\platform\src\rtrsrvc\src\dataexchangeserverimpl.cpp'
00:30.482025-0,EXCPCNTX,0,ClientComputerName=,ServerComputerName=,UserName=,ConnectString=
00:30.498013-0,EXCP,0,process=rphost,OSThread=8112,ClientID=1836,Exception=NetDataExchangeException,Descr='server_addr=(2)10.225.32.125:57505 descr=2(0x00000002): Не удается найти указанный файл.  line=1149 file=d:\jenkins\ci_builder2\windowsbuild2\platform\src\rtrsrvc\src\dataexchangeserverimpl.cpp'
00:30.498014-0,EXCPCNTX,0,ClientComputerName=,ServerComputerName=,UserName=,ConnectString=
00:31.529000-0,EXCP,0,process=rphost,OSThread=3736,ClientID=3808,Exception=NetDataExchangeException,Descr='server_addr=(2)10.225.32.33:53853 descr=2(0x00000002): Не удается найти указанный файл.  line=1149 file=d:\jenkins\ci_builder2\windowsbuild2\platform\src\rtrsrvc\src\dataexchangeserverimpl.cpp'
00:31.529001-0,EXCPCNTX,0,ClientComputerName=,ServerComputerName=,UserName=,ConnectString=
00:32.420017-0,EXCP,0,process=rphost,OSThread=5860,ClientID=1524,Exception=NetDataExchangeException,Descr='server_addr=(2)10.3.172.24:62152 descr=2(0x00000002): Не удается найти указанный файл.  line=1149 file=d:\jenkins\ci_builder2\windowsbuild2\platform\src\rtrsrvc\src\dataexchangeserverimpl.cpp'
00:32.420018-0,EXCPCNTX,0,ClientComputerName=,ServerComputerName=,UserName=,ConnectString=
00:34.185002-0,EXCP,0,process=rphost,OSThread=9756,ClientID=1138,Exception=NetDataExchangeException,Descr='server_addr=(2)10.3.172.6:52949 descr=2(0x00000002): Не удается найти указанный файл.  line=1149 file=d:\jenkins\ci_builder2\windowsbuild2\platform\src\rtrsrvc\src\dataexchangeserverimpl.cpp'
00:34.185004-0,EXCPCNTX,0,ClientComputerName=,ServerComputerName=,UserName=,ConnectString=
00:34.217022-0,EXCP,2,process=rphost,p:processName=bi_bk3wk1_prod_01,OSThread=2924,t:clientID=3810,t:applicationName=1CV8C,t:computerName=DC1RDSH02,t:connectID=5941,Exception=580392e6-ba49-4280-ac67-fcd6f2180121,Descr='src\vrsbase\src\vresourceinfobaseimpl.cpp(1011):
580392e6-ba49-4280-ac67-fcd6f2180121: HTTP: Forbidden
Ошибка при выполнении запроса POST к ресурсу /e1cib/login:
a01f465c-ed70-442e-ada5-847668d7a41c: Начало сеанса с информационной базой запрещено.'
00:34.529023-0,EXCP,0,process=rphost,OSThread=9756,ClientID=1819,Exception=NetDataExchangeException,Descr='server_addr=(2)10.3.172.24:62352 descr=2(0x00000002): Не удается найти указанный файл.  line=1149 file=d:\jenkins\ci_builder2\windowsbuild2\platform\src\rtrsrvc\src\dataexchangeserverimpl.cpp'
00:34.529025-0,EXCPCNTX,0,ClientComputerName=,ServerComputerName=,UserName=,ConnectString=
00:34.795018-0,EXCP,2,process=rphost,p:processName=bi_bk3wk1_prod_01,OSThread=5792,t:clientID=3811,t:applicationName=1CV8C,t:computerName=DC1RDSH19,t:connectID=5943,Exception=580392e6-ba49-4280-ac67-fcd6f2180121,Descr='src\vrsbase\src\vresourceinfobaseimpl.cpp(1011):
580392e6-ba49-4280-ac67-fcd6f2180121: HTTP: Forbidden
Ошибка при выполнении запроса POST к ресурсу /e1cib/login:
a01f465c-ed70-442e-ada5-847668d7a41c: Начало сеанса с информационной базой запрещено.'
00:34.842020-0,EXCP,0,process=rphost,OSThread=9756,ClientID=1397,Exception=NetDataExchangeException,Descr='server_addr=(2)10.225.32.57:50585 descr=2(0x00000002): Не удается найти указанный файл.  line=1149 file=d:\jenkins\ci_builder2\windowsbuild2\platform\src\rtrsrvc\src\dataexchangeserverimpl.cpp'
00:34.842023-0,EXCPCNTX,0,ClientComputerName=,ServerComputerName=,UserName=,ConnectString=
00:35.342016-0,EXCP,0,process=rphost,OSThread=8116,ClientID=1817,Exception=NetDataExchangeException,Descr='server_addr=(2)10.3.172.15:54297 descr=2(0x00000002): Не удается найти указанный файл.  line=1149 file=d:\jenkins\ci_builder2\windowsbuild2\platform\src\rtrsrvc\src\dataexchangeserverimpl.cpp'
00:35.342017-0,EXCPCNTX,0,ClientComputerName=,ServerComputerName=,UserName=,ConnectString=
00:35.592015-0,EXCP,2,process=rphost,p:processName=bi_bk3wk1_prod_01,OSThread=120,t:clientID=1716,t:applicationName=WebServerExtension,t:computerName=DC1CISWEB02,t:connectID=1509,Exception=580392e6-ba49-4280-ac67-fcd6f2180121,Descr='src\vrsbase\src\vresourceinfobaseimpl.cpp(1011):
580392e6-ba49-4280-ac67-fcd6f2180121: HTTP: Forbidden
Ошибка при выполнении запроса GET к ресурсу /ws/XP_LOADDOK:
a01f465c-ed70-442e-ada5-847668d7a41c: Начало сеанса с информационной базой запрещено.'
00:35.592068-0,EXCP,0,process=rphost,OSThread=10800,ClientID=1629,Exception=NetDataExchangeException,Descr='server_addr=(2)10.224.32.248:64100 descr=2(0x00000002): Не удается найти указанный файл.  line=1149 file=d:\jenkins\ci_builder2\windowsbuild2\platform\src\rtrsrvc\src\dataexchangeserverimpl.cpp'
00:35.592071-0,EXCPCNTX,0,ClientComputerName=,ServerComputerName=,UserName=,ConnectString=
00:35.779006-0,EXCP,2,process=rphost,p:processName=bi_bk3wk1_prod_01,OSThread=120,t:clientID=1716,t:applicationName=WebServerExtension,t:computerName=DC1CISWEB02,t:connectID=1509,Exception=580392e6-ba49-4280-ac67-fcd6f2180121,Descr='src\vrsbase\src\vresourceinfobaseimpl.cpp(1011):
580392e6-ba49-4280-ac67-fcd6f2180121: HTTP: Forbidden
Ошибка при выполнении запроса GET к ресурсу /ws/XP_LOADDOK:
a01f465c-ed70-442e-ada5-847668d7a41c: Начало сеанса с информационной базой запрещено.'
00:37.076022-0,EXCP,2,process=rphost,p:processName=bi_bk3wk1_prod_01,OSThread=9576,t:clientID=3807,t:applicationName=SrvrConsole,t:computerName=Gabdullin_B,t:connectID=5939,SessionID=5444,Usr=WK1_ГабдуллинБА,Exception=SeanceContextException,Descr='Сеанс отсутствует или удален
ID=a7822383-cdf5-437f-9818-cb4a8495b8f8, File=d:\jenkins\ci_builder2\windowsbuild2\platform\src\rserver\src\clusterdistribimpl.cpp(1439)'
00:37.076017-0,ADMIN,2,process=rphost,p:processName=ServerJobExecutorContext,OSThread=9576,t:clientID=3793,t:applicationName=JobScheduler,t:computerName=DC2BUHAPP11,Func=killClient,ClusterID=8aa94e2b-5d54-4b86-800b-79353ce39638,ConnectionID=068e9a1e-10e4-45ba-9ca5-4930befb6cd3,Mode=0,Ref=##AdminProcess##(##AdminProcess##),Host=Gabdullin_B,Connection=5939,Administrator=Unknown,Result=Success
00:37.295018-0,EXCP,0,process=rphost,OSThread=10924,ClientID=1246,Exception=NetDataExchangeException,Descr='server_addr=(2)10.224.32.249:63380 descr=2(0x00000002): Не удается найти указанный файл.  line=1149 file=d:\jenkins\ci_builder2\windowsbuild2\platform\src\rtrsrvc\src\dataexchangeserverimpl.cpp'
00:37.295020-0,EXCPCNTX,0,ClientComputerName=,ServerComputerName=,UserName=,ConnectString=
00:37.592022-0,EXCP,2,process=rphost,p:processName=bi_bk3wk1_prod_01,OSThread=2924,t:clientID=3812,t:applicationName=1CV8C,t:computerName=DC2RDSH14,t:connectID=5950,Exception=580392e6-ba49-4280-ac67-fcd6f2180121,Descr='src\vrsbase\src\vresourceinfobaseimpl.cpp(1011):
580392e6-ba49-4280-ac67-fcd6f2180121: HTTP: Forbidden
Ошибка при выполнении запроса POST к ресурсу /e1cib/login:
a01f465c-ed70-442e-ada5-847668d7a41c: Начало сеанса с информационной базой запрещено.'
00:38.857023-0,EXCP,0,process=rphost,OSThread=9764,ClientID=1653,Exception=NetDataExchangeException,Descr='server_addr=(2)10.224.32.206:50643 descr=10054(0x00002746): Удаленный хост принудительно разорвал существующее подключение.  line=1149 file=d:\jenkins\ci_builder2\windowsbuild2\platform\src\rtrsrvc\src\dataexchangeserverimpl.cpp'
00:38.857025-0,EXCPCNTX,0,ClientComputerName=,ServerComputerName=,UserName=,ConnectString=
00:39.076010-0,EXCP,0,process=rphost,OSThread=10924,ClientID=2863,Exception=NetDataExchangeException,Descr='server_addr=(2)10.224.32.210:53314 descr=2(0x00000002): Не удается найти указанный файл.  line=1149 file=d:\jenkins\ci_builder2\windowsbuild2\platform\src\rtrsrvc\src\dataexchangeserverimpl.cpp'
00:39.076011-0,EXCPCNTX,0,ClientComputerName=,ServerComputerName=,UserName=,ConnectString=
00:39.904024-0,EXCP,2,process=rphost,p:processName=bi_bk3wk1_prod_01,OSThread=2924,t:clientID=3810,t:applicationName=1CV8C,t:computerName=DC1RDSH02,t:connectID=5958,Exception=580392e6-ba49-4280-ac67-fcd6f2180121,Descr='src\vrsbase\src\vresourceinfobaseimpl.cpp(1011):
580392e6-ba49-4280-ac67-fcd6f2180121: HTTP: Forbidden
Ошибка при выполнении запроса POST к ресурсу /e1cib/login:
a01f465c-ed70-442e-ada5-847668d7a41c: Начало сеанса с информационной базой запрещено.'
00:40.092016-0,EXCP,2,process=rphost,p:processName=bi_bk3wk1_prod_01,OSThread=120,t:clientID=3813,t:applicationName=1CV8C,t:computerName=DC2RDSH14,Exception=SeanceContextException,Descr='Сеанс отсутствует или удален
ID=55886866-5f45-4913-85b0-f7ad95f64dd9, File=d:\jenkins\ci_builder2\windowsbuild2\platform\src\rserver\src\clusterdistribimpl.cpp(1439)'
00:40.092017-0,EXCP,2,process=rphost,p:processName=bi_bk3wk1_prod_01,OSThread=120,t:clientID=3813,t:applicationName=1CV8C,t:computerName=DC2RDSH14,Exception=580392e6-ba49-4280-ac67-fcd6f2180121,Descr='src\vrsbase\src\vresourceinfobaseimpl.cpp(1058):
580392e6-ba49-4280-ac67-fcd6f2180121: Ошибка работы сеанса
Ошибка при выполнении запроса POST к ресурсу /e1cib/misc:
60c686dc-798f-4d17-aadb-a90156a16eb8: Сеанс отсутствует или удален
ID=55886866-5f45-4913-85b0-f7ad95f64dd9, File=d:\jenkins\ci_builder2\windowsbuild2\platform\src\rserver\src\clusterdistribimpl.cpp(1439)'
00:40.107004-0,EXCP,2,process=rphost,p:processName=bi_bk3wk1_prod_01,OSThread=120,t:clientID=3813,t:applicationName=1CV8C,t:computerName=DC2RDSH14,Exception=SeanceContextException,Descr='Сеанс отсутствует или удален
ID=55886866-5f45-4913-85b0-f7ad95f64dd9, File=d:\jenkins\ci_builder2\windowsbuild2\platform\src\rserver\src\clusterdistribimpl.cpp(1439)'
00:40.107005-0,EXCP,2,process=rphost,p:processName=bi_bk3wk1_prod_01,OSThread=120,t:clientID=3813,t:applicationName=1CV8C,t:computerName=DC2RDSH14,Exception=580392e6-ba49-4280-ac67-fcd6f2180121,Descr='src\vrsbase\src\vresourceinfobaseimpl.cpp(1058):
580392e6-ba49-4280-ac67-fcd6f2180121: Ошибка работы сеанса
Ошибка при выполнении запроса POST к ресурсу /e1cib/logout:
60c686dc-798f-4d17-aadb-a90156a16eb8: Сеанс отсутствует или удален
ID=55886866-5f45-4913-85b0-f7ad95f64dd9, File=d:\jenkins\ci_builder2\windowsbuild2\platform\src\rserver\src\clusterdistribimpl.cpp(1439)'
00:40.295009-0,EXCP,3,process=rphost,p:processName=bi_bk3wk1_prod_01,OSThread=5792,t:clientID=2008,t:applicationName=1CV8C,t:computerName=DC2RDSH26,t:connectID=1742,Exception=SeanceContextException,Descr='Сеанс отсутствует или удален
ID=e81343e5-ec07-43b5-9e00-e6ed66dfbafe, File=d:\jenkins\ci_builder2\windowsbuild2\platform\src\rserver\src\clusterdistribimpl.cpp(1439)'
00:40.295011-0,EXCP,2,process=rphost,p:processName=bi_bk3wk1_prod_01,OSThread=5792,t:clientID=2008,t:applicationName=1CV8C,t:computerName=DC2RDSH26,t:connectID=1742,Exception=60c686dc-798f-4d17-aadb-a90156a16eb8,Descr='src\rserver\src\rmngrcalls.cpp(476):
60c686dc-798f-4d17-aadb-a90156a16eb8: Сеанс отсутствует или удален
ID=e81343e5-ec07-43b5-9e00-e6ed66dfbafe, File=d:\jenkins\ci_builder2\windowsbuild2\platform\src\rserver\src\clusterdistribimpl.cpp(1439)'
00:40.498000-0,EXCP,2,process=rphost,p:processName=bi_bk3wk1_prod_01,OSThread=5792,t:clientID=2008,t:applicationName=1CV8C,t:computerName=DC2RDSH26,t:connectID=1742,Exception=SeanceContextException,Descr='Сеанс отсутствует или удален
ID=e81343e5-ec07-43b5-9e00-e6ed66dfbafe, File=d:\jenkins\ci_builder2\windowsbuild2\platform\src\rserver\src\rmngrcalls.cpp(364)'
00:40.498002-0,EXCP,2,process=rphost,p:processName=bi_bk3wk1_prod_01,OSThread=5792,t:clientID=2008,t:applicationName=1CV8C,t:computerName=DC2RDSH26,t:connectID=1742,Exception=580392e6-ba49-4280-ac67-fcd6f2180121,Descr='src\vrsbase\src\vresourceinfobaseimpl.cpp(1058):
580392e6-ba49-4280-ac67-fcd6f2180121: Ошибка работы сеанса
Ошибка при выполнении запроса POST к ресурсу /e1cib/logForm:
60c686dc-798f-4d17-aadb-a90156a16eb8: Сеанс отсутствует или удален
ID=e81343e5-ec07-43b5-9e00-e6ed66dfbafe, File=d:\jenkins\ci_builder2\windowsbuild2\platform\src\rserver\src\rmngrcalls.cpp(364)'
00:40.545007-0,EXCP,2,process=rphost,p:processName=bi_bk3wk1_prod_01,OSThread=2924,t:clientID=3810,t:applicationName=1CV8C,t:computerName=DC1RDSH02,t:connectID=5961,Exception=580392e6-ba49-4280-ac67-fcd6f2180121,Descr='src\vrsbase\src\vresourceinfobaseimpl.cpp(1011):
580392e6-ba49-4280-ac67-fcd6f2180121: HTTP: Forbidden
Ошибка при выполнении запроса POST к ресурсу /e1cib/login:
a01f465c-ed70-442e-ada5-847668d7a41c: Начало сеанса с информационной базой запрещено.'
00:40.717012-0,EXCP,0,process=rphost,OSThread=3736,ClientID=1768,Exception=NetDataExchangeException,Descr='server_addr=(2)10.3.172.9:52343 descr=2(0x00000002): Не удается найти указанный файл.  line=1149 file=d:\jenkins\ci_builder2\windowsbuild2\platform\src\rtrsrvc\src\dataexchangeserverimpl.cpp'
00:40.717013-0,EXCPCNTX,0,ClientComputerName=,ServerComputerName=,UserName=,ConnectString=
00:40.717037-0,EXCP,2,process=rphost,p:processName=bi_bk3wk1_prod_01,OSThread=2924,t:clientID=3810,t:applicationName=1CV8C,t:computerName=DC1RDSH02,t:connectID=5962,Exception=580392e6-ba49-4280-ac67-fcd6f2180121,Descr='src\vrsbase\src\vresourceinfobaseimpl.cpp(1011):
580392e6-ba49-4280-ac67-fcd6f2180121: HTTP: Forbidden
Ошибка при выполнении запроса POST к ресурсу /e1cib/login:
a01f465c-ed70-442e-ada5-847668d7a41c: Начало сеанса с информационной базой запрещено.'
00:40.904018-0,EXCP,2,process=rphost,p:processName=bi_bk3wk1_prod_01,OSThread=2924,t:clientID=3810,t:applicationName=1CV8C,t:computerName=DC1RDSH02,t:connectID=5964,Exception=580392e6-ba49-4280-ac67-fcd6f2180121,Descr='src\vrsbase\src\vresourceinfobaseimpl.cpp(1011):
580392e6-ba49-4280-ac67-fcd6f2180121: HTTP: Forbidden
Ошибка при выполнении запроса POST к ресурсу /e1cib/login:
a01f465c-ed70-442e-ada5-847668d7a41c: Начало сеанса с информационной базой запрещено.'
00:40.967006-0,EXCP,2,process=rphost,p:processName=bi_bk3wk1_prod_01,OSThread=3064,t:clientID=3408,t:applicationName=1CV8C,t:computerName=DC2RDSH18,t:connectID=4369,Exception=SeanceContextException,Descr='Сеанс отсутствует или удален
ID=49115fb0-dc9b-4623-bae1-d210ed801bd4, File=d:\jenkins\ci_builder2\windowsbuild2\platform\src\rserver\src\clusterdistribimpl.cpp(1439)'
00:40.967007-0,EXCP,2,process=rphost,p:processName=bi_bk3wk1_prod_01,OSThread=3064,t:clientID=3408,t:applicationName=1CV8C,t:computerName=DC2RDSH18,t:connectID=4369,Exception=580392e6-ba49-4280-ac67-fcd6f2180121,Descr='src\vrsbase\src\vresourceinfobaseimpl.cpp(1058):
580392e6-ba49-4280-ac67-fcd6f2180121: Ошибка работы сеанса
Ошибка при выполнении запроса POST к ресурсу /e1cib/modules/call:
60c686dc-798f-4d17-aadb-a90156a16eb8: Сеанс отсутствует или удален
ID=49115fb0-dc9b-4623-bae1-d210ed801bd4, File=d:\jenkins\ci_builder2\windowsbuild2\platform\src\rserver\src\clusterdistribimpl.cpp(1439)'
00:41.576013-0,EXCP,2,process=rphost,p:processName=bi_bk3wk1_prod_01,OSThread=2924,t:clientID=3810,t:applicationName=1CV8C,t:computerName=DC1RDSH02,t:connectID=5967,Exception=580392e6-ba49-4280-ac67-fcd6f2180121,Descr='src\vrsbase\src\vresourceinfobaseimpl.cpp(1011):
580392e6-ba49-4280-ac67-fcd6f2180121: HTTP: Forbidden
Ошибка при выполнении запроса POST к ресурсу /e1cib/login:
a01f465c-ed70-442e-ada5-847668d7a41c: Начало сеанса с информационной базой запрещено.'
00:42.482029-0,EXCP,2,process=rphost,p:processName=bi_bk3wk1_prod_01,OSThread=3064,t:clientID=3814,t:applicationName=1CV8C,t:computerName=DC2RDSH17,t:connectID=5970,Exception=580392e6-ba49-4280-ac67-fcd6f2180121,Descr='src\vrsbase\src\vresourceinfobaseimpl.cpp(1011):
580392e6-ba49-4280-ac67-fcd6f2180121: HTTP: Forbidden
Ошибка при выполнении запроса POST к ресурсу /e1cib/login:
a01f465c-ed70-442e-ada5-847668d7a41c: Начало сеанса с информационной базой запрещено.'
00:42.670004-0,EXCP,2,process=rphost,p:processName=bi_bk3wk1_prod_01,OSThread=2924,t:clientID=2616,t:applicationName=1CV8C,t:computerName=DC2RDSH19,t:connectID=2704,Exception=SeanceContextException,Descr='Сеанс отсутствует или удален
ID=8476b518-8dec-4cb8-b60b-fcbdabbf3295, File=d:\jenkins\ci_builder2\windowsbuild2\platform\src\rserver\src\clusterdistribimpl.cpp(1439)'
00:42.670005-0,EXCP,2,process=rphost,p:processName=bi_bk3wk1_prod_01,OSThread=2924,t:clientID=2616,t:applicationName=1CV8C,t:computerName=DC2RDSH19,t:connectID=2704,Exception=580392e6-ba49-4280-ac67-fcd6f2180121,Descr='src\vrsbase\src\vresourceinfobaseimpl.cpp(1058):
580392e6-ba49-4280-ac67-fcd6f2180121: Ошибка работы сеанса
Ошибка при выполнении запроса POST к ресурсу /e1cib/license/getlast:
60c686dc-798f-4d17-aadb-a90156a16eb8: Сеанс отсутствует или удален
ID=8476b518-8dec-4cb8-b60b-fcbdabbf3295, File=d:\jenkins\ci_builder2\windowsbuild2\platform\src\rserver\src\clusterdistribimpl.cpp(1439)'
00:44.670011-0,EXCP,3,process=rphost,p:processName=bi_bk3wk1_prod_01,OSThread=2924,t:clientID=1675,t:applicationName=1CV8C,t:computerName=DC1RDSH09,t:connectID=1484,Exception=SeanceContextException,Descr='Сеанс отсутствует или удален
ID=e6bbe3f5-1d51-41f0-98fc-f2cdfb9c57cd, File=d:\jenkins\ci_builder2\windowsbuild2\platform\src\rserver\src\clusterdistribimpl.cpp(1439)'
00:44.670013-0,EXCP,2,process=rphost,p:processName=bi_bk3wk1_prod_01,OSThread=2924,t:clientID=1675,t:applicationName=1CV8C,t:computerName=DC1RDSH09,t:connectID=1484,Exception=60c686dc-798f-4d17-aadb-a90156a16eb8,Descr='src\rserver\src\rmngrcalls.cpp(476):
60c686dc-798f-4d17-aadb-a90156a16eb8: Сеанс отсутствует или удален
ID=e6bbe3f5-1d51-41f0-98fc-f2cdfb9c57cd, File=d:\jenkins\ci_builder2\windowsbuild2\platform\src\rserver\src\clusterdistribimpl.cpp(1439)'
00:44.873000-0,EXCP,2,process=rphost,p:processName=bi_bk3wk1_prod_01,OSThread=2924,t:clientID=1675,t:applicationName=1CV8C,t:computerName=DC1RDSH09,t:connectID=1484,Exception=SeanceContextException,Descr='Сеанс отсутствует или удален
ID=e6bbe3f5-1d51-41f0-98fc-f2cdfb9c57cd, File=d:\jenkins\ci_builder2\windowsbuild2\platform\src\rserver\src\rmngrcalls.cpp(364)'
00:44.873001-0,EXCP,2,process=rphost,p:processName=bi_bk3wk1_prod_01,OSThread=2924,t:clientID=1675,t:applicationName=1CV8C,t:computerName=DC1RDSH09,t:connectID=1484,Exception=580392e6-ba49-4280-ac67-fcd6f2180121,Descr='src\vrsbase\src\vresourceinfobaseimpl.cpp(1058):
580392e6-ba49-4280-ac67-fcd6f2180121: Ошибка работы сеанса
Ошибка при выполнении запроса POST к ресурсу /e1cib/misc/hierarchy:
60c686dc-798f-4d17-aadb-a90156a16eb8: Сеанс отсутствует или удален
ID=e6bbe3f5-1d51-41f0-98fc-f2cdfb9c57cd, File=d:\jenkins\ci_builder2\windowsbuild2\platform\src\rserver\src\rmngrcalls.cpp(364)'
00:45.435008-0,EXCP,2,process=rphost,p:processName=bi_bk3wk1_prod_01,OSThread=8512,t:clientID=3214,t:applicationName=1CV8C,t:computerName=DC2RDSH06,t:connectID=3698,Exception=SeanceContextException,Descr='Сеанс отсутствует или удален
ID=05ae45af-5ce9-43fe-b853-c7600dfab6d8, File=d:\jenkins\ci_builder2\windowsbuild2\platform\src\rserver\src\clusterdistribimpl.cpp(1439)'
00:45.435009-0,EXCP,2,process=rphost,p:processName=bi_bk3wk1_prod_01,OSThread=8512,t:clientID=3214,t:applicationName=1CV8C,t:computerName=DC2RDSH06,t:connectID=3698,Exception=580392e6-ba49-4280-ac67-fcd6f2180121,Descr='src\vrsbase\src\vresourceinfobaseimpl.cpp(1058):
580392e6-ba49-4280-ac67-fcd6f2180121: Ошибка работы сеанса
Ошибка при выполнении запроса POST к ресурсу /e1cib/modules/call:
60c686dc-798f-4d17-aadb-a90156a16eb8: Сеанс отсутствует или удален
ID=05ae45af-5ce9-43fe-b853-c7600dfab6d8, File=d:\jenkins\ci_builder2\windowsbuild2\platform\src\rserver\src\clusterdistribimpl.cpp(1439)'
00:46.623000-0,EXCP,0,process=rphost,OSThread=6272,ClientID=3809,Exception=NetDataExchangeException,Descr='server_addr=(2)10.225.32.33:53856 descr=2(0x00000002): Не удается найти указанный файл.  line=1149 file=d:\jenkins\ci_builder2\windowsbuild2\platform\src\rtrsrvc\src\dataexchangeserverimpl.cpp'
00:46.623001-0,EXCPCNTX,0,ClientComputerName=,ServerComputerName=,UserName=,ConnectString=
00:46.623008-0,EXCP,2,process=rphost,p:processName=bi_bk3wk1_prod_01,OSThread=8512,t:clientID=1860,t:applicationName=1CV8C,t:computerName=DC2RDSH01,t:connectID=1592,Exception=SeanceContextException,Descr='Сеанс отсутствует или удален
ID=e0a9c9ae-81bd-4b2e-97d1-8d6f2c61ffba, File=d:\jenkins\ci_builder2\windowsbuild2\platform\src\rserver\src\clusterdistribimpl.cpp(1439)'
00:46.623009-0,EXCP,2,process=rphost,p:processName=bi_bk3wk1_prod_01,OSThread=8512,t:clientID=1860,t:applicationName=1CV8C,t:computerName=DC2RDSH01,t:connectID=1592,Exception=580392e6-ba49-4280-ac67-fcd6f2180121,Descr='src\vrsbase\src\vresourceinfobaseimpl.cpp(1058):
580392e6-ba49-4280-ac67-fcd6f2180121: Ошибка работы сеанса
Ошибка при выполнении запроса POST к ресурсу /e1cib/modules/call:
60c686dc-798f-4d17-aadb-a90156a16eb8: Сеанс отсутствует или удален
ID=e0a9c9ae-81bd-4b2e-97d1-8d6f2c61ffba, File=d:\jenkins\ci_builder2\windowsbuild2\platform\src\rserver\src\clusterdistribimpl.cpp(1439)'
00:46.685000-0,EXCP,0,process=rphost,OSThread=6272,ClientID=1677,Exception=NetDataExchangeException,Descr='server_addr=(2)10.225.32.108:50171 descr=10054(0x00002746): Удаленный хост принудительно разорвал существующее подключение.  line=1149 file=d:\jenkins\ci_builder2\windowsbuild2\platform\src\rtrsrvc\src\dataexchangeserverimpl.cpp'
00:46.685001-0,EXCPCNTX,0,ClientComputerName=,ServerComputerName=,UserName=,ConnectString=
00:46.685003-0,EXCP,0,process=rphost,OSThread=6272,ClientID=1675,Exception=NetDataExchangeException,Descr='server_addr=(2)10.225.32.108:50166 descr=10054(0x00002746): Удаленный хост принудительно разорвал существующее подключение.  line=1149 file=d:\jenkins\ci_builder2\windowsbuild2\platform\src\rtrsrvc\src\dataexchangeserverimpl.cpp'
00:46.685004-0,EXCPCNTX,0,ClientComputerName=,ServerComputerName=,UserName=,ConnectString=
00:46.685008-0,EXCP,2,process=rphost,p:processName=bi_bk3wk1_prod_01,OSThread=2924,t:clientID=1675,t:applicationName=1CV8C,t:computerName=DC1RDSH09,t:connectID=1484,Exception=SeanceContextException,Descr='Сеанс отсутствует или удален
ID=e6bbe3f5-1d51-41f0-98fc-f2cdfb9c57cd, File=d:\jenkins\ci_builder2\windowsbuild2\platform\src\rserver\src\clusterdistribimpl.cpp(1439)'
00:46.685010-0,EXCP,1,process=rphost,p:processName=bi_bk3wk1_prod_01,OSThread=2924,t:clientID=1675,t:applicationName=1CV8C,t:computerName=DC1RDSH09,t:connectID=1484,Exception=60c686dc-798f-4d17-aadb-a90156a16eb8,Descr='src\rserver\src\rmngrcalls.cpp(476):
60c686dc-798f-4d17-aadb-a90156a16eb8: Сеанс отсутствует или удален
ID=e6bbe3f5-1d51-41f0-98fc-f2cdfb9c57cd, File=d:\jenkins\ci_builder2\windowsbuild2\platform\src\rserver\src\clusterdistribimpl.cpp(1439)'
00:46.889000-0,EXCP,1,process=rphost,p:processName=bi_bk3wk1_prod_01,OSThread=2924,t:clientID=1675,t:applicationName=1CV8C,t:computerName=DC1RDSH09,t:connectID=1484,Exception=SeanceContextException,Descr='Сеанс отсутствует или удален
ID=e6bbe3f5-1d51-41f0-98fc-f2cdfb9c57cd, File=d:\jenkins\ci_builder2\windowsbuild2\platform\src\rserver\src\rmngrcalls.cpp(364)'
00:46.889001-0,EXCP,1,process=rphost,p:processName=bi_bk3wk1_prod_01,OSThread=2924,t:clientID=1675,t:applicationName=1CV8C,t:computerName=DC1RDSH09,t:connectID=1484,Exception=60c686dc-798f-4d17-aadb-a90156a16eb8,Descr='src\rserver\src\srvrinfobaseimpl.cpp(899):
60c686dc-798f-4d17-aadb-a90156a16eb8: Сеанс отсутствует или удален
ID=e6bbe3f5-1d51-41f0-98fc-f2cdfb9c57cd, File=d:\jenkins\ci_builder2\windowsbuild2\platform\src\rserver\src\rmngrcalls.cpp(364)'
00:47.482000-0,EXCP,0,process=rphost,OSThread=8116,ClientID=2008,Exception=NetDataExchangeException,Descr='server_addr=(2)10.224.32.217:49224 descr=10054(0x00002746): Удаленный хост принудительно разорвал существующее подключение.  line=1149 file=d:\jenkins\ci_builder2\windowsbuild2\platform\src\rtrsrvc\src\dataexchangeserverimpl.cpp'
00:47.482001-0,EXCPCNTX,0,ClientComputerName=,ServerComputerName=,UserName=,ConnectString=
00:47.482005-0,EXCP,0,process=rphost,OSThread=8116,ClientID=2013,Exception=NetDataExchangeException,Descr='server_addr=(2)10.224.32.217:49229 descr=10054(0x00002746): Удаленный хост принудительно разорвал существующее подключение.  line=1149 file=d:\jenkins\ci_builder2\windowsbuild2\platform\src\rtrsrvc\src\dataexchangeserverimpl.cpp'
00:47.482006-0,EXCPCNTX,0,ClientComputerName=,ServerComputerName=,UserName=,ConnectString=
00:47.482008-0,EXCP,2,process=rphost,p:processName=bi_bk3wk1_prod_01,OSThread=2924,t:clientID=2008,t:applicationName=1CV8C,t:computerName=DC2RDSH26,t:connectID=1742,Exception=SeanceContextException,Descr='Сеанс отсутствует или удален
ID=e81343e5-ec07-43b5-9e00-e6ed66dfbafe, File=d:\jenkins\ci_builder2\windowsbuild2\platform\src\rserver\src\clusterdistribimpl.cpp(1439)'
00:47.482010-0,EXCP,1,process=rphost,p:processName=bi_bk3wk1_prod_01,OSThread=2924,t:clientID=2008,t:applicationName=1CV8C,t:computerName=DC2RDSH26,t:connectID=1742,Exception=60c686dc-798f-4d17-aadb-a90156a16eb8,Descr='src\rserver\src\rmngrcalls.cpp(476):
60c686dc-798f-4d17-aadb-a90156a16eb8: Сеанс отсутствует или удален
ID=e81343e5-ec07-43b5-9e00-e6ed66dfbafe, File=d:\jenkins\ci_builder2\windowsbuild2\platform\src\rserver\src\clusterdistribimpl.cpp(1439)'
00:47.607006-0,EXCP,1,process=rphost,p:processName=bi_bk3wk1_prod_01,OSThread=2924,t:clientID=2008,t:applicationName=1CV8C,t:computerName=DC2RDSH26,t:connectID=1742,Exception=SeanceContextException,Descr='Сеанс отсутствует или удален
ID=e81343e5-ec07-43b5-9e00-e6ed66dfbafe, File=d:\jenkins\ci_builder2\windowsbuild2\platform\src\rserver\src\rmngrcalls.cpp(364)'
00:47.607007-0,EXCP,1,process=rphost,p:processName=bi_bk3wk1_prod_01,OSThread=2924,t:clientID=2008,t:applicationName=1CV8C,t:computerName=DC2RDSH26,t:connectID=1742,Exception=60c686dc-798f-4d17-aadb-a90156a16eb8,Descr='src\rserver\src\srvrinfobaseimpl.cpp(899):
60c686dc-798f-4d17-aadb-a90156a16eb8: Сеанс отсутствует или удален
ID=e81343e5-ec07-43b5-9e00-e6ed66dfbafe, File=d:\jenkins\ci_builder2\windowsbuild2\platform\src\rserver\src\rmngrcalls.cpp(364)'
00:48.217016-0,EXCP,2,process=rphost,p:processName=bi_bk3wk1_prod_01,OSThread=8512,t:clientID=3816,t:applicationName=1CV8C,t:computerName=DC2RDSH26,t:connectID=5973,Exception=580392e6-ba49-4280-ac67-fcd6f2180121,Descr='src\vrsbase\src\vresourceinfobaseimpl.cpp(1011):
580392e6-ba49-4280-ac67-fcd6f2180121: HTTP: Forbidden
Ошибка при выполнении запроса POST к ресурсу /e1cib/login:
a01f465c-ed70-442e-ada5-847668d7a41c: Начало сеанса с информационной базой запрещено.'
00:48.498004-0,EXCP,2,process=rphost,p:processName=bi_bk3wk1_prod_01,OSThread=2924,t:clientID=1735,t:applicationName=1CV8C,t:computerName=DC3RDSH05,t:connectID=1520,Exception=SeanceContextException,Descr='Сеанс отсутствует или удален
ID=bf4819b9-6091-44bd-99ba-f861cb31c73f, File=d:\jenkins\ci_builder2\windowsbuild2\platform\src\rserver\src\clusterdistribimpl.cpp(1439)'
00:48.498005-0,EXCP,2,process=rphost,p:processName=bi_bk3wk1_prod_01,OSThread=2924,t:clientID=1735,t:applicationName=1CV8C,t:computerName=DC3RDSH05,t:connectID=1520,Exception=580392e6-ba49-4280-ac67-fcd6f2180121,Descr='src\vrsbase\src\vresourceinfobaseimpl.cpp(1058):
580392e6-ba49-4280-ac67-fcd6f2180121: Ошибка работы сеанса
Ошибка при выполнении запроса POST к ресурсу /e1cib/modules/call:
60c686dc-798f-4d17-aadb-a90156a16eb8: Сеанс отсутствует или удален
ID=bf4819b9-6091-44bd-99ba-f861cb31c73f, File=d:\jenkins\ci_builder2\windowsbuild2\platform\src\rserver\src\clusterdistribimpl.cpp(1439)'
00:51.514010-0,EXCP,2,process=rphost,p:processName=bi_bk3wk1_prod_01,OSThread=2924,t:clientID=1556,t:applicationName=1CV8C,t:computerName=DC3RDSH06,t:connectID=1421,Exception=SeanceContextException,Descr='Сеанс отсутствует или удален
ID=06b4f7a7-2e81-4b2d-90f1-795a950f528c, File=d:\jenkins\ci_builder2\windowsbuild2\platform\src\rserver\src\clusterdistribimpl.cpp(1439)'
00:51.514011-0,EXCP,2,process=rphost,p:processName=bi_bk3wk1_prod_01,OSThread=2924,t:clientID=1556,t:applicationName=1CV8C,t:computerName=DC3RDSH06,t:connectID=1421,Exception=580392e6-ba49-4280-ac67-fcd6f2180121,Descr='src\vrsbase\src\vresourceinfobaseimpl.cpp(1058):
580392e6-ba49-4280-ac67-fcd6f2180121: Ошибка работы сеанса
Ошибка при выполнении запроса POST к ресурсу /e1cib/modules/call:
60c686dc-798f-4d17-aadb-a90156a16eb8: Сеанс отсутствует или удален
ID=06b4f7a7-2e81-4b2d-90f1-795a950f528c, File=d:\jenkins\ci_builder2\windowsbuild2\platform\src\rserver\src\clusterdistribimpl.cpp(1439)'
00:51.717023-0,EXCP,2,process=rphost,p:processName=bi_bk3wk1_prod_01,OSThread=5792,t:clientID=3819,t:applicationName=1CV8C,t:computerName=DC2RDSH14,t:connectID=5978,Exception=580392e6-ba49-4280-ac67-fcd6f2180121,Descr='src\vrsbase\src\vresourceinfobaseimpl.cpp(1011):
580392e6-ba49-4280-ac67-fcd6f2180121: HTTP: Forbidden
Ошибка при выполнении запроса POST к ресурсу /e1cib/login:
a01f465c-ed70-442e-ada5-847668d7a41c: Начало сеанса с информационной базой запрещено.'
00:52.264004-0,EXCP,2,process=rphost,p:processName=bi_bk3wk1_prod_01,OSThread=272,t:clientID=1692,t:applicationName=1CV8C,t:computerName=DC3RDSH10,t:connectID=1497,Exception=SeanceContextException,Descr='Сеанс отсутствует или удален
ID=9fe0bd28-5209-40ff-982a-26865e802107, File=d:\jenkins\ci_builder2\windowsbuild2\platform\src\rserver\src\clusterdistribimpl.cpp(1439)'
00:52.264005-0,EXCP,2,process=rphost,p:processName=bi_bk3wk1_prod_01,OSThread=272,t:clientID=1692,t:applicationName=1CV8C,t:computerName=DC3RDSH10,t:connectID=1497,Exception=580392e6-ba49-4280-ac67-fcd6f2180121,Descr='src\vrsbase\src\vresourceinfobaseimpl.cpp(1058):
580392e6-ba49-4280-ac67-fcd6f2180121: Ошибка работы сеанса
Ошибка при выполнении запроса POST к ресурсу /e1cib/modules/call:
60c686dc-798f-4d17-aadb-a90156a16eb8: Сеанс отсутствует или удален
ID=9fe0bd28-5209-40ff-982a-26865e802107, File=d:\jenkins\ci_builder2\windowsbuild2\platform\src\rserver\src\clusterdistribimpl.cpp(1439)'
00:54.951005-0,EXCP,3,process=rphost,p:processName=bi_bk3wk1_prod_01,OSThread=272,t:clientID=2497,t:applicationName=1CV8C,t:computerName=DC2RDSH12,t:connectID=2553,Exception=SeanceContextException,Descr='Сеанс отсутствует или удален
ID=11131ab0-11fd-4170-a12a-1ef2b999e41f, File=d:\jenkins\ci_builder2\windowsbuild2\platform\src\rserver\src\clusterdistribimpl.cpp(1439)'
00:54.951007-0,EXCP,2,process=rphost,p:processName=bi_bk3wk1_prod_01,OSThread=272,t:clientID=2497,t:applicationName=1CV8C,t:computerName=DC2RDSH12,t:connectID=2553,Exception=60c686dc-798f-4d17-aadb-a90156a16eb8,Descr='src\rserver\src\rmngrcalls.cpp(476):
60c686dc-798f-4d17-aadb-a90156a16eb8: Сеанс отсутствует или удален
ID=11131ab0-11fd-4170-a12a-1ef2b999e41f, File=d:\jenkins\ci_builder2\windowsbuild2\platform\src\rserver\src\clusterdistribimpl.cpp(1439)'
00:55.154000-0,EXCP,2,process=rphost,p:processName=bi_bk3wk1_prod_01,OSThread=272,t:clientID=2497,t:applicationName=1CV8C,t:computerName=DC2RDSH12,t:connectID=2553,Exception=SeanceContextException,Descr='Сеанс отсутствует или удален
ID=11131ab0-11fd-4170-a12a-1ef2b999e41f, File=d:\jenkins\ci_builder2\windowsbuild2\platform\src\rserver\src\rmngrcalls.cpp(364)'
00:55.154001-0,EXCP,2,process=rphost,p:processName=bi_bk3wk1_prod_01,OSThread=272,t:clientID=2497,t:applicationName=1CV8C,t:computerName=DC2RDSH12,t:connectID=2553,Exception=580392e6-ba49-4280-ac67-fcd6f2180121,Descr='src\vrsbase\src\vresourceinfobaseimpl.cpp(1058):
580392e6-ba49-4280-ac67-fcd6f2180121: Ошибка работы сеанса
Ошибка при выполнении запроса POST к ресурсу /e1cib/logForm:
60c686dc-798f-4d17-aadb-a90156a16eb8: Сеанс отсутствует или удален
ID=11131ab0-11fd-4170-a12a-1ef2b999e41f, File=d:\jenkins\ci_builder2\windowsbuild2\platform\src\rserver\src\rmngrcalls.cpp(364)'
00:55.498001-0,EXCP,2,process=rphost,p:processName=bi_bk3wk1_prod_01,OSThread=5792,t:clientID=2200,t:applicationName=1CV8C,t:computerName=DC2RDSH14,t:connectID=1941,Exception=SeanceContextException,Descr='Сеанс отсутствует или удален
ID=378cab7c-ca87-4a68-be58-0b090293c675, File=d:\jenkins\ci_builder2\windowsbuild2\platform\src\rserver\src\clusterdistribimpl.cpp(1439)'
00:55.498002-0,EXCP,2,process=rphost,p:processName=bi_bk3wk1_prod_01,OSThread=5792,t:clientID=2200,t:applicationName=1CV8C,t:computerName=DC2RDSH14,t:connectID=1941,Exception=580392e6-ba49-4280-ac67-fcd6f2180121,Descr='src\vrsbase\src\vresourceinfobaseimpl.cpp(1058):
580392e6-ba49-4280-ac67-fcd6f2180121: Ошибка работы сеанса
Ошибка при выполнении запроса POST к ресурсу /e1cib/license/getlast:
60c686dc-798f-4d17-aadb-a90156a16eb8: Сеанс отсутствует или удален
ID=378cab7c-ca87-4a68-be58-0b090293c675, File=d:\jenkins\ci_builder2\windowsbuild2\platform\src\rserver\src\clusterdistribimpl.cpp(1439)'
00:55.560004-0,EXCP,2,process=rphost,p:processName=bi_bk3wk1_prod_01,OSThread=2924,t:clientID=2166,t:applicationName=1CV8C,t:computerName=DC2RDSH01,t:connectID=1920,Exception=SeanceContextException,Descr='Сеанс отсутствует или удален
ID=bfb78288-fe93-479b-99a2-f0fcb36cf69f, File=d:\jenkins\ci_builder2\windowsbuild2\platform\src\rserver\src\clusterdistribimpl.cpp(1439)'
00:55.560005-0,EXCP,2,process=rphost,p:processName=bi_bk3wk1_prod_01,OSThread=2924,t:clientID=2166,t:applicationName=1CV8C,t:computerName=DC2RDSH01,t:connectID=1920,Exception=580392e6-ba49-4280-ac67-fcd6f2180121,Descr='src\vrsbase\src\vresourceinfobaseimpl.cpp(1058):
580392e6-ba49-4280-ac67-fcd6f2180121: Ошибка работы сеанса
Ошибка при выполнении запроса POST к ресурсу /e1cib/logForm:
60c686dc-798f-4d17-aadb-a90156a16eb8: Сеанс отсутствует или удален
ID=bfb78288-fe93-479b-99a2-f0fcb36cf69f, File=d:\jenkins\ci_builder2\windowsbuild2\platform\src\rserver\src\clusterdistribimpl.cpp(1439)'
00:57.139010-0,EXCP,2,process=rphost,p:processName=bi_bk3wk1_prod_01,OSThread=2924,t:clientID=1899,t:applicationName=1CV8C,t:computerName=DC2RDSH26,t:connectID=1637,Exception=SeanceContextException,Descr='Сеанс отсутствует или удален
ID=d56d7369-d375-44ba-9314-0796099138ec, File=d:\jenkins\ci_builder2\windowsbuild2\platform\src\rserver\src\clusterdistribimpl.cpp(1439)'
00:57.139011-0,EXCP,2,process=rphost,p:processName=bi_bk3wk1_prod_01,OSThread=2924,t:clientID=1899,t:applicationName=1CV8C,t:computerName=DC2RDSH26,t:connectID=1637,Exception=580392e6-ba49-4280-ac67-fcd6f2180121,Descr='src\vrsbase\src\vresourceinfobaseimpl.cpp(1058):
580392e6-ba49-4280-ac67-fcd6f2180121: Ошибка работы сеанса
Ошибка при выполнении запроса POST к ресурсу /e1cib/modules/call:
60c686dc-798f-4d17-aadb-a90156a16eb8: Сеанс отсутствует или удален
ID=d56d7369-d375-44ba-9314-0796099138ec, File=d:\jenkins\ci_builder2\windowsbuild2\platform\src\rserver\src\clusterdistribimpl.cpp(1439)'
00:58.810001-0,EXCP,2,process=rphost,p:processName=bi_bk3wk1_prod_01,OSThread=2924,t:clientID=2166,t:applicationName=1CV8C,t:computerName=DC2RDSH01,t:connectID=1920,Exception=SeanceContextException,Descr='Сеанс отсутствует или удален
ID=bfb78288-fe93-479b-99a2-f0fcb36cf69f, File=d:\jenkins\ci_builder2\windowsbuild2\platform\src\rserver\src\clusterdistribimpl.cpp(1439)'
01:02.076000-0,EXCP,3,process=rphost,p:processName=bi_bk3wk1_prod_01,OSThread=5792,t:clientID=2497,t:applicationName=1CV8C,t:computerName=DC2RDSH12,t:connectID=2553,Exception=SeanceContextException,Descr='Сеанс отсутствует или удален
ID=11131ab0-11fd-4170-a12a-1ef2b999e41f, File=d:\jenkins\ci_builder2\windowsbuild2\platform\src\rserver\src\clusterdistribimpl.cpp(1439)'
01:02.076002-0,EXCP,2,process=rphost,p:processName=bi_bk3wk1_prod_01,OSThread=2924,t:clientID=2166,t:applicationName=1CV8C,t:computerName=DC2RDSH01,t:connectID=1920,Exception=580392e6-ba49-4280-ac67-fcd6f2180121,Descr='src\vrsbase\src\vresourceinfobaseimpl.cpp(1058):
580392e6-ba49-4280-ac67-fcd6f2180121: Ошибка работы сеанса
Ошибка при выполнении запроса POST к ресурсу /e1cib/logout:
60c686dc-798f-4d17-aadb-a90156a16eb8: Сеанс отсутствует или удален
ID=bfb78288-fe93-479b-99a2-f0fcb36cf69f, File=d:\jenkins\ci_builder2\windowsbuild2\platform\src\rserver\src\clusterdistribimpl.cpp(1439)'
01:00.295006-0,EXCP,2,process=rphost,p:processName=bi_bk3wk1_prod_01,OSThread=272,t:clientID=1046,t:applicationName=1CV8C,t:computerName=DC2RDSH19,t:connectID=1182,Exception=SeanceContextException,Descr='Сеанс отсутствует или удален
ID=039c27b3-254c-44f6-892d-51112de01983, File=d:\jenkins\ci_builder2\windowsbuild2\platform\src\rserver\src\clusterdistribimpl.cpp(1439)'
01:02.076004-0,EXCP,2,process=rphost,p:processName=bi_bk3wk1_prod_01,OSThread=5792,t:clientID=2497,t:applicationName=1CV8C,t:computerName=DC2RDSH12,t:connectID=2553,Exception=60c686dc-798f-4d17-aadb-a90156a16eb8,Descr='src\rserver\src\rmngrcalls.cpp(476):
60c686dc-798f-4d17-aadb-a90156a16eb8: Сеанс отсутствует или удален
ID=11131ab0-11fd-4170-a12a-1ef2b999e41f, File=d:\jenkins\ci_builder2\windowsbuild2\platform\src\rserver\src\clusterdistribimpl.cpp(1439)'
01:01.701000-0,EXCP,0,process=rphost,OSThread=10800,ClientID=3815,Exception=NetDataExchangeException,Descr='server_addr=(2)10.225.32.33:53876 descr=2(0x00000002): Не удается найти указанный файл.  line=1149 file=d:\jenkins\ci_builder2\windowsbuild2\platform\src\rtrsrvc\src\dataexchangeserverimpl.cpp'
01:02.076006-0,EXCPCNTX,0,ClientComputerName=,ServerComputerName=,UserName=,ConnectString=
01:02.076005-0,EXCP,2,process=rphost,p:processName=bi_bk3wk1_prod_01,OSThread=272,t:clientID=1046,t:applicationName=1CV8C,t:computerName=DC2RDSH19,t:connectID=1182,Exception=580392e6-ba49-4280-ac67-fcd6f2180121,Descr='src\vrsbase\src\vresourceinfobaseimpl.cpp(1058):
580392e6-ba49-4280-ac67-fcd6f2180121: Ошибка работы сеанса
Ошибка при выполнении запроса POST к ресурсу /e1cib/modules/call:
60c686dc-798f-4d17-aadb-a90156a16eb8: Сеанс отсутствует или удален
ID=039c27b3-254c-44f6-892d-51112de01983, File=d:\jenkins\ci_builder2\windowsbuild2\platform\src\rserver\src\clusterdistribimpl.cpp(1439)'
01:02.092000-0,EXCP,0,process=rphost,OSThread=2924,ClientID=2166,Exception=NetDataExchangeException,Descr='server_addr=(2)10.224.32.249:64314 descr=10054(0x00002746): Удаленный хост принудительно разорвал существующее подключение.  line=2273 file=d:\jenkins\ci_builder2\windowsbuild2\platform\src\rtrsrvc\src\dataexchangeserverimpl.cpp'
01:02.092001-0,EXCPCNTX,0,ClientComputerName=,ServerComputerName=,UserName=,ConnectString=
01:02.092004-0,EXCP,0,process=rphost,OSThread=10800,ClientID=2175,Exception=NetDataExchangeException,Descr='server_addr=(2)10.224.32.249:64323 descr=10054(0x00002746): Удаленный хост принудительно разорвал существующее подключение.  line=1149 file=d:\jenkins\ci_builder2\windowsbuild2\platform\src\rtrsrvc\src\dataexchangeserverimpl.cpp'
01:02.092005-0,EXCPCNTX,0,ClientComputerName=,ServerComputerName=,UserName=,ConnectString=
01:02.092009-0,EXCP,1,process=rphost,p:processName=bi_bk3wk1_prod_01,OSThread=2924,t:clientID=2166,t:applicationName=1CV8C,t:computerName=DC2RDSH01,t:connectID=1920,Exception=SeanceContextException,Descr='Сеанс отсутствует или удален
ID=bfb78288-fe93-479b-99a2-f0fcb36cf69f, File=d:\jenkins\ci_builder2\windowsbuild2\platform\src\rserver\src\clusterdistribimpl.cpp(1439)'
01:02.092010-0,EXCP,1,process=rphost,p:processName=bi_bk3wk1_prod_01,OSThread=2924,t:clientID=2166,t:applicationName=1CV8C,t:computerName=DC2RDSH01,t:connectID=1920,Exception=60c686dc-798f-4d17-aadb-a90156a16eb8,Descr='src\rserver\src\srvrinfobaseimpl.cpp(899):
60c686dc-798f-4d17-aadb-a90156a16eb8: Сеанс отсутствует или удален
ID=bfb78288-fe93-479b-99a2-f0fcb36cf69f, File=d:\jenkins\ci_builder2\windowsbuild2\platform\src\rserver\src\clusterdistribimpl.cpp(1439)'
01:02.279000-0,EXCP,2,process=rphost,p:processName=bi_bk3wk1_prod_01,OSThread=5792,t:clientID=2497,t:applicationName=1CV8C,t:computerName=DC2RDSH12,t:connectID=2553,Exception=SeanceContextException,Descr='Сеанс отсутствует или удален
ID=11131ab0-11fd-4170-a12a-1ef2b999e41f, File=d:\jenkins\ci_builder2\windowsbuild2\platform\src\rserver\src\rmngrcalls.cpp(364)'
01:02.279001-0,EXCP,2,process=rphost,p:processName=bi_bk3wk1_prod_01,OSThread=5792,t:clientID=2497,t:applicationName=1CV8C,t:computerName=DC2RDSH12,t:connectID=2553,Exception=580392e6-ba49-4280-ac67-fcd6f2180121,Descr='src\vrsbase\src\vresourceinfobaseimpl.cpp(1058):
580392e6-ba49-4280-ac67-fcd6f2180121: Ошибка работы сеанса
Ошибка при выполнении запроса POST к ресурсу /e1cib/misc:
60c686dc-798f-4d17-aadb-a90156a16eb8: Сеанс отсутствует или удален
ID=11131ab0-11fd-4170-a12a-1ef2b999e41f, File=d:\jenkins\ci_builder2\windowsbuild2\platform\src\rserver\src\rmngrcalls.cpp(364)'
01:02.279012-0,EXCP,3,process=rphost,p:processName=bi_bk3wk1_prod_01,OSThread=5792,t:clientID=2497,t:applicationName=1CV8C,t:computerName=DC2RDSH12,t:connectID=2553,Exception=SeanceContextException,Descr='Сеанс отсутствует или удален
ID=11131ab0-11fd-4170-a12a-1ef2b999e41f, File=d:\jenkins\ci_builder2\windowsbuild2\platform\src\rserver\src\clusterdistribimpl.cpp(1439)'
01:02.279014-0,EXCP,2,process=rphost,p:processName=bi_bk3wk1_prod_01,OSThread=5792,t:clientID=2497,t:applicationName=1CV8C,t:computerName=DC2RDSH12,t:connectID=2553,Exception=60c686dc-798f-4d17-aadb-a90156a16eb8,Descr='src\rserver\src\rmngrcalls.cpp(476):
60c686dc-798f-4d17-aadb-a90156a16eb8: Сеанс отсутствует или удален
ID=11131ab0-11fd-4170-a12a-1ef2b999e41f, File=d:\jenkins\ci_builder2\windowsbuild2\platform\src\rserver\src\clusterdistribimpl.cpp(1439)'
01:02.482000-0,EXCP,2,process=rphost,p:processName=bi_bk3wk1_prod_01,OSThread=5792,t:clientID=2497,t:applicationName=1CV8C,t:computerName=DC2RDSH12,t:connectID=2553,Exception=SeanceContextException,Descr='Сеанс отсутствует или удален
ID=11131ab0-11fd-4170-a12a-1ef2b999e41f, File=d:\jenkins\ci_builder2\windowsbuild2\platform\src\rserver\src\rmngrcalls.cpp(364)'
01:02.482001-0,EXCP,2,process=rphost,p:processName=bi_bk3wk1_prod_01,OSThread=5792,t:clientID=2497,t:applicationName=1CV8C,t:computerName=DC2RDSH12,t:connectID=2553,Exception=580392e6-ba49-4280-ac67-fcd6f2180121,Descr='src\vrsbase\src\vresourceinfobaseimpl.cpp(1058):
580392e6-ba49-4280-ac67-fcd6f2180121: Ошибка работы сеанса
Ошибка при выполнении запроса POST к ресурсу /e1cib/logout:
60c686dc-798f-4d17-aadb-a90156a16eb8: Сеанс отсутствует или удален
ID=11131ab0-11fd-4170-a12a-1ef2b999e41f, File=d:\jenkins\ci_builder2\windowsbuild2\platform\src\rserver\src\rmngrcalls.cpp(364)'
01:02.498000-0,EXCP,0,process=rphost,OSThread=5792,ClientID=2497,Exception=NetDataExchangeException,Descr='server_addr=(2)10.224.32.203:54758 descr=10054(0x00002746): Удаленный хост принудительно разорвал существующее подключение.  line=2273 file=d:\jenkins\ci_builder2\windowsbuild2\platform\src\rtrsrvc\src\dataexchangeserverimpl.cpp'
01:02.498001-0,EXCPCNTX,0,ClientComputerName=,ServerComputerName=,UserName=,ConnectString=
01:02.498005-0,EXCP,0,process=rphost,OSThread=3736,ClientID=2499,Exception=NetDataExchangeException,Descr='server_addr=(2)10.224.32.203:54763 descr=10054(0x00002746): Удаленный хост принудительно разорвал существующее подключение.  line=1149 file=d:\jenkins\ci_builder2\windowsbuild2\platform\src\rtrsrvc\src\dataexchangeserverimpl.cpp'
01:02.498006-0,EXCPCNTX,0,ClientComputerName=,ServerComputerName=,UserName=,ConnectString=
01:02.498008-0,EXCP,2,process=rphost,p:processName=bi_bk3wk1_prod_01,OSThread=5792,t:clientID=2497,t:applicationName=1CV8C,t:computerName=DC2RDSH12,t:connectID=2553,Exception=SeanceContextException,Descr='Сеанс отсутствует или удален
ID=11131ab0-11fd-4170-a12a-1ef2b999e41f, File=d:\jenkins\ci_builder2\windowsbuild2\platform\src\rserver\src\clusterdistribimpl.cpp(1439)'
01:02.498010-0,EXCP,1,process=rphost,p:processName=bi_bk3wk1_prod_01,OSThread=5792,t:clientID=2497,t:applicationName=1CV8C,t:computerName=DC2RDSH12,t:connectID=2553,Exception=60c686dc-798f-4d17-aadb-a90156a16eb8,Descr='src\rserver\src\rmngrcalls.cpp(476):
60c686dc-798f-4d17-aadb-a90156a16eb8: Сеанс отсутствует или удален
ID=11131ab0-11fd-4170-a12a-1ef2b999e41f, File=d:\jenkins\ci_builder2\windowsbuild2\platform\src\rserver\src\clusterdistribimpl.cpp(1439)'
01:02.701000-0,EXCP,1,process=rphost,p:processName=bi_bk3wk1_prod_01,OSThread=5792,t:clientID=2497,t:applicationName=1CV8C,t:computerName=DC2RDSH12,t:connectID=2553,Exception=SeanceContextException,Descr='Сеанс отсутствует или удален
ID=11131ab0-11fd-4170-a12a-1ef2b999e41f, File=d:\jenkins\ci_builder2\windowsbuild2\platform\src\rserver\src\rmngrcalls.cpp(364)'
01:02.701001-0,EXCP,1,process=rphost,p:processName=bi_bk3wk1_prod_01,OSThread=5792,t:clientID=2497,t:applicationName=1CV8C,t:computerName=DC2RDSH12,t:connectID=2553,Exception=60c686dc-798f-4d17-aadb-a90156a16eb8,Descr='src\rserver\src\srvrinfobaseimpl.cpp(899):
60c686dc-798f-4d17-aadb-a90156a16eb8: Сеанс отсутствует или удален
ID=11131ab0-11fd-4170-a12a-1ef2b999e41f, File=d:\jenkins\ci_builder2\windowsbuild2\platform\src\rserver\src\rmngrcalls.cpp(364)'
01:06.107006-0,EXCP,2,process=rphost,p:processName=bi_bk3wk1_prod_01,OSThread=272,t:clientID=975,t:applicationName=1CV8C,t:computerName=DC2RDSH01,t:connectID=1176,Exception=SeanceContextException,Descr='Сеанс отсутствует или удален
ID=805cbc39-8c2c-4029-946b-d98953b25130, File=d:\jenkins\ci_builder2\windowsbuild2\platform\src\rserver\src\clusterdistribimpl.cpp(1439)'
01:06.107007-0,EXCP,2,process=rphost,p:processName=bi_bk3wk1_prod_01,OSThread=272,t:clientID=975,t:applicationName=1CV8C,t:computerName=DC2RDSH01,t:connectID=1176,Exception=580392e6-ba49-4280-ac67-fcd6f2180121,Descr='src\vrsbase\src\vresourceinfobaseimpl.cpp(1058):
580392e6-ba49-4280-ac67-fcd6f2180121: Ошибка работы сеанса
Ошибка при выполнении запроса POST к ресурсу /e1cib/modules/call:
60c686dc-798f-4d17-aadb-a90156a16eb8: Сеанс отсутствует или удален
ID=805cbc39-8c2c-4029-946b-d98953b25130, File=d:\jenkins\ci_builder2\windowsbuild2\platform\src\rserver\src\clusterdistribimpl.cpp(1439)'
01:07.498001-0,ADMIN,2,process=rphost,p:processName=bi_bk3wk1_prod_01,OSThread=9576,t:clientID=3802,t:applicationName=JobScheduler,t:computerName=DC2BUHAPP11,Func=killClient,ClusterID=8aa94e2b-5d54-4b86-800b-79353ce39638,ConnectionID=5d29cd2f-6463-4eed-9228-4a893861da7e,Mode=1,Ref=bi_bk3wk1_prod_01(bi_bk3wk1_prod_01),Host=DC1RDSH07,Connection=1153,Administrator=Unknown,Result=Success
01:07.514006-0,ADMIN,2,process=rphost,p:processName=bi_bk3wk1_prod_01,OSThread=9576,t:clientID=3802,t:applicationName=JobScheduler,t:computerName=DC2BUHAPP11,Func=killClient,ClusterID=8aa94e2b-5d54-4b86-800b-79353ce39638,ConnectionID=ecafc211-5b15-4a7b-8f59-9429f5f5a4d4,Mode=1,Ref=bi_bk3wk1_prod_01(bi_bk3wk1_prod_01),Host=DC2RDSH01,Connection=1176,Administrator=Unknown,Result=Success
01:07.514025-0,ADMIN,2,process=rphost,p:processName=bi_bk3wk1_prod_01,OSThread=9576,t:clientID=3802,t:applicationName=JobScheduler,t:computerName=DC2BUHAPP11,Func=killClient,ClusterID=8aa94e2b-5d54-4b86-800b-79353ce39638,ConnectionID=56a1f34e-496b-4592-9737-f8e8939178d0,Mode=1,Ref=bi_bk3wk1_prod_01(bi_bk3wk1_prod_01),Host=DC2RDSH19,Connection=1182,Administrator=Unknown,Result=Success
01:07.514043-0,ADMIN,2,process=rphost,p:processName=bi_bk3wk1_prod_01,OSThread=9576,t:clientID=3802,t:applicationName=JobScheduler,t:computerName=DC2BUHAPP11,Func=killClient,ClusterID=8aa94e2b-5d54-4b86-800b-79353ce39638,ConnectionID=c88798fd-09db-48ac-8918-d60041a065f0,Mode=1,Ref=bi_bk3wk1_prod_01(bi_bk3wk1_prod_01),Host=DC1RDSH06,Connection=1241,Administrator=Unknown,Result=Success
01:07.514061-0,ADMIN,2,process=rphost,p:processName=bi_bk3wk1_prod_01,OSThread=9576,t:clientID=3802,t:applicationName=JobScheduler,t:computerName=DC2BUHAPP11,Func=killClient,ClusterID=8aa94e2b-5d54-4b86-800b-79353ce39638,ConnectionID=1411c805-86cb-4d96-bd69-aec060dcf973,Mode=1,Ref=bi_bk3wk1_prod_01(bi_bk3wk1_prod_01),Host=DC3RDSH06,Connection=1421,Administrator=Unknown,Result=Success
01:07.529008-0,ADMIN,2,process=rphost,p:processName=bi_bk3wk1_prod_01,OSThread=9576,t:clientID=3802,t:applicationName=JobScheduler,t:computerName=DC2BUHAPP11,Func=killClient,ClusterID=8aa94e2b-5d54-4b86-800b-79353ce39638,ConnectionID=b1d2910d-2d5b-4f8d-835e-75e395735eb4,Mode=1,Ref=bi_bk3wk1_prod_01(bi_bk3wk1_prod_01),Host=DC3RDSH10,Connection=1497,Administrator=Unknown,Result=Success
01:07.529026-0,ADMIN,2,process=rphost,p:processName=bi_bk3wk1_prod_01,OSThread=9576,t:clientID=3802,t:applicationName=JobScheduler,t:computerName=DC2BUHAPP11,Func=killClient,ClusterID=8aa94e2b-5d54-4b86-800b-79353ce39638,ConnectionID=555b0d03-fcd5-4d17-9c82-308424a9cb68,Mode=1,Ref=bi_bk3wk1_prod_01(bi_bk3wk1_prod_01),Host=DC1CISWEB02,Connection=1509,Administrator=Unknown,Result=Success
01:07.529044-0,ADMIN,2,process=rphost,p:processName=bi_bk3wk1_prod_01,OSThread=9576,t:clientID=3802,t:applicationName=JobScheduler,t:computerName=DC2BUHAPP11,Func=killClient,ClusterID=8aa94e2b-5d54-4b86-800b-79353ce39638,ConnectionID=11c604f9-a6d2-41e5-89b5-16dac740742f,Mode=1,Ref=bi_bk3wk1_prod_01(bi_bk3wk1_prod_01),Host=DC3RDSH05,Connection=1520,Administrator=Unknown,Result=Success
01:07.529062-0,ADMIN,2,process=rphost,p:processName=bi_bk3wk1_prod_01,OSThread=9576,t:clientID=3802,t:applicationName=JobScheduler,t:computerName=DC2BUHAPP11,Func=killClient,ClusterID=8aa94e2b-5d54-4b86-800b-79353ce39638,ConnectionID=fc5f9c54-721c-4fd7-989a-650e7e0f2a82,Mode=1,Ref=bi_bk3wk1_prod_01(bi_bk3wk1_prod_01),Host=DC2RDSH01,Connection=1592,Administrator=Unknown,Result=Success
01:07.529080-0,ADMIN,2,process=rphost,p:processName=bi_bk3wk1_prod_01,OSThread=9576,t:clientID=3802,t:applicationName=JobScheduler,t:computerName=DC2BUHAPP11,Func=killClient,ClusterID=8aa94e2b-5d54-4b86-800b-79353ce39638,ConnectionID=a180de8e-63fa-4a35-8be0-5cbcf69bcead,Mode=1,Ref=bi_bk3wk1_prod_01(bi_bk3wk1_prod_01),Host=DC2RDSH26,Connection=1637,Administrator=Unknown,Result=Success
01:07.545012-0,ADMIN,2,process=rphost,p:processName=bi_bk3wk1_prod_01,OSThread=9576,t:clientID=3802,t:applicationName=JobScheduler,t:computerName=DC2BUHAPP11,Func=killClient,ClusterID=8aa94e2b-5d54-4b86-800b-79353ce39638,ConnectionID=1d8324bc-ba14-46c6-8694-5dcf5a320cd1,Mode=1,Ref=bi_bk3wk1_prod_01(bi_bk3wk1_prod_01),Host=DC2RDSH06,Connection=1909,Administrator=Unknown,Result=Success
01:07.545030-0,ADMIN,2,process=rphost,p:processName=bi_bk3wk1_prod_01,OSThread=9576,t:clientID=3802,t:applicationName=JobScheduler,t:computerName=DC2BUHAPP11,Func=killClient,ClusterID=8aa94e2b-5d54-4b86-800b-79353ce39638,ConnectionID=9bf36df4-31a2-4246-9e0a-09b164e84a64,Mode=1,Ref=bi_bk3wk1_prod_01(bi_bk3wk1_prod_01),Host=DC2RDSH14,Connection=1941,Administrator=Unknown,Result=Success
01:07.545048-0,ADMIN,2,process=rphost,p:processName=bi_bk3wk1_prod_01,OSThread=9576,t:clientID=3802,t:applicationName=JobScheduler,t:computerName=DC2BUHAPP11,Func=killClient,ClusterID=8aa94e2b-5d54-4b86-800b-79353ce39638,ConnectionID=cea82381-698d-4e41-9494-2b0880b89e47,Mode=1,Ref=bi_bk3wk1_prod_01(bi_bk3wk1_prod_01),Host=DC2RDSH19,Connection=2704,Administrator=Unknown,Result=Success
01:07.545066-0,ADMIN,2,process=rphost,p:processName=bi_bk3wk1_prod_01,OSThread=9576,t:clientID=3802,t:applicationName=JobScheduler,t:computerName=DC2BUHAPP11,Func=killClient,ClusterID=8aa94e2b-5d54-4b86-800b-79353ce39638,ConnectionID=8c0ebac6-e4b7-4580-a4ea-78f0729e5872,Mode=1,Ref=bi_bk3wk1_prod_01(bi_bk3wk1_prod_01),Host=DC3RDSH11,Connection=3088,Administrator=Unknown,Result=Success
01:07.560008-0,ADMIN,2,process=rphost,p:processName=bi_bk3wk1_prod_01,OSThread=9576,t:clientID=3802,t:applicationName=JobScheduler,t:computerName=DC2BUHAPP11,Func=killClient,ClusterID=8aa94e2b-5d54-4b86-800b-79353ce39638,ConnectionID=72d1d577-06f7-4f15-acc5-3a875669cc76,Mode=1,Ref=bi_bk3wk1_prod_01(bi_bk3wk1_prod_01),Host=DC2RDSH06,Connection=3698,Administrator=Unknown,Result=Success
01:08.889004-0,EXCP,2,process=rphost,OSThread=8032,t:clientID=2200,Exception=dd149677-3d47-4e05-a55f-4e75b13a441f,Descr='src\rtrsrvc\src\remoteinterfaceimpl.cpp(2069):
dd149677-3d47-4e05-a55f-4e75b13a441f: Сеанс работы завершен администратором.'
01:08.889006-4,CALL,1,process=rphost,OSThread=8032,t:clientID=2200,Interface=bc15bd01-10bf-413c-a856-ddc907fcd123,IName=IVResourceRemoteConnection,Method=0,CallID=12507,MName=send,RetExcp=Сеанс работы завершен администратором.,Memory=13383,MemoryPeak=13383,InBytes=0,OutBytes=0,CpuTime=0
01:09.154003-0,EXCP,2,process=rphost,OSThread=8032,t:clientID=2881,Exception=dd149677-3d47-4e05-a55f-4e75b13a441f,Descr='src\rtrsrvc\src\remoteinterfaceimpl.cpp(2069):
dd149677-3d47-4e05-a55f-4e75b13a441f: Сеанс работы завершен администратором.'
01:09.154004-3,CALL,1,process=rphost,OSThread=8032,t:clientID=2881,Interface=bc15bd01-10bf-413c-a856-ddc907fcd123,IName=IVResourceRemoteConnection,Method=0,CallID=14899,MName=send,RetExcp=Сеанс работы завершен администратором.,Memory=13292,MemoryPeak=13292,InBytes=0,OutBytes=0,CpuTime=0
01:09.810012-0,EXCP,0,process=rphost,OSThread=10800,ClientID=2200,Exception=NetDataExchangeException,Descr='server_addr=(2)10.224.32.240:51290 descr=2(0x00000002): Не удается найти указанный файл.  line=1149 file=d:\jenkins\ci_builder2\windowsbuild2\platform\src\rtrsrvc\src\dataexchangeserverimpl.cpp'
01:09.810013-0,EXCPCNTX,0,ClientComputerName=,ServerComputerName=,UserName=,ConnectString=
01:09.810017-0,EXCP,0,process=rphost,OSThread=9756,ClientID=2202,Exception=NetDataExchangeException,Descr='server_addr=(2)10.224.32.240:51311 descr=2(0x00000002): Не удается найти указанный файл.  line=1149 file=d:\jenkins\ci_builder2\windowsbuild2\platform\src\rtrsrvc\src\dataexchangeserverimpl.cpp'
01:09.810018-0,EXCPCNTX,0,ClientComputerName=,ServerComputerName=,UserName=,ConnectString=
01:09.810024-0,EXCP,0,process=rphost,OSThread=6272,ClientID=2881,Exception=NetDataExchangeException,Descr='server_addr=(2)10.3.172.24:64499 descr=2(0x00000002): Не удается найти указанный файл.  line=1149 file=d:\jenkins\ci_builder2\windowsbuild2\platform\src\rtrsrvc\src\dataexchangeserverimpl.cpp'
01:09.810026-0,EXCPCNTX,0,ClientComputerName=,ServerComputerName=,UserName=,ConnectString=
01:09.810028-0,EXCP,2,process=rphost,p:processName=bi_bk3wk1_prod_01,OSThread=272,t:clientID=3826,t:applicationName=1CV8C,t:computerName=DC3RDSH11,Exception=SeanceContextException,Descr='Сеанс отсутствует или удален
ID=90aa6190-f6d3-4bec-8131-b5d8879c6363, File=d:\jenkins\ci_builder2\windowsbuild2\platform\src\rserver\src\clusterdistribimpl.cpp(1439)'
01:09.810030-0,EXCP,3,process=rphost,p:processName=bi_bk3wk1_prod_01,OSThread=8276,t:clientID=3825,t:applicationName=1CV8C,t:computerName=DC2RDSH14,Exception=SeanceContextException,Descr='Сеанс отсутствует или удален
ID=378cab7c-ca87-4a68-be58-0b090293c675, File=d:\jenkins\ci_builder2\windowsbuild2\platform\src\rserver\src\clusterdistribimpl.cpp(1439)'
01:09.810034-0,EXCP,3,process=rphost,p:processName=bi_bk3wk1_prod_01,OSThread=8276,t:clientID=3825,t:applicationName=1CV8C,t:computerName=DC2RDSH14,Exception=580392e6-ba49-4280-ac67-fcd6f2180121,Descr='src\vrsbase\src\vresourceinfobaseimpl.cpp(1058):
580392e6-ba49-4280-ac67-fcd6f2180121: Ошибка работы сеанса
Ошибка при выполнении запроса POST к ресурсу /e1cib/modules/call:
60c686dc-798f-4d17-aadb-a90156a16eb8: Сеанс отсутствует или удален
ID=378cab7c-ca87-4a68-be58-0b090293c675, File=d:\jenkins\ci_builder2\windowsbuild2\platform\src\rserver\src\clusterdistribimpl.cpp(1439)'
01:09.810035-0,EXCP,2,process=rphost,p:processName=bi_bk3wk1_prod_01,OSThread=272,t:clientID=3826,t:applicationName=1CV8C,t:computerName=DC3RDSH11,Exception=580392e6-ba49-4280-ac67-fcd6f2180121,Descr='src\vrsbase\src\vresourceinfobaseimpl.cpp(1058):
580392e6-ba49-4280-ac67-fcd6f2180121: Ошибка работы сеанса
Ошибка при выполнении запроса POST к ресурсу /e1cib/modules/call:
60c686dc-798f-4d17-aadb-a90156a16eb8: Сеанс отсутствует или удален
ID=90aa6190-f6d3-4bec-8131-b5d8879c6363, File=d:\jenkins\ci_builder2\windowsbuild2\platform\src\rserver\src\clusterdistribimpl.cpp(1439)'
01:07.560026-0,ADMIN,2,process=rphost,p:processName=bi_bk3wk1_prod_01,OSThread=9576,t:clientID=3802,t:applicationName=JobScheduler,t:computerName=DC2BUHAPP11,Func=killClient,ClusterID=8aa94e2b-5d54-4b86-800b-79353ce39638,ConnectionID=8d67ad35-6dad-493b-b46f-d0ebba408d85,Mode=1,Ref=bi_bk3wk1_prod_01(bi_bk3wk1_prod_01),Host=DC2RDSH18,Connection=4369,Administrator=Unknown,Result=Success
01:11.764002-0,ADMIN,2,process=rphost,p:processName=bi_bk3wk1_prod_01,p:processName=bi_bk3wk1_prod_01e40a81f2-ef8f-4045-8ae2-c9c7719705e5,OSThread=9576,t:clientID=3802,t:applicationName=JobScheduler,t:computerName=DC2BUHAPP11,Func=killClient,ClusterID=8aa94e2b-5d54-4b86-800b-79353ce39638,ConnectionID=541be549-3169-4126-bef6-c9d331cb9c45,Mode=1,Ref=bi_bk3wk1_prod_01(bi_bk3wk1_prod_01e40a81f2-ef8f-4045-8ae2-c9c7719705e5),Host=DC1RDSH02,Connection=5967,Administrator=Unknown,Result=Success
01:11.764008-0,ADMIN,2,process=rphost,p:processName=bi_bk3wk1_prod_01,p:processName=bi_bk3wk1_prod_01e40a81f2-ef8f-4045-8ae2-c9c7719705e5,OSThread=9576,t:clientID=3802,t:applicationName=JobScheduler,t:computerName=DC2BUHAPP11,Func=killClient,ClusterID=8aa94e2b-5d54-4b86-800b-79353ce39638,ConnectionID=81a79579-eef6-4820-a62a-52d510251129,Mode=1,Ref=bi_bk3wk1_prod_01(bi_bk3wk1_prod_01e40a81f2-ef8f-4045-8ae2-c9c7719705e5),Host=DC1RDSH19,Connection=5943,Administrator=Unknown,Result=Success
01:11.764021-0,ADMIN,2,process=rphost,p:processName=bi_bk3wk1_prod_01,p:processName=bi_bk3wk1_prod_01e40a81f2-ef8f-4045-8ae2-c9c7719705e5,OSThread=9576,t:clientID=3802,t:applicationName=JobScheduler,t:computerName=DC2BUHAPP11,Func=killClient,ClusterID=8aa94e2b-5d54-4b86-800b-79353ce39638,ConnectionID=751d5d1e-996d-44d6-9f59-8bcc0bde4ec0,Mode=1,Ref=bi_bk3wk1_prod_01(bi_bk3wk1_prod_01e40a81f2-ef8f-4045-8ae2-c9c7719705e5),Host=DC2RDSH14,Connection=5950,Administrator=Unknown,Result=Success
01:11.764029-0,ADMIN,2,process=rphost,p:processName=bi_bk3wk1_prod_01,p:processName=bi_bk3wk1_prod_01e40a81f2-ef8f-4045-8ae2-c9c7719705e5,OSThread=9576,t:clientID=3802,t:applicationName=JobScheduler,t:computerName=DC2BUHAPP11,Func=killClient,ClusterID=8aa94e2b-5d54-4b86-800b-79353ce39638,ConnectionID=77f4cb79-cb39-4b91-bb39-8096f866dc01,Mode=1,Ref=bi_bk3wk1_prod_01(bi_bk3wk1_prod_01e40a81f2-ef8f-4045-8ae2-c9c7719705e5),Host=DC2RDSH17,Connection=5970,Administrator=Unknown,Result=Success
01:11.764034-0,ADMIN,2,process=rphost,p:processName=bi_bk3wk1_prod_01,p:processName=bi_bk3wk1_prod_01e40a81f2-ef8f-4045-8ae2-c9c7719705e5,OSThread=9576,t:clientID=3802,t:applicationName=JobScheduler,t:computerName=DC2BUHAPP11,Func=killClient,ClusterID=8aa94e2b-5d54-4b86-800b-79353ce39638,ConnectionID=2d9de64f-5533-4fc8-8397-d2f3a4b93709,Mode=1,Ref=bi_bk3wk1_prod_01(bi_bk3wk1_prod_01e40a81f2-ef8f-4045-8ae2-c9c7719705e5),Host=DC2RDSH26,Connection=5973,Administrator=Unknown,Result=Success
01:16.779001-0,EXCP,0,process=rphost,OSThread=10196,ClientID=3822,Exception=NetDataExchangeException,Descr='server_addr=(2)10.225.32.33:53879 descr=2(0x00000002): Не удается найти указанный файл.  line=1149 file=d:\jenkins\ci_builder2\windowsbuild2\platform\src\rtrsrvc\src\dataexchangeserverimpl.cpp'
01:16.779002-0,EXCPCNTX,0,ClientComputerName=,ServerComputerName=,UserName=,ConnectString=
01:17.560003-0,EXCP,2,process=rphost,OSThread=8812,t:clientID=867,Exception=dd149677-3d47-4e05-a55f-4e75b13a441f,Descr='src\rtrsrvc\src\remoteinterfaceimpl.cpp(2069):
dd149677-3d47-4e05-a55f-4e75b13a441f: Сеанс работы завершен администратором.'
01:17.560004-3,CALL,1,process=rphost,OSThread=8812,t:clientID=867,Interface=bc15bd01-10bf-413c-a856-ddc907fcd123,IName=IVResourceRemoteConnection,Method=0,CallID=8061,MName=send,RetExcp=Сеанс работы завершен администратором.,Memory=13374,MemoryPeak=13374,InBytes=0,OutBytes=0,CpuTime=0
01:17.560010-0,EXCP,2,process=rphost,OSThread=8812,t:clientID=2616,Exception=dd149677-3d47-4e05-a55f-4e75b13a441f,Descr='src\rtrsrvc\src\remoteinterfaceimpl.cpp(2069):
dd149677-3d47-4e05-a55f-4e75b13a441f: Сеанс работы завершен администратором.'
01:17.560011-2,CALL,1,process=rphost,OSThread=8812,t:clientID=2616,Interface=bc15bd01-10bf-413c-a856-ddc907fcd123,IName=IVResourceRemoteConnection,Method=0,CallID=32022,MName=send,RetExcp=Сеанс работы завершен администратором.,Memory=13437,MemoryPeak=13437,InBytes=0,OutBytes=0,CpuTime=0
01:17.779012-0,EXCP,0,process=rphost,OSThread=9764,ClientID=867,Exception=NetDataExchangeException,Descr='server_addr=(2)10.225.32.46:53298 descr=2(0x00000002): Не удается найти указанный файл.  line=1149 file=d:\jenkins\ci_builder2\windowsbuild2\platform\src\rtrsrvc\src\dataexchangeserverimpl.cpp'
01:17.779013-0,EXCPCNTX,0,ClientComputerName=,ServerComputerName=,UserName=,ConnectString=
01:17.779025-0,EXCP,2,process=rphost,p:processName=bi_bk3wk1_prod_01,OSThread=5792,t:clientID=3829,t:applicationName=1CV8C,t:computerName=DC1RDSH07,Exception=SeanceContextException,Descr='Сеанс отсутствует или удален
ID=0d8d8555-4e87-44c3-9368-fd16cb3a6087, File=d:\jenkins\ci_builder2\windowsbuild2\platform\src\rserver\src\clusterdistribimpl.cpp(1439)'
01:17.779026-0,EXCP,2,process=rphost,p:processName=bi_bk3wk1_prod_01,OSThread=5792,t:clientID=3829,t:applicationName=1CV8C,t:computerName=DC1RDSH07,Exception=580392e6-ba49-4280-ac67-fcd6f2180121,Descr='src\vrsbase\src\vresourceinfobaseimpl.cpp(1058):
580392e6-ba49-4280-ac67-fcd6f2180121: Ошибка работы сеанса
Ошибка при выполнении запроса POST к ресурсу /e1cib/modules/call:
60c686dc-798f-4d17-aadb-a90156a16eb8: Сеанс отсутствует или удален
ID=0d8d8555-4e87-44c3-9368-fd16cb3a6087, File=d:\jenkins\ci_builder2\windowsbuild2\platform\src\rserver\src\clusterdistribimpl.cpp(1439)'
01:17.982012-0,EXCP,0,process=rphost,OSThread=3736,ClientID=2616,Exception=NetDataExchangeException,Descr='server_addr=(2)10.224.32.226:52348 descr=2(0x00000002): Не удается найти указанный файл.  line=1149 file=d:\jenkins\ci_builder2\windowsbuild2\platform\src\rtrsrvc\src\dataexchangeserverimpl.cpp'
01:17.982013-0,EXCPCNTX,0,ClientComputerName=,ServerComputerName=,UserName=,ConnectString=
01:17.998009-0,EXCP,2,process=rphost,p:processName=bi_bk3wk1_prod_01,OSThread=8276,t:clientID=3830,t:applicationName=1CV8C,t:computerName=DC2RDSH19,Exception=SeanceContextException,Descr='Сеанс отсутствует или удален
ID=8476b518-8dec-4cb8-b60b-fcbdabbf3295, File=d:\jenkins\ci_builder2\windowsbuild2\platform\src\rserver\src\clusterdistribimpl.cpp(1439)'
01:17.998011-0,EXCP,2,process=rphost,p:processName=bi_bk3wk1_prod_01,OSThread=8276,t:clientID=3830,t:applicationName=1CV8C,t:computerName=DC2RDSH19,Exception=580392e6-ba49-4280-ac67-fcd6f2180121,Descr='src\vrsbase\src\vresourceinfobaseimpl.cpp(1058):
580392e6-ba49-4280-ac67-fcd6f2180121: Ошибка работы сеанса
Ошибка при выполнении запроса POST к ресурсу /e1cib/modules/call:
60c686dc-798f-4d17-aadb-a90156a16eb8: Сеанс отсутствует или удален
ID=8476b518-8dec-4cb8-b60b-fcbdabbf3295, File=d:\jenkins\ci_builder2\windowsbuild2\platform\src\rserver\src\clusterdistribimpl.cpp(1439)'
01:20.435003-0,EXCP,2,process=rphost,OSThread=8812,t:clientID=2150,Exception=dd149677-3d47-4e05-a55f-4e75b13a441f,Descr='src\rtrsrvc\src\remoteinterfaceimpl.cpp(2069):
dd149677-3d47-4e05-a55f-4e75b13a441f: Сеанс работы завершен администратором.'
01:20.435004-3,CALL,1,process=rphost,OSThread=8812,t:clientID=2150,Interface=bc15bd01-10bf-413c-a856-ddc907fcd123,IName=IVResourceRemoteConnection,Method=0,CallID=21351,MName=send,RetExcp=Сеанс работы завершен администратором.,Memory=13486,MemoryPeak=13486,InBytes=0,OutBytes=0,CpuTime=0
01:20.748012-0,EXCP,0,process=rphost,OSThread=10196,ClientID=2150,Exception=NetDataExchangeException,Descr='server_addr=(2)10.224.32.44:52928 descr=2(0x00000002): Не удается найти указанный файл.  line=1149 file=d:\jenkins\ci_builder2\windowsbuild2\platform\src\rtrsrvc\src\dataexchangeserverimpl.cpp'
01:20.748013-0,EXCPCNTX,0,ClientComputerName=,ServerComputerName=,UserName=,ConnectString=
01:20.748019-0,EXCP,2,process=rphost,p:processName=bi_bk3wk1_prod_01,OSThread=8276,t:clientID=3831,t:applicationName=1CV8C,t:computerName=DC2RDSH06,Exception=SeanceContextException,Descr='Сеанс отсутствует или удален
ID=fd1837ee-0a43-4bd0-bafd-c0cca8329a60, File=d:\jenkins\ci_builder2\windowsbuild2\platform\src\rserver\src\clusterdistribimpl.cpp(1439)'
01:20.748020-0,EXCP,2,process=rphost,p:processName=bi_bk3wk1_prod_01,OSThread=8276,t:clientID=3831,t:applicationName=1CV8C,t:computerName=DC2RDSH06,Exception=580392e6-ba49-4280-ac67-fcd6f2180121,Descr='src\vrsbase\src\vresourceinfobaseimpl.cpp(1058):
580392e6-ba49-4280-ac67-fcd6f2180121: Ошибка работы сеанса
Ошибка при выполнении запроса POST к ресурсу /e1cib/modules/call:
60c686dc-798f-4d17-aadb-a90156a16eb8: Сеанс отсутствует или удален
ID=fd1837ee-0a43-4bd0-bafd-c0cca8329a60, File=d:\jenkins\ci_builder2\windowsbuild2\platform\src\rserver\src\clusterdistribimpl.cpp(1439)'
01:20.951003-0,EXCP,2,process=rphost,OSThread=8812,t:clientID=1268,Exception=dd149677-3d47-4e05-a55f-4e75b13a441f,Descr='src\rtrsrvc\src\remoteinterfaceimpl.cpp(2069):
dd149677-3d47-4e05-a55f-4e75b13a441f: Сеанс работы завершен администратором.'
01:20.951004-3,CALL,1,process=rphost,OSThread=8812,t:clientID=1268,Interface=bc15bd01-10bf-413c-a856-ddc907fcd123,IName=IVResourceRemoteConnection,Method=0,CallID=29117,MName=send,RetExcp=Сеанс работы завершен администратором.,Memory=13536,MemoryPeak=13536,InBytes=0,OutBytes=0,CpuTime=0
01:21.185026-0,EXCP,0,process=rphost,OSThread=9764,ClientID=1268,Exception=NetDataExchangeException,Descr='server_addr=(2)10.225.32.43:50161 descr=2(0x00000002): Не удается найти указанный файл.  line=1149 file=d:\jenkins\ci_builder2\windowsbuild2\platform\src\rtrsrvc\src\dataexchangeserverimpl.cpp'
01:21.185027-0,EXCPCNTX,0,ClientComputerName=,ServerComputerName=,UserName=,ConnectString=
01:21.185033-0,EXCP,2,process=rphost,p:processName=bi_bk3wk1_prod_01,OSThread=5792,t:clientID=3832,t:applicationName=1CV8C,t:computerName=DC1RDSH06,Exception=SeanceContextException,Descr='Сеанс отсутствует или удален
ID=671b55c5-37a4-4cea-bdac-e9a40a96d07a, File=d:\jenkins\ci_builder2\windowsbuild2\platform\src\rserver\src\clusterdistribimpl.cpp(1439)'
01:21.185034-0,EXCP,2,process=rphost,p:processName=bi_bk3wk1_prod_01,OSThread=5792,t:clientID=3832,t:applicationName=1CV8C,t:computerName=DC1RDSH06,Exception=580392e6-ba49-4280-ac67-fcd6f2180121,Descr='src\vrsbase\src\vresourceinfobaseimpl.cpp(1058):
580392e6-ba49-4280-ac67-fcd6f2180121: Ошибка работы сеанса
Ошибка при выполнении запроса POST к ресурсу /e1cib/modules/call:
60c686dc-798f-4d17-aadb-a90156a16eb8: Сеанс отсутствует или удален
ID=671b55c5-37a4-4cea-bdac-e9a40a96d07a, File=d:\jenkins\ci_builder2\windowsbuild2\platform\src\rserver\src\clusterdistribimpl.cpp(1439)'
01:23.951001-0,ADMIN,2,process=rphost,p:processName=bi_bk3wk1_prod_01,p:processName=bi_bk3wk1_prod_01e40a81f2-ef8f-4045-8ae2-c9c7719705e5,OSThread=9576,t:clientID=3802,t:applicationName=JobScheduler,t:computerName=DC2BUHAPP11,Func=killClient,ClusterID=8aa94e2b-5d54-4b86-800b-79353ce39638,ConnectionID=9f9bf238-ce42-439d-9a21-a5fb37b8a69b,Mode=1,Ref=bi_bk3wk1_prod_01(bi_bk3wk1_prod_01),Host=DC2RDSH14,Connection=0,Administrator=Unknown,Result=Success
01:23.951006-0,ADMIN,2,process=rphost,p:processName=bi_bk3wk1_prod_01,p:processName=bi_bk3wk1_prod_01e40a81f2-ef8f-4045-8ae2-c9c7719705e5,OSThread=9576,t:clientID=3802,t:applicationName=JobScheduler,t:computerName=DC2BUHAPP11,Func=killClient,ClusterID=8aa94e2b-5d54-4b86-800b-79353ce39638,ConnectionID=22ab405b-37e6-46a6-89aa-5c32720b80a4,Mode=1,Ref=bi_bk3wk1_prod_01(bi_bk3wk1_prod_01),Host=DC3RDSH11,Connection=0,Administrator=Unknown,Result=Success
01:23.951010-0,ADMIN,2,process=rphost,p:processName=bi_bk3wk1_prod_01,p:processName=bi_bk3wk1_prod_01e40a81f2-ef8f-4045-8ae2-c9c7719705e5,OSThread=9576,t:clientID=3802,t:applicationName=JobScheduler,t:computerName=DC2BUHAPP11,Func=killClient,ClusterID=8aa94e2b-5d54-4b86-800b-79353ce39638,ConnectionID=d75a7e08-5933-4914-9c18-ce3e07f8d23b,Mode=1,Ref=bi_bk3wk1_prod_01(bi_bk3wk1_prod_01),Host=DC1RDSH07,Connection=0,Administrator=Unknown,Result=Success
01:23.951016-0,ADMIN,2,process=rphost,p:processName=bi_bk3wk1_prod_01,p:processName=bi_bk3wk1_prod_01e40a81f2-ef8f-4045-8ae2-c9c7719705e5,OSThread=9576,t:clientID=3802,t:applicationName=JobScheduler,t:computerName=DC2BUHAPP11,Func=killClient,ClusterID=8aa94e2b-5d54-4b86-800b-79353ce39638,ConnectionID=0391860e-a5a6-43f6-9736-b0fbf0aed16c,Mode=1,Ref=bi_bk3wk1_prod_01(bi_bk3wk1_prod_01),Host=DC2RDSH19,Connection=0,Administrator=Unknown,Result=Success
01:23.951024-0,ADMIN,2,process=rphost,p:processName=bi_bk3wk1_prod_01,p:processName=bi_bk3wk1_prod_01e40a81f2-ef8f-4045-8ae2-c9c7719705e5,OSThread=9576,t:clientID=3802,t:applicationName=JobScheduler,t:computerName=DC2BUHAPP11,Func=killClient,ClusterID=8aa94e2b-5d54-4b86-800b-79353ce39638,ConnectionID=d1a8f33d-51fa-48ad-9772-53b5a4eace3c,Mode=1,Ref=bi_bk3wk1_prod_01(bi_bk3wk1_prod_01),Host=DC2RDSH06,Connection=0,Administrator=Unknown,Result=Success
01:23.951032-0,ADMIN,2,process=rphost,p:processName=bi_bk3wk1_prod_01,p:processName=bi_bk3wk1_prod_01e40a81f2-ef8f-4045-8ae2-c9c7719705e5,OSThread=9576,t:clientID=3802,t:applicationName=JobScheduler,t:computerName=DC2BUHAPP11,Func=killClient,ClusterID=8aa94e2b-5d54-4b86-800b-79353ce39638,ConnectionID=c3e66cf3-a757-445e-b2f1-f49fd91152cd,Mode=1,Ref=bi_bk3wk1_prod_01(bi_bk3wk1_prod_01),Host=DC1RDSH06,Connection=0,Administrator=Unknown,Result=Success
01:31.858001-0,EXCP,0,process=rphost,OSThread=8112,ClientID=3828,Exception=NetDataExchangeException,Descr='server_addr=(2)10.225.32.33:53880 descr=2(0x00000002): Не удается найти указанный файл.  line=1149 file=d:\jenkins\ci_builder2\windowsbuild2\platform\src\rtrsrvc\src\dataexchangeserverimpl.cpp'
01:31.858002-0,EXCPCNTX,0,ClientComputerName=,ServerComputerName=,UserName=,ConnectString=
01:33.265012-0,EXCP,2,process=rphost,OSThread=7372,Exception=acea3e6e-3687-4792-8319-09c009274c9a,Descr='src\rserver\src\rhostimpl.cpp(5997):
acea3e6e-3687-4792-8319-09c009274c9a: Рабочий процесс не найден'
01:33.452001-0,PROC,0,process=rphost,OSThread=6856,Txt='Process terminated.
Stopped on error (working)'
01:33.765000-0,PROC,0,process=rphost,OSThread=9764,Txt='Process terminated.
Stopped on error (working)'
01:33.780001-0,EXCP,2,process=rphost,OSThread=5844,Exception=96380a22-60f7-4a8b-8fca-1224e6bc518f,Descr='src\rserver\src\rmngrcalls.cpp(951):
96380a22-60f7-4a8b-8fca-1224e6bc518f: OnFinishRpHost'
01:33.780003-0,EXCP,0,process=rphost,OSThread=9316,Exception=dd149677-3d47-4e05-a55f-4e75b13a441f,Descr='src\rtrsrvc\src\remoteinterfaceimpl.cpp(736):
dd149677-3d47-4e05-a55f-4e75b13a441f: Процесс завершается. Исходящий вызов запрещен.'
01:33.780004-0,EXCP,0,process=rphost,OSThread=9316,Exception=dd149677-3d47-4e05-a55f-4e75b13a441f,Descr='src\rserver\src\rmngrcalls.cpp(543):
dd149677-3d47-4e05-a55f-4e75b13a441f: Процесс завершается. Исходящий вызов запрещен.'
01:33.780005-0,EXCP,0,process=rphost,OSThread=9316,Exception=dd149677-3d47-4e05-a55f-4e75b13a441f,Descr='src\rtrsrvc\src\remoteinterfaceimpl.cpp(736):
dd149677-3d47-4e05-a55f-4e75b13a441f: Процесс завершается. Исходящий вызов запрещен.'
01:33.780006-0,EXCP,0,process=rphost,OSThread=9316,Exception=dd149677-3d47-4e05-a55f-4e75b13a441f,Descr='src\rtrsrvc\src\remoteinterfaceimpl.cpp(736):
dd149677-3d47-4e05-a55f-4e75b13a441f: Процесс завершается. Исходящий вызов запрещен.'
01:33.780007-0,EXCP,0,process=rphost,OSThread=9316,Exception=dd149677-3d47-4e05-a55f-4e75b13a441f,Descr='src\rtrsrvc\src\remoteinterfaceimpl.cpp(736):
dd149677-3d47-4e05-a55f-4e75b13a441f: Процесс завершается. Исходящий вызов запрещен.'
01:33.780008-0,EXCP,0,process=rphost,OSThread=9316,Exception=dd149677-3d47-4e05-a55f-4e75b13a441f,Descr='src\rtrsrvc\src\remoteinterfaceimpl.cpp(736):
dd149677-3d47-4e05-a55f-4e75b13a441f: Процесс завершается. Исходящий вызов запрещен.'
01:33.780009-0,EXCP,0,process=rphost,OSThread=9316,Exception=dd149677-3d47-4e05-a55f-4e75b13a441f,Descr='src\rtrsrvc\src\remoteinterfaceimpl.cpp(736):
dd149677-3d47-4e05-a55f-4e75b13a441f: Процесс завершается. Исходящий вызов запрещен.'
01:33.780010-0,EXCP,0,process=rphost,OSThread=9316,Exception=dd149677-3d47-4e05-a55f-4e75b13a441f,Descr='src\rtrsrvc\src\remoteinterfaceimpl.cpp(736):
dd149677-3d47-4e05-a55f-4e75b13a441f: Процесс завершается. Исходящий вызов запрещен.'
01:33.780011-0,EXCP,0,process=rphost,OSThread=9316,Exception=dd149677-3d47-4e05-a55f-4e75b13a441f,Descr='src\rtrsrvc\src\remoteinterfaceimpl.cpp(736):
dd149677-3d47-4e05-a55f-4e75b13a441f: Процесс завершается. Исходящий вызов запрещен.'
01:33.780012-0,EXCP,0,process=rphost,OSThread=9316,Exception=dd149677-3d47-4e05-a55f-4e75b13a441f,Descr='src\rtrsrvc\src\remoteinterfaceimpl.cpp(736):
dd149677-3d47-4e05-a55f-4e75b13a441f: Процесс завершается. Исходящий вызов запрещен.'
01:33.780013-0,EXCP,0,process=rphost,OSThread=9316,Exception=dd149677-3d47-4e05-a55f-4e75b13a441f,Descr='src\rtrsrvc\src\remoteinterfaceimpl.cpp(736):
dd149677-3d47-4e05-a55f-4e75b13a441f: Процесс завершается. Исходящий вызов запрещен.'
01:33.780014-0,EXCP,0,process=rphost,OSThread=9316,Exception=dd149677-3d47-4e05-a55f-4e75b13a441f,Descr='src\rtrsrvc\src\remoteinterfaceimpl.cpp(736):
dd149677-3d47-4e05-a55f-4e75b13a441f: Процесс завершается. Исходящий вызов запрещен.'
01:33.780015-0,EXCP,0,process=rphost,OSThread=9316,Exception=dd149677-3d47-4e05-a55f-4e75b13a441f,Descr='src\rtrsrvc\src\remoteinterfaceimpl.cpp(736):
dd149677-3d47-4e05-a55f-4e75b13a441f: Процесс завершается. Исходящий вызов запрещен.'
01:33.780016-0,EXCP,0,process=rphost,OSThread=9316,Exception=dd149677-3d47-4e05-a55f-4e75b13a441f,Descr='src\rtrsrvc\src\remoteinterfaceimpl.cpp(736):
dd149677-3d47-4e05-a55f-4e75b13a441f: Процесс завершается. Исходящий вызов запрещен.'
01:33.983000-0,EXCP,0,process=rphost,OSThread=9316,Exception=dd149677-3d47-4e05-a55f-4e75b13a441f,Descr='src\rtrsrvc\src\remoteinterfaceimpl.cpp(736):
dd149677-3d47-4e05-a55f-4e75b13a441f: Процесс завершается. Исходящий вызов запрещен.'
01:33.983001-0,EXCP,0,process=rphost,OSThread=9316,Exception=dd149677-3d47-4e05-a55f-4e75b13a441f,Descr='src\rserver\src\rmngrcalls.cpp(543):
dd149677-3d47-4e05-a55f-4e75b13a441f: Процесс завершается. Исходящий вызов запрещен.'
01:33.983002-0,EXCP,0,process=rphost,OSThread=9316,Exception=dd149677-3d47-4e05-a55f-4e75b13a441f,Descr='src\rtrsrvc\src\remoteinterfaceimpl.cpp(736):
dd149677-3d47-4e05-a55f-4e75b13a441f: Процесс завершается. Исходящий вызов запрещен.'
01:33.983003-0,EXCP,0,process=rphost,OSThread=9316,Exception=dd149677-3d47-4e05-a55f-4e75b13a441f,Descr='src\rtrsrvc\src\remoteinterfaceimpl.cpp(736):
dd149677-3d47-4e05-a55f-4e75b13a441f: Процесс завершается. Исходящий вызов запрещен.'
01:33.983004-0,EXCP,0,process=rphost,OSThread=9316,Exception=dd149677-3d47-4e05-a55f-4e75b13a441f,Descr='src\rtrsrvc\src\remoteinterfaceimpl.cpp(736):
dd149677-3d47-4e05-a55f-4e75b13a441f: Процесс завершается. Исходящий вызов запрещен.'
01:33.983005-0,EXCP,0,process=rphost,OSThread=9316,Exception=dd149677-3d47-4e05-a55f-4e75b13a441f,Descr='src\rtrsrvc\src\remoteinterfaceimpl.cpp(736):
dd149677-3d47-4e05-a55f-4e75b13a441f: Процесс завершается. Исходящий вызов запрещен.'
01:33.983006-0,EXCP,0,process=rphost,OSThread=9316,Exception=dd149677-3d47-4e05-a55f-4e75b13a441f,Descr='src\rtrsrvc\src\remoteinterfaceimpl.cpp(736):
dd149677-3d47-4e05-a55f-4e75b13a441f: Процесс завершается. Исходящий вызов запрещен.'
01:33.983007-0,EXCP,0,process=rphost,OSThread=9316,Exception=dd149677-3d47-4e05-a55f-4e75b13a441f,Descr='src\rtrsrvc\src\remoteinterfaceimpl.cpp(736):
dd149677-3d47-4e05-a55f-4e75b13a441f: Процесс завершается. Исходящий вызов запрещен.'
01:33.983008-0,EXCP,0,process=rphost,OSThread=9316,Exception=dd149677-3d47-4e05-a55f-4e75b13a441f,Descr='src\rtrsrvc\src\remoteinterfaceimpl.cpp(736):
dd149677-3d47-4e05-a55f-4e75b13a441f: Процесс завершается. Исходящий вызов запрещен.'
01:33.983009-0,EXCP,0,process=rphost,OSThread=9316,Exception=dd149677-3d47-4e05-a55f-4e75b13a441f,Descr='src\rtrsrvc\src\remoteinterfaceimpl.cpp(736):
dd149677-3d47-4e05-a55f-4e75b13a441f: Процесс завершается. Исходящий вызов запрещен.'
01:33.983010-0,EXCP,0,process=rphost,OSThread=9316,Exception=dd149677-3d47-4e05-a55f-4e75b13a441f,Descr='src\rtrsrvc\src\remoteinterfaceimpl.cpp(736):
dd149677-3d47-4e05-a55f-4e75b13a441f: Процесс завершается. Исходящий вызов запрещен.'
01:33.983011-0,EXCP,0,process=rphost,OSThread=9316,Exception=dd149677-3d47-4e05-a55f-4e75b13a441f,Descr='src\rtrsrvc\src\remoteinterfaceimpl.cpp(736):
dd149677-3d47-4e05-a55f-4e75b13a441f: Процесс завершается. Исходящий вызов запрещен.'
01:33.983012-0,EXCP,0,process=rphost,OSThread=9316,Exception=dd149677-3d47-4e05-a55f-4e75b13a441f,Descr='src\rtrsrvc\src\remoteinterfaceimpl.cpp(736):
dd149677-3d47-4e05-a55f-4e75b13a441f: Процесс завершается. Исходящий вызов запрещен.'
01:33.983013-0,EXCP,0,process=rphost,OSThread=9316,Exception=dd149677-3d47-4e05-a55f-4e75b13a441f,Descr='src\rtrsrvc\src\remoteinterfaceimpl.cpp(736):
dd149677-3d47-4e05-a55f-4e75b13a441f: Процесс завершается. Исходящий вызов запрещен.'
01:33.983014-0,EXCP,0,process=rphost,OSThread=9316,Exception=dd149677-3d47-4e05-a55f-4e75b13a441f,Descr='src\rtrsrvc\src\remoteinterfaceimpl.cpp(736):
dd149677-3d47-4e05-a55f-4e75b13a441f: Процесс завершается. Исходящий вызов запрещен.'
01:33.983015-0,EXCP,0,process=rphost,OSThread=9316,Exception=dd149677-3d47-4e05-a55f-4e75b13a441f,Descr='src\rtrsrvc\src\remoteinterfaceimpl.cpp(736):
dd149677-3d47-4e05-a55f-4e75b13a441f: Процесс завершается. Исходящий вызов запрещен.'
01:33.999000-0,EXCP,0,process=rphost,OSThread=9316,Exception=dd149677-3d47-4e05-a55f-4e75b13a441f,Descr='src\rserver\src\rmngrcalls.cpp(586):
dd149677-3d47-4e05-a55f-4e75b13a441f: Процесс завершается. Исходящий вызов запрещен.'
01:33.999001-0,EXCP,0,process=rphost,OSThread=9316,Exception=dd149677-3d47-4e05-a55f-4e75b13a441f,Descr='src\rserver\src\rhostimpl.cpp(6261):
dd149677-3d47-4e05-a55f-4e75b13a441f: Процесс завершается. Исходящий вызов запрещен.'
01:33.999002-0,EXCP,0,process=rphost,OSThread=9316,Exception=dd149677-3d47-4e05-a55f-4e75b13a441f,Descr='src\rtrsrvc\src\remoteinterfaceimpl.cpp(736):
dd149677-3d47-4e05-a55f-4e75b13a441f: Процесс завершается. Исходящий вызов запрещен.'
01:33.999003-0,EXCP,0,process=rphost,OSThread=9316,Exception=dd149677-3d47-4e05-a55f-4e75b13a441f,Descr='src\rserver\src\rmngrcalls.cpp(732):
dd149677-3d47-4e05-a55f-4e75b13a441f: Процесс завершается. Исходящий вызов запрещен.'
01:33.999004-0,EXCP,0,process=rphost,OSThread=9316,Exception=dd149677-3d47-4e05-a55f-4e75b13a441f,Descr='src\rtrsrvc\src\remoteinterfaceimpl.cpp(736):
dd149677-3d47-4e05-a55f-4e75b13a441f: Процесс завершается. Исходящий вызов запрещен.'
01:33.999005-0,EXCP,0,process=rphost,OSThread=9316,Exception=dd149677-3d47-4e05-a55f-4e75b13a441f,Descr='src\rtrsrvc\src\remoteinterfaceimpl.cpp(736):
dd149677-3d47-4e05-a55f-4e75b13a441f: Процесс завершается. Исходящий вызов запрещен.'
01:33.999006-0,EXCP,0,process=rphost,OSThread=9316,Exception=dd149677-3d47-4e05-a55f-4e75b13a441f,Descr='src\rtrsrvc\src\remoteinterfaceimpl.cpp(736):
dd149677-3d47-4e05-a55f-4e75b13a441f: Процесс завершается. Исходящий вызов запрещен.'
01:33.999009-0,EXCP,0,process=rphost,OSThread=9316,Exception=dd149677-3d47-4e05-a55f-4e75b13a441f,Descr='src\rserver\src\rmngrcalls.cpp(739):
dd149677-3d47-4e05-a55f-4e75b13a441f: Процесс завершается. Исходящий вызов запрещен.'
01:33.999010-0,EXCP,0,process=rphost,OSThread=9316,Exception=96380a22-60f7-4a8b-8fca-1224e6bc518f,Descr='src\rserver\src\rmngrcalls.cpp(951):
96380a22-60f7-4a8b-8fca-1224e6bc518f: onFinishConnection'
01:33.999011-0,EXCP,0,process=rphost,OSThread=9316,Exception=dd149677-3d47-4e05-a55f-4e75b13a441f,Descr='src\rserver\src\rmngrcalls.cpp(586):
dd149677-3d47-4e05-a55f-4e75b13a441f: Процесс завершается. Исходящий вызов запрещен.'
01:34.202000-0,EXCP,0,process=rphost,OSThread=9316,Exception=dd149677-3d47-4e05-a55f-4e75b13a441f,Descr='src\rserver\src\rmngrcalls.cpp(586):
dd149677-3d47-4e05-a55f-4e75b13a441f: Процесс завершается. Исходящий вызов запрещен.'
01:34.202001-0,EXCP,0,process=rphost,OSThread=9316,Exception=dd149677-3d47-4e05-a55f-4e75b13a441f,Descr='src\rserver\src\rhostimpl.cpp(6261):
dd149677-3d47-4e05-a55f-4e75b13a441f: Процесс завершается. Исходящий вызов запрещен.'
01:34.202002-0,EXCP,0,process=rphost,OSThread=9316,Exception=dd149677-3d47-4e05-a55f-4e75b13a441f,Descr='src\rserver\src\rmngrcalls.cpp(739):
dd149677-3d47-4e05-a55f-4e75b13a441f: Процесс завершается. Исходящий вызов запрещен.'
01:34.202003-0,EXCP,0,process=rphost,OSThread=9316,Exception=dd149677-3d47-4e05-a55f-4e75b13a441f,Descr='src\rserver\src\rmngrcalls.cpp(739):
dd149677-3d47-4e05-a55f-4e75b13a441f: Процесс завершается. Исходящий вызов запрещен.'
01:34.202004-0,EXCP,0,process=rphost,OSThread=9316,Exception=96380a22-60f7-4a8b-8fca-1224e6bc518f,Descr='src\rserver\src\rmngrcalls.cpp(951):
96380a22-60f7-4a8b-8fca-1224e6bc518f: onFinishConnection'
01:34.202005-0,EXCP,0,process=rphost,OSThread=9316,Exception=dd149677-3d47-4e05-a55f-4e75b13a441f,Descr='src\rserver\src\rmngrcalls.cpp(586):
dd149677-3d47-4e05-a55f-4e75b13a441f: Процесс завершается. Исходящий вызов запрещен.'
01:34.265000-0,EXCP,0,process=rphost,OSThread=7372,Exception=dd149677-3d47-4e05-a55f-4e75b13a441f,Descr='src\rserver\src\rmngrcalls.cpp(586):
dd149677-3d47-4e05-a55f-4e75b13a441f: Процесс завершается. Исходящий вызов запрещен.'
01:34.311000-0,EXCP,0,process=rphost,OSThread=10664,Exception=dd149677-3d47-4e05-a55f-4e75b13a441f,Descr='src\rserver\src\rmngrcalls.cpp(586):
dd149677-3d47-4e05-a55f-4e75b13a441f: Процесс завершается. Исходящий вызов запрещен.'
01:34.405000-0,EXCP,0,process=rphost,OSThread=9316,Exception=dd149677-3d47-4e05-a55f-4e75b13a441f,Descr='src\rserver\src\rmngrcalls.cpp(586):
dd149677-3d47-4e05-a55f-4e75b13a441f: Процесс завершается. Исходящий вызов запрещен.'
01:34.405001-0,EXCP,0,process=rphost,OSThread=9316,Exception=dd149677-3d47-4e05-a55f-4e75b13a441f,Descr='src\rserver\src\rhostimpl.cpp(6261):
dd149677-3d47-4e05-a55f-4e75b13a441f: Процесс завершается. Исходящий вызов запрещен.'
01:34.405002-0,EXCP,0,process=rphost,OSThread=9316,Exception=dd149677-3d47-4e05-a55f-4e75b13a441f,Descr='src\rserver\src\rmngrcalls.cpp(739):
dd149677-3d47-4e05-a55f-4e75b13a441f: Процесс завершается. Исходящий вызов запрещен.'
01:34.405003-0,EXCP,0,process=rphost,OSThread=9316,Exception=dd149677-3d47-4e05-a55f-4e75b13a441f,Descr='src\rserver\src\rmngrcalls.cpp(739):
dd149677-3d47-4e05-a55f-4e75b13a441f: Процесс завершается. Исходящий вызов запрещен.'
01:34.405004-0,EXCP,0,process=rphost,OSThread=9316,Exception=96380a22-60f7-4a8b-8fca-1224e6bc518f,Descr='src\rserver\src\rmngrcalls.cpp(951):
96380a22-60f7-4a8b-8fca-1224e6bc518f: onFinishConnection'
01:34.468000-0,EXCP,0,process=rphost,OSThread=7372,Exception=dd149677-3d47-4e05-a55f-4e75b13a441f,Descr='src\rserver\src\rmngrcalls.cpp(586):
dd149677-3d47-4e05-a55f-4e75b13a441f: Процесс завершается. Исходящий вызов запрещен.'
01:34.468001-0,EXCP,0,process=rphost,OSThread=7372,Exception=dd149677-3d47-4e05-a55f-4e75b13a441f,Descr='src\rserver\src\rhostimpl.cpp(5770):
dd149677-3d47-4e05-a55f-4e75b13a441f: Процесс завершается. Исходящий вызов запрещен.'
01:34.515000-0,EXCP,0,process=rphost,OSThread=10664,Exception=dd149677-3d47-4e05-a55f-4e75b13a441f,Descr='src\rserver\src\rmngrcalls.cpp(586):
dd149677-3d47-4e05-a55f-4e75b13a441f: Процесс завершается. Исходящий вызов запрещен.'
01:34.515001-0,EXCP,0,process=rphost,OSThread=10664,Exception=dd149677-3d47-4e05-a55f-4e75b13a441f,Descr='src\rserver\src\clusterdistribimpl.cpp(2624):
dd149677-3d47-4e05-a55f-4e75b13a441f: Процесс завершается. Исходящий вызов запрещен.'
01:34.515002-0,EXCP,0,process=rphost,OSThread=10664,Exception=dd149677-3d47-4e05-a55f-4e75b13a441f,Descr='src\rserver\src\rmngrcalls.cpp(586):
dd149677-3d47-4e05-a55f-4e75b13a441f: Процесс завершается. Исходящий вызов запрещен.'
01:34.718000-0,EXCP,0,process=rphost,OSThread=10664,Exception=dd149677-3d47-4e05-a55f-4e75b13a441f,Descr='src\rserver\src\rmngrcalls.cpp(586):
dd149677-3d47-4e05-a55f-4e75b13a441f: Процесс завершается. Исходящий вызов запрещен.'
01:34.718001-0,EXCP,0,process=rphost,OSThread=10664,Exception=dd149677-3d47-4e05-a55f-4e75b13a441f,Descr='src\rserver\src\clusterdistribimpl.cpp(2624):
dd149677-3d47-4e05-a55f-4e75b13a441f: Процесс завершается. Исходящий вызов запрещен.'
01:34.718002-0,EXCP,0,process=rphost,OSThread=10664,Exception=dd149677-3d47-4e05-a55f-4e75b13a441f,Descr='src\rserver\src\rmngrcalls.cpp(586):
dd149677-3d47-4e05-a55f-4e75b13a441f: Процесс завершается. Исходящий вызов запрещен.'
01:34.765002-0,EXCP,0,process=rphost,OSThread=9316,Exception=dd149677-3d47-4e05-a55f-4e75b13a441f,Descr='src\rserver\src\rmngrcalls.cpp(586):
dd149677-3d47-4e05-a55f-4e75b13a441f: Процесс завершается. Исходящий вызов запрещен.'
01:34.921000-0,EXCP,0,process=rphost,OSThread=10664,Exception=dd149677-3d47-4e05-a55f-4e75b13a441f,Descr='src\rserver\src\rmngrcalls.cpp(586):
dd149677-3d47-4e05-a55f-4e75b13a441f: Процесс завершается. Исходящий вызов запрещен.'
01:34.921001-0,EXCP,0,process=rphost,OSThread=10664,Exception=dd149677-3d47-4e05-a55f-4e75b13a441f,Descr='src\rserver\src\clusterdistribimpl.cpp(2624):
dd149677-3d47-4e05-a55f-4e75b13a441f: Процесс завершается. Исходящий вызов запрещен.'
01:34.921002-0,EXCP,0,process=rphost,OSThread=10664,Exception=dd149677-3d47-4e05-a55f-4e75b13a441f,Descr='src\rserver\src\rmngrcalls.cpp(586):
dd149677-3d47-4e05-a55f-4e75b13a441f: Процесс завершается. Исходящий вызов запрещен.'
01:34.968001-0,EXCP,0,process=rphost,OSThread=9316,Exception=dd149677-3d47-4e05-a55f-4e75b13a441f,Descr='src\rserver\src\rmngrcalls.cpp(586):
dd149677-3d47-4e05-a55f-4e75b13a441f: Процесс завершается. Исходящий вызов запрещен.'
01:34.968002-0,EXCP,0,process=rphost,OSThread=9316,Exception=dd149677-3d47-4e05-a55f-4e75b13a441f,Descr='src\rserver\src\rhostimpl.cpp(6261):
dd149677-3d47-4e05-a55f-4e75b13a441f: Процесс завершается. Исходящий вызов запрещен.'
01:34.968003-0,EXCP,0,process=rphost,OSThread=9316,Exception=dd149677-3d47-4e05-a55f-4e75b13a441f,Descr='src\rserver\src\rmngrcalls.cpp(739):
dd149677-3d47-4e05-a55f-4e75b13a441f: Процесс завершается. Исходящий вызов запрещен.'
01:34.968004-0,EXCP,0,process=rphost,OSThread=9316,Exception=dd149677-3d47-4e05-a55f-4e75b13a441f,Descr='src\rserver\src\rmngrcalls.cpp(739):
dd149677-3d47-4e05-a55f-4e75b13a441f: Процесс завершается. Исходящий вызов запрещен.'
01:34.968005-0,EXCP,0,process=rphost,OSThread=9316,Exception=96380a22-60f7-4a8b-8fca-1224e6bc518f,Descr='src\rserver\src\rmngrcalls.cpp(951):
96380a22-60f7-4a8b-8fca-1224e6bc518f: onFinishConnection'
01:35.124000-0,EXCP,0,process=rphost,OSThread=10664,Exception=dd149677-3d47-4e05-a55f-4e75b13a441f,Descr='src\rserver\src\rmngrcalls.cpp(586):
dd149677-3d47-4e05-a55f-4e75b13a441f: Процесс завершается. Исходящий вызов запрещен.'
01:35.124001-0,EXCP,0,process=rphost,OSThread=10664,Exception=dd149677-3d47-4e05-a55f-4e75b13a441f,Descr='src\rserver\src\clusterdistribimpl.cpp(2624):
dd149677-3d47-4e05-a55f-4e75b13a441f: Процесс завершается. Исходящий вызов запрещен.'
01:36.671001-0,EXCP,1,process=rphost,OSThread=5844,Exception=dd149677-3d47-4e05-a55f-4e75b13a441f,Descr='src\rtrsrvc\src\remoteinterfaceimpl.cpp(736):
dd149677-3d47-4e05-a55f-4e75b13a441f: Процесс завершается. Исходящий вызов запрещен.'
01:36.686000-0,PROC,1,process=rphost,OSThread=5844,Err=0,Txt=1C:Enterprise 8.3 (x86-64) (8.3.14.1694) Working Process finished.
