01:23.066005-0,ADMIN,2,process=rphost,p:processName=ServerJobExecutorContext,OSThread=196,t:clientID=2635,t:applicationName=JobScheduler,t:computerName=DC2BUHAPP11,Func=killClient,ClusterID=8aa94e2b-5d54-4b86-800b-79353ce39638,ConnectionID=42cb65b8-d06e-46cd-a6e5-ca03e98478fb,Mode=0,Ref=bi_bk3wk1_prod_01(bi_bk3wk1_prod_01),Host=DC2BUHAPP11,Connection=10475,Administrator=Unknown,Result=Success
01:36.085000-0,EXCP,3,process=rphost,p:processName=bi_bk3wk1_prod_01,OSThread=6852,t:clientID=2639,t:applicationName=BackgroundJob,t:computerName=DC2BUHAPP11,t:connectID=10475,SessionID=11460,Usr=WK1_Жанияр_Ғайни_Сағындыққызы,Exception=SeanceContextException,Descr='Сеанс отсутствует или удален
ID=68ea388a-b2d6-4720-bbd3-947dcdb9644a, File=d:\jenkins\ci_builder2\windowsbuild2\platform\src\rserver\src\clusterdistribimpl.cpp(1439)'
01:36.085002-0,EXCP,2,process=rphost,p:processName=bi_bk3wk1_prod_01,OSThread=6852,t:clientID=2639,t:applicationName=BackgroundJob,t:computerName=DC2BUHAPP11,t:connectID=10475,SessionID=11460,Usr=WK1_Жанияр_Ғайни_Сағындыққызы,Exception=60c686dc-798f-4d17-aadb-a90156a16eb8,Descr='src\rserver\src\rmngrcalls.cpp(476):
60c686dc-798f-4d17-aadb-a90156a16eb8: Сеанс отсутствует или удален
ID=68ea388a-b2d6-4720-bbd3-947dcdb9644a, File=d:\jenkins\ci_builder2\windowsbuild2\platform\src\rserver\src\clusterdistribimpl.cpp(1439)'
01:36.288000-0,EXCP,2,process=rphost,p:processName=bi_bk3wk1_prod_01,OSThread=6852,t:clientID=2639,t:applicationName=BackgroundJob,t:computerName=DC2BUHAPP11,t:connectID=10475,SessionID=11460,Usr=WK1_Жанияр_Ғайни_Сағындыққызы,Exception=SeanceContextException,Descr='Сеанс отсутствует или удален
ID=68ea388a-b2d6-4720-bbd3-947dcdb9644a, File=d:\jenkins\ci_builder2\windowsbuild2\platform\src\rserver\src\rmngrcalls.cpp(364)'
01:36.288001-0,EXCP,2,process=rphost,p:processName=bi_bk3wk1_prod_01,OSThread=6852,t:clientID=2639,t:applicationName=BackgroundJob,t:computerName=DC2BUHAPP11,t:connectID=10475,SessionID=11460,Usr=WK1_Жанияр_Ғайни_Сағындыққызы,Exception=60c686dc-798f-4d17-aadb-a90156a16eb8,Descr='src\rserver\src\serverjobexecutor.cpp(1095):
60c686dc-798f-4d17-aadb-a90156a16eb8: Сеанс отсутствует или удален
ID=68ea388a-b2d6-4720-bbd3-947dcdb9644a, File=d:\jenkins\ci_builder2\windowsbuild2\platform\src\rserver\src\rmngrcalls.cpp(364)'
01:36.288003-0,EXCP,3,process=rphost,p:processName=bi_bk3wk1_prod_01,OSThread=6852,t:clientID=2639,t:applicationName=BackgroundJob,t:computerName=DC2BUHAPP11,t:connectID=10475,SessionID=11460,Usr=WK1_Жанияр_Ғайни_Сағындыққызы,Exception=SeanceContextException,Descr='Сеанс отсутствует или удален
ID=68ea388a-b2d6-4720-bbd3-947dcdb9644a, File=d:\jenkins\ci_builder2\windowsbuild2\platform\src\rserver\src\clusterdistribimpl.cpp(1439)'
01:36.288005-0,EXCP,2,process=rphost,p:processName=bi_bk3wk1_prod_01,OSThread=6852,t:clientID=2639,t:applicationName=BackgroundJob,t:computerName=DC2BUHAPP11,t:connectID=10475,SessionID=11460,Usr=WK1_Жанияр_Ғайни_Сағындыққызы,Exception=60c686dc-798f-4d17-aadb-a90156a16eb8,Descr='src\rserver\src\rmngrcalls.cpp(476):
60c686dc-798f-4d17-aadb-a90156a16eb8: Сеанс отсутствует или удален
ID=68ea388a-b2d6-4720-bbd3-947dcdb9644a, File=d:\jenkins\ci_builder2\windowsbuild2\platform\src\rserver\src\clusterdistribimpl.cpp(1439)'
01:36.491000-0,EXCP,2,process=rphost,p:processName=bi_bk3wk1_prod_01,OSThread=6852,t:clientID=2639,t:applicationName=BackgroundJob,t:computerName=DC2BUHAPP11,t:connectID=10475,SessionID=11460,Usr=WK1_Жанияр_Ғайни_Сағындыққызы,Exception=SeanceContextException,Descr='Сеанс отсутствует или удален
ID=68ea388a-b2d6-4720-bbd3-947dcdb9644a, File=d:\jenkins\ci_builder2\windowsbuild2\platform\src\rserver\src\rmngrcalls.cpp(364)'
07:39.065019-0,EXCP,0,process=rphost,OSThread=4760,ClientID=2643,Exception=NetDataExchangeException,Descr='server_addr=(2)10.225.32.49:62492 descr=10054(0x00002746): Удаленный хост принудительно разорвал существующее подключение.  line=1149 file=d:\jenkins\ci_builder2\windowsbuild2\platform\src\rtrsrvc\src\dataexchangeserverimpl.cpp'
07:39.065021-0,EXCPCNTX,0,ClientComputerName=,ServerComputerName=,UserName=,ConnectString=
10:11.119005-0,ADMIN,2,process=rphost,p:processName=ServerJobExecutorContext,OSThread=196,t:clientID=2652,t:applicationName=JobScheduler,t:computerName=DC2BUHAPP11,Func=killClient,ClusterID=8aa94e2b-5d54-4b86-800b-79353ce39638,ConnectionID=17c8ca6e-2b68-4e4d-a089-e51b425bae0a,Mode=0,Ref=bi_bk3wk1_prod_01(bi_bk3wk1_prod_01),Host=DC2BUHAPP11,Connection=10531,Administrator=Unknown,Result=Success
10:37.090008-0,EXCP,2,process=rphost,p:processName=bi_bk3wk1_prod_01,OSThread=5816,t:clientID=2653,t:applicationName=BackgroundJob,t:computerName=DC2BUHAPP11,t:connectID=10531,SessionID=11536,Usr=WK1_Жаксылыков_Ерасыл_Серикказыевич,Exception=SeanceContextException,Descr='Сеанс отсутствует или удален
ID=30466d50-d6ad-420b-bfa8-30e48e0a8d8b, File=d:\jenkins\ci_builder2\windowsbuild2\platform\src\rserver\src\clusterdistribimpl.cpp(1439)'
10:37.090009-0,EXCP,2,process=rphost,p:processName=bi_bk3wk1_prod_01,OSThread=5816,t:clientID=2653,t:applicationName=BackgroundJob,t:computerName=DC2BUHAPP11,t:connectID=10531,SessionID=11536,Usr=WK1_Жаксылыков_Ерасыл_Серикказыевич,Exception=60c686dc-798f-4d17-aadb-a90156a16eb8,Descr='src\rserver\src\serverjobexecutor.cpp(1095):
60c686dc-798f-4d17-aadb-a90156a16eb8: Сеанс отсутствует или удален
ID=30466d50-d6ad-420b-bfa8-30e48e0a8d8b, File=d:\jenkins\ci_builder2\windowsbuild2\platform\src\rserver\src\clusterdistribimpl.cpp(1439)'
10:37.090012-0,EXCP,2,process=rphost,p:processName=bi_bk3wk1_prod_01,OSThread=5816,t:clientID=2653,t:applicationName=BackgroundJob,t:computerName=DC2BUHAPP11,t:connectID=10531,SessionID=11536,Usr=WK1_Жаксылыков_Ерасыл_Серикказыевич,Exception=SeanceContextException,Descr='Сеанс отсутствует или удален
ID=30466d50-d6ad-420b-bfa8-30e48e0a8d8b, File=d:\jenkins\ci_builder2\windowsbuild2\platform\src\rserver\src\clusterdistribimpl.cpp(1439)'
12:14.870011-0,EXCP,0,process=rphost,OSThread=4760,ClientID=117,Exception=NetDataExchangeException,Descr='server_addr=(2)10.3.172.8:50710 descr=2(0x00000002): Не удается найти указанный файл.  line=1149 file=d:\jenkins\ci_builder2\windowsbuild2\platform\src\rtrsrvc\src\dataexchangeserverimpl.cpp'
12:14.870013-0,EXCPCNTX,0,ClientComputerName=,ServerComputerName=,UserName=,ConnectString=
19:54.602015-0,ADMIN,2,process=rphost,p:processName=ServerJobExecutorContext,OSThread=8764,t:clientID=2656,t:applicationName=JobScheduler,t:computerName=DC2BUHAPP11,Func=killClient,ClusterID=8aa94e2b-5d54-4b86-800b-79353ce39638,ConnectionID=d3dbfa32-c684-442e-8256-d495e8a43d05,Mode=0,Ref=bi_bk3wk1_prod_01(bi_bk3wk1_prod_01),Host=DC2BUHAPP11,Connection=10610,Administrator=Unknown,Result=Success
19:55.134017-0,ADMIN,2,process=rphost,p:processName=ServerJobExecutorContext,OSThread=8764,t:clientID=2656,t:applicationName=JobScheduler,t:computerName=DC2BUHAPP11,Func=killClient,ClusterID=8aa94e2b-5d54-4b86-800b-79353ce39638,ConnectionID=62014a73-c9e3-4788-b25a-5f2dd0b73ec3,Mode=0,Ref=bi_bk3wk1_prod_01(bi_bk3wk1_prod_01),Host=DC2BUHAPP11,Connection=10611,Administrator=Unknown,Result=Success
19:55.227026-0,EXCP,3,process=rphost,p:processName=bi_bk3wk1_prod_01,OSThread=10092,t:clientID=2659,t:applicationName=BackgroundJob,t:computerName=DC2BUHAPP11,t:connectID=10611,SessionID=11619,Usr=Айтқулова Фариза Полатбекқызы,Exception=SeanceContextException,Descr='Сеанс отсутствует или удален
ID=be83adb5-333a-4d0e-9bfa-fb938e919257, File=d:\jenkins\ci_builder2\windowsbuild2\platform\src\rserver\src\clusterdistribimpl.cpp(1439)'
19:55.227028-0,EXCP,2,process=rphost,p:processName=bi_bk3wk1_prod_01,OSThread=10092,t:clientID=2659,t:applicationName=BackgroundJob,t:computerName=DC2BUHAPP11,t:connectID=10611,SessionID=11619,Usr=Айтқулова Фариза Полатбекқызы,Exception=60c686dc-798f-4d17-aadb-a90156a16eb8,Descr='src\rserver\src\rmngrcalls.cpp(476):
60c686dc-798f-4d17-aadb-a90156a16eb8: Сеанс отсутствует или удален
ID=be83adb5-333a-4d0e-9bfa-fb938e919257, File=d:\jenkins\ci_builder2\windowsbuild2\platform\src\rserver\src\clusterdistribimpl.cpp(1439)'
19:55.368009-0,EXCP,2,process=rphost,p:processName=bi_bk3wk1_prod_01,OSThread=10092,t:clientID=2659,t:applicationName=BackgroundJob,t:computerName=DC2BUHAPP11,t:connectID=10611,SessionID=11619,Usr=Айтқулова Фариза Полатбекқызы,Exception=SeanceContextException,Descr='Сеанс отсутствует или удален
ID=be83adb5-333a-4d0e-9bfa-fb938e919257, File=d:\jenkins\ci_builder2\windowsbuild2\platform\src\rserver\src\rmngrcalls.cpp(364)'
19:55.368010-0,EXCP,2,process=rphost,p:processName=bi_bk3wk1_prod_01,OSThread=10092,t:clientID=2659,t:applicationName=BackgroundJob,t:computerName=DC2BUHAPP11,t:connectID=10611,SessionID=11619,Usr=Айтқулова Фариза Полатбекқызы,Exception=60c686dc-798f-4d17-aadb-a90156a16eb8,Descr='src\rserver\src\serverjobexecutor.cpp(1095):
60c686dc-798f-4d17-aadb-a90156a16eb8: Сеанс отсутствует или удален
ID=be83adb5-333a-4d0e-9bfa-fb938e919257, File=d:\jenkins\ci_builder2\windowsbuild2\platform\src\rserver\src\rmngrcalls.cpp(364)'
19:55.368015-0,EXCP,3,process=rphost,p:processName=bi_bk3wk1_prod_01,OSThread=10092,t:clientID=2659,t:applicationName=BackgroundJob,t:computerName=DC2BUHAPP11,t:connectID=10611,SessionID=11619,Usr=Айтқулова Фариза Полатбекқызы,Exception=SeanceContextException,Descr='Сеанс отсутствует или удален
ID=be83adb5-333a-4d0e-9bfa-fb938e919257, File=d:\jenkins\ci_builder2\windowsbuild2\platform\src\rserver\src\clusterdistribimpl.cpp(1439)'
19:55.368017-0,EXCP,2,process=rphost,p:processName=bi_bk3wk1_prod_01,OSThread=10092,t:clientID=2659,t:applicationName=BackgroundJob,t:computerName=DC2BUHAPP11,t:connectID=10611,SessionID=11619,Usr=Айтқулова Фариза Полатбекқызы,Exception=60c686dc-798f-4d17-aadb-a90156a16eb8,Descr='src\rserver\src\rmngrcalls.cpp(476):
60c686dc-798f-4d17-aadb-a90156a16eb8: Сеанс отсутствует или удален
ID=be83adb5-333a-4d0e-9bfa-fb938e919257, File=d:\jenkins\ci_builder2\windowsbuild2\platform\src\rserver\src\clusterdistribimpl.cpp(1439)'
19:55.415011-0,EXCP,4,process=rphost,p:processName=bi_bk3wk1_prod_01,OSThread=7448,t:clientID=2657,t:applicationName=BackgroundJob,t:computerName=DC2BUHAPP11,t:connectID=10610,SessionID=11618,Usr=Айтқулова Фариза Полатбекқызы,Exception=SeanceContextException,Descr='Сеанс отсутствует или удален
ID=f59fa67e-e173-4d37-b630-633d773caa8e, File=d:\jenkins\ci_builder2\windowsbuild2\platform\src\rserver\src\clusterdistribimpl.cpp(1439)'
19:55.415013-0,EXCP,3,process=rphost,p:processName=bi_bk3wk1_prod_01,OSThread=7448,t:clientID=2657,t:applicationName=BackgroundJob,t:computerName=DC2BUHAPP11,t:connectID=10610,SessionID=11618,Usr=Айтқулова Фариза Полатбекқызы,Exception=60c686dc-798f-4d17-aadb-a90156a16eb8,Descr='src\rserver\src\rmngrcalls.cpp(476):
60c686dc-798f-4d17-aadb-a90156a16eb8: Сеанс отсутствует или удален
ID=f59fa67e-e173-4d37-b630-633d773caa8e, File=d:\jenkins\ci_builder2\windowsbuild2\platform\src\rserver\src\clusterdistribimpl.cpp(1439)'
19:55.571000-0,EXCP,2,process=rphost,p:processName=bi_bk3wk1_prod_01,OSThread=10092,t:clientID=2659,t:applicationName=BackgroundJob,t:computerName=DC2BUHAPP11,t:connectID=10611,SessionID=11619,Usr=Айтқулова Фариза Полатбекқызы,Exception=SeanceContextException,Descr='Сеанс отсутствует или удален
ID=be83adb5-333a-4d0e-9bfa-fb938e919257, File=d:\jenkins\ci_builder2\windowsbuild2\platform\src\rserver\src\rmngrcalls.cpp(364)'
19:55.587015-0,ADMIN,2,process=rphost,p:processName=ServerJobExecutorContext,OSThread=8764,t:clientID=2656,t:applicationName=JobScheduler,t:computerName=DC2BUHAPP11,Func=killClient,ClusterID=8aa94e2b-5d54-4b86-800b-79353ce39638,ConnectionID=d8026591-76c8-4b07-af85-a027b2f30814,Mode=0,Ref=bi_bk3wk1_prod_01(bi_bk3wk1_prod_01),Host=DC2BUHAPP11,Connection=10612,Administrator=Unknown,Result=Success
19:55.618000-0,EXCP,3,process=rphost,p:processName=bi_bk3wk1_prod_01,OSThread=7448,t:clientID=2657,t:applicationName=BackgroundJob,t:computerName=DC2BUHAPP11,t:connectID=10610,SessionID=11618,Usr=Айтқулова Фариза Полатбекқызы,Exception=SeanceContextException,Descr='Сеанс отсутствует или удален
ID=f59fa67e-e173-4d37-b630-633d773caa8e, File=d:\jenkins\ci_builder2\windowsbuild2\platform\src\rserver\src\rmngrcalls.cpp(364)'
19:55.618001-0,EXCP,3,process=rphost,p:processName=bi_bk3wk1_prod_01,OSThread=7448,t:clientID=2657,t:applicationName=BackgroundJob,t:computerName=DC2BUHAPP11,t:connectID=10610,SessionID=11618,Usr=Айтқулова Фариза Полатбекқызы,Exception=60c686dc-798f-4d17-aadb-a90156a16eb8,Descr='src\rserver\src\serverjobexecutor.cpp(1095):
60c686dc-798f-4d17-aadb-a90156a16eb8: Сеанс отсутствует или удален
ID=f59fa67e-e173-4d37-b630-633d773caa8e, File=d:\jenkins\ci_builder2\windowsbuild2\platform\src\rserver\src\rmngrcalls.cpp(364)'
19:55.618004-0,EXCP,4,process=rphost,p:processName=bi_bk3wk1_prod_01,OSThread=7448,t:clientID=2657,t:applicationName=BackgroundJob,t:computerName=DC2BUHAPP11,t:connectID=10610,SessionID=11618,Usr=Айтқулова Фариза Полатбекқызы,Exception=SeanceContextException,Descr='Сеанс отсутствует или удален
ID=f59fa67e-e173-4d37-b630-633d773caa8e, File=d:\jenkins\ci_builder2\windowsbuild2\platform\src\rserver\src\clusterdistribimpl.cpp(1439)'
19:55.618006-0,EXCP,3,process=rphost,p:processName=bi_bk3wk1_prod_01,OSThread=7448,t:clientID=2657,t:applicationName=BackgroundJob,t:computerName=DC2BUHAPP11,t:connectID=10610,SessionID=11618,Usr=Айтқулова Фариза Полатбекқызы,Exception=60c686dc-798f-4d17-aadb-a90156a16eb8,Descr='src\rserver\src\rmngrcalls.cpp(476):
60c686dc-798f-4d17-aadb-a90156a16eb8: Сеанс отсутствует или удален
ID=f59fa67e-e173-4d37-b630-633d773caa8e, File=d:\jenkins\ci_builder2\windowsbuild2\platform\src\rserver\src\clusterdistribimpl.cpp(1439)'
19:55.665008-0,EXCP,3,process=rphost,p:processName=bi_bk3wk1_prod_01,OSThread=11256,t:clientID=2660,t:applicationName=BackgroundJob,t:computerName=DC2BUHAPP11,t:connectID=10612,SessionID=11620,Usr=Айтқулова Фариза Полатбекқызы,Exception=SeanceContextException,Descr='Сеанс отсутствует или удален
ID=6bca38be-58d1-4910-9b11-baeac5cdb58c, File=d:\jenkins\ci_builder2\windowsbuild2\platform\src\rserver\src\clusterdistribimpl.cpp(1439)'
19:55.665010-0,EXCP,2,process=rphost,p:processName=bi_bk3wk1_prod_01,OSThread=11256,t:clientID=2660,t:applicationName=BackgroundJob,t:computerName=DC2BUHAPP11,t:connectID=10612,SessionID=11620,Usr=Айтқулова Фариза Полатбекқызы,Exception=60c686dc-798f-4d17-aadb-a90156a16eb8,Descr='src\rserver\src\rmngrcalls.cpp(476):
60c686dc-798f-4d17-aadb-a90156a16eb8: Сеанс отсутствует или удален
ID=6bca38be-58d1-4910-9b11-baeac5cdb58c, File=d:\jenkins\ci_builder2\windowsbuild2\platform\src\rserver\src\clusterdistribimpl.cpp(1439)'
19:55.821000-0,EXCP,3,process=rphost,p:processName=bi_bk3wk1_prod_01,OSThread=7448,t:clientID=2657,t:applicationName=BackgroundJob,t:computerName=DC2BUHAPP11,t:connectID=10610,SessionID=11618,Usr=Айтқулова Фариза Полатбекқызы,Exception=SeanceContextException,Descr='Сеанс отсутствует или удален
ID=f59fa67e-e173-4d37-b630-633d773caa8e, File=d:\jenkins\ci_builder2\windowsbuild2\platform\src\rserver\src\rmngrcalls.cpp(364)'
19:55.868000-0,EXCP,2,process=rphost,p:processName=bi_bk3wk1_prod_01,OSThread=11256,t:clientID=2660,t:applicationName=BackgroundJob,t:computerName=DC2BUHAPP11,t:connectID=10612,SessionID=11620,Usr=Айтқулова Фариза Полатбекқызы,Exception=SeanceContextException,Descr='Сеанс отсутствует или удален
ID=6bca38be-58d1-4910-9b11-baeac5cdb58c, File=d:\jenkins\ci_builder2\windowsbuild2\platform\src\rserver\src\rmngrcalls.cpp(364)'
19:55.868001-0,EXCP,2,process=rphost,p:processName=bi_bk3wk1_prod_01,OSThread=11256,t:clientID=2660,t:applicationName=BackgroundJob,t:computerName=DC2BUHAPP11,t:connectID=10612,SessionID=11620,Usr=Айтқулова Фариза Полатбекқызы,Exception=60c686dc-798f-4d17-aadb-a90156a16eb8,Descr='src\rserver\src\serverjobexecutor.cpp(1095):
60c686dc-798f-4d17-aadb-a90156a16eb8: Сеанс отсутствует или удален
ID=6bca38be-58d1-4910-9b11-baeac5cdb58c, File=d:\jenkins\ci_builder2\windowsbuild2\platform\src\rserver\src\rmngrcalls.cpp(364)'
19:55.868003-0,EXCP,3,process=rphost,p:processName=bi_bk3wk1_prod_01,OSThread=11256,t:clientID=2660,t:applicationName=BackgroundJob,t:computerName=DC2BUHAPP11,t:connectID=10612,SessionID=11620,Usr=Айтқулова Фариза Полатбекқызы,Exception=SeanceContextException,Descr='Сеанс отсутствует или удален
ID=6bca38be-58d1-4910-9b11-baeac5cdb58c, File=d:\jenkins\ci_builder2\windowsbuild2\platform\src\rserver\src\clusterdistribimpl.cpp(1439)'
19:55.868005-0,EXCP,2,process=rphost,p:processName=bi_bk3wk1_prod_01,OSThread=11256,t:clientID=2660,t:applicationName=BackgroundJob,t:computerName=DC2BUHAPP11,t:connectID=10612,SessionID=11620,Usr=Айтқулова Фариза Полатбекқызы,Exception=60c686dc-798f-4d17-aadb-a90156a16eb8,Descr='src\rserver\src\rmngrcalls.cpp(476):
60c686dc-798f-4d17-aadb-a90156a16eb8: Сеанс отсутствует или удален
ID=6bca38be-58d1-4910-9b11-baeac5cdb58c, File=d:\jenkins\ci_builder2\windowsbuild2\platform\src\rserver\src\clusterdistribimpl.cpp(1439)'
19:56.009015-0,ADMIN,2,process=rphost,p:processName=ServerJobExecutorContext,OSThread=8764,t:clientID=2656,t:applicationName=JobScheduler,t:computerName=DC2BUHAPP11,Func=killClient,ClusterID=8aa94e2b-5d54-4b86-800b-79353ce39638,ConnectionID=8894acbc-723c-408c-833b-bad9ac40df4f,Mode=0,Ref=bi_bk3wk1_prod_01(bi_bk3wk1_prod_01),Host=DC2BUHAPP11,Connection=10613,Administrator=Unknown,Result=Success
19:56.071000-0,EXCP,2,process=rphost,p:processName=bi_bk3wk1_prod_01,OSThread=11256,t:clientID=2660,t:applicationName=BackgroundJob,t:computerName=DC2BUHAPP11,t:connectID=10612,SessionID=11620,Usr=Айтқулова Фариза Полатбекқызы,Exception=SeanceContextException,Descr='Сеанс отсутствует или удален
ID=6bca38be-58d1-4910-9b11-baeac5cdb58c, File=d:\jenkins\ci_builder2\windowsbuild2\platform\src\rserver\src\rmngrcalls.cpp(364)'
19:56.071025-0,EXCP,3,process=rphost,p:processName=bi_bk3wk1_prod_01,OSThread=10092,t:clientID=2661,t:applicationName=BackgroundJob,t:computerName=DC2BUHAPP11,t:connectID=10613,SessionID=11621,Usr=Айтқулова Фариза Полатбекқызы,Exception=SeanceContextException,Descr='Сеанс отсутствует или удален
ID=548f8c1d-7a71-43eb-a11b-69a075efb2e6, File=d:\jenkins\ci_builder2\windowsbuild2\platform\src\rserver\src\clusterdistribimpl.cpp(1439)'
19:56.071027-0,EXCP,2,process=rphost,p:processName=bi_bk3wk1_prod_01,OSThread=10092,t:clientID=2661,t:applicationName=BackgroundJob,t:computerName=DC2BUHAPP11,t:connectID=10613,SessionID=11621,Usr=Айтқулова Фариза Полатбекқызы,Exception=60c686dc-798f-4d17-aadb-a90156a16eb8,Descr='src\rserver\src\rmngrcalls.cpp(476):
60c686dc-798f-4d17-aadb-a90156a16eb8: Сеанс отсутствует или удален
ID=548f8c1d-7a71-43eb-a11b-69a075efb2e6, File=d:\jenkins\ci_builder2\windowsbuild2\platform\src\rserver\src\clusterdistribimpl.cpp(1439)'
19:56.274000-0,EXCP,2,process=rphost,p:processName=bi_bk3wk1_prod_01,OSThread=10092,t:clientID=2661,t:applicationName=BackgroundJob,t:computerName=DC2BUHAPP11,t:connectID=10613,SessionID=11621,Usr=Айтқулова Фариза Полатбекқызы,Exception=SeanceContextException,Descr='Сеанс отсутствует или удален
ID=548f8c1d-7a71-43eb-a11b-69a075efb2e6, File=d:\jenkins\ci_builder2\windowsbuild2\platform\src\rserver\src\rmngrcalls.cpp(364)'
19:56.274001-0,EXCP,2,process=rphost,p:processName=bi_bk3wk1_prod_01,OSThread=10092,t:clientID=2661,t:applicationName=BackgroundJob,t:computerName=DC2BUHAPP11,t:connectID=10613,SessionID=11621,Usr=Айтқулова Фариза Полатбекқызы,Exception=60c686dc-798f-4d17-aadb-a90156a16eb8,Descr='src\rserver\src\serverjobexecutor.cpp(1095):
60c686dc-798f-4d17-aadb-a90156a16eb8: Сеанс отсутствует или удален
ID=548f8c1d-7a71-43eb-a11b-69a075efb2e6, File=d:\jenkins\ci_builder2\windowsbuild2\platform\src\rserver\src\rmngrcalls.cpp(364)'
19:56.274003-0,EXCP,3,process=rphost,p:processName=bi_bk3wk1_prod_01,OSThread=10092,t:clientID=2661,t:applicationName=BackgroundJob,t:computerName=DC2BUHAPP11,t:connectID=10613,SessionID=11621,Usr=Айтқулова Фариза Полатбекқызы,Exception=SeanceContextException,Descr='Сеанс отсутствует или удален
ID=548f8c1d-7a71-43eb-a11b-69a075efb2e6, File=d:\jenkins\ci_builder2\windowsbuild2\platform\src\rserver\src\clusterdistribimpl.cpp(1439)'
19:56.274005-0,EXCP,2,process=rphost,p:processName=bi_bk3wk1_prod_01,OSThread=10092,t:clientID=2661,t:applicationName=BackgroundJob,t:computerName=DC2BUHAPP11,t:connectID=10613,SessionID=11621,Usr=Айтқулова Фариза Полатбекқызы,Exception=60c686dc-798f-4d17-aadb-a90156a16eb8,Descr='src\rserver\src\rmngrcalls.cpp(476):
60c686dc-798f-4d17-aadb-a90156a16eb8: Сеанс отсутствует или удален
ID=548f8c1d-7a71-43eb-a11b-69a075efb2e6, File=d:\jenkins\ci_builder2\windowsbuild2\platform\src\rserver\src\clusterdistribimpl.cpp(1439)'
19:56.384006-0,EXCP,2,process=rphost,p:processName=bi_bk3wk1_prod_01,OSThread=10092,t:clientID=2661,t:applicationName=BackgroundJob,t:computerName=DC2BUHAPP11,t:connectID=10613,SessionID=11621,Usr=Айтқулова Фариза Полатбекқызы,Exception=SeanceContextException,Descr='Сеанс отсутствует или удален
ID=548f8c1d-7a71-43eb-a11b-69a075efb2e6, File=d:\jenkins\ci_builder2\windowsbuild2\platform\src\rserver\src\rmngrcalls.cpp(364)'
20:07.321022-0,ADMIN,2,process=rphost,p:processName=ServerJobExecutorContext,OSThread=196,t:clientID=2656,t:applicationName=JobScheduler,t:computerName=DC2BUHAPP11,Func=killClient,ClusterID=8aa94e2b-5d54-4b86-800b-79353ce39638,ConnectionID=841e093f-2fc4-4d3e-8c14-8ba40fe7c91c,Mode=0,Ref=bi_bk3wk1_prod_01(bi_bk3wk1_prod_01),Host=DC2BUHAPP11,Connection=10621,Administrator=Unknown,Result=Success
20:07.321031-0,EXCP,3,process=rphost,p:processName=bi_bk3wk1_prod_01,OSThread=7448,t:clientID=2669,t:applicationName=BackgroundJob,t:computerName=DC2BUHAPP11,t:connectID=10621,SessionID=11629,Usr=Айтқулова Фариза Полатбекқызы,Exception=SeanceContextException,Descr='Сеанс отсутствует или удален
ID=8b972f55-62c6-4caa-8c45-fd9ee9457030, File=d:\jenkins\ci_builder2\windowsbuild2\platform\src\rserver\src\clusterdistribimpl.cpp(1439)'
20:07.321033-0,EXCP,2,process=rphost,p:processName=bi_bk3wk1_prod_01,OSThread=7448,t:clientID=2669,t:applicationName=BackgroundJob,t:computerName=DC2BUHAPP11,t:connectID=10621,SessionID=11629,Usr=Айтқулова Фариза Полатбекқызы,Exception=60c686dc-798f-4d17-aadb-a90156a16eb8,Descr='src\rserver\src\rmngrcalls.cpp(476):
60c686dc-798f-4d17-aadb-a90156a16eb8: Сеанс отсутствует или удален
ID=8b972f55-62c6-4caa-8c45-fd9ee9457030, File=d:\jenkins\ci_builder2\windowsbuild2\platform\src\rserver\src\clusterdistribimpl.cpp(1439)'
20:07.524000-0,EXCP,2,process=rphost,p:processName=bi_bk3wk1_prod_01,OSThread=7448,t:clientID=2669,t:applicationName=BackgroundJob,t:computerName=DC2BUHAPP11,t:connectID=10621,SessionID=11629,Usr=Айтқулова Фариза Полатбекқызы,Exception=SeanceContextException,Descr='Сеанс отсутствует или удален
ID=8b972f55-62c6-4caa-8c45-fd9ee9457030, File=d:\jenkins\ci_builder2\windowsbuild2\platform\src\rserver\src\rmngrcalls.cpp(364)'
20:07.524001-0,EXCP,2,process=rphost,p:processName=bi_bk3wk1_prod_01,OSThread=7448,t:clientID=2669,t:applicationName=BackgroundJob,t:computerName=DC2BUHAPP11,t:connectID=10621,SessionID=11629,Usr=Айтқулова Фариза Полатбекқызы,Exception=60c686dc-798f-4d17-aadb-a90156a16eb8,Descr='src\rserver\src\serverjobexecutor.cpp(1095):
60c686dc-798f-4d17-aadb-a90156a16eb8: Сеанс отсутствует или удален
ID=8b972f55-62c6-4caa-8c45-fd9ee9457030, File=d:\jenkins\ci_builder2\windowsbuild2\platform\src\rserver\src\rmngrcalls.cpp(364)'
20:07.524003-0,EXCP,3,process=rphost,p:processName=bi_bk3wk1_prod_01,OSThread=7448,t:clientID=2669,t:applicationName=BackgroundJob,t:computerName=DC2BUHAPP11,t:connectID=10621,SessionID=11629,Usr=Айтқулова Фариза Полатбекқызы,Exception=SeanceContextException,Descr='Сеанс отсутствует или удален
ID=8b972f55-62c6-4caa-8c45-fd9ee9457030, File=d:\jenkins\ci_builder2\windowsbuild2\platform\src\rserver\src\clusterdistribimpl.cpp(1439)'
20:07.524005-0,EXCP,2,process=rphost,p:processName=bi_bk3wk1_prod_01,OSThread=7448,t:clientID=2669,t:applicationName=BackgroundJob,t:computerName=DC2BUHAPP11,t:connectID=10621,SessionID=11629,Usr=Айтқулова Фариза Полатбекқызы,Exception=60c686dc-798f-4d17-aadb-a90156a16eb8,Descr='src\rserver\src\rmngrcalls.cpp(476):
60c686dc-798f-4d17-aadb-a90156a16eb8: Сеанс отсутствует или удален
ID=8b972f55-62c6-4caa-8c45-fd9ee9457030, File=d:\jenkins\ci_builder2\windowsbuild2\platform\src\rserver\src\clusterdistribimpl.cpp(1439)'
20:07.556006-0,EXCP,2,process=rphost,p:processName=bi_bk3wk1_prod_01,OSThread=7448,t:clientID=2669,t:applicationName=BackgroundJob,t:computerName=DC2BUHAPP11,t:connectID=10621,SessionID=11629,Usr=Айтқулова Фариза Полатбекқызы,Exception=SeanceContextException,Descr='Сеанс отсутствует или удален
ID=8b972f55-62c6-4caa-8c45-fd9ee9457030, File=d:\jenkins\ci_builder2\windowsbuild2\platform\src\rserver\src\rmngrcalls.cpp(364)'
20:08.274014-0,ADMIN,2,process=rphost,p:processName=ServerJobExecutorContext,OSThread=196,t:clientID=2656,t:applicationName=JobScheduler,t:computerName=DC2BUHAPP11,Func=killClient,ClusterID=8aa94e2b-5d54-4b86-800b-79353ce39638,ConnectionID=96d0b7e2-8ff9-4756-b0ba-08a4a447a7dc,Mode=0,Ref=bi_bk3wk1_prod_01(bi_bk3wk1_prod_01),Host=DC2BUHAPP11,Connection=10623,Administrator=Unknown,Result=Success
20:08.306007-0,EXCP,3,process=rphost,p:processName=bi_bk3wk1_prod_01,OSThread=10648,t:clientID=2671,t:applicationName=BackgroundJob,t:computerName=DC2BUHAPP11,t:connectID=10623,SessionID=11631,Usr=Айтқулова Фариза Полатбекқызы,Exception=SeanceContextException,Descr='Сеанс отсутствует или удален
ID=66cc1bde-62bb-4c3f-9092-3dc81e4f260a, File=d:\jenkins\ci_builder2\windowsbuild2\platform\src\rserver\src\clusterdistribimpl.cpp(1439)'
20:08.306010-0,EXCP,2,process=rphost,p:processName=bi_bk3wk1_prod_01,OSThread=10648,t:clientID=2671,t:applicationName=BackgroundJob,t:computerName=DC2BUHAPP11,t:connectID=10623,SessionID=11631,Usr=Айтқулова Фариза Полатбекқызы,Exception=60c686dc-798f-4d17-aadb-a90156a16eb8,Descr='src\rserver\src\rmngrcalls.cpp(476):
60c686dc-798f-4d17-aadb-a90156a16eb8: Сеанс отсутствует или удален
ID=66cc1bde-62bb-4c3f-9092-3dc81e4f260a, File=d:\jenkins\ci_builder2\windowsbuild2\platform\src\rserver\src\clusterdistribimpl.cpp(1439)'
20:08.509000-0,EXCP,2,process=rphost,p:processName=bi_bk3wk1_prod_01,OSThread=10648,t:clientID=2671,t:applicationName=BackgroundJob,t:computerName=DC2BUHAPP11,t:connectID=10623,SessionID=11631,Usr=Айтқулова Фариза Полатбекқызы,Exception=SeanceContextException,Descr='Сеанс отсутствует или удален
ID=66cc1bde-62bb-4c3f-9092-3dc81e4f260a, File=d:\jenkins\ci_builder2\windowsbuild2\platform\src\rserver\src\rmngrcalls.cpp(364)'
20:08.509001-0,EXCP,2,process=rphost,p:processName=bi_bk3wk1_prod_01,OSThread=10648,t:clientID=2671,t:applicationName=BackgroundJob,t:computerName=DC2BUHAPP11,t:connectID=10623,SessionID=11631,Usr=Айтқулова Фариза Полатбекқызы,Exception=60c686dc-798f-4d17-aadb-a90156a16eb8,Descr='src\rserver\src\serverjobexecutor.cpp(1095):
60c686dc-798f-4d17-aadb-a90156a16eb8: Сеанс отсутствует или удален
ID=66cc1bde-62bb-4c3f-9092-3dc81e4f260a, File=d:\jenkins\ci_builder2\windowsbuild2\platform\src\rserver\src\rmngrcalls.cpp(364)'
20:08.509003-0,EXCP,3,process=rphost,p:processName=bi_bk3wk1_prod_01,OSThread=10648,t:clientID=2671,t:applicationName=BackgroundJob,t:computerName=DC2BUHAPP11,t:connectID=10623,SessionID=11631,Usr=Айтқулова Фариза Полатбекқызы,Exception=SeanceContextException,Descr='Сеанс отсутствует или удален
ID=66cc1bde-62bb-4c3f-9092-3dc81e4f260a, File=d:\jenkins\ci_builder2\windowsbuild2\platform\src\rserver\src\clusterdistribimpl.cpp(1439)'
20:08.509005-0,EXCP,2,process=rphost,p:processName=bi_bk3wk1_prod_01,OSThread=10648,t:clientID=2671,t:applicationName=BackgroundJob,t:computerName=DC2BUHAPP11,t:connectID=10623,SessionID=11631,Usr=Айтқулова Фариза Полатбекқызы,Exception=60c686dc-798f-4d17-aadb-a90156a16eb8,Descr='src\rserver\src\rmngrcalls.cpp(476):
60c686dc-798f-4d17-aadb-a90156a16eb8: Сеанс отсутствует или удален
ID=66cc1bde-62bb-4c3f-9092-3dc81e4f260a, File=d:\jenkins\ci_builder2\windowsbuild2\platform\src\rserver\src\clusterdistribimpl.cpp(1439)'
20:08.571006-0,EXCP,2,process=rphost,p:processName=bi_bk3wk1_prod_01,OSThread=10648,t:clientID=2671,t:applicationName=BackgroundJob,t:computerName=DC2BUHAPP11,t:connectID=10623,SessionID=11631,Usr=Айтқулова Фариза Полатбекқызы,Exception=SeanceContextException,Descr='Сеанс отсутствует или удален
ID=66cc1bde-62bb-4c3f-9092-3dc81e4f260a, File=d:\jenkins\ci_builder2\windowsbuild2\platform\src\rserver\src\rmngrcalls.cpp(364)'
20:08.696012-0,ADMIN,2,process=rphost,p:processName=ServerJobExecutorContext,OSThread=196,t:clientID=2656,t:applicationName=JobScheduler,t:computerName=DC2BUHAPP11,Func=killClient,ClusterID=8aa94e2b-5d54-4b86-800b-79353ce39638,ConnectionID=256e4b9f-336c-4b1b-aad6-cbbc0e25473e,Mode=0,Ref=bi_bk3wk1_prod_01(bi_bk3wk1_prod_01),Host=DC2BUHAPP11,Connection=10624,Administrator=Unknown,Result=Success
20:08.759011-0,EXCP,3,process=rphost,p:processName=bi_bk3wk1_prod_01,OSThread=7448,t:clientID=2672,t:applicationName=BackgroundJob,t:computerName=DC2BUHAPP11,t:connectID=10624,SessionID=11632,Usr=Айтқулова Фариза Полатбекқызы,Exception=SeanceContextException,Descr='Сеанс отсутствует или удален
ID=f75fc76b-0acf-4ed8-9953-684f813d675d, File=d:\jenkins\ci_builder2\windowsbuild2\platform\src\rserver\src\clusterdistribimpl.cpp(1439)'
20:08.759013-0,EXCP,2,process=rphost,p:processName=bi_bk3wk1_prod_01,OSThread=7448,t:clientID=2672,t:applicationName=BackgroundJob,t:computerName=DC2BUHAPP11,t:connectID=10624,SessionID=11632,Usr=Айтқулова Фариза Полатбекқызы,Exception=60c686dc-798f-4d17-aadb-a90156a16eb8,Descr='src\rserver\src\rmngrcalls.cpp(476):
60c686dc-798f-4d17-aadb-a90156a16eb8: Сеанс отсутствует или удален
ID=f75fc76b-0acf-4ed8-9953-684f813d675d, File=d:\jenkins\ci_builder2\windowsbuild2\platform\src\rserver\src\clusterdistribimpl.cpp(1439)'
20:08.962000-0,EXCP,2,process=rphost,p:processName=bi_bk3wk1_prod_01,OSThread=7448,t:clientID=2672,t:applicationName=BackgroundJob,t:computerName=DC2BUHAPP11,t:connectID=10624,SessionID=11632,Usr=Айтқулова Фариза Полатбекқызы,Exception=SeanceContextException,Descr='Сеанс отсутствует или удален
ID=f75fc76b-0acf-4ed8-9953-684f813d675d, File=d:\jenkins\ci_builder2\windowsbuild2\platform\src\rserver\src\rmngrcalls.cpp(364)'
20:08.962001-0,EXCP,2,process=rphost,p:processName=bi_bk3wk1_prod_01,OSThread=7448,t:clientID=2672,t:applicationName=BackgroundJob,t:computerName=DC2BUHAPP11,t:connectID=10624,SessionID=11632,Usr=Айтқулова Фариза Полатбекқызы,Exception=60c686dc-798f-4d17-aadb-a90156a16eb8,Descr='src\rserver\src\serverjobexecutor.cpp(1095):
60c686dc-798f-4d17-aadb-a90156a16eb8: Сеанс отсутствует или удален
ID=f75fc76b-0acf-4ed8-9953-684f813d675d, File=d:\jenkins\ci_builder2\windowsbuild2\platform\src\rserver\src\rmngrcalls.cpp(364)'
20:08.962003-0,EXCP,3,process=rphost,p:processName=bi_bk3wk1_prod_01,OSThread=7448,t:clientID=2672,t:applicationName=BackgroundJob,t:computerName=DC2BUHAPP11,t:connectID=10624,SessionID=11632,Usr=Айтқулова Фариза Полатбекқызы,Exception=SeanceContextException,Descr='Сеанс отсутствует или удален
ID=f75fc76b-0acf-4ed8-9953-684f813d675d, File=d:\jenkins\ci_builder2\windowsbuild2\platform\src\rserver\src\clusterdistribimpl.cpp(1439)'
20:08.962005-0,EXCP,2,process=rphost,p:processName=bi_bk3wk1_prod_01,OSThread=7448,t:clientID=2672,t:applicationName=BackgroundJob,t:computerName=DC2BUHAPP11,t:connectID=10624,SessionID=11632,Usr=Айтқулова Фариза Полатбекқызы,Exception=60c686dc-798f-4d17-aadb-a90156a16eb8,Descr='src\rserver\src\rmngrcalls.cpp(476):
60c686dc-798f-4d17-aadb-a90156a16eb8: Сеанс отсутствует или удален
ID=f75fc76b-0acf-4ed8-9953-684f813d675d, File=d:\jenkins\ci_builder2\windowsbuild2\platform\src\rserver\src\clusterdistribimpl.cpp(1439)'
20:09.165000-0,EXCP,2,process=rphost,p:processName=bi_bk3wk1_prod_01,OSThread=7448,t:clientID=2672,t:applicationName=BackgroundJob,t:computerName=DC2BUHAPP11,t:connectID=10624,SessionID=11632,Usr=Айтқулова Фариза Полатбекқызы,Exception=SeanceContextException,Descr='Сеанс отсутствует или удален
ID=f75fc76b-0acf-4ed8-9953-684f813d675d, File=d:\jenkins\ci_builder2\windowsbuild2\platform\src\rserver\src\rmngrcalls.cpp(364)'
23:31.777016-0,EXCP,0,process=rphost,OSThread=6456,ClientID=2421,Exception=NetDataExchangeException,Descr='server_addr=(2)10.3.172.9:60817 descr=2(0x00000002): Не удается найти указанный файл.  line=1149 file=d:\jenkins\ci_builder2\windowsbuild2\platform\src\rtrsrvc\src\dataexchangeserverimpl.cpp'
23:31.777017-0,EXCPCNTX,0,ClientComputerName=,ServerComputerName=,UserName=,ConnectString=
25:06.662018-0,EXCP,0,process=rphost,OSThread=4760,ClientID=551,Exception=NetDataExchangeException,Descr='server_addr=(2)10.3.172.7:53552 descr=10054(0x00002746): Удаленный хост принудительно разорвал существующее подключение.  line=1149 file=d:\jenkins\ci_builder2\windowsbuild2\platform\src\rtrsrvc\src\dataexchangeserverimpl.cpp'
25:06.662019-0,EXCPCNTX,0,ClientComputerName=,ServerComputerName=,UserName=,ConnectString=
31:52.997000-0,EXCP,0,process=rphost,OSThread=6112,ClientID=128,Exception=NetDataExchangeException,Descr='server_addr=(2)10.3.172.6:61055 descr=10054(0x00002746): Удаленный хост принудительно разорвал существующее подключение.  line=1149 file=d:\jenkins\ci_builder2\windowsbuild2\platform\src\rtrsrvc\src\dataexchangeserverimpl.cpp'
31:52.997001-0,EXCPCNTX,0,ClientComputerName=,ServerComputerName=,UserName=,ConnectString=
31:52.997003-0,EXCP,0,process=rphost,OSThread=7032,ClientID=126,Exception=NetDataExchangeException,Descr='server_addr=(2)10.3.172.6:61050 descr=10054(0x00002746): Удаленный хост принудительно разорвал существующее подключение.  line=2273 file=d:\jenkins\ci_builder2\windowsbuild2\platform\src\rtrsrvc\src\dataexchangeserverimpl.cpp'
31:52.997004-0,EXCPCNTX,0,ClientComputerName=,ServerComputerName=,UserName=,ConnectString=
46:54.674000-0,EXCP,0,process=rphost,OSThread=7308,ClientID=2015,Exception=NetDataExchangeException,Descr='server_addr=(2)10.224.32.232:54818 descr=10054(0x00002746): Удаленный хост принудительно разорвал существующее подключение.  line=1149 file=d:\jenkins\ci_builder2\windowsbuild2\platform\src\rtrsrvc\src\dataexchangeserverimpl.cpp'
46:54.674001-0,EXCP,0,process=rphost,OSThread=6112,ClientID=2019,Exception=NetDataExchangeException,Descr='server_addr=(2)10.224.32.232:54842 descr=10054(0x00002746): Удаленный хост принудительно разорвал существующее подключение.  line=1149 file=d:\jenkins\ci_builder2\windowsbuild2\platform\src\rtrsrvc\src\dataexchangeserverimpl.cpp'
46:54.674002-0,EXCPCNTX,0,ClientComputerName=,ServerComputerName=,UserName=,ConnectString=
46:54.674003-0,EXCPCNTX,0,ClientComputerName=,ServerComputerName=,UserName=,ConnectString=
47:27.440035-0,EXCP,0,process=rphost,OSThread=7308,ClientID=1607,Exception=NetDataExchangeException,Descr='server_addr=(2)10.225.32.43:56043 descr=2(0x00000002): Не удается найти указанный файл.  line=1149 file=d:\jenkins\ci_builder2\windowsbuild2\platform\src\rtrsrvc\src\dataexchangeserverimpl.cpp'
47:27.440038-0,EXCPCNTX,0,ClientComputerName=,ServerComputerName=,UserName=,ConnectString=
50:41.847017-0,EXCP,0,process=rphost,OSThread=6676,ClientID=949,Exception=NetDataExchangeException,Descr='server_addr=(2)10.225.32.33:50332 descr=2(0x00000002): Не удается найти указанный файл.  line=1149 file=d:\jenkins\ci_builder2\windowsbuild2\platform\src\rtrsrvc\src\dataexchangeserverimpl.cpp'
50:41.847020-0,EXCPCNTX,0,ClientComputerName=,ServerComputerName=,UserName=,ConnectString=
