13:17.018017-0,EXCP,2,process=rphost,p:processName=bi_bk3wk1_prod_01,OSThread=8052,t:clientID=187,t:applicationName=1CV8C,t:computerName=DC2RDSH29,t:connectID=3056,SessionID=2043,Usr=WK1_Ташибаев_Даулет_Рахатович,AppID=1CV8C,Exception=afd2b550-0d52-4e03-b448-15ed68d87ac5,Descr='src\basic\src\documentlogformobjcontroller.cpp(884):
afd2b550-0d52-4e03-b448-15ed68d87ac5
0d2200af-1696-4395-91e5-2872675e6d3d: Не удалось провести "Заявка на оплату PSC00000886 от 21.04.2020 19:13:13"!',Context=Форма.Записать : Документ.ЗаявкаНаОплату.Форма.ФормаДокумента
13:17.034000-0,EXCP,2,process=rphost,p:processName=bi_bk3wk1_prod_01,OSThread=8052,t:clientID=187,t:applicationName=1CV8C,t:computerName=DC2RDSH29,t:connectID=3056,SessionID=2043,Usr=WK1_Ташибаев_Даулет_Рахатович,AppID=1CV8C,Exception=580392e6-ba49-4280-ac67-fcd6f2180121,Descr='src\vrsbase\src\vresourceinfobaseimpl.cpp(1114):
580392e6-ba49-4280-ac67-fcd6f2180121: Неспецифицированная ошибка работы с ресурсом
Ошибка при выполнении запроса POST к ресурсу /e1cib/logForm:
afd2b550-0d52-4e03-b448-15ed68d87ac5
0d2200af-1696-4395-91e5-2872675e6d3d: Не удалось провести "Заявка на оплату PSC00000886 от 21.04.2020 19:13:13"!'
25:50.264017-0,ADMIN,2,process=rphost,p:processName=ServerJobExecutorContext,OSThread=196,t:clientID=2730,t:applicationName=JobScheduler,t:computerName=DC2BUHAPP11,Func=killClient,ClusterID=8aa94e2b-5d54-4b86-800b-79353ce39638,ConnectionID=6fd5c33f-fc40-4ccb-90b4-f8ceaf34ef9b,Mode=0,Ref=bi_bk3wk1_prod_01(bi_bk3wk1_prod_01),Host=DC2BUHAPP11,Connection=11055,Administrator=Unknown,Result=Success
25:50.389019-0,EXCP,4,process=rphost,p:processName=bi_bk3wk1_prod_01,OSThread=8364,t:clientID=2743,t:applicationName=BackgroundJob,t:computerName=DC2BUHAPP11,t:connectID=11055,SessionID=12120,Usr=WK1_ХванСЛ,Exception=SeanceContextException,Descr='Сеанс отсутствует или удален
ID=2cb09ced-840f-4290-9cc3-7d0226fd7f4b, File=d:\jenkins\ci_builder2\windowsbuild2\platform\src\rserver\src\clusterdistribimpl.cpp(1439)'
25:50.389021-0,EXCP,3,process=rphost,p:processName=bi_bk3wk1_prod_01,OSThread=8364,t:clientID=2743,t:applicationName=BackgroundJob,t:computerName=DC2BUHAPP11,t:connectID=11055,SessionID=12120,Usr=WK1_ХванСЛ,Exception=60c686dc-798f-4d17-aadb-a90156a16eb8,Descr='src\rserver\src\rmngrcalls.cpp(476):
60c686dc-798f-4d17-aadb-a90156a16eb8: Сеанс отсутствует или удален
ID=2cb09ced-840f-4290-9cc3-7d0226fd7f4b, File=d:\jenkins\ci_builder2\windowsbuild2\platform\src\rserver\src\clusterdistribimpl.cpp(1439)'
25:50.593000-0,EXCP,3,process=rphost,p:processName=bi_bk3wk1_prod_01,OSThread=8364,t:clientID=2743,t:applicationName=BackgroundJob,t:computerName=DC2BUHAPP11,t:connectID=11055,SessionID=12120,Usr=WK1_ХванСЛ,Exception=SeanceContextException,Descr='Сеанс отсутствует или удален
ID=2cb09ced-840f-4290-9cc3-7d0226fd7f4b, File=d:\jenkins\ci_builder2\windowsbuild2\platform\src\rserver\src\rmngrcalls.cpp(364)'
25:50.593001-0,EXCP,3,process=rphost,p:processName=bi_bk3wk1_prod_01,OSThread=8364,t:clientID=2743,t:applicationName=BackgroundJob,t:computerName=DC2BUHAPP11,t:connectID=11055,SessionID=12120,Usr=WK1_ХванСЛ,Exception=60c686dc-798f-4d17-aadb-a90156a16eb8,Descr='src\rserver\src\serverjobexecutor.cpp(1095):
60c686dc-798f-4d17-aadb-a90156a16eb8: Сеанс отсутствует или удален
ID=2cb09ced-840f-4290-9cc3-7d0226fd7f4b, File=d:\jenkins\ci_builder2\windowsbuild2\platform\src\rserver\src\rmngrcalls.cpp(364)'
25:50.593003-0,EXCP,4,process=rphost,p:processName=bi_bk3wk1_prod_01,OSThread=8364,t:clientID=2743,t:applicationName=BackgroundJob,t:computerName=DC2BUHAPP11,t:connectID=11055,SessionID=12120,Usr=WK1_ХванСЛ,Exception=SeanceContextException,Descr='Сеанс отсутствует или удален
ID=2cb09ced-840f-4290-9cc3-7d0226fd7f4b, File=d:\jenkins\ci_builder2\windowsbuild2\platform\src\rserver\src\clusterdistribimpl.cpp(1439)'
25:50.593005-0,EXCP,3,process=rphost,p:processName=bi_bk3wk1_prod_01,OSThread=8364,t:clientID=2743,t:applicationName=BackgroundJob,t:computerName=DC2BUHAPP11,t:connectID=11055,SessionID=12120,Usr=WK1_ХванСЛ,Exception=60c686dc-798f-4d17-aadb-a90156a16eb8,Descr='src\rserver\src\rmngrcalls.cpp(476):
60c686dc-798f-4d17-aadb-a90156a16eb8: Сеанс отсутствует или удален
ID=2cb09ced-840f-4290-9cc3-7d0226fd7f4b, File=d:\jenkins\ci_builder2\windowsbuild2\platform\src\rserver\src\clusterdistribimpl.cpp(1439)'
25:50.796000-0,EXCP,3,process=rphost,p:processName=bi_bk3wk1_prod_01,OSThread=8364,t:clientID=2743,t:applicationName=BackgroundJob,t:computerName=DC2BUHAPP11,t:connectID=11055,SessionID=12120,Usr=WK1_ХванСЛ,Exception=SeanceContextException,Descr='Сеанс отсутствует или удален
ID=2cb09ced-840f-4290-9cc3-7d0226fd7f4b, File=d:\jenkins\ci_builder2\windowsbuild2\platform\src\rserver\src\rmngrcalls.cpp(364)'
29:21.190005-0,ADMIN,2,process=rphost,p:processName=ServerJobExecutorContext,OSThread=196,t:clientID=2730,t:applicationName=JobScheduler,t:computerName=DC2BUHAPP11,Func=killClient,ClusterID=8aa94e2b-5d54-4b86-800b-79353ce39638,ConnectionID=96334d5f-4cc7-41a0-afb0-6860fdb9b809,Mode=0,Ref=bi_bk3wk1_prod_01(bi_bk3wk1_prod_01),Host=DC2BUHAPP11,Connection=11080,Administrator=Unknown,Result=Success
29:21.596005-0,ADMIN,2,process=rphost,p:processName=ServerJobExecutorContext,OSThread=196,t:clientID=2730,t:applicationName=JobScheduler,t:computerName=DC2BUHAPP11,Func=killClient,ClusterID=8aa94e2b-5d54-4b86-800b-79353ce39638,ConnectionID=366c98a4-38cd-41a2-bbf2-931f92f13789,Mode=0,Ref=bi_bk3wk1_prod_01(bi_bk3wk1_prod_01),Host=DC2BUHAPP11,Connection=11081,Administrator=Unknown,Result=Success
29:42.094006-0,EXCP,2,process=rphost,p:processName=bi_bk3wk1_prod_01,OSThread=7040,t:clientID=2753,t:applicationName=BackgroundJob,t:computerName=DC2BUHAPP11,t:connectID=11081,SessionID=12145,Usr=Сапарбеков Наурызбай Оразбаевич,Exception=SeanceContextException,Descr='Сеанс отсутствует или удален
ID=2fafc83b-7e5d-499f-9f22-7e87609dfb4b, File=d:\jenkins\ci_builder2\windowsbuild2\platform\src\rserver\src\clusterdistribimpl.cpp(1439)'
29:42.094007-0,EXCP,2,process=rphost,p:processName=bi_bk3wk1_prod_01,OSThread=7040,t:clientID=2753,t:applicationName=BackgroundJob,t:computerName=DC2BUHAPP11,t:connectID=11081,SessionID=12145,Usr=Сапарбеков Наурызбай Оразбаевич,Exception=60c686dc-798f-4d17-aadb-a90156a16eb8,Descr='src\rserver\src\serverjobexecutor.cpp(1095):
60c686dc-798f-4d17-aadb-a90156a16eb8: Сеанс отсутствует или удален
ID=2fafc83b-7e5d-499f-9f22-7e87609dfb4b, File=d:\jenkins\ci_builder2\windowsbuild2\platform\src\rserver\src\clusterdistribimpl.cpp(1439)'
29:42.109002-0,EXCP,2,process=rphost,p:processName=bi_bk3wk1_prod_01,OSThread=7040,t:clientID=2753,t:applicationName=BackgroundJob,t:computerName=DC2BUHAPP11,t:connectID=11081,SessionID=12145,Usr=Сапарбеков Наурызбай Оразбаевич,Exception=SeanceContextException,Descr='Сеанс отсутствует или удален
ID=2fafc83b-7e5d-499f-9f22-7e87609dfb4b, File=d:\jenkins\ci_builder2\windowsbuild2\platform\src\rserver\src\clusterdistribimpl.cpp(1439)'
29:42.344006-0,EXCP,2,process=rphost,p:processName=bi_bk3wk1_prod_01,OSThread=5816,t:clientID=2752,t:applicationName=BackgroundJob,t:computerName=DC2BUHAPP11,t:connectID=11080,SessionID=12144,Usr=Сапарбеков Наурызбай Оразбаевич,Exception=SeanceContextException,Descr='Сеанс отсутствует или удален
ID=0f2fabb0-9a70-4461-b7c9-aeac2099f32b, File=d:\jenkins\ci_builder2\windowsbuild2\platform\src\rserver\src\clusterdistribimpl.cpp(1439)'
29:42.344007-0,EXCP,2,process=rphost,p:processName=bi_bk3wk1_prod_01,OSThread=5816,t:clientID=2752,t:applicationName=BackgroundJob,t:computerName=DC2BUHAPP11,t:connectID=11080,SessionID=12144,Usr=Сапарбеков Наурызбай Оразбаевич,Exception=60c686dc-798f-4d17-aadb-a90156a16eb8,Descr='src\rserver\src\serverjobexecutor.cpp(1095):
60c686dc-798f-4d17-aadb-a90156a16eb8: Сеанс отсутствует или удален
ID=0f2fabb0-9a70-4461-b7c9-aeac2099f32b, File=d:\jenkins\ci_builder2\windowsbuild2\platform\src\rserver\src\clusterdistribimpl.cpp(1439)'
29:42.344010-0,EXCP,2,process=rphost,p:processName=bi_bk3wk1_prod_01,OSThread=5816,t:clientID=2752,t:applicationName=BackgroundJob,t:computerName=DC2BUHAPP11,t:connectID=11080,SessionID=12144,Usr=Сапарбеков Наурызбай Оразбаевич,Exception=SeanceContextException,Descr='Сеанс отсутствует или удален
ID=0f2fabb0-9a70-4461-b7c9-aeac2099f32b, File=d:\jenkins\ci_builder2\windowsbuild2\platform\src\rserver\src\clusterdistribimpl.cpp(1439)'
35:14.890007-0,ADMIN,2,process=rphost,p:processName=ServerJobExecutorContext,OSThread=196,t:clientID=2755,t:applicationName=JobScheduler,t:computerName=DC2BUHAPP11,Func=killClient,ClusterID=8aa94e2b-5d54-4b86-800b-79353ce39638,ConnectionID=0f0f46e8-63e1-4cc5-b3b0-cdca7ec6bd96,Mode=0,Ref=bi_bk3wk1_prod_01(bi_bk3wk1_prod_01),Host=DC2BUHAPP11,Connection=11134,Administrator=Unknown,Result=Success
35:15.312005-0,ADMIN,2,process=rphost,p:processName=ServerJobExecutorContext,OSThread=196,t:clientID=2755,t:applicationName=JobScheduler,t:computerName=DC2BUHAPP11,Func=killClient,ClusterID=8aa94e2b-5d54-4b86-800b-79353ce39638,ConnectionID=54f24860-a5b5-4938-9126-9aac09aa9266,Mode=0,Ref=bi_bk3wk1_prod_01(bi_bk3wk1_prod_01),Host=DC2BUHAPP11,Connection=11135,Administrator=Unknown,Result=Success
35:15.547021-0,EXCP,3,process=rphost,p:processName=bi_bk3wk1_prod_01,OSThread=8364,t:clientID=2758,t:applicationName=BackgroundJob,t:computerName=DC2BUHAPP11,t:connectID=11134,SessionID=12198,Usr=WK1_Нагашбекова_Галия_Оразовна,Exception=SeanceContextException,Descr='Сеанс отсутствует или удален
ID=f3f18afc-ea6f-41d5-8041-cb6cc98ff232, File=d:\jenkins\ci_builder2\windowsbuild2\platform\src\rserver\src\clusterdistribimpl.cpp(1439)'
35:15.547023-0,EXCP,2,process=rphost,p:processName=bi_bk3wk1_prod_01,OSThread=8364,t:clientID=2758,t:applicationName=BackgroundJob,t:computerName=DC2BUHAPP11,t:connectID=11134,SessionID=12198,Usr=WK1_Нагашбекова_Галия_Оразовна,Exception=60c686dc-798f-4d17-aadb-a90156a16eb8,Descr='src\rserver\src\rmngrcalls.cpp(476):
60c686dc-798f-4d17-aadb-a90156a16eb8: Сеанс отсутствует или удален
ID=f3f18afc-ea6f-41d5-8041-cb6cc98ff232, File=d:\jenkins\ci_builder2\windowsbuild2\platform\src\rserver\src\clusterdistribimpl.cpp(1439)'
35:15.750000-0,EXCP,2,process=rphost,p:processName=bi_bk3wk1_prod_01,OSThread=8364,t:clientID=2758,t:applicationName=BackgroundJob,t:computerName=DC2BUHAPP11,t:connectID=11134,SessionID=12198,Usr=WK1_Нагашбекова_Галия_Оразовна,Exception=SeanceContextException,Descr='Сеанс отсутствует или удален
ID=f3f18afc-ea6f-41d5-8041-cb6cc98ff232, File=d:\jenkins\ci_builder2\windowsbuild2\platform\src\rserver\src\rmngrcalls.cpp(364)'
35:15.750001-0,EXCP,2,process=rphost,p:processName=bi_bk3wk1_prod_01,OSThread=8364,t:clientID=2758,t:applicationName=BackgroundJob,t:computerName=DC2BUHAPP11,t:connectID=11134,SessionID=12198,Usr=WK1_Нагашбекова_Галия_Оразовна,Exception=60c686dc-798f-4d17-aadb-a90156a16eb8,Descr='src\rserver\src\serverjobexecutor.cpp(1095):
60c686dc-798f-4d17-aadb-a90156a16eb8: Сеанс отсутствует или удален
ID=f3f18afc-ea6f-41d5-8041-cb6cc98ff232, File=d:\jenkins\ci_builder2\windowsbuild2\platform\src\rserver\src\rmngrcalls.cpp(364)'
35:15.750003-0,EXCP,3,process=rphost,p:processName=bi_bk3wk1_prod_01,OSThread=8364,t:clientID=2758,t:applicationName=BackgroundJob,t:computerName=DC2BUHAPP11,t:connectID=11134,SessionID=12198,Usr=WK1_Нагашбекова_Галия_Оразовна,Exception=SeanceContextException,Descr='Сеанс отсутствует или удален
ID=f3f18afc-ea6f-41d5-8041-cb6cc98ff232, File=d:\jenkins\ci_builder2\windowsbuild2\platform\src\rserver\src\clusterdistribimpl.cpp(1439)'
35:15.750005-0,EXCP,2,process=rphost,p:processName=bi_bk3wk1_prod_01,OSThread=8364,t:clientID=2758,t:applicationName=BackgroundJob,t:computerName=DC2BUHAPP11,t:connectID=11134,SessionID=12198,Usr=WK1_Нагашбекова_Галия_Оразовна,Exception=60c686dc-798f-4d17-aadb-a90156a16eb8,Descr='src\rserver\src\rmngrcalls.cpp(476):
60c686dc-798f-4d17-aadb-a90156a16eb8: Сеанс отсутствует или удален
ID=f3f18afc-ea6f-41d5-8041-cb6cc98ff232, File=d:\jenkins\ci_builder2\windowsbuild2\platform\src\rserver\src\clusterdistribimpl.cpp(1439)'
35:15.812006-0,EXCP,2,process=rphost,p:processName=bi_bk3wk1_prod_01,OSThread=8364,t:clientID=2758,t:applicationName=BackgroundJob,t:computerName=DC2BUHAPP11,t:connectID=11134,SessionID=12198,Usr=WK1_Нагашбекова_Галия_Оразовна,Exception=SeanceContextException,Descr='Сеанс отсутствует или удален
ID=f3f18afc-ea6f-41d5-8041-cb6cc98ff232, File=d:\jenkins\ci_builder2\windowsbuild2\platform\src\rserver\src\rmngrcalls.cpp(364)'
35:15.890005-0,EXCP,3,process=rphost,p:processName=bi_bk3wk1_prod_01,OSThread=6412,t:clientID=2759,t:applicationName=BackgroundJob,t:computerName=DC2BUHAPP11,t:connectID=11135,SessionID=12199,Usr=WK1_Нагашбекова_Галия_Оразовна,Exception=SeanceContextException,Descr='Сеанс отсутствует или удален
ID=5241c4aa-2a56-4cf1-b917-f8ba83ab149c, File=d:\jenkins\ci_builder2\windowsbuild2\platform\src\rserver\src\clusterdistribimpl.cpp(1439)'
35:15.890007-0,EXCP,2,process=rphost,p:processName=bi_bk3wk1_prod_01,OSThread=6412,t:clientID=2759,t:applicationName=BackgroundJob,t:computerName=DC2BUHAPP11,t:connectID=11135,SessionID=12199,Usr=WK1_Нагашбекова_Галия_Оразовна,Exception=60c686dc-798f-4d17-aadb-a90156a16eb8,Descr='src\rserver\src\rmngrcalls.cpp(476):
60c686dc-798f-4d17-aadb-a90156a16eb8: Сеанс отсутствует или удален
ID=5241c4aa-2a56-4cf1-b917-f8ba83ab149c, File=d:\jenkins\ci_builder2\windowsbuild2\platform\src\rserver\src\clusterdistribimpl.cpp(1439)'
35:16.094000-0,EXCP,2,process=rphost,p:processName=bi_bk3wk1_prod_01,OSThread=6412,t:clientID=2759,t:applicationName=BackgroundJob,t:computerName=DC2BUHAPP11,t:connectID=11135,SessionID=12199,Usr=WK1_Нагашбекова_Галия_Оразовна,Exception=SeanceContextException,Descr='Сеанс отсутствует или удален
ID=5241c4aa-2a56-4cf1-b917-f8ba83ab149c, File=d:\jenkins\ci_builder2\windowsbuild2\platform\src\rserver\src\rmngrcalls.cpp(364)'
35:16.094001-0,EXCP,2,process=rphost,p:processName=bi_bk3wk1_prod_01,OSThread=6412,t:clientID=2759,t:applicationName=BackgroundJob,t:computerName=DC2BUHAPP11,t:connectID=11135,SessionID=12199,Usr=WK1_Нагашбекова_Галия_Оразовна,Exception=60c686dc-798f-4d17-aadb-a90156a16eb8,Descr='src\rserver\src\serverjobexecutor.cpp(1095):
60c686dc-798f-4d17-aadb-a90156a16eb8: Сеанс отсутствует или удален
ID=5241c4aa-2a56-4cf1-b917-f8ba83ab149c, File=d:\jenkins\ci_builder2\windowsbuild2\platform\src\rserver\src\rmngrcalls.cpp(364)'
35:16.094003-0,EXCP,3,process=rphost,p:processName=bi_bk3wk1_prod_01,OSThread=6412,t:clientID=2759,t:applicationName=BackgroundJob,t:computerName=DC2BUHAPP11,t:connectID=11135,SessionID=12199,Usr=WK1_Нагашбекова_Галия_Оразовна,Exception=SeanceContextException,Descr='Сеанс отсутствует или удален
ID=5241c4aa-2a56-4cf1-b917-f8ba83ab149c, File=d:\jenkins\ci_builder2\windowsbuild2\platform\src\rserver\src\clusterdistribimpl.cpp(1439)'
35:16.094005-0,EXCP,2,process=rphost,p:processName=bi_bk3wk1_prod_01,OSThread=6412,t:clientID=2759,t:applicationName=BackgroundJob,t:computerName=DC2BUHAPP11,t:connectID=11135,SessionID=12199,Usr=WK1_Нагашбекова_Галия_Оразовна,Exception=60c686dc-798f-4d17-aadb-a90156a16eb8,Descr='src\rserver\src\rmngrcalls.cpp(476):
60c686dc-798f-4d17-aadb-a90156a16eb8: Сеанс отсутствует или удален
ID=5241c4aa-2a56-4cf1-b917-f8ba83ab149c, File=d:\jenkins\ci_builder2\windowsbuild2\platform\src\rserver\src\clusterdistribimpl.cpp(1439)'
35:16.297000-0,EXCP,2,process=rphost,p:processName=bi_bk3wk1_prod_01,OSThread=6412,t:clientID=2759,t:applicationName=BackgroundJob,t:computerName=DC2BUHAPP11,t:connectID=11135,SessionID=12199,Usr=WK1_Нагашбекова_Галия_Оразовна,Exception=SeanceContextException,Descr='Сеанс отсутствует или удален
ID=5241c4aa-2a56-4cf1-b917-f8ba83ab149c, File=d:\jenkins\ci_builder2\windowsbuild2\platform\src\rserver\src\rmngrcalls.cpp(364)'
44:11.979010-0,ADMIN,2,process=rphost,p:processName=ServerJobExecutorContext,OSThread=196,t:clientID=2764,t:applicationName=JobScheduler,t:computerName=DC2BUHAPP11,Func=killClient,ClusterID=8aa94e2b-5d54-4b86-800b-79353ce39638,ConnectionID=7f696fb8-66b2-4926-b965-9cca39437675,Mode=0,Ref=bi_bk3wk1_prod_01(bi_bk3wk1_prod_01),Host=DC2BUHAPP11,Connection=11183,Administrator=Unknown,Result=Success
44:16.182080-0,EXCP,3,process=rphost,p:processName=bi_bk3wk1_prod_01,OSThread=8364,t:clientID=2765,t:applicationName=BackgroundJob,t:computerName=DC2BUHAPP11,t:connectID=11183,SessionID=12187,Usr=Тулегенова Айдана Балтабаевна,Exception=SeanceContextException,Descr='Сеанс отсутствует или удален
ID=f94537b7-4232-4f06-a9f3-f6174aff5b9e, File=d:\jenkins\ci_builder2\windowsbuild2\platform\src\rserver\src\clusterdistribimpl.cpp(1439)'
44:16.182082-0,EXCP,2,process=rphost,p:processName=bi_bk3wk1_prod_01,OSThread=8364,t:clientID=2765,t:applicationName=BackgroundJob,t:computerName=DC2BUHAPP11,t:connectID=11183,SessionID=12187,Usr=Тулегенова Айдана Балтабаевна,Exception=60c686dc-798f-4d17-aadb-a90156a16eb8,Descr='src\rserver\src\rmngrcalls.cpp(476):
60c686dc-798f-4d17-aadb-a90156a16eb8: Сеанс отсутствует или удален
ID=f94537b7-4232-4f06-a9f3-f6174aff5b9e, File=d:\jenkins\ci_builder2\windowsbuild2\platform\src\rserver\src\clusterdistribimpl.cpp(1439)'
44:16.385000-0,EXCP,2,process=rphost,p:processName=bi_bk3wk1_prod_01,OSThread=8364,t:clientID=2765,t:applicationName=BackgroundJob,t:computerName=DC2BUHAPP11,t:connectID=11183,SessionID=12187,Usr=Тулегенова Айдана Балтабаевна,Exception=SeanceContextException,Descr='Сеанс отсутствует или удален
ID=f94537b7-4232-4f06-a9f3-f6174aff5b9e, File=d:\jenkins\ci_builder2\windowsbuild2\platform\src\rserver\src\rmngrcalls.cpp(364)'
44:16.385001-0,EXCP,2,process=rphost,p:processName=bi_bk3wk1_prod_01,OSThread=8364,t:clientID=2765,t:applicationName=BackgroundJob,t:computerName=DC2BUHAPP11,t:connectID=11183,SessionID=12187,Usr=Тулегенова Айдана Балтабаевна,Exception=60c686dc-798f-4d17-aadb-a90156a16eb8,Descr='src\rserver\src\serverjobexecutor.cpp(1095):
60c686dc-798f-4d17-aadb-a90156a16eb8: Сеанс отсутствует или удален
ID=f94537b7-4232-4f06-a9f3-f6174aff5b9e, File=d:\jenkins\ci_builder2\windowsbuild2\platform\src\rserver\src\rmngrcalls.cpp(364)'
44:16.385006-0,EXCP,3,process=rphost,p:processName=bi_bk3wk1_prod_01,OSThread=8364,t:clientID=2765,t:applicationName=BackgroundJob,t:computerName=DC2BUHAPP11,t:connectID=11183,SessionID=12187,Usr=Тулегенова Айдана Балтабаевна,Exception=SeanceContextException,Descr='Сеанс отсутствует или удален
ID=f94537b7-4232-4f06-a9f3-f6174aff5b9e, File=d:\jenkins\ci_builder2\windowsbuild2\platform\src\rserver\src\clusterdistribimpl.cpp(1439)'
44:16.385008-0,EXCP,2,process=rphost,p:processName=bi_bk3wk1_prod_01,OSThread=8364,t:clientID=2765,t:applicationName=BackgroundJob,t:computerName=DC2BUHAPP11,t:connectID=11183,SessionID=12187,Usr=Тулегенова Айдана Балтабаевна,Exception=60c686dc-798f-4d17-aadb-a90156a16eb8,Descr='src\rserver\src\rmngrcalls.cpp(476):
60c686dc-798f-4d17-aadb-a90156a16eb8: Сеанс отсутствует или удален
ID=f94537b7-4232-4f06-a9f3-f6174aff5b9e, File=d:\jenkins\ci_builder2\windowsbuild2\platform\src\rserver\src\clusterdistribimpl.cpp(1439)'
44:16.589000-0,EXCP,2,process=rphost,p:processName=bi_bk3wk1_prod_01,OSThread=8364,t:clientID=2765,t:applicationName=BackgroundJob,t:computerName=DC2BUHAPP11,t:connectID=11183,SessionID=12187,Usr=Тулегенова Айдана Балтабаевна,Exception=SeanceContextException,Descr='Сеанс отсутствует или удален
ID=f94537b7-4232-4f06-a9f3-f6174aff5b9e, File=d:\jenkins\ci_builder2\windowsbuild2\platform\src\rserver\src\rmngrcalls.cpp(364)'
44:19.495006-0,ADMIN,2,process=rphost,p:processName=ServerJobExecutorContext,OSThread=8764,t:clientID=2764,t:applicationName=JobScheduler,t:computerName=DC2BUHAPP11,Func=killClient,ClusterID=8aa94e2b-5d54-4b86-800b-79353ce39638,ConnectionID=30261382-74bc-4370-90e7-c0987bc943c1,Mode=0,Ref=bi_bk3wk1_prod_01(bi_bk3wk1_prod_01),Host=DC2BUHAPP11,Connection=11189,Administrator=Unknown,Result=Success
44:24.214004-0,EXCP,3,process=rphost,p:processName=bi_bk3wk1_prod_01,OSThread=8364,t:clientID=2767,t:applicationName=BackgroundJob,t:computerName=DC2BUHAPP11,t:connectID=11189,SessionID=12194,Usr=Тулегенова Айдана Балтабаевна,Exception=SeanceContextException,Descr='Сеанс отсутствует или удален
ID=19a5b1d4-1a6a-4a79-bf44-3b9e4fc9f3bb, File=d:\jenkins\ci_builder2\windowsbuild2\platform\src\rserver\src\clusterdistribimpl.cpp(1439)'
44:24.214006-0,EXCP,2,process=rphost,p:processName=bi_bk3wk1_prod_01,OSThread=8364,t:clientID=2767,t:applicationName=BackgroundJob,t:computerName=DC2BUHAPP11,t:connectID=11189,SessionID=12194,Usr=Тулегенова Айдана Балтабаевна,Exception=60c686dc-798f-4d17-aadb-a90156a16eb8,Descr='src\rserver\src\rmngrcalls.cpp(476):
60c686dc-798f-4d17-aadb-a90156a16eb8: Сеанс отсутствует или удален
ID=19a5b1d4-1a6a-4a79-bf44-3b9e4fc9f3bb, File=d:\jenkins\ci_builder2\windowsbuild2\platform\src\rserver\src\clusterdistribimpl.cpp(1439)'
44:24.417000-0,EXCP,2,process=rphost,p:processName=bi_bk3wk1_prod_01,OSThread=8364,t:clientID=2767,t:applicationName=BackgroundJob,t:computerName=DC2BUHAPP11,t:connectID=11189,SessionID=12194,Usr=Тулегенова Айдана Балтабаевна,Exception=SeanceContextException,Descr='Сеанс отсутствует или удален
ID=19a5b1d4-1a6a-4a79-bf44-3b9e4fc9f3bb, File=d:\jenkins\ci_builder2\windowsbuild2\platform\src\rserver\src\rmngrcalls.cpp(364)'
44:24.417001-0,EXCP,2,process=rphost,p:processName=bi_bk3wk1_prod_01,OSThread=8364,t:clientID=2767,t:applicationName=BackgroundJob,t:computerName=DC2BUHAPP11,t:connectID=11189,SessionID=12194,Usr=Тулегенова Айдана Балтабаевна,Exception=60c686dc-798f-4d17-aadb-a90156a16eb8,Descr='src\rserver\src\serverjobexecutor.cpp(1095):
60c686dc-798f-4d17-aadb-a90156a16eb8: Сеанс отсутствует или удален
ID=19a5b1d4-1a6a-4a79-bf44-3b9e4fc9f3bb, File=d:\jenkins\ci_builder2\windowsbuild2\platform\src\rserver\src\rmngrcalls.cpp(364)'
44:24.417006-0,EXCP,3,process=rphost,p:processName=bi_bk3wk1_prod_01,OSThread=8364,t:clientID=2767,t:applicationName=BackgroundJob,t:computerName=DC2BUHAPP11,t:connectID=11189,SessionID=12194,Usr=Тулегенова Айдана Балтабаевна,Exception=SeanceContextException,Descr='Сеанс отсутствует или удален
ID=19a5b1d4-1a6a-4a79-bf44-3b9e4fc9f3bb, File=d:\jenkins\ci_builder2\windowsbuild2\platform\src\rserver\src\clusterdistribimpl.cpp(1439)'
44:24.417008-0,EXCP,2,process=rphost,p:processName=bi_bk3wk1_prod_01,OSThread=8364,t:clientID=2767,t:applicationName=BackgroundJob,t:computerName=DC2BUHAPP11,t:connectID=11189,SessionID=12194,Usr=Тулегенова Айдана Балтабаевна,Exception=60c686dc-798f-4d17-aadb-a90156a16eb8,Descr='src\rserver\src\rmngrcalls.cpp(476):
60c686dc-798f-4d17-aadb-a90156a16eb8: Сеанс отсутствует или удален
ID=19a5b1d4-1a6a-4a79-bf44-3b9e4fc9f3bb, File=d:\jenkins\ci_builder2\windowsbuild2\platform\src\rserver\src\clusterdistribimpl.cpp(1439)'
44:24.620000-0,EXCP,2,process=rphost,p:processName=bi_bk3wk1_prod_01,OSThread=8364,t:clientID=2767,t:applicationName=BackgroundJob,t:computerName=DC2BUHAPP11,t:connectID=11189,SessionID=12194,Usr=Тулегенова Айдана Балтабаевна,Exception=SeanceContextException,Descr='Сеанс отсутствует или удален
ID=19a5b1d4-1a6a-4a79-bf44-3b9e4fc9f3bb, File=d:\jenkins\ci_builder2\windowsbuild2\platform\src\rserver\src\rmngrcalls.cpp(364)'
44:49.292046-0,EXCP,2,process=rphost,p:processName=bi_bk3wk1_prod_01,OSThread=8364,t:clientID=2766,t:applicationName=1CV8C,t:computerName=DC2RDSH07,t:connectID=11184,SessionID=12189,Usr=WK1_ХванСЛ,AppID=1CV8C,Exception=afd2b550-0d52-4e03-b448-15ed68d87ac5,Descr='src\mngbase\src\rtsimplylogformsrvimpl.cpp(199):
afd2b550-0d52-4e03-b448-15ed68d87ac5
e0506925-b3e4-4dfb-b2fd-309eb7908ae3: Ошибка блокировки объекта. Объект уже заблокирован:
компьютер: DC2RDSH07, пользователь: WK1_ХванСЛ, сеанс: 2255, начат: 21.04.2020 в 19:38:00, приложение: Тонкий клиент',Context=Форма.ЗаблокироватьДанныеФормыДляРедактирования : Документ.РасчетСНиСО.Форма.ФормаДокумента
44:49.292047-0,EXCP,2,process=rphost,p:processName=bi_bk3wk1_prod_01,OSThread=8364,t:clientID=2766,t:applicationName=1CV8C,t:computerName=DC2RDSH07,t:connectID=11184,SessionID=12189,Usr=WK1_ХванСЛ,AppID=1CV8C,Exception=580392e6-ba49-4280-ac67-fcd6f2180121,Descr='src\vrsbase\src\vresourceinfobaseimpl.cpp(1114):
580392e6-ba49-4280-ac67-fcd6f2180121: Неспецифицированная ошибка работы с ресурсом
Ошибка при выполнении запроса POST к ресурсу /e1cib/logForm:
afd2b550-0d52-4e03-b448-15ed68d87ac5
e0506925-b3e4-4dfb-b2fd-309eb7908ae3: Ошибка блокировки объекта. Объект уже заблокирован:
компьютер: DC2RDSH07, пользователь: WK1_ХванСЛ, сеанс: 2255, начат: 21.04.2020 в 19:38:00, приложение: Тонкий клиент'
44:52.557040-0,EXCP,2,process=rphost,p:processName=bi_bk3wk1_prod_01,OSThread=8052,t:clientID=2766,t:applicationName=1CV8C,t:computerName=DC2RDSH07,t:connectID=11184,SessionID=12189,Usr=WK1_ХванСЛ,AppID=1CV8C,Exception=afd2b550-0d52-4e03-b448-15ed68d87ac5,Descr='src\mngbase\src\rtsimplylogformsrvimpl.cpp(199):
afd2b550-0d52-4e03-b448-15ed68d87ac5
e0506925-b3e4-4dfb-b2fd-309eb7908ae3: Ошибка блокировки объекта. Объект уже заблокирован:
компьютер: DC2RDSH07, пользователь: WK1_ХванСЛ, сеанс: 2255, начат: 21.04.2020 в 19:38:00, приложение: Тонкий клиент',Context=Форма.ЗаблокироватьДанныеФормыДляРедактирования : Документ.РасчетСНиСО.Форма.ФормаДокумента
44:52.557041-0,EXCP,2,process=rphost,p:processName=bi_bk3wk1_prod_01,OSThread=8052,t:clientID=2766,t:applicationName=1CV8C,t:computerName=DC2RDSH07,t:connectID=11184,SessionID=12189,Usr=WK1_ХванСЛ,AppID=1CV8C,Exception=580392e6-ba49-4280-ac67-fcd6f2180121,Descr='src\vrsbase\src\vresourceinfobaseimpl.cpp(1114):
580392e6-ba49-4280-ac67-fcd6f2180121: Неспецифицированная ошибка работы с ресурсом
Ошибка при выполнении запроса POST к ресурсу /e1cib/logForm:
afd2b550-0d52-4e03-b448-15ed68d87ac5
e0506925-b3e4-4dfb-b2fd-309eb7908ae3: Ошибка блокировки объекта. Объект уже заблокирован:
компьютер: DC2RDSH07, пользователь: WK1_ХванСЛ, сеанс: 2255, начат: 21.04.2020 в 19:38:00, приложение: Тонкий клиент'
45:21.307007-0,EXCP,0,process=rphost,OSThread=6456,ClientID=2769,Exception=NetDataExchangeException,Descr='server_addr=(2)10.224.32.248:64107 descr=2(0x00000002): Не удается найти указанный файл.  line=1149 file=d:\jenkins\ci_builder2\windowsbuild2\platform\src\rtrsrvc\src\dataexchangeserverimpl.cpp'
45:21.307010-0,EXCPCNTX,0,ClientComputerName=,ServerComputerName=,UserName=,ConnectString=
49:21.890001-0,EXCP,0,process=rphost,OSThread=1884,ClientID=300,Exception=NetDataExchangeException,Descr='server_addr=(2)10.224.32.248:53241 descr=10054(0x00002746): Удаленный хост принудительно разорвал существующее подключение.  line=1149 file=d:\jenkins\ci_builder2\windowsbuild2\platform\src\rtrsrvc\src\dataexchangeserverimpl.cpp'
49:21.890003-0,EXCPCNTX,0,ClientComputerName=,ServerComputerName=,UserName=,ConnectString=
49:34.265000-0,EXCP,0,process=rphost,OSThread=6676,Exception=NetDataExchangeException,Descr='Ping time out expired on direction: directionID=45d5dae5-5986-4259-abaf-b3b1bd3bba84, lastActivity=2938955044, lastActivityTestTs=(2938962247,2938963247,2938964247,2938965247,2938966247,2938967247,2938968262,2938969262), timeout=15000, period=3000, currentTS=2938970262, nChecks=3'
53:55.130006-0,ADMIN,2,process=rphost,p:processName=ServerJobExecutorContext,OSThread=196,t:clientID=2772,t:applicationName=JobScheduler,t:computerName=DC2BUHAPP11,Func=killClient,ClusterID=8aa94e2b-5d54-4b86-800b-79353ce39638,ConnectionID=5e02ae42-4e94-4f8c-9708-a1fa7dce66d2,Mode=0,Ref=bi_bk3wk1_prod_01(bi_bk3wk1_prod_01),Host=DC2BUHAPP11,Connection=11227,Administrator=Unknown,Result=Success
53:55.661010-0,EXCP,3,process=rphost,p:processName=bi_bk3wk1_prod_01,OSThread=1252,t:clientID=2773,t:applicationName=BackgroundJob,t:computerName=DC2BUHAPP11,t:connectID=11227,SessionID=12236,Usr=WK1_Нагашбекова_Галия_Оразовна,Exception=SeanceContextException,Descr='Сеанс отсутствует или удален
ID=ddc62e4b-377d-444c-8789-1d71fa27dca0, File=d:\jenkins\ci_builder2\windowsbuild2\platform\src\rserver\src\clusterdistribimpl.cpp(1439)'
53:55.661012-0,EXCP,2,process=rphost,p:processName=bi_bk3wk1_prod_01,OSThread=1252,t:clientID=2773,t:applicationName=BackgroundJob,t:computerName=DC2BUHAPP11,t:connectID=11227,SessionID=12236,Usr=WK1_Нагашбекова_Галия_Оразовна,Exception=60c686dc-798f-4d17-aadb-a90156a16eb8,Descr='src\rserver\src\rmngrcalls.cpp(476):
60c686dc-798f-4d17-aadb-a90156a16eb8: Сеанс отсутствует или удален
ID=ddc62e4b-377d-444c-8789-1d71fa27dca0, File=d:\jenkins\ci_builder2\windowsbuild2\platform\src\rserver\src\clusterdistribimpl.cpp(1439)'
53:55.864000-0,EXCP,2,process=rphost,p:processName=bi_bk3wk1_prod_01,OSThread=1252,t:clientID=2773,t:applicationName=BackgroundJob,t:computerName=DC2BUHAPP11,t:connectID=11227,SessionID=12236,Usr=WK1_Нагашбекова_Галия_Оразовна,Exception=SeanceContextException,Descr='Сеанс отсутствует или удален
ID=ddc62e4b-377d-444c-8789-1d71fa27dca0, File=d:\jenkins\ci_builder2\windowsbuild2\platform\src\rserver\src\rmngrcalls.cpp(364)'
53:55.864001-0,EXCP,2,process=rphost,p:processName=bi_bk3wk1_prod_01,OSThread=1252,t:clientID=2773,t:applicationName=BackgroundJob,t:computerName=DC2BUHAPP11,t:connectID=11227,SessionID=12236,Usr=WK1_Нагашбекова_Галия_Оразовна,Exception=60c686dc-798f-4d17-aadb-a90156a16eb8,Descr='src\rserver\src\serverjobexecutor.cpp(1095):
60c686dc-798f-4d17-aadb-a90156a16eb8: Сеанс отсутствует или удален
ID=ddc62e4b-377d-444c-8789-1d71fa27dca0, File=d:\jenkins\ci_builder2\windowsbuild2\platform\src\rserver\src\rmngrcalls.cpp(364)'
53:55.864003-0,EXCP,3,process=rphost,p:processName=bi_bk3wk1_prod_01,OSThread=1252,t:clientID=2773,t:applicationName=BackgroundJob,t:computerName=DC2BUHAPP11,t:connectID=11227,SessionID=12236,Usr=WK1_Нагашбекова_Галия_Оразовна,Exception=SeanceContextException,Descr='Сеанс отсутствует или удален
ID=ddc62e4b-377d-444c-8789-1d71fa27dca0, File=d:\jenkins\ci_builder2\windowsbuild2\platform\src\rserver\src\clusterdistribimpl.cpp(1439)'
53:55.864005-0,EXCP,2,process=rphost,p:processName=bi_bk3wk1_prod_01,OSThread=1252,t:clientID=2773,t:applicationName=BackgroundJob,t:computerName=DC2BUHAPP11,t:connectID=11227,SessionID=12236,Usr=WK1_Нагашбекова_Галия_Оразовна,Exception=60c686dc-798f-4d17-aadb-a90156a16eb8,Descr='src\rserver\src\rmngrcalls.cpp(476):
60c686dc-798f-4d17-aadb-a90156a16eb8: Сеанс отсутствует или удален
ID=ddc62e4b-377d-444c-8789-1d71fa27dca0, File=d:\jenkins\ci_builder2\windowsbuild2\platform\src\rserver\src\clusterdistribimpl.cpp(1439)'
53:55.880006-0,EXCP,2,process=rphost,p:processName=bi_bk3wk1_prod_01,OSThread=1252,t:clientID=2773,t:applicationName=BackgroundJob,t:computerName=DC2BUHAPP11,t:connectID=11227,SessionID=12236,Usr=WK1_Нагашбекова_Галия_Оразовна,Exception=SeanceContextException,Descr='Сеанс отсутствует или удален
ID=ddc62e4b-377d-444c-8789-1d71fa27dca0, File=d:\jenkins\ci_builder2\windowsbuild2\platform\src\rserver\src\rmngrcalls.cpp(364)'
57:48.782001-0,EXCP,0,process=rphost,OSThread=4324,ClientID=1647,Exception=NetDataExchangeException,Descr='server_addr=(2)10.224.32.210:62607 descr=10054(0x00002746): Удаленный хост принудительно разорвал существующее подключение.  line=1149 file=d:\jenkins\ci_builder2\windowsbuild2\platform\src\rtrsrvc\src\dataexchangeserverimpl.cpp'
57:48.782000-0,EXCP,0,process=rphost,OSThread=4456,ClientID=1648,Exception=NetDataExchangeException,Descr='server_addr=(2)10.224.32.210:62615 descr=10054(0x00002746): Удаленный хост принудительно разорвал существующее подключение.  line=1149 file=d:\jenkins\ci_builder2\windowsbuild2\platform\src\rtrsrvc\src\dataexchangeserverimpl.cpp'
57:48.782002-0,EXCPCNTX,0,ClientComputerName=,ServerComputerName=,UserName=,ConnectString=
57:48.782003-0,EXCPCNTX,0,ClientComputerName=,ServerComputerName=,UserName=,ConnectString=
58:55.347018-0,EXCP,0,process=rphost,OSThread=6456,ClientID=332,Exception=NetDataExchangeException,Descr='server_addr=(2)10.224.32.217:52300 descr=10054(0x00002746): Удаленный хост принудительно разорвал существующее подключение.  line=1149 file=d:\jenkins\ci_builder2\windowsbuild2\platform\src\rtrsrvc\src\dataexchangeserverimpl.cpp'
58:55.347019-0,EXCPCNTX,0,ClientComputerName=,ServerComputerName=,UserName=,ConnectString=
