24:48.022000-0,EXCP,0,process=rphost,OSThread=9668,ClientID=1741,Exception=NetDataExchangeException,Descr='server_addr=(2)10.225.32.50:54097 descr=10054(0x00002746): Удаленный хост принудительно разорвал существующее подключение.  line=2273 file=d:\jenkins\ci_builder2\windowsbuild2\platform\src\rtrsrvc\src\dataexchangeserverimpl.cpp'
24:48.022001-0,EXCPCNTX,0,ClientComputerName=,ServerComputerName=,UserName=,ConnectString=
24:48.022005-0,EXCP,0,process=rphost,OSThread=4456,ClientID=1747,Exception=NetDataExchangeException,Descr='server_addr=(2)10.225.32.50:54102 descr=10054(0x00002746): Удаленный хост принудительно разорвал существующее подключение.  line=1149 file=d:\jenkins\ci_builder2\windowsbuild2\platform\src\rtrsrvc\src\dataexchangeserverimpl.cpp'
24:48.022006-0,EXCPCNTX,0,ClientComputerName=,ServerComputerName=,UserName=,ConnectString=
27:15.556000-0,EXCP,0,process=rphost,OSThread=4324,ClientID=739,Exception=NetDataExchangeException,Descr='server_addr=(2)10.224.32.217:53480 descr=10054(0x00002746): Удаленный хост принудительно разорвал существующее подключение.  line=1149 file=d:\jenkins\ci_builder2\windowsbuild2\platform\src\rtrsrvc\src\dataexchangeserverimpl.cpp'
27:15.556001-0,EXCPCNTX,0,ClientComputerName=,ServerComputerName=,UserName=,ConnectString=
27:15.556003-0,EXCP,0,process=rphost,OSThread=6852,ClientID=737,Exception=NetDataExchangeException,Descr='server_addr=(2)10.224.32.217:53474 descr=10054(0x00002746): Удаленный хост принудительно разорвал существующее подключение.  line=2273 file=d:\jenkins\ci_builder2\windowsbuild2\platform\src\rtrsrvc\src\dataexchangeserverimpl.cpp'
27:15.556004-0,EXCPCNTX,0,ClientComputerName=,ServerComputerName=,UserName=,ConnectString=
29:35.952000-0,EXCP,0,process=rphost,OSThread=8052,ClientID=509,Exception=NetDataExchangeException,Descr='server_addr=(2)10.225.32.46:53902 descr=10054(0x00002746): Удаленный хост принудительно разорвал существующее подключение.  line=2273 file=d:\jenkins\ci_builder2\windowsbuild2\platform\src\rtrsrvc\src\dataexchangeserverimpl.cpp'
29:35.952001-0,EXCPCNTX,0,ClientComputerName=,ServerComputerName=,UserName=,ConnectString=
29:35.968008-0,EXCP,0,process=rphost,OSThread=4764,ClientID=513,Exception=NetDataExchangeException,Descr='server_addr=(2)10.225.32.46:53907 descr=10054(0x00002746): Удаленный хост принудительно разорвал существующее подключение.  line=1149 file=d:\jenkins\ci_builder2\windowsbuild2\platform\src\rtrsrvc\src\dataexchangeserverimpl.cpp'
29:35.968009-0,EXCPCNTX,0,ClientComputerName=,ServerComputerName=,UserName=,ConnectString=
32:54.117015-0,ADMIN,2,process=rphost,p:processName=ServerJobExecutorContext,OSThread=8764,t:clientID=2828,t:applicationName=JobScheduler,t:computerName=DC2BUHAPP11,Func=killClient,ClusterID=8aa94e2b-5d54-4b86-800b-79353ce39638,ConnectionID=7e98babc-91d1-4a97-b862-8bc3d0aa71aa,Mode=0,Ref=bi_bk3wk1_prod_01(bi_bk3wk1_prod_01),Host=DC2BUHAPP11,Connection=11528,Administrator=Unknown,Result=Success
32:54.554015-0,ADMIN,2,process=rphost,p:processName=ServerJobExecutorContext,OSThread=8764,t:clientID=2828,t:applicationName=JobScheduler,t:computerName=DC2BUHAPP11,Func=killClient,ClusterID=8aa94e2b-5d54-4b86-800b-79353ce39638,ConnectionID=8293d2e9-f8f9-41e2-980d-17563139f02f,Mode=0,Ref=bi_bk3wk1_prod_01(bi_bk3wk1_prod_01),Host=DC2BUHAPP11,Connection=11529,Administrator=Unknown,Result=Success
32:55.023007-0,ADMIN,2,process=rphost,p:processName=ServerJobExecutorContext,OSThread=8764,t:clientID=2828,t:applicationName=JobScheduler,t:computerName=DC2BUHAPP11,Func=killClient,ClusterID=8aa94e2b-5d54-4b86-800b-79353ce39638,ConnectionID=da0711e9-9076-4101-9f5c-cb758a04d654,Mode=0,Ref=bi_bk3wk1_prod_01(bi_bk3wk1_prod_01),Host=DC2BUHAPP11,Connection=11530,Administrator=Unknown,Result=Success
32:55.429015-0,ADMIN,2,process=rphost,p:processName=ServerJobExecutorContext,OSThread=8764,t:clientID=2828,t:applicationName=JobScheduler,t:computerName=DC2BUHAPP11,Func=killClient,ClusterID=8aa94e2b-5d54-4b86-800b-79353ce39638,ConnectionID=b5aa7e84-f4e8-44bc-959c-7a8458010cd8,Mode=0,Ref=bi_bk3wk1_prod_01(bi_bk3wk1_prod_01),Host=DC2BUHAPP11,Connection=11531,Administrator=Unknown,Result=Success
32:56.633000-0,EXCP,3,process=rphost,p:processName=bi_bk3wk1_prod_01,OSThread=8640,t:clientID=2831,t:applicationName=BackgroundJob,t:computerName=DC2BUHAPP11,t:connectID=11528,SessionID=12397,Usr=WK1_Кинтонов_Тимур_Муратович,Exception=SeanceContextException,Descr='Сеанс отсутствует или удален
ID=4eee6792-593c-443c-84ec-530bf2a994c5, File=d:\jenkins\ci_builder2\windowsbuild2\platform\src\rserver\src\clusterdistribimpl.cpp(1439)'
32:56.633002-0,EXCP,2,process=rphost,p:processName=bi_bk3wk1_prod_01,OSThread=8640,t:clientID=2831,t:applicationName=BackgroundJob,t:computerName=DC2BUHAPP11,t:connectID=11528,SessionID=12397,Usr=WK1_Кинтонов_Тимур_Муратович,Exception=60c686dc-798f-4d17-aadb-a90156a16eb8,Descr='src\rserver\src\rmngrcalls.cpp(476):
60c686dc-798f-4d17-aadb-a90156a16eb8: Сеанс отсутствует или удален
ID=4eee6792-593c-443c-84ec-530bf2a994c5, File=d:\jenkins\ci_builder2\windowsbuild2\platform\src\rserver\src\clusterdistribimpl.cpp(1439)'
32:56.836000-0,EXCP,2,process=rphost,p:processName=bi_bk3wk1_prod_01,OSThread=8640,t:clientID=2831,t:applicationName=BackgroundJob,t:computerName=DC2BUHAPP11,t:connectID=11528,SessionID=12397,Usr=WK1_Кинтонов_Тимур_Муратович,Exception=SeanceContextException,Descr='Сеанс отсутствует или удален
ID=4eee6792-593c-443c-84ec-530bf2a994c5, File=d:\jenkins\ci_builder2\windowsbuild2\platform\src\rserver\src\rmngrcalls.cpp(364)'
32:56.836002-0,EXCP,2,process=rphost,p:processName=bi_bk3wk1_prod_01,OSThread=8640,t:clientID=2831,t:applicationName=BackgroundJob,t:computerName=DC2BUHAPP11,t:connectID=11528,SessionID=12397,Usr=WK1_Кинтонов_Тимур_Муратович,Exception=60c686dc-798f-4d17-aadb-a90156a16eb8,Descr='src\rserver\src\serverjobexecutor.cpp(1095):
60c686dc-798f-4d17-aadb-a90156a16eb8: Сеанс отсутствует или удален
ID=4eee6792-593c-443c-84ec-530bf2a994c5, File=d:\jenkins\ci_builder2\windowsbuild2\platform\src\rserver\src\rmngrcalls.cpp(364)'
32:56.836017-0,EXCP,3,process=rphost,p:processName=bi_bk3wk1_prod_01,OSThread=8640,t:clientID=2831,t:applicationName=BackgroundJob,t:computerName=DC2BUHAPP11,t:connectID=11528,SessionID=12397,Usr=WK1_Кинтонов_Тимур_Муратович,Exception=SeanceContextException,Descr='Сеанс отсутствует или удален
ID=4eee6792-593c-443c-84ec-530bf2a994c5, File=d:\jenkins\ci_builder2\windowsbuild2\platform\src\rserver\src\clusterdistribimpl.cpp(1439)'
32:56.836019-0,EXCP,2,process=rphost,p:processName=bi_bk3wk1_prod_01,OSThread=8640,t:clientID=2831,t:applicationName=BackgroundJob,t:computerName=DC2BUHAPP11,t:connectID=11528,SessionID=12397,Usr=WK1_Кинтонов_Тимур_Муратович,Exception=60c686dc-798f-4d17-aadb-a90156a16eb8,Descr='src\rserver\src\rmngrcalls.cpp(476):
60c686dc-798f-4d17-aadb-a90156a16eb8: Сеанс отсутствует или удален
ID=4eee6792-593c-443c-84ec-530bf2a994c5, File=d:\jenkins\ci_builder2\windowsbuild2\platform\src\rserver\src\clusterdistribimpl.cpp(1439)'
32:56.976008-0,EXCP,3,process=rphost,p:processName=bi_bk3wk1_prod_01,OSThread=11256,t:clientID=2832,t:applicationName=BackgroundJob,t:computerName=DC2BUHAPP11,t:connectID=11529,SessionID=12398,Usr=WK1_Кинтонов_Тимур_Муратович,Exception=SeanceContextException,Descr='Сеанс отсутствует или удален
ID=86ac76ad-0336-4d35-be7f-d8f5365b4c4d, File=d:\jenkins\ci_builder2\windowsbuild2\platform\src\rserver\src\clusterdistribimpl.cpp(1439)'
32:56.976010-0,EXCP,2,process=rphost,p:processName=bi_bk3wk1_prod_01,OSThread=11256,t:clientID=2832,t:applicationName=BackgroundJob,t:computerName=DC2BUHAPP11,t:connectID=11529,SessionID=12398,Usr=WK1_Кинтонов_Тимур_Муратович,Exception=60c686dc-798f-4d17-aadb-a90156a16eb8,Descr='src\rserver\src\rmngrcalls.cpp(476):
60c686dc-798f-4d17-aadb-a90156a16eb8: Сеанс отсутствует или удален
ID=86ac76ad-0336-4d35-be7f-d8f5365b4c4d, File=d:\jenkins\ci_builder2\windowsbuild2\platform\src\rserver\src\clusterdistribimpl.cpp(1439)'
32:57.039000-0,EXCP,2,process=rphost,p:processName=bi_bk3wk1_prod_01,OSThread=8640,t:clientID=2831,t:applicationName=BackgroundJob,t:computerName=DC2BUHAPP11,t:connectID=11528,SessionID=12397,Usr=WK1_Кинтонов_Тимур_Муратович,Exception=SeanceContextException,Descr='Сеанс отсутствует или удален
ID=4eee6792-593c-443c-84ec-530bf2a994c5, File=d:\jenkins\ci_builder2\windowsbuild2\platform\src\rserver\src\rmngrcalls.cpp(364)'
32:57.179000-0,EXCP,2,process=rphost,p:processName=bi_bk3wk1_prod_01,OSThread=11256,t:clientID=2832,t:applicationName=BackgroundJob,t:computerName=DC2BUHAPP11,t:connectID=11529,SessionID=12398,Usr=WK1_Кинтонов_Тимур_Муратович,Exception=SeanceContextException,Descr='Сеанс отсутствует или удален
ID=86ac76ad-0336-4d35-be7f-d8f5365b4c4d, File=d:\jenkins\ci_builder2\windowsbuild2\platform\src\rserver\src\rmngrcalls.cpp(364)'
32:57.179001-0,EXCP,2,process=rphost,p:processName=bi_bk3wk1_prod_01,OSThread=11256,t:clientID=2832,t:applicationName=BackgroundJob,t:computerName=DC2BUHAPP11,t:connectID=11529,SessionID=12398,Usr=WK1_Кинтонов_Тимур_Муратович,Exception=60c686dc-798f-4d17-aadb-a90156a16eb8,Descr='src\rserver\src\serverjobexecutor.cpp(1095):
60c686dc-798f-4d17-aadb-a90156a16eb8: Сеанс отсутствует или удален
ID=86ac76ad-0336-4d35-be7f-d8f5365b4c4d, File=d:\jenkins\ci_builder2\windowsbuild2\platform\src\rserver\src\rmngrcalls.cpp(364)'
32:57.179003-0,EXCP,3,process=rphost,p:processName=bi_bk3wk1_prod_01,OSThread=11256,t:clientID=2832,t:applicationName=BackgroundJob,t:computerName=DC2BUHAPP11,t:connectID=11529,SessionID=12398,Usr=WK1_Кинтонов_Тимур_Муратович,Exception=SeanceContextException,Descr='Сеанс отсутствует или удален
ID=86ac76ad-0336-4d35-be7f-d8f5365b4c4d, File=d:\jenkins\ci_builder2\windowsbuild2\platform\src\rserver\src\clusterdistribimpl.cpp(1439)'
32:57.179005-0,EXCP,2,process=rphost,p:processName=bi_bk3wk1_prod_01,OSThread=11256,t:clientID=2832,t:applicationName=BackgroundJob,t:computerName=DC2BUHAPP11,t:connectID=11529,SessionID=12398,Usr=WK1_Кинтонов_Тимур_Муратович,Exception=60c686dc-798f-4d17-aadb-a90156a16eb8,Descr='src\rserver\src\rmngrcalls.cpp(476):
60c686dc-798f-4d17-aadb-a90156a16eb8: Сеанс отсутствует или удален
ID=86ac76ad-0336-4d35-be7f-d8f5365b4c4d, File=d:\jenkins\ci_builder2\windowsbuild2\platform\src\rserver\src\clusterdistribimpl.cpp(1439)'
32:57.242006-0,EXCP,2,process=rphost,p:processName=bi_bk3wk1_prod_01,OSThread=11256,t:clientID=2832,t:applicationName=BackgroundJob,t:computerName=DC2BUHAPP11,t:connectID=11529,SessionID=12398,Usr=WK1_Кинтонов_Тимур_Муратович,Exception=SeanceContextException,Descr='Сеанс отсутствует или удален
ID=86ac76ad-0336-4d35-be7f-d8f5365b4c4d, File=d:\jenkins\ci_builder2\windowsbuild2\platform\src\rserver\src\rmngrcalls.cpp(364)'
32:57.601005-0,EXCP,3,process=rphost,p:processName=bi_bk3wk1_prod_01,OSThread=8364,t:clientID=2833,t:applicationName=BackgroundJob,t:computerName=DC2BUHAPP11,t:connectID=11530,SessionID=12399,Usr=WK1_Кинтонов_Тимур_Муратович,Exception=SeanceContextException,Descr='Сеанс отсутствует или удален
ID=8fb5dff5-631a-46ad-89a6-53bfad87364a, File=d:\jenkins\ci_builder2\windowsbuild2\platform\src\rserver\src\clusterdistribimpl.cpp(1439)'
32:57.601007-0,EXCP,2,process=rphost,p:processName=bi_bk3wk1_prod_01,OSThread=8364,t:clientID=2833,t:applicationName=BackgroundJob,t:computerName=DC2BUHAPP11,t:connectID=11530,SessionID=12399,Usr=WK1_Кинтонов_Тимур_Муратович,Exception=60c686dc-798f-4d17-aadb-a90156a16eb8,Descr='src\rserver\src\rmngrcalls.cpp(476):
60c686dc-798f-4d17-aadb-a90156a16eb8: Сеанс отсутствует или удален
ID=8fb5dff5-631a-46ad-89a6-53bfad87364a, File=d:\jenkins\ci_builder2\windowsbuild2\platform\src\rserver\src\clusterdistribimpl.cpp(1439)'
32:57.804000-0,EXCP,2,process=rphost,p:processName=bi_bk3wk1_prod_01,OSThread=8364,t:clientID=2833,t:applicationName=BackgroundJob,t:computerName=DC2BUHAPP11,t:connectID=11530,SessionID=12399,Usr=WK1_Кинтонов_Тимур_Муратович,Exception=SeanceContextException,Descr='Сеанс отсутствует или удален
ID=8fb5dff5-631a-46ad-89a6-53bfad87364a, File=d:\jenkins\ci_builder2\windowsbuild2\platform\src\rserver\src\rmngrcalls.cpp(364)'
32:57.804001-0,EXCP,2,process=rphost,p:processName=bi_bk3wk1_prod_01,OSThread=8364,t:clientID=2833,t:applicationName=BackgroundJob,t:computerName=DC2BUHAPP11,t:connectID=11530,SessionID=12399,Usr=WK1_Кинтонов_Тимур_Муратович,Exception=60c686dc-798f-4d17-aadb-a90156a16eb8,Descr='src\rserver\src\serverjobexecutor.cpp(1095):
60c686dc-798f-4d17-aadb-a90156a16eb8: Сеанс отсутствует или удален
ID=8fb5dff5-631a-46ad-89a6-53bfad87364a, File=d:\jenkins\ci_builder2\windowsbuild2\platform\src\rserver\src\rmngrcalls.cpp(364)'
32:57.804003-0,EXCP,3,process=rphost,p:processName=bi_bk3wk1_prod_01,OSThread=8364,t:clientID=2833,t:applicationName=BackgroundJob,t:computerName=DC2BUHAPP11,t:connectID=11530,SessionID=12399,Usr=WK1_Кинтонов_Тимур_Муратович,Exception=SeanceContextException,Descr='Сеанс отсутствует или удален
ID=8fb5dff5-631a-46ad-89a6-53bfad87364a, File=d:\jenkins\ci_builder2\windowsbuild2\platform\src\rserver\src\clusterdistribimpl.cpp(1439)'
32:57.804005-0,EXCP,2,process=rphost,p:processName=bi_bk3wk1_prod_01,OSThread=8364,t:clientID=2833,t:applicationName=BackgroundJob,t:computerName=DC2BUHAPP11,t:connectID=11530,SessionID=12399,Usr=WK1_Кинтонов_Тимур_Муратович,Exception=60c686dc-798f-4d17-aadb-a90156a16eb8,Descr='src\rserver\src\rmngrcalls.cpp(476):
60c686dc-798f-4d17-aadb-a90156a16eb8: Сеанс отсутствует или удален
ID=8fb5dff5-631a-46ad-89a6-53bfad87364a, File=d:\jenkins\ci_builder2\windowsbuild2\platform\src\rserver\src\clusterdistribimpl.cpp(1439)'
32:58.008000-0,EXCP,2,process=rphost,p:processName=bi_bk3wk1_prod_01,OSThread=8364,t:clientID=2833,t:applicationName=BackgroundJob,t:computerName=DC2BUHAPP11,t:connectID=11530,SessionID=12399,Usr=WK1_Кинтонов_Тимур_Муратович,Exception=SeanceContextException,Descr='Сеанс отсутствует или удален
ID=8fb5dff5-631a-46ad-89a6-53bfad87364a, File=d:\jenkins\ci_builder2\windowsbuild2\platform\src\rserver\src\rmngrcalls.cpp(364)'
32:58.023000-0,EXCP,3,process=rphost,p:processName=bi_bk3wk1_prod_01,OSThread=6412,t:clientID=2834,t:applicationName=BackgroundJob,t:computerName=DC2BUHAPP11,t:connectID=11531,SessionID=12400,Usr=WK1_Кинтонов_Тимур_Муратович,Exception=SeanceContextException,Descr='Сеанс отсутствует или удален
ID=cf899633-1ff3-468e-93c1-91d7347e9270, File=d:\jenkins\ci_builder2\windowsbuild2\platform\src\rserver\src\clusterdistribimpl.cpp(1439)'
32:58.023002-0,EXCP,2,process=rphost,p:processName=bi_bk3wk1_prod_01,OSThread=6412,t:clientID=2834,t:applicationName=BackgroundJob,t:computerName=DC2BUHAPP11,t:connectID=11531,SessionID=12400,Usr=WK1_Кинтонов_Тимур_Муратович,Exception=60c686dc-798f-4d17-aadb-a90156a16eb8,Descr='src\rserver\src\rmngrcalls.cpp(476):
60c686dc-798f-4d17-aadb-a90156a16eb8: Сеанс отсутствует или удален
ID=cf899633-1ff3-468e-93c1-91d7347e9270, File=d:\jenkins\ci_builder2\windowsbuild2\platform\src\rserver\src\clusterdistribimpl.cpp(1439)'
32:58.226000-0,EXCP,2,process=rphost,p:processName=bi_bk3wk1_prod_01,OSThread=6412,t:clientID=2834,t:applicationName=BackgroundJob,t:computerName=DC2BUHAPP11,t:connectID=11531,SessionID=12400,Usr=WK1_Кинтонов_Тимур_Муратович,Exception=SeanceContextException,Descr='Сеанс отсутствует или удален
ID=cf899633-1ff3-468e-93c1-91d7347e9270, File=d:\jenkins\ci_builder2\windowsbuild2\platform\src\rserver\src\rmngrcalls.cpp(364)'
32:58.226001-0,EXCP,2,process=rphost,p:processName=bi_bk3wk1_prod_01,OSThread=6412,t:clientID=2834,t:applicationName=BackgroundJob,t:computerName=DC2BUHAPP11,t:connectID=11531,SessionID=12400,Usr=WK1_Кинтонов_Тимур_Муратович,Exception=60c686dc-798f-4d17-aadb-a90156a16eb8,Descr='src\rserver\src\serverjobexecutor.cpp(1095):
60c686dc-798f-4d17-aadb-a90156a16eb8: Сеанс отсутствует или удален
ID=cf899633-1ff3-468e-93c1-91d7347e9270, File=d:\jenkins\ci_builder2\windowsbuild2\platform\src\rserver\src\rmngrcalls.cpp(364)'
32:58.226003-0,EXCP,3,process=rphost,p:processName=bi_bk3wk1_prod_01,OSThread=6412,t:clientID=2834,t:applicationName=BackgroundJob,t:computerName=DC2BUHAPP11,t:connectID=11531,SessionID=12400,Usr=WK1_Кинтонов_Тимур_Муратович,Exception=SeanceContextException,Descr='Сеанс отсутствует или удален
ID=cf899633-1ff3-468e-93c1-91d7347e9270, File=d:\jenkins\ci_builder2\windowsbuild2\platform\src\rserver\src\clusterdistribimpl.cpp(1439)'
32:58.226005-0,EXCP,2,process=rphost,p:processName=bi_bk3wk1_prod_01,OSThread=6412,t:clientID=2834,t:applicationName=BackgroundJob,t:computerName=DC2BUHAPP11,t:connectID=11531,SessionID=12400,Usr=WK1_Кинтонов_Тимур_Муратович,Exception=60c686dc-798f-4d17-aadb-a90156a16eb8,Descr='src\rserver\src\rmngrcalls.cpp(476):
60c686dc-798f-4d17-aadb-a90156a16eb8: Сеанс отсутствует или удален
ID=cf899633-1ff3-468e-93c1-91d7347e9270, File=d:\jenkins\ci_builder2\windowsbuild2\platform\src\rserver\src\clusterdistribimpl.cpp(1439)'
32:58.258006-0,EXCP,2,process=rphost,p:processName=bi_bk3wk1_prod_01,OSThread=6412,t:clientID=2834,t:applicationName=BackgroundJob,t:computerName=DC2BUHAPP11,t:connectID=11531,SessionID=12400,Usr=WK1_Кинтонов_Тимур_Муратович,Exception=SeanceContextException,Descr='Сеанс отсутствует или удален
ID=cf899633-1ff3-468e-93c1-91d7347e9270, File=d:\jenkins\ci_builder2\windowsbuild2\platform\src\rserver\src\rmngrcalls.cpp(364)'
40:09.322013-0,ADMIN,2,process=rphost,p:processName=bi_bk3wk1_prod_01,OSThread=8764,t:clientID=2838,t:applicationName=JobScheduler,t:computerName=DC2BUHAPP11,Func=killClient,ClusterID=8aa94e2b-5d54-4b86-800b-79353ce39638,ConnectionID=5f10be64-fb31-47fa-ae58-70fe4128c543,Mode=1,Ref=bi_bk3wk1_prod_01(bi_bk3wk1_prod_01),Host=DC1RDSH02,Connection=2970,Administrator=Unknown,Result=Success
40:09.322028-0,ADMIN,2,process=rphost,p:processName=bi_bk3wk1_prod_01,OSThread=8764,t:clientID=2838,t:applicationName=JobScheduler,t:computerName=DC2BUHAPP11,Func=killClient,ClusterID=8aa94e2b-5d54-4b86-800b-79353ce39638,ConnectionID=4b55cde4-1318-47ee-b4b8-2fc676b7ae54,Mode=1,Ref=bi_bk3wk1_prod_01(bi_bk3wk1_prod_01),Host=DC2RDSH29,Connection=3056,Administrator=Unknown,Result=Success
40:09.322046-0,ADMIN,2,process=rphost,p:processName=bi_bk3wk1_prod_01,OSThread=8764,t:clientID=2838,t:applicationName=JobScheduler,t:computerName=DC2BUHAPP11,Func=killClient,ClusterID=8aa94e2b-5d54-4b86-800b-79353ce39638,ConnectionID=35c54361-177c-4755-8fb2-ed627b136624,Mode=1,Ref=bi_bk3wk1_prod_01(bi_bk3wk1_prod_01),Host=DC2RDSH07,Connection=3136,Administrator=Unknown,Result=Success
40:09.338008-0,ADMIN,2,process=rphost,p:processName=bi_bk3wk1_prod_01,OSThread=8764,t:clientID=2838,t:applicationName=JobScheduler,t:computerName=DC2BUHAPP11,Func=killClient,ClusterID=8aa94e2b-5d54-4b86-800b-79353ce39638,ConnectionID=bd833e78-a446-43a5-80f0-42f06c53efbc,Mode=1,Ref=bi_bk3wk1_prod_01(bi_bk3wk1_prod_01),Host=DC3RDSH11,Connection=3210,Administrator=Unknown,Result=Success
40:09.338026-0,ADMIN,2,process=rphost,p:processName=bi_bk3wk1_prod_01,OSThread=8764,t:clientID=2838,t:applicationName=JobScheduler,t:computerName=DC2BUHAPP11,Func=killClient,ClusterID=8aa94e2b-5d54-4b86-800b-79353ce39638,ConnectionID=bec2b0ee-f37b-4f47-8a3c-460a60a70d6e,Mode=1,Ref=bi_bk3wk1_prod_01(bi_bk3wk1_prod_01),Host=DC2RDSH23,Connection=3226,Administrator=Unknown,Result=Success
40:09.338044-0,ADMIN,2,process=rphost,p:processName=bi_bk3wk1_prod_01,OSThread=8764,t:clientID=2838,t:applicationName=JobScheduler,t:computerName=DC2BUHAPP11,Func=killClient,ClusterID=8aa94e2b-5d54-4b86-800b-79353ce39638,ConnectionID=0468ff50-32a1-4a23-b7e0-639f73f5b459,Mode=1,Ref=bi_bk3wk1_prod_01(bi_bk3wk1_prod_01),Host=DC2RDSH06,Connection=3261,Administrator=Unknown,Result=Success
40:09.338062-0,ADMIN,2,process=rphost,p:processName=bi_bk3wk1_prod_01,OSThread=8764,t:clientID=2838,t:applicationName=JobScheduler,t:computerName=DC2BUHAPP11,Func=killClient,ClusterID=8aa94e2b-5d54-4b86-800b-79353ce39638,ConnectionID=06c2a537-a86b-4590-8abd-3cc43c9e6985,Mode=1,Ref=bi_bk3wk1_prod_01(bi_bk3wk1_prod_01),Host=DC2RDSH05,Connection=3371,Administrator=Unknown,Result=Success
40:09.354005-0,ADMIN,2,process=rphost,p:processName=bi_bk3wk1_prod_01,OSThread=8764,t:clientID=2838,t:applicationName=JobScheduler,t:computerName=DC2BUHAPP11,Func=killClient,ClusterID=8aa94e2b-5d54-4b86-800b-79353ce39638,ConnectionID=a83ed47a-6545-45f5-a95d-2bca55d2a3be,Mode=1,Ref=bi_bk3wk1_prod_01(bi_bk3wk1_prod_01),Host=DC3RDSH11,Connection=3439,Administrator=Unknown,Result=Success
40:09.354023-0,ADMIN,2,process=rphost,p:processName=bi_bk3wk1_prod_01,OSThread=8764,t:clientID=2838,t:applicationName=JobScheduler,t:computerName=DC2BUHAPP11,Func=killClient,ClusterID=8aa94e2b-5d54-4b86-800b-79353ce39638,ConnectionID=3552a164-8f2d-496a-a9d6-ddabee4493e2,Mode=1,Ref=bi_bk3wk1_prod_01(bi_bk3wk1_prod_01),Host=DC1RDSH19,Connection=3467,Administrator=Unknown,Result=Success
40:09.354041-0,ADMIN,2,process=rphost,p:processName=bi_bk3wk1_prod_01,OSThread=8764,t:clientID=2838,t:applicationName=JobScheduler,t:computerName=DC2BUHAPP11,Func=killClient,ClusterID=8aa94e2b-5d54-4b86-800b-79353ce39638,ConnectionID=2ab58a47-ac1a-4f9e-9e3c-73ea9a9ea4ce,Mode=1,Ref=bi_bk3wk1_prod_01(bi_bk3wk1_prod_01),Host=DC3RDSH13,Connection=3539,Administrator=Unknown,Result=Success
40:09.354059-0,ADMIN,2,process=rphost,p:processName=bi_bk3wk1_prod_01,OSThread=8764,t:clientID=2838,t:applicationName=JobScheduler,t:computerName=DC2BUHAPP11,Func=killClient,ClusterID=8aa94e2b-5d54-4b86-800b-79353ce39638,ConnectionID=7702d9ab-33f3-4af5-a7d5-e833851863e3,Mode=1,Ref=bi_bk3wk1_prod_01(bi_bk3wk1_prod_01),Host=DC2RDSH01,Connection=5223,Administrator=Unknown,Result=Success
40:09.369008-0,ADMIN,2,process=rphost,p:processName=bi_bk3wk1_prod_01,OSThread=8764,t:clientID=2838,t:applicationName=JobScheduler,t:computerName=DC2BUHAPP11,Func=killClient,ClusterID=8aa94e2b-5d54-4b86-800b-79353ce39638,ConnectionID=185fdd38-faa9-4902-8b26-82be2dba2b56,Mode=1,Ref=bi_bk3wk1_prod_01(bi_bk3wk1_prod_01),Host=DC2RDSH05,Connection=7749,Administrator=Unknown,Result=Success
40:09.369026-0,ADMIN,2,process=rphost,p:processName=bi_bk3wk1_prod_01,OSThread=8764,t:clientID=2838,t:applicationName=JobScheduler,t:computerName=DC2BUHAPP11,Func=killClient,ClusterID=8aa94e2b-5d54-4b86-800b-79353ce39638,ConnectionID=e5a8aafa-8cda-4355-8465-c203fd2c2c8c,Mode=1,Ref=bi_bk3wk1_prod_01(bi_bk3wk1_prod_01),Host=DC2RDSH01,Connection=8461,Administrator=Unknown,Result=Success
40:09.369044-0,ADMIN,2,process=rphost,p:processName=bi_bk3wk1_prod_01,OSThread=8764,t:clientID=2838,t:applicationName=JobScheduler,t:computerName=DC2BUHAPP11,Func=killClient,ClusterID=8aa94e2b-5d54-4b86-800b-79353ce39638,ConnectionID=728d9fec-783f-42c9-bd11-fcf1f5740c8e,Mode=1,Ref=bi_bk3wk1_prod_01(bi_bk3wk1_prod_01),Host=DC3RDSH10,Connection=9583,Administrator=Unknown,Result=Success
40:09.713005-0,EXCP,2,process=rphost,OSThread=196,t:clientID=1973,Exception=dd149677-3d47-4e05-a55f-4e75b13a441f,Descr='src\rtrsrvc\src\remoteinterfaceimpl.cpp(2069):
dd149677-3d47-4e05-a55f-4e75b13a441f: Сеанс работы завершен администратором.'
40:09.713006-5,CALL,1,process=rphost,OSThread=196,t:clientID=1973,Interface=bc15bd01-10bf-413c-a856-ddc907fcd123,IName=IVResourceRemoteConnection,Method=0,CallID=31672,MName=send,RetExcp=Сеанс работы завершен администратором.,Memory=13537,MemoryPeak=13537,InBytes=0,OutBytes=0,CpuTime=0
40:10.197003-0,EXCP,2,process=rphost,OSThread=196,t:clientID=606,Exception=dd149677-3d47-4e05-a55f-4e75b13a441f,Descr='src\rtrsrvc\src\remoteinterfaceimpl.cpp(2069):
dd149677-3d47-4e05-a55f-4e75b13a441f: Сеанс работы завершен администратором.'
40:10.197004-3,CALL,1,process=rphost,OSThread=196,t:clientID=606,Interface=bc15bd01-10bf-413c-a856-ddc907fcd123,IName=IVResourceRemoteConnection,Method=0,CallID=7942,MName=send,RetExcp=Сеанс работы завершен администратором.,Memory=13446,MemoryPeak=13446,InBytes=0,OutBytes=0,CpuTime=0
40:10.604012-0,EXCP,0,process=rphost,OSThread=6712,ClientID=1973,Exception=NetDataExchangeException,Descr='server_addr=(2)10.224.32.233:63518 descr=2(0x00000002): Не удается найти указанный файл.  line=1149 file=d:\jenkins\ci_builder2\windowsbuild2\platform\src\rtrsrvc\src\dataexchangeserverimpl.cpp'
40:10.604013-0,EXCPCNTX,0,ClientComputerName=,ServerComputerName=,UserName=,ConnectString=
40:10.604015-0,EXCP,0,process=rphost,OSThread=4456,ClientID=606,Exception=NetDataExchangeException,Descr='server_addr=(2)10.3.172.24:53611 descr=2(0x00000002): Не удается найти указанный файл.  line=1149 file=d:\jenkins\ci_builder2\windowsbuild2\platform\src\rtrsrvc\src\dataexchangeserverimpl.cpp'
40:10.604016-0,EXCPCNTX,0,ClientComputerName=,ServerComputerName=,UserName=,ConnectString=
40:10.604028-0,EXCP,0,process=rphost,OSThread=4456,ClientID=1975,Exception=NetDataExchangeException,Descr='server_addr=(2)10.224.32.233:63523 descr=2(0x00000002): Не удается найти указанный файл.  line=1149 file=d:\jenkins\ci_builder2\windowsbuild2\platform\src\rtrsrvc\src\dataexchangeserverimpl.cpp'
40:10.604029-0,EXCPCNTX,0,ClientComputerName=,ServerComputerName=,UserName=,ConnectString=
40:11.791015-0,EXCP,2,process=rphost,OSThread=196,t:clientID=270,Exception=dd149677-3d47-4e05-a55f-4e75b13a441f,Descr='src\rtrsrvc\src\remoteinterfaceimpl.cpp(2069):
dd149677-3d47-4e05-a55f-4e75b13a441f: Сеанс работы завершен администратором.'
40:11.791016-3,CALL,1,process=rphost,OSThread=196,t:clientID=270,Interface=bc15bd01-10bf-413c-a856-ddc907fcd123,IName=IVResourceRemoteConnection,Method=0,CallID=19172,MName=send,RetExcp=Сеанс работы завершен администратором.,Memory=13508,MemoryPeak=13508,InBytes=0,OutBytes=0,CpuTime=0
40:12.057012-0,EXCP,0,process=rphost,OSThread=7308,ClientID=270,Exception=NetDataExchangeException,Descr='server_addr=(2)10.224.32.248:53211 descr=2(0x00000002): Не удается найти указанный файл.  line=1149 file=d:\jenkins\ci_builder2\windowsbuild2\platform\src\rtrsrvc\src\dataexchangeserverimpl.cpp'
40:12.057013-0,EXCPCNTX,0,ClientComputerName=,ServerComputerName=,UserName=,ConnectString=
40:12.807023-0,EXCP,2,process=rphost,OSThread=196,t:clientID=2184,Exception=dd149677-3d47-4e05-a55f-4e75b13a441f,Descr='src\rtrsrvc\src\remoteinterfaceimpl.cpp(2069):
dd149677-3d47-4e05-a55f-4e75b13a441f: Сеанс работы завершен администратором.'
40:12.807024-3,CALL,1,process=rphost,OSThread=196,t:clientID=2184,Interface=bc15bd01-10bf-413c-a856-ddc907fcd123,IName=IVResourceRemoteConnection,Method=0,CallID=20720,MName=send,RetExcp=Сеанс работы завершен администратором.,Memory=13567,MemoryPeak=13567,InBytes=0,OutBytes=0,CpuTime=0
40:12.994024-0,EXCP,0,process=rphost,OSThread=4760,ClientID=2184,Exception=NetDataExchangeException,Descr='server_addr=(2)10.224.32.249:57941 descr=2(0x00000002): Не удается найти указанный файл.  line=1149 file=d:\jenkins\ci_builder2\windowsbuild2\platform\src\rtrsrvc\src\dataexchangeserverimpl.cpp'
40:12.994025-0,EXCPCNTX,0,ClientComputerName=,ServerComputerName=,UserName=,ConnectString=
40:09.369062-0,ADMIN,2,process=rphost,p:processName=bi_bk3wk1_prod_01,OSThread=8764,t:clientID=2838,t:applicationName=JobScheduler,t:computerName=DC2BUHAPP11,Func=killClient,ClusterID=8aa94e2b-5d54-4b86-800b-79353ce39638,ConnectionID=9072272c-f90d-482a-a7d2-4e61160ea1c4,Mode=1,Ref=bi_bk3wk1_prod_01(bi_bk3wk1_prod_01),Host=DC2RDSH17,Connection=10062,Administrator=Unknown,Result=Success
40:15.619005-0,EXCP,2,process=rphost,p:processName=bi_bk3wk1_prod_01,p:processName=bi_bk3wk1_prod_0185fe904c-1a71-4c48-a491-ce257f057d7c,OSThread=8640,t:clientID=2539,t:applicationName=1CV8C,t:computerName=DC2RDSH17,t:connectID=10062,Exception=dd149677-3d47-4e05-a55f-4e75b13a441f,Descr='src\rtrsrvc\src\remoteinterfaceimpl.cpp(2069):
dd149677-3d47-4e05-a55f-4e75b13a441f: Сеанс работы завершен администратором.'
40:15.619006-3,CALL,1,process=rphost,p:processName=bi_bk3wk1_prod_01,p:processName=bi_bk3wk1_prod_0185fe904c-1a71-4c48-a491-ce257f057d7c,OSThread=8640,t:clientID=2539,t:applicationName=1CV8C,t:computerName=DC2RDSH17,t:connectID=10062,Interface=bc15bd01-10bf-413c-a856-ddc907fcd123,IName=IVResourceRemoteConnection,Method=0,CallID=30101,MName=send,RetExcp=Сеанс работы завершен администратором.,Memory=6083,MemoryPeak=7845,InBytes=0,OutBytes=0,CpuTime=0
40:19.901011-0,EXCP,2,process=rphost,OSThread=196,t:clientID=428,Exception=dd149677-3d47-4e05-a55f-4e75b13a441f,Descr='src\rtrsrvc\src\remoteinterfaceimpl.cpp(2069):
dd149677-3d47-4e05-a55f-4e75b13a441f: Сеанс работы завершен администратором.'
40:19.901012-3,CALL,1,process=rphost,OSThread=196,t:clientID=428,Interface=bc15bd01-10bf-413c-a856-ddc907fcd123,IName=IVResourceRemoteConnection,Method=0,CallID=31743,MName=send,RetExcp=Сеанс работы завершен администратором.,Memory=13582,MemoryPeak=13582,InBytes=0,OutBytes=0,CpuTime=0
40:20.057017-0,EXCP,0,process=rphost,OSThread=6712,ClientID=428,Exception=NetDataExchangeException,Descr='server_addr=(2)10.224.32.44:53300 descr=2(0x00000002): Не удается найти указанный файл.  line=1149 file=d:\jenkins\ci_builder2\windowsbuild2\platform\src\rtrsrvc\src\dataexchangeserverimpl.cpp'
40:20.057018-0,EXCPCNTX,0,ClientComputerName=,ServerComputerName=,UserName=,ConnectString=
40:22.947002-0,EXCP,2,process=rphost,OSThread=196,t:clientID=634,Exception=dd149677-3d47-4e05-a55f-4e75b13a441f,Descr='src\rtrsrvc\src\remoteinterfaceimpl.cpp(2069):
dd149677-3d47-4e05-a55f-4e75b13a441f: Сеанс работы завершен администратором.'
40:22.947004-3,CALL,1,process=rphost,OSThread=196,t:clientID=634,Interface=bc15bd01-10bf-413c-a856-ddc907fcd123,IName=IVResourceRemoteConnection,Method=0,CallID=14534,MName=send,RetExcp=Сеанс работы завершен администратором.,Memory=13632,MemoryPeak=13632,InBytes=0,OutBytes=0,CpuTime=0
40:23.166007-0,EXCP,0,process=rphost,OSThread=5080,ClientID=634,Exception=NetDataExchangeException,Descr='server_addr=(2)10.225.32.57:55686 descr=2(0x00000002): Не удается найти указанный файл.  line=1149 file=d:\jenkins\ci_builder2\windowsbuild2\platform\src\rtrsrvc\src\dataexchangeserverimpl.cpp'
40:23.166008-0,EXCPCNTX,0,ClientComputerName=,ServerComputerName=,UserName=,ConnectString=
40:24.151004-0,EXCP,2,process=rphost,OSThread=8764,t:clientID=89,Exception=dd149677-3d47-4e05-a55f-4e75b13a441f,Descr='src\rtrsrvc\src\remoteinterfaceimpl.cpp(2069):
dd149677-3d47-4e05-a55f-4e75b13a441f: Сеанс работы завершен администратором.'
40:24.151005-3,CALL,1,process=rphost,OSThread=8764,t:clientID=89,Interface=bc15bd01-10bf-413c-a856-ddc907fcd123,IName=IVResourceRemoteConnection,Method=0,CallID=21868,MName=send,RetExcp=Сеанс работы завершен администратором.,Memory=13680,MemoryPeak=13680,InBytes=0,OutBytes=0,CpuTime=0
40:24.432007-0,EXCP,0,process=rphost,OSThread=3764,ClientID=89,Exception=NetDataExchangeException,Descr='server_addr=(2)10.225.32.125:53194 descr=2(0x00000002): Не удается найти указанный файл.  line=1149 file=d:\jenkins\ci_builder2\windowsbuild2\platform\src\rtrsrvc\src\dataexchangeserverimpl.cpp'
40:24.432008-0,EXCPCNTX,0,ClientComputerName=,ServerComputerName=,UserName=,ConnectString=
40:27.447020-0,EXCP,2,process=rphost,OSThread=196,t:clientID=714,Exception=dd149677-3d47-4e05-a55f-4e75b13a441f,Descr='src\rtrsrvc\src\remoteinterfaceimpl.cpp(2069):
dd149677-3d47-4e05-a55f-4e75b13a441f: Сеанс работы завершен администратором.'
40:27.447021-3,CALL,1,process=rphost,OSThread=196,t:clientID=714,Interface=bc15bd01-10bf-413c-a856-ddc907fcd123,IName=IVResourceRemoteConnection,Method=0,CallID=33864,MName=send,RetExcp=Сеанс работы завершен администратором.,Memory=13713,MemoryPeak=13713,InBytes=0,OutBytes=0,CpuTime=0
40:27.635024-0,EXCP,0,process=rphost,OSThread=6712,ClientID=714,Exception=NetDataExchangeException,Descr='server_addr=(2)10.3.172.26:54563 descr=2(0x00000002): Не удается найти указанный файл.  line=1149 file=d:\jenkins\ci_builder2\windowsbuild2\platform\src\rtrsrvc\src\dataexchangeserverimpl.cpp'
40:27.635025-0,EXCPCNTX,0,ClientComputerName=,ServerComputerName=,UserName=,ConnectString=
40:27.651000-0,EXCP,2,process=rphost,p:processName=bi_bk3wk1_prod_01,OSThread=5816,t:clientID=2852,t:applicationName=1CV8C,t:computerName=DC3RDSH13,t:connectID=11586,Exception=580392e6-ba49-4280-ac67-fcd6f2180121,Descr='src\vrsbase\src\vresourceinfobaseimpl.cpp(1011):
580392e6-ba49-4280-ac67-fcd6f2180121: HTTP: Forbidden
Ошибка при выполнении запроса POST к ресурсу /e1cib/modules/call:
a01f465c-ed70-442e-ada5-847668d7a41c: Начало сеанса с информационной базой запрещено.'
40:31.151006-0,EXCP,0,process=rphost,OSThread=6712,ClientID=608,Exception=NetDataExchangeException,Descr='server_addr=(2)10.3.172.24:53618 descr=2(0x00000002): Не удается найти указанный файл.  line=1149 file=d:\jenkins\ci_builder2\windowsbuild2\platform\src\rtrsrvc\src\dataexchangeserverimpl.cpp'
40:31.151007-0,EXCPCNTX,0,ClientComputerName=,ServerComputerName=,UserName=,ConnectString=
40:33.776003-0,EXCP,2,process=rphost,OSThread=8764,t:clientID=384,Exception=dd149677-3d47-4e05-a55f-4e75b13a441f,Descr='src\rtrsrvc\src\remoteinterfaceimpl.cpp(2069):
dd149677-3d47-4e05-a55f-4e75b13a441f: Сеанс работы завершен администратором.'
40:33.776004-3,CALL,1,process=rphost,OSThread=8764,t:clientID=384,Interface=bc15bd01-10bf-413c-a856-ddc907fcd123,IName=IVResourceRemoteConnection,Method=0,CallID=33082,MName=send,RetExcp=Сеанс работы завершен администратором.,Memory=13734,MemoryPeak=13734,InBytes=0,OutBytes=0,CpuTime=0
40:34.119011-0,EXCP,0,process=rphost,OSThread=7308,ClientID=384,Exception=NetDataExchangeException,Descr='server_addr=(2)10.224.32.209:50246 descr=2(0x00000002): Не удается найти указанный файл.  line=1149 file=d:\jenkins\ci_builder2\windowsbuild2\platform\src\rtrsrvc\src\dataexchangeserverimpl.cpp'
40:34.119012-0,EXCPCNTX,0,ClientComputerName=,ServerComputerName=,UserName=,ConnectString=
40:34.119024-0,EXCP,2,process=rphost,p:processName=bi_bk3wk1_prod_01,OSThread=6852,t:clientID=2853,t:applicationName=1CV8C,t:computerName=DC2RDSH23,Exception=SeanceContextException,Descr='Сеанс отсутствует или удален
ID=a2385689-0513-4274-9156-f55f316441ae, File=d:\jenkins\ci_builder2\windowsbuild2\platform\src\rserver\src\clusterdistribimpl.cpp(1439)'
40:34.119025-0,EXCP,2,process=rphost,p:processName=bi_bk3wk1_prod_01,OSThread=6852,t:clientID=2853,t:applicationName=1CV8C,t:computerName=DC2RDSH23,Exception=580392e6-ba49-4280-ac67-fcd6f2180121,Descr='src\vrsbase\src\vresourceinfobaseimpl.cpp(1058):
580392e6-ba49-4280-ac67-fcd6f2180121: Ошибка работы сеанса
Ошибка при выполнении запроса POST к ресурсу /e1cib/modules/call:
60c686dc-798f-4d17-aadb-a90156a16eb8: Сеанс отсутствует или удален
ID=a2385689-0513-4274-9156-f55f316441ae, File=d:\jenkins\ci_builder2\windowsbuild2\platform\src\rserver\src\clusterdistribimpl.cpp(1439)'
40:35.011009-0,EXCP,3,process=rphost,p:processName=bi_bk3wk1_prod_01,OSThread=7528,t:clientID=2850,t:applicationName=1CV8C,t:computerName=DC1RDSH19,t:connectID=11578,Exception=SeanceContextException,Descr='Сеанс отсутствует или удален
ID=9304854b-4b80-4e5a-ac8e-042ac65b3a72, File=d:\jenkins\ci_builder2\windowsbuild2\platform\src\rserver\src\clusterdistribimpl.cpp(1439)'
40:35.011011-0,EXCP,2,process=rphost,p:processName=bi_bk3wk1_prod_01,OSThread=7528,t:clientID=2850,t:applicationName=1CV8C,t:computerName=DC1RDSH19,t:connectID=11578,Exception=60c686dc-798f-4d17-aadb-a90156a16eb8,Descr='src\rserver\src\rmngrcalls.cpp(476):
60c686dc-798f-4d17-aadb-a90156a16eb8: Сеанс отсутствует или удален
ID=9304854b-4b80-4e5a-ac8e-042ac65b3a72, File=d:\jenkins\ci_builder2\windowsbuild2\platform\src\rserver\src\clusterdistribimpl.cpp(1439)'
40:35.183006-0,EXCP,2,process=rphost,p:processName=bi_bk3wk1_prod_01,OSThread=7528,t:clientID=2850,t:applicationName=1CV8C,t:computerName=DC1RDSH19,t:connectID=11578,Exception=SeanceContextException,Descr='Сеанс отсутствует или удален
ID=9304854b-4b80-4e5a-ac8e-042ac65b3a72, File=d:\jenkins\ci_builder2\windowsbuild2\platform\src\rserver\src\rmngrcalls.cpp(364)'
40:35.183007-0,EXCP,2,process=rphost,p:processName=bi_bk3wk1_prod_01,OSThread=7528,t:clientID=2850,t:applicationName=1CV8C,t:computerName=DC1RDSH19,t:connectID=11578,Exception=580392e6-ba49-4280-ac67-fcd6f2180121,Descr='src\vrsbase\src\vresourceinfobaseimpl.cpp(1058):
580392e6-ba49-4280-ac67-fcd6f2180121: Ошибка работы сеанса
Ошибка при выполнении запроса POST к ресурсу /e1cib/modules/call:
60c686dc-798f-4d17-aadb-a90156a16eb8: Сеанс отсутствует или удален
ID=9304854b-4b80-4e5a-ac8e-042ac65b3a72, File=d:\jenkins\ci_builder2\windowsbuild2\platform\src\rserver\src\rmngrcalls.cpp(364)'
40:36.495002-0,EXCP,2,process=rphost,OSThread=196,t:clientID=359,Exception=dd149677-3d47-4e05-a55f-4e75b13a441f,Descr='src\rtrsrvc\src\remoteinterfaceimpl.cpp(2069):
dd149677-3d47-4e05-a55f-4e75b13a441f: Сеанс работы завершен администратором.'
40:36.495004-3,CALL,1,process=rphost,OSThread=196,t:clientID=359,Interface=bc15bd01-10bf-413c-a856-ddc907fcd123,IName=IVResourceRemoteConnection,Method=0,CallID=23558,MName=send,RetExcp=Сеанс работы завершен администратором.,Memory=13774,MemoryPeak=13774,InBytes=0,OutBytes=0,CpuTime=0
40:36.792003-0,EXCP,0,process=rphost,OSThread=6112,ClientID=359,Exception=NetDataExchangeException,Descr='server_addr=(2)10.3.172.24:52946 descr=2(0x00000002): Не удается найти указанный файл.  line=1149 file=d:\jenkins\ci_builder2\windowsbuild2\platform\src\rtrsrvc\src\dataexchangeserverimpl.cpp'
40:36.792004-0,EXCPCNTX,0,ClientComputerName=,ServerComputerName=,UserName=,ConnectString=
40:36.792015-0,EXCP,2,process=rphost,p:processName=bi_bk3wk1_prod_01,OSThread=8640,t:clientID=2854,t:applicationName=1CV8C,t:computerName=DC3RDSH11,Exception=SeanceContextException,Descr='Сеанс отсутствует или удален
ID=34362e04-fe5b-4cdc-93de-43c142936e92, File=d:\jenkins\ci_builder2\windowsbuild2\platform\src\rserver\src\clusterdistribimpl.cpp(1439)'
40:36.792017-0,EXCP,2,process=rphost,p:processName=bi_bk3wk1_prod_01,OSThread=8640,t:clientID=2854,t:applicationName=1CV8C,t:computerName=DC3RDSH11,Exception=580392e6-ba49-4280-ac67-fcd6f2180121,Descr='src\vrsbase\src\vresourceinfobaseimpl.cpp(1058):
580392e6-ba49-4280-ac67-fcd6f2180121: Ошибка работы сеанса
Ошибка при выполнении запроса POST к ресурсу /e1cib/license/getlast:
60c686dc-798f-4d17-aadb-a90156a16eb8: Сеанс отсутствует или удален
ID=34362e04-fe5b-4cdc-93de-43c142936e92, File=d:\jenkins\ci_builder2\windowsbuild2\platform\src\rserver\src\clusterdistribimpl.cpp(1439)'
40:40.683014-0,EXCP,0,process=rphost,OSThread=1884,ClientID=654,Exception=NetDataExchangeException,Descr='server_addr=(2)10.225.32.57:55703 descr=10054(0x00002746): Удаленный хост принудительно разорвал существующее подключение.  line=1149 file=d:\jenkins\ci_builder2\windowsbuild2\platform\src\rtrsrvc\src\dataexchangeserverimpl.cpp'
40:40.683015-0,EXCPCNTX,0,ClientComputerName=,ServerComputerName=,UserName=,ConnectString=
40:40.683017-0,EXCP,0,process=rphost,OSThread=1884,ClientID=2850,Exception=NetDataExchangeException,Descr='server_addr=(2)10.225.32.57:49772 descr=10054(0x00002746): Удаленный хост принудительно разорвал существующее подключение.  line=1149 file=d:\jenkins\ci_builder2\windowsbuild2\platform\src\rtrsrvc\src\dataexchangeserverimpl.cpp'
40:40.683018-0,EXCPCNTX,0,ClientComputerName=,ServerComputerName=,UserName=,ConnectString=
40:40.683022-0,EXCP,2,process=rphost,p:processName=bi_bk3wk1_prod_01,OSThread=8640,t:clientID=2850,t:applicationName=1CV8C,t:computerName=DC1RDSH19,t:connectID=11578,Exception=SeanceContextException,Descr='Сеанс отсутствует или удален
ID=9304854b-4b80-4e5a-ac8e-042ac65b3a72, File=d:\jenkins\ci_builder2\windowsbuild2\platform\src\rserver\src\clusterdistribimpl.cpp(1439)'
40:40.683024-0,EXCP,1,process=rphost,p:processName=bi_bk3wk1_prod_01,OSThread=8640,t:clientID=2850,t:applicationName=1CV8C,t:computerName=DC1RDSH19,t:connectID=11578,Exception=60c686dc-798f-4d17-aadb-a90156a16eb8,Descr='src\rserver\src\rmngrcalls.cpp(476):
60c686dc-798f-4d17-aadb-a90156a16eb8: Сеанс отсутствует или удален
ID=9304854b-4b80-4e5a-ac8e-042ac65b3a72, File=d:\jenkins\ci_builder2\windowsbuild2\platform\src\rserver\src\clusterdistribimpl.cpp(1439)'
40:40.886000-0,EXCP,1,process=rphost,p:processName=bi_bk3wk1_prod_01,OSThread=8640,t:clientID=2850,t:applicationName=1CV8C,t:computerName=DC1RDSH19,t:connectID=11578,Exception=SeanceContextException,Descr='Сеанс отсутствует или удален
ID=9304854b-4b80-4e5a-ac8e-042ac65b3a72, File=d:\jenkins\ci_builder2\windowsbuild2\platform\src\rserver\src\rmngrcalls.cpp(364)'
40:40.886001-0,EXCP,1,process=rphost,p:processName=bi_bk3wk1_prod_01,OSThread=8640,t:clientID=2850,t:applicationName=1CV8C,t:computerName=DC1RDSH19,t:connectID=11578,Exception=60c686dc-798f-4d17-aadb-a90156a16eb8,Descr='src\rserver\src\srvrinfobaseimpl.cpp(899):
60c686dc-798f-4d17-aadb-a90156a16eb8: Сеанс отсутствует или удален
ID=9304854b-4b80-4e5a-ac8e-042ac65b3a72, File=d:\jenkins\ci_builder2\windowsbuild2\platform\src\rserver\src\rmngrcalls.cpp(364)'
40:41.714002-0,EXCP,2,process=rphost,OSThread=8764,t:clientID=187,Exception=dd149677-3d47-4e05-a55f-4e75b13a441f,Descr='src\rtrsrvc\src\remoteinterfaceimpl.cpp(2069):
dd149677-3d47-4e05-a55f-4e75b13a441f: Сеанс работы завершен администратором.'
40:41.714004-3,CALL,1,process=rphost,OSThread=8764,t:clientID=187,Interface=bc15bd01-10bf-413c-a856-ddc907fcd123,IName=IVResourceRemoteConnection,Method=0,CallID=8938,MName=send,RetExcp=Сеанс работы завершен администратором.,Memory=13835,MemoryPeak=13835,InBytes=0,OutBytes=0,CpuTime=0
40:42.042012-0,EXCP,0,process=rphost,OSThread=4764,ClientID=187,Exception=NetDataExchangeException,Descr='server_addr=(2)10.224.32.232:64878 descr=2(0x00000002): Не удается найти указанный файл.  line=1149 file=d:\jenkins\ci_builder2\windowsbuild2\platform\src\rtrsrvc\src\dataexchangeserverimpl.cpp'
40:42.042013-0,EXCPCNTX,0,ClientComputerName=,ServerComputerName=,UserName=,ConnectString=
40:42.042025-0,EXCP,2,process=rphost,p:processName=bi_bk3wk1_prod_01,OSThread=5816,t:clientID=2855,t:applicationName=1CV8C,t:computerName=DC2RDSH29,Exception=SeanceContextException,Descr='Сеанс отсутствует или удален
ID=7aa1152b-00f2-4ca3-86d4-5b9c12dc2deb, File=d:\jenkins\ci_builder2\windowsbuild2\platform\src\rserver\src\clusterdistribimpl.cpp(1439)'
40:42.042026-0,EXCP,2,process=rphost,p:processName=bi_bk3wk1_prod_01,OSThread=5816,t:clientID=2855,t:applicationName=1CV8C,t:computerName=DC2RDSH29,Exception=580392e6-ba49-4280-ac67-fcd6f2180121,Descr='src\vrsbase\src\vresourceinfobaseimpl.cpp(1058):
580392e6-ba49-4280-ac67-fcd6f2180121: Ошибка работы сеанса
Ошибка при выполнении запроса POST к ресурсу /e1cib/license/getlast:
60c686dc-798f-4d17-aadb-a90156a16eb8: Сеанс отсутствует или удален
ID=7aa1152b-00f2-4ca3-86d4-5b9c12dc2deb, File=d:\jenkins\ci_builder2\windowsbuild2\platform\src\rserver\src\clusterdistribimpl.cpp(1439)'
40:46.230002-0,ADMIN,2,process=rphost,p:processName=bi_bk3wk1_prod_01,p:processName=bi_bk3wk1_prod_0185fe904c-1a71-4c48-a491-ce257f057d7c,OSThread=196,t:clientID=2838,t:applicationName=JobScheduler,t:computerName=DC2BUHAPP11,Func=killClient,ClusterID=8aa94e2b-5d54-4b86-800b-79353ce39638,ConnectionID=6838f942-2ff8-4dfd-8c83-9e0786417646,Mode=1,Ref=bi_bk3wk1_prod_01(bi_bk3wk1_prod_01),Host=DC2RDSH05,Connection=11560,Administrator=Unknown,Result=Success
40:46.230017-0,ADMIN,2,process=rphost,p:processName=bi_bk3wk1_prod_01,p:processName=bi_bk3wk1_prod_0185fe904c-1a71-4c48-a491-ce257f057d7c,OSThread=196,t:clientID=2838,t:applicationName=JobScheduler,t:computerName=DC2BUHAPP11,Func=killClient,ClusterID=8aa94e2b-5d54-4b86-800b-79353ce39638,ConnectionID=df42faed-0d1b-4aa8-b3b8-dc9cd76b1762,Mode=1,Ref=bi_bk3wk1_prod_01(bi_bk3wk1_prod_01),Host=DC2RDSH07,Connection=11563,Administrator=Unknown,Result=Success
40:46.230037-0,ADMIN,2,process=rphost,p:processName=bi_bk3wk1_prod_01,p:processName=bi_bk3wk1_prod_0185fe904c-1a71-4c48-a491-ce257f057d7c,OSThread=196,t:clientID=2838,t:applicationName=JobScheduler,t:computerName=DC2BUHAPP11,Func=killClient,ClusterID=8aa94e2b-5d54-4b86-800b-79353ce39638,ConnectionID=3f1b7984-1f92-447d-be18-2a84474c0321,Mode=1,Ref=bi_bk3wk1_prod_01(bi_bk3wk1_prod_01),Host=DC2RDSH01,Connection=11565,Administrator=Unknown,Result=Success
40:46.245000-0,ADMIN,2,process=rphost,p:processName=bi_bk3wk1_prod_01,p:processName=bi_bk3wk1_prod_0185fe904c-1a71-4c48-a491-ce257f057d7c,OSThread=196,t:clientID=2838,t:applicationName=JobScheduler,t:computerName=DC2BUHAPP11,Func=killClient,ClusterID=8aa94e2b-5d54-4b86-800b-79353ce39638,ConnectionID=f5a5e2fe-75a0-4798-8004-d0139a95f0e8,Mode=1,Ref=bi_bk3wk1_prod_01(bi_bk3wk1_prod_01),Host=DC2RDSH17,Connection=11568,Administrator=Unknown,Result=Success
40:46.245018-0,ADMIN,2,process=rphost,p:processName=bi_bk3wk1_prod_01,p:processName=bi_bk3wk1_prod_0185fe904c-1a71-4c48-a491-ce257f057d7c,OSThread=196,t:clientID=2838,t:applicationName=JobScheduler,t:computerName=DC2BUHAPP11,Func=killClient,ClusterID=8aa94e2b-5d54-4b86-800b-79353ce39638,ConnectionID=33388456-b9fa-4a95-9ce4-34f8ff6996f1,Mode=1,Ref=bi_bk3wk1_prod_01(bi_bk3wk1_prod_01),Host=DC2RDSH06,Connection=11573,Administrator=Unknown,Result=Success
40:46.245036-0,ADMIN,2,process=rphost,p:processName=bi_bk3wk1_prod_01,p:processName=bi_bk3wk1_prod_0185fe904c-1a71-4c48-a491-ce257f057d7c,OSThread=196,t:clientID=2838,t:applicationName=JobScheduler,t:computerName=DC2BUHAPP11,Func=killClient,ClusterID=8aa94e2b-5d54-4b86-800b-79353ce39638,ConnectionID=b002e4af-595e-422a-b6a2-93983f4dda34,Mode=1,Ref=bi_bk3wk1_prod_01(bi_bk3wk1_prod_01),Host=DC1RDSH02,Connection=11581,Administrator=Unknown,Result=Success
40:47.120002-0,ADMIN,2,process=rphost,p:processName=bi_bk3wk1_prod_01,p:processName=bi_bk3wk1_prod_0185fe904c-1a71-4c48-a491-ce257f057d7c,OSThread=196,t:clientID=2838,t:applicationName=JobScheduler,t:computerName=DC2BUHAPP11,Func=killClient,ClusterID=8aa94e2b-5d54-4b86-800b-79353ce39638,ConnectionID=a98644f5-71e8-4532-a2ff-f5a0c35736d3,Mode=1,Ref=bi_bk3wk1_prod_01(bi_bk3wk1_prod_01ac724b44-9036-4a53-a1f6-663ff03f183e),Host=DC3RDSH13,Connection=11586,Administrator=Unknown,Result=Success
40:47.120011-0,ADMIN,2,process=rphost,p:processName=bi_bk3wk1_prod_01,p:processName=bi_bk3wk1_prod_0185fe904c-1a71-4c48-a491-ce257f057d7c,OSThread=196,t:clientID=2838,t:applicationName=JobScheduler,t:computerName=DC2BUHAPP11,Func=killClient,ClusterID=8aa94e2b-5d54-4b86-800b-79353ce39638,ConnectionID=da206ccc-a52f-4438-a6a0-3071cecb24a6,Mode=1,Ref=bi_bk3wk1_prod_01(bi_bk3wk1_prod_01ac724b44-9036-4a53-a1f6-663ff03f183e),Host=DC2RDSH23,Connection=0,Administrator=Unknown,Result=Success
40:47.120018-0,ADMIN,2,process=rphost,p:processName=bi_bk3wk1_prod_01,p:processName=bi_bk3wk1_prod_0185fe904c-1a71-4c48-a491-ce257f057d7c,OSThread=196,t:clientID=2838,t:applicationName=JobScheduler,t:computerName=DC2BUHAPP11,Func=killClient,ClusterID=8aa94e2b-5d54-4b86-800b-79353ce39638,ConnectionID=02064bb6-267a-451c-9563-eed5aa1ccf9c,Mode=1,Ref=bi_bk3wk1_prod_01(bi_bk3wk1_prod_01ac724b44-9036-4a53-a1f6-663ff03f183e),Host=DC3RDSH11,Connection=0,Administrator=Unknown,Result=Success
40:47.120026-0,ADMIN,2,process=rphost,p:processName=bi_bk3wk1_prod_01,p:processName=bi_bk3wk1_prod_0185fe904c-1a71-4c48-a491-ce257f057d7c,OSThread=196,t:clientID=2838,t:applicationName=JobScheduler,t:computerName=DC2BUHAPP11,Func=killClient,ClusterID=8aa94e2b-5d54-4b86-800b-79353ce39638,ConnectionID=cba1945c-c507-4422-83ea-9dbadfe98d01,Mode=1,Ref=bi_bk3wk1_prod_01(bi_bk3wk1_prod_01ac724b44-9036-4a53-a1f6-663ff03f183e),Host=DC2RDSH29,Connection=0,Administrator=Unknown,Result=Success
40:50.636003-0,EXCP,2,process=rphost,OSThread=196,t:clientID=2854,Exception=dd149677-3d47-4e05-a55f-4e75b13a441f,Descr='src\rtrsrvc\src\remoteinterfaceimpl.cpp(2069):
dd149677-3d47-4e05-a55f-4e75b13a441f: Сеанс работы завершен администратором.'
40:50.636004-3,CALL,1,process=rphost,OSThread=196,t:clientID=2854,Interface=bc15bd01-10bf-413c-a856-ddc907fcd123,IName=IVResourceRemoteConnection,Method=0,CallID=23571,MName=send,RetExcp=Сеанс работы завершен администратором.,Memory=13869,MemoryPeak=13869,InBytes=0,OutBytes=0,CpuTime=0
40:51.448009-0,EXCP,0,process=rphost,OSThread=5080,ClientID=2854,Exception=NetDataExchangeException,Descr='server_addr=(2)10.3.172.24:51286 descr=2(0x00000002): Не удается найти указанный файл.  line=1149 file=d:\jenkins\ci_builder2\windowsbuild2\platform\src\rtrsrvc\src\dataexchangeserverimpl.cpp'
40:51.448010-0,EXCPCNTX,0,ClientComputerName=,ServerComputerName=,UserName=,ConnectString=
40:51.448017-0,EXCP,0,process=rphost,OSThread=5080,ClientID=364,Exception=NetDataExchangeException,Descr='server_addr=(2)10.3.172.24:52960 descr=2(0x00000002): Не удается найти указанный файл.  line=1149 file=d:\jenkins\ci_builder2\windowsbuild2\platform\src\rtrsrvc\src\dataexchangeserverimpl.cpp'
40:51.448018-0,EXCPCNTX,0,ClientComputerName=,ServerComputerName=,UserName=,ConnectString=
40:51.448025-0,EXCP,3,process=rphost,p:processName=bi_bk3wk1_prod_01,OSThread=2576,t:clientID=2856,t:applicationName=1CV8C,t:computerName=DC3RDSH11,Exception=SeanceContextException,Descr='Сеанс отсутствует или удален
ID=34362e04-fe5b-4cdc-93de-43c142936e92, File=d:\jenkins\ci_builder2\windowsbuild2\platform\src\rserver\src\clusterdistribimpl.cpp(1439)'
40:51.448026-0,EXCP,3,process=rphost,p:processName=bi_bk3wk1_prod_01,OSThread=2576,t:clientID=2856,t:applicationName=1CV8C,t:computerName=DC3RDSH11,Exception=580392e6-ba49-4280-ac67-fcd6f2180121,Descr='src\vrsbase\src\vresourceinfobaseimpl.cpp(1058):
580392e6-ba49-4280-ac67-fcd6f2180121: Ошибка работы сеанса
Ошибка при выполнении запроса POST к ресурсу /e1cib/modules/call:
60c686dc-798f-4d17-aadb-a90156a16eb8: Сеанс отсутствует или удален
ID=34362e04-fe5b-4cdc-93de-43c142936e92, File=d:\jenkins\ci_builder2\windowsbuild2\platform\src\rserver\src\clusterdistribimpl.cpp(1439)'
40:54.402003-0,EXCP,2,process=rphost,OSThread=8056,t:clientID=2855,Exception=dd149677-3d47-4e05-a55f-4e75b13a441f,Descr='src\rtrsrvc\src\remoteinterfaceimpl.cpp(2069):
dd149677-3d47-4e05-a55f-4e75b13a441f: Сеанс работы завершен администратором.'
40:54.402004-3,CALL,1,process=rphost,OSThread=8056,t:clientID=2855,Interface=bc15bd01-10bf-413c-a856-ddc907fcd123,IName=IVResourceRemoteConnection,Method=0,CallID=8951,MName=send,RetExcp=Сеанс работы завершен администратором.,Memory=13923,MemoryPeak=13923,InBytes=0,OutBytes=0,CpuTime=0
40:54.636015-0,EXCP,0,process=rphost,OSThread=6712,ClientID=2855,Exception=NetDataExchangeException,Descr='server_addr=(2)10.224.32.232:60237 descr=2(0x00000002): Не удается найти указанный файл.  line=1149 file=d:\jenkins\ci_builder2\windowsbuild2\platform\src\rtrsrvc\src\dataexchangeserverimpl.cpp'
40:54.636016-0,EXCPCNTX,0,ClientComputerName=,ServerComputerName=,UserName=,ConnectString=
40:54.652007-0,EXCP,2,process=rphost,p:processName=bi_bk3wk1_prod_01,OSThread=8336,t:clientID=2858,t:applicationName=1CV8C,t:computerName=DC2RDSH29,Exception=SeanceContextException,Descr='Сеанс отсутствует или удален
ID=7aa1152b-00f2-4ca3-86d4-5b9c12dc2deb, File=d:\jenkins\ci_builder2\windowsbuild2\platform\src\rserver\src\clusterdistribimpl.cpp(1439)'
40:54.652008-0,EXCP,2,process=rphost,p:processName=bi_bk3wk1_prod_01,OSThread=8336,t:clientID=2858,t:applicationName=1CV8C,t:computerName=DC2RDSH29,Exception=580392e6-ba49-4280-ac67-fcd6f2180121,Descr='src\vrsbase\src\vresourceinfobaseimpl.cpp(1058):
580392e6-ba49-4280-ac67-fcd6f2180121: Ошибка работы сеанса
Ошибка при выполнении запроса POST к ресурсу /e1cib/modules/call:
60c686dc-798f-4d17-aadb-a90156a16eb8: Сеанс отсутствует или удален
ID=7aa1152b-00f2-4ca3-86d4-5b9c12dc2deb, File=d:\jenkins\ci_builder2\windowsbuild2\platform\src\rserver\src\clusterdistribimpl.cpp(1439)'
40:58.839003-0,EXCP,2,process=rphost,OSThread=8056,t:clientID=2401,Exception=dd149677-3d47-4e05-a55f-4e75b13a441f,Descr='src\rtrsrvc\src\remoteinterfaceimpl.cpp(2069):
dd149677-3d47-4e05-a55f-4e75b13a441f: Сеанс работы завершен администратором.'
40:58.839004-3,CALL,1,process=rphost,OSThread=8056,t:clientID=2401,Interface=bc15bd01-10bf-413c-a856-ddc907fcd123,IName=IVResourceRemoteConnection,Method=0,CallID=25082,MName=send,RetExcp=Сеанс работы завершен администратором.,Memory=13960,MemoryPeak=13960,InBytes=0,OutBytes=0,CpuTime=0
40:59.058013-0,EXCP,0,process=rphost,OSThread=6712,ClientID=2401,Exception=NetDataExchangeException,Descr='server_addr=(2)10.3.172.15:49252 descr=2(0x00000002): Не удается найти указанный файл.  line=1149 file=d:\jenkins\ci_builder2\windowsbuild2\platform\src\rtrsrvc\src\dataexchangeserverimpl.cpp'
40:59.058014-0,EXCPCNTX,0,ClientComputerName=,ServerComputerName=,UserName=,ConnectString=
40:59.058026-0,EXCP,2,process=rphost,p:processName=bi_bk3wk1_prod_01,OSThread=8052,t:clientID=2859,t:applicationName=1CV8C,t:computerName=DC3RDSH10,Exception=SeanceContextException,Descr='Сеанс отсутствует или удален
ID=1e83dc45-3fa6-4c4c-8ddd-85501517ebf7, File=d:\jenkins\ci_builder2\windowsbuild2\platform\src\rserver\src\clusterdistribimpl.cpp(1439)'
40:59.058027-0,EXCP,2,process=rphost,p:processName=bi_bk3wk1_prod_01,OSThread=8052,t:clientID=2859,t:applicationName=1CV8C,t:computerName=DC3RDSH10,Exception=580392e6-ba49-4280-ac67-fcd6f2180121,Descr='src\vrsbase\src\vresourceinfobaseimpl.cpp(1058):
580392e6-ba49-4280-ac67-fcd6f2180121: Ошибка работы сеанса
Ошибка при выполнении запроса POST к ресурсу /e1cib/modules/call:
60c686dc-798f-4d17-aadb-a90156a16eb8: Сеанс отсутствует или удален
ID=1e83dc45-3fa6-4c4c-8ddd-85501517ebf7, File=d:\jenkins\ci_builder2\windowsbuild2\platform\src\rserver\src\clusterdistribimpl.cpp(1439)'
40:59.136003-0,EXCP,2,process=rphost,OSThread=8056,t:clientID=1626,Exception=dd149677-3d47-4e05-a55f-4e75b13a441f,Descr='src\rtrsrvc\src\remoteinterfaceimpl.cpp(2069):
dd149677-3d47-4e05-a55f-4e75b13a441f: Сеанс работы завершен администратором.'
40:59.136004-3,CALL,1,process=rphost,OSThread=8056,t:clientID=1626,Interface=bc15bd01-10bf-413c-a856-ddc907fcd123,IName=IVResourceRemoteConnection,Method=0,CallID=3184,MName=send,RetExcp=Сеанс работы завершен администратором.,Memory=14022,MemoryPeak=14022,InBytes=0,OutBytes=0,CpuTime=0
40:59.370015-0,EXCP,0,process=rphost,OSThread=6676,ClientID=1626,Exception=NetDataExchangeException,Descr='server_addr=(2)10.224.32.249:54198 descr=2(0x00000002): Не удается найти указанный файл.  line=1149 file=d:\jenkins\ci_builder2\windowsbuild2\platform\src\rtrsrvc\src\dataexchangeserverimpl.cpp'
40:59.370016-0,EXCPCNTX,0,ClientComputerName=,ServerComputerName=,UserName=,ConnectString=
40:59.386004-0,EXCP,2,process=rphost,p:processName=bi_bk3wk1_prod_01,OSThread=6852,t:clientID=2860,t:applicationName=1CV8C,t:computerName=DC2RDSH01,Exception=SeanceContextException,Descr='Сеанс отсутствует или удален
ID=2bcb9f5a-5815-47c2-ba24-fbe6d8ab121d, File=d:\jenkins\ci_builder2\windowsbuild2\platform\src\rserver\src\clusterdistribimpl.cpp(1439)'
40:59.386005-0,EXCP,2,process=rphost,p:processName=bi_bk3wk1_prod_01,OSThread=6852,t:clientID=2860,t:applicationName=1CV8C,t:computerName=DC2RDSH01,Exception=580392e6-ba49-4280-ac67-fcd6f2180121,Descr='src\vrsbase\src\vresourceinfobaseimpl.cpp(1058):
580392e6-ba49-4280-ac67-fcd6f2180121: Ошибка работы сеанса
Ошибка при выполнении запроса POST к ресурсу /e1cib/modules/call:
60c686dc-798f-4d17-aadb-a90156a16eb8: Сеанс отсутствует или удален
ID=2bcb9f5a-5815-47c2-ba24-fbe6d8ab121d, File=d:\jenkins\ci_builder2\windowsbuild2\platform\src\rserver\src\clusterdistribimpl.cpp(1439)'
41:05.558003-0,EXCP,2,process=rphost,OSThread=196,t:clientID=533,Exception=dd149677-3d47-4e05-a55f-4e75b13a441f,Descr='src\rtrsrvc\src\remoteinterfaceimpl.cpp(2069):
dd149677-3d47-4e05-a55f-4e75b13a441f: Сеанс работы завершен администратором.'
41:05.558004-3,CALL,1,process=rphost,OSThread=196,t:clientID=533,Interface=bc15bd01-10bf-413c-a856-ddc907fcd123,IName=IVResourceRemoteConnection,Method=0,CallID=7804,MName=send,RetExcp=Сеанс работы завершен администратором.,Memory=14039,MemoryPeak=14039,InBytes=0,OutBytes=0,CpuTime=0
41:05.808012-0,EXCP,0,process=rphost,OSThread=4456,ClientID=533,Exception=NetDataExchangeException,Descr='server_addr=(2)10.224.32.233:58150 descr=2(0x00000002): Не удается найти указанный файл.  line=1149 file=d:\jenkins\ci_builder2\windowsbuild2\platform\src\rtrsrvc\src\dataexchangeserverimpl.cpp'
41:05.808013-0,EXCPCNTX,0,ClientComputerName=,ServerComputerName=,UserName=,ConnectString=
41:05.808025-0,EXCP,2,process=rphost,p:processName=bi_bk3wk1_prod_01,OSThread=6852,t:clientID=2861,t:applicationName=1CV8C,t:computerName=DC2RDSH05,Exception=SeanceContextException,Descr='Сеанс отсутствует или удален
ID=c92cb6de-8795-4a49-92a7-b6781f3f4cb9, File=d:\jenkins\ci_builder2\windowsbuild2\platform\src\rserver\src\clusterdistribimpl.cpp(1439)'
41:05.808026-0,EXCP,2,process=rphost,p:processName=bi_bk3wk1_prod_01,OSThread=6852,t:clientID=2861,t:applicationName=1CV8C,t:computerName=DC2RDSH05,Exception=580392e6-ba49-4280-ac67-fcd6f2180121,Descr='src\vrsbase\src\vresourceinfobaseimpl.cpp(1058):
580392e6-ba49-4280-ac67-fcd6f2180121: Ошибка работы сеанса
Ошибка при выполнении запроса POST к ресурсу /e1cib/modules/call:
60c686dc-798f-4d17-aadb-a90156a16eb8: Сеанс отсутствует или удален
ID=c92cb6de-8795-4a49-92a7-b6781f3f4cb9, File=d:\jenkins\ci_builder2\windowsbuild2\platform\src\rserver\src\clusterdistribimpl.cpp(1439)'
41:09.855003-0,EXCP,2,process=rphost,OSThread=196,t:clientID=2839,Exception=dd149677-3d47-4e05-a55f-4e75b13a441f,Descr='src\rtrsrvc\src\remoteinterfaceimpl.cpp(2069):
dd149677-3d47-4e05-a55f-4e75b13a441f: Сеанс работы завершен администратором.'
41:09.855004-3,CALL,1,process=rphost,OSThread=196,t:clientID=2839,Interface=bc15bd01-10bf-413c-a856-ddc907fcd123,IName=IVResourceRemoteConnection,Method=0,CallID=31686,MName=send,RetExcp=Сеанс работы завершен администратором.,Memory=14098,MemoryPeak=14098,InBytes=0,OutBytes=0,CpuTime=0
41:10.292011-0,EXCP,0,process=rphost,OSThread=4324,ClientID=2839,Exception=NetDataExchangeException,Descr='server_addr=(2)10.224.32.233:53616 descr=2(0x00000002): Не удается найти указанный файл.  line=1149 file=d:\jenkins\ci_builder2\windowsbuild2\platform\src\rtrsrvc\src\dataexchangeserverimpl.cpp'
41:10.292012-0,EXCPCNTX,0,ClientComputerName=,ServerComputerName=,UserName=,ConnectString=
41:10.292021-0,EXCP,0,process=rphost,OSThread=4324,ClientID=2841,Exception=NetDataExchangeException,Descr='server_addr=(2)10.224.32.233:53624 descr=2(0x00000002): Не удается найти указанный файл.  line=1149 file=d:\jenkins\ci_builder2\windowsbuild2\platform\src\rtrsrvc\src\dataexchangeserverimpl.cpp'
41:10.292022-0,EXCPCNTX,0,ClientComputerName=,ServerComputerName=,UserName=,ConnectString=
41:10.292027-0,EXCP,2,process=rphost,p:processName=bi_bk3wk1_prod_01,OSThread=8052,t:clientID=2862,t:applicationName=1CV8C,t:computerName=DC2RDSH05,Exception=SeanceContextException,Descr='Сеанс отсутствует или удален
ID=a878d009-ba19-41e4-87df-a150fc34f376, File=d:\jenkins\ci_builder2\windowsbuild2\platform\src\rserver\src\clusterdistribimpl.cpp(1439)'
41:10.292028-0,EXCP,2,process=rphost,p:processName=bi_bk3wk1_prod_01,OSThread=8052,t:clientID=2862,t:applicationName=1CV8C,t:computerName=DC2RDSH05,Exception=580392e6-ba49-4280-ac67-fcd6f2180121,Descr='src\vrsbase\src\vresourceinfobaseimpl.cpp(1058):
580392e6-ba49-4280-ac67-fcd6f2180121: Ошибка работы сеанса
Ошибка при выполнении запроса POST к ресурсу /e1cib/modules/call:
60c686dc-798f-4d17-aadb-a90156a16eb8: Сеанс отсутствует или удален
ID=a878d009-ba19-41e4-87df-a150fc34f376, File=d:\jenkins\ci_builder2\windowsbuild2\platform\src\rserver\src\clusterdistribimpl.cpp(1439)'
41:11.855003-0,EXCP,2,process=rphost,OSThread=196,t:clientID=2842,Exception=dd149677-3d47-4e05-a55f-4e75b13a441f,Descr='src\rtrsrvc\src\remoteinterfaceimpl.cpp(2069):
dd149677-3d47-4e05-a55f-4e75b13a441f: Сеанс работы завершен администратором.'
41:11.855004-3,CALL,1,process=rphost,OSThread=196,t:clientID=2842,Interface=bc15bd01-10bf-413c-a856-ddc907fcd123,IName=IVResourceRemoteConnection,Method=0,CallID=19186,MName=send,RetExcp=Сеанс работы завершен администратором.,Memory=14140,MemoryPeak=14140,InBytes=0,OutBytes=0,CpuTime=0
41:12.089012-0,EXCP,0,process=rphost,OSThread=4324,ClientID=2842,Exception=NetDataExchangeException,Descr='server_addr=(2)10.224.32.248:65247 descr=2(0x00000002): Не удается найти указанный файл.  line=1149 file=d:\jenkins\ci_builder2\windowsbuild2\platform\src\rtrsrvc\src\dataexchangeserverimpl.cpp'
41:12.089013-0,EXCPCNTX,0,ClientComputerName=,ServerComputerName=,UserName=,ConnectString=
41:12.089015-0,EXCP,0,process=rphost,OSThread=6676,ClientID=272,Exception=NetDataExchangeException,Descr='server_addr=(2)10.224.32.248:53218 descr=2(0x00000002): Не удается найти указанный файл.  line=1149 file=d:\jenkins\ci_builder2\windowsbuild2\platform\src\rtrsrvc\src\dataexchangeserverimpl.cpp'
41:12.089016-0,EXCPCNTX,0,ClientComputerName=,ServerComputerName=,UserName=,ConnectString=
41:12.089027-0,EXCP,2,process=rphost,p:processName=bi_bk3wk1_prod_01,OSThread=8052,t:clientID=2864,t:applicationName=1CV8C,t:computerName=DC2RDSH07,Exception=SeanceContextException,Descr='Сеанс отсутствует или удален
ID=69bda0e8-257e-49b7-b43d-0c85853eea09, File=d:\jenkins\ci_builder2\windowsbuild2\platform\src\rserver\src\clusterdistribimpl.cpp(1439)'
41:12.089030-0,EXCP,2,process=rphost,p:processName=bi_bk3wk1_prod_01,OSThread=8052,t:clientID=2864,t:applicationName=1CV8C,t:computerName=DC2RDSH07,Exception=580392e6-ba49-4280-ac67-fcd6f2180121,Descr='src\vrsbase\src\vresourceinfobaseimpl.cpp(1058):
580392e6-ba49-4280-ac67-fcd6f2180121: Ошибка работы сеанса
Ошибка при выполнении запроса POST к ресурсу /e1cib/modules/call:
60c686dc-798f-4d17-aadb-a90156a16eb8: Сеанс отсутствует или удален
ID=69bda0e8-257e-49b7-b43d-0c85853eea09, File=d:\jenkins\ci_builder2\windowsbuild2\platform\src\rserver\src\clusterdistribimpl.cpp(1439)'
41:13.011003-0,EXCP,2,process=rphost,OSThread=196,t:clientID=2843,Exception=dd149677-3d47-4e05-a55f-4e75b13a441f,Descr='src\rtrsrvc\src\remoteinterfaceimpl.cpp(2069):
dd149677-3d47-4e05-a55f-4e75b13a441f: Сеанс работы завершен администратором.'
41:13.011004-3,CALL,1,process=rphost,OSThread=196,t:clientID=2843,Interface=bc15bd01-10bf-413c-a856-ddc907fcd123,IName=IVResourceRemoteConnection,Method=0,CallID=20734,MName=send,RetExcp=Сеанс работы завершен администратором.,Memory=14181,MemoryPeak=14181,InBytes=0,OutBytes=0,CpuTime=0
41:13.245012-0,EXCP,0,process=rphost,OSThread=6712,ClientID=2843,Exception=NetDataExchangeException,Descr='server_addr=(2)10.224.32.249:62904 descr=2(0x00000002): Не удается найти указанный файл.  line=1149 file=d:\jenkins\ci_builder2\windowsbuild2\platform\src\rtrsrvc\src\dataexchangeserverimpl.cpp'
41:13.245013-0,EXCPCNTX,0,ClientComputerName=,ServerComputerName=,UserName=,ConnectString=
41:13.245019-0,EXCP,2,process=rphost,p:processName=bi_bk3wk1_prod_01,OSThread=8052,t:clientID=2866,t:applicationName=1CV8C,t:computerName=DC2RDSH01,Exception=SeanceContextException,Descr='Сеанс отсутствует или удален
ID=cfc7e142-b27e-41ae-a342-2361ad404469, File=d:\jenkins\ci_builder2\windowsbuild2\platform\src\rserver\src\clusterdistribimpl.cpp(1439)'
41:13.245020-0,EXCP,2,process=rphost,p:processName=bi_bk3wk1_prod_01,OSThread=8052,t:clientID=2866,t:applicationName=1CV8C,t:computerName=DC2RDSH01,Exception=580392e6-ba49-4280-ac67-fcd6f2180121,Descr='src\vrsbase\src\vresourceinfobaseimpl.cpp(1058):
580392e6-ba49-4280-ac67-fcd6f2180121: Ошибка работы сеанса
Ошибка при выполнении запроса POST к ресурсу /e1cib/modules/call:
60c686dc-798f-4d17-aadb-a90156a16eb8: Сеанс отсутствует или удален
ID=cfc7e142-b27e-41ae-a342-2361ad404469, File=d:\jenkins\ci_builder2\windowsbuild2\platform\src\rserver\src\clusterdistribimpl.cpp(1439)'
41:14.198003-0,EXCP,2,process=rphost,OSThread=8056,t:clientID=2844,Exception=dd149677-3d47-4e05-a55f-4e75b13a441f,Descr='src\rtrsrvc\src\remoteinterfaceimpl.cpp(2069):
dd149677-3d47-4e05-a55f-4e75b13a441f: Сеанс работы завершен администратором.'
41:14.198004-3,CALL,1,process=rphost,OSThread=8056,t:clientID=2844,Interface=bc15bd01-10bf-413c-a856-ddc907fcd123,IName=IVResourceRemoteConnection,Method=0,CallID=30115,MName=send,RetExcp=Сеанс работы завершен администратором.,Memory=14224,MemoryPeak=14224,InBytes=0,OutBytes=0,CpuTime=0
41:14.402009-0,EXCP,0,process=rphost,OSThread=4764,ClientID=2844,Exception=NetDataExchangeException,Descr='server_addr=(2)10.224.32.206:52112 descr=2(0x00000002): Не удается найти указанный файл.  line=1149 file=d:\jenkins\ci_builder2\windowsbuild2\platform\src\rtrsrvc\src\dataexchangeserverimpl.cpp'
41:14.402010-0,EXCPCNTX,0,ClientComputerName=,ServerComputerName=,UserName=,ConnectString=
41:14.402022-0,EXCP,2,process=rphost,p:processName=bi_bk3wk1_prod_01,OSThread=8052,t:clientID=2867,t:applicationName=1CV8C,t:computerName=DC2RDSH17,Exception=SeanceContextException,Descr='Сеанс отсутствует или удален
ID=b439bf85-4684-4329-97e5-97546c6bbd99, File=d:\jenkins\ci_builder2\windowsbuild2\platform\src\rserver\src\clusterdistribimpl.cpp(1439)'
41:14.402023-0,EXCP,2,process=rphost,p:processName=bi_bk3wk1_prod_01,OSThread=8052,t:clientID=2867,t:applicationName=1CV8C,t:computerName=DC2RDSH17,Exception=580392e6-ba49-4280-ac67-fcd6f2180121,Descr='src\vrsbase\src\vresourceinfobaseimpl.cpp(1058):
580392e6-ba49-4280-ac67-fcd6f2180121: Ошибка работы сеанса
Ошибка при выполнении запроса POST к ресурсу /e1cib/modules/call:
60c686dc-798f-4d17-aadb-a90156a16eb8: Сеанс отсутствует или удален
ID=b439bf85-4684-4329-97e5-97546c6bbd99, File=d:\jenkins\ci_builder2\windowsbuild2\platform\src\rserver\src\clusterdistribimpl.cpp(1439)'
41:19.902003-0,EXCP,2,process=rphost,OSThread=196,t:clientID=2845,Exception=dd149677-3d47-4e05-a55f-4e75b13a441f,Descr='src\rtrsrvc\src\remoteinterfaceimpl.cpp(2069):
dd149677-3d47-4e05-a55f-4e75b13a441f: Сеанс работы завершен администратором.'
41:19.902004-3,CALL,1,process=rphost,OSThread=196,t:clientID=2845,Interface=bc15bd01-10bf-413c-a856-ddc907fcd123,IName=IVResourceRemoteConnection,Method=0,CallID=31757,MName=send,RetExcp=Сеанс работы завершен администратором.,Memory=14257,MemoryPeak=14257,InBytes=0,OutBytes=0,CpuTime=0
41:20.073015-0,EXCP,0,process=rphost,OSThread=6712,ClientID=2845,Exception=NetDataExchangeException,Descr='server_addr=(2)10.224.32.44:63995 descr=2(0x00000002): Не удается найти указанный файл.  line=1149 file=d:\jenkins\ci_builder2\windowsbuild2\platform\src\rtrsrvc\src\dataexchangeserverimpl.cpp'
41:20.073016-0,EXCPCNTX,0,ClientComputerName=,ServerComputerName=,UserName=,ConnectString=
41:20.089004-0,EXCP,2,process=rphost,p:processName=bi_bk3wk1_prod_01,OSThread=8052,t:clientID=2868,t:applicationName=1CV8C,t:computerName=DC2RDSH06,Exception=SeanceContextException,Descr='Сеанс отсутствует или удален
ID=73fd4c17-ae88-4ed2-894f-ee485fbcfe04, File=d:\jenkins\ci_builder2\windowsbuild2\platform\src\rserver\src\clusterdistribimpl.cpp(1439)'
41:20.089005-0,EXCP,2,process=rphost,p:processName=bi_bk3wk1_prod_01,OSThread=8052,t:clientID=2868,t:applicationName=1CV8C,t:computerName=DC2RDSH06,Exception=580392e6-ba49-4280-ac67-fcd6f2180121,Descr='src\vrsbase\src\vresourceinfobaseimpl.cpp(1058):
580392e6-ba49-4280-ac67-fcd6f2180121: Ошибка работы сеанса
Ошибка при выполнении запроса POST к ресурсу /e1cib/modules/call:
60c686dc-798f-4d17-aadb-a90156a16eb8: Сеанс отсутствует или удален
ID=73fd4c17-ae88-4ed2-894f-ee485fbcfe04, File=d:\jenkins\ci_builder2\windowsbuild2\platform\src\rserver\src\clusterdistribimpl.cpp(1439)'
41:24.277003-0,EXCP,2,process=rphost,OSThread=8056,t:clientID=2851,Exception=dd149677-3d47-4e05-a55f-4e75b13a441f,Descr='src\rtrsrvc\src\remoteinterfaceimpl.cpp(2069):
dd149677-3d47-4e05-a55f-4e75b13a441f: Сеанс работы завершен администратором.'
41:24.277004-3,CALL,1,process=rphost,OSThread=8056,t:clientID=2851,Interface=bc15bd01-10bf-413c-a856-ddc907fcd123,IName=IVResourceRemoteConnection,Method=0,CallID=21882,MName=send,RetExcp=Сеанс работы завершен администратором.,Memory=14302,MemoryPeak=14302,InBytes=0,OutBytes=0,CpuTime=0
41:24.542012-0,EXCP,0,process=rphost,OSThread=6112,ClientID=2851,Exception=NetDataExchangeException,Descr='server_addr=(2)10.225.32.125:64770 descr=2(0x00000002): Не удается найти указанный файл.  line=1149 file=d:\jenkins\ci_builder2\windowsbuild2\platform\src\rtrsrvc\src\dataexchangeserverimpl.cpp'
41:24.542013-0,EXCPCNTX,0,ClientComputerName=,ServerComputerName=,UserName=,ConnectString=
41:24.542020-0,EXCP,0,process=rphost,OSThread=6112,ClientID=93,Exception=NetDataExchangeException,Descr='server_addr=(2)10.225.32.125:53199 descr=2(0x00000002): Не удается найти указанный файл.  line=1149 file=d:\jenkins\ci_builder2\windowsbuild2\platform\src\rtrsrvc\src\dataexchangeserverimpl.cpp'
41:24.542021-0,EXCPCNTX,0,ClientComputerName=,ServerComputerName=,UserName=,ConnectString=
41:24.542028-0,EXCP,2,process=rphost,p:processName=bi_bk3wk1_prod_01,OSThread=6852,t:clientID=2869,t:applicationName=1CV8C,t:computerName=DC1RDSH02,Exception=SeanceContextException,Descr='Сеанс отсутствует или удален
ID=ece620df-6b88-4ba3-abe0-535b9289ed4f, File=d:\jenkins\ci_builder2\windowsbuild2\platform\src\rserver\src\clusterdistribimpl.cpp(1439)'
41:24.542029-0,EXCP,2,process=rphost,p:processName=bi_bk3wk1_prod_01,OSThread=6852,t:clientID=2869,t:applicationName=1CV8C,t:computerName=DC1RDSH02,Exception=580392e6-ba49-4280-ac67-fcd6f2180121,Descr='src\vrsbase\src\vresourceinfobaseimpl.cpp(1058):
580392e6-ba49-4280-ac67-fcd6f2180121: Ошибка работы сеанса
Ошибка при выполнении запроса POST к ресурсу /e1cib/modules/call:
60c686dc-798f-4d17-aadb-a90156a16eb8: Сеанс отсутствует или удален
ID=ece620df-6b88-4ba3-abe0-535b9289ed4f, File=d:\jenkins\ci_builder2\windowsbuild2\platform\src\rserver\src\clusterdistribimpl.cpp(1439)'
41:31.870001-0,EXCP,0,process=rphost,OSThread=7308,ClientID=2870,Exception=NetDataExchangeException,Descr='server_addr=(2)10.225.32.125:64792 descr=10054(0x00002746): Удаленный хост принудительно разорвал существующее подключение.  line=1149 file=d:\jenkins\ci_builder2\windowsbuild2\platform\src\rtrsrvc\src\dataexchangeserverimpl.cpp'
41:31.870002-0,EXCPCNTX,0,ClientComputerName=,ServerComputerName=,UserName=,ConnectString=
41:31.870004-0,EXCP,0,process=rphost,OSThread=7308,ClientID=2869,Exception=NetDataExchangeException,Descr='server_addr=(2)10.225.32.125:64789 descr=10054(0x00002746): Удаленный хост принудительно разорвал существующее подключение.  line=1149 file=d:\jenkins\ci_builder2\windowsbuild2\platform\src\rtrsrvc\src\dataexchangeserverimpl.cpp'
41:31.870005-0,EXCPCNTX,0,ClientComputerName=,ServerComputerName=,UserName=,ConnectString=
42:22.467005-0,EXCP,3,process=rphost,p:processName=bi_bk3wk1_prod_01,OSThread=8052,t:clientID=2856,t:applicationName=1CV8C,t:computerName=DC3RDSH11,Exception=SeanceContextException,Descr='Сеанс отсутствует или удален
ID=34362e04-fe5b-4cdc-93de-43c142936e92, File=d:\jenkins\ci_builder2\windowsbuild2\platform\src\rserver\src\clusterdistribimpl.cpp(1439)'
42:22.467006-0,EXCP,3,process=rphost,p:processName=bi_bk3wk1_prod_01,OSThread=8052,t:clientID=2856,t:applicationName=1CV8C,t:computerName=DC3RDSH11,Exception=580392e6-ba49-4280-ac67-fcd6f2180121,Descr='src\vrsbase\src\vresourceinfobaseimpl.cpp(1058):
580392e6-ba49-4280-ac67-fcd6f2180121: Ошибка работы сеанса
Ошибка при выполнении запроса POST к ресурсу /e1cib/logout:
60c686dc-798f-4d17-aadb-a90156a16eb8: Сеанс отсутствует или удален
ID=34362e04-fe5b-4cdc-93de-43c142936e92, File=d:\jenkins\ci_builder2\windowsbuild2\platform\src\rserver\src\clusterdistribimpl.cpp(1439)'
42:22.482000-0,EXCP,0,process=rphost,OSThread=3764,ClientID=2857,Exception=NetDataExchangeException,Descr='server_addr=(2)10.3.172.24:51305 descr=10054(0x00002746): Удаленный хост принудительно разорвал существующее подключение.  line=1149 file=d:\jenkins\ci_builder2\windowsbuild2\platform\src\rtrsrvc\src\dataexchangeserverimpl.cpp'
42:22.482001-0,EXCPCNTX,0,ClientComputerName=,ServerComputerName=,UserName=,ConnectString=
42:22.482003-0,EXCP,0,process=rphost,OSThread=8052,ClientID=2856,Exception=NetDataExchangeException,Descr='server_addr=(2)10.3.172.24:51302 descr=10054(0x00002746): Удаленный хост принудительно разорвал существующее подключение.  line=2273 file=d:\jenkins\ci_builder2\windowsbuild2\platform\src\rtrsrvc\src\dataexchangeserverimpl.cpp'
42:22.482004-0,EXCPCNTX,0,ClientComputerName=,ServerComputerName=,UserName=,ConnectString=
42:48.281002-0,ADMIN,2,process=rphost,p:processName=bi_bk3wk1_prod_01,p:processName=bi_bk3wk1_prod_0185fe904c-1a71-4c48-a491-ce257f057d7c,OSThread=196,t:clientID=2838,t:applicationName=JobScheduler,t:computerName=DC2BUHAPP11,Func=killClient,ClusterID=8aa94e2b-5d54-4b86-800b-79353ce39638,ConnectionID=810e2dcb-dc5c-4223-84e5-30ce110b0c94,Mode=1,Ref=bi_bk3wk1_prod_01(bi_bk3wk1_prod_01),Host=DC2RDSH29,Connection=0,Administrator=Unknown,Result=Success
42:48.281007-0,ADMIN,2,process=rphost,p:processName=bi_bk3wk1_prod_01,p:processName=bi_bk3wk1_prod_0185fe904c-1a71-4c48-a491-ce257f057d7c,OSThread=196,t:clientID=2838,t:applicationName=JobScheduler,t:computerName=DC2BUHAPP11,Func=killClient,ClusterID=8aa94e2b-5d54-4b86-800b-79353ce39638,ConnectionID=96304a83-e716-41fe-a3a8-3a116d853e80,Mode=1,Ref=bi_bk3wk1_prod_01(bi_bk3wk1_prod_01),Host=DC3RDSH10,Connection=0,Administrator=Unknown,Result=Success
42:48.281017-0,ADMIN,2,process=rphost,p:processName=bi_bk3wk1_prod_01,p:processName=bi_bk3wk1_prod_0185fe904c-1a71-4c48-a491-ce257f057d7c,OSThread=196,t:clientID=2838,t:applicationName=JobScheduler,t:computerName=DC2BUHAPP11,Func=killClient,ClusterID=8aa94e2b-5d54-4b86-800b-79353ce39638,ConnectionID=841f24d1-cf96-4156-a9e7-734f1ba3afd2,Mode=1,Ref=bi_bk3wk1_prod_01(bi_bk3wk1_prod_01),Host=DC2RDSH01,Connection=0,Administrator=Unknown,Result=Success
42:48.281023-0,ADMIN,2,process=rphost,p:processName=bi_bk3wk1_prod_01,p:processName=bi_bk3wk1_prod_0185fe904c-1a71-4c48-a491-ce257f057d7c,OSThread=196,t:clientID=2838,t:applicationName=JobScheduler,t:computerName=DC2BUHAPP11,Func=killClient,ClusterID=8aa94e2b-5d54-4b86-800b-79353ce39638,ConnectionID=6449ddbb-fc40-47d3-bb92-31466232ec94,Mode=1,Ref=bi_bk3wk1_prod_01(bi_bk3wk1_prod_01),Host=DC2RDSH05,Connection=0,Administrator=Unknown,Result=Success
42:48.281031-0,ADMIN,2,process=rphost,p:processName=bi_bk3wk1_prod_01,p:processName=bi_bk3wk1_prod_0185fe904c-1a71-4c48-a491-ce257f057d7c,OSThread=196,t:clientID=2838,t:applicationName=JobScheduler,t:computerName=DC2BUHAPP11,Func=killClient,ClusterID=8aa94e2b-5d54-4b86-800b-79353ce39638,ConnectionID=5cadf529-4dc6-4c60-aaee-0bf8161f109c,Mode=1,Ref=bi_bk3wk1_prod_01(bi_bk3wk1_prod_01),Host=DC2RDSH05,Connection=0,Administrator=Unknown,Result=Success
42:48.281038-0,ADMIN,2,process=rphost,p:processName=bi_bk3wk1_prod_01,p:processName=bi_bk3wk1_prod_0185fe904c-1a71-4c48-a491-ce257f057d7c,OSThread=196,t:clientID=2838,t:applicationName=JobScheduler,t:computerName=DC2BUHAPP11,Func=killClient,ClusterID=8aa94e2b-5d54-4b86-800b-79353ce39638,ConnectionID=c95d10c7-c7fd-49bf-8211-e50ed4bfdfbe,Mode=1,Ref=bi_bk3wk1_prod_01(bi_bk3wk1_prod_01),Host=DC2RDSH07,Connection=0,Administrator=Unknown,Result=Success
42:48.281045-0,ADMIN,2,process=rphost,p:processName=bi_bk3wk1_prod_01,p:processName=bi_bk3wk1_prod_0185fe904c-1a71-4c48-a491-ce257f057d7c,OSThread=196,t:clientID=2838,t:applicationName=JobScheduler,t:computerName=DC2BUHAPP11,Func=killClient,ClusterID=8aa94e2b-5d54-4b86-800b-79353ce39638,ConnectionID=bb19e2d6-3045-4ce3-b68c-813667b5d178,Mode=1,Ref=bi_bk3wk1_prod_01(bi_bk3wk1_prod_01),Host=DC2RDSH01,Connection=0,Administrator=Unknown,Result=Success
42:48.281053-0,ADMIN,2,process=rphost,p:processName=bi_bk3wk1_prod_01,p:processName=bi_bk3wk1_prod_0185fe904c-1a71-4c48-a491-ce257f057d7c,OSThread=196,t:clientID=2838,t:applicationName=JobScheduler,t:computerName=DC2BUHAPP11,Func=killClient,ClusterID=8aa94e2b-5d54-4b86-800b-79353ce39638,ConnectionID=12f02874-d4f3-4873-b872-ee02ae4dbd51,Mode=1,Ref=bi_bk3wk1_prod_01(bi_bk3wk1_prod_01),Host=DC2RDSH17,Connection=0,Administrator=Unknown,Result=Success
42:48.281059-0,ADMIN,2,process=rphost,p:processName=bi_bk3wk1_prod_01,p:processName=bi_bk3wk1_prod_0185fe904c-1a71-4c48-a491-ce257f057d7c,OSThread=196,t:clientID=2838,t:applicationName=JobScheduler,t:computerName=DC2BUHAPP11,Func=killClient,ClusterID=8aa94e2b-5d54-4b86-800b-79353ce39638,ConnectionID=3977364a-2eb6-4129-acde-0f4873be1f22,Mode=1,Ref=bi_bk3wk1_prod_01(bi_bk3wk1_prod_01),Host=DC2RDSH06,Connection=0,Administrator=Unknown,Result=Success
42:48.734012-0,EXCP,0,process=rphost,OSThread=4688,Exception=acea3e6e-3687-4792-8319-09c009274c9a,Descr='src\rserver\src\rhostimpl.cpp(5997):
acea3e6e-3687-4792-8319-09c009274c9a: Рабочий процесс не найден'
42:49.250000-0,PROC,0,process=rphost,OSThread=7444,Txt='Process terminated.
Stopped on error (working)'
42:49.531000-0,PROC,0,process=rphost,OSThread=4456,Txt='Process terminated.
Stopped on error (working)'
42:49.547001-0,EXCP,2,process=rphost,OSThread=6564,Exception=96380a22-60f7-4a8b-8fca-1224e6bc518f,Descr='src\rserver\src\rmngrcalls.cpp(951):
96380a22-60f7-4a8b-8fca-1224e6bc518f: OnFinishRpHost'
42:49.547003-0,EXCP,0,process=rphost,OSThread=6140,Exception=dd149677-3d47-4e05-a55f-4e75b13a441f,Descr='src\rtrsrvc\src\remoteinterfaceimpl.cpp(736):
dd149677-3d47-4e05-a55f-4e75b13a441f: Процесс завершается. Исходящий вызов запрещен.'
42:49.547004-0,EXCP,0,process=rphost,OSThread=6140,Exception=dd149677-3d47-4e05-a55f-4e75b13a441f,Descr='src\rserver\src\rmngrcalls.cpp(543):
dd149677-3d47-4e05-a55f-4e75b13a441f: Процесс завершается. Исходящий вызов запрещен.'
42:49.547005-0,EXCP,0,process=rphost,OSThread=6140,Exception=dd149677-3d47-4e05-a55f-4e75b13a441f,Descr='src\rtrsrvc\src\remoteinterfaceimpl.cpp(736):
dd149677-3d47-4e05-a55f-4e75b13a441f: Процесс завершается. Исходящий вызов запрещен.'
42:49.547006-0,EXCP,0,process=rphost,OSThread=6140,Exception=dd149677-3d47-4e05-a55f-4e75b13a441f,Descr='src\rtrsrvc\src\remoteinterfaceimpl.cpp(736):
dd149677-3d47-4e05-a55f-4e75b13a441f: Процесс завершается. Исходящий вызов запрещен.'
42:49.547007-0,EXCP,0,process=rphost,OSThread=6140,Exception=dd149677-3d47-4e05-a55f-4e75b13a441f,Descr='src\rtrsrvc\src\remoteinterfaceimpl.cpp(736):
dd149677-3d47-4e05-a55f-4e75b13a441f: Процесс завершается. Исходящий вызов запрещен.'
42:49.547008-0,EXCP,0,process=rphost,OSThread=6140,Exception=dd149677-3d47-4e05-a55f-4e75b13a441f,Descr='src\rtrsrvc\src\remoteinterfaceimpl.cpp(736):
dd149677-3d47-4e05-a55f-4e75b13a441f: Процесс завершается. Исходящий вызов запрещен.'
42:49.547009-0,EXCP,0,process=rphost,OSThread=6140,Exception=dd149677-3d47-4e05-a55f-4e75b13a441f,Descr='src\rtrsrvc\src\remoteinterfaceimpl.cpp(736):
dd149677-3d47-4e05-a55f-4e75b13a441f: Процесс завершается. Исходящий вызов запрещен.'
42:49.547010-0,EXCP,0,process=rphost,OSThread=6140,Exception=dd149677-3d47-4e05-a55f-4e75b13a441f,Descr='src\rtrsrvc\src\remoteinterfaceimpl.cpp(736):
dd149677-3d47-4e05-a55f-4e75b13a441f: Процесс завершается. Исходящий вызов запрещен.'
42:49.547011-0,EXCP,0,process=rphost,OSThread=6140,Exception=dd149677-3d47-4e05-a55f-4e75b13a441f,Descr='src\rtrsrvc\src\remoteinterfaceimpl.cpp(736):
dd149677-3d47-4e05-a55f-4e75b13a441f: Процесс завершается. Исходящий вызов запрещен.'
42:49.547012-0,EXCP,0,process=rphost,OSThread=6140,Exception=dd149677-3d47-4e05-a55f-4e75b13a441f,Descr='src\rtrsrvc\src\remoteinterfaceimpl.cpp(736):
dd149677-3d47-4e05-a55f-4e75b13a441f: Процесс завершается. Исходящий вызов запрещен.'
42:49.547013-0,EXCP,0,process=rphost,OSThread=6140,Exception=dd149677-3d47-4e05-a55f-4e75b13a441f,Descr='src\rtrsrvc\src\remoteinterfaceimpl.cpp(736):
dd149677-3d47-4e05-a55f-4e75b13a441f: Процесс завершается. Исходящий вызов запрещен.'
42:49.750000-0,EXCP,0,process=rphost,OSThread=6140,Exception=dd149677-3d47-4e05-a55f-4e75b13a441f,Descr='src\rtrsrvc\src\remoteinterfaceimpl.cpp(736):
dd149677-3d47-4e05-a55f-4e75b13a441f: Процесс завершается. Исходящий вызов запрещен.'
42:49.750001-0,EXCP,0,process=rphost,OSThread=6140,Exception=dd149677-3d47-4e05-a55f-4e75b13a441f,Descr='src\rserver\src\rmngrcalls.cpp(543):
dd149677-3d47-4e05-a55f-4e75b13a441f: Процесс завершается. Исходящий вызов запрещен.'
42:49.750002-0,EXCP,0,process=rphost,OSThread=4688,Exception=dd149677-3d47-4e05-a55f-4e75b13a441f,Descr='src\rserver\src\rmngrcalls.cpp(586):
dd149677-3d47-4e05-a55f-4e75b13a441f: Процесс завершается. Исходящий вызов запрещен.'
42:49.750003-0,EXCP,0,process=rphost,OSThread=6140,Exception=dd149677-3d47-4e05-a55f-4e75b13a441f,Descr='src\rtrsrvc\src\remoteinterfaceimpl.cpp(736):
dd149677-3d47-4e05-a55f-4e75b13a441f: Процесс завершается. Исходящий вызов запрещен.'
42:49.750004-0,EXCP,0,process=rphost,OSThread=6140,Exception=dd149677-3d47-4e05-a55f-4e75b13a441f,Descr='src\rtrsrvc\src\remoteinterfaceimpl.cpp(736):
dd149677-3d47-4e05-a55f-4e75b13a441f: Процесс завершается. Исходящий вызов запрещен.'
42:49.750005-0,EXCP,0,process=rphost,OSThread=6140,Exception=dd149677-3d47-4e05-a55f-4e75b13a441f,Descr='src\rtrsrvc\src\remoteinterfaceimpl.cpp(736):
dd149677-3d47-4e05-a55f-4e75b13a441f: Процесс завершается. Исходящий вызов запрещен.'
42:49.750006-0,EXCP,0,process=rphost,OSThread=6140,Exception=dd149677-3d47-4e05-a55f-4e75b13a441f,Descr='src\rtrsrvc\src\remoteinterfaceimpl.cpp(736):
dd149677-3d47-4e05-a55f-4e75b13a441f: Процесс завершается. Исходящий вызов запрещен.'
42:49.750007-0,EXCP,0,process=rphost,OSThread=6140,Exception=dd149677-3d47-4e05-a55f-4e75b13a441f,Descr='src\rtrsrvc\src\remoteinterfaceimpl.cpp(736):
dd149677-3d47-4e05-a55f-4e75b13a441f: Процесс завершается. Исходящий вызов запрещен.'
42:49.766000-0,EXCP,0,process=rphost,OSThread=6140,Exception=dd149677-3d47-4e05-a55f-4e75b13a441f,Descr='src\rtrsrvc\src\remoteinterfaceimpl.cpp(736):
dd149677-3d47-4e05-a55f-4e75b13a441f: Процесс завершается. Исходящий вызов запрещен.'
42:49.766001-0,EXCP,0,process=rphost,OSThread=6140,Exception=dd149677-3d47-4e05-a55f-4e75b13a441f,Descr='src\rtrsrvc\src\remoteinterfaceimpl.cpp(736):
dd149677-3d47-4e05-a55f-4e75b13a441f: Процесс завершается. Исходящий вызов запрещен.'
42:49.766004-0,EXCP,0,process=rphost,OSThread=6140,Exception=dd149677-3d47-4e05-a55f-4e75b13a441f,Descr='src\rserver\src\rmngrcalls.cpp(586):
dd149677-3d47-4e05-a55f-4e75b13a441f: Процесс завершается. Исходящий вызов запрещен.'
42:49.766005-0,EXCP,0,process=rphost,OSThread=6140,Exception=dd149677-3d47-4e05-a55f-4e75b13a441f,Descr='src\rserver\src\rhostimpl.cpp(6261):
dd149677-3d47-4e05-a55f-4e75b13a441f: Процесс завершается. Исходящий вызов запрещен.'
42:49.766006-0,EXCP,0,process=rphost,OSThread=6140,Exception=dd149677-3d47-4e05-a55f-4e75b13a441f,Descr='src\rserver\src\rmngrcalls.cpp(739):
dd149677-3d47-4e05-a55f-4e75b13a441f: Процесс завершается. Исходящий вызов запрещен.'
42:49.766007-0,EXCP,0,process=rphost,OSThread=6140,Exception=dd149677-3d47-4e05-a55f-4e75b13a441f,Descr='src\rserver\src\rmngrcalls.cpp(739):
dd149677-3d47-4e05-a55f-4e75b13a441f: Процесс завершается. Исходящий вызов запрещен.'
42:49.766008-0,EXCP,0,process=rphost,OSThread=6140,Exception=96380a22-60f7-4a8b-8fca-1224e6bc518f,Descr='src\rserver\src\rmngrcalls.cpp(951):
96380a22-60f7-4a8b-8fca-1224e6bc518f: onFinishConnection'
42:49.766009-0,EXCP,0,process=rphost,OSThread=6140,Exception=dd149677-3d47-4e05-a55f-4e75b13a441f,Descr='src\rserver\src\rmngrcalls.cpp(586):
dd149677-3d47-4e05-a55f-4e75b13a441f: Процесс завершается. Исходящий вызов запрещен.'
42:49.953001-0,EXCP,0,process=rphost,OSThread=4688,Exception=dd149677-3d47-4e05-a55f-4e75b13a441f,Descr='src\rserver\src\rmngrcalls.cpp(586):
dd149677-3d47-4e05-a55f-4e75b13a441f: Процесс завершается. Исходящий вызов запрещен.'
42:49.953002-0,EXCP,0,process=rphost,OSThread=4688,Exception=dd149677-3d47-4e05-a55f-4e75b13a441f,Descr='src\rserver\src\rhostimpl.cpp(5770):
dd149677-3d47-4e05-a55f-4e75b13a441f: Процесс завершается. Исходящий вызов запрещен.'
42:49.969000-0,EXCP,0,process=rphost,OSThread=6140,Exception=dd149677-3d47-4e05-a55f-4e75b13a441f,Descr='src\rserver\src\rmngrcalls.cpp(586):
dd149677-3d47-4e05-a55f-4e75b13a441f: Процесс завершается. Исходящий вызов запрещен.'
42:49.969001-0,EXCP,0,process=rphost,OSThread=6140,Exception=dd149677-3d47-4e05-a55f-4e75b13a441f,Descr='src\rserver\src\rhostimpl.cpp(6261):
dd149677-3d47-4e05-a55f-4e75b13a441f: Процесс завершается. Исходящий вызов запрещен.'
42:49.969002-0,EXCP,0,process=rphost,OSThread=6140,Exception=dd149677-3d47-4e05-a55f-4e75b13a441f,Descr='src\rserver\src\rmngrcalls.cpp(739):
dd149677-3d47-4e05-a55f-4e75b13a441f: Процесс завершается. Исходящий вызов запрещен.'
42:49.969003-0,EXCP,0,process=rphost,OSThread=6140,Exception=dd149677-3d47-4e05-a55f-4e75b13a441f,Descr='src\rserver\src\rmngrcalls.cpp(739):
dd149677-3d47-4e05-a55f-4e75b13a441f: Процесс завершается. Исходящий вызов запрещен.'
42:49.969004-0,EXCP,0,process=rphost,OSThread=6140,Exception=96380a22-60f7-4a8b-8fca-1224e6bc518f,Descr='src\rserver\src\rmngrcalls.cpp(951):
96380a22-60f7-4a8b-8fca-1224e6bc518f: onFinishConnection'
42:49.969005-0,EXCP,0,process=rphost,OSThread=6140,Exception=dd149677-3d47-4e05-a55f-4e75b13a441f,Descr='src\rserver\src\rmngrcalls.cpp(586):
dd149677-3d47-4e05-a55f-4e75b13a441f: Процесс завершается. Исходящий вызов запрещен.'
42:50.172000-0,EXCP,0,process=rphost,OSThread=6140,Exception=dd149677-3d47-4e05-a55f-4e75b13a441f,Descr='src\rserver\src\rmngrcalls.cpp(586):
dd149677-3d47-4e05-a55f-4e75b13a441f: Процесс завершается. Исходящий вызов запрещен.'
42:50.172001-0,EXCP,0,process=rphost,OSThread=6140,Exception=dd149677-3d47-4e05-a55f-4e75b13a441f,Descr='src\rserver\src\rhostimpl.cpp(6261):
dd149677-3d47-4e05-a55f-4e75b13a441f: Процесс завершается. Исходящий вызов запрещен.'
42:50.172002-0,EXCP,0,process=rphost,OSThread=6140,Exception=dd149677-3d47-4e05-a55f-4e75b13a441f,Descr='src\rserver\src\rmngrcalls.cpp(739):
dd149677-3d47-4e05-a55f-4e75b13a441f: Процесс завершается. Исходящий вызов запрещен.'
42:50.172003-0,EXCP,0,process=rphost,OSThread=6140,Exception=dd149677-3d47-4e05-a55f-4e75b13a441f,Descr='src\rserver\src\rmngrcalls.cpp(739):
dd149677-3d47-4e05-a55f-4e75b13a441f: Процесс завершается. Исходящий вызов запрещен.'
42:50.172004-0,EXCP,0,process=rphost,OSThread=6140,Exception=96380a22-60f7-4a8b-8fca-1224e6bc518f,Descr='src\rserver\src\rmngrcalls.cpp(951):
96380a22-60f7-4a8b-8fca-1224e6bc518f: onFinishConnection'
42:50.234000-0,EXCP,0,process=rphost,OSThread=3516,Exception=dd149677-3d47-4e05-a55f-4e75b13a441f,Descr='src\rserver\src\rmngrcalls.cpp(586):
dd149677-3d47-4e05-a55f-4e75b13a441f: Процесс завершается. Исходящий вызов запрещен.'
42:50.437000-0,EXCP,0,process=rphost,OSThread=3516,Exception=dd149677-3d47-4e05-a55f-4e75b13a441f,Descr='src\rserver\src\rmngrcalls.cpp(586):
dd149677-3d47-4e05-a55f-4e75b13a441f: Процесс завершается. Исходящий вызов запрещен.'
42:50.437001-0,EXCP,0,process=rphost,OSThread=3516,Exception=dd149677-3d47-4e05-a55f-4e75b13a441f,Descr='src\rserver\src\clusterdistribimpl.cpp(2624):
dd149677-3d47-4e05-a55f-4e75b13a441f: Процесс завершается. Исходящий вызов запрещен.'
42:50.437002-0,EXCP,0,process=rphost,OSThread=3516,Exception=dd149677-3d47-4e05-a55f-4e75b13a441f,Descr='src\rserver\src\rmngrcalls.cpp(586):
dd149677-3d47-4e05-a55f-4e75b13a441f: Процесс завершается. Исходящий вызов запрещен.'
42:50.641000-0,EXCP,0,process=rphost,OSThread=3516,Exception=dd149677-3d47-4e05-a55f-4e75b13a441f,Descr='src\rserver\src\rmngrcalls.cpp(586):
dd149677-3d47-4e05-a55f-4e75b13a441f: Процесс завершается. Исходящий вызов запрещен.'
42:50.641001-0,EXCP,0,process=rphost,OSThread=3516,Exception=dd149677-3d47-4e05-a55f-4e75b13a441f,Descr='src\rserver\src\clusterdistribimpl.cpp(2624):
dd149677-3d47-4e05-a55f-4e75b13a441f: Процесс завершается. Исходящий вызов запрещен.'
42:50.641002-0,EXCP,0,process=rphost,OSThread=3516,Exception=dd149677-3d47-4e05-a55f-4e75b13a441f,Descr='src\rserver\src\rmngrcalls.cpp(586):
dd149677-3d47-4e05-a55f-4e75b13a441f: Процесс завершается. Исходящий вызов запрещен.'
42:50.844000-0,EXCP,0,process=rphost,OSThread=3516,Exception=dd149677-3d47-4e05-a55f-4e75b13a441f,Descr='src\rserver\src\rmngrcalls.cpp(586):
dd149677-3d47-4e05-a55f-4e75b13a441f: Процесс завершается. Исходящий вызов запрещен.'
42:50.844001-0,EXCP,0,process=rphost,OSThread=3516,Exception=dd149677-3d47-4e05-a55f-4e75b13a441f,Descr='src\rserver\src\clusterdistribimpl.cpp(2624):
dd149677-3d47-4e05-a55f-4e75b13a441f: Процесс завершается. Исходящий вызов запрещен.'
42:50.844002-0,EXCP,0,process=rphost,OSThread=3516,Exception=dd149677-3d47-4e05-a55f-4e75b13a441f,Descr='src\rserver\src\rmngrcalls.cpp(586):
dd149677-3d47-4e05-a55f-4e75b13a441f: Процесс завершается. Исходящий вызов запрещен.'
42:51.047000-0,EXCP,0,process=rphost,OSThread=3516,Exception=dd149677-3d47-4e05-a55f-4e75b13a441f,Descr='src\rserver\src\rmngrcalls.cpp(586):
dd149677-3d47-4e05-a55f-4e75b13a441f: Процесс завершается. Исходящий вызов запрещен.'
42:51.047001-0,EXCP,0,process=rphost,OSThread=3516,Exception=dd149677-3d47-4e05-a55f-4e75b13a441f,Descr='src\rserver\src\clusterdistribimpl.cpp(2624):
dd149677-3d47-4e05-a55f-4e75b13a441f: Процесс завершается. Исходящий вызов запрещен.'
42:51.047002-0,EXCP,0,process=rphost,OSThread=3516,Exception=dd149677-3d47-4e05-a55f-4e75b13a441f,Descr='src\rserver\src\rmngrcalls.cpp(586):
dd149677-3d47-4e05-a55f-4e75b13a441f: Процесс завершается. Исходящий вызов запрещен.'
42:51.250000-0,EXCP,0,process=rphost,OSThread=3516,Exception=dd149677-3d47-4e05-a55f-4e75b13a441f,Descr='src\rserver\src\rmngrcalls.cpp(586):
dd149677-3d47-4e05-a55f-4e75b13a441f: Процесс завершается. Исходящий вызов запрещен.'
42:51.250001-0,EXCP,0,process=rphost,OSThread=3516,Exception=dd149677-3d47-4e05-a55f-4e75b13a441f,Descr='src\rserver\src\clusterdistribimpl.cpp(2624):
dd149677-3d47-4e05-a55f-4e75b13a441f: Процесс завершается. Исходящий вызов запрещен.'
42:53.000000-0,EXCP,1,process=rphost,OSThread=6564,Exception=dd149677-3d47-4e05-a55f-4e75b13a441f,Descr='src\rtrsrvc\src\remoteinterfaceimpl.cpp(736):
dd149677-3d47-4e05-a55f-4e75b13a441f: Процесс завершается. Исходящий вызов запрещен.'
42:53.000005-0,PROC,1,process=rphost,OSThread=6564,Err=0,Txt=1C:Enterprise 8.3 (x86-64) (8.3.14.1694) Working Process finished.
