03:31.244002-0,PROC,1,process=rphost,OSThread=7984,Err=0,Txt=1C:Enterprise 8.3 (x86-64) (8.3.14.1694) Working Process started. Ctrl+C to exit.
03:52.478012-0,EXCP,1,process=rphost,OSThread=4320,Exception=acea3e6e-3687-4792-8319-09c009274c9a,Descr='src\rserver\src\rhostimpl.cpp(5997):
acea3e6e-3687-4792-8319-09c009274c9a: Рабочий процесс не найден'
03:53.400000-0,PROC,0,process=rphost,OSThread=6564,Txt='Process terminated.
Stopped on error (working)'
03:53.494000-0,PROC,0,process=rphost,OSThread=4852,Txt='Process terminated.
Stopped on error (working)'
03:53.494012-0,EXCP,1,process=rphost,OSThread=4320,Exception=acea3e6e-3687-4792-8319-09c009274c9a,Descr='src\rserver\src\rhostimpl.cpp(5997):
acea3e6e-3687-4792-8319-09c009274c9a: Рабочий процесс не найден'
03:53.494014-0,EXCP,2,process=rphost,OSThread=7984,Exception=96380a22-60f7-4a8b-8fca-1224e6bc518f,Descr='src\rserver\src\rmngrcalls.cpp(951):
96380a22-60f7-4a8b-8fca-1224e6bc518f: OnFinishRpHost'
03:53.510000-0,EXCP,0,process=rphost,OSThread=4732,Exception=dd149677-3d47-4e05-a55f-4e75b13a441f,Descr='src\rtrsrvc\src\remoteinterfaceimpl.cpp(736):
dd149677-3d47-4e05-a55f-4e75b13a441f: Процесс завершается. Исходящий вызов запрещен.'
03:53.510001-0,EXCP,0,process=rphost,OSThread=4732,Exception=dd149677-3d47-4e05-a55f-4e75b13a441f,Descr='src\rserver\src\rmngrcalls.cpp(543):
dd149677-3d47-4e05-a55f-4e75b13a441f: Процесс завершается. Исходящий вызов запрещен.'
03:53.510002-0,EXCP,0,process=rphost,OSThread=4732,Exception=dd149677-3d47-4e05-a55f-4e75b13a441f,Descr='src\rtrsrvc\src\remoteinterfaceimpl.cpp(736):
dd149677-3d47-4e05-a55f-4e75b13a441f: Процесс завершается. Исходящий вызов запрещен.'
03:53.510003-0,EXCP,0,process=rphost,OSThread=4732,Exception=dd149677-3d47-4e05-a55f-4e75b13a441f,Descr='src\rtrsrvc\src\remoteinterfaceimpl.cpp(736):
dd149677-3d47-4e05-a55f-4e75b13a441f: Процесс завершается. Исходящий вызов запрещен.'
03:53.510004-0,EXCP,0,process=rphost,OSThread=4732,Exception=dd149677-3d47-4e05-a55f-4e75b13a441f,Descr='src\rtrsrvc\src\remoteinterfaceimpl.cpp(736):
dd149677-3d47-4e05-a55f-4e75b13a441f: Процесс завершается. Исходящий вызов запрещен.'
03:53.603000-0,EXCP,0,process=rphost,OSThread=1156,Exception=dd149677-3d47-4e05-a55f-4e75b13a441f,Descr='src\rtrsrvc\src\remoteinterfaceimpl.cpp(736):
dd149677-3d47-4e05-a55f-4e75b13a441f: Процесс завершается. Исходящий вызов запрещен.'
03:53.603001-0,EXCP,0,process=rphost,OSThread=1156,Exception=dd149677-3d47-4e05-a55f-4e75b13a441f,Descr='src\rserver\src\rmngrcalls.cpp(543):
dd149677-3d47-4e05-a55f-4e75b13a441f: Процесс завершается. Исходящий вызов запрещен.'
03:53.603002-0,EXCP,0,process=rphost,OSThread=1156,Exception=dd149677-3d47-4e05-a55f-4e75b13a441f,Descr='src\rtrsrvc\src\remoteinterfaceimpl.cpp(736):
dd149677-3d47-4e05-a55f-4e75b13a441f: Процесс завершается. Исходящий вызов запрещен.'
03:53.603003-0,EXCP,0,process=rphost,OSThread=1156,Exception=dd149677-3d47-4e05-a55f-4e75b13a441f,Descr='src\rtrsrvc\src\remoteinterfaceimpl.cpp(736):
dd149677-3d47-4e05-a55f-4e75b13a441f: Процесс завершается. Исходящий вызов запрещен.'
03:53.603004-0,EXCP,0,process=rphost,OSThread=1156,Exception=dd149677-3d47-4e05-a55f-4e75b13a441f,Descr='src\rtrsrvc\src\remoteinterfaceimpl.cpp(736):
dd149677-3d47-4e05-a55f-4e75b13a441f: Процесс завершается. Исходящий вызов запрещен.'
03:53.713000-0,EXCP,0,process=rphost,OSThread=4732,Exception=dd149677-3d47-4e05-a55f-4e75b13a441f,Descr='src\rserver\src\rmngrcalls.cpp(586):
dd149677-3d47-4e05-a55f-4e75b13a441f: Процесс завершается. Исходящий вызов запрещен.'
03:53.713001-0,EXCP,0,process=rphost,OSThread=4732,Exception=dd149677-3d47-4e05-a55f-4e75b13a441f,Descr='src\rserver\src\rhostimpl.cpp(6261):
dd149677-3d47-4e05-a55f-4e75b13a441f: Процесс завершается. Исходящий вызов запрещен.'
03:53.713002-0,EXCP,0,process=rphost,OSThread=4732,Exception=dd149677-3d47-4e05-a55f-4e75b13a441f,Descr='src\rserver\src\rmngrcalls.cpp(739):
dd149677-3d47-4e05-a55f-4e75b13a441f: Процесс завершается. Исходящий вызов запрещен.'
03:53.713003-0,EXCP,0,process=rphost,OSThread=4732,Exception=dd149677-3d47-4e05-a55f-4e75b13a441f,Descr='src\rserver\src\rmngrcalls.cpp(739):
dd149677-3d47-4e05-a55f-4e75b13a441f: Процесс завершается. Исходящий вызов запрещен.'
03:53.713004-0,EXCP,0,process=rphost,OSThread=4732,Exception=96380a22-60f7-4a8b-8fca-1224e6bc518f,Descr='src\rserver\src\rmngrcalls.cpp(951):
96380a22-60f7-4a8b-8fca-1224e6bc518f: onFinishConnection'
03:53.807000-0,EXCP,0,process=rphost,OSThread=1156,Exception=dd149677-3d47-4e05-a55f-4e75b13a441f,Descr='src\rserver\src\rmngrcalls.cpp(586):
dd149677-3d47-4e05-a55f-4e75b13a441f: Процесс завершается. Исходящий вызов запрещен.'
03:53.807001-0,EXCP,0,process=rphost,OSThread=1156,Exception=dd149677-3d47-4e05-a55f-4e75b13a441f,Descr='src\rserver\src\clusterdistribimpl.cpp(2624):
dd149677-3d47-4e05-a55f-4e75b13a441f: Процесс завершается. Исходящий вызов запрещен.'
03:55.728000-0,PROC,1,process=rphost,OSThread=7984,Err=0,Txt=1C:Enterprise 8.3 (x86-64) (8.3.14.1694) Working Process finished.
