26:31.732003-0,PROC,1,process=rphost,OSThread=5540,Err=0,Txt=1C:Enterprise 8.3 (x86-64) (8.3.14.1694) Working Process started. Ctrl+C to exit.
27:17.436019-0,EXCP,3,process=rphost,p:processName=bi_bk3wk1_prod_01,OSThread=5848,t:clientID=5,t:applicationName=1CV8C,t:computerName=DC1RDSH19,t:connectID=3637,SessionID=57321,Usr=Жунисов Муратбек Бегманович,AppID=1CV8C,Exception=afd2b550-0d52-4e03-b448-15ed68d87ac5,Descr='src\basic\src\documentlogformobjcontroller.cpp(884):
afd2b550-0d52-4e03-b448-15ed68d87ac5
0d2200af-1696-4395-91e5-2872675e6d3d: Не удалось провести "Заявка на оплату STK00000824 от 17.04.2020 12:27:13"!',Context=Форма.Записать : Документ.ЗаявкаНаОплату.Форма.ФормаДокумента
27:17.451000-0,EXCP,3,process=rphost,p:processName=bi_bk3wk1_prod_01,OSThread=5848,t:clientID=5,t:applicationName=1CV8C,t:computerName=DC1RDSH19,t:connectID=3637,SessionID=57321,Usr=Жунисов Муратбек Бегманович,AppID=1CV8C,Exception=580392e6-ba49-4280-ac67-fcd6f2180121,Descr='src\vrsbase\src\vresourceinfobaseimpl.cpp(1114):
580392e6-ba49-4280-ac67-fcd6f2180121: Неспецифицированная ошибка работы с ресурсом
Ошибка при выполнении запроса POST к ресурсу /e1cib/logForm:
afd2b550-0d52-4e03-b448-15ed68d87ac5
0d2200af-1696-4395-91e5-2872675e6d3d: Не удалось провести "Заявка на оплату STK00000824 от 17.04.2020 12:27:13"!'
28:30.815012-0,EXCP,0,process=rphost,OSThread=8668,ClientID=7,Exception=NetDataExchangeException,Descr='server_addr=(2)10.225.32.57:56537 descr=2(0x00000002): Не удается найти указанный файл.  line=1149 file=d:\jenkins\ci_builder2\windowsbuild2\platform\src\rtrsrvc\src\dataexchangeserverimpl.cpp'
28:30.815015-0,EXCPCNTX,0,ClientComputerName=,ServerComputerName=,UserName=,ConnectString=
28:42.018018-0,EXCP,2,process=rphost,p:processName=bi_bk3wk1_prod_01,OSThread=7760,t:clientID=11,t:applicationName=BackgroundJob,t:computerName=DC2BUHAPP11,t:connectID=3691,SessionID=57351,Usr=Кутлюб Динара Рахимовна,Exception=8f8dade6-0d65-407c-8c6f-d8fda540435e,Descr='src\rserver\src\serverjobexecutor.cpp(1015):
8f8dade6-0d65-407c-8c6f-d8fda540435e: Задание отменено пользователем '
28:43.877007-0,ADMIN,2,process=rphost,p:processName=ServerJobExecutorContext,OSThread=4652,t:clientID=8,t:applicationName=JobScheduler,t:computerName=DC2BUHAPP11,Func=killClient,ClusterID=8aa94e2b-5d54-4b86-800b-79353ce39638,ConnectionID=7dfe4782-3ab3-4073-a0bb-8bb9b0f0106c,Mode=0,Ref=bi_bk3wk1_prod_01(bi_bk3wk1_prod_01),Host=DC2BUHAPP11,Connection=3690,Administrator=Unknown,Result=Success
28:44.674021-0,EXCP,3,process=rphost,p:processName=bi_bk3wk1_prod_01,OSThread=8080,t:clientID=10,t:applicationName=BackgroundJob,t:computerName=DC2BUHAPP11,t:connectID=3690,SessionID=57352,Usr=Шокарова Нургуль Кайратовна,Exception=95c658d1-d3d5-4ea9-8a81-1bf820fea4a8,Descr='src\rscalls\src\remotecalllistenerimpl.cpp(3793):
95c658d1-d3d5-4ea9-8a81-1bf820fea4a8: Сеанс работы завершен администратором.',Context='
МодульСеанса : 7 : СтандартныеПодсистемыСервер.УстановкаПараметровСеанса(ИменаПараметровСеанса);'
28:44.674022-0,EXCP,3,process=rphost,p:processName=bi_bk3wk1_prod_01,OSThread=8080,t:clientID=10,t:applicationName=BackgroundJob,t:computerName=DC2BUHAPP11,t:connectID=3690,SessionID=57352,Usr=Шокарова Нургуль Кайратовна,Exception=95c658d1-d3d5-4ea9-8a81-1bf820fea4a8,Descr='src\rserver\src\serverjobexecutor.cpp(1024):
95c658d1-d3d5-4ea9-8a81-1bf820fea4a8: Сеанс работы завершен администратором.'
28:44.674035-0,EXCP,4,process=rphost,p:processName=bi_bk3wk1_prod_01,OSThread=8080,t:clientID=10,t:applicationName=BackgroundJob,t:computerName=DC2BUHAPP11,t:connectID=3690,SessionID=57352,Usr=Шокарова Нургуль Кайратовна,Exception=SeanceContextException,Descr='Сеанс отсутствует или удален
ID=ba3d29d7-46e4-4578-a940-387a5610fade, File=d:\jenkins\ci_builder2\windowsbuild2\platform\src\rserver\src\clusterdistribimpl.cpp(1439)'
28:44.674037-0,EXCP,3,process=rphost,p:processName=bi_bk3wk1_prod_01,OSThread=8080,t:clientID=10,t:applicationName=BackgroundJob,t:computerName=DC2BUHAPP11,t:connectID=3690,SessionID=57352,Usr=Шокарова Нургуль Кайратовна,Exception=60c686dc-798f-4d17-aadb-a90156a16eb8,Descr='src\rserver\src\rmngrcalls.cpp(476):
60c686dc-798f-4d17-aadb-a90156a16eb8: Сеанс отсутствует или удален
ID=ba3d29d7-46e4-4578-a940-387a5610fade, File=d:\jenkins\ci_builder2\windowsbuild2\platform\src\rserver\src\clusterdistribimpl.cpp(1439)'
28:44.783006-0,EXCP,3,process=rphost,p:processName=bi_bk3wk1_prod_01,OSThread=8080,t:clientID=10,t:applicationName=BackgroundJob,t:computerName=DC2BUHAPP11,t:connectID=3690,SessionID=57352,Usr=Шокарова Нургуль Кайратовна,Exception=SeanceContextException,Descr='Сеанс отсутствует или удален
ID=ba3d29d7-46e4-4578-a940-387a5610fade, File=d:\jenkins\ci_builder2\windowsbuild2\platform\src\rserver\src\rmngrcalls.cpp(364)'
28:44.783007-0,EXCP,3,process=rphost,p:processName=bi_bk3wk1_prod_01,OSThread=8080,t:clientID=10,t:applicationName=BackgroundJob,t:computerName=DC2BUHAPP11,t:connectID=3690,SessionID=57352,Usr=Шокарова Нургуль Кайратовна,Exception=60c686dc-798f-4d17-aadb-a90156a16eb8,Descr='src\rserver\src\serverjobexecutor.cpp(1095):
60c686dc-798f-4d17-aadb-a90156a16eb8: Сеанс отсутствует или удален
ID=ba3d29d7-46e4-4578-a940-387a5610fade, File=d:\jenkins\ci_builder2\windowsbuild2\platform\src\rserver\src\rmngrcalls.cpp(364)'
28:44.783009-0,EXCP,4,process=rphost,p:processName=bi_bk3wk1_prod_01,OSThread=8080,t:clientID=10,t:applicationName=BackgroundJob,t:computerName=DC2BUHAPP11,t:connectID=3690,SessionID=57352,Usr=Шокарова Нургуль Кайратовна,Exception=SeanceContextException,Descr='Сеанс отсутствует или удален
ID=ba3d29d7-46e4-4578-a940-387a5610fade, File=d:\jenkins\ci_builder2\windowsbuild2\platform\src\rserver\src\clusterdistribimpl.cpp(1439)'
28:44.783011-0,EXCP,3,process=rphost,p:processName=bi_bk3wk1_prod_01,OSThread=8080,t:clientID=10,t:applicationName=BackgroundJob,t:computerName=DC2BUHAPP11,t:connectID=3690,SessionID=57352,Usr=Шокарова Нургуль Кайратовна,Exception=60c686dc-798f-4d17-aadb-a90156a16eb8,Descr='src\rserver\src\rmngrcalls.cpp(476):
60c686dc-798f-4d17-aadb-a90156a16eb8: Сеанс отсутствует или удален
ID=ba3d29d7-46e4-4578-a940-387a5610fade, File=d:\jenkins\ci_builder2\windowsbuild2\platform\src\rserver\src\clusterdistribimpl.cpp(1439)'
28:44.986000-0,EXCP,3,process=rphost,p:processName=bi_bk3wk1_prod_01,OSThread=8080,t:clientID=10,t:applicationName=BackgroundJob,t:computerName=DC2BUHAPP11,t:connectID=3690,SessionID=57352,Usr=Шокарова Нургуль Кайратовна,Exception=SeanceContextException,Descr='Сеанс отсутствует или удален
ID=ba3d29d7-46e4-4578-a940-387a5610fade, File=d:\jenkins\ci_builder2\windowsbuild2\platform\src\rserver\src\rmngrcalls.cpp(364)'
29:08.205122-0,EXCP,2,process=rphost,p:processName=bi_bk3wk1_prod_01,OSThread=8016,t:clientID=23,t:applicationName=BackgroundJob,t:computerName=DC2BUHAPP11,t:connectID=3704,SessionID=57359,Usr=Ахимова Раушан Оразаковна,Exception=8f8dade6-0d65-407c-8c6f-d8fda540435e,Descr='src\rserver\src\serverjobexecutor.cpp(1015):
8f8dade6-0d65-407c-8c6f-d8fda540435e: Задание отменено пользователем '
29:08.205123-0,EXCP,2,process=rphost,p:processName=bi_bk3wk1_prod_01,OSThread=5412,t:clientID=22,t:applicationName=BackgroundJob,t:computerName=DC2BUHAPP11,t:connectID=3703,SessionID=57360,Usr=Ахимова Раушан Оразаковна,Exception=8f8dade6-0d65-407c-8c6f-d8fda540435e,Descr='src\rserver\src\serverjobexecutor.cpp(1015):
8f8dade6-0d65-407c-8c6f-d8fda540435e: Задание отменено пользователем '
29:09.158016-0,ADMIN,2,process=rphost,p:processName=ServerJobExecutorContext,OSThread=4652,t:clientID=8,t:applicationName=JobScheduler,t:computerName=DC2BUHAPP11,Func=killClient,ClusterID=8aa94e2b-5d54-4b86-800b-79353ce39638,ConnectionID=41965456-9ba5-40ac-9e1a-c3e2a353c864,Mode=0,Ref=bi_bk3wk1_prod_01(bi_bk3wk1_prod_01),Host=DC2BUHAPP11,Connection=3705,Administrator=Unknown,Result=Success
29:09.158025-0,EXCP,2,process=rphost,p:processName=bi_bk3wk1_prod_01,OSThread=5412,t:clientID=26,t:applicationName=BackgroundJob,t:computerName=DC2BUHAPP11,t:connectID=3705,SessionID=57364,Usr=Ахимова Раушан Оразаковна,Exception=95c658d1-d3d5-4ea9-8a81-1bf820fea4a8,Descr='src\rscalls\src\remotecalllistenerimpl.cpp(3793):
95c658d1-d3d5-4ea9-8a81-1bf820fea4a8: Сеанс работы завершен администратором.',Context='
МодульСеанса : 7 : СтандартныеПодсистемыСервер.УстановкаПараметровСеанса(ИменаПараметровСеанса);
	ОбщийМодуль.СтандартныеПодсистемыСервер.Модуль : 31 : ПередЗапускомПрограммы();
		ОбщийМодуль.СтандартныеПодсистемыСервер.Модуль : 2428 : Пользователь = Пользователи.ТекущийПользователь();
			ОбщийМодуль.Пользователи.Модуль : 16 : Возврат ПользователиКлиентСервер.ТекущийПользователь();'
29:09.174000-0,EXCP,2,process=rphost,p:processName=bi_bk3wk1_prod_01,OSThread=5412,t:clientID=26,t:applicationName=BackgroundJob,t:computerName=DC2BUHAPP11,t:connectID=3705,SessionID=57364,Usr=Ахимова Раушан Оразаковна,Exception=95c658d1-d3d5-4ea9-8a81-1bf820fea4a8,Descr='src\rserver\src\serverjobexecutor.cpp(1024):
95c658d1-d3d5-4ea9-8a81-1bf820fea4a8: Сеанс работы завершен администратором.'
29:09.174008-0,EXCP,3,process=rphost,p:processName=bi_bk3wk1_prod_01,OSThread=5412,t:clientID=26,t:applicationName=BackgroundJob,t:computerName=DC2BUHAPP11,t:connectID=3705,SessionID=57364,Usr=Ахимова Раушан Оразаковна,Exception=SeanceContextException,Descr='Сеанс отсутствует или удален
ID=0d06c3a9-2396-4426-9450-0c310bd6bf97, File=d:\jenkins\ci_builder2\windowsbuild2\platform\src\rserver\src\clusterdistribimpl.cpp(1439)'
29:09.174010-0,EXCP,2,process=rphost,p:processName=bi_bk3wk1_prod_01,OSThread=5412,t:clientID=26,t:applicationName=BackgroundJob,t:computerName=DC2BUHAPP11,t:connectID=3705,SessionID=57364,Usr=Ахимова Раушан Оразаковна,Exception=60c686dc-798f-4d17-aadb-a90156a16eb8,Descr='src\rserver\src\rmngrcalls.cpp(476):
60c686dc-798f-4d17-aadb-a90156a16eb8: Сеанс отсутствует или удален
ID=0d06c3a9-2396-4426-9450-0c310bd6bf97, File=d:\jenkins\ci_builder2\windowsbuild2\platform\src\rserver\src\clusterdistribimpl.cpp(1439)'
29:09.377000-0,EXCP,2,process=rphost,p:processName=bi_bk3wk1_prod_01,OSThread=5412,t:clientID=26,t:applicationName=BackgroundJob,t:computerName=DC2BUHAPP11,t:connectID=3705,SessionID=57364,Usr=Ахимова Раушан Оразаковна,Exception=SeanceContextException,Descr='Сеанс отсутствует или удален
ID=0d06c3a9-2396-4426-9450-0c310bd6bf97, File=d:\jenkins\ci_builder2\windowsbuild2\platform\src\rserver\src\rmngrcalls.cpp(364)'
29:09.377001-0,EXCP,2,process=rphost,p:processName=bi_bk3wk1_prod_01,OSThread=5412,t:clientID=26,t:applicationName=BackgroundJob,t:computerName=DC2BUHAPP11,t:connectID=3705,SessionID=57364,Usr=Ахимова Раушан Оразаковна,Exception=60c686dc-798f-4d17-aadb-a90156a16eb8,Descr='src\rserver\src\serverjobexecutor.cpp(1095):
60c686dc-798f-4d17-aadb-a90156a16eb8: Сеанс отсутствует или удален
ID=0d06c3a9-2396-4426-9450-0c310bd6bf97, File=d:\jenkins\ci_builder2\windowsbuild2\platform\src\rserver\src\rmngrcalls.cpp(364)'
29:09.377006-0,EXCP,3,process=rphost,p:processName=bi_bk3wk1_prod_01,OSThread=5412,t:clientID=26,t:applicationName=BackgroundJob,t:computerName=DC2BUHAPP11,t:connectID=3705,SessionID=57364,Usr=Ахимова Раушан Оразаковна,Exception=SeanceContextException,Descr='Сеанс отсутствует или удален
ID=0d06c3a9-2396-4426-9450-0c310bd6bf97, File=d:\jenkins\ci_builder2\windowsbuild2\platform\src\rserver\src\clusterdistribimpl.cpp(1439)'
29:09.377008-0,EXCP,2,process=rphost,p:processName=bi_bk3wk1_prod_01,OSThread=5412,t:clientID=26,t:applicationName=BackgroundJob,t:computerName=DC2BUHAPP11,t:connectID=3705,SessionID=57364,Usr=Ахимова Раушан Оразаковна,Exception=60c686dc-798f-4d17-aadb-a90156a16eb8,Descr='src\rserver\src\rmngrcalls.cpp(476):
60c686dc-798f-4d17-aadb-a90156a16eb8: Сеанс отсутствует или удален
ID=0d06c3a9-2396-4426-9450-0c310bd6bf97, File=d:\jenkins\ci_builder2\windowsbuild2\platform\src\rserver\src\clusterdistribimpl.cpp(1439)'
29:09.565005-0,ADMIN,2,process=rphost,p:processName=ServerJobExecutorContext,OSThread=4652,t:clientID=8,t:applicationName=JobScheduler,t:computerName=DC2BUHAPP11,Func=killClient,ClusterID=8aa94e2b-5d54-4b86-800b-79353ce39638,ConnectionID=31104f74-16b9-40cf-a628-01fa7072a52a,Mode=0,Ref=bi_bk3wk1_prod_01(bi_bk3wk1_prod_01),Host=DC2BUHAPP11,Connection=3707,Administrator=Unknown,Result=Success
29:09.580000-0,EXCP,2,process=rphost,p:processName=bi_bk3wk1_prod_01,OSThread=5412,t:clientID=26,t:applicationName=BackgroundJob,t:computerName=DC2BUHAPP11,t:connectID=3705,SessionID=57364,Usr=Ахимова Раушан Оразаковна,Exception=SeanceContextException,Descr='Сеанс отсутствует или удален
ID=0d06c3a9-2396-4426-9450-0c310bd6bf97, File=d:\jenkins\ci_builder2\windowsbuild2\platform\src\rserver\src\rmngrcalls.cpp(364)'
29:09.596001-0,EXCP,2,process=rphost,p:processName=bi_bk3wk1_prod_01,OSThread=6756,t:clientID=28,t:applicationName=BackgroundJob,t:computerName=DC2BUHAPP11,t:connectID=3707,SessionID=57366,Usr=Ахимова Раушан Оразаковна,Exception=95c658d1-d3d5-4ea9-8a81-1bf820fea4a8,Descr='src\rscalls\src\remotecalllistenerimpl.cpp(3793):
95c658d1-d3d5-4ea9-8a81-1bf820fea4a8: Сеанс работы завершен администратором.',Context='
МодульСеанса : 7 : СтандартныеПодсистемыСервер.УстановкаПараметровСеанса(ИменаПараметровСеанса);
	ОбщийМодуль.СтандартныеПодсистемыСервер.Модуль : 31 : ПередЗапускомПрограммы();
		ОбщийМодуль.СтандартныеПодсистемыСервер.Модуль : 2428 : Пользователь = Пользователи.ТекущийПользователь();
			ОбщийМодуль.Пользователи.Модуль : 16 : Возврат ПользователиКлиентСервер.ТекущийПользователь();
				ОбщийМодуль.ПользователиКлиентСервер.Модуль : 31 : АвторизованныйПользователь = АвторизованныйПользователь();
					ОбщийМодуль.ПользователиКлиентСервер.Модуль : 14 : Возврат ПользователиСлужебный.АвторизованныйПользователь();
						ОбщийМодуль.ПользователиСлужебный.Модуль : 2017 : Возврат ?(ЗначениеЗаполнено(ПараметрыСеанса.ТекущийПользователь),
							МодульСеанса : 7 : СтандартныеПодсистемыСервер.УстановкаПараметровСеанса(ИменаПараметровСеанса);
								ОбщийМодуль.СтандартныеПодсистемыСервер.Модуль : 48 : ИнтеграцияПодсистемБСП.ПриДобавленииОбработчиковУстановкиПараметровСеанса(Обработчики);
									ОбщийМодуль.ИнтеграцияПодсистемБСП.Модуль : 14 : ОбновлениеИнформационнойБазыСлужебный.ПриДобавленииОбработчиковУстановкиПараметровСеанса(Обработчики);
										ОбщийМодуль.ОбновлениеИнформационнойБазыСлужебный.Модуль : 1261 : Обработчики.Вставить("ВыполняетсяОбновлениеИБ", "ОбновлениеИнформационнойБазыСлужебный.УстановкаПараметровСеанса");'
29:09.596002-0,EXCP,2,process=rphost,p:processName=bi_bk3wk1_prod_01,OSThread=6756,t:clientID=28,t:applicationName=BackgroundJob,t:computerName=DC2BUHAPP11,t:connectID=3707,SessionID=57366,Usr=Ахимова Раушан Оразаковна,Exception=8d366056-4d5a-4d88-a207-0ae535b7d28e,Descr='src\rserver\src\serverjobexecutor.cpp(1024):
8d366056-4d5a-4d88-a207-0ae535b7d28e: {ОбщийМодуль.ПользователиСлужебный.Модуль(2017)}: Ошибка при получении значения атрибута контекста (ТекущийПользователь)
f08d92f8-9eb2-4e19-9dd9-977d907cec2d
95c658d1-d3d5-4ea9-8a81-1bf820fea4a8: Сеанс работы завершен администратором.'
29:09.611001-0,EXCP,3,process=rphost,p:processName=bi_bk3wk1_prod_01,OSThread=6756,t:clientID=28,t:applicationName=BackgroundJob,t:computerName=DC2BUHAPP11,t:connectID=3707,SessionID=57366,Usr=Ахимова Раушан Оразаковна,Exception=SeanceContextException,Descr='Сеанс отсутствует или удален
ID=0b77b1e7-124a-49b2-896c-46fe4ed20ab5, File=d:\jenkins\ci_builder2\windowsbuild2\platform\src\rserver\src\clusterdistribimpl.cpp(1439)'
29:09.611003-0,EXCP,2,process=rphost,p:processName=bi_bk3wk1_prod_01,OSThread=6756,t:clientID=28,t:applicationName=BackgroundJob,t:computerName=DC2BUHAPP11,t:connectID=3707,SessionID=57366,Usr=Ахимова Раушан Оразаковна,Exception=60c686dc-798f-4d17-aadb-a90156a16eb8,Descr='src\rserver\src\rmngrcalls.cpp(476):
60c686dc-798f-4d17-aadb-a90156a16eb8: Сеанс отсутствует или удален
ID=0b77b1e7-124a-49b2-896c-46fe4ed20ab5, File=d:\jenkins\ci_builder2\windowsbuild2\platform\src\rserver\src\clusterdistribimpl.cpp(1439)'
29:09.783030-0,ADMIN,2,process=rphost,p:processName=ServerJobExecutorContext,OSThread=4652,t:clientID=8,t:applicationName=JobScheduler,t:computerName=DC2BUHAPP11,Func=killClient,ClusterID=8aa94e2b-5d54-4b86-800b-79353ce39638,ConnectionID=e90f63c2-fe4c-4a6f-90b3-e7e3752425b5,Mode=0,Ref=bi_bk3wk1_prod_01(bi_bk3wk1_prod_01),Host=DC2BUHAPP11,Connection=3706,Administrator=Unknown,Result=Success
29:09.815000-0,EXCP,2,process=rphost,p:processName=bi_bk3wk1_prod_01,OSThread=6756,t:clientID=28,t:applicationName=BackgroundJob,t:computerName=DC2BUHAPP11,t:connectID=3707,SessionID=57366,Usr=Ахимова Раушан Оразаковна,Exception=SeanceContextException,Descr='Сеанс отсутствует или удален
ID=0b77b1e7-124a-49b2-896c-46fe4ed20ab5, File=d:\jenkins\ci_builder2\windowsbuild2\platform\src\rserver\src\rmngrcalls.cpp(364)'
29:09.815001-0,EXCP,2,process=rphost,p:processName=bi_bk3wk1_prod_01,OSThread=6756,t:clientID=28,t:applicationName=BackgroundJob,t:computerName=DC2BUHAPP11,t:connectID=3707,SessionID=57366,Usr=Ахимова Раушан Оразаковна,Exception=60c686dc-798f-4d17-aadb-a90156a16eb8,Descr='src\rserver\src\serverjobexecutor.cpp(1095):
60c686dc-798f-4d17-aadb-a90156a16eb8: Сеанс отсутствует или удален
ID=0b77b1e7-124a-49b2-896c-46fe4ed20ab5, File=d:\jenkins\ci_builder2\windowsbuild2\platform\src\rserver\src\rmngrcalls.cpp(364)'
29:09.815003-0,EXCP,3,process=rphost,p:processName=bi_bk3wk1_prod_01,OSThread=6756,t:clientID=28,t:applicationName=BackgroundJob,t:computerName=DC2BUHAPP11,t:connectID=3707,SessionID=57366,Usr=Ахимова Раушан Оразаковна,Exception=SeanceContextException,Descr='Сеанс отсутствует или удален
ID=0b77b1e7-124a-49b2-896c-46fe4ed20ab5, File=d:\jenkins\ci_builder2\windowsbuild2\platform\src\rserver\src\clusterdistribimpl.cpp(1439)'
29:09.815005-0,EXCP,2,process=rphost,p:processName=bi_bk3wk1_prod_01,OSThread=6756,t:clientID=28,t:applicationName=BackgroundJob,t:computerName=DC2BUHAPP11,t:connectID=3707,SessionID=57366,Usr=Ахимова Раушан Оразаковна,Exception=60c686dc-798f-4d17-aadb-a90156a16eb8,Descr='src\rserver\src\rmngrcalls.cpp(476):
60c686dc-798f-4d17-aadb-a90156a16eb8: Сеанс отсутствует или удален
ID=0b77b1e7-124a-49b2-896c-46fe4ed20ab5, File=d:\jenkins\ci_builder2\windowsbuild2\platform\src\rserver\src\clusterdistribimpl.cpp(1439)'
29:10.018000-0,EXCP,2,process=rphost,p:processName=bi_bk3wk1_prod_01,OSThread=6756,t:clientID=28,t:applicationName=BackgroundJob,t:computerName=DC2BUHAPP11,t:connectID=3707,SessionID=57366,Usr=Ахимова Раушан Оразаковна,Exception=SeanceContextException,Descr='Сеанс отсутствует или удален
ID=0b77b1e7-124a-49b2-896c-46fe4ed20ab5, File=d:\jenkins\ci_builder2\windowsbuild2\platform\src\rserver\src\rmngrcalls.cpp(364)'
29:10.205005-0,ADMIN,2,process=rphost,p:processName=ServerJobExecutorContext,OSThread=4652,t:clientID=8,t:applicationName=JobScheduler,t:computerName=DC2BUHAPP11,Func=killClient,ClusterID=8aa94e2b-5d54-4b86-800b-79353ce39638,ConnectionID=6dd18f42-640c-4bca-a46e-e154815895c4,Mode=0,Ref=bi_bk3wk1_prod_01(bi_bk3wk1_prod_01),Host=DC2BUHAPP11,Connection=3709,Administrator=Unknown,Result=Success
29:10.299008-0,ADMIN,2,process=rphost,p:processName=ServerJobExecutorContext,OSThread=4652,t:clientID=8,t:applicationName=JobScheduler,t:computerName=DC2BUHAPP11,Func=killClient,ClusterID=8aa94e2b-5d54-4b86-800b-79353ce39638,ConnectionID=71a6717a-0b2f-4b51-8143-ab0886aa7407,Mode=0,Ref=bi_bk3wk1_prod_01(bi_bk3wk1_prod_01),Host=DC2BUHAPP11,Connection=3708,Administrator=Unknown,Result=Success
29:10.315002-0,EXCP,4,process=rphost,p:processName=bi_bk3wk1_prod_01,OSThread=5412,t:clientID=29,t:applicationName=BackgroundJob,t:computerName=DC2BUHAPP11,t:connectID=3708,SessionID=57367,Usr=Ахимова Раушан Оразаковна,DBMS=DBMSSQL,DataBase=DC1BUHDB01\bi_bk3wk1_prod_01,Exception=95c658d1-d3d5-4ea9-8a81-1bf820fea4a8,Descr='src\rscalls\src\remotecalllistenerimpl.cpp(3793):
95c658d1-d3d5-4ea9-8a81-1bf820fea4a8: Сеанс работы завершен администратором.'
29:10.315005-0,EXCP,2,process=rphost,p:processName=bi_bk3wk1_prod_01,OSThread=5412,t:clientID=29,t:applicationName=BackgroundJob,t:computerName=DC2BUHAPP11,t:connectID=3708,SessionID=57367,Usr=Ахимова Раушан Оразаковна,Exception=95c658d1-d3d5-4ea9-8a81-1bf820fea4a8,Descr='src\rserver\src\serverjobexecutor.cpp(1024):
95c658d1-d3d5-4ea9-8a81-1bf820fea4a8: Сеанс работы завершен администратором.'
29:10.315011-0,EXCP,3,process=rphost,p:processName=bi_bk3wk1_prod_01,OSThread=5412,t:clientID=29,t:applicationName=BackgroundJob,t:computerName=DC2BUHAPP11,t:connectID=3708,SessionID=57367,Usr=Ахимова Раушан Оразаковна,Exception=SeanceContextException,Descr='Сеанс отсутствует или удален
ID=e4b9e39d-118b-4035-81e6-80151d4386a1, File=d:\jenkins\ci_builder2\windowsbuild2\platform\src\rserver\src\clusterdistribimpl.cpp(1439)'
29:10.315013-0,EXCP,2,process=rphost,p:processName=bi_bk3wk1_prod_01,OSThread=5412,t:clientID=29,t:applicationName=BackgroundJob,t:computerName=DC2BUHAPP11,t:connectID=3708,SessionID=57367,Usr=Ахимова Раушан Оразаковна,Exception=60c686dc-798f-4d17-aadb-a90156a16eb8,Descr='src\rserver\src\rmngrcalls.cpp(476):
60c686dc-798f-4d17-aadb-a90156a16eb8: Сеанс отсутствует или удален
ID=e4b9e39d-118b-4035-81e6-80151d4386a1, File=d:\jenkins\ci_builder2\windowsbuild2\platform\src\rserver\src\clusterdistribimpl.cpp(1439)'
29:10.518000-0,EXCP,2,process=rphost,p:processName=bi_bk3wk1_prod_01,OSThread=5412,t:clientID=29,t:applicationName=BackgroundJob,t:computerName=DC2BUHAPP11,t:connectID=3708,SessionID=57367,Usr=Ахимова Раушан Оразаковна,Exception=SeanceContextException,Descr='Сеанс отсутствует или удален
ID=e4b9e39d-118b-4035-81e6-80151d4386a1, File=d:\jenkins\ci_builder2\windowsbuild2\platform\src\rserver\src\rmngrcalls.cpp(364)'
29:10.518001-0,EXCP,2,process=rphost,p:processName=bi_bk3wk1_prod_01,OSThread=5412,t:clientID=29,t:applicationName=BackgroundJob,t:computerName=DC2BUHAPP11,t:connectID=3708,SessionID=57367,Usr=Ахимова Раушан Оразаковна,Exception=60c686dc-798f-4d17-aadb-a90156a16eb8,Descr='src\rserver\src\serverjobexecutor.cpp(1095):
60c686dc-798f-4d17-aadb-a90156a16eb8: Сеанс отсутствует или удален
ID=e4b9e39d-118b-4035-81e6-80151d4386a1, File=d:\jenkins\ci_builder2\windowsbuild2\platform\src\rserver\src\rmngrcalls.cpp(364)'
29:10.518006-0,EXCP,3,process=rphost,p:processName=bi_bk3wk1_prod_01,OSThread=5412,t:clientID=29,t:applicationName=BackgroundJob,t:computerName=DC2BUHAPP11,t:connectID=3708,SessionID=57367,Usr=Ахимова Раушан Оразаковна,Exception=SeanceContextException,Descr='Сеанс отсутствует или удален
ID=e4b9e39d-118b-4035-81e6-80151d4386a1, File=d:\jenkins\ci_builder2\windowsbuild2\platform\src\rserver\src\clusterdistribimpl.cpp(1439)'
29:10.518008-0,EXCP,2,process=rphost,p:processName=bi_bk3wk1_prod_01,OSThread=5412,t:clientID=29,t:applicationName=BackgroundJob,t:computerName=DC2BUHAPP11,t:connectID=3708,SessionID=57367,Usr=Ахимова Раушан Оразаковна,Exception=60c686dc-798f-4d17-aadb-a90156a16eb8,Descr='src\rserver\src\rmngrcalls.cpp(476):
60c686dc-798f-4d17-aadb-a90156a16eb8: Сеанс отсутствует или удален
ID=e4b9e39d-118b-4035-81e6-80151d4386a1, File=d:\jenkins\ci_builder2\windowsbuild2\platform\src\rserver\src\clusterdistribimpl.cpp(1439)'
29:10.643005-0,ADMIN,2,process=rphost,p:processName=ServerJobExecutorContext,OSThread=4652,t:clientID=8,t:applicationName=JobScheduler,t:computerName=DC2BUHAPP11,Func=killClient,ClusterID=8aa94e2b-5d54-4b86-800b-79353ce39638,ConnectionID=30b1b0c2-1ff1-4bca-a1b2-485cb98b7ecd,Mode=0,Ref=bi_bk3wk1_prod_01(bi_bk3wk1_prod_01),Host=DC2BUHAPP11,Connection=3712,Administrator=Unknown,Result=Success
29:10.721000-0,EXCP,2,process=rphost,p:processName=bi_bk3wk1_prod_01,OSThread=5412,t:clientID=29,t:applicationName=BackgroundJob,t:computerName=DC2BUHAPP11,t:connectID=3708,SessionID=57367,Usr=Ахимова Раушан Оразаковна,Exception=SeanceContextException,Descr='Сеанс отсутствует или удален
ID=e4b9e39d-118b-4035-81e6-80151d4386a1, File=d:\jenkins\ci_builder2\windowsbuild2\platform\src\rserver\src\rmngrcalls.cpp(364)'
29:10.861090-0,ADMIN,2,process=rphost,p:processName=ServerJobExecutorContext,OSThread=4652,t:clientID=8,t:applicationName=JobScheduler,t:computerName=DC2BUHAPP11,Func=killClient,ClusterID=8aa94e2b-5d54-4b86-800b-79353ce39638,ConnectionID=6d092119-896c-41a3-be87-402dc392b351,Mode=0,Ref=bi_bk3wk1_prod_01(bi_bk3wk1_prod_01),Host=DC2BUHAPP11,Connection=3713,Administrator=Unknown,Result=Success
29:10.877187-0,EXCP,2,process=rphost,p:processName=bi_bk3wk1_prod_01,OSThread=8016,t:clientID=27,t:applicationName=BackgroundJob,t:computerName=DC2BUHAPP11,t:connectID=3706,SessionID=57365,Usr=Павленко Жанна Александровна,Exception=95c658d1-d3d5-4ea9-8a81-1bf820fea4a8,Descr='src\rscalls\src\remotecalllistenerimpl.cpp(3793):
95c658d1-d3d5-4ea9-8a81-1bf820fea4a8: Сеанс работы завершен администратором.'
29:10.877193-0,EXCP,3,process=rphost,p:processName=bi_bk3wk1_prod_01,OSThread=8100,t:clientID=32,t:applicationName=BackgroundJob,t:computerName=DC2BUHAPP11,t:connectID=3713,SessionID=57370,Usr=Ахимова Раушан Оразаковна,Exception=SeanceContextException,Descr='Сеанс отсутствует или удален
ID=a2821a70-12ef-437b-9cc0-2faa563139be, File=d:\jenkins\ci_builder2\windowsbuild2\platform\src\rserver\src\clusterdistribimpl.cpp(1439)'
29:10.877195-0,EXCP,2,process=rphost,p:processName=bi_bk3wk1_prod_01,OSThread=8100,t:clientID=32,t:applicationName=BackgroundJob,t:computerName=DC2BUHAPP11,t:connectID=3713,SessionID=57370,Usr=Ахимова Раушан Оразаковна,Exception=60c686dc-798f-4d17-aadb-a90156a16eb8,Descr='src\rserver\src\rmngrcalls.cpp(476):
60c686dc-798f-4d17-aadb-a90156a16eb8: Сеанс отсутствует или удален
ID=a2821a70-12ef-437b-9cc0-2faa563139be, File=d:\jenkins\ci_builder2\windowsbuild2\platform\src\rserver\src\clusterdistribimpl.cpp(1439)'
29:10.893004-0,EXCP,2,process=rphost,p:processName=bi_bk3wk1_prod_01,OSThread=3900,t:clientID=30,t:applicationName=BackgroundJob,t:computerName=DC2BUHAPP11,t:connectID=3709,SessionID=57368,Usr=Павленко Жанна Александровна,Exception=95c658d1-d3d5-4ea9-8a81-1bf820fea4a8,Descr='src\rscalls\src\remotecalllistenerimpl.cpp(3793):
95c658d1-d3d5-4ea9-8a81-1bf820fea4a8: Сеанс работы завершен администратором.'
29:10.893006-0,EXCP,2,process=rphost,p:processName=bi_bk3wk1_prod_01,OSThread=6756,t:clientID=31,t:applicationName=BackgroundJob,t:computerName=DC2BUHAPP11,t:connectID=3712,SessionID=57369,Usr=Павленко Жанна Александровна,Exception=95c658d1-d3d5-4ea9-8a81-1bf820fea4a8,Descr='src\rscalls\src\remotecalllistenerimpl.cpp(3793):
95c658d1-d3d5-4ea9-8a81-1bf820fea4a8: Сеанс работы завершен администратором.'
29:10.893008-0,EXCP,2,process=rphost,p:processName=bi_bk3wk1_prod_01,OSThread=3900,t:clientID=30,t:applicationName=BackgroundJob,t:computerName=DC2BUHAPP11,t:connectID=3709,SessionID=57368,Usr=Павленко Жанна Александровна,Exception=95c658d1-d3d5-4ea9-8a81-1bf820fea4a8,Descr='src\rserver\src\serverjobexecutor.cpp(1024):
95c658d1-d3d5-4ea9-8a81-1bf820fea4a8: Сеанс работы завершен администратором.'
29:10.893010-0,EXCP,2,process=rphost,p:processName=bi_bk3wk1_prod_01,OSThread=8016,t:clientID=27,t:applicationName=BackgroundJob,t:computerName=DC2BUHAPP11,t:connectID=3706,SessionID=57365,Usr=Павленко Жанна Александровна,Exception=95c658d1-d3d5-4ea9-8a81-1bf820fea4a8,Descr='src\rserver\src\serverjobexecutor.cpp(1024):
95c658d1-d3d5-4ea9-8a81-1bf820fea4a8: Сеанс работы завершен администратором.'
29:10.893012-0,EXCP,2,process=rphost,p:processName=bi_bk3wk1_prod_01,OSThread=6756,t:clientID=31,t:applicationName=BackgroundJob,t:computerName=DC2BUHAPP11,t:connectID=3712,SessionID=57369,Usr=Павленко Жанна Александровна,Exception=95c658d1-d3d5-4ea9-8a81-1bf820fea4a8,Descr='src\rserver\src\serverjobexecutor.cpp(1024):
95c658d1-d3d5-4ea9-8a81-1bf820fea4a8: Сеанс работы завершен администратором.'
29:10.893039-0,EXCP,3,process=rphost,p:processName=bi_bk3wk1_prod_01,OSThread=8016,t:clientID=27,t:applicationName=BackgroundJob,t:computerName=DC2BUHAPP11,t:connectID=3706,SessionID=57365,Usr=Павленко Жанна Александровна,Exception=SeanceContextException,Descr='Сеанс отсутствует или удален
ID=99ce6d5d-b5ac-4534-8dd5-ee422c823fdf, File=d:\jenkins\ci_builder2\windowsbuild2\platform\src\rserver\src\clusterdistribimpl.cpp(1439)'
29:10.893041-0,EXCP,2,process=rphost,p:processName=bi_bk3wk1_prod_01,OSThread=8016,t:clientID=27,t:applicationName=BackgroundJob,t:computerName=DC2BUHAPP11,t:connectID=3706,SessionID=57365,Usr=Павленко Жанна Александровна,Exception=60c686dc-798f-4d17-aadb-a90156a16eb8,Descr='src\rserver\src\rmngrcalls.cpp(476):
60c686dc-798f-4d17-aadb-a90156a16eb8: Сеанс отсутствует или удален
ID=99ce6d5d-b5ac-4534-8dd5-ee422c823fdf, File=d:\jenkins\ci_builder2\windowsbuild2\platform\src\rserver\src\clusterdistribimpl.cpp(1439)'
29:10.893043-0,EXCP,3,process=rphost,p:processName=bi_bk3wk1_prod_01,OSThread=6756,t:clientID=31,t:applicationName=BackgroundJob,t:computerName=DC2BUHAPP11,t:connectID=3712,SessionID=57369,Usr=Павленко Жанна Александровна,Exception=SeanceContextException,Descr='Сеанс отсутствует или удален
ID=a61326c9-be39-49e2-94fa-061e5868e80e, File=d:\jenkins\ci_builder2\windowsbuild2\platform\src\rserver\src\clusterdistribimpl.cpp(1439)'
29:10.893045-0,EXCP,2,process=rphost,p:processName=bi_bk3wk1_prod_01,OSThread=6756,t:clientID=31,t:applicationName=BackgroundJob,t:computerName=DC2BUHAPP11,t:connectID=3712,SessionID=57369,Usr=Павленко Жанна Александровна,Exception=60c686dc-798f-4d17-aadb-a90156a16eb8,Descr='src\rserver\src\rmngrcalls.cpp(476):
60c686dc-798f-4d17-aadb-a90156a16eb8: Сеанс отсутствует или удален
ID=a61326c9-be39-49e2-94fa-061e5868e80e, File=d:\jenkins\ci_builder2\windowsbuild2\platform\src\rserver\src\clusterdistribimpl.cpp(1439)'
29:10.908003-0,EXCP,3,process=rphost,p:processName=bi_bk3wk1_prod_01,OSThread=3900,t:clientID=30,t:applicationName=BackgroundJob,t:computerName=DC2BUHAPP11,t:connectID=3709,SessionID=57368,Usr=Павленко Жанна Александровна,Exception=SeanceContextException,Descr='Сеанс отсутствует или удален
ID=e619d0a8-c0a7-4452-9441-5723caf7f653, File=d:\jenkins\ci_builder2\windowsbuild2\platform\src\rserver\src\clusterdistribimpl.cpp(1439)'
29:10.908005-0,EXCP,2,process=rphost,p:processName=bi_bk3wk1_prod_01,OSThread=3900,t:clientID=30,t:applicationName=BackgroundJob,t:computerName=DC2BUHAPP11,t:connectID=3709,SessionID=57368,Usr=Павленко Жанна Александровна,Exception=60c686dc-798f-4d17-aadb-a90156a16eb8,Descr='src\rserver\src\rmngrcalls.cpp(476):
60c686dc-798f-4d17-aadb-a90156a16eb8: Сеанс отсутствует или удален
ID=e619d0a8-c0a7-4452-9441-5723caf7f653, File=d:\jenkins\ci_builder2\windowsbuild2\platform\src\rserver\src\clusterdistribimpl.cpp(1439)'
29:11.080000-0,EXCP,2,process=rphost,p:processName=bi_bk3wk1_prod_01,OSThread=8100,t:clientID=32,t:applicationName=BackgroundJob,t:computerName=DC2BUHAPP11,t:connectID=3713,SessionID=57370,Usr=Ахимова Раушан Оразаковна,Exception=SeanceContextException,Descr='Сеанс отсутствует или удален
ID=a2821a70-12ef-437b-9cc0-2faa563139be, File=d:\jenkins\ci_builder2\windowsbuild2\platform\src\rserver\src\rmngrcalls.cpp(364)'
29:11.080001-0,EXCP,2,process=rphost,p:processName=bi_bk3wk1_prod_01,OSThread=8100,t:clientID=32,t:applicationName=BackgroundJob,t:computerName=DC2BUHAPP11,t:connectID=3713,SessionID=57370,Usr=Ахимова Раушан Оразаковна,Exception=60c686dc-798f-4d17-aadb-a90156a16eb8,Descr='src\rserver\src\serverjobexecutor.cpp(1095):
60c686dc-798f-4d17-aadb-a90156a16eb8: Сеанс отсутствует или удален
ID=a2821a70-12ef-437b-9cc0-2faa563139be, File=d:\jenkins\ci_builder2\windowsbuild2\platform\src\rserver\src\rmngrcalls.cpp(364)'
29:11.080008-0,EXCP,3,process=rphost,p:processName=bi_bk3wk1_prod_01,OSThread=8100,t:clientID=32,t:applicationName=BackgroundJob,t:computerName=DC2BUHAPP11,t:connectID=3713,SessionID=57370,Usr=Ахимова Раушан Оразаковна,Exception=SeanceContextException,Descr='Сеанс отсутствует или удален
ID=a2821a70-12ef-437b-9cc0-2faa563139be, File=d:\jenkins\ci_builder2\windowsbuild2\platform\src\rserver\src\clusterdistribimpl.cpp(1439)'
29:11.080010-0,EXCP,2,process=rphost,p:processName=bi_bk3wk1_prod_01,OSThread=8100,t:clientID=32,t:applicationName=BackgroundJob,t:computerName=DC2BUHAPP11,t:connectID=3713,SessionID=57370,Usr=Ахимова Раушан Оразаковна,Exception=60c686dc-798f-4d17-aadb-a90156a16eb8,Descr='src\rserver\src\rmngrcalls.cpp(476):
60c686dc-798f-4d17-aadb-a90156a16eb8: Сеанс отсутствует или удален
ID=a2821a70-12ef-437b-9cc0-2faa563139be, File=d:\jenkins\ci_builder2\windowsbuild2\platform\src\rserver\src\clusterdistribimpl.cpp(1439)'
29:11.096000-0,EXCP,2,process=rphost,p:processName=bi_bk3wk1_prod_01,OSThread=8016,t:clientID=27,t:applicationName=BackgroundJob,t:computerName=DC2BUHAPP11,t:connectID=3706,SessionID=57365,Usr=Павленко Жанна Александровна,Exception=SeanceContextException,Descr='Сеанс отсутствует или удален
ID=99ce6d5d-b5ac-4534-8dd5-ee422c823fdf, File=d:\jenkins\ci_builder2\windowsbuild2\platform\src\rserver\src\rmngrcalls.cpp(364)'
29:11.096001-0,EXCP,2,process=rphost,p:processName=bi_bk3wk1_prod_01,OSThread=6756,t:clientID=31,t:applicationName=BackgroundJob,t:computerName=DC2BUHAPP11,t:connectID=3712,SessionID=57369,Usr=Павленко Жанна Александровна,Exception=SeanceContextException,Descr='Сеанс отсутствует или удален
ID=a61326c9-be39-49e2-94fa-061e5868e80e, File=d:\jenkins\ci_builder2\windowsbuild2\platform\src\rserver\src\rmngrcalls.cpp(364)'
29:11.096003-0,EXCP,2,process=rphost,p:processName=bi_bk3wk1_prod_01,OSThread=6756,t:clientID=31,t:applicationName=BackgroundJob,t:computerName=DC2BUHAPP11,t:connectID=3712,SessionID=57369,Usr=Павленко Жанна Александровна,Exception=60c686dc-798f-4d17-aadb-a90156a16eb8,Descr='src\rserver\src\serverjobexecutor.cpp(1095):
60c686dc-798f-4d17-aadb-a90156a16eb8: Сеанс отсутствует или удален
ID=a61326c9-be39-49e2-94fa-061e5868e80e, File=d:\jenkins\ci_builder2\windowsbuild2\platform\src\rserver\src\rmngrcalls.cpp(364)'
29:11.096002-0,EXCP,2,process=rphost,p:processName=bi_bk3wk1_prod_01,OSThread=8016,t:clientID=27,t:applicationName=BackgroundJob,t:computerName=DC2BUHAPP11,t:connectID=3706,SessionID=57365,Usr=Павленко Жанна Александровна,Exception=60c686dc-798f-4d17-aadb-a90156a16eb8,Descr='src\rserver\src\serverjobexecutor.cpp(1095):
60c686dc-798f-4d17-aadb-a90156a16eb8: Сеанс отсутствует или удален
ID=99ce6d5d-b5ac-4534-8dd5-ee422c823fdf, File=d:\jenkins\ci_builder2\windowsbuild2\platform\src\rserver\src\rmngrcalls.cpp(364)'
29:11.096011-0,EXCP,3,process=rphost,p:processName=bi_bk3wk1_prod_01,OSThread=6756,t:clientID=31,t:applicationName=BackgroundJob,t:computerName=DC2BUHAPP11,t:connectID=3712,SessionID=57369,Usr=Павленко Жанна Александровна,Exception=SeanceContextException,Descr='Сеанс отсутствует или удален
ID=a61326c9-be39-49e2-94fa-061e5868e80e, File=d:\jenkins\ci_builder2\windowsbuild2\platform\src\rserver\src\clusterdistribimpl.cpp(1439)'
29:11.096014-0,EXCP,2,process=rphost,p:processName=bi_bk3wk1_prod_01,OSThread=6756,t:clientID=31,t:applicationName=BackgroundJob,t:computerName=DC2BUHAPP11,t:connectID=3712,SessionID=57369,Usr=Павленко Жанна Александровна,Exception=60c686dc-798f-4d17-aadb-a90156a16eb8,Descr='src\rserver\src\rmngrcalls.cpp(476):
60c686dc-798f-4d17-aadb-a90156a16eb8: Сеанс отсутствует или удален
ID=a61326c9-be39-49e2-94fa-061e5868e80e, File=d:\jenkins\ci_builder2\windowsbuild2\platform\src\rserver\src\clusterdistribimpl.cpp(1439)'
29:11.096013-0,EXCP,3,process=rphost,p:processName=bi_bk3wk1_prod_01,OSThread=8016,t:clientID=27,t:applicationName=BackgroundJob,t:computerName=DC2BUHAPP11,t:connectID=3706,SessionID=57365,Usr=Павленко Жанна Александровна,Exception=SeanceContextException,Descr='Сеанс отсутствует или удален
ID=99ce6d5d-b5ac-4534-8dd5-ee422c823fdf, File=d:\jenkins\ci_builder2\windowsbuild2\platform\src\rserver\src\clusterdistribimpl.cpp(1439)'
29:11.096017-0,EXCP,2,process=rphost,p:processName=bi_bk3wk1_prod_01,OSThread=8016,t:clientID=27,t:applicationName=BackgroundJob,t:computerName=DC2BUHAPP11,t:connectID=3706,SessionID=57365,Usr=Павленко Жанна Александровна,Exception=60c686dc-798f-4d17-aadb-a90156a16eb8,Descr='src\rserver\src\rmngrcalls.cpp(476):
60c686dc-798f-4d17-aadb-a90156a16eb8: Сеанс отсутствует или удален
ID=99ce6d5d-b5ac-4534-8dd5-ee422c823fdf, File=d:\jenkins\ci_builder2\windowsbuild2\platform\src\rserver\src\clusterdistribimpl.cpp(1439)'
29:11.111001-0,EXCP,2,process=rphost,p:processName=bi_bk3wk1_prod_01,OSThread=3900,t:clientID=30,t:applicationName=BackgroundJob,t:computerName=DC2BUHAPP11,t:connectID=3709,SessionID=57368,Usr=Павленко Жанна Александровна,Exception=SeanceContextException,Descr='Сеанс отсутствует или удален
ID=e619d0a8-c0a7-4452-9441-5723caf7f653, File=d:\jenkins\ci_builder2\windowsbuild2\platform\src\rserver\src\rmngrcalls.cpp(364)'
29:11.111003-0,EXCP,2,process=rphost,p:processName=bi_bk3wk1_prod_01,OSThread=3900,t:clientID=30,t:applicationName=BackgroundJob,t:computerName=DC2BUHAPP11,t:connectID=3709,SessionID=57368,Usr=Павленко Жанна Александровна,Exception=60c686dc-798f-4d17-aadb-a90156a16eb8,Descr='src\rserver\src\serverjobexecutor.cpp(1095):
60c686dc-798f-4d17-aadb-a90156a16eb8: Сеанс отсутствует или удален
ID=e619d0a8-c0a7-4452-9441-5723caf7f653, File=d:\jenkins\ci_builder2\windowsbuild2\platform\src\rserver\src\rmngrcalls.cpp(364)'
29:11.111007-0,EXCP,3,process=rphost,p:processName=bi_bk3wk1_prod_01,OSThread=3900,t:clientID=30,t:applicationName=BackgroundJob,t:computerName=DC2BUHAPP11,t:connectID=3709,SessionID=57368,Usr=Павленко Жанна Александровна,Exception=SeanceContextException,Descr='Сеанс отсутствует или удален
ID=e619d0a8-c0a7-4452-9441-5723caf7f653, File=d:\jenkins\ci_builder2\windowsbuild2\platform\src\rserver\src\clusterdistribimpl.cpp(1439)'
29:11.111009-0,EXCP,2,process=rphost,p:processName=bi_bk3wk1_prod_01,OSThread=3900,t:clientID=30,t:applicationName=BackgroundJob,t:computerName=DC2BUHAPP11,t:connectID=3709,SessionID=57368,Usr=Павленко Жанна Александровна,Exception=60c686dc-798f-4d17-aadb-a90156a16eb8,Descr='src\rserver\src\rmngrcalls.cpp(476):
60c686dc-798f-4d17-aadb-a90156a16eb8: Сеанс отсутствует или удален
ID=e619d0a8-c0a7-4452-9441-5723caf7f653, File=d:\jenkins\ci_builder2\windowsbuild2\platform\src\rserver\src\clusterdistribimpl.cpp(1439)'
29:11.190006-0,EXCP,2,process=rphost,p:processName=bi_bk3wk1_prod_01,OSThread=3900,t:clientID=30,t:applicationName=BackgroundJob,t:computerName=DC2BUHAPP11,t:connectID=3709,SessionID=57368,Usr=Павленко Жанна Александровна,Exception=SeanceContextException,Descr='Сеанс отсутствует или удален
ID=e619d0a8-c0a7-4452-9441-5723caf7f653, File=d:\jenkins\ci_builder2\windowsbuild2\platform\src\rserver\src\rmngrcalls.cpp(364)'
29:11.190007-0,EXCP,2,process=rphost,p:processName=bi_bk3wk1_prod_01,OSThread=8100,t:clientID=32,t:applicationName=BackgroundJob,t:computerName=DC2BUHAPP11,t:connectID=3713,SessionID=57370,Usr=Ахимова Раушан Оразаковна,Exception=SeanceContextException,Descr='Сеанс отсутствует или удален
ID=a2821a70-12ef-437b-9cc0-2faa563139be, File=d:\jenkins\ci_builder2\windowsbuild2\platform\src\rserver\src\rmngrcalls.cpp(364)'
29:11.190009-0,EXCP,2,process=rphost,p:processName=bi_bk3wk1_prod_01,OSThread=8016,t:clientID=27,t:applicationName=BackgroundJob,t:computerName=DC2BUHAPP11,t:connectID=3706,SessionID=57365,Usr=Павленко Жанна Александровна,Exception=SeanceContextException,Descr='Сеанс отсутствует или удален
ID=99ce6d5d-b5ac-4534-8dd5-ee422c823fdf, File=d:\jenkins\ci_builder2\windowsbuild2\platform\src\rserver\src\rmngrcalls.cpp(364)'
29:11.190008-0,EXCP,2,process=rphost,p:processName=bi_bk3wk1_prod_01,OSThread=6756,t:clientID=31,t:applicationName=BackgroundJob,t:computerName=DC2BUHAPP11,t:connectID=3712,SessionID=57369,Usr=Павленко Жанна Александровна,Exception=SeanceContextException,Descr='Сеанс отсутствует или удален
ID=a61326c9-be39-49e2-94fa-061e5868e80e, File=d:\jenkins\ci_builder2\windowsbuild2\platform\src\rserver\src\rmngrcalls.cpp(364)'
29:11.518029-0,ADMIN,2,process=rphost,p:processName=ServerJobExecutorContext,OSThread=4652,t:clientID=8,t:applicationName=JobScheduler,t:computerName=DC2BUHAPP11,Func=killClient,ClusterID=8aa94e2b-5d54-4b86-800b-79353ce39638,ConnectionID=4e6630b9-2a69-4c37-a6a6-e9ba0e3874f8,Mode=0,Ref=bi_bk3wk1_prod_01(bi_bk3wk1_prod_01),Host=DC2BUHAPP11,Connection=3714,Administrator=Unknown,Result=Success
29:12.158008-0,EXCP,3,process=rphost,p:processName=bi_bk3wk1_prod_01,OSThread=5828,t:clientID=33,t:applicationName=BackgroundJob,t:computerName=DC2BUHAPP11,t:connectID=3714,SessionID=57371,Usr=Павленко Жанна Александровна,Exception=SeanceContextException,Descr='Сеанс отсутствует или удален
ID=b3a0804a-9253-44d3-a812-c32983a22b52, File=d:\jenkins\ci_builder2\windowsbuild2\platform\src\rserver\src\clusterdistribimpl.cpp(1439)'
29:12.158010-0,EXCP,2,process=rphost,p:processName=bi_bk3wk1_prod_01,OSThread=5828,t:clientID=33,t:applicationName=BackgroundJob,t:computerName=DC2BUHAPP11,t:connectID=3714,SessionID=57371,Usr=Павленко Жанна Александровна,Exception=60c686dc-798f-4d17-aadb-a90156a16eb8,Descr='src\rserver\src\rmngrcalls.cpp(476):
60c686dc-798f-4d17-aadb-a90156a16eb8: Сеанс отсутствует или удален
ID=b3a0804a-9253-44d3-a812-c32983a22b52, File=d:\jenkins\ci_builder2\windowsbuild2\platform\src\rserver\src\clusterdistribimpl.cpp(1439)'
29:12.205008-0,EXCP,2,process=rphost,p:processName=bi_bk3wk1_prod_01,OSThread=5828,t:clientID=33,t:applicationName=BackgroundJob,t:computerName=DC2BUHAPP11,t:connectID=3714,SessionID=57371,Usr=Павленко Жанна Александровна,Exception=SeanceContextException,Descr='Сеанс отсутствует или удален
ID=b3a0804a-9253-44d3-a812-c32983a22b52, File=d:\jenkins\ci_builder2\windowsbuild2\platform\src\rserver\src\rmngrcalls.cpp(364)'
29:12.205010-0,EXCP,2,process=rphost,p:processName=bi_bk3wk1_prod_01,OSThread=5828,t:clientID=33,t:applicationName=BackgroundJob,t:computerName=DC2BUHAPP11,t:connectID=3714,SessionID=57371,Usr=Павленко Жанна Александровна,Exception=60c686dc-798f-4d17-aadb-a90156a16eb8,Descr='src\rserver\src\serverjobexecutor.cpp(1095):
60c686dc-798f-4d17-aadb-a90156a16eb8: Сеанс отсутствует или удален
ID=b3a0804a-9253-44d3-a812-c32983a22b52, File=d:\jenkins\ci_builder2\windowsbuild2\platform\src\rserver\src\rmngrcalls.cpp(364)'
29:12.205017-0,EXCP,3,process=rphost,p:processName=bi_bk3wk1_prod_01,OSThread=5828,t:clientID=33,t:applicationName=BackgroundJob,t:computerName=DC2BUHAPP11,t:connectID=3714,SessionID=57371,Usr=Павленко Жанна Александровна,Exception=SeanceContextException,Descr='Сеанс отсутствует или удален
ID=b3a0804a-9253-44d3-a812-c32983a22b52, File=d:\jenkins\ci_builder2\windowsbuild2\platform\src\rserver\src\clusterdistribimpl.cpp(1439)'
29:12.205019-0,EXCP,2,process=rphost,p:processName=bi_bk3wk1_prod_01,OSThread=5828,t:clientID=33,t:applicationName=BackgroundJob,t:computerName=DC2BUHAPP11,t:connectID=3714,SessionID=57371,Usr=Павленко Жанна Александровна,Exception=60c686dc-798f-4d17-aadb-a90156a16eb8,Descr='src\rserver\src\rmngrcalls.cpp(476):
60c686dc-798f-4d17-aadb-a90156a16eb8: Сеанс отсутствует или удален
ID=b3a0804a-9253-44d3-a812-c32983a22b52, File=d:\jenkins\ci_builder2\windowsbuild2\platform\src\rserver\src\clusterdistribimpl.cpp(1439)'
29:12.408000-0,EXCP,2,process=rphost,p:processName=bi_bk3wk1_prod_01,OSThread=5828,t:clientID=33,t:applicationName=BackgroundJob,t:computerName=DC2BUHAPP11,t:connectID=3714,SessionID=57371,Usr=Павленко Жанна Александровна,Exception=SeanceContextException,Descr='Сеанс отсутствует или удален
ID=b3a0804a-9253-44d3-a812-c32983a22b52, File=d:\jenkins\ci_builder2\windowsbuild2\platform\src\rserver\src\rmngrcalls.cpp(364)'
29:41.440013-0,EXCP,0,process=rphost,OSThread=3588,Exception=acea3e6e-3687-4792-8319-09c009274c9a,Descr='src\rserver\src\rhostimpl.cpp(5997):
acea3e6e-3687-4792-8319-09c009274c9a: Рабочий процесс не найден'
29:41.627000-0,PROC,0,process=rphost,OSThread=5904,Txt='Process terminated.
Stopped on error (working)'
29:42.455001-0,PROC,0,process=rphost,OSThread=6992,Txt='Process terminated.
Stopped on error (working)'
29:42.455012-0,EXCP,0,process=rphost,OSThread=3588,Exception=acea3e6e-3687-4792-8319-09c009274c9a,Descr='src\rserver\src\rhostimpl.cpp(5997):
acea3e6e-3687-4792-8319-09c009274c9a: Рабочий процесс не найден'
29:42.455014-0,EXCP,2,process=rphost,OSThread=5540,Exception=96380a22-60f7-4a8b-8fca-1224e6bc518f,Descr='src\rserver\src\rmngrcalls.cpp(951):
96380a22-60f7-4a8b-8fca-1224e6bc518f: OnFinishRpHost'
29:42.455017-0,EXCP,0,process=rphost,OSThread=3824,Exception=dd149677-3d47-4e05-a55f-4e75b13a441f,Descr='src\rtrsrvc\src\remoteinterfaceimpl.cpp(736):
dd149677-3d47-4e05-a55f-4e75b13a441f: Процесс завершается. Исходящий вызов запрещен.'
29:42.455018-0,EXCP,0,process=rphost,OSThread=3824,Exception=dd149677-3d47-4e05-a55f-4e75b13a441f,Descr='src\rserver\src\rmngrcalls.cpp(543):
dd149677-3d47-4e05-a55f-4e75b13a441f: Процесс завершается. Исходящий вызов запрещен.'
29:42.455019-0,EXCP,0,process=rphost,OSThread=3824,Exception=dd149677-3d47-4e05-a55f-4e75b13a441f,Descr='src\rtrsrvc\src\remoteinterfaceimpl.cpp(736):
dd149677-3d47-4e05-a55f-4e75b13a441f: Процесс завершается. Исходящий вызов запрещен.'
29:42.455020-0,EXCP,0,process=rphost,OSThread=3824,Exception=dd149677-3d47-4e05-a55f-4e75b13a441f,Descr='src\rtrsrvc\src\remoteinterfaceimpl.cpp(736):
dd149677-3d47-4e05-a55f-4e75b13a441f: Процесс завершается. Исходящий вызов запрещен.'
29:42.455021-0,EXCP,0,process=rphost,OSThread=3824,Exception=dd149677-3d47-4e05-a55f-4e75b13a441f,Descr='src\rtrsrvc\src\remoteinterfaceimpl.cpp(736):
dd149677-3d47-4e05-a55f-4e75b13a441f: Процесс завершается. Исходящий вызов запрещен.'
29:42.455022-0,EXCP,0,process=rphost,OSThread=3824,Exception=dd149677-3d47-4e05-a55f-4e75b13a441f,Descr='src\rtrsrvc\src\remoteinterfaceimpl.cpp(736):
dd149677-3d47-4e05-a55f-4e75b13a441f: Процесс завершается. Исходящий вызов запрещен.'
29:42.455023-0,EXCP,0,process=rphost,OSThread=3824,Exception=dd149677-3d47-4e05-a55f-4e75b13a441f,Descr='src\rtrsrvc\src\remoteinterfaceimpl.cpp(736):
dd149677-3d47-4e05-a55f-4e75b13a441f: Процесс завершается. Исходящий вызов запрещен.'
29:42.455024-0,EXCP,0,process=rphost,OSThread=3824,Exception=dd149677-3d47-4e05-a55f-4e75b13a441f,Descr='src\rtrsrvc\src\remoteinterfaceimpl.cpp(736):
dd149677-3d47-4e05-a55f-4e75b13a441f: Процесс завершается. Исходящий вызов запрещен.'
29:42.455025-0,EXCP,0,process=rphost,OSThread=3824,Exception=dd149677-3d47-4e05-a55f-4e75b13a441f,Descr='src\rtrsrvc\src\remoteinterfaceimpl.cpp(736):
dd149677-3d47-4e05-a55f-4e75b13a441f: Процесс завершается. Исходящий вызов запрещен.'
29:42.455026-0,EXCP,0,process=rphost,OSThread=3824,Exception=dd149677-3d47-4e05-a55f-4e75b13a441f,Descr='src\rtrsrvc\src\remoteinterfaceimpl.cpp(736):
dd149677-3d47-4e05-a55f-4e75b13a441f: Процесс завершается. Исходящий вызов запрещен.'
29:42.455027-0,EXCP,0,process=rphost,OSThread=3824,Exception=dd149677-3d47-4e05-a55f-4e75b13a441f,Descr='src\rtrsrvc\src\remoteinterfaceimpl.cpp(736):
dd149677-3d47-4e05-a55f-4e75b13a441f: Процесс завершается. Исходящий вызов запрещен.'
29:42.455028-0,EXCP,0,process=rphost,OSThread=3824,Exception=dd149677-3d47-4e05-a55f-4e75b13a441f,Descr='src\rtrsrvc\src\remoteinterfaceimpl.cpp(736):
dd149677-3d47-4e05-a55f-4e75b13a441f: Процесс завершается. Исходящий вызов запрещен.'
29:42.455029-0,EXCP,0,process=rphost,OSThread=3824,Exception=dd149677-3d47-4e05-a55f-4e75b13a441f,Descr='src\rtrsrvc\src\remoteinterfaceimpl.cpp(736):
dd149677-3d47-4e05-a55f-4e75b13a441f: Процесс завершается. Исходящий вызов запрещен.'
29:42.455030-0,EXCP,0,process=rphost,OSThread=3824,Exception=dd149677-3d47-4e05-a55f-4e75b13a441f,Descr='src\rtrsrvc\src\remoteinterfaceimpl.cpp(736):
dd149677-3d47-4e05-a55f-4e75b13a441f: Процесс завершается. Исходящий вызов запрещен.'
29:42.674000-0,EXCP,0,process=rphost,OSThread=3824,Exception=dd149677-3d47-4e05-a55f-4e75b13a441f,Descr='src\rtrsrvc\src\remoteinterfaceimpl.cpp(736):
dd149677-3d47-4e05-a55f-4e75b13a441f: Процесс завершается. Исходящий вызов запрещен.'
29:42.674001-0,EXCP,0,process=rphost,OSThread=3824,Exception=dd149677-3d47-4e05-a55f-4e75b13a441f,Descr='src\rserver\src\rmngrcalls.cpp(543):
dd149677-3d47-4e05-a55f-4e75b13a441f: Процесс завершается. Исходящий вызов запрещен.'
29:42.674002-0,EXCP,0,process=rphost,OSThread=3824,Exception=dd149677-3d47-4e05-a55f-4e75b13a441f,Descr='src\rtrsrvc\src\remoteinterfaceimpl.cpp(736):
dd149677-3d47-4e05-a55f-4e75b13a441f: Процесс завершается. Исходящий вызов запрещен.'
29:42.674003-0,EXCP,0,process=rphost,OSThread=3824,Exception=dd149677-3d47-4e05-a55f-4e75b13a441f,Descr='src\rtrsrvc\src\remoteinterfaceimpl.cpp(736):
dd149677-3d47-4e05-a55f-4e75b13a441f: Процесс завершается. Исходящий вызов запрещен.'
29:42.674004-0,EXCP,0,process=rphost,OSThread=3824,Exception=dd149677-3d47-4e05-a55f-4e75b13a441f,Descr='src\rtrsrvc\src\remoteinterfaceimpl.cpp(736):
dd149677-3d47-4e05-a55f-4e75b13a441f: Процесс завершается. Исходящий вызов запрещен.'
29:42.674005-0,EXCP,0,process=rphost,OSThread=3824,Exception=dd149677-3d47-4e05-a55f-4e75b13a441f,Descr='src\rtrsrvc\src\remoteinterfaceimpl.cpp(736):
dd149677-3d47-4e05-a55f-4e75b13a441f: Процесс завершается. Исходящий вызов запрещен.'
29:42.674006-0,EXCP,0,process=rphost,OSThread=3824,Exception=dd149677-3d47-4e05-a55f-4e75b13a441f,Descr='src\rtrsrvc\src\remoteinterfaceimpl.cpp(736):
dd149677-3d47-4e05-a55f-4e75b13a441f: Процесс завершается. Исходящий вызов запрещен.'
29:42.674007-0,EXCP,0,process=rphost,OSThread=3824,Exception=dd149677-3d47-4e05-a55f-4e75b13a441f,Descr='src\rtrsrvc\src\remoteinterfaceimpl.cpp(736):
dd149677-3d47-4e05-a55f-4e75b13a441f: Процесс завершается. Исходящий вызов запрещен.'
29:42.674008-0,EXCP,0,process=rphost,OSThread=3824,Exception=dd149677-3d47-4e05-a55f-4e75b13a441f,Descr='src\rtrsrvc\src\remoteinterfaceimpl.cpp(736):
dd149677-3d47-4e05-a55f-4e75b13a441f: Процесс завершается. Исходящий вызов запрещен.'
29:42.674009-0,EXCP,0,process=rphost,OSThread=3824,Exception=dd149677-3d47-4e05-a55f-4e75b13a441f,Descr='src\rtrsrvc\src\remoteinterfaceimpl.cpp(736):
dd149677-3d47-4e05-a55f-4e75b13a441f: Процесс завершается. Исходящий вызов запрещен.'
29:42.674010-0,EXCP,0,process=rphost,OSThread=3824,Exception=dd149677-3d47-4e05-a55f-4e75b13a441f,Descr='src\rtrsrvc\src\remoteinterfaceimpl.cpp(736):
dd149677-3d47-4e05-a55f-4e75b13a441f: Процесс завершается. Исходящий вызов запрещен.'
29:42.674011-0,EXCP,0,process=rphost,OSThread=3824,Exception=dd149677-3d47-4e05-a55f-4e75b13a441f,Descr='src\rtrsrvc\src\remoteinterfaceimpl.cpp(736):
dd149677-3d47-4e05-a55f-4e75b13a441f: Процесс завершается. Исходящий вызов запрещен.'
29:42.674012-0,EXCP,0,process=rphost,OSThread=3824,Exception=dd149677-3d47-4e05-a55f-4e75b13a441f,Descr='src\rtrsrvc\src\remoteinterfaceimpl.cpp(736):
dd149677-3d47-4e05-a55f-4e75b13a441f: Процесс завершается. Исходящий вызов запрещен.'
29:42.674013-0,EXCP,0,process=rphost,OSThread=3824,Exception=dd149677-3d47-4e05-a55f-4e75b13a441f,Descr='src\rtrsrvc\src\remoteinterfaceimpl.cpp(736):
dd149677-3d47-4e05-a55f-4e75b13a441f: Процесс завершается. Исходящий вызов запрещен.'
29:42.674014-0,EXCP,0,process=rphost,OSThread=3824,Exception=dd149677-3d47-4e05-a55f-4e75b13a441f,Descr='src\rtrsrvc\src\remoteinterfaceimpl.cpp(736):
dd149677-3d47-4e05-a55f-4e75b13a441f: Процесс завершается. Исходящий вызов запрещен.'
29:42.674015-0,EXCP,0,process=rphost,OSThread=3824,Exception=dd149677-3d47-4e05-a55f-4e75b13a441f,Descr='src\rtrsrvc\src\remoteinterfaceimpl.cpp(736):
dd149677-3d47-4e05-a55f-4e75b13a441f: Процесс завершается. Исходящий вызов запрещен.'
29:42.674018-0,EXCP,0,process=rphost,OSThread=3824,Exception=dd149677-3d47-4e05-a55f-4e75b13a441f,Descr='src\rserver\src\rmngrcalls.cpp(586):
dd149677-3d47-4e05-a55f-4e75b13a441f: Процесс завершается. Исходящий вызов запрещен.'
29:42.674019-0,EXCP,0,process=rphost,OSThread=3824,Exception=dd149677-3d47-4e05-a55f-4e75b13a441f,Descr='src\rserver\src\rhostimpl.cpp(6261):
dd149677-3d47-4e05-a55f-4e75b13a441f: Процесс завершается. Исходящий вызов запрещен.'
29:42.674020-0,EXCP,0,process=rphost,OSThread=3824,Exception=dd149677-3d47-4e05-a55f-4e75b13a441f,Descr='src\rtrsrvc\src\remoteinterfaceimpl.cpp(736):
dd149677-3d47-4e05-a55f-4e75b13a441f: Процесс завершается. Исходящий вызов запрещен.'
29:42.674021-0,EXCP,0,process=rphost,OSThread=3824,Exception=dd149677-3d47-4e05-a55f-4e75b13a441f,Descr='src\rserver\src\rmngrcalls.cpp(732):
dd149677-3d47-4e05-a55f-4e75b13a441f: Процесс завершается. Исходящий вызов запрещен.'
29:42.674022-0,EXCP,0,process=rphost,OSThread=3824,Exception=dd149677-3d47-4e05-a55f-4e75b13a441f,Descr='src\rtrsrvc\src\remoteinterfaceimpl.cpp(736):
dd149677-3d47-4e05-a55f-4e75b13a441f: Процесс завершается. Исходящий вызов запрещен.'
29:42.674023-0,EXCP,0,process=rphost,OSThread=3824,Exception=dd149677-3d47-4e05-a55f-4e75b13a441f,Descr='src\rtrsrvc\src\remoteinterfaceimpl.cpp(736):
dd149677-3d47-4e05-a55f-4e75b13a441f: Процесс завершается. Исходящий вызов запрещен.'
29:42.674024-0,EXCP,0,process=rphost,OSThread=3824,Exception=dd149677-3d47-4e05-a55f-4e75b13a441f,Descr='src\rtrsrvc\src\remoteinterfaceimpl.cpp(736):
dd149677-3d47-4e05-a55f-4e75b13a441f: Процесс завершается. Исходящий вызов запрещен.'
29:42.674025-0,EXCP,0,process=rphost,OSThread=3824,Exception=dd149677-3d47-4e05-a55f-4e75b13a441f,Descr='src\rtrsrvc\src\remoteinterfaceimpl.cpp(736):
dd149677-3d47-4e05-a55f-4e75b13a441f: Процесс завершается. Исходящий вызов запрещен.'
29:42.674026-0,EXCP,0,process=rphost,OSThread=3824,Exception=dd149677-3d47-4e05-a55f-4e75b13a441f,Descr='src\rtrsrvc\src\remoteinterfaceimpl.cpp(736):
dd149677-3d47-4e05-a55f-4e75b13a441f: Процесс завершается. Исходящий вызов запрещен.'
29:42.674027-0,EXCP,0,process=rphost,OSThread=3824,Exception=dd149677-3d47-4e05-a55f-4e75b13a441f,Descr='src\rtrsrvc\src\remoteinterfaceimpl.cpp(736):
dd149677-3d47-4e05-a55f-4e75b13a441f: Процесс завершается. Исходящий вызов запрещен.'
29:42.674028-0,EXCP,0,process=rphost,OSThread=3824,Exception=dd149677-3d47-4e05-a55f-4e75b13a441f,Descr='src\rtrsrvc\src\remoteinterfaceimpl.cpp(736):
dd149677-3d47-4e05-a55f-4e75b13a441f: Процесс завершается. Исходящий вызов запрещен.'
29:42.674029-0,EXCP,0,process=rphost,OSThread=3824,Exception=dd149677-3d47-4e05-a55f-4e75b13a441f,Descr='src\rtrsrvc\src\remoteinterfaceimpl.cpp(736):
dd149677-3d47-4e05-a55f-4e75b13a441f: Процесс завершается. Исходящий вызов запрещен.'
29:42.674030-0,EXCP,0,process=rphost,OSThread=3824,Exception=dd149677-3d47-4e05-a55f-4e75b13a441f,Descr='src\rtrsrvc\src\remoteinterfaceimpl.cpp(736):
dd149677-3d47-4e05-a55f-4e75b13a441f: Процесс завершается. Исходящий вызов запрещен.'
29:42.674031-0,EXCP,0,process=rphost,OSThread=3824,Exception=dd149677-3d47-4e05-a55f-4e75b13a441f,Descr='src\rtrsrvc\src\remoteinterfaceimpl.cpp(736):
dd149677-3d47-4e05-a55f-4e75b13a441f: Процесс завершается. Исходящий вызов запрещен.'
29:42.674032-0,EXCP,0,process=rphost,OSThread=3824,Exception=dd149677-3d47-4e05-a55f-4e75b13a441f,Descr='src\rtrsrvc\src\remoteinterfaceimpl.cpp(736):
dd149677-3d47-4e05-a55f-4e75b13a441f: Процесс завершается. Исходящий вызов запрещен.'
29:42.674033-0,EXCP,0,process=rphost,OSThread=3824,Exception=dd149677-3d47-4e05-a55f-4e75b13a441f,Descr='src\rtrsrvc\src\remoteinterfaceimpl.cpp(736):
dd149677-3d47-4e05-a55f-4e75b13a441f: Процесс завершается. Исходящий вызов запрещен.'
29:42.674034-0,EXCP,0,process=rphost,OSThread=3824,Exception=dd149677-3d47-4e05-a55f-4e75b13a441f,Descr='src\rtrsrvc\src\remoteinterfaceimpl.cpp(736):
dd149677-3d47-4e05-a55f-4e75b13a441f: Процесс завершается. Исходящий вызов запрещен.'
29:42.674035-0,EXCP,0,process=rphost,OSThread=3824,Exception=dd149677-3d47-4e05-a55f-4e75b13a441f,Descr='src\rtrsrvc\src\remoteinterfaceimpl.cpp(736):
dd149677-3d47-4e05-a55f-4e75b13a441f: Процесс завершается. Исходящий вызов запрещен.'
29:42.674038-0,EXCP,0,process=rphost,OSThread=3824,Exception=dd149677-3d47-4e05-a55f-4e75b13a441f,Descr='src\rtrsrvc\src\remoteinterfaceimpl.cpp(736):
dd149677-3d47-4e05-a55f-4e75b13a441f: Процесс завершается. Исходящий вызов запрещен.'
29:42.674039-0,EXCP,0,process=rphost,OSThread=3824,Exception=dd149677-3d47-4e05-a55f-4e75b13a441f,Descr='src\rserver\src\rmngrcalls.cpp(732):
dd149677-3d47-4e05-a55f-4e75b13a441f: Процесс завершается. Исходящий вызов запрещен.'
29:42.674040-0,EXCP,0,process=rphost,OSThread=3824,Exception=dd149677-3d47-4e05-a55f-4e75b13a441f,Descr='src\rtrsrvc\src\remoteinterfaceimpl.cpp(736):
dd149677-3d47-4e05-a55f-4e75b13a441f: Процесс завершается. Исходящий вызов запрещен.'
29:42.674041-0,EXCP,0,process=rphost,OSThread=3824,Exception=dd149677-3d47-4e05-a55f-4e75b13a441f,Descr='src\rtrsrvc\src\remoteinterfaceimpl.cpp(736):
dd149677-3d47-4e05-a55f-4e75b13a441f: Процесс завершается. Исходящий вызов запрещен.'
29:42.674042-0,EXCP,0,process=rphost,OSThread=3824,Exception=dd149677-3d47-4e05-a55f-4e75b13a441f,Descr='src\rtrsrvc\src\remoteinterfaceimpl.cpp(736):
dd149677-3d47-4e05-a55f-4e75b13a441f: Процесс завершается. Исходящий вызов запрещен.'
29:42.674043-0,EXCP,0,process=rphost,OSThread=3824,Exception=dd149677-3d47-4e05-a55f-4e75b13a441f,Descr='src\rtrsrvc\src\remoteinterfaceimpl.cpp(736):
dd149677-3d47-4e05-a55f-4e75b13a441f: Процесс завершается. Исходящий вызов запрещен.'
29:42.674044-0,EXCP,0,process=rphost,OSThread=3824,Exception=dd149677-3d47-4e05-a55f-4e75b13a441f,Descr='src\rtrsrvc\src\remoteinterfaceimpl.cpp(736):
dd149677-3d47-4e05-a55f-4e75b13a441f: Процесс завершается. Исходящий вызов запрещен.'
29:42.674045-0,EXCP,0,process=rphost,OSThread=3824,Exception=dd149677-3d47-4e05-a55f-4e75b13a441f,Descr='src\rtrsrvc\src\remoteinterfaceimpl.cpp(736):
dd149677-3d47-4e05-a55f-4e75b13a441f: Процесс завершается. Исходящий вызов запрещен.'
29:42.674046-0,EXCP,0,process=rphost,OSThread=3824,Exception=dd149677-3d47-4e05-a55f-4e75b13a441f,Descr='src\rtrsrvc\src\remoteinterfaceimpl.cpp(736):
dd149677-3d47-4e05-a55f-4e75b13a441f: Процесс завершается. Исходящий вызов запрещен.'
29:42.674047-0,EXCP,0,process=rphost,OSThread=3824,Exception=dd149677-3d47-4e05-a55f-4e75b13a441f,Descr='src\rtrsrvc\src\remoteinterfaceimpl.cpp(736):
dd149677-3d47-4e05-a55f-4e75b13a441f: Процесс завершается. Исходящий вызов запрещен.'
29:42.674048-0,EXCP,0,process=rphost,OSThread=3824,Exception=dd149677-3d47-4e05-a55f-4e75b13a441f,Descr='src\rtrsrvc\src\remoteinterfaceimpl.cpp(736):
dd149677-3d47-4e05-a55f-4e75b13a441f: Процесс завершается. Исходящий вызов запрещен.'
29:42.674049-0,EXCP,0,process=rphost,OSThread=3824,Exception=dd149677-3d47-4e05-a55f-4e75b13a441f,Descr='src\rtrsrvc\src\remoteinterfaceimpl.cpp(736):
dd149677-3d47-4e05-a55f-4e75b13a441f: Процесс завершается. Исходящий вызов запрещен.'
29:42.674050-0,EXCP,0,process=rphost,OSThread=3824,Exception=dd149677-3d47-4e05-a55f-4e75b13a441f,Descr='src\rtrsrvc\src\remoteinterfaceimpl.cpp(736):
dd149677-3d47-4e05-a55f-4e75b13a441f: Процесс завершается. Исходящий вызов запрещен.'
29:42.674051-0,EXCP,0,process=rphost,OSThread=3824,Exception=dd149677-3d47-4e05-a55f-4e75b13a441f,Descr='src\rtrsrvc\src\remoteinterfaceimpl.cpp(736):
dd149677-3d47-4e05-a55f-4e75b13a441f: Процесс завершается. Исходящий вызов запрещен.'
29:42.674052-0,EXCP,0,process=rphost,OSThread=3824,Exception=dd149677-3d47-4e05-a55f-4e75b13a441f,Descr='src\rtrsrvc\src\remoteinterfaceimpl.cpp(736):
dd149677-3d47-4e05-a55f-4e75b13a441f: Процесс завершается. Исходящий вызов запрещен.'
29:42.674053-0,EXCP,0,process=rphost,OSThread=3824,Exception=dd149677-3d47-4e05-a55f-4e75b13a441f,Descr='src\rtrsrvc\src\remoteinterfaceimpl.cpp(736):
dd149677-3d47-4e05-a55f-4e75b13a441f: Процесс завершается. Исходящий вызов запрещен.'
29:42.674054-0,EXCP,0,process=rphost,OSThread=3824,Exception=dd149677-3d47-4e05-a55f-4e75b13a441f,Descr='src\rtrsrvc\src\remoteinterfaceimpl.cpp(736):
dd149677-3d47-4e05-a55f-4e75b13a441f: Процесс завершается. Исходящий вызов запрещен.'
29:42.674055-0,EXCP,0,process=rphost,OSThread=3824,Exception=dd149677-3d47-4e05-a55f-4e75b13a441f,Descr='src\rtrsrvc\src\remoteinterfaceimpl.cpp(736):
dd149677-3d47-4e05-a55f-4e75b13a441f: Процесс завершается. Исходящий вызов запрещен.'
29:42.674058-0,EXCP,0,process=rphost,OSThread=3824,Exception=96380a22-60f7-4a8b-8fca-1224e6bc518f,Descr='src\rserver\src\rmngrcalls.cpp(951):
96380a22-60f7-4a8b-8fca-1224e6bc518f: onFinishConnection'
29:42.674059-0,EXCP,0,process=rphost,OSThread=3824,Exception=dd149677-3d47-4e05-a55f-4e75b13a441f,Descr='src\rtrsrvc\src\remoteinterfaceimpl.cpp(736):
dd149677-3d47-4e05-a55f-4e75b13a441f: Процесс завершается. Исходящий вызов запрещен.'
29:42.674060-0,EXCP,0,process=rphost,OSThread=3824,Exception=dd149677-3d47-4e05-a55f-4e75b13a441f,Descr='src\rserver\src\rmngrcalls.cpp(543):
dd149677-3d47-4e05-a55f-4e75b13a441f: Процесс завершается. Исходящий вызов запрещен.'
29:42.674061-0,EXCP,0,process=rphost,OSThread=3824,Exception=dd149677-3d47-4e05-a55f-4e75b13a441f,Descr='src\rtrsrvc\src\remoteinterfaceimpl.cpp(736):
dd149677-3d47-4e05-a55f-4e75b13a441f: Процесс завершается. Исходящий вызов запрещен.'
29:42.674062-0,EXCP,0,process=rphost,OSThread=3824,Exception=dd149677-3d47-4e05-a55f-4e75b13a441f,Descr='src\rtrsrvc\src\remoteinterfaceimpl.cpp(736):
dd149677-3d47-4e05-a55f-4e75b13a441f: Процесс завершается. Исходящий вызов запрещен.'
29:42.674063-0,EXCP,0,process=rphost,OSThread=3824,Exception=dd149677-3d47-4e05-a55f-4e75b13a441f,Descr='src\rtrsrvc\src\remoteinterfaceimpl.cpp(736):
dd149677-3d47-4e05-a55f-4e75b13a441f: Процесс завершается. Исходящий вызов запрещен.'
29:42.674064-0,EXCP,0,process=rphost,OSThread=3824,Exception=dd149677-3d47-4e05-a55f-4e75b13a441f,Descr='src\rtrsrvc\src\remoteinterfaceimpl.cpp(736):
dd149677-3d47-4e05-a55f-4e75b13a441f: Процесс завершается. Исходящий вызов запрещен.'
29:42.674065-0,EXCP,0,process=rphost,OSThread=3824,Exception=dd149677-3d47-4e05-a55f-4e75b13a441f,Descr='src\rtrsrvc\src\remoteinterfaceimpl.cpp(736):
dd149677-3d47-4e05-a55f-4e75b13a441f: Процесс завершается. Исходящий вызов запрещен.'
29:42.674066-0,EXCP,0,process=rphost,OSThread=3824,Exception=dd149677-3d47-4e05-a55f-4e75b13a441f,Descr='src\rtrsrvc\src\remoteinterfaceimpl.cpp(736):
dd149677-3d47-4e05-a55f-4e75b13a441f: Процесс завершается. Исходящий вызов запрещен.'
29:42.674067-0,EXCP,0,process=rphost,OSThread=3824,Exception=dd149677-3d47-4e05-a55f-4e75b13a441f,Descr='src\rtrsrvc\src\remoteinterfaceimpl.cpp(736):
dd149677-3d47-4e05-a55f-4e75b13a441f: Процесс завершается. Исходящий вызов запрещен.'
29:42.674072-0,CLSTR,0,process=rphost,OSThread=3824,Event=error found service,Message='Не найдено ни одного сервера с размещенным сервисом
serviceName=ClusterLockService;'
29:42.674073-0,EXCP,0,process=rphost,OSThread=3824,Exception=ba8a0cd1-c2cc-4b84-a837-a0dda720ff4e,Descr='src\rserver\src\rhostimpl.cpp(6261):
ba8a0cd1-c2cc-4b84-a837-a0dda720ff4e: Не найдено ни одного сервера с размещенным сервисом
serviceName=ClusterLockService;'
29:42.674074-0,EXCP,0,process=rphost,OSThread=3824,Exception=dd149677-3d47-4e05-a55f-4e75b13a441f,Descr='src\rserver\src\rmngrcalls.cpp(739):
dd149677-3d47-4e05-a55f-4e75b13a441f: Процесс завершается. Исходящий вызов запрещен.'
29:42.674075-0,EXCP,0,process=rphost,OSThread=3824,Exception=dd149677-3d47-4e05-a55f-4e75b13a441f,Descr='src\rserver\src\rmngrcalls.cpp(739):
dd149677-3d47-4e05-a55f-4e75b13a441f: Процесс завершается. Исходящий вызов запрещен.'
29:42.674076-0,EXCP,0,process=rphost,OSThread=3824,Exception=96380a22-60f7-4a8b-8fca-1224e6bc518f,Descr='src\rserver\src\rmngrcalls.cpp(951):
96380a22-60f7-4a8b-8fca-1224e6bc518f: onFinishConnection'
29:43.799001-0,PROC,1,process=rphost,OSThread=5540,Err=0,Txt=1C:Enterprise 8.3 (x86-64) (8.3.14.1694) Working Process finished.
