20:22.407003-0,PROC,1,process=rphost,OSThread=3944,Err=0,Txt=1C:Enterprise 8.3 (x86-64) (8.3.14.1694) Working Process started. Ctrl+C to exit.
20:33.703137-0,EXCP,3,process=rphost,p:processName=bi_bk3wk1_prod_01,OSThread=1356,t:clientID=9,t:applicationName=BackgroundJob,t:computerName=DC2BUHAPP11,t:connectID=3346,SessionID=3607,Usr=Айтқулова Фариза Полатбекқызы,Exception=8f8dade6-0d65-407c-8c6f-d8fda540435e,Descr='src\rserver\src\serverjobexecutor.cpp(1015):
8f8dade6-0d65-407c-8c6f-d8fda540435e: Задание отменено пользователем '
30:01.220005-0,ADMIN,2,process=rphost,p:processName=ServerJobExecutorContext,OSThread=8268,t:clientID=17,t:applicationName=JobScheduler,t:computerName=DC2BUHAPP11,Func=killClient,ClusterID=8aa94e2b-5d54-4b86-800b-79353ce39638,ConnectionID=ef5072bf-a0ec-41d1-9757-e61fce85b8a0,Mode=0,Ref=bi_bk3wk1_prod_01(bi_bk3wk1_prod_01),Host=DC2BUHAPP11,Connection=3556,Administrator=Unknown,Result=Success
30:01.626006-0,ADMIN,2,process=rphost,p:processName=ServerJobExecutorContext,OSThread=8268,t:clientID=17,t:applicationName=JobScheduler,t:computerName=DC2BUHAPP11,Func=killClient,ClusterID=8aa94e2b-5d54-4b86-800b-79353ce39638,ConnectionID=0f3b0e49-ca5d-425d-b5d5-3a08125d073a,Mode=0,Ref=bi_bk3wk1_prod_01(bi_bk3wk1_prod_01),Host=DC2BUHAPP11,Connection=3557,Administrator=Unknown,Result=Success
30:02.220005-0,ADMIN,2,process=rphost,p:processName=ServerJobExecutorContext,OSThread=8268,t:clientID=17,t:applicationName=JobScheduler,t:computerName=DC2BUHAPP11,Func=killClient,ClusterID=8aa94e2b-5d54-4b86-800b-79353ce39638,ConnectionID=9773782a-ac0a-484e-a809-ef9ffce1a63a,Mode=0,Ref=bi_bk3wk1_prod_01(bi_bk3wk1_prod_01),Host=DC2BUHAPP11,Connection=3558,Administrator=Unknown,Result=Success
30:02.720005-0,EXCP,3,process=rphost,p:processName=bi_bk3wk1_prod_01,OSThread=3048,t:clientID=21,t:applicationName=BackgroundJob,t:computerName=DC2BUHAPP11,t:connectID=3558,SessionID=3825,Usr=Карибекова Сана Канатовна,Exception=SeanceContextException,Descr='Сеанс отсутствует или удален
ID=23855ad3-d0b6-4059-95c2-a7ca4683296b, File=d:\jenkins\ci_builder2\windowsbuild2\platform\src\rserver\src\clusterdistribimpl.cpp(1439)'
30:02.720007-0,EXCP,2,process=rphost,p:processName=bi_bk3wk1_prod_01,OSThread=3048,t:clientID=21,t:applicationName=BackgroundJob,t:computerName=DC2BUHAPP11,t:connectID=3558,SessionID=3825,Usr=Карибекова Сана Канатовна,Exception=60c686dc-798f-4d17-aadb-a90156a16eb8,Descr='src\rserver\src\rmngrcalls.cpp(476):
60c686dc-798f-4d17-aadb-a90156a16eb8: Сеанс отсутствует или удален
ID=23855ad3-d0b6-4059-95c2-a7ca4683296b, File=d:\jenkins\ci_builder2\windowsbuild2\platform\src\rserver\src\clusterdistribimpl.cpp(1439)'
30:02.923000-0,EXCP,2,process=rphost,p:processName=bi_bk3wk1_prod_01,OSThread=3048,t:clientID=21,t:applicationName=BackgroundJob,t:computerName=DC2BUHAPP11,t:connectID=3558,SessionID=3825,Usr=Карибекова Сана Канатовна,Exception=SeanceContextException,Descr='Сеанс отсутствует или удален
ID=23855ad3-d0b6-4059-95c2-a7ca4683296b, File=d:\jenkins\ci_builder2\windowsbuild2\platform\src\rserver\src\rmngrcalls.cpp(364)'
30:02.923001-0,EXCP,2,process=rphost,p:processName=bi_bk3wk1_prod_01,OSThread=3048,t:clientID=21,t:applicationName=BackgroundJob,t:computerName=DC2BUHAPP11,t:connectID=3558,SessionID=3825,Usr=Карибекова Сана Канатовна,Exception=60c686dc-798f-4d17-aadb-a90156a16eb8,Descr='src\rserver\src\serverjobexecutor.cpp(1095):
60c686dc-798f-4d17-aadb-a90156a16eb8: Сеанс отсутствует или удален
ID=23855ad3-d0b6-4059-95c2-a7ca4683296b, File=d:\jenkins\ci_builder2\windowsbuild2\platform\src\rserver\src\rmngrcalls.cpp(364)'
30:02.923003-0,EXCP,3,process=rphost,p:processName=bi_bk3wk1_prod_01,OSThread=3048,t:clientID=21,t:applicationName=BackgroundJob,t:computerName=DC2BUHAPP11,t:connectID=3558,SessionID=3825,Usr=Карибекова Сана Канатовна,Exception=SeanceContextException,Descr='Сеанс отсутствует или удален
ID=23855ad3-d0b6-4059-95c2-a7ca4683296b, File=d:\jenkins\ci_builder2\windowsbuild2\platform\src\rserver\src\clusterdistribimpl.cpp(1439)'
30:02.923005-0,EXCP,2,process=rphost,p:processName=bi_bk3wk1_prod_01,OSThread=3048,t:clientID=21,t:applicationName=BackgroundJob,t:computerName=DC2BUHAPP11,t:connectID=3558,SessionID=3825,Usr=Карибекова Сана Канатовна,Exception=60c686dc-798f-4d17-aadb-a90156a16eb8,Descr='src\rserver\src\rmngrcalls.cpp(476):
60c686dc-798f-4d17-aadb-a90156a16eb8: Сеанс отсутствует или удален
ID=23855ad3-d0b6-4059-95c2-a7ca4683296b, File=d:\jenkins\ci_builder2\windowsbuild2\platform\src\rserver\src\clusterdistribimpl.cpp(1439)'
30:03.126000-0,EXCP,2,process=rphost,p:processName=bi_bk3wk1_prod_01,OSThread=3048,t:clientID=21,t:applicationName=BackgroundJob,t:computerName=DC2BUHAPP11,t:connectID=3558,SessionID=3825,Usr=Карибекова Сана Канатовна,Exception=SeanceContextException,Descr='Сеанс отсутствует или удален
ID=23855ad3-d0b6-4059-95c2-a7ca4683296b, File=d:\jenkins\ci_builder2\windowsbuild2\platform\src\rserver\src\rmngrcalls.cpp(364)'
30:20.925000-0,EXCP,6,process=rphost,p:processName=bi_bk3wk1_prod_01,OSThread=8468,t:clientID=19,t:applicationName=BackgroundJob,t:computerName=DC2BUHAPP11,t:connectID=3556,SessionID=3823,Usr=Карибекова Сана Канатовна,DBMS=DBMSSQL,DataBase=CLSBUHDB01\bi_bk3wk1_prod_01,dbpid=425,Exception=DataBaseException,Descr='Конфликт блокировок при выполнении транзакции:
Microsoft SQL Server Native Client 11.0: Lock request time out period exceeded.
HRESULT=80040E31, SQLSrvr: SQLSTATE=HYT00, state=12, Severity=10, native=1222, line=1
',Context='
МодульСеанса : 7 : СтандартныеПодсистемыСервер.УстановкаПараметровСеанса(ИменаПараметровСеанса);
	ОбщийМодуль.СтандартныеПодсистемыСервер.Модуль : 56 : ВыполнитьОбработчикиУстановкиПараметровСеанса(ИменаПараметровСеанса, Обработчики, УстановленныеПараметры);
		ОбщийМодуль.СтандартныеПодсистемыСервер.Модуль : 2759 : ОбщегоНазначения.ВыполнитьМетодКонфигурации(Обработчик, ПараметрыОбработчика);
			ОбщийМодуль.ОбщегоНазначения.Модуль : 4795 : Выполнить ИмяМетода + "(" + ПараметрыСтрока + ")";
				 : 1 : УправлениеДоступомСлужебный.УстановкаПараметровСеанса(Параметры[0],Параметры[1])
					ОбщийМодуль.УправлениеДоступомСлужебный.Модуль : 1267 : ТипыЗначенийВсеРазрешеныБезИсключений = Запрос.Выполнить().Выгрузить().ВыгрузитьКолонку("ТипЗначений");'
30:20.941002-0,QERR,4,process=rphost,p:processName=bi_bk3wk1_prod_01,OSThread=8468,t:clientID=19,t:applicationName=BackgroundJob,t:computerName=DC2BUHAPP11,t:connectID=3556,SessionID=3823,Usr=Карибекова Сана Канатовна,DBMS=DBMSSQL,DataBase=CLSBUHDB01\bi_bk3wk1_prod_01,Descr='Конфликт блокировок при выполнении транзакции:
Microsoft SQL Server Native Client 11.0: Lock request time out period exceeded.
HRESULT=80040E31, SQLSrvr: SQLSTATE=HYT00, state=12, Severity=10, native=1222, line=1
',Query='ВЫБРАТЬ РАЗЛИЧНЫЕ
	ЗначенияПоУмолчанию.ТипЗначенийДоступа КАК ТипЗначений,
	ЗначенияПоУмолчанию.ВсеРазрешеныБезИсключений КАК ВсеРазрешеныБезИсключений
ПОМЕСТИТЬ ЗначенияПоУмолчаниюДляПользователя
ИЗ
	РегистрСведений.ЗначенияГруппДоступаПоУмолчанию КАК ЗначенияПоУмолчанию
ГДЕ
	ИСТИНА В
			(ВЫБРАТЬ ПЕРВЫЕ 1
				ИСТИНА
			ИЗ
				Справочник.ГруппыДоступа.Пользователи КАК ГруппыДоступаПользователи
					ВНУТРЕННЕЕ СОЕДИНЕНИЕ РегистрСведений.СоставыГруппПользователей КАК СоставыГруппПользователей
					ПО
						ГруппыДоступаПользователи.Ссылка = ЗначенияПоУмолчанию.ГруппаДоступа
							И ГруппыДоступаПользователи.Пользователь = СоставыГруппПользователей.ГруппаПользователей
							И СоставыГруппПользователей.Пользователь = &ТекущийПользователь)
;

////////////////////////////////////////////////////////////////////////////////
ВЫБРАТЬ РАЗЛИЧНЫЕ
	ЗначенияПоУмолчанию.ТипЗначений
ИЗ
	ЗначенияПоУмолчаниюДляПользователя КАК ЗначенияПоУмолчанию

СГРУППИРОВАТЬ ПО
	ЗначенияПоУмолчанию.ТипЗначений

ИМЕЮЩИЕ
	МИНИМУМ(ЗначенияПоУмолчанию.ВсеРазрешеныБезИсключений) = ИСТИНА',Context='
МодульСеанса : 7 : СтандартныеПодсистемыСервер.УстановкаПараметровСеанса(ИменаПараметровСеанса);
	ОбщийМодуль.СтандартныеПодсистемыСервер.Модуль : 56 : ВыполнитьОбработчикиУстановкиПараметровСеанса(ИменаПараметровСеанса, Обработчики, УстановленныеПараметры);
		ОбщийМодуль.СтандартныеПодсистемыСервер.Модуль : 2759 : ОбщегоНазначения.ВыполнитьМетодКонфигурации(Обработчик, ПараметрыОбработчика);
			ОбщийМодуль.ОбщегоНазначения.Модуль : 4795 : Выполнить ИмяМетода + "(" + ПараметрыСтрока + ")";
				 : 1 : УправлениеДоступомСлужебный.УстановкаПараметровСеанса(Параметры[0],Параметры[1])
					ОбщийМодуль.УправлениеДоступомСлужебный.Модуль : 1267 : ТипыЗначенийВсеРазрешеныБезИсключений = Запрос.Выполнить().Выгрузить().ВыгрузитьКолонку("ТипЗначений");'
30:20.941003-0,QERR,4,process=rphost,p:processName=bi_bk3wk1_prod_01,OSThread=8468,t:clientID=19,t:applicationName=BackgroundJob,t:computerName=DC2BUHAPP11,t:connectID=3556,SessionID=3823,Usr=Карибекова Сана Канатовна,DBMS=DBMSSQL,DataBase=CLSBUHDB01\bi_bk3wk1_prod_01,Descr={ОбщийМодуль.УправлениеДоступомСлужебный.Модуль(1267)}: Ошибка при вызове метода контекста (Выполнить),Query='#ПоЗначениямРасширенный( "ПланВидовХарактеристик.ДополнительныеРеквизитыИСведения", "", "",
"",
"",
"ДополнительныеСведения","Т.Ссылка","ИЛИ",
"Условие","НЕ ЭтоДополнительноеСведение","", "","","", "","","", "","","", "","","", "","","", "","","", "","","", "","","", "","","", "","","", "","","", "","","", "","","", "","","")'
30:20.941004-0,EXCP,4,process=rphost,p:processName=bi_bk3wk1_prod_01,OSThread=8468,t:clientID=19,t:applicationName=BackgroundJob,t:computerName=DC2BUHAPP11,t:connectID=3556,SessionID=3823,Usr=Карибекова Сана Канатовна,DBMS=DBMSSQL,DataBase=CLSBUHDB01\bi_bk3wk1_prod_01,Exception=DataBaseException,Descr="Ошибка в ограничении доступа к данным.
объект: 'ПланВидовХарактеристик.ДополнительныеРеквизитыИСведения'; право: 'Чтение'
{ОбщийМодуль.УправлениеДоступомСлужебный.Модуль(1267)}: Ошибка при вызове метода контекста (Выполнить)"
30:21.331000-0,EXCP,7,process=rphost,p:processName=bi_bk3wk1_prod_01,OSThread=7472,t:clientID=20,t:applicationName=BackgroundJob,t:computerName=DC2BUHAPP11,t:connectID=3557,SessionID=3824,Usr=Карибекова Сана Канатовна,DBMS=DBMSSQL,DataBase=CLSBUHDB01\bi_bk3wk1_prod_01,dbpid=424,Exception=DataBaseException,Descr='Конфликт блокировок при выполнении транзакции:
Microsoft SQL Server Native Client 11.0: Lock request time out period exceeded.
HRESULT=80040E31, SQLSrvr: SQLSTATE=HYT00, state=12, Severity=10, native=1222, line=1
',Context='
МодульСеанса : 7 : СтандартныеПодсистемыСервер.УстановкаПараметровСеанса(ИменаПараметровСеанса);
	ОбщийМодуль.СтандартныеПодсистемыСервер.Модуль : 56 : ВыполнитьОбработчикиУстановкиПараметровСеанса(ИменаПараметровСеанса, Обработчики, УстановленныеПараметры);
		ОбщийМодуль.СтандартныеПодсистемыСервер.Модуль : 2759 : ОбщегоНазначения.ВыполнитьМетодКонфигурации(Обработчик, ПараметрыОбработчика);
			ОбщийМодуль.ОбщегоНазначения.Модуль : 4795 : Выполнить ИмяМетода + "(" + ПараметрыСтрока + ")";
				 : 1 : УправлениеДоступомСлужебный.УстановкаПараметровСеанса(Параметры[0],Параметры[1])
					ОбщийМодуль.УправлениеДоступомСлужебный.Модуль : 1267 : ТипыЗначенийВсеРазрешеныБезИсключений = Запрос.Выполнить().Выгрузить().ВыгрузитьКолонку("ТипЗначений");'
30:21.331004-0,QERR,4,process=rphost,p:processName=bi_bk3wk1_prod_01,OSThread=7472,t:clientID=20,t:applicationName=BackgroundJob,t:computerName=DC2BUHAPP11,t:connectID=3557,SessionID=3824,Usr=Карибекова Сана Канатовна,DBMS=DBMSSQL,DataBase=CLSBUHDB01\bi_bk3wk1_prod_01,Descr='Конфликт блокировок при выполнении транзакции:
Microsoft SQL Server Native Client 11.0: Lock request time out period exceeded.
HRESULT=80040E31, SQLSrvr: SQLSTATE=HYT00, state=12, Severity=10, native=1222, line=1
',Query='ВЫБРАТЬ РАЗЛИЧНЫЕ
	ЗначенияПоУмолчанию.ТипЗначенийДоступа КАК ТипЗначений,
	ЗначенияПоУмолчанию.ВсеРазрешеныБезИсключений КАК ВсеРазрешеныБезИсключений
ПОМЕСТИТЬ ЗначенияПоУмолчаниюДляПользователя
ИЗ
	РегистрСведений.ЗначенияГруппДоступаПоУмолчанию КАК ЗначенияПоУмолчанию
ГДЕ
	ИСТИНА В
			(ВЫБРАТЬ ПЕРВЫЕ 1
				ИСТИНА
			ИЗ
				Справочник.ГруппыДоступа.Пользователи КАК ГруппыДоступаПользователи
					ВНУТРЕННЕЕ СОЕДИНЕНИЕ РегистрСведений.СоставыГруппПользователей КАК СоставыГруппПользователей
					ПО
						ГруппыДоступаПользователи.Ссылка = ЗначенияПоУмолчанию.ГруппаДоступа
							И ГруппыДоступаПользователи.Пользователь = СоставыГруппПользователей.ГруппаПользователей
							И СоставыГруппПользователей.Пользователь = &ТекущийПользователь)
;

////////////////////////////////////////////////////////////////////////////////
ВЫБРАТЬ РАЗЛИЧНЫЕ
	ЗначенияПоУмолчанию.ТипЗначений
ИЗ
	ЗначенияПоУмолчаниюДляПользователя КАК ЗначенияПоУмолчанию

СГРУППИРОВАТЬ ПО
	ЗначенияПоУмолчанию.ТипЗначений

ИМЕЮЩИЕ
	МИНИМУМ(ЗначенияПоУмолчанию.ВсеРазрешеныБезИсключений) = ИСТИНА',Context='
МодульСеанса : 7 : СтандартныеПодсистемыСервер.УстановкаПараметровСеанса(ИменаПараметровСеанса);
	ОбщийМодуль.СтандартныеПодсистемыСервер.Модуль : 56 : ВыполнитьОбработчикиУстановкиПараметровСеанса(ИменаПараметровСеанса, Обработчики, УстановленныеПараметры);
		ОбщийМодуль.СтандартныеПодсистемыСервер.Модуль : 2759 : ОбщегоНазначения.ВыполнитьМетодКонфигурации(Обработчик, ПараметрыОбработчика);
			ОбщийМодуль.ОбщегоНазначения.Модуль : 4795 : Выполнить ИмяМетода + "(" + ПараметрыСтрока + ")";
				 : 1 : УправлениеДоступомСлужебный.УстановкаПараметровСеанса(Параметры[0],Параметры[1])
					ОбщийМодуль.УправлениеДоступомСлужебный.Модуль : 1267 : ТипыЗначенийВсеРазрешеныБезИсключений = Запрос.Выполнить().Выгрузить().ВыгрузитьКолонку("ТипЗначений");'
30:21.347000-0,QERR,4,process=rphost,p:processName=bi_bk3wk1_prod_01,OSThread=7472,t:clientID=20,t:applicationName=BackgroundJob,t:computerName=DC2BUHAPP11,t:connectID=3557,SessionID=3824,Usr=Карибекова Сана Канатовна,DBMS=DBMSSQL,DataBase=CLSBUHDB01\bi_bk3wk1_prod_01,Descr={ОбщийМодуль.УправлениеДоступомСлужебный.Модуль(1267)}: Ошибка при вызове метода контекста (Выполнить),Query='#ПоЗначениямРасширенный( "ПланВидовХарактеристик.ДополнительныеРеквизитыИСведения", "", "",
"",
"",
"ДополнительныеСведения","Т.Ссылка","ИЛИ",
"Условие","НЕ ЭтоДополнительноеСведение","", "","","", "","","", "","","", "","","", "","","", "","","", "","","", "","","", "","","", "","","", "","","", "","","", "","","", "","","")'
30:21.347001-0,EXCP,4,process=rphost,p:processName=bi_bk3wk1_prod_01,OSThread=7472,t:clientID=20,t:applicationName=BackgroundJob,t:computerName=DC2BUHAPP11,t:connectID=3557,SessionID=3824,Usr=Карибекова Сана Канатовна,DBMS=DBMSSQL,DataBase=CLSBUHDB01\bi_bk3wk1_prod_01,Exception=DataBaseException,Descr="Ошибка в ограничении доступа к данным.
объект: 'ПланВидовХарактеристик.ДополнительныеРеквизитыИСведения'; право: 'Чтение'
{ОбщийМодуль.УправлениеДоступомСлужебный.Модуль(1267)}: Ошибка при вызове метода контекста (Выполнить)"
30:21.347004-0,QERR,2,process=rphost,p:processName=bi_bk3wk1_prod_01,OSThread=7472,t:clientID=20,t:applicationName=BackgroundJob,t:computerName=DC2BUHAPP11,t:connectID=3557,SessionID=3824,Usr=Карибекова Сана Канатовна,Descr="Ошибка в ограничении доступа к данным.
объект: 'ПланВидовХарактеристик.ДополнительныеРеквизитыИСведения'; право: 'Чтение'
{ОбщийМодуль.УправлениеДоступомСлужебный.Модуль(1267)}: Ошибка при вызове метода контекста (Выполнить)",Query='SELECT ALLOWED
Свойство AS Свойство,PRESENTATION(Свойство) AS СвойствоPresentation,Свойство.ValueType AS СвойствоValueType
FROM Catalog.НаборыДополнительныхРеквизитовИСведений.ДополнительныеРеквизиты
WHERE Ссылка = VALUE(Catalog.НаборыДополнительныхРеквизитовИСведений.Справочник_Контрагенты)'
30:21.347005-0,EXCP,2,process=rphost,p:processName=bi_bk3wk1_prod_01,OSThread=7472,t:clientID=20,t:applicationName=BackgroundJob,t:computerName=DC2BUHAPP11,t:connectID=3557,SessionID=3824,Usr=Карибекова Сана Канатовна,Exception=ac18422e-edc2-4c29-af6f-b2eb00af8fd1,Descr="src\rserver\src\serverjobexecutor.cpp(1024):
ac18422e-edc2-4c29-af6f-b2eb00af8fd1: Ошибка при получении характеристик для типа: Контрагент
ae209c88-6b01-464c-adc9-0b72e240492f: Ошибка выполнения запроса
dc31263e-ecbf-41bd-9b3a-7b55897d5fd6: Ошибка в ограничении доступа к данным.
объект: 'ПланВидовХарактеристик.ДополнительныеРеквизитыИСведения'; право: 'Чтение'
{ОбщийМодуль.УправлениеДоступомСлужебный.Модуль(1267)}: Ошибка при вызове метода контекста (Выполнить)
8d366056-4d5a-4d88-a207-0ae535b7d28e: {ОбщийМодуль.УправлениеДоступомСлужебный.Модуль(1267)}: Ошибка при вызове метода контекста (Выполнить)
f08d92f8-9eb2-4e19-9dd9-977d907cec2d
ae209c88-6b01-464c-adc9-0b72e240492f: Ошибка выполнения запроса
dc31263e-ecbf-41bd-9b3a-7b55897d5fd6: Конфликт блокировок при выполнении транзакции:
Microsoft SQL Server Native Client 11.0: Lock request time out period exceeded.
HRESULT=80040E31, SQLSrvr: SQLSTATE=HYT00, state=12, Severity=10, native=1222, line=1
"
30:21.347011-0,EXCP,3,process=rphost,p:processName=bi_bk3wk1_prod_01,OSThread=7472,t:clientID=20,t:applicationName=BackgroundJob,t:computerName=DC2BUHAPP11,t:connectID=3557,SessionID=3824,Usr=Карибекова Сана Канатовна,Exception=SeanceContextException,Descr='Сеанс отсутствует или удален
ID=eda22359-0bc2-48ac-a3fe-92d156f7dd4e, File=d:\jenkins\ci_builder2\windowsbuild2\platform\src\rserver\src\clusterdistribimpl.cpp(1439)'
30:21.347013-0,EXCP,2,process=rphost,p:processName=bi_bk3wk1_prod_01,OSThread=7472,t:clientID=20,t:applicationName=BackgroundJob,t:computerName=DC2BUHAPP11,t:connectID=3557,SessionID=3824,Usr=Карибекова Сана Канатовна,Exception=60c686dc-798f-4d17-aadb-a90156a16eb8,Descr='src\rserver\src\rmngrcalls.cpp(476):
60c686dc-798f-4d17-aadb-a90156a16eb8: Сеанс отсутствует или удален
ID=eda22359-0bc2-48ac-a3fe-92d156f7dd4e, File=d:\jenkins\ci_builder2\windowsbuild2\platform\src\rserver\src\clusterdistribimpl.cpp(1439)'
30:21.550000-0,EXCP,2,process=rphost,p:processName=bi_bk3wk1_prod_01,OSThread=7472,t:clientID=20,t:applicationName=BackgroundJob,t:computerName=DC2BUHAPP11,t:connectID=3557,SessionID=3824,Usr=Карибекова Сана Канатовна,Exception=SeanceContextException,Descr='Сеанс отсутствует или удален
ID=eda22359-0bc2-48ac-a3fe-92d156f7dd4e, File=d:\jenkins\ci_builder2\windowsbuild2\platform\src\rserver\src\rmngrcalls.cpp(364)'
30:21.550001-0,EXCP,2,process=rphost,p:processName=bi_bk3wk1_prod_01,OSThread=7472,t:clientID=20,t:applicationName=BackgroundJob,t:computerName=DC2BUHAPP11,t:connectID=3557,SessionID=3824,Usr=Карибекова Сана Канатовна,Exception=60c686dc-798f-4d17-aadb-a90156a16eb8,Descr='src\rserver\src\serverjobexecutor.cpp(1095):
60c686dc-798f-4d17-aadb-a90156a16eb8: Сеанс отсутствует или удален
ID=eda22359-0bc2-48ac-a3fe-92d156f7dd4e, File=d:\jenkins\ci_builder2\windowsbuild2\platform\src\rserver\src\rmngrcalls.cpp(364)'
30:21.550003-0,EXCP,3,process=rphost,p:processName=bi_bk3wk1_prod_01,OSThread=7472,t:clientID=20,t:applicationName=BackgroundJob,t:computerName=DC2BUHAPP11,t:connectID=3557,SessionID=3824,Usr=Карибекова Сана Канатовна,Exception=SeanceContextException,Descr='Сеанс отсутствует или удален
ID=eda22359-0bc2-48ac-a3fe-92d156f7dd4e, File=d:\jenkins\ci_builder2\windowsbuild2\platform\src\rserver\src\clusterdistribimpl.cpp(1439)'
30:21.550005-0,EXCP,2,process=rphost,p:processName=bi_bk3wk1_prod_01,OSThread=7472,t:clientID=20,t:applicationName=BackgroundJob,t:computerName=DC2BUHAPP11,t:connectID=3557,SessionID=3824,Usr=Карибекова Сана Канатовна,Exception=60c686dc-798f-4d17-aadb-a90156a16eb8,Descr='src\rserver\src\rmngrcalls.cpp(476):
60c686dc-798f-4d17-aadb-a90156a16eb8: Сеанс отсутствует или удален
ID=eda22359-0bc2-48ac-a3fe-92d156f7dd4e, File=d:\jenkins\ci_builder2\windowsbuild2\platform\src\rserver\src\clusterdistribimpl.cpp(1439)'
30:21.581006-0,EXCP,2,process=rphost,p:processName=bi_bk3wk1_prod_01,OSThread=7472,t:clientID=20,t:applicationName=BackgroundJob,t:computerName=DC2BUHAPP11,t:connectID=3557,SessionID=3824,Usr=Карибекова Сана Канатовна,Exception=SeanceContextException,Descr='Сеанс отсутствует или удален
ID=eda22359-0bc2-48ac-a3fe-92d156f7dd4e, File=d:\jenkins\ci_builder2\windowsbuild2\platform\src\rserver\src\rmngrcalls.cpp(364)'
30:29.456003-0,QERR,2,process=rphost,p:processName=bi_bk3wk1_prod_01,OSThread=8468,t:clientID=19,t:applicationName=BackgroundJob,t:computerName=DC2BUHAPP11,t:connectID=3556,SessionID=3823,Usr=Карибекова Сана Канатовна,Descr="Ошибка в ограничении доступа к данным.
объект: 'ПланВидовХарактеристик.ДополнительныеРеквизитыИСведения'; право: 'Чтение'
{ОбщийМодуль.УправлениеДоступомСлужебный.Модуль(1267)}: Ошибка при вызове метода контекста (Выполнить)",Query='SELECT ALLOWED
Свойство AS Свойство,PRESENTATION(Свойство) AS СвойствоPresentation,Свойство.ValueType AS СвойствоValueType
FROM Catalog.НаборыДополнительныхРеквизитовИСведений.ДополнительныеРеквизиты
WHERE Ссылка = VALUE(Catalog.НаборыДополнительныхРеквизитовИСведений.Справочник_Контрагенты)'
30:29.456005-0,EXCP,2,process=rphost,p:processName=bi_bk3wk1_prod_01,OSThread=8468,t:clientID=19,t:applicationName=BackgroundJob,t:computerName=DC2BUHAPP11,t:connectID=3556,SessionID=3823,Usr=Карибекова Сана Канатовна,Exception=ac18422e-edc2-4c29-af6f-b2eb00af8fd1,Descr="src\rserver\src\serverjobexecutor.cpp(1024):
ac18422e-edc2-4c29-af6f-b2eb00af8fd1: Ошибка при получении характеристик для типа: Контрагент
ae209c88-6b01-464c-adc9-0b72e240492f: Ошибка выполнения запроса
dc31263e-ecbf-41bd-9b3a-7b55897d5fd6: Ошибка в ограничении доступа к данным.
объект: 'ПланВидовХарактеристик.ДополнительныеРеквизитыИСведения'; право: 'Чтение'
{ОбщийМодуль.УправлениеДоступомСлужебный.Модуль(1267)}: Ошибка при вызове метода контекста (Выполнить)
8d366056-4d5a-4d88-a207-0ae535b7d28e: {ОбщийМодуль.УправлениеДоступомСлужебный.Модуль(1267)}: Ошибка при вызове метода контекста (Выполнить)
f08d92f8-9eb2-4e19-9dd9-977d907cec2d
ae209c88-6b01-464c-adc9-0b72e240492f: Ошибка выполнения запроса
dc31263e-ecbf-41bd-9b3a-7b55897d5fd6: Конфликт блокировок при выполнении транзакции:
Microsoft SQL Server Native Client 11.0: Lock request time out period exceeded.
HRESULT=80040E31, SQLSrvr: SQLSTATE=HYT00, state=12, Severity=10, native=1222, line=1
"
30:29.456016-0,EXCP,2,process=rphost,p:processName=bi_bk3wk1_prod_01,OSThread=8468,t:clientID=19,t:applicationName=BackgroundJob,t:computerName=DC2BUHAPP11,t:connectID=3556,SessionID=3823,Usr=Карибекова Сана Канатовна,Exception=SeanceContextException,Descr='Сеанс отсутствует или удален
ID=d3b6c63f-8fe1-4ead-8257-715d790e2d1d, File=d:\jenkins\ci_builder2\windowsbuild2\platform\src\rserver\src\clusterdistribimpl.cpp(1439)'
30:29.456017-0,EXCP,2,process=rphost,p:processName=bi_bk3wk1_prod_01,OSThread=8468,t:clientID=19,t:applicationName=BackgroundJob,t:computerName=DC2BUHAPP11,t:connectID=3556,SessionID=3823,Usr=Карибекова Сана Канатовна,Exception=60c686dc-798f-4d17-aadb-a90156a16eb8,Descr='src\rserver\src\serverjobexecutor.cpp(1095):
60c686dc-798f-4d17-aadb-a90156a16eb8: Сеанс отсутствует или удален
ID=d3b6c63f-8fe1-4ead-8257-715d790e2d1d, File=d:\jenkins\ci_builder2\windowsbuild2\platform\src\rserver\src\clusterdistribimpl.cpp(1439)'
30:29.456020-0,EXCP,2,process=rphost,p:processName=bi_bk3wk1_prod_01,OSThread=8468,t:clientID=19,t:applicationName=BackgroundJob,t:computerName=DC2BUHAPP11,t:connectID=3556,SessionID=3823,Usr=Карибекова Сана Канатовна,Exception=SeanceContextException,Descr='Сеанс отсутствует или удален
ID=d3b6c63f-8fe1-4ead-8257-715d790e2d1d, File=d:\jenkins\ci_builder2\windowsbuild2\platform\src\rserver\src\clusterdistribimpl.cpp(1439)'
32:31.459004-0,EXCP,4,process=rphost,p:processName=bi_bk3wk1_prod_01,OSThread=8168,t:clientID=11,t:applicationName=1CV8C,t:computerName=DC1RDSH13,t:connectID=3348,SessionID=3610,Usr=WK1_Джакипова_Айжан_Нуркожаевна,AppID=1CV8C,DBMS=DBMSSQL,DataBase=CLSBUHDB01\bi_bk3wk1_prod_01,dbpid=392,Exception=DataBaseException,Descr='Соединение с сервером баз данных разорвано администратором
Microsoft SQL Server Native Client 11.0: TCP Provider: Удаленный хост принудительно разорвал существующее подключение.

HRESULT=80004005, HRESULT=80004005, SQLSrvr: SQLSTATE=08S01, state=1, Severity=10, native=10054, line=0
',Context='Форма.Записать : Документ.ЗаявкаНаОплату.Форма.ФормаДокумента
Документ.ЗаявкаНаОплату.Форма.ФормаДокумента.Форма : 1157 : Если Константы.СогласованиеЗаявокНаОплатуЧерез1СДокументооборот.Получить() Тогда'
32:31.459005-0,EXCPCNTX,0,ClientComputerName=DC1RDSH13,ServerComputerName=DC2BUHAPP11,UserName=WK1_Джакипова_Айжан_Нуркожаевна,ConnectString='Srvr="DC2BUHAPP11:2541";Ref="bi_bk3wk1_prod_01";',Context='Форма.Записать : Документ.ЗаявкаНаОплату.Форма.ФормаДокумента
Документ.ЗаявкаНаОплату.Форма.ФормаДокумента.Форма : 1157 : Если Константы.СогласованиеЗаявокНаОплатуЧерез1СДокументооборот.Получить() Тогда'
32:31.459006-3,EXCPCNTX,3,SrcName=DBMSSQL,process=rphost,p:processName=bi_bk3wk1_prod_01,OSThread=8168,t:clientID=11,t:applicationName=1CV8C,t:computerName=DC1RDSH13,t:connectID=3348,SessionID=3610,Usr=WK1_Джакипова_Айжан_Нуркожаевна,AppID=1CV8C,DBMS=DBMSSQL,DataBase=CLSBUHDB01\bi_bk3wk1_prod_01,Trans=0,dbpid=392,Sql='SELECT
T1._Fld8825
FROM dbo._Const8824 T1
WHERE ((T1._Fld750 = ?)) AND (T1._RecordKey = ?)
p_0: 0N
p_1: 0x31
',Context='Форма.Записать : Документ.ЗаявкаНаОплату.Форма.ФормаДокумента
Документ.ЗаявкаНаОплату.Форма.ФормаДокумента.Форма : 1157 : Если Константы.СогласованиеЗаявокНаОплатуЧерез1СДокументооборот.Получить() Тогда'
32:31.459007-7,EXCPCNTX,2,SrcName=SDBL,process=rphost,p:processName=bi_bk3wk1_prod_01,OSThread=8168,t:clientID=11,t:applicationName=1CV8C,t:computerName=DC1RDSH13,t:connectID=3348,SessionID=3610,Usr=WK1_Джакипова_Айжан_Нуркожаевна,AppID=1CV8C,DBMS=DBMSSQL,DataBase=CLSBUHDB01\bi_bk3wk1_prod_01,Trans=0,Sdbl='SELECT Fld8825
FROM   Const8824
WHERE  RecordKey = 0x31',Context='Форма.Записать : Документ.ЗаявкаНаОплату.Форма.ФормаДокумента
Документ.ЗаявкаНаОплату.Форма.ФормаДокумента.Форма : 1157 : Если Константы.СогласованиеЗаявокНаОплатуЧерез1СДокументооборот.Получить() Тогда'
32:31.459008-15007,EXCPCNTX,1,SrcName=CALL,process=rphost,p:processName=bi_bk3wk1_prod_01,OSThread=8168,t:clientID=11,t:applicationName=1CV8C,t:computerName=DC1RDSH13,t:connectID=3348,Usr=WK1_Джакипова_Айжан_Нуркожаевна,SessionID=3610,Context=Форма.Записать : Документ.ЗаявкаНаОплату.Форма.ФормаДокумента,Context='Форма.Записать : Документ.ЗаявкаНаОплату.Форма.ФормаДокумента
Документ.ЗаявкаНаОплату.Форма.ФормаДокумента.Форма : 1157 : Если Константы.СогласованиеЗаявокНаОплатуЧерез1СДокументооборот.Получить() Тогда'
32:31.459009-721818008,EXCPCNTX,0,SrcName=CONN,process=rphost,OSThread=4164,t:clientID=11,Context='Форма.Записать : Документ.ЗаявкаНаОплату.Форма.ФормаДокумента
Документ.ЗаявкаНаОплату.Форма.ФормаДокумента.Форма : 1157 : Если Константы.СогласованиеЗаявокНаОплатуЧерез1СДокументооборот.Получить() Тогда'
32:31.459012-0,EXCP,4,process=rphost,p:processName=bi_bk3wk1_prod_01,OSThread=8168,t:clientID=11,t:applicationName=1CV8C,t:computerName=DC1RDSH13,t:connectID=3348,SessionID=3610,Usr=WK1_Джакипова_Айжан_Нуркожаевна,AppID=1CV8C,DBMS=DBMSSQL,DataBase=CLSBUHDB01\bi_bk3wk1_prod_01,dbpid=426,Exception=DataBaseException,Descr='Соединение с сервером баз данных разорвано администратором
Microsoft SQL Server Native Client 11.0: TCP Provider: Удаленный хост принудительно разорвал существующее подключение.

HRESULT=80004005, HRESULT=80004005, SQLSrvr: SQLSTATE=08S01, state=1, Severity=10, native=10054, line=0
',Context='Форма.Записать : Документ.ЗаявкаНаОплату.Форма.ФормаДокумента
Документ.ЗаявкаНаОплату.Форма.ФормаДокумента.Форма : 1157 : Если Константы.СогласованиеЗаявокНаОплатуЧерез1СДокументооборот.Получить() Тогда'
32:31.459013-0,EXCPCNTX,0,ClientComputerName=DC1RDSH13,ServerComputerName=DC2BUHAPP11,UserName=WK1_Джакипова_Айжан_Нуркожаевна,ConnectString='Srvr="DC2BUHAPP11:2541";Ref="bi_bk3wk1_prod_01";',Context='Форма.Записать : Документ.ЗаявкаНаОплату.Форма.ФормаДокумента
Документ.ЗаявкаНаОплату.Форма.ФормаДокумента.Форма : 1157 : Если Константы.СогласованиеЗаявокНаОплатуЧерез1СДокументооборот.Получить() Тогда'
32:31.459014-3,EXCPCNTX,3,SrcName=DBMSSQL,process=rphost,p:processName=bi_bk3wk1_prod_01,OSThread=8168,t:clientID=11,t:applicationName=1CV8C,t:computerName=DC1RDSH13,t:connectID=3348,SessionID=3610,Usr=WK1_Джакипова_Айжан_Нуркожаевна,AppID=1CV8C,DBMS=DBMSSQL,DataBase=CLSBUHDB01\bi_bk3wk1_prod_01,Trans=0,dbpid=426,Sql=SELECT 1,Context='Форма.Записать : Документ.ЗаявкаНаОплату.Форма.ФормаДокумента
Документ.ЗаявкаНаОплату.Форма.ФормаДокумента.Форма : 1157 : Если Константы.СогласованиеЗаявокНаОплатуЧерез1СДокументооборот.Получить() Тогда'
32:31.459015-15,EXCPCNTX,2,SrcName=SDBL,process=rphost,p:processName=bi_bk3wk1_prod_01,OSThread=8168,t:clientID=11,t:applicationName=1CV8C,t:computerName=DC1RDSH13,t:connectID=3348,SessionID=3610,Usr=WK1_Джакипова_Айжан_Нуркожаевна,AppID=1CV8C,DBMS=DBMSSQL,DataBase=CLSBUHDB01\bi_bk3wk1_prod_01,Trans=0,Sdbl='SELECT Fld8825
FROM   Const8824
WHERE  RecordKey = 0x31',Context='Форма.Записать : Документ.ЗаявкаНаОплату.Форма.ФормаДокумента
Документ.ЗаявкаНаОплату.Форма.ФормаДокумента.Форма : 1157 : Если Константы.СогласованиеЗаявокНаОплатуЧерез1СДокументооборот.Получить() Тогда'
32:31.459016-15015,EXCPCNTX,1,SrcName=CALL,process=rphost,p:processName=bi_bk3wk1_prod_01,OSThread=8168,t:clientID=11,t:applicationName=1CV8C,t:computerName=DC1RDSH13,t:connectID=3348,Usr=WK1_Джакипова_Айжан_Нуркожаевна,SessionID=3610,Context=Форма.Записать : Документ.ЗаявкаНаОплату.Форма.ФормаДокумента,Context='Форма.Записать : Документ.ЗаявкаНаОплату.Форма.ФормаДокумента
Документ.ЗаявкаНаОплату.Форма.ФормаДокумента.Форма : 1157 : Если Константы.СогласованиеЗаявокНаОплатуЧерез1СДокументооборот.Получить() Тогда'
32:31.459017-721818016,EXCPCNTX,0,SrcName=CONN,process=rphost,OSThread=4164,t:clientID=11,Context='Форма.Записать : Документ.ЗаявкаНаОплату.Форма.ФормаДокумента
Документ.ЗаявкаНаОплату.Форма.ФормаДокумента.Форма : 1157 : Если Константы.СогласованиеЗаявокНаОплатуЧерез1СДокументооборот.Получить() Тогда'
32:31.459019-0,EXCP,3,process=rphost,p:processName=bi_bk3wk1_prod_01,OSThread=8168,t:clientID=11,t:applicationName=1CV8C,t:computerName=DC1RDSH13,t:connectID=3348,SessionID=3610,Usr=WK1_Джакипова_Айжан_Нуркожаевна,AppID=1CV8C,DBMS=DBMSSQL,DataBase=CLSBUHDB01\bi_bk3wk1_prod_01,Exception=dc31263e-ecbf-41bd-9b3a-7b55897d5fd6,Descr='src\sqlsrvr\src\sqlconnection.cpp(2138):
dc31263e-ecbf-41bd-9b3a-7b55897d5fd6: Соединение с сервером баз данных разорвано администратором
Microsoft SQL Server Native Client 11.0: TCP Provider: Удаленный хост принудительно разорвал существующее подключение.

HRESULT=80004005, HRESULT=80004005, SQLSrvr: SQLSTATE=08S01, state=1, Severity=10, native=10054, line=0
',Context='Форма.Записать : Документ.ЗаявкаНаОплату.Форма.ФормаДокумента
Документ.ЗаявкаНаОплату.Форма.ФормаДокумента.Форма : 1157 : Если Константы.СогласованиеЗаявокНаОплатуЧерез1СДокументооборот.Получить() Тогда'
32:31.459023-0,EXCP,4,process=rphost,p:processName=bi_bk3wk1_prod_01,OSThread=8168,t:clientID=11,t:applicationName=1CV8C,t:computerName=DC1RDSH13,t:connectID=3348,SessionID=3610,Usr=WK1_Джакипова_Айжан_Нуркожаевна,AppID=1CV8C,DBMS=DBMSSQL,DataBase=CLSBUHDB01\bi_bk3wk1_prod_01,dbpid=418,Exception=DataBaseException,Descr='Соединение с сервером баз данных разорвано администратором
Microsoft SQL Server Native Client 11.0: TCP Provider: Удаленный хост принудительно разорвал существующее подключение.

HRESULT=80004005, HRESULT=80004005, SQLSrvr: SQLSTATE=08S01, state=1, Severity=10, native=10054, line=0
',Context='Форма.Записать : Документ.ЗаявкаНаОплату.Форма.ФормаДокумента
Документ.ЗаявкаНаОплату.Форма.ФормаДокумента.Форма : 1157 : Если Константы.СогласованиеЗаявокНаОплатуЧерез1СДокументооборот.Получить() Тогда'
32:31.459024-0,EXCPCNTX,0,ClientComputerName=DC1RDSH13,ServerComputerName=DC2BUHAPP11,UserName=WK1_Джакипова_Айжан_Нуркожаевна,ConnectString='Srvr="DC2BUHAPP11:2541";Ref="bi_bk3wk1_prod_01";',Context='Форма.Записать : Документ.ЗаявкаНаОплату.Форма.ФормаДокумента
Документ.ЗаявкаНаОплату.Форма.ФормаДокумента.Форма : 1157 : Если Константы.СогласованиеЗаявокНаОплатуЧерез1СДокументооборот.Получить() Тогда'
32:31.459025-3,EXCPCNTX,3,SrcName=DBMSSQL,process=rphost,p:processName=bi_bk3wk1_prod_01,OSThread=8168,t:clientID=11,t:applicationName=1CV8C,t:computerName=DC1RDSH13,t:connectID=3348,SessionID=3610,Usr=WK1_Джакипова_Айжан_Нуркожаевна,AppID=1CV8C,DBMS=DBMSSQL,DataBase=CLSBUHDB01\bi_bk3wk1_prod_01,Trans=0,dbpid=418,Sql=SELECT 1,Context='Форма.Записать : Документ.ЗаявкаНаОплату.Форма.ФормаДокумента
Документ.ЗаявкаНаОплату.Форма.ФормаДокумента.Форма : 1157 : Если Константы.СогласованиеЗаявокНаОплатуЧерез1СДокументооборот.Получить() Тогда'
32:31.459026-26,EXCPCNTX,2,SrcName=SDBL,process=rphost,p:processName=bi_bk3wk1_prod_01,OSThread=8168,t:clientID=11,t:applicationName=1CV8C,t:computerName=DC1RDSH13,t:connectID=3348,SessionID=3610,Usr=WK1_Джакипова_Айжан_Нуркожаевна,AppID=1CV8C,DBMS=DBMSSQL,DataBase=CLSBUHDB01\bi_bk3wk1_prod_01,Trans=0,Sdbl='SELECT Fld8825
FROM   Const8824
WHERE  RecordKey = 0x31',Context='Форма.Записать : Документ.ЗаявкаНаОплату.Форма.ФормаДокумента
Документ.ЗаявкаНаОплату.Форма.ФормаДокумента.Форма : 1157 : Если Константы.СогласованиеЗаявокНаОплатуЧерез1СДокументооборот.Получить() Тогда'
32:31.459027-15026,EXCPCNTX,1,SrcName=CALL,process=rphost,p:processName=bi_bk3wk1_prod_01,OSThread=8168,t:clientID=11,t:applicationName=1CV8C,t:computerName=DC1RDSH13,t:connectID=3348,Usr=WK1_Джакипова_Айжан_Нуркожаевна,SessionID=3610,Context=Форма.Записать : Документ.ЗаявкаНаОплату.Форма.ФормаДокумента,Context='Форма.Записать : Документ.ЗаявкаНаОплату.Форма.ФормаДокумента
Документ.ЗаявкаНаОплату.Форма.ФормаДокумента.Форма : 1157 : Если Константы.СогласованиеЗаявокНаОплатуЧерез1СДокументооборот.Получить() Тогда'
32:31.459028-721818027,EXCPCNTX,0,SrcName=CONN,process=rphost,OSThread=4164,t:clientID=11,Context='Форма.Записать : Документ.ЗаявкаНаОплату.Форма.ФормаДокумента
Документ.ЗаявкаНаОплату.Форма.ФормаДокумента.Форма : 1157 : Если Константы.СогласованиеЗаявокНаОплатуЧерез1СДокументооборот.Получить() Тогда'
32:31.459030-0,EXCP,3,process=rphost,p:processName=bi_bk3wk1_prod_01,OSThread=8168,t:clientID=11,t:applicationName=1CV8C,t:computerName=DC1RDSH13,t:connectID=3348,SessionID=3610,Usr=WK1_Джакипова_Айжан_Нуркожаевна,AppID=1CV8C,DBMS=DBMSSQL,DataBase=CLSBUHDB01\bi_bk3wk1_prod_01,Exception=dc31263e-ecbf-41bd-9b3a-7b55897d5fd6,Descr='src\sqlsrvr\src\sqlconnection.cpp(2138):
dc31263e-ecbf-41bd-9b3a-7b55897d5fd6: Соединение с сервером баз данных разорвано администратором
Microsoft SQL Server Native Client 11.0: TCP Provider: Удаленный хост принудительно разорвал существующее подключение.

HRESULT=80004005, HRESULT=80004005, SQLSrvr: SQLSTATE=08S01, state=1, Severity=10, native=10054, line=0
',Context='Форма.Записать : Документ.ЗаявкаНаОплату.Форма.ФормаДокумента
Документ.ЗаявкаНаОплату.Форма.ФормаДокумента.Форма : 1157 : Если Константы.СогласованиеЗаявокНаОплатуЧерез1СДокументооборот.Получить() Тогда'
32:31.459034-0,EXCP,4,process=rphost,p:processName=bi_bk3wk1_prod_01,OSThread=8168,t:clientID=11,t:applicationName=1CV8C,t:computerName=DC1RDSH13,t:connectID=3348,SessionID=3610,Usr=WK1_Джакипова_Айжан_Нуркожаевна,AppID=1CV8C,DBMS=DBMSSQL,DataBase=CLSBUHDB01\bi_bk3wk1_prod_01,dbpid=424,Exception=DataBaseException,Descr='Соединение с сервером баз данных разорвано администратором
Microsoft SQL Server Native Client 11.0: TCP Provider: Удаленный хост принудительно разорвал существующее подключение.

HRESULT=80004005, HRESULT=80004005, SQLSrvr: SQLSTATE=08S01, state=1, Severity=10, native=10054, line=0
',Context='Форма.Записать : Документ.ЗаявкаНаОплату.Форма.ФормаДокумента
Документ.ЗаявкаНаОплату.Форма.ФормаДокумента.Форма : 1157 : Если Константы.СогласованиеЗаявокНаОплатуЧерез1СДокументооборот.Получить() Тогда'
32:31.459035-0,EXCPCNTX,0,ClientComputerName=DC1RDSH13,ServerComputerName=DC2BUHAPP11,UserName=WK1_Джакипова_Айжан_Нуркожаевна,ConnectString='Srvr="DC2BUHAPP11:2541";Ref="bi_bk3wk1_prod_01";',Context='Форма.Записать : Документ.ЗаявкаНаОплату.Форма.ФормаДокумента
Документ.ЗаявкаНаОплату.Форма.ФормаДокумента.Форма : 1157 : Если Константы.СогласованиеЗаявокНаОплатуЧерез1СДокументооборот.Получить() Тогда'
32:31.459036-3,EXCPCNTX,3,SrcName=DBMSSQL,process=rphost,p:processName=bi_bk3wk1_prod_01,OSThread=8168,t:clientID=11,t:applicationName=1CV8C,t:computerName=DC1RDSH13,t:connectID=3348,SessionID=3610,Usr=WK1_Джакипова_Айжан_Нуркожаевна,AppID=1CV8C,DBMS=DBMSSQL,DataBase=CLSBUHDB01\bi_bk3wk1_prod_01,Trans=0,dbpid=424,Sql=SELECT 1,Context='Форма.Записать : Документ.ЗаявкаНаОплату.Форма.ФормаДокумента
Документ.ЗаявкаНаОплату.Форма.ФормаДокумента.Форма : 1157 : Если Константы.СогласованиеЗаявокНаОплатуЧерез1СДокументооборот.Получить() Тогда'
32:31.459037-37,EXCPCNTX,2,SrcName=SDBL,process=rphost,p:processName=bi_bk3wk1_prod_01,OSThread=8168,t:clientID=11,t:applicationName=1CV8C,t:computerName=DC1RDSH13,t:connectID=3348,SessionID=3610,Usr=WK1_Джакипова_Айжан_Нуркожаевна,AppID=1CV8C,DBMS=DBMSSQL,DataBase=CLSBUHDB01\bi_bk3wk1_prod_01,Trans=0,Sdbl='SELECT Fld8825
FROM   Const8824
WHERE  RecordKey = 0x31',Context='Форма.Записать : Документ.ЗаявкаНаОплату.Форма.ФормаДокумента
Документ.ЗаявкаНаОплату.Форма.ФормаДокумента.Форма : 1157 : Если Константы.СогласованиеЗаявокНаОплатуЧерез1СДокументооборот.Получить() Тогда'
32:31.459038-15037,EXCPCNTX,1,SrcName=CALL,process=rphost,p:processName=bi_bk3wk1_prod_01,OSThread=8168,t:clientID=11,t:applicationName=1CV8C,t:computerName=DC1RDSH13,t:connectID=3348,Usr=WK1_Джакипова_Айжан_Нуркожаевна,SessionID=3610,Context=Форма.Записать : Документ.ЗаявкаНаОплату.Форма.ФормаДокумента,Context='Форма.Записать : Документ.ЗаявкаНаОплату.Форма.ФормаДокумента
Документ.ЗаявкаНаОплату.Форма.ФормаДокумента.Форма : 1157 : Если Константы.СогласованиеЗаявокНаОплатуЧерез1СДокументооборот.Получить() Тогда'
32:31.459039-721818038,EXCPCNTX,0,SrcName=CONN,process=rphost,OSThread=4164,t:clientID=11,Context='Форма.Записать : Документ.ЗаявкаНаОплату.Форма.ФормаДокумента
Документ.ЗаявкаНаОплату.Форма.ФормаДокумента.Форма : 1157 : Если Константы.СогласованиеЗаявокНаОплатуЧерез1СДокументооборот.Получить() Тогда'
32:31.459041-0,EXCP,3,process=rphost,p:processName=bi_bk3wk1_prod_01,OSThread=8168,t:clientID=11,t:applicationName=1CV8C,t:computerName=DC1RDSH13,t:connectID=3348,SessionID=3610,Usr=WK1_Джакипова_Айжан_Нуркожаевна,AppID=1CV8C,DBMS=DBMSSQL,DataBase=CLSBUHDB01\bi_bk3wk1_prod_01,Exception=dc31263e-ecbf-41bd-9b3a-7b55897d5fd6,Descr='src\sqlsrvr\src\sqlconnection.cpp(2138):
dc31263e-ecbf-41bd-9b3a-7b55897d5fd6: Соединение с сервером баз данных разорвано администратором
Microsoft SQL Server Native Client 11.0: TCP Provider: Удаленный хост принудительно разорвал существующее подключение.

HRESULT=80004005, HRESULT=80004005, SQLSrvr: SQLSTATE=08S01, state=1, Severity=10, native=10054, line=0
',Context='Форма.Записать : Документ.ЗаявкаНаОплату.Форма.ФормаДокумента
Документ.ЗаявкаНаОплату.Форма.ФормаДокумента.Форма : 1157 : Если Константы.СогласованиеЗаявокНаОплатуЧерез1СДокументооборот.Получить() Тогда'
32:31.459045-0,EXCP,4,process=rphost,p:processName=bi_bk3wk1_prod_01,OSThread=8168,t:clientID=11,t:applicationName=1CV8C,t:computerName=DC1RDSH13,t:connectID=3348,SessionID=3610,Usr=WK1_Джакипова_Айжан_Нуркожаевна,AppID=1CV8C,DBMS=DBMSSQL,DataBase=CLSBUHDB01\bi_bk3wk1_prod_01,dbpid=425,Exception=DataBaseException,Descr='Соединение с сервером баз данных разорвано администратором
Microsoft SQL Server Native Client 11.0: TCP Provider: Удаленный хост принудительно разорвал существующее подключение.

HRESULT=80004005, HRESULT=80004005, SQLSrvr: SQLSTATE=08S01, state=1, Severity=10, native=10054, line=0
',Context='Форма.Записать : Документ.ЗаявкаНаОплату.Форма.ФормаДокумента
Документ.ЗаявкаНаОплату.Форма.ФормаДокумента.Форма : 1157 : Если Константы.СогласованиеЗаявокНаОплатуЧерез1СДокументооборот.Получить() Тогда'
32:31.459046-0,EXCPCNTX,0,ClientComputerName=DC1RDSH13,ServerComputerName=DC2BUHAPP11,UserName=WK1_Джакипова_Айжан_Нуркожаевна,ConnectString='Srvr="DC2BUHAPP11:2541";Ref="bi_bk3wk1_prod_01";',Context='Форма.Записать : Документ.ЗаявкаНаОплату.Форма.ФормаДокумента
Документ.ЗаявкаНаОплату.Форма.ФормаДокумента.Форма : 1157 : Если Константы.СогласованиеЗаявокНаОплатуЧерез1СДокументооборот.Получить() Тогда'
32:31.459047-3,EXCPCNTX,3,SrcName=DBMSSQL,process=rphost,p:processName=bi_bk3wk1_prod_01,OSThread=8168,t:clientID=11,t:applicationName=1CV8C,t:computerName=DC1RDSH13,t:connectID=3348,SessionID=3610,Usr=WK1_Джакипова_Айжан_Нуркожаевна,AppID=1CV8C,DBMS=DBMSSQL,DataBase=CLSBUHDB01\bi_bk3wk1_prod_01,Trans=0,dbpid=425,Sql=SELECT 1,Context='Форма.Записать : Документ.ЗаявкаНаОплату.Форма.ФормаДокумента
Документ.ЗаявкаНаОплату.Форма.ФормаДокумента.Форма : 1157 : Если Константы.СогласованиеЗаявокНаОплатуЧерез1СДокументооборот.Получить() Тогда'
32:31.459048-48,EXCPCNTX,2,SrcName=SDBL,process=rphost,p:processName=bi_bk3wk1_prod_01,OSThread=8168,t:clientID=11,t:applicationName=1CV8C,t:computerName=DC1RDSH13,t:connectID=3348,SessionID=3610,Usr=WK1_Джакипова_Айжан_Нуркожаевна,AppID=1CV8C,DBMS=DBMSSQL,DataBase=CLSBUHDB01\bi_bk3wk1_prod_01,Trans=0,Sdbl='SELECT Fld8825
FROM   Const8824
WHERE  RecordKey = 0x31',Context='Форма.Записать : Документ.ЗаявкаНаОплату.Форма.ФормаДокумента
Документ.ЗаявкаНаОплату.Форма.ФормаДокумента.Форма : 1157 : Если Константы.СогласованиеЗаявокНаОплатуЧерез1СДокументооборот.Получить() Тогда'
32:31.459049-15048,EXCPCNTX,1,SrcName=CALL,process=rphost,p:processName=bi_bk3wk1_prod_01,OSThread=8168,t:clientID=11,t:applicationName=1CV8C,t:computerName=DC1RDSH13,t:connectID=3348,Usr=WK1_Джакипова_Айжан_Нуркожаевна,SessionID=3610,Context=Форма.Записать : Документ.ЗаявкаНаОплату.Форма.ФормаДокумента,Context='Форма.Записать : Документ.ЗаявкаНаОплату.Форма.ФормаДокумента
Документ.ЗаявкаНаОплату.Форма.ФормаДокумента.Форма : 1157 : Если Константы.СогласованиеЗаявокНаОплатуЧерез1СДокументооборот.Получить() Тогда'
32:31.459050-721818049,EXCPCNTX,0,SrcName=CONN,process=rphost,OSThread=4164,t:clientID=11,Context='Форма.Записать : Документ.ЗаявкаНаОплату.Форма.ФормаДокумента
Документ.ЗаявкаНаОплату.Форма.ФормаДокумента.Форма : 1157 : Если Константы.СогласованиеЗаявокНаОплатуЧерез1СДокументооборот.Получить() Тогда'
32:31.459052-0,EXCP,3,process=rphost,p:processName=bi_bk3wk1_prod_01,OSThread=8168,t:clientID=11,t:applicationName=1CV8C,t:computerName=DC1RDSH13,t:connectID=3348,SessionID=3610,Usr=WK1_Джакипова_Айжан_Нуркожаевна,AppID=1CV8C,DBMS=DBMSSQL,DataBase=CLSBUHDB01\bi_bk3wk1_prod_01,Exception=dc31263e-ecbf-41bd-9b3a-7b55897d5fd6,Descr='src\sqlsrvr\src\sqlconnection.cpp(2138):
dc31263e-ecbf-41bd-9b3a-7b55897d5fd6: Соединение с сервером баз данных разорвано администратором
Microsoft SQL Server Native Client 11.0: TCP Provider: Удаленный хост принудительно разорвал существующее подключение.

HRESULT=80004005, HRESULT=80004005, SQLSrvr: SQLSTATE=08S01, state=1, Severity=10, native=10054, line=0
',Context='Форма.Записать : Документ.ЗаявкаНаОплату.Форма.ФормаДокумента
Документ.ЗаявкаНаОплату.Форма.ФормаДокумента.Форма : 1157 : Если Константы.СогласованиеЗаявокНаОплатуЧерез1СДокументооборот.Получить() Тогда'
32:31.459060-0,EXCP,2,process=rphost,p:processName=bi_bk3wk1_prod_01,OSThread=8168,t:clientID=11,t:applicationName=1CV8C,t:computerName=DC1RDSH13,t:connectID=3348,SessionID=3610,Usr=WK1_Джакипова_Айжан_Нуркожаевна,AppID=1CV8C,Exception=dc31263e-ecbf-41bd-9b3a-7b55897d5fd6,Descr='src\vrsbase\src\vresourceinfobaseimpl.cpp(1018):
dc31263e-ecbf-41bd-9b3a-7b55897d5fd6: Соединение с сервером баз данных разорвано администратором
Microsoft SQL Server Native Client 11.0: TCP Provider: Удаленный хост принудительно разорвал существующее подключение.

HRESULT=80004005, HRESULT=80004005, SQLSrvr: SQLSTATE=08S01, state=1, Severity=10, native=10054, line=0
'
32:31.459061-0,EXCP,2,process=rphost,p:processName=bi_bk3wk1_prod_01,OSThread=8168,t:clientID=11,t:applicationName=1CV8C,t:computerName=DC1RDSH13,t:connectID=3348,SessionID=3610,Usr=WK1_Джакипова_Айжан_Нуркожаевна,AppID=1CV8C,Exception=dc31263e-ecbf-41bd-9b3a-7b55897d5fd6,Descr='src\vrsbase\src\vresourceinfobaseimpl.cpp(483):
dc31263e-ecbf-41bd-9b3a-7b55897d5fd6: Соединение с сервером баз данных разорвано администратором
Microsoft SQL Server Native Client 11.0: TCP Provider: Удаленный хост принудительно разорвал существующее подключение.

HRESULT=80004005, HRESULT=80004005, SQLSrvr: SQLSTATE=08S01, state=1, Severity=10, native=10054, line=0
'
32:31.459062-0,EXCP,2,process=rphost,p:processName=bi_bk3wk1_prod_01,OSThread=8168,t:clientID=11,t:applicationName=1CV8C,t:computerName=DC1RDSH13,t:connectID=3348,SessionID=3610,Usr=WK1_Джакипова_Айжан_Нуркожаевна,AppID=1CV8C,Exception=dc31263e-ecbf-41bd-9b3a-7b55897d5fd6,Descr='src\rserver\src\vresourcesystemimpl.cpp(303):
dc31263e-ecbf-41bd-9b3a-7b55897d5fd6: Соединение с сервером баз данных разорвано администратором
Microsoft SQL Server Native Client 11.0: TCP Provider: Удаленный хост принудительно разорвал существующее подключение.

HRESULT=80004005, HRESULT=80004005, SQLSrvr: SQLSTATE=08S01, state=1, Severity=10, native=10054, line=0
'
32:31.459063-0,EXCP,2,process=rphost,p:processName=bi_bk3wk1_prod_01,OSThread=8168,t:clientID=11,t:applicationName=1CV8C,t:computerName=DC1RDSH13,t:connectID=3348,SessionID=3610,Usr=WK1_Джакипова_Айжан_Нуркожаевна,AppID=1CV8C,Exception=dd149677-3d47-4e05-a55f-4e75b13a441f,Descr='src\rtrsrvc\src\remoteinterfaceimpl.cpp(2024):
dd149677-3d47-4e05-a55f-4e75b13a441f: Сеанс работы завершен администратором.
dc31263e-ecbf-41bd-9b3a-7b55897d5fd6: Соединение с сервером баз данных разорвано администратором
Microsoft SQL Server Native Client 11.0: TCP Provider: Удаленный хост принудительно разорвал существующее подключение.

HRESULT=80004005, HRESULT=80004005, SQLSrvr: SQLSTATE=08S01, state=1, Severity=10, native=10054, line=0
'
32:31.459064-15063,CALL,1,process=rphost,p:processName=bi_bk3wk1_prod_01,OSThread=8168,t:clientID=11,t:applicationName=1CV8C,t:computerName=DC1RDSH13,t:connectID=3348,Usr=WK1_Джакипова_Айжан_Нуркожаевна,SessionID=3610,Context=Форма.Записать : Документ.ЗаявкаНаОплату.Форма.ФормаДокумента,Interface=bc15bd01-10bf-413c-a856-ddc907fcd123,IName=IVResourceRemoteConnection,Method=0,CallID=12961,MName=send,RetExcp='Сеанс работы завершен администратором.
Соединение с сервером баз данных разорвано администратором
Microsoft SQL Server Native Client 11.0: TCP Provider: Удаленный хост принудительно разорвал существующее подключение.

HRESULT=80004005, HRESULT=80004005, SQLSrvr: SQLSTATE=08S01, state=1, Severity=10, native=10054, line=0
',Memory=-1832097,MemoryPeak=1725986,InBytes=0,OutBytes=0,CpuTime=15625
33:00.194000-0,EXCP,3,process=rphost,p:processName=bi_bk3wk1_prod_01,p:processName=bi_bk3wk1_prod_0175a06dc0-045e-4297-b9c7-6675dc477416,OSThread=3048,t:clientID=25,t:applicationName=1CV8C,t:computerName=DC1RDSH13,t:connectID=3583,DBMS=DBMSSQL,DataBase=CLSBUHDB01\bi_bk3wk1_prod_01,dbpid=unknown,Exception=DataBaseException,Descr='Соединение с сервером баз данных разорвано администратором
Microsoft SQL Server Native Client 11.0: Named Pipes Provider: Could not open a connection to SQL Server [53]. 
HRESULT=80004005, HRESULT=80004005, HRESULT=80004005, SQLSrvr: SQLSTATE=08001, state=1, Severity=10, native=53, line=0
'
33:00.194001-0,EXCPCNTX,0,ClientComputerName=,ServerComputerName=,UserName=,ConnectString=
33:00.194002-28328002,EXCPCNTX,2,SrcName=DBMSSQL,process=rphost,p:processName=bi_bk3wk1_prod_01,p:processName=bi_bk3wk1_prod_0175a06dc0-045e-4297-b9c7-6675dc477416,OSThread=3048,t:clientID=25,t:applicationName=1CV8C,t:computerName=DC1RDSH13,t:connectID=3583,DBMS=DBMSSQL,DataBase=CLSBUHDB01\bi_bk3wk1_prod_01,Trans=0
33:00.194003-28343988,EXCPCNTX,1,SrcName=CALL,process=rphost,p:processName=bi_bk3wk1_prod_01,OSThread=3048,t:clientID=25,t:applicationName=1CV8C,t:computerName=DC1RDSH13
33:00.194004-28391004,EXCPCNTX,0,SrcName=CONN,process=rphost,OSThread=6956,t:clientID=25
33:00.194006-0,EXCP,2,process=rphost,p:processName=bi_bk3wk1_prod_01,p:processName=bi_bk3wk1_prod_0175a06dc0-045e-4297-b9c7-6675dc477416,OSThread=3048,t:clientID=25,t:applicationName=1CV8C,t:computerName=DC1RDSH13,t:connectID=3583,DBMS=DBMSSQL,DataBase=CLSBUHDB01\bi_bk3wk1_prod_01,Exception=dc31263e-ecbf-41bd-9b3a-7b55897d5fd6,Descr='src\rserver\src\connectpool.cpp(339):
dc31263e-ecbf-41bd-9b3a-7b55897d5fd6: Соединение с сервером баз данных разорвано администратором
Microsoft SQL Server Native Client 11.0: Named Pipes Provider: Could not open a connection to SQL Server [53]. 
HRESULT=80004005, HRESULT=80004005, HRESULT=80004005, SQLSrvr: SQLSTATE=08001, state=1, Severity=10, native=53, line=0
'
33:00.194009-0,EXCP,3,process=rphost,p:processName=bi_bk3wk1_prod_01,p:processName=bi_bk3wk1_prod_0175a06dc0-045e-4297-b9c7-6675dc477416,OSThread=3048,t:clientID=25,t:applicationName=1CV8C,t:computerName=DC1RDSH13,t:connectID=3583,DBMS=DBMSSQL,DataBase=CLSBUHDB01\bi_bk3wk1_prod_01,dbpid=235,Exception=DataBaseException,Descr='Соединение с сервером баз данных разорвано администратором
Microsoft SQL Server Native Client 11.0: TCP Provider: Удаленный хост принудительно разорвал существующее подключение.

HRESULT=80004005, HRESULT=80004005, SQLSrvr: SQLSTATE=08S01, state=1, Severity=10, native=10054, line=0
'
33:00.194010-0,EXCPCNTX,0,ClientComputerName=,ServerComputerName=,UserName=,ConnectString=
33:00.194011-4,EXCPCNTX,2,SrcName=DBMSSQL,process=rphost,p:processName=bi_bk3wk1_prod_01,p:processName=bi_bk3wk1_prod_0175a06dc0-045e-4297-b9c7-6675dc477416,OSThread=3048,t:clientID=25,t:applicationName=1CV8C,t:computerName=DC1RDSH13,t:connectID=3583,DBMS=DBMSSQL,DataBase=CLSBUHDB01\bi_bk3wk1_prod_01,Trans=0,dbpid=235,Sql=SELECT 1
33:00.194012-28343997,EXCPCNTX,1,SrcName=CALL,process=rphost,p:processName=bi_bk3wk1_prod_01,OSThread=3048,t:clientID=25,t:applicationName=1CV8C,t:computerName=DC1RDSH13
33:00.194013-28391013,EXCPCNTX,0,SrcName=CONN,process=rphost,OSThread=6956,t:clientID=25
33:00.194015-0,EXCP,2,process=rphost,p:processName=bi_bk3wk1_prod_01,p:processName=bi_bk3wk1_prod_0175a06dc0-045e-4297-b9c7-6675dc477416,OSThread=3048,t:clientID=25,t:applicationName=1CV8C,t:computerName=DC1RDSH13,t:connectID=3583,DBMS=DBMSSQL,DataBase=CLSBUHDB01\bi_bk3wk1_prod_01,Exception=dc31263e-ecbf-41bd-9b3a-7b55897d5fd6,Descr='src\sqlsrvr\src\sqlconnection.cpp(2138):
dc31263e-ecbf-41bd-9b3a-7b55897d5fd6: Соединение с сервером баз данных разорвано администратором
Microsoft SQL Server Native Client 11.0: TCP Provider: Удаленный хост принудительно разорвал существующее подключение.

HRESULT=80004005, HRESULT=80004005, SQLSrvr: SQLSTATE=08S01, state=1, Severity=10, native=10054, line=0
'
33:21.320000-0,EXCP,2,process=rphost,p:processName=bi_bk3wk1_prod_01,p:processName=bi_bk3wk1_prod_0175a06dc0-045e-4297-b9c7-6675dc477416,OSThread=3048,t:clientID=25,t:applicationName=1CV8C,t:computerName=DC1RDSH13,t:connectID=3583,DBMS=DBMSSQL,DataBase=CLSBUHDB01\bi_bk3wk1_prod_01,dbpid=NULL,Exception=DataBaseException,Descr='Соединение с сервером баз данных разорвано администратором
Microsoft SQL Server Native Client 11.0: Named Pipes Provider: Could not open a connection to SQL Server [53]. 
HRESULT=80004005, HRESULT=80004005, HRESULT=80004005, SQLSrvr: SQLSTATE=08001, state=1, Severity=10, native=53, line=0
'
33:21.320001-0,EXCPCNTX,0,ClientComputerName=,ServerComputerName=,UserName=,ConnectString=
33:21.320002-49469987,EXCPCNTX,1,SrcName=CALL,process=rphost,p:processName=bi_bk3wk1_prod_01,OSThread=3048,t:clientID=25,t:applicationName=1CV8C,t:computerName=DC1RDSH13
33:21.320003-49517003,EXCPCNTX,0,SrcName=CONN,process=rphost,OSThread=6956,t:clientID=25
33:21.320004-0,EXCP,2,process=rphost,p:processName=bi_bk3wk1_prod_01,p:processName=bi_bk3wk1_prod_0175a06dc0-045e-4297-b9c7-6675dc477416,OSThread=3048,t:clientID=25,t:applicationName=1CV8C,t:computerName=DC1RDSH13,t:connectID=3583,DBMS=DBMSSQL,DataBase=CLSBUHDB01\bi_bk3wk1_prod_01,Exception=dc31263e-ecbf-41bd-9b3a-7b55897d5fd6,Descr='src\rserver\src\connectpool.cpp(339):
dc31263e-ecbf-41bd-9b3a-7b55897d5fd6: Соединение с сервером баз данных разорвано администратором
Microsoft SQL Server Native Client 11.0: Named Pipes Provider: Could not open a connection to SQL Server [53]. 
HRESULT=80004005, HRESULT=80004005, HRESULT=80004005, SQLSrvr: SQLSTATE=08001, state=1, Severity=10, native=53, line=0
'
34:03.492000-0,EXCP,2,process=rphost,p:processName=bi_bk3wk1_prod_01,p:processName=bi_bk3wk1_prod_0175a06dc0-045e-4297-b9c7-6675dc477416,OSThread=3048,t:clientID=25,t:applicationName=1CV8C,t:computerName=DC1RDSH13,t:connectID=3583,DBMS=DBMSSQL,DataBase=CLSBUHDB01\bi_bk3wk1_prod_01,dbpid=NULL,Exception=DataBaseException,Descr='Соединение с сервером баз данных разорвано администратором
Microsoft SQL Server Native Client 11.0: Named Pipes Provider: Could not open a connection to SQL Server [53]. 
HRESULT=80004005, HRESULT=80004005, HRESULT=80004005, SQLSrvr: SQLSTATE=08001, state=1, Severity=10, native=53, line=0
'
34:03.492001-0,EXCPCNTX,0,ClientComputerName=,ServerComputerName=,UserName=,ConnectString=
34:03.492002-91641987,EXCPCNTX,1,SrcName=CALL,process=rphost,p:processName=bi_bk3wk1_prod_01,OSThread=3048,t:clientID=25,t:applicationName=1CV8C,t:computerName=DC1RDSH13
34:03.492003-91689003,EXCPCNTX,0,SrcName=CONN,process=rphost,OSThread=6956,t:clientID=25
34:03.492005-0,EXCP,2,process=rphost,p:processName=bi_bk3wk1_prod_01,p:processName=bi_bk3wk1_prod_0175a06dc0-045e-4297-b9c7-6675dc477416,OSThread=3048,t:clientID=25,t:applicationName=1CV8C,t:computerName=DC1RDSH13,t:connectID=3583,DBMS=DBMSSQL,DataBase=CLSBUHDB01\bi_bk3wk1_prod_01,Exception=dc31263e-ecbf-41bd-9b3a-7b55897d5fd6,Descr='src\rserver\src\connectpool.cpp(415):
dc31263e-ecbf-41bd-9b3a-7b55897d5fd6: Соединение с сервером баз данных разорвано администратором
Microsoft SQL Server Native Client 11.0: Named Pipes Provider: Could not open a connection to SQL Server [53]. 
HRESULT=80004005, HRESULT=80004005, HRESULT=80004005, SQLSrvr: SQLSTATE=08001, state=1, Severity=10, native=53, line=0
'
34:03.539007-0,EXCP,2,process=rphost,p:processName=bi_bk3wk1_prod_01,p:processName=bi_bk3wk1_prod_0175a06dc0-045e-4297-b9c7-6675dc477416,OSThread=3048,t:clientID=25,t:applicationName=1CV8C,t:computerName=DC1RDSH13,t:connectID=3583,Exception=dc31263e-ecbf-41bd-9b3a-7b55897d5fd6,Descr='src\vrsbase\src\vresourceinfobaseimpl.cpp(1018):
dc31263e-ecbf-41bd-9b3a-7b55897d5fd6: Соединение с сервером баз данных разорвано администратором
Microsoft SQL Server Native Client 11.0: Named Pipes Provider: Could not open a connection to SQL Server [53]. 
HRESULT=80004005, HRESULT=80004005, HRESULT=80004005, SQLSrvr: SQLSTATE=08001, state=1, Severity=10, native=53, line=0
'
34:03.539008-0,EXCP,2,process=rphost,p:processName=bi_bk3wk1_prod_01,p:processName=bi_bk3wk1_prod_0175a06dc0-045e-4297-b9c7-6675dc477416,OSThread=3048,t:clientID=25,t:applicationName=1CV8C,t:computerName=DC1RDSH13,t:connectID=3583,Exception=dc31263e-ecbf-41bd-9b3a-7b55897d5fd6,Descr='src\vrsbase\src\vresourceinfobaseimpl.cpp(483):
dc31263e-ecbf-41bd-9b3a-7b55897d5fd6: Соединение с сервером баз данных разорвано администратором
Microsoft SQL Server Native Client 11.0: Named Pipes Provider: Could not open a connection to SQL Server [53]. 
HRESULT=80004005, HRESULT=80004005, HRESULT=80004005, SQLSrvr: SQLSTATE=08001, state=1, Severity=10, native=53, line=0
'
34:03.539009-0,EXCP,2,process=rphost,p:processName=bi_bk3wk1_prod_01,p:processName=bi_bk3wk1_prod_0175a06dc0-045e-4297-b9c7-6675dc477416,OSThread=3048,t:clientID=25,t:applicationName=1CV8C,t:computerName=DC1RDSH13,t:connectID=3583,Exception=dc31263e-ecbf-41bd-9b3a-7b55897d5fd6,Descr='src\rserver\src\vresourcesystemimpl.cpp(303):
dc31263e-ecbf-41bd-9b3a-7b55897d5fd6: Соединение с сервером баз данных разорвано администратором
Microsoft SQL Server Native Client 11.0: Named Pipes Provider: Could not open a connection to SQL Server [53]. 
HRESULT=80004005, HRESULT=80004005, HRESULT=80004005, SQLSrvr: SQLSTATE=08001, state=1, Severity=10, native=53, line=0
'
34:03.539012-0,EXCP,2,process=rphost,p:processName=bi_bk3wk1_prod_01,p:processName=bi_bk3wk1_prod_0175a06dc0-045e-4297-b9c7-6675dc477416,OSThread=3048,t:clientID=25,t:applicationName=1CV8C,t:computerName=DC1RDSH13,t:connectID=3583,Exception=dd149677-3d47-4e05-a55f-4e75b13a441f,Descr='src\rtrsrvc\src\remoteinterfaceimpl.cpp(2024):
dd149677-3d47-4e05-a55f-4e75b13a441f: Сеанс работы завершен администратором.
dc31263e-ecbf-41bd-9b3a-7b55897d5fd6: Соединение с сервером баз данных разорвано администратором
Microsoft SQL Server Native Client 11.0: Named Pipes Provider: Could not open a connection to SQL Server [53]. 
HRESULT=80004005, HRESULT=80004005, HRESULT=80004005, SQLSrvr: SQLSTATE=08001, state=1, Severity=10, native=53, line=0
'
34:03.539013-91688998,CALL,1,process=rphost,p:processName=bi_bk3wk1_prod_01,OSThread=3048,t:clientID=25,t:applicationName=1CV8C,t:computerName=DC1RDSH13,Interface=bc15bd01-10bf-413c-a856-ddc907fcd123,IName=IVResourceRemoteConnection,Method=0,CallID=12961,MName=send,RetExcp='Сеанс работы завершен администратором.
Соединение с сервером баз данных разорвано администратором
Microsoft SQL Server Native Client 11.0: Named Pipes Provider: Could not open a connection to SQL Server [53]. 
HRESULT=80004005, HRESULT=80004005, HRESULT=80004005, SQLSrvr: SQLSTATE=08001, state=1, Severity=10, native=53, line=0
',Memory=-5005219,MemoryPeak=131328,InBytes=0,OutBytes=0,CpuTime=62500
34:03.633024-0,EXCP,2,process=rphost,p:processName=bi_bk3wk1_prod_01,OSThread=5268,t:clientID=40,t:applicationName=1CV8C,t:computerName=DC2RDSH29,t:connectID=3589,Exception=580392e6-ba49-4280-ac67-fcd6f2180121,Descr='src\vrsbase\src\vresourceinfobaseimpl.cpp(1011):
580392e6-ba49-4280-ac67-fcd6f2180121: HTTP: Service unavailable
Ошибка при выполнении запроса POST к ресурсу /e1cib/license/getlast:
a01f465c-ed70-442e-ada5-847668d7a41c: Сервер баз данных не обнаружен
Microsoft SQL Server Native Client 11.0: Named Pipes Provider: Could not open a connection to SQL Server [53]. 
HRESULT=80004005, HRESULT=80004005, HRESULT=80004005, SQLSrvr: SQLSTATE=08001, state=1, Severity=10, native=53, line=0, SrvrName=CLSBUHDB01
'
34:03.727003-0,EXCP,0,process=rphost,OSThread=2568,ClientID=71,Exception=NetDataExchangeException,Descr='server_addr=(2)10.224.32.15:58265 descr=2(0x00000002): Не удается найти указанный файл.  line=1149 file=d:\jenkins\ci_builder2\windowsbuild2\platform\src\rtrsrvc\src\dataexchangeserverimpl.cpp'
34:03.727004-0,EXCPCNTX,0,ClientComputerName=,ServerComputerName=,UserName=,ConnectString=
34:03.883017-0,EXCP,0,process=rphost,OSThread=6380,ClientID=15,Exception=NetDataExchangeException,Descr='server_addr=(2)10.225.32.50:56530 descr=2(0x00000002): Не удается найти указанный файл.  line=1149 file=d:\jenkins\ci_builder2\windowsbuild2\platform\src\rtrsrvc\src\dataexchangeserverimpl.cpp'
34:03.883018-0,EXCPCNTX,0,ClientComputerName=,ServerComputerName=,UserName=,ConnectString=
35:00.962014-0,EXCP,3,process=rphost,p:processName=bi_bk3wk1_prod_01,OSThread=8468,t:clientID=46,t:applicationName=1CV8C,t:computerName=DC3RDSH11,t:connectID=3604,SessionID=607,Usr=БоканЖМ,AppID=1CV8C,Exception=afd2b550-0d52-4e03-b448-15ed68d87ac5,Descr='src\mngbase\src\rtsimplylogformsrvimpl.cpp(199):
afd2b550-0d52-4e03-b448-15ed68d87ac5
e0506925-b3e4-4dfb-b2fd-309eb7908ae3: Ошибка блокировки объекта. Объект уже заблокирован:
компьютер: DC3RDSH11, пользователь: БоканЖМ, сеанс: 956, начат: 05.05.2020 в 11:23:28, приложение: Тонкий клиент',Context=Форма.ЗаблокироватьДанныеФормыДляРедактирования : Документ.ЗаявкаНаОплату.Форма.ФормаДокумента
35:00.962015-0,EXCP,3,process=rphost,p:processName=bi_bk3wk1_prod_01,OSThread=8468,t:clientID=46,t:applicationName=1CV8C,t:computerName=DC3RDSH11,t:connectID=3604,SessionID=607,Usr=БоканЖМ,AppID=1CV8C,Exception=580392e6-ba49-4280-ac67-fcd6f2180121,Descr='src\vrsbase\src\vresourceinfobaseimpl.cpp(1114):
580392e6-ba49-4280-ac67-fcd6f2180121: Неспецифицированная ошибка работы с ресурсом
Ошибка при выполнении запроса POST к ресурсу /e1cib/logForm:
afd2b550-0d52-4e03-b448-15ed68d87ac5
e0506925-b3e4-4dfb-b2fd-309eb7908ae3: Ошибка блокировки объекта. Объект уже заблокирован:
компьютер: DC3RDSH11, пользователь: БоканЖМ, сеанс: 956, начат: 05.05.2020 в 11:23:28, приложение: Тонкий клиент'
35:08.306014-0,EXCP,3,process=rphost,p:processName=bi_bk3wk1_prod_01,OSThread=7020,t:clientID=46,t:applicationName=1CV8C,t:computerName=DC3RDSH11,t:connectID=3604,SessionID=607,Usr=БоканЖМ,AppID=1CV8C,Exception=afd2b550-0d52-4e03-b448-15ed68d87ac5,Descr='src\mngbase\src\rtsimplylogformsrvimpl.cpp(199):
afd2b550-0d52-4e03-b448-15ed68d87ac5
e0506925-b3e4-4dfb-b2fd-309eb7908ae3: Ошибка блокировки объекта. Объект уже заблокирован:
компьютер: DC3RDSH11, пользователь: БоканЖМ, сеанс: 956, начат: 05.05.2020 в 11:23:28, приложение: Тонкий клиент',Context=Форма.ЗаблокироватьДанныеФормыДляРедактирования : Документ.ЗаявкаНаОплату.Форма.ФормаДокумента
35:08.306015-0,EXCP,3,process=rphost,p:processName=bi_bk3wk1_prod_01,OSThread=7020,t:clientID=46,t:applicationName=1CV8C,t:computerName=DC3RDSH11,t:connectID=3604,SessionID=607,Usr=БоканЖМ,AppID=1CV8C,Exception=580392e6-ba49-4280-ac67-fcd6f2180121,Descr='src\vrsbase\src\vresourceinfobaseimpl.cpp(1114):
580392e6-ba49-4280-ac67-fcd6f2180121: Неспецифицированная ошибка работы с ресурсом
Ошибка при выполнении запроса POST к ресурсу /e1cib/logForm:
afd2b550-0d52-4e03-b448-15ed68d87ac5
e0506925-b3e4-4dfb-b2fd-309eb7908ae3: Ошибка блокировки объекта. Объект уже заблокирован:
компьютер: DC3RDSH11, пользователь: БоканЖМ, сеанс: 956, начат: 05.05.2020 в 11:23:28, приложение: Тонкий клиент'
35:47.729000-0,EXCP,0,process=rphost,OSThread=6380,ClientID=95,Exception=NetDataExchangeException,Descr='server_addr=(2)10.224.32.15:58276 descr=2(0x00000002): Не удается найти указанный файл.  line=1149 file=d:\jenkins\ci_builder2\windowsbuild2\platform\src\rtrsrvc\src\dataexchangeserverimpl.cpp'
35:47.729001-0,EXCPCNTX,0,ClientComputerName=,ServerComputerName=,UserName=,ConnectString=
36:15.385007-0,EXCP,0,process=rphost,OSThread=5692,ClientID=74,Exception=NetDataExchangeException,Descr='server_addr=(2)10.225.32.43:56729 descr=2(0x00000002): Не удается найти указанный файл.  line=1149 file=d:\jenkins\ci_builder2\windowsbuild2\platform\src\rtrsrvc\src\dataexchangeserverimpl.cpp'
36:15.385008-0,EXCPCNTX,0,ClientComputerName=,ServerComputerName=,UserName=,ConnectString=
37:46.052009-0,EXCP,2,process=rphost,p:processName=bi_bk3wk1_prod_01,OSThread=2324,t:clientID=46,t:applicationName=1CV8C,t:computerName=DC3RDSH11,t:connectID=3604,SessionID=607,Usr=БоканЖМ,AppID=1CV8C,Exception=afd2b550-0d52-4e03-b448-15ed68d87ac5,Descr='src\mngbase\src\rtsimplylogformsrvimpl.cpp(199):
afd2b550-0d52-4e03-b448-15ed68d87ac5
e0506925-b3e4-4dfb-b2fd-309eb7908ae3: Ошибка блокировки объекта. Объект уже заблокирован:
компьютер: DC3RDSH11, пользователь: БоканЖМ, сеанс: 956, начат: 05.05.2020 в 11:23:28, приложение: Тонкий клиент',Context=Форма.ЗаблокироватьДанныеФормыДляРедактирования : Документ.ЗаявкаНаОплату.Форма.ФормаДокумента
37:46.052010-0,EXCP,2,process=rphost,p:processName=bi_bk3wk1_prod_01,OSThread=2324,t:clientID=46,t:applicationName=1CV8C,t:computerName=DC3RDSH11,t:connectID=3604,SessionID=607,Usr=БоканЖМ,AppID=1CV8C,Exception=580392e6-ba49-4280-ac67-fcd6f2180121,Descr='src\vrsbase\src\vresourceinfobaseimpl.cpp(1114):
580392e6-ba49-4280-ac67-fcd6f2180121: Неспецифицированная ошибка работы с ресурсом
Ошибка при выполнении запроса POST к ресурсу /e1cib/logForm:
afd2b550-0d52-4e03-b448-15ed68d87ac5
e0506925-b3e4-4dfb-b2fd-309eb7908ae3: Ошибка блокировки объекта. Объект уже заблокирован:
компьютер: DC3RDSH11, пользователь: БоканЖМ, сеанс: 956, начат: 05.05.2020 в 11:23:28, приложение: Тонкий клиент'
38:03.568016-0,EXCP,2,process=rphost,p:processName=bi_bk3wk1_prod_01,OSThread=7776,t:clientID=46,t:applicationName=1CV8C,t:computerName=DC3RDSH11,t:connectID=3604,SessionID=607,Usr=БоканЖМ,AppID=1CV8C,Exception=afd2b550-0d52-4e03-b448-15ed68d87ac5,Descr='src\mngbase\src\rtsimplylogformsrvimpl.cpp(199):
afd2b550-0d52-4e03-b448-15ed68d87ac5
e0506925-b3e4-4dfb-b2fd-309eb7908ae3: Ошибка блокировки объекта. Объект уже заблокирован:
компьютер: DC3RDSH11, пользователь: БоканЖМ, сеанс: 956, начат: 05.05.2020 в 11:23:28, приложение: Тонкий клиент',Context=Форма.ЗаблокироватьДанныеФормыДляРедактирования : Документ.ЗаявкаНаОплату.Форма.ФормаДокумента
38:03.568017-0,EXCP,2,process=rphost,p:processName=bi_bk3wk1_prod_01,OSThread=7776,t:clientID=46,t:applicationName=1CV8C,t:computerName=DC3RDSH11,t:connectID=3604,SessionID=607,Usr=БоканЖМ,AppID=1CV8C,Exception=580392e6-ba49-4280-ac67-fcd6f2180121,Descr='src\vrsbase\src\vresourceinfobaseimpl.cpp(1114):
580392e6-ba49-4280-ac67-fcd6f2180121: Неспецифицированная ошибка работы с ресурсом
Ошибка при выполнении запроса POST к ресурсу /e1cib/logForm:
afd2b550-0d52-4e03-b448-15ed68d87ac5
e0506925-b3e4-4dfb-b2fd-309eb7908ae3: Ошибка блокировки объекта. Объект уже заблокирован:
компьютер: DC3RDSH11, пользователь: БоканЖМ, сеанс: 956, начат: 05.05.2020 в 11:23:28, приложение: Тонкий клиент'
38:08.849017-0,EXCP,2,process=rphost,p:processName=bi_bk3wk1_prod_01,OSThread=8860,t:clientID=46,t:applicationName=1CV8C,t:computerName=DC3RDSH11,t:connectID=3604,SessionID=607,Usr=БоканЖМ,AppID=1CV8C,Exception=afd2b550-0d52-4e03-b448-15ed68d87ac5,Descr='src\mngbase\src\rtsimplylogformsrvimpl.cpp(199):
afd2b550-0d52-4e03-b448-15ed68d87ac5
e0506925-b3e4-4dfb-b2fd-309eb7908ae3: Ошибка блокировки объекта. Объект уже заблокирован:
компьютер: DC3RDSH11, пользователь: БоканЖМ, сеанс: 956, начат: 05.05.2020 в 11:23:28, приложение: Тонкий клиент',Context=Форма.ЗаблокироватьДанныеФормыДляРедактирования : Документ.ЗаявкаНаОплату.Форма.ФормаДокумента
38:08.849018-0,EXCP,2,process=rphost,p:processName=bi_bk3wk1_prod_01,OSThread=8860,t:clientID=46,t:applicationName=1CV8C,t:computerName=DC3RDSH11,t:connectID=3604,SessionID=607,Usr=БоканЖМ,AppID=1CV8C,Exception=580392e6-ba49-4280-ac67-fcd6f2180121,Descr='src\vrsbase\src\vresourceinfobaseimpl.cpp(1114):
580392e6-ba49-4280-ac67-fcd6f2180121: Неспецифицированная ошибка работы с ресурсом
Ошибка при выполнении запроса POST к ресурсу /e1cib/logForm:
afd2b550-0d52-4e03-b448-15ed68d87ac5
e0506925-b3e4-4dfb-b2fd-309eb7908ae3: Ошибка блокировки объекта. Объект уже заблокирован:
компьютер: DC3RDSH11, пользователь: БоканЖМ, сеанс: 956, начат: 05.05.2020 в 11:23:28, приложение: Тонкий клиент'
40:19.823000-0,EXCP,2,process=rphost,p:processName=bi_bk3wk1_prod_01,OSThread=5256,t:clientID=36,t:applicationName=1CV8C,t:computerName=DC3RDSH07,t:connectID=3609,SessionID=24,Usr=Туспекова Анель Ермековна,AppID=1CV8C,Exception=580392e6-ba49-4280-ac67-fcd6f2180121,Descr='src\vrsbase\src\vresourceinfobaseimpl.cpp(1114):
580392e6-ba49-4280-ac67-fcd6f2180121: Неспецифицированная ошибка работы с ресурсом
Ошибка при выполнении запроса POST к ресурсу /e1cib/logForm:
8d366056-4d5a-4d88-a207-0ae535b7d28e: {Обработка.РасчетПоСреднемуЗаработку.МодульОбъекта(2158)}: В документе присутствуют виды расчета со способом, отличным от По среднему заработку для отпуска'
40:21.777006-0,EXCP,0,process=rphost,OSThread=7192,ClientID=76,Exception=NetDataExchangeException,Descr='server_addr=(2)10.224.32.240:54679 descr=10054(0x00002746): Удаленный хост принудительно разорвал существующее подключение.  line=1149 file=d:\jenkins\ci_builder2\windowsbuild2\platform\src\rtrsrvc\src\dataexchangeserverimpl.cpp'
40:21.777008-0,EXCPCNTX,0,ClientComputerName=,ServerComputerName=,UserName=,ConnectString=
40:42.402000-0,EXCP,0,process=rphost,OSThread=2568,ClientID=103,Exception=NetDataExchangeException,Descr='server_addr=(2)10.224.32.15:58310 descr=2(0x00000002): Не удается найти указанный файл.  line=1149 file=d:\jenkins\ci_builder2\windowsbuild2\platform\src\rtrsrvc\src\dataexchangeserverimpl.cpp'
40:42.402001-0,EXCPCNTX,0,ClientComputerName=,ServerComputerName=,UserName=,ConnectString=
40:42.417001-0,EXCP,0,process=rphost,OSThread=3892,ClientID=138,Exception=NetDataExchangeException,Descr='server_addr=(2)10.224.32.15:58355 descr=2(0x00000002): Не удается найти указанный файл.  line=1149 file=d:\jenkins\ci_builder2\windowsbuild2\platform\src\rtrsrvc\src\dataexchangeserverimpl.cpp'
40:42.417002-0,EXCPCNTX,0,ClientComputerName=,ServerComputerName=,UserName=,ConnectString=
40:42.417004-0,EXCP,0,process=rphost,OSThread=3892,ClientID=139,Exception=NetDataExchangeException,Descr='server_addr=(2)10.224.32.15:58373 descr=2(0x00000002): Не удается найти указанный файл.  line=1149 file=d:\jenkins\ci_builder2\windowsbuild2\platform\src\rtrsrvc\src\dataexchangeserverimpl.cpp'
40:42.417005-0,EXCPCNTX,0,ClientComputerName=,ServerComputerName=,UserName=,ConnectString=
40:44.417000-0,EXCP,0,process=rphost,OSThread=3572,ClientID=140,Exception=NetDataExchangeException,Descr='server_addr=(2)10.224.32.15:58389 descr=2(0x00000002): Не удается найти указанный файл.  line=1149 file=d:\jenkins\ci_builder2\windowsbuild2\platform\src\rtrsrvc\src\dataexchangeserverimpl.cpp'
40:44.417001-0,EXCPCNTX,0,ClientComputerName=,ServerComputerName=,UserName=,ConnectString=
40:44.433000-0,EXCP,0,process=rphost,OSThread=2568,ClientID=141,Exception=NetDataExchangeException,Descr='server_addr=(2)10.224.32.15:58405 descr=2(0x00000002): Не удается найти указанный файл.  line=1149 file=d:\jenkins\ci_builder2\windowsbuild2\platform\src\rtrsrvc\src\dataexchangeserverimpl.cpp'
40:44.433001-0,EXCPCNTX,0,ClientComputerName=,ServerComputerName=,UserName=,ConnectString=
44:38.938000-0,EXCP,0,process=rphost,OSThread=4832,ClientID=142,Exception=NetDataExchangeException,Descr='server_addr=(2)10.224.32.15:58420 descr=2(0x00000002): Не удается найти указанный файл.  line=1149 file=d:\jenkins\ci_builder2\windowsbuild2\platform\src\rtrsrvc\src\dataexchangeserverimpl.cpp'
44:38.938001-0,EXCPCNTX,0,ClientComputerName=,ServerComputerName=,UserName=,ConnectString=
44:39.125000-0,EXCP,0,process=rphost,OSThread=2568,ClientID=149,Exception=NetDataExchangeException,Descr='server_addr=(2)10.224.32.15:58455 descr=2(0x00000002): Не удается найти указанный файл.  line=1149 file=d:\jenkins\ci_builder2\windowsbuild2\platform\src\rtrsrvc\src\dataexchangeserverimpl.cpp'
44:39.125001-0,EXCPCNTX,0,ClientComputerName=,ServerComputerName=,UserName=,ConnectString=
44:45.078001-0,EXCP,0,process=rphost,OSThread=6324,ClientID=150,Exception=NetDataExchangeException,Descr='server_addr=(2)10.224.32.15:58475 descr=2(0x00000002): Не удается найти указанный файл.  line=1149 file=d:\jenkins\ci_builder2\windowsbuild2\platform\src\rtrsrvc\src\dataexchangeserverimpl.cpp'
44:45.078002-0,EXCPCNTX,0,ClientComputerName=,ServerComputerName=,UserName=,ConnectString=
44:45.344000-0,EXCP,0,process=rphost,OSThread=6324,ClientID=151,Exception=NetDataExchangeException,Descr='server_addr=(2)10.224.32.15:58493 descr=2(0x00000002): Не удается найти указанный файл.  line=1149 file=d:\jenkins\ci_builder2\windowsbuild2\platform\src\rtrsrvc\src\dataexchangeserverimpl.cpp'
44:45.344001-0,EXCPCNTX,0,ClientComputerName=,ServerComputerName=,UserName=,ConnectString=
44:48.469001-0,EXCP,0,process=rphost,OSThread=6380,ClientID=152,Exception=NetDataExchangeException,Descr='server_addr=(2)10.224.32.15:58512 descr=2(0x00000002): Не удается найти указанный файл.  line=1149 file=d:\jenkins\ci_builder2\windowsbuild2\platform\src\rtrsrvc\src\dataexchangeserverimpl.cpp'
44:48.469002-0,EXCPCNTX,0,ClientComputerName=,ServerComputerName=,UserName=,ConnectString=
44:48.657000-0,EXCP,0,process=rphost,OSThread=4176,ClientID=153,Exception=NetDataExchangeException,Descr='server_addr=(2)10.224.32.15:58529 descr=2(0x00000002): Не удается найти указанный файл.  line=1149 file=d:\jenkins\ci_builder2\windowsbuild2\platform\src\rtrsrvc\src\dataexchangeserverimpl.cpp'
44:48.657001-0,EXCPCNTX,0,ClientComputerName=,ServerComputerName=,UserName=,ConnectString=
44:51.875000-0,EXCP,0,process=rphost,OSThread=3572,ClientID=154,Exception=NetDataExchangeException,Descr='server_addr=(2)10.224.32.15:58549 descr=2(0x00000002): Не удается найти указанный файл.  line=1149 file=d:\jenkins\ci_builder2\windowsbuild2\platform\src\rtrsrvc\src\dataexchangeserverimpl.cpp'
44:51.875001-0,EXCPCNTX,0,ClientComputerName=,ServerComputerName=,UserName=,ConnectString=
44:52.219011-0,EXCP,0,process=rphost,OSThread=3892,ClientID=155,Exception=NetDataExchangeException,Descr='server_addr=(2)10.224.32.15:58566 descr=2(0x00000002): Не удается найти указанный файл.  line=1149 file=d:\jenkins\ci_builder2\windowsbuild2\platform\src\rtrsrvc\src\dataexchangeserverimpl.cpp'
44:52.219012-0,EXCPCNTX,0,ClientComputerName=,ServerComputerName=,UserName=,ConnectString=
44:57.157000-0,EXCP,0,process=rphost,OSThread=4832,ClientID=156,Exception=NetDataExchangeException,Descr='server_addr=(2)10.224.32.15:58586 descr=2(0x00000002): Не удается найти указанный файл.  line=1149 file=d:\jenkins\ci_builder2\windowsbuild2\platform\src\rtrsrvc\src\dataexchangeserverimpl.cpp'
44:57.157001-0,EXCPCNTX,0,ClientComputerName=,ServerComputerName=,UserName=,ConnectString=
44:57.500000-0,EXCP,0,process=rphost,OSThread=2568,ClientID=157,Exception=NetDataExchangeException,Descr='server_addr=(2)10.224.32.15:58603 descr=2(0x00000002): Не удается найти указанный файл.  line=1149 file=d:\jenkins\ci_builder2\windowsbuild2\platform\src\rtrsrvc\src\dataexchangeserverimpl.cpp'
44:57.500001-0,EXCPCNTX,0,ClientComputerName=,ServerComputerName=,UserName=,ConnectString=
45:00.469000-0,EXCP,0,process=rphost,OSThread=3892,ClientID=159,Exception=NetDataExchangeException,Descr='server_addr=(2)10.224.32.15:58623 descr=2(0x00000002): Не удается найти указанный файл.  line=1149 file=d:\jenkins\ci_builder2\windowsbuild2\platform\src\rtrsrvc\src\dataexchangeserverimpl.cpp'
45:00.469001-0,EXCPCNTX,0,ClientComputerName=,ServerComputerName=,UserName=,ConnectString=
45:00.735000-0,EXCP,0,process=rphost,OSThread=4832,ClientID=160,Exception=NetDataExchangeException,Descr='server_addr=(2)10.224.32.15:58641 descr=2(0x00000002): Не удается найти указанный файл.  line=1149 file=d:\jenkins\ci_builder2\windowsbuild2\platform\src\rtrsrvc\src\dataexchangeserverimpl.cpp'
45:00.735001-0,EXCPCNTX,0,ClientComputerName=,ServerComputerName=,UserName=,ConnectString=
46:22.910000-0,EXCP,0,process=rphost,OSThread=2568,ClientID=161,Exception=NetDataExchangeException,Descr='server_addr=(2)10.224.32.15:58662 descr=2(0x00000002): Не удается найти указанный файл.  line=1149 file=d:\jenkins\ci_builder2\windowsbuild2\platform\src\rtrsrvc\src\dataexchangeserverimpl.cpp'
46:22.910001-0,EXCPCNTX,0,ClientComputerName=,ServerComputerName=,UserName=,ConnectString=
46:23.081000-0,EXCP,0,process=rphost,OSThread=7468,ClientID=164,Exception=NetDataExchangeException,Descr='server_addr=(2)10.224.32.15:58685 descr=2(0x00000002): Не удается найти указанный файл.  line=1149 file=d:\jenkins\ci_builder2\windowsbuild2\platform\src\rtrsrvc\src\dataexchangeserverimpl.cpp'
46:23.081001-0,EXCPCNTX,0,ClientComputerName=,ServerComputerName=,UserName=,ConnectString=
46:25.269000-0,EXCP,0,process=rphost,OSThread=6380,ClientID=165,Exception=NetDataExchangeException,Descr='server_addr=(2)10.224.32.15:58709 descr=2(0x00000002): Не удается найти указанный файл.  line=1149 file=d:\jenkins\ci_builder2\windowsbuild2\platform\src\rtrsrvc\src\dataexchangeserverimpl.cpp'
46:25.269001-0,EXCPCNTX,0,ClientComputerName=,ServerComputerName=,UserName=,ConnectString=
46:25.535001-0,EXCP,0,process=rphost,OSThread=6380,ClientID=166,Exception=NetDataExchangeException,Descr='server_addr=(2)10.224.32.15:58730 descr=2(0x00000002): Не удается найти указанный файл.  line=1149 file=d:\jenkins\ci_builder2\windowsbuild2\platform\src\rtrsrvc\src\dataexchangeserverimpl.cpp'
46:25.535002-0,EXCPCNTX,0,ClientComputerName=,ServerComputerName=,UserName=,ConnectString=
47:17.847000-0,EXCP,0,process=rphost,OSThread=6380,ClientID=167,Exception=NetDataExchangeException,Descr='server_addr=(2)10.224.32.15:58754 descr=2(0x00000002): Не удается найти указанный файл.  line=1149 file=d:\jenkins\ci_builder2\windowsbuild2\platform\src\rtrsrvc\src\dataexchangeserverimpl.cpp'
47:17.847001-0,EXCPCNTX,0,ClientComputerName=,ServerComputerName=,UserName=,ConnectString=
47:18.066000-0,EXCP,0,process=rphost,OSThread=2568,ClientID=172,Exception=NetDataExchangeException,Descr='server_addr=(2)10.224.32.15:58775 descr=2(0x00000002): Не удается найти указанный файл.  line=1149 file=d:\jenkins\ci_builder2\windowsbuild2\platform\src\rtrsrvc\src\dataexchangeserverimpl.cpp'
47:18.066001-0,EXCPCNTX,0,ClientComputerName=,ServerComputerName=,UserName=,ConnectString=
49:27.055017-0,EXCP,2,process=rphost,p:processName=bi_bk3wk1_prod_01,OSThread=6620,t:clientID=94,t:applicationName=1CV8C,t:computerName=DC1RDSH13,t:connectID=3620,SessionID=3610,Usr=WK1_Джакипова_Айжан_Нуркожаевна,AppID=1CV8C,Exception=afd2b550-0d52-4e03-b448-15ed68d87ac5,Descr='src\basic\src\documentlogformobjcontroller.cpp(884):
afd2b550-0d52-4e03-b448-15ed68d87ac5
0d2200af-1696-4395-91e5-2872675e6d3d: Не удалось провести: "Заявка на оплату"!',Context=Форма.Записать : Документ.ЗаявкаНаОплату.Форма.ФормаДокумента
49:27.102000-0,EXCP,2,process=rphost,p:processName=bi_bk3wk1_prod_01,OSThread=6620,t:clientID=94,t:applicationName=1CV8C,t:computerName=DC1RDSH13,t:connectID=3620,SessionID=3610,Usr=WK1_Джакипова_Айжан_Нуркожаевна,AppID=1CV8C,Exception=580392e6-ba49-4280-ac67-fcd6f2180121,Descr='src\vrsbase\src\vresourceinfobaseimpl.cpp(1114):
580392e6-ba49-4280-ac67-fcd6f2180121: Неспецифицированная ошибка работы с ресурсом
Ошибка при выполнении запроса POST к ресурсу /e1cib/logForm:
afd2b550-0d52-4e03-b448-15ed68d87ac5
0d2200af-1696-4395-91e5-2872675e6d3d: Не удалось провести: "Заявка на оплату"!'
51:19.682031-0,EXCP,2,process=rphost,p:processName=bi_bk3wk1_prod_01,OSThread=8756,t:clientID=94,t:applicationName=1CV8C,t:computerName=DC1RDSH13,t:connectID=3620,SessionID=3610,Usr=WK1_Джакипова_Айжан_Нуркожаевна,AppID=1CV8C,Exception=afd2b550-0d52-4e03-b448-15ed68d87ac5,Descr='src\basic\src\documentlogformobjcontroller.cpp(884):
afd2b550-0d52-4e03-b448-15ed68d87ac5
0d2200af-1696-4395-91e5-2872675e6d3d: Не удалось провести: "Заявка на оплату"!',Context=Форма.Записать : Документ.ЗаявкаНаОплату.Форма.ФормаДокумента
51:19.713000-0,EXCP,2,process=rphost,p:processName=bi_bk3wk1_prod_01,OSThread=8756,t:clientID=94,t:applicationName=1CV8C,t:computerName=DC1RDSH13,t:connectID=3620,SessionID=3610,Usr=WK1_Джакипова_Айжан_Нуркожаевна,AppID=1CV8C,Exception=580392e6-ba49-4280-ac67-fcd6f2180121,Descr='src\vrsbase\src\vresourceinfobaseimpl.cpp(1114):
580392e6-ba49-4280-ac67-fcd6f2180121: Неспецифицированная ошибка работы с ресурсом
Ошибка при выполнении запроса POST к ресурсу /e1cib/logForm:
afd2b550-0d52-4e03-b448-15ed68d87ac5
0d2200af-1696-4395-91e5-2872675e6d3d: Не удалось провести: "Заявка на оплату"!'
53:39.496009-0,EXCP,2,process=rphost,p:processName=bi_bk3wk1_prod_01,OSThread=8764,t:clientID=94,t:applicationName=1CV8C,t:computerName=DC1RDSH13,t:connectID=3620,SessionID=3610,Usr=WK1_Джакипова_Айжан_Нуркожаевна,AppID=1CV8C,Exception=afd2b550-0d52-4e03-b448-15ed68d87ac5,Descr='src\basic\src\inforegmanagercontroller.cpp(910):
afd2b550-0d52-4e03-b448-15ed68d87ac5
7c2862d8-d2cc-4c2e-a1bb-6e1e478ffc0f: Запись с такими ключевыми полями существует! : СложныеАвансыСхемыОплаты: 05.05.2020, решение (Регистр сведений: Схемы оплаты по сложным авансам)',Context=Форма.Записать : РегистрСведений.СложныеАвансыСхемыОплаты.Форма.ФормаЗаписи
53:39.496010-0,EXCP,2,process=rphost,p:processName=bi_bk3wk1_prod_01,OSThread=8764,t:clientID=94,t:applicationName=1CV8C,t:computerName=DC1RDSH13,t:connectID=3620,SessionID=3610,Usr=WK1_Джакипова_Айжан_Нуркожаевна,AppID=1CV8C,Exception=580392e6-ba49-4280-ac67-fcd6f2180121,Descr='src\vrsbase\src\vresourceinfobaseimpl.cpp(1114):
580392e6-ba49-4280-ac67-fcd6f2180121: Неспецифицированная ошибка работы с ресурсом
Ошибка при выполнении запроса POST к ресурсу /e1cib/logForm:
afd2b550-0d52-4e03-b448-15ed68d87ac5
7c2862d8-d2cc-4c2e-a1bb-6e1e478ffc0f: Запись с такими ключевыми полями существует! : СложныеАвансыСхемыОплаты: 05.05.2020, решение (Регистр сведений: Схемы оплаты по сложным авансам)'
53:57.199022-0,EXCP,2,process=rphost,p:processName=bi_bk3wk1_prod_01,OSThread=8412,t:clientID=94,t:applicationName=1CV8C,t:computerName=DC1RDSH13,t:connectID=3620,SessionID=3610,Usr=WK1_Джакипова_Айжан_Нуркожаевна,AppID=1CV8C,Exception=afd2b550-0d52-4e03-b448-15ed68d87ac5,Descr='src\basic\src\inforegmanagercontroller.cpp(910):
afd2b550-0d52-4e03-b448-15ed68d87ac5
7c2862d8-d2cc-4c2e-a1bb-6e1e478ffc0f: Запись с такими ключевыми полями существует! : СложныеАвансыСхемыОплаты: 05.05.2020, решение (Регистр сведений: Схемы оплаты по сложным авансам)',Context=Форма.Записать : РегистрСведений.СложныеАвансыСхемыОплаты.Форма.ФормаЗаписи
53:57.214000-0,EXCP,2,process=rphost,p:processName=bi_bk3wk1_prod_01,OSThread=8412,t:clientID=94,t:applicationName=1CV8C,t:computerName=DC1RDSH13,t:connectID=3620,SessionID=3610,Usr=WK1_Джакипова_Айжан_Нуркожаевна,AppID=1CV8C,Exception=580392e6-ba49-4280-ac67-fcd6f2180121,Descr='src\vrsbase\src\vresourceinfobaseimpl.cpp(1114):
580392e6-ba49-4280-ac67-fcd6f2180121: Неспецифицированная ошибка работы с ресурсом
Ошибка при выполнении запроса POST к ресурсу /e1cib/logForm:
afd2b550-0d52-4e03-b448-15ed68d87ac5
7c2862d8-d2cc-4c2e-a1bb-6e1e478ffc0f: Запись с такими ключевыми полями существует! : СложныеАвансыСхемыОплаты: 05.05.2020, решение (Регистр сведений: Схемы оплаты по сложным авансам)'
54:07.824018-0,EXCP,2,process=rphost,p:processName=bi_bk3wk1_prod_01,OSThread=8764,t:clientID=94,t:applicationName=1CV8C,t:computerName=DC1RDSH13,t:connectID=3620,SessionID=3610,Usr=WK1_Джакипова_Айжан_Нуркожаевна,AppID=1CV8C,Exception=afd2b550-0d52-4e03-b448-15ed68d87ac5,Descr='src\basic\src\inforegmanagercontroller.cpp(910):
afd2b550-0d52-4e03-b448-15ed68d87ac5
7c2862d8-d2cc-4c2e-a1bb-6e1e478ffc0f: Запись с такими ключевыми полями существует! : СложныеАвансыСхемыОплаты: 05.05.2020, решение (Регистр сведений: Схемы оплаты по сложным авансам)',Context=Форма.Записать : РегистрСведений.СложныеАвансыСхемыОплаты.Форма.ФормаЗаписи
54:07.839000-0,EXCP,2,process=rphost,p:processName=bi_bk3wk1_prod_01,OSThread=8764,t:clientID=94,t:applicationName=1CV8C,t:computerName=DC1RDSH13,t:connectID=3620,SessionID=3610,Usr=WK1_Джакипова_Айжан_Нуркожаевна,AppID=1CV8C,Exception=580392e6-ba49-4280-ac67-fcd6f2180121,Descr='src\vrsbase\src\vresourceinfobaseimpl.cpp(1114):
580392e6-ba49-4280-ac67-fcd6f2180121: Неспецифицированная ошибка работы с ресурсом
Ошибка при выполнении запроса POST к ресурсу /e1cib/logForm:
afd2b550-0d52-4e03-b448-15ed68d87ac5
7c2862d8-d2cc-4c2e-a1bb-6e1e478ffc0f: Запись с такими ключевыми полями существует! : СложныеАвансыСхемыОплаты: 05.05.2020, решение (Регистр сведений: Схемы оплаты по сложным авансам)'
54:37.449000-0,EXCP,0,process=rphost,OSThread=7468,ClientID=173,Exception=NetDataExchangeException,Descr='server_addr=(2)10.224.32.15:58799 descr=2(0x00000002): Не удается найти указанный файл.  line=1149 file=d:\jenkins\ci_builder2\windowsbuild2\platform\src\rtrsrvc\src\dataexchangeserverimpl.cpp'
54:37.449001-0,EXCPCNTX,0,ClientComputerName=,ServerComputerName=,UserName=,ConnectString=
54:37.886000-0,EXCP,0,process=rphost,OSThread=3572,ClientID=183,Exception=NetDataExchangeException,Descr='server_addr=(2)10.224.32.15:58829 descr=2(0x00000002): Не удается найти указанный файл.  line=1149 file=d:\jenkins\ci_builder2\windowsbuild2\platform\src\rtrsrvc\src\dataexchangeserverimpl.cpp'
54:37.886001-0,EXCPCNTX,0,ClientComputerName=,ServerComputerName=,UserName=,ConnectString=
54:39.433000-0,EXCP,0,process=rphost,OSThread=2568,ClientID=184,Exception=NetDataExchangeException,Descr='server_addr=(2)10.224.32.15:58854 descr=2(0x00000002): Не удается найти указанный файл.  line=1149 file=d:\jenkins\ci_builder2\windowsbuild2\platform\src\rtrsrvc\src\dataexchangeserverimpl.cpp'
54:39.433001-0,EXCPCNTX,0,ClientComputerName=,ServerComputerName=,UserName=,ConnectString=
54:39.636000-0,EXCP,0,process=rphost,OSThread=6380,ClientID=185,Exception=NetDataExchangeException,Descr='server_addr=(2)10.224.32.15:58876 descr=2(0x00000002): Не удается найти указанный файл.  line=1149 file=d:\jenkins\ci_builder2\windowsbuild2\platform\src\rtrsrvc\src\dataexchangeserverimpl.cpp'
54:39.636001-0,EXCPCNTX,0,ClientComputerName=,ServerComputerName=,UserName=,ConnectString=
59:17.140015-0,EXCP,2,process=rphost,p:processName=bi_bk3wk1_prod_01,OSThread=8412,t:clientID=94,t:applicationName=1CV8C,t:computerName=DC1RDSH13,t:connectID=3620,SessionID=3610,Usr=WK1_Джакипова_Айжан_Нуркожаевна,AppID=1CV8C,Exception=afd2b550-0d52-4e03-b448-15ed68d87ac5,Descr='src\basic\src\documentlogformobjcontroller.cpp(884):
afd2b550-0d52-4e03-b448-15ed68d87ac5
0d2200af-1696-4395-91e5-2872675e6d3d: Не удалось провести: "Заявка на оплату"!',Context=Форма.Записать : Документ.ЗаявкаНаОплату.Форма.ФормаДокумента
59:17.172000-0,EXCP,2,process=rphost,p:processName=bi_bk3wk1_prod_01,OSThread=8412,t:clientID=94,t:applicationName=1CV8C,t:computerName=DC1RDSH13,t:connectID=3620,SessionID=3610,Usr=WK1_Джакипова_Айжан_Нуркожаевна,AppID=1CV8C,Exception=580392e6-ba49-4280-ac67-fcd6f2180121,Descr='src\vrsbase\src\vresourceinfobaseimpl.cpp(1114):
580392e6-ba49-4280-ac67-fcd6f2180121: Неспецифицированная ошибка работы с ресурсом
Ошибка при выполнении запроса POST к ресурсу /e1cib/logForm:
afd2b550-0d52-4e03-b448-15ed68d87ac5
0d2200af-1696-4395-91e5-2872675e6d3d: Не удалось провести: "Заявка на оплату"!'
