00:04.149001-0,EXCP,2,process=rphost,p:processName=bi_bk3wk1_prod_01,OSThread=4484,t:clientID=510,t:applicationName=1CV8C,t:computerName=DC3RDSH13,t:connectID=5301,Exception=580392e6-ba49-4280-ac67-fcd6f2180121,Descr='src\vrsbase\src\vresourceinfobaseimpl.cpp(1011):
580392e6-ba49-4280-ac67-fcd6f2180121: HTTP: Forbidden
Ошибка при выполнении запроса POST к ресурсу /e1cib/login:
a01f465c-ed70-442e-ada5-847668d7a41c: Начало сеанса с информационной базой запрещено.'
00:04.258018-0,EXCP,2,process=rphost,p:processName=bi_bk3wk1_prod_01,OSThread=6240,t:clientID=509,t:applicationName=1CV8C,t:computerName=DC1RDSH02,t:connectID=5302,Exception=580392e6-ba49-4280-ac67-fcd6f2180121,Descr='src\vrsbase\src\vresourceinfobaseimpl.cpp(1011):
580392e6-ba49-4280-ac67-fcd6f2180121: HTTP: Forbidden
Ошибка при выполнении запроса POST к ресурсу /e1cib/login:
a01f465c-ed70-442e-ada5-847668d7a41c: Начало сеанса с информационной базой запрещено.'
00:05.102035-0,EXCP,2,process=rphost,p:processName=bi_bk3wk1_prod_01,OSThread=7876,t:clientID=511,t:applicationName=1CV8C,t:computerName=DC2RDSH25,t:connectID=5304,Exception=580392e6-ba49-4280-ac67-fcd6f2180121,Descr='src\vrsbase\src\vresourceinfobaseimpl.cpp(1011):
580392e6-ba49-4280-ac67-fcd6f2180121: HTTP: Forbidden
Ошибка при выполнении запроса POST к ресурсу /e1cib/login:
a01f465c-ed70-442e-ada5-847668d7a41c: Начало сеанса с информационной базой запрещено.'
00:05.102037-0,EXCP,2,process=rphost,p:processName=bi_bk3wk1_prod_01,OSThread=8756,t:clientID=513,t:applicationName=1CV8C,t:computerName=DC1RDSH09,t:connectID=5305,Exception=580392e6-ba49-4280-ac67-fcd6f2180121,Descr='src\vrsbase\src\vresourceinfobaseimpl.cpp(1011):
580392e6-ba49-4280-ac67-fcd6f2180121: HTTP: Forbidden
Ошибка при выполнении запроса POST к ресурсу /e1cib/login:
a01f465c-ed70-442e-ada5-847668d7a41c: Начало сеанса с информационной базой запрещено.'
00:05.117016-0,EXCP,2,process=rphost,p:processName=bi_bk3wk1_prod_01,OSThread=4804,t:clientID=515,t:applicationName=1CV8C,t:computerName=DC1RDSH07,t:connectID=5306,Exception=580392e6-ba49-4280-ac67-fcd6f2180121,Descr='src\vrsbase\src\vresourceinfobaseimpl.cpp(1011):
580392e6-ba49-4280-ac67-fcd6f2180121: HTTP: Forbidden
Ошибка при выполнении запроса POST к ресурсу /e1cib/login:
a01f465c-ed70-442e-ada5-847668d7a41c: Начало сеанса с информационной базой запрещено.'
00:05.133018-0,EXCP,2,process=rphost,p:processName=bi_bk3wk1_prod_01,OSThread=4372,t:clientID=514,t:applicationName=1CV8C,t:computerName=DC3RDSH08,t:connectID=5307,Exception=580392e6-ba49-4280-ac67-fcd6f2180121,Descr='src\vrsbase\src\vresourceinfobaseimpl.cpp(1011):
580392e6-ba49-4280-ac67-fcd6f2180121: HTTP: Forbidden
Ошибка при выполнении запроса POST к ресурсу /e1cib/login:
a01f465c-ed70-442e-ada5-847668d7a41c: Начало сеанса с информационной базой запрещено.'
00:05.321001-0,EXCP,2,process=rphost,p:processName=bi_bk3wk1_prod_01,OSThread=6240,t:clientID=512,t:applicationName=1CV8C,t:computerName=DC2RDSH19,t:connectID=5308,Exception=580392e6-ba49-4280-ac67-fcd6f2180121,Descr='src\vrsbase\src\vresourceinfobaseimpl.cpp(1011):
580392e6-ba49-4280-ac67-fcd6f2180121: HTTP: Forbidden
Ошибка при выполнении запроса POST к ресурсу /e1cib/login:
a01f465c-ed70-442e-ada5-847668d7a41c: Начало сеанса с информационной базой запрещено.'
00:20.164016-0,EXCP,2,process=rphost,p:processName=bi_bk3wk1_prod_01,OSThread=6240,t:clientID=524,t:applicationName=1CV8C,t:computerName=DC2RDSH04,t:connectID=5325,Exception=580392e6-ba49-4280-ac67-fcd6f2180121,Descr='src\vrsbase\src\vresourceinfobaseimpl.cpp(1011):
580392e6-ba49-4280-ac67-fcd6f2180121: HTTP: Forbidden
Ошибка при выполнении запроса POST к ресурсу /e1cib/login:
a01f465c-ed70-442e-ada5-847668d7a41c: Начало сеанса с информационной базой запрещено.'
01:05.102027-0,EXCP,2,process=rphost,p:processName=bi_bk3wk1_prod_01,OSThread=6240,t:clientID=510,t:applicationName=1CV8C,t:computerName=DC3RDSH13,t:connectID=5335,Exception=580392e6-ba49-4280-ac67-fcd6f2180121,Descr='src\vrsbase\src\vresourceinfobaseimpl.cpp(1011):
580392e6-ba49-4280-ac67-fcd6f2180121: HTTP: Forbidden
Ошибка при выполнении запроса POST к ресурсу /e1cib/login:
a01f465c-ed70-442e-ada5-847668d7a41c: Начало сеанса с информационной базой запрещено.'
01:05.430016-0,EXCP,2,process=rphost,p:processName=bi_bk3wk1_prod_01,OSThread=4804,t:clientID=509,t:applicationName=1CV8C,t:computerName=DC1RDSH02,t:connectID=5336,Exception=580392e6-ba49-4280-ac67-fcd6f2180121,Descr='src\vrsbase\src\vresourceinfobaseimpl.cpp(1011):
580392e6-ba49-4280-ac67-fcd6f2180121: HTTP: Forbidden
Ошибка при выполнении запроса POST к ресурсу /e1cib/login:
a01f465c-ed70-442e-ada5-847668d7a41c: Начало сеанса с информационной базой запрещено.'
01:06.117018-0,EXCP,2,process=rphost,p:processName=bi_bk3wk1_prod_01,OSThread=6240,t:clientID=515,t:applicationName=1CV8C,t:computerName=DC1RDSH07,t:connectID=5338,Exception=580392e6-ba49-4280-ac67-fcd6f2180121,Descr='src\vrsbase\src\vresourceinfobaseimpl.cpp(1011):
580392e6-ba49-4280-ac67-fcd6f2180121: HTTP: Forbidden
Ошибка при выполнении запроса POST к ресурсу /e1cib/login:
a01f465c-ed70-442e-ada5-847668d7a41c: Начало сеанса с информационной базой запрещено.'
01:06.133018-0,EXCP,2,process=rphost,p:processName=bi_bk3wk1_prod_01,OSThread=4372,t:clientID=514,t:applicationName=1CV8C,t:computerName=DC3RDSH08,t:connectID=5339,Exception=580392e6-ba49-4280-ac67-fcd6f2180121,Descr='src\vrsbase\src\vresourceinfobaseimpl.cpp(1011):
580392e6-ba49-4280-ac67-fcd6f2180121: HTTP: Forbidden
Ошибка при выполнении запроса POST к ресурсу /e1cib/login:
a01f465c-ed70-442e-ada5-847668d7a41c: Начало сеанса с информационной базой запрещено.'
01:06.180020-0,EXCP,2,process=rphost,p:processName=bi_bk3wk1_prod_01,OSThread=8756,t:clientID=513,t:applicationName=1CV8C,t:computerName=DC1RDSH09,t:connectID=5340,Exception=580392e6-ba49-4280-ac67-fcd6f2180121,Descr='src\vrsbase\src\vresourceinfobaseimpl.cpp(1011):
580392e6-ba49-4280-ac67-fcd6f2180121: HTTP: Forbidden
Ошибка при выполнении запроса POST к ресурсу /e1cib/login:
a01f465c-ed70-442e-ada5-847668d7a41c: Начало сеанса с информационной базой запрещено.'
01:06.196016-0,EXCP,2,process=rphost,p:processName=bi_bk3wk1_prod_01,OSThread=7876,t:clientID=511,t:applicationName=1CV8C,t:computerName=DC2RDSH25,t:connectID=5341,Exception=580392e6-ba49-4280-ac67-fcd6f2180121,Descr='src\vrsbase\src\vresourceinfobaseimpl.cpp(1011):
580392e6-ba49-4280-ac67-fcd6f2180121: HTTP: Forbidden
Ошибка при выполнении запроса POST к ресурсу /e1cib/login:
a01f465c-ed70-442e-ada5-847668d7a41c: Начало сеанса с информационной базой запрещено.'
01:06.383018-0,EXCP,2,process=rphost,p:processName=bi_bk3wk1_prod_01,OSThread=4484,t:clientID=512,t:applicationName=1CV8C,t:computerName=DC2RDSH19,t:connectID=5342,Exception=580392e6-ba49-4280-ac67-fcd6f2180121,Descr='src\vrsbase\src\vresourceinfobaseimpl.cpp(1011):
580392e6-ba49-4280-ac67-fcd6f2180121: HTTP: Forbidden
Ошибка при выполнении запроса POST к ресурсу /e1cib/login:
a01f465c-ed70-442e-ada5-847668d7a41c: Начало сеанса с информационной базой запрещено.'
01:21.136018-0,EXCP,2,process=rphost,p:processName=bi_bk3wk1_prod_01,OSThread=4484,t:clientID=524,t:applicationName=1CV8C,t:computerName=DC2RDSH04,t:connectID=5367,Exception=580392e6-ba49-4280-ac67-fcd6f2180121,Descr='src\vrsbase\src\vresourceinfobaseimpl.cpp(1011):
580392e6-ba49-4280-ac67-fcd6f2180121: HTTP: Forbidden
Ошибка при выполнении запроса POST к ресурсу /e1cib/login:
a01f465c-ed70-442e-ada5-847668d7a41c: Начало сеанса с информационной базой запрещено.'
02:06.245026-0,EXCP,2,process=rphost,p:processName=bi_bk3wk1_prod_01,OSThread=8764,t:clientID=510,t:applicationName=1CV8C,t:computerName=DC3RDSH13,t:connectID=5373,Exception=580392e6-ba49-4280-ac67-fcd6f2180121,Descr='src\vrsbase\src\vresourceinfobaseimpl.cpp(1011):
580392e6-ba49-4280-ac67-fcd6f2180121: HTTP: Forbidden
Ошибка при выполнении запроса POST к ресурсу /e1cib/login:
a01f465c-ed70-442e-ada5-847668d7a41c: Начало сеанса с информационной базой запрещено.'
02:06.354013-0,EXCP,2,process=rphost,p:processName=bi_bk3wk1_prod_01,OSThread=7876,t:clientID=509,t:applicationName=1CV8C,t:computerName=DC1RDSH02,t:connectID=5374,Exception=580392e6-ba49-4280-ac67-fcd6f2180121,Descr='src\vrsbase\src\vresourceinfobaseimpl.cpp(1011):
580392e6-ba49-4280-ac67-fcd6f2180121: HTTP: Forbidden
Ошибка при выполнении запроса POST к ресурсу /e1cib/login:
a01f465c-ed70-442e-ada5-847668d7a41c: Начало сеанса с информационной базой запрещено.'
02:07.058019-0,EXCP,2,process=rphost,p:processName=bi_bk3wk1_prod_01,OSThread=8756,t:clientID=511,t:applicationName=1CV8C,t:computerName=DC2RDSH25,t:connectID=5376,Exception=580392e6-ba49-4280-ac67-fcd6f2180121,Descr='src\vrsbase\src\vresourceinfobaseimpl.cpp(1011):
580392e6-ba49-4280-ac67-fcd6f2180121: HTTP: Forbidden
Ошибка при выполнении запроса POST к ресурсу /e1cib/login:
a01f465c-ed70-442e-ada5-847668d7a41c: Начало сеанса с информационной базой запрещено.'
02:07.183015-0,EXCP,2,process=rphost,p:processName=bi_bk3wk1_prod_01,OSThread=6240,t:clientID=513,t:applicationName=1CV8C,t:computerName=DC1RDSH09,t:connectID=5377,Exception=580392e6-ba49-4280-ac67-fcd6f2180121,Descr='src\vrsbase\src\vresourceinfobaseimpl.cpp(1011):
580392e6-ba49-4280-ac67-fcd6f2180121: HTTP: Forbidden
Ошибка при выполнении запроса POST к ресурсу /e1cib/login:
a01f465c-ed70-442e-ada5-847668d7a41c: Начало сеанса с информационной базой запрещено.'
02:07.214032-0,EXCP,2,process=rphost,p:processName=bi_bk3wk1_prod_01,OSThread=4372,t:clientID=514,t:applicationName=1CV8C,t:computerName=DC3RDSH08,t:connectID=5378,Exception=580392e6-ba49-4280-ac67-fcd6f2180121,Descr='src\vrsbase\src\vresourceinfobaseimpl.cpp(1011):
580392e6-ba49-4280-ac67-fcd6f2180121: HTTP: Forbidden
Ошибка при выполнении запроса POST к ресурсу /e1cib/login:
a01f465c-ed70-442e-ada5-847668d7a41c: Начало сеанса с информационной базой запрещено.'
02:07.229018-0,EXCP,2,process=rphost,p:processName=bi_bk3wk1_prod_01,OSThread=4804,t:clientID=515,t:applicationName=1CV8C,t:computerName=DC1RDSH07,t:connectID=5379,Exception=580392e6-ba49-4280-ac67-fcd6f2180121,Descr='src\vrsbase\src\vresourceinfobaseimpl.cpp(1011):
580392e6-ba49-4280-ac67-fcd6f2180121: HTTP: Forbidden
Ошибка при выполнении запроса POST к ресурсу /e1cib/login:
a01f465c-ed70-442e-ada5-847668d7a41c: Начало сеанса с информационной базой запрещено.'
02:07.433006-0,EXCP,2,process=rphost,p:processName=bi_bk3wk1_prod_01,OSThread=7472,t:clientID=512,t:applicationName=1CV8C,t:computerName=DC2RDSH19,t:connectID=5380,Exception=580392e6-ba49-4280-ac67-fcd6f2180121,Descr='src\vrsbase\src\vresourceinfobaseimpl.cpp(1011):
580392e6-ba49-4280-ac67-fcd6f2180121: HTTP: Forbidden
Ошибка при выполнении запроса POST к ресурсу /e1cib/login:
a01f465c-ed70-442e-ada5-847668d7a41c: Начало сеанса с информационной базой запрещено.'
02:22.073018-0,EXCP,2,process=rphost,p:processName=bi_bk3wk1_prod_01,OSThread=1116,t:clientID=524,t:applicationName=1CV8C,t:computerName=DC2RDSH04,t:connectID=5397,Exception=580392e6-ba49-4280-ac67-fcd6f2180121,Descr='src\vrsbase\src\vresourceinfobaseimpl.cpp(1011):
580392e6-ba49-4280-ac67-fcd6f2180121: HTTP: Forbidden
Ошибка при выполнении запроса POST к ресурсу /e1cib/login:
a01f465c-ed70-442e-ada5-847668d7a41c: Начало сеанса с информационной базой запрещено.'
03:07.073024-0,EXCP,2,process=rphost,p:processName=bi_bk3wk1_prod_01,OSThread=1116,t:clientID=510,t:applicationName=1CV8C,t:computerName=DC3RDSH13,t:connectID=5405,Exception=580392e6-ba49-4280-ac67-fcd6f2180121,Descr='src\vrsbase\src\vresourceinfobaseimpl.cpp(1011):
580392e6-ba49-4280-ac67-fcd6f2180121: HTTP: Forbidden
Ошибка при выполнении запроса POST к ресурсу /e1cib/login:
a01f465c-ed70-442e-ada5-847668d7a41c: Начало сеанса с информационной базой запрещено.'
03:07.276016-0,EXCP,2,process=rphost,p:processName=bi_bk3wk1_prod_01,OSThread=4804,t:clientID=509,t:applicationName=1CV8C,t:computerName=DC1RDSH02,t:connectID=5406,Exception=580392e6-ba49-4280-ac67-fcd6f2180121,Descr='src\vrsbase\src\vresourceinfobaseimpl.cpp(1011):
580392e6-ba49-4280-ac67-fcd6f2180121: HTTP: Forbidden
Ошибка при выполнении запроса POST к ресурсу /e1cib/login:
a01f465c-ed70-442e-ada5-847668d7a41c: Начало сеанса с информационной базой запрещено.'
03:08.058019-0,EXCP,2,process=rphost,p:processName=bi_bk3wk1_prod_01,OSThread=4372,t:clientID=515,t:applicationName=1CV8C,t:computerName=DC1RDSH07,t:connectID=5408,Exception=580392e6-ba49-4280-ac67-fcd6f2180121,Descr='src\vrsbase\src\vresourceinfobaseimpl.cpp(1011):
580392e6-ba49-4280-ac67-fcd6f2180121: HTTP: Forbidden
Ошибка при выполнении запроса POST к ресурсу /e1cib/login:
a01f465c-ed70-442e-ada5-847668d7a41c: Начало сеанса с информационной базой запрещено.'
03:08.089008-0,EXCP,2,process=rphost,p:processName=bi_bk3wk1_prod_01,OSThread=1116,t:clientID=513,t:applicationName=1CV8C,t:computerName=DC1RDSH09,t:connectID=5409,Exception=580392e6-ba49-4280-ac67-fcd6f2180121,Descr='src\vrsbase\src\vresourceinfobaseimpl.cpp(1011):
580392e6-ba49-4280-ac67-fcd6f2180121: HTTP: Forbidden
Ошибка при выполнении запроса POST к ресурсу /e1cib/login:
a01f465c-ed70-442e-ada5-847668d7a41c: Начало сеанса с информационной базой запрещено.'
03:08.151018-0,EXCP,2,process=rphost,p:processName=bi_bk3wk1_prod_01,OSThread=6240,t:clientID=514,t:applicationName=1CV8C,t:computerName=DC3RDSH08,t:connectID=5410,Exception=580392e6-ba49-4280-ac67-fcd6f2180121,Descr='src\vrsbase\src\vresourceinfobaseimpl.cpp(1011):
580392e6-ba49-4280-ac67-fcd6f2180121: HTTP: Forbidden
Ошибка при выполнении запроса POST к ресурсу /e1cib/login:
a01f465c-ed70-442e-ada5-847668d7a41c: Начало сеанса с информационной базой запрещено.'
03:08.261018-0,EXCP,2,process=rphost,p:processName=bi_bk3wk1_prod_01,OSThread=8756,t:clientID=511,t:applicationName=1CV8C,t:computerName=DC2RDSH25,t:connectID=5411,Exception=580392e6-ba49-4280-ac67-fcd6f2180121,Descr='src\vrsbase\src\vresourceinfobaseimpl.cpp(1011):
580392e6-ba49-4280-ac67-fcd6f2180121: HTTP: Forbidden
Ошибка при выполнении запроса POST к ресурсу /e1cib/login:
a01f465c-ed70-442e-ada5-847668d7a41c: Начало сеанса с информационной базой запрещено.'
03:08.401018-0,EXCP,2,process=rphost,p:processName=bi_bk3wk1_prod_01,OSThread=7876,t:clientID=512,t:applicationName=1CV8C,t:computerName=DC2RDSH19,t:connectID=5412,Exception=580392e6-ba49-4280-ac67-fcd6f2180121,Descr='src\vrsbase\src\vresourceinfobaseimpl.cpp(1011):
580392e6-ba49-4280-ac67-fcd6f2180121: HTTP: Forbidden
Ошибка при выполнении запроса POST к ресурсу /e1cib/login:
a01f465c-ed70-442e-ada5-847668d7a41c: Начало сеанса с информационной базой запрещено.'
03:23.216019-0,EXCP,2,process=rphost,p:processName=bi_bk3wk1_prod_01,OSThread=7472,t:clientID=524,t:applicationName=1CV8C,t:computerName=DC2RDSH04,t:connectID=5429,Exception=580392e6-ba49-4280-ac67-fcd6f2180121,Descr='src\vrsbase\src\vresourceinfobaseimpl.cpp(1011):
580392e6-ba49-4280-ac67-fcd6f2180121: HTTP: Forbidden
Ошибка при выполнении запроса POST к ресурсу /e1cib/login:
a01f465c-ed70-442e-ada5-847668d7a41c: Начало сеанса с информационной базой запрещено.'
04:08.091023-0,EXCP,2,process=rphost,p:processName=bi_bk3wk1_prod_01,OSThread=7472,t:clientID=510,t:applicationName=1CV8C,t:computerName=DC3RDSH13,t:connectID=5436,Exception=580392e6-ba49-4280-ac67-fcd6f2180121,Descr='src\vrsbase\src\vresourceinfobaseimpl.cpp(1011):
580392e6-ba49-4280-ac67-fcd6f2180121: HTTP: Forbidden
Ошибка при выполнении запроса POST к ресурсу /e1cib/login:
a01f465c-ed70-442e-ada5-847668d7a41c: Начало сеанса с информационной базой запрещено.'
04:08.388018-0,EXCP,2,process=rphost,p:processName=bi_bk3wk1_prod_01,OSThread=8756,t:clientID=509,t:applicationName=1CV8C,t:computerName=DC1RDSH02,t:connectID=5438,Exception=580392e6-ba49-4280-ac67-fcd6f2180121,Descr='src\vrsbase\src\vresourceinfobaseimpl.cpp(1011):
580392e6-ba49-4280-ac67-fcd6f2180121: HTTP: Forbidden
Ошибка при выполнении запроса POST к ресурсу /e1cib/login:
a01f465c-ed70-442e-ada5-847668d7a41c: Начало сеанса с информационной базой запрещено.'
04:09.091018-0,EXCP,2,process=rphost,p:processName=bi_bk3wk1_prod_01,OSThread=7472,t:clientID=511,t:applicationName=1CV8C,t:computerName=DC2RDSH25,t:connectID=5439,Exception=580392e6-ba49-4280-ac67-fcd6f2180121,Descr='src\vrsbase\src\vresourceinfobaseimpl.cpp(1011):
580392e6-ba49-4280-ac67-fcd6f2180121: HTTP: Forbidden
Ошибка при выполнении запроса POST к ресурсу /e1cib/login:
a01f465c-ed70-442e-ada5-847668d7a41c: Начало сеанса с информационной базой запрещено.'
04:09.200020-0,EXCP,2,process=rphost,p:processName=bi_bk3wk1_prod_01,OSThread=1116,t:clientID=513,t:applicationName=1CV8C,t:computerName=DC1RDSH09,t:connectID=5440,Exception=580392e6-ba49-4280-ac67-fcd6f2180121,Descr='src\vrsbase\src\vresourceinfobaseimpl.cpp(1011):
580392e6-ba49-4280-ac67-fcd6f2180121: HTTP: Forbidden
Ошибка при выполнении запроса POST к ресурсу /e1cib/login:
a01f465c-ed70-442e-ada5-847668d7a41c: Начало сеанса с информационной базой запрещено.'
04:09.200037-0,EXCP,2,process=rphost,p:processName=bi_bk3wk1_prod_01,OSThread=4372,t:clientID=515,t:applicationName=1CV8C,t:computerName=DC1RDSH07,t:connectID=5441,Exception=580392e6-ba49-4280-ac67-fcd6f2180121,Descr='src\vrsbase\src\vresourceinfobaseimpl.cpp(1011):
580392e6-ba49-4280-ac67-fcd6f2180121: HTTP: Forbidden
Ошибка при выполнении запроса POST к ресурсу /e1cib/login:
a01f465c-ed70-442e-ada5-847668d7a41c: Начало сеанса с информационной базой запрещено.'
04:09.356024-0,EXCP,2,process=rphost,p:processName=bi_bk3wk1_prod_01,OSThread=4804,t:clientID=512,t:applicationName=1CV8C,t:computerName=DC2RDSH19,t:connectID=5442,Exception=580392e6-ba49-4280-ac67-fcd6f2180121,Descr='src\vrsbase\src\vresourceinfobaseimpl.cpp(1011):
580392e6-ba49-4280-ac67-fcd6f2180121: HTTP: Forbidden
Ошибка при выполнении запроса POST к ресурсу /e1cib/login:
a01f465c-ed70-442e-ada5-847668d7a41c: Начало сеанса с информационной базой запрещено.'
04:09.403016-0,EXCP,2,process=rphost,p:processName=bi_bk3wk1_prod_01,OSThread=6240,t:clientID=514,t:applicationName=1CV8C,t:computerName=DC3RDSH08,t:connectID=5443,Exception=580392e6-ba49-4280-ac67-fcd6f2180121,Descr='src\vrsbase\src\vresourceinfobaseimpl.cpp(1011):
580392e6-ba49-4280-ac67-fcd6f2180121: HTTP: Forbidden
Ошибка при выполнении запроса POST к ресурсу /e1cib/login:
a01f465c-ed70-442e-ada5-847668d7a41c: Начало сеанса с информационной базой запрещено.'
04:11.341000-0,EXCP,0,process=rphost,OSThread=7468,ClientID=78,Exception=NetDataExchangeException,Descr='server_addr=(2)10.3.172.6:56672 descr=10054(0x00002746): Удаленный хост принудительно разорвал существующее подключение.  line=1149 file=d:\jenkins\ci_builder2\windowsbuild2\platform\src\rtrsrvc\src\dataexchangeserverimpl.cpp'
04:11.341001-0,EXCP,0,process=rphost,OSThread=3892,ClientID=35,Exception=NetDataExchangeException,Descr='server_addr=(2)10.3.172.6:56644 descr=10054(0x00002746): Удаленный хост принудительно разорвал существующее подключение.  line=1149 file=d:\jenkins\ci_builder2\windowsbuild2\platform\src\rtrsrvc\src\dataexchangeserverimpl.cpp'
04:11.341002-0,EXCPCNTX,0,ClientComputerName=,ServerComputerName=,UserName=,ConnectString=
04:11.341003-0,EXCPCNTX,0,ClientComputerName=,ServerComputerName=,UserName=,ConnectString=
04:11.341009-0,EXCP,1,process=rphost,p:processName=bi_bk3wk1_prod_01,OSThread=6240,t:clientID=35,t:applicationName=1CV8C,t:computerName=DC3RDSH05,t:connectID=3599,Exception=SeanceContextException,Descr='Сеанс отсутствует или удален
ID=5b0583ba-d756-457e-85a3-3e11b2a3ee59, File=d:\jenkins\ci_builder2\windowsbuild2\platform\src\rserver\src\clusterdistribimpl.cpp(1439)'
04:11.341010-0,EXCP,1,process=rphost,p:processName=bi_bk3wk1_prod_01,OSThread=6240,t:clientID=35,t:applicationName=1CV8C,t:computerName=DC3RDSH05,t:connectID=3599,Exception=60c686dc-798f-4d17-aadb-a90156a16eb8,Descr='src\rserver\src\srvrinfobaseimpl.cpp(899):
60c686dc-798f-4d17-aadb-a90156a16eb8: Сеанс отсутствует или удален
ID=5b0583ba-d756-457e-85a3-3e11b2a3ee59, File=d:\jenkins\ci_builder2\windowsbuild2\platform\src\rserver\src\clusterdistribimpl.cpp(1439)'
04:24.155018-0,EXCP,2,process=rphost,p:processName=bi_bk3wk1_prod_01,OSThread=8988,t:clientID=524,t:applicationName=1CV8C,t:computerName=DC2RDSH04,t:connectID=5460,Exception=580392e6-ba49-4280-ac67-fcd6f2180121,Descr='src\vrsbase\src\vresourceinfobaseimpl.cpp(1011):
580392e6-ba49-4280-ac67-fcd6f2180121: HTTP: Forbidden
Ошибка при выполнении запроса POST к ресурсу /e1cib/login:
a01f465c-ed70-442e-ada5-847668d7a41c: Начало сеанса с информационной базой запрещено.'
05:09.202014-0,EXCP,2,process=rphost,p:processName=bi_bk3wk1_prod_01,OSThread=6240,t:clientID=510,t:applicationName=1CV8C,t:computerName=DC3RDSH13,t:connectID=5467,Exception=580392e6-ba49-4280-ac67-fcd6f2180121,Descr='src\vrsbase\src\vresourceinfobaseimpl.cpp(1011):
580392e6-ba49-4280-ac67-fcd6f2180121: HTTP: Forbidden
Ошибка при выполнении запроса POST к ресурсу /e1cib/login:
a01f465c-ed70-442e-ada5-847668d7a41c: Начало сеанса с информационной базой запрещено.'
05:09.280024-0,EXCP,2,process=rphost,p:processName=bi_bk3wk1_prod_01,OSThread=1116,t:clientID=509,t:applicationName=1CV8C,t:computerName=DC1RDSH02,t:connectID=5468,Exception=580392e6-ba49-4280-ac67-fcd6f2180121,Descr='src\vrsbase\src\vresourceinfobaseimpl.cpp(1011):
580392e6-ba49-4280-ac67-fcd6f2180121: HTTP: Forbidden
Ошибка при выполнении запроса POST к ресурсу /e1cib/login:
a01f465c-ed70-442e-ada5-847668d7a41c: Начало сеанса с информационной базой запрещено.'
05:10.108019-0,EXCP,2,process=rphost,p:processName=bi_bk3wk1_prod_01,OSThread=4372,t:clientID=511,t:applicationName=1CV8C,t:computerName=DC2RDSH25,t:connectID=5470,Exception=580392e6-ba49-4280-ac67-fcd6f2180121,Descr='src\vrsbase\src\vresourceinfobaseimpl.cpp(1011):
580392e6-ba49-4280-ac67-fcd6f2180121: HTTP: Forbidden
Ошибка при выполнении запроса POST к ресурсу /e1cib/login:
a01f465c-ed70-442e-ada5-847668d7a41c: Начало сеанса с информационной базой запрещено.'
05:10.140017-0,EXCP,2,process=rphost,p:processName=bi_bk3wk1_prod_01,OSThread=7472,t:clientID=514,t:applicationName=1CV8C,t:computerName=DC3RDSH08,t:connectID=5471,Exception=580392e6-ba49-4280-ac67-fcd6f2180121,Descr='src\vrsbase\src\vresourceinfobaseimpl.cpp(1011):
580392e6-ba49-4280-ac67-fcd6f2180121: HTTP: Forbidden
Ошибка при выполнении запроса POST к ресурсу /e1cib/login:
a01f465c-ed70-442e-ada5-847668d7a41c: Начало сеанса с информационной базой запрещено.'
05:10.155018-0,EXCP,2,process=rphost,p:processName=bi_bk3wk1_prod_01,OSThread=4804,t:clientID=515,t:applicationName=1CV8C,t:computerName=DC1RDSH07,t:connectID=5472,Exception=580392e6-ba49-4280-ac67-fcd6f2180121,Descr='src\vrsbase\src\vresourceinfobaseimpl.cpp(1011):
580392e6-ba49-4280-ac67-fcd6f2180121: HTTP: Forbidden
Ошибка при выполнении запроса POST к ресурсу /e1cib/login:
a01f465c-ed70-442e-ada5-847668d7a41c: Начало сеанса с информационной базой запрещено.'
05:10.265018-0,EXCP,2,process=rphost,p:processName=bi_bk3wk1_prod_01,OSThread=8764,t:clientID=513,t:applicationName=1CV8C,t:computerName=DC1RDSH09,t:connectID=5473,Exception=580392e6-ba49-4280-ac67-fcd6f2180121,Descr='src\vrsbase\src\vresourceinfobaseimpl.cpp(1011):
580392e6-ba49-4280-ac67-fcd6f2180121: HTTP: Forbidden
Ошибка при выполнении запроса POST к ресурсу /e1cib/login:
a01f465c-ed70-442e-ada5-847668d7a41c: Начало сеанса с информационной базой запрещено.'
05:10.296023-0,EXCP,2,process=rphost,p:processName=bi_bk3wk1_prod_01,OSThread=1116,t:clientID=512,t:applicationName=1CV8C,t:computerName=DC2RDSH19,t:connectID=5474,Exception=580392e6-ba49-4280-ac67-fcd6f2180121,Descr='src\vrsbase\src\vresourceinfobaseimpl.cpp(1011):
580392e6-ba49-4280-ac67-fcd6f2180121: HTTP: Forbidden
Ошибка при выполнении запроса POST к ресурсу /e1cib/login:
a01f465c-ed70-442e-ada5-847668d7a41c: Начало сеанса с информационной базой запрещено.'
05:25.203019-0,EXCP,2,process=rphost,p:processName=bi_bk3wk1_prod_01,OSThread=8764,t:clientID=524,t:applicationName=1CV8C,t:computerName=DC2RDSH04,t:connectID=5494,Exception=580392e6-ba49-4280-ac67-fcd6f2180121,Descr='src\vrsbase\src\vresourceinfobaseimpl.cpp(1011):
580392e6-ba49-4280-ac67-fcd6f2180121: HTTP: Forbidden
Ошибка при выполнении запроса POST к ресурсу /e1cib/login:
a01f465c-ed70-442e-ada5-847668d7a41c: Начало сеанса с информационной базой запрещено.'
05:35.891012-0,EXCP,2,process=rphost,p:processName=bi_bk3wk1_prod_01,OSThread=8764,t:clientID=44,t:applicationName=1CV8C,t:computerName=DC3RDSH06,t:connectID=3600,Exception=SeanceContextException,Descr='Сеанс отсутствует или удален
ID=51ca0c71-833b-4d5e-a2c3-18c3cbf9acfd, File=d:\jenkins\ci_builder2\windowsbuild2\platform\src\rserver\src\clusterdistribimpl.cpp(1439)'
05:35.891013-0,EXCP,2,process=rphost,p:processName=bi_bk3wk1_prod_01,OSThread=8764,t:clientID=44,t:applicationName=1CV8C,t:computerName=DC3RDSH06,t:connectID=3600,Exception=580392e6-ba49-4280-ac67-fcd6f2180121,Descr='src\vrsbase\src\vresourceinfobaseimpl.cpp(1058):
580392e6-ba49-4280-ac67-fcd6f2180121: Ошибка работы сеанса
Ошибка при выполнении запроса POST к ресурсу /e1cib/modules/call:
60c686dc-798f-4d17-aadb-a90156a16eb8: Сеанс отсутствует или удален
ID=51ca0c71-833b-4d5e-a2c3-18c3cbf9acfd, File=d:\jenkins\ci_builder2\windowsbuild2\platform\src\rserver\src\clusterdistribimpl.cpp(1439)'
05:40.875001-0,EXCP,0,process=rphost,OSThread=7468,ClientID=44,Exception=NetDataExchangeException,Descr='server_addr=(2)10.3.172.7:59736 descr=10054(0x00002746): Удаленный хост принудительно разорвал существующее подключение.  line=1149 file=d:\jenkins\ci_builder2\windowsbuild2\platform\src\rtrsrvc\src\dataexchangeserverimpl.cpp'
05:40.875002-0,EXCPCNTX,0,ClientComputerName=,ServerComputerName=,UserName=,ConnectString=
05:40.875000-0,EXCP,0,process=rphost,OSThread=4176,ClientID=89,Exception=NetDataExchangeException,Descr='server_addr=(2)10.3.172.7:59752 descr=10054(0x00002746): Удаленный хост принудительно разорвал существующее подключение.  line=1149 file=d:\jenkins\ci_builder2\windowsbuild2\platform\src\rtrsrvc\src\dataexchangeserverimpl.cpp'
05:40.875005-0,EXCPCNTX,0,ClientComputerName=,ServerComputerName=,UserName=,ConnectString=
05:40.875009-0,EXCP,1,process=rphost,p:processName=bi_bk3wk1_prod_01,OSThread=8764,t:clientID=44,t:applicationName=1CV8C,t:computerName=DC3RDSH06,t:connectID=3600,Exception=SeanceContextException,Descr='Сеанс отсутствует или удален
ID=51ca0c71-833b-4d5e-a2c3-18c3cbf9acfd, File=d:\jenkins\ci_builder2\windowsbuild2\platform\src\rserver\src\clusterdistribimpl.cpp(1439)'
05:40.875010-0,EXCP,1,process=rphost,p:processName=bi_bk3wk1_prod_01,OSThread=8764,t:clientID=44,t:applicationName=1CV8C,t:computerName=DC3RDSH06,t:connectID=3600,Exception=60c686dc-798f-4d17-aadb-a90156a16eb8,Descr='src\rserver\src\srvrinfobaseimpl.cpp(899):
60c686dc-798f-4d17-aadb-a90156a16eb8: Сеанс отсутствует или удален
ID=51ca0c71-833b-4d5e-a2c3-18c3cbf9acfd, File=d:\jenkins\ci_builder2\windowsbuild2\platform\src\rserver\src\clusterdistribimpl.cpp(1439)'
06:10.094026-0,EXCP,2,process=rphost,p:processName=bi_bk3wk1_prod_01,OSThread=1116,t:clientID=510,t:applicationName=1CV8C,t:computerName=DC3RDSH13,t:connectID=5518,Exception=580392e6-ba49-4280-ac67-fcd6f2180121,Descr='src\vrsbase\src\vresourceinfobaseimpl.cpp(1011):
580392e6-ba49-4280-ac67-fcd6f2180121: HTTP: Forbidden
Ошибка при выполнении запроса POST к ресурсу /e1cib/login:
a01f465c-ed70-442e-ada5-847668d7a41c: Начало сеанса с информационной базой запрещено.'
06:10.281018-0,EXCP,2,process=rphost,p:processName=bi_bk3wk1_prod_01,OSThread=7876,t:clientID=509,t:applicationName=1CV8C,t:computerName=DC1RDSH02,t:connectID=5519,Exception=580392e6-ba49-4280-ac67-fcd6f2180121,Descr='src\vrsbase\src\vresourceinfobaseimpl.cpp(1011):
580392e6-ba49-4280-ac67-fcd6f2180121: HTTP: Forbidden
Ошибка при выполнении запроса POST к ресурсу /e1cib/login:
a01f465c-ed70-442e-ada5-847668d7a41c: Начало сеанса с информационной базой запрещено.'
06:11.078018-0,EXCP,2,process=rphost,p:processName=bi_bk3wk1_prod_01,OSThread=4804,t:clientID=513,t:applicationName=1CV8C,t:computerName=DC1RDSH09,t:connectID=5520,Exception=580392e6-ba49-4280-ac67-fcd6f2180121,Descr='src\vrsbase\src\vresourceinfobaseimpl.cpp(1011):
580392e6-ba49-4280-ac67-fcd6f2180121: HTTP: Forbidden
Ошибка при выполнении запроса POST к ресурсу /e1cib/login:
a01f465c-ed70-442e-ada5-847668d7a41c: Начало сеанса с информационной базой запрещено.'
06:11.125001-0,EXCP,2,process=rphost,p:processName=bi_bk3wk1_prod_01,OSThread=1116,t:clientID=515,t:applicationName=1CV8C,t:computerName=DC1RDSH07,t:connectID=5521,Exception=580392e6-ba49-4280-ac67-fcd6f2180121,Descr='src\vrsbase\src\vresourceinfobaseimpl.cpp(1011):
580392e6-ba49-4280-ac67-fcd6f2180121: HTTP: Forbidden
Ошибка при выполнении запроса POST к ресурсу /e1cib/login:
a01f465c-ed70-442e-ada5-847668d7a41c: Начало сеанса с информационной базой запрещено.'
06:11.156001-0,EXCP,2,process=rphost,p:processName=bi_bk3wk1_prod_01,OSThread=7472,t:clientID=511,t:applicationName=1CV8C,t:computerName=DC2RDSH25,t:connectID=5522,Exception=580392e6-ba49-4280-ac67-fcd6f2180121,Descr='src\vrsbase\src\vresourceinfobaseimpl.cpp(1011):
580392e6-ba49-4280-ac67-fcd6f2180121: HTTP: Forbidden
Ошибка при выполнении запроса POST к ресурсу /e1cib/login:
a01f465c-ed70-442e-ada5-847668d7a41c: Начало сеанса с информационной базой запрещено.'
06:11.156023-0,EXCP,2,process=rphost,p:processName=bi_bk3wk1_prod_01,OSThread=4372,t:clientID=514,t:applicationName=1CV8C,t:computerName=DC3RDSH08,t:connectID=5523,Exception=580392e6-ba49-4280-ac67-fcd6f2180121,Descr='src\vrsbase\src\vresourceinfobaseimpl.cpp(1011):
580392e6-ba49-4280-ac67-fcd6f2180121: HTTP: Forbidden
Ошибка при выполнении запроса POST к ресурсу /e1cib/login:
a01f465c-ed70-442e-ada5-847668d7a41c: Начало сеанса с информационной базой запрещено.'
06:11.266018-0,EXCP,2,process=rphost,p:processName=bi_bk3wk1_prod_01,OSThread=8756,t:clientID=512,t:applicationName=1CV8C,t:computerName=DC2RDSH19,t:connectID=5524,Exception=580392e6-ba49-4280-ac67-fcd6f2180121,Descr='src\vrsbase\src\vresourceinfobaseimpl.cpp(1011):
580392e6-ba49-4280-ac67-fcd6f2180121: HTTP: Forbidden
Ошибка при выполнении запроса POST к ресурсу /e1cib/login:
a01f465c-ed70-442e-ada5-847668d7a41c: Начало сеанса с информационной базой запрещено.'
06:26.064016-0,EXCP,2,process=rphost,p:processName=bi_bk3wk1_prod_01,OSThread=8756,t:clientID=524,t:applicationName=1CV8C,t:computerName=DC2RDSH04,t:connectID=5540,Exception=580392e6-ba49-4280-ac67-fcd6f2180121,Descr='src\vrsbase\src\vresourceinfobaseimpl.cpp(1011):
580392e6-ba49-4280-ac67-fcd6f2180121: HTTP: Forbidden
Ошибка при выполнении запроса POST к ресурсу /e1cib/login:
a01f465c-ed70-442e-ada5-847668d7a41c: Начало сеанса с информационной базой запрещено.'
07:11.267026-0,EXCP,2,process=rphost,p:processName=bi_bk3wk1_prod_01,OSThread=8988,t:clientID=510,t:applicationName=1CV8C,t:computerName=DC3RDSH13,t:connectID=5551,Exception=580392e6-ba49-4280-ac67-fcd6f2180121,Descr='src\vrsbase\src\vresourceinfobaseimpl.cpp(1011):
580392e6-ba49-4280-ac67-fcd6f2180121: HTTP: Forbidden
Ошибка при выполнении запроса POST к ресурсу /e1cib/login:
a01f465c-ed70-442e-ada5-847668d7a41c: Начало сеанса с информационной базой запрещено.'
07:11.282018-0,EXCP,2,process=rphost,p:processName=bi_bk3wk1_prod_01,OSThread=4372,t:clientID=509,t:applicationName=1CV8C,t:computerName=DC1RDSH02,t:connectID=5552,Exception=580392e6-ba49-4280-ac67-fcd6f2180121,Descr='src\vrsbase\src\vresourceinfobaseimpl.cpp(1011):
580392e6-ba49-4280-ac67-fcd6f2180121: HTTP: Forbidden
Ошибка при выполнении запроса POST к ресурсу /e1cib/login:
a01f465c-ed70-442e-ada5-847668d7a41c: Начало сеанса с информационной базой запрещено.'
07:12.079018-0,EXCP,2,process=rphost,p:processName=bi_bk3wk1_prod_01,OSThread=7472,t:clientID=513,t:applicationName=1CV8C,t:computerName=DC1RDSH09,t:connectID=5553,Exception=580392e6-ba49-4280-ac67-fcd6f2180121,Descr='src\vrsbase\src\vresourceinfobaseimpl.cpp(1011):
580392e6-ba49-4280-ac67-fcd6f2180121: HTTP: Forbidden
Ошибка при выполнении запроса POST к ресурсу /e1cib/login:
a01f465c-ed70-442e-ada5-847668d7a41c: Начало сеанса с информационной базой запрещено.'
07:12.110018-0,EXCP,2,process=rphost,p:processName=bi_bk3wk1_prod_01,OSThread=6240,t:clientID=514,t:applicationName=1CV8C,t:computerName=DC3RDSH08,t:connectID=5554,Exception=580392e6-ba49-4280-ac67-fcd6f2180121,Descr='src\vrsbase\src\vresourceinfobaseimpl.cpp(1011):
580392e6-ba49-4280-ac67-fcd6f2180121: HTTP: Forbidden
Ошибка при выполнении запроса POST к ресурсу /e1cib/login:
a01f465c-ed70-442e-ada5-847668d7a41c: Начало сеанса с информационной базой запрещено.'
07:12.189013-0,EXCP,2,process=rphost,p:processName=bi_bk3wk1_prod_01,OSThread=4804,t:clientID=511,t:applicationName=1CV8C,t:computerName=DC2RDSH25,t:connectID=5555,Exception=580392e6-ba49-4280-ac67-fcd6f2180121,Descr='src\vrsbase\src\vresourceinfobaseimpl.cpp(1011):
580392e6-ba49-4280-ac67-fcd6f2180121: HTTP: Forbidden
Ошибка при выполнении запроса POST к ресурсу /e1cib/login:
a01f465c-ed70-442e-ada5-847668d7a41c: Начало сеанса с информационной базой запрещено.'
07:12.267013-0,EXCP,2,process=rphost,p:processName=bi_bk3wk1_prod_01,OSThread=7876,t:clientID=515,t:applicationName=1CV8C,t:computerName=DC1RDSH07,t:connectID=5556,Exception=580392e6-ba49-4280-ac67-fcd6f2180121,Descr='src\vrsbase\src\vresourceinfobaseimpl.cpp(1011):
580392e6-ba49-4280-ac67-fcd6f2180121: HTTP: Forbidden
Ошибка при выполнении запроса POST к ресурсу /e1cib/login:
a01f465c-ed70-442e-ada5-847668d7a41c: Начало сеанса с информационной базой запрещено.'
07:12.392016-0,EXCP,2,process=rphost,p:processName=bi_bk3wk1_prod_01,OSThread=4372,t:clientID=512,t:applicationName=1CV8C,t:computerName=DC2RDSH19,t:connectID=5557,Exception=580392e6-ba49-4280-ac67-fcd6f2180121,Descr='src\vrsbase\src\vresourceinfobaseimpl.cpp(1011):
580392e6-ba49-4280-ac67-fcd6f2180121: HTTP: Forbidden
Ошибка при выполнении запроса POST к ресурсу /e1cib/login:
a01f465c-ed70-442e-ada5-847668d7a41c: Начало сеанса с информационной базой запрещено.'
07:27.238001-0,EXCP,2,process=rphost,p:processName=bi_bk3wk1_prod_01,OSThread=4372,t:clientID=524,t:applicationName=1CV8C,t:computerName=DC2RDSH04,t:connectID=5574,Exception=580392e6-ba49-4280-ac67-fcd6f2180121,Descr='src\vrsbase\src\vresourceinfobaseimpl.cpp(1011):
580392e6-ba49-4280-ac67-fcd6f2180121: HTTP: Forbidden
Ошибка при выполнении запроса POST к ресурсу /e1cib/login:
a01f465c-ed70-442e-ada5-847668d7a41c: Начало сеанса с информационной базой запрещено.'
08:12.238024-0,EXCP,2,process=rphost,p:processName=bi_bk3wk1_prod_01,OSThread=8756,t:clientID=510,t:applicationName=1CV8C,t:computerName=DC3RDSH13,t:connectID=5584,Exception=580392e6-ba49-4280-ac67-fcd6f2180121,Descr='src\vrsbase\src\vresourceinfobaseimpl.cpp(1011):
580392e6-ba49-4280-ac67-fcd6f2180121: HTTP: Forbidden
Ошибка при выполнении запроса POST к ресурсу /e1cib/login:
a01f465c-ed70-442e-ada5-847668d7a41c: Начало сеанса с информационной базой запрещено.'
08:12.301015-0,EXCP,2,process=rphost,p:processName=bi_bk3wk1_prod_01,OSThread=7876,t:clientID=509,t:applicationName=1CV8C,t:computerName=DC1RDSH02,t:connectID=5585,Exception=580392e6-ba49-4280-ac67-fcd6f2180121,Descr='src\vrsbase\src\vresourceinfobaseimpl.cpp(1011):
580392e6-ba49-4280-ac67-fcd6f2180121: HTTP: Forbidden
Ошибка при выполнении запроса POST к ресурсу /e1cib/login:
a01f465c-ed70-442e-ada5-847668d7a41c: Начало сеанса с информационной базой запрещено.'
08:13.067018-0,EXCP,2,process=rphost,p:processName=bi_bk3wk1_prod_01,OSThread=1116,t:clientID=511,t:applicationName=1CV8C,t:computerName=DC2RDSH25,t:connectID=5586,Exception=580392e6-ba49-4280-ac67-fcd6f2180121,Descr='src\vrsbase\src\vresourceinfobaseimpl.cpp(1011):
580392e6-ba49-4280-ac67-fcd6f2180121: HTTP: Forbidden
Ошибка при выполнении запроса POST к ресурсу /e1cib/login:
a01f465c-ed70-442e-ada5-847668d7a41c: Начало сеанса с информационной базой запрещено.'
08:13.082018-0,EXCP,2,process=rphost,p:processName=bi_bk3wk1_prod_01,OSThread=4804,t:clientID=514,t:applicationName=1CV8C,t:computerName=DC3RDSH08,t:connectID=5587,Exception=580392e6-ba49-4280-ac67-fcd6f2180121,Descr='src\vrsbase\src\vresourceinfobaseimpl.cpp(1011):
580392e6-ba49-4280-ac67-fcd6f2180121: HTTP: Forbidden
Ошибка при выполнении запроса POST к ресурсу /e1cib/login:
a01f465c-ed70-442e-ada5-847668d7a41c: Начало сеанса с информационной базой запрещено.'
08:13.223018-0,EXCP,2,process=rphost,p:processName=bi_bk3wk1_prod_01,OSThread=7472,t:clientID=515,t:applicationName=1CV8C,t:computerName=DC1RDSH07,t:connectID=5588,Exception=580392e6-ba49-4280-ac67-fcd6f2180121,Descr='src\vrsbase\src\vresourceinfobaseimpl.cpp(1011):
580392e6-ba49-4280-ac67-fcd6f2180121: HTTP: Forbidden
Ошибка при выполнении запроса POST к ресурсу /e1cib/login:
a01f465c-ed70-442e-ada5-847668d7a41c: Начало сеанса с информационной базой запрещено.'
08:13.270001-0,EXCP,2,process=rphost,p:processName=bi_bk3wk1_prod_01,OSThread=8756,t:clientID=513,t:applicationName=1CV8C,t:computerName=DC1RDSH09,t:connectID=5589,Exception=580392e6-ba49-4280-ac67-fcd6f2180121,Descr='src\vrsbase\src\vresourceinfobaseimpl.cpp(1011):
580392e6-ba49-4280-ac67-fcd6f2180121: HTTP: Forbidden
Ошибка при выполнении запроса POST к ресурсу /e1cib/login:
a01f465c-ed70-442e-ada5-847668d7a41c: Начало сеанса с информационной базой запрещено.'
08:13.426018-0,EXCP,2,process=rphost,p:processName=bi_bk3wk1_prod_01,OSThread=7876,t:clientID=512,t:applicationName=1CV8C,t:computerName=DC2RDSH19,t:connectID=5590,Exception=580392e6-ba49-4280-ac67-fcd6f2180121,Descr='src\vrsbase\src\vresourceinfobaseimpl.cpp(1011):
580392e6-ba49-4280-ac67-fcd6f2180121: HTTP: Forbidden
Ошибка при выполнении запроса POST к ресурсу /e1cib/login:
a01f465c-ed70-442e-ada5-847668d7a41c: Начало сеанса с информационной базой запрещено.'
08:28.271015-0,EXCP,2,process=rphost,p:processName=bi_bk3wk1_prod_01,OSThread=8168,t:clientID=524,t:applicationName=1CV8C,t:computerName=DC2RDSH04,t:connectID=5608,Exception=580392e6-ba49-4280-ac67-fcd6f2180121,Descr='src\vrsbase\src\vresourceinfobaseimpl.cpp(1011):
580392e6-ba49-4280-ac67-fcd6f2180121: HTTP: Forbidden
Ошибка при выполнении запроса POST к ресурсу /e1cib/login:
a01f465c-ed70-442e-ada5-847668d7a41c: Начало сеанса с информационной базой запрещено.'
09:13.208023-0,EXCP,2,process=rphost,p:processName=bi_bk3wk1_prod_01,OSThread=8168,t:clientID=510,t:applicationName=1CV8C,t:computerName=DC3RDSH13,t:connectID=5618,Exception=580392e6-ba49-4280-ac67-fcd6f2180121,Descr='src\vrsbase\src\vresourceinfobaseimpl.cpp(1011):
580392e6-ba49-4280-ac67-fcd6f2180121: HTTP: Forbidden
Ошибка при выполнении запроса POST к ресурсу /e1cib/login:
a01f465c-ed70-442e-ada5-847668d7a41c: Начало сеанса с информационной базой запрещено.'
09:13.364013-0,EXCP,2,process=rphost,p:processName=bi_bk3wk1_prod_01,OSThread=8756,t:clientID=509,t:applicationName=1CV8C,t:computerName=DC1RDSH02,t:connectID=5619,Exception=580392e6-ba49-4280-ac67-fcd6f2180121,Descr='src\vrsbase\src\vresourceinfobaseimpl.cpp(1011):
580392e6-ba49-4280-ac67-fcd6f2180121: HTTP: Forbidden
Ошибка при выполнении запроса POST к ресурсу /e1cib/login:
a01f465c-ed70-442e-ada5-847668d7a41c: Начало сеанса с информационной базой запрещено.'
09:14.068018-0,EXCP,2,process=rphost,p:processName=bi_bk3wk1_prod_01,OSThread=7472,t:clientID=514,t:applicationName=1CV8C,t:computerName=DC3RDSH08,t:connectID=5620,Exception=580392e6-ba49-4280-ac67-fcd6f2180121,Descr='src\vrsbase\src\vresourceinfobaseimpl.cpp(1011):
580392e6-ba49-4280-ac67-fcd6f2180121: HTTP: Forbidden
Ошибка при выполнении запроса POST к ресурсу /e1cib/login:
a01f465c-ed70-442e-ada5-847668d7a41c: Начало сеанса с информационной базой запрещено.'
09:14.083018-0,EXCP,2,process=rphost,p:processName=bi_bk3wk1_prod_01,OSThread=1116,t:clientID=515,t:applicationName=1CV8C,t:computerName=DC1RDSH07,t:connectID=5621,Exception=580392e6-ba49-4280-ac67-fcd6f2180121,Descr='src\vrsbase\src\vresourceinfobaseimpl.cpp(1011):
580392e6-ba49-4280-ac67-fcd6f2180121: HTTP: Forbidden
Ошибка при выполнении запроса POST к ресурсу /e1cib/login:
a01f465c-ed70-442e-ada5-847668d7a41c: Начало сеанса с информационной базой запрещено.'
09:14.177018-0,EXCP,2,process=rphost,p:processName=bi_bk3wk1_prod_01,OSThread=6240,t:clientID=511,t:applicationName=1CV8C,t:computerName=DC2RDSH25,t:connectID=5622,Exception=580392e6-ba49-4280-ac67-fcd6f2180121,Descr='src\vrsbase\src\vresourceinfobaseimpl.cpp(1011):
580392e6-ba49-4280-ac67-fcd6f2180121: HTTP: Forbidden
Ошибка при выполнении запроса POST к ресурсу /e1cib/login:
a01f465c-ed70-442e-ada5-847668d7a41c: Начало сеанса с информационной базой запрещено.'
09:14.193018-0,EXCP,2,process=rphost,p:processName=bi_bk3wk1_prod_01,OSThread=8988,t:clientID=513,t:applicationName=1CV8C,t:computerName=DC1RDSH09,t:connectID=5623,Exception=580392e6-ba49-4280-ac67-fcd6f2180121,Descr='src\vrsbase\src\vresourceinfobaseimpl.cpp(1011):
580392e6-ba49-4280-ac67-fcd6f2180121: HTTP: Forbidden
Ошибка при выполнении запроса POST к ресурсу /e1cib/login:
a01f465c-ed70-442e-ada5-847668d7a41c: Начало сеанса с информационной базой запрещено.'
09:14.333020-0,EXCP,2,process=rphost,p:processName=bi_bk3wk1_prod_01,OSThread=8168,t:clientID=512,t:applicationName=1CV8C,t:computerName=DC2RDSH19,t:connectID=5624,Exception=580392e6-ba49-4280-ac67-fcd6f2180121,Descr='src\vrsbase\src\vresourceinfobaseimpl.cpp(1011):
580392e6-ba49-4280-ac67-fcd6f2180121: HTTP: Forbidden
Ошибка при выполнении запроса POST к ресурсу /e1cib/login:
a01f465c-ed70-442e-ada5-847668d7a41c: Начало сеанса с информационной базой запрещено.'
09:29.115016-0,EXCP,2,process=rphost,p:processName=bi_bk3wk1_prod_01,OSThread=8168,t:clientID=524,t:applicationName=1CV8C,t:computerName=DC2RDSH04,t:connectID=5641,Exception=580392e6-ba49-4280-ac67-fcd6f2180121,Descr='src\vrsbase\src\vresourceinfobaseimpl.cpp(1011):
580392e6-ba49-4280-ac67-fcd6f2180121: HTTP: Forbidden
Ошибка при выполнении запроса POST к ресурсу /e1cib/login:
a01f465c-ed70-442e-ada5-847668d7a41c: Начало сеанса с информационной базой запрещено.'
10:14.084023-0,EXCP,2,process=rphost,p:processName=bi_bk3wk1_prod_01,OSThread=4804,t:clientID=510,t:applicationName=1CV8C,t:computerName=DC3RDSH13,t:connectID=5650,Exception=580392e6-ba49-4280-ac67-fcd6f2180121,Descr='src\vrsbase\src\vresourceinfobaseimpl.cpp(1011):
580392e6-ba49-4280-ac67-fcd6f2180121: HTTP: Forbidden
Ошибка при выполнении запроса POST к ресурсу /e1cib/login:
a01f465c-ed70-442e-ada5-847668d7a41c: Начало сеанса с информационной базой запрещено.'
10:14.365016-0,EXCP,2,process=rphost,p:processName=bi_bk3wk1_prod_01,OSThread=8988,t:clientID=509,t:applicationName=1CV8C,t:computerName=DC1RDSH02,t:connectID=5651,Exception=580392e6-ba49-4280-ac67-fcd6f2180121,Descr='src\vrsbase\src\vresourceinfobaseimpl.cpp(1011):
580392e6-ba49-4280-ac67-fcd6f2180121: HTTP: Forbidden
Ошибка при выполнении запроса POST к ресурсу /e1cib/login:
a01f465c-ed70-442e-ada5-847668d7a41c: Начало сеанса с информационной базой запрещено.'
10:15.115018-0,EXCP,2,process=rphost,p:processName=bi_bk3wk1_prod_01,OSThread=4804,t:clientID=511,t:applicationName=1CV8C,t:computerName=DC2RDSH25,t:connectID=5652,Exception=580392e6-ba49-4280-ac67-fcd6f2180121,Descr='src\vrsbase\src\vresourceinfobaseimpl.cpp(1011):
580392e6-ba49-4280-ac67-fcd6f2180121: HTTP: Forbidden
Ошибка при выполнении запроса POST к ресурсу /e1cib/login:
a01f465c-ed70-442e-ada5-847668d7a41c: Начало сеанса с информационной базой запрещено.'
10:15.131018-0,EXCP,2,process=rphost,p:processName=bi_bk3wk1_prod_01,OSThread=6240,t:clientID=513,t:applicationName=1CV8C,t:computerName=DC1RDSH09,t:connectID=5653,Exception=580392e6-ba49-4280-ac67-fcd6f2180121,Descr='src\vrsbase\src\vresourceinfobaseimpl.cpp(1011):
580392e6-ba49-4280-ac67-fcd6f2180121: HTTP: Forbidden
Ошибка при выполнении запроса POST к ресурсу /e1cib/login:
a01f465c-ed70-442e-ada5-847668d7a41c: Начало сеанса с информационной базой запрещено.'
10:15.178005-0,EXCP,2,process=rphost,p:processName=bi_bk3wk1_prod_01,OSThread=1116,t:clientID=515,t:applicationName=1CV8C,t:computerName=DC1RDSH07,t:connectID=5654,Exception=580392e6-ba49-4280-ac67-fcd6f2180121,Descr='src\vrsbase\src\vresourceinfobaseimpl.cpp(1011):
580392e6-ba49-4280-ac67-fcd6f2180121: HTTP: Forbidden
Ошибка при выполнении запроса POST к ресурсу /e1cib/login:
a01f465c-ed70-442e-ada5-847668d7a41c: Начало сеанса с информационной базой запрещено.'
10:15.225018-0,EXCP,2,process=rphost,p:processName=bi_bk3wk1_prod_01,OSThread=7472,t:clientID=514,t:applicationName=1CV8C,t:computerName=DC3RDSH08,t:connectID=5655,Exception=580392e6-ba49-4280-ac67-fcd6f2180121,Descr='src\vrsbase\src\vresourceinfobaseimpl.cpp(1011):
580392e6-ba49-4280-ac67-fcd6f2180121: HTTP: Forbidden
Ошибка при выполнении запроса POST к ресурсу /e1cib/login:
a01f465c-ed70-442e-ada5-847668d7a41c: Начало сеанса с информационной базой запрещено.'
10:15.412018-0,EXCP,2,process=rphost,p:processName=bi_bk3wk1_prod_01,OSThread=8988,t:clientID=512,t:applicationName=1CV8C,t:computerName=DC2RDSH19,t:connectID=5656,Exception=580392e6-ba49-4280-ac67-fcd6f2180121,Descr='src\vrsbase\src\vresourceinfobaseimpl.cpp(1011):
580392e6-ba49-4280-ac67-fcd6f2180121: HTTP: Forbidden
Ошибка при выполнении запроса POST к ресурсу /e1cib/login:
a01f465c-ed70-442e-ada5-847668d7a41c: Начало сеанса с информационной базой запрещено.'
10:30.180000-0,EXCP,2,process=rphost,p:processName=bi_bk3wk1_prod_01,OSThread=8168,t:clientID=524,t:applicationName=1CV8C,t:computerName=DC2RDSH04,t:connectID=5683,Exception=580392e6-ba49-4280-ac67-fcd6f2180121,Descr='src\vrsbase\src\vresourceinfobaseimpl.cpp(1011):
580392e6-ba49-4280-ac67-fcd6f2180121: HTTP: Forbidden
Ошибка при выполнении запроса POST к ресурсу /e1cib/login:
a01f465c-ed70-442e-ada5-847668d7a41c: Начало сеанса с информационной базой запрещено.'
11:12.086013-0,EXCP,2,process=rphost,p:processName=bi_bk3wk1_prod_01,OSThread=4372,t:clientID=45,t:applicationName=1CV8C,t:computerName=DC1RDSH06,t:connectID=3611,Exception=SeanceContextException,Descr='Сеанс отсутствует или удален
ID=c97ecd1a-d757-40e4-82d2-3520ed7402d3, File=d:\jenkins\ci_builder2\windowsbuild2\platform\src\rserver\src\clusterdistribimpl.cpp(1439)'
11:12.086014-0,EXCP,2,process=rphost,p:processName=bi_bk3wk1_prod_01,OSThread=4372,t:clientID=45,t:applicationName=1CV8C,t:computerName=DC1RDSH06,t:connectID=3611,Exception=580392e6-ba49-4280-ac67-fcd6f2180121,Descr='src\vrsbase\src\vresourceinfobaseimpl.cpp(1058):
580392e6-ba49-4280-ac67-fcd6f2180121: Ошибка работы сеанса
Ошибка при выполнении запроса POST к ресурсу /e1cib/logout:
60c686dc-798f-4d17-aadb-a90156a16eb8: Сеанс отсутствует или удален
ID=c97ecd1a-d757-40e4-82d2-3520ed7402d3, File=d:\jenkins\ci_builder2\windowsbuild2\platform\src\rserver\src\clusterdistribimpl.cpp(1439)'
11:12.133000-0,EXCP,0,process=rphost,OSThread=4372,ClientID=45,Exception=NetDataExchangeException,Descr='server_addr=(2)10.225.32.43:56722 descr=10054(0x00002746): Удаленный хост принудительно разорвал существующее подключение.  line=2273 file=d:\jenkins\ci_builder2\windowsbuild2\platform\src\rtrsrvc\src\dataexchangeserverimpl.cpp'
11:12.133001-0,EXCPCNTX,0,ClientComputerName=,ServerComputerName=,UserName=,ConnectString=
11:12.133005-0,EXCP,0,process=rphost,OSThread=4832,ClientID=90,Exception=NetDataExchangeException,Descr='server_addr=(2)10.225.32.43:56730 descr=10054(0x00002746): Удаленный хост принудительно разорвал существующее подключение.  line=1149 file=d:\jenkins\ci_builder2\windowsbuild2\platform\src\rtrsrvc\src\dataexchangeserverimpl.cpp'
11:12.133006-0,EXCPCNTX,0,ClientComputerName=,ServerComputerName=,UserName=,ConnectString=
11:12.133008-0,EXCP,1,process=rphost,p:processName=bi_bk3wk1_prod_01,OSThread=4372,t:clientID=45,t:applicationName=1CV8C,t:computerName=DC1RDSH06,t:connectID=3611,Exception=SeanceContextException,Descr='Сеанс отсутствует или удален
ID=c97ecd1a-d757-40e4-82d2-3520ed7402d3, File=d:\jenkins\ci_builder2\windowsbuild2\platform\src\rserver\src\clusterdistribimpl.cpp(1439)'
11:12.133010-0,EXCP,1,process=rphost,p:processName=bi_bk3wk1_prod_01,OSThread=4372,t:clientID=45,t:applicationName=1CV8C,t:computerName=DC1RDSH06,t:connectID=3611,Exception=60c686dc-798f-4d17-aadb-a90156a16eb8,Descr='src\rserver\src\srvrinfobaseimpl.cpp(899):
60c686dc-798f-4d17-aadb-a90156a16eb8: Сеанс отсутствует или удален
ID=c97ecd1a-d757-40e4-82d2-3520ed7402d3, File=d:\jenkins\ci_builder2\windowsbuild2\platform\src\rserver\src\clusterdistribimpl.cpp(1439)'
11:15.133021-0,EXCP,2,process=rphost,p:processName=bi_bk3wk1_prod_01,OSThread=4372,t:clientID=510,t:applicationName=1CV8C,t:computerName=DC3RDSH13,t:connectID=5691,Exception=580392e6-ba49-4280-ac67-fcd6f2180121,Descr='src\vrsbase\src\vresourceinfobaseimpl.cpp(1011):
580392e6-ba49-4280-ac67-fcd6f2180121: HTTP: Forbidden
Ошибка при выполнении запроса POST к ресурсу /e1cib/login:
a01f465c-ed70-442e-ada5-847668d7a41c: Начало сеанса с информационной базой запрещено.'
11:15.336014-0,EXCP,2,process=rphost,p:processName=bi_bk3wk1_prod_01,OSThread=7472,t:clientID=509,t:applicationName=1CV8C,t:computerName=DC1RDSH02,t:connectID=5692,Exception=580392e6-ba49-4280-ac67-fcd6f2180121,Descr='src\vrsbase\src\vresourceinfobaseimpl.cpp(1011):
580392e6-ba49-4280-ac67-fcd6f2180121: HTTP: Forbidden
Ошибка при выполнении запроса POST к ресурсу /e1cib/login:
a01f465c-ed70-442e-ada5-847668d7a41c: Начало сеанса с информационной базой запрещено.'
11:16.086012-0,EXCP,2,process=rphost,p:processName=bi_bk3wk1_prod_01,OSThread=1116,t:clientID=514,t:applicationName=1CV8C,t:computerName=DC3RDSH08,t:connectID=5693,Exception=580392e6-ba49-4280-ac67-fcd6f2180121,Descr='src\vrsbase\src\vresourceinfobaseimpl.cpp(1011):
580392e6-ba49-4280-ac67-fcd6f2180121: HTTP: Forbidden
Ошибка при выполнении запроса POST к ресурсу /e1cib/login:
a01f465c-ed70-442e-ada5-847668d7a41c: Начало сеанса с информационной базой запрещено.'
11:16.164018-0,EXCP,2,process=rphost,p:processName=bi_bk3wk1_prod_01,OSThread=4372,t:clientID=511,t:applicationName=1CV8C,t:computerName=DC2RDSH25,t:connectID=5694,Exception=580392e6-ba49-4280-ac67-fcd6f2180121,Descr='src\vrsbase\src\vresourceinfobaseimpl.cpp(1011):
580392e6-ba49-4280-ac67-fcd6f2180121: HTTP: Forbidden
Ошибка при выполнении запроса POST к ресурсу /e1cib/login:
a01f465c-ed70-442e-ada5-847668d7a41c: Начало сеанса с информационной базой запрещено.'
11:16.196018-0,EXCP,2,process=rphost,p:processName=bi_bk3wk1_prod_01,OSThread=6240,t:clientID=515,t:applicationName=1CV8C,t:computerName=DC1RDSH07,t:connectID=5695,Exception=580392e6-ba49-4280-ac67-fcd6f2180121,Descr='src\vrsbase\src\vresourceinfobaseimpl.cpp(1011):
580392e6-ba49-4280-ac67-fcd6f2180121: HTTP: Forbidden
Ошибка при выполнении запроса POST к ресурсу /e1cib/login:
a01f465c-ed70-442e-ada5-847668d7a41c: Начало сеанса с информационной базой запрещено.'
11:16.242016-0,EXCP,2,process=rphost,p:processName=bi_bk3wk1_prod_01,OSThread=4804,t:clientID=512,t:applicationName=1CV8C,t:computerName=DC2RDSH19,t:connectID=5696,Exception=580392e6-ba49-4280-ac67-fcd6f2180121,Descr='src\vrsbase\src\vresourceinfobaseimpl.cpp(1011):
580392e6-ba49-4280-ac67-fcd6f2180121: HTTP: Forbidden
Ошибка при выполнении запроса POST к ресурсу /e1cib/login:
a01f465c-ed70-442e-ada5-847668d7a41c: Начало сеанса с информационной базой запрещено.'
11:16.258018-0,EXCP,2,process=rphost,p:processName=bi_bk3wk1_prod_01,OSThread=8756,t:clientID=513,t:applicationName=1CV8C,t:computerName=DC1RDSH09,t:connectID=5697,Exception=580392e6-ba49-4280-ac67-fcd6f2180121,Descr='src\vrsbase\src\vresourceinfobaseimpl.cpp(1011):
580392e6-ba49-4280-ac67-fcd6f2180121: HTTP: Forbidden
Ошибка при выполнении запроса POST к ресурсу /e1cib/login:
a01f465c-ed70-442e-ada5-847668d7a41c: Начало сеанса с информационной базой запрещено.'
11:31.150024-0,EXCP,2,process=rphost,p:processName=bi_bk3wk1_prod_01,OSThread=8756,t:clientID=524,t:applicationName=1CV8C,t:computerName=DC2RDSH04,t:connectID=5727,Exception=580392e6-ba49-4280-ac67-fcd6f2180121,Descr='src\vrsbase\src\vresourceinfobaseimpl.cpp(1011):
580392e6-ba49-4280-ac67-fcd6f2180121: HTTP: Forbidden
Ошибка при выполнении запроса POST к ресурсу /e1cib/login:
a01f465c-ed70-442e-ada5-847668d7a41c: Начало сеанса с информационной базой запрещено.'
12:16.243026-0,EXCP,2,process=rphost,p:processName=bi_bk3wk1_prod_01,OSThread=7876,t:clientID=510,t:applicationName=1CV8C,t:computerName=DC3RDSH13,t:connectID=5739,Exception=580392e6-ba49-4280-ac67-fcd6f2180121,Descr='src\vrsbase\src\vresourceinfobaseimpl.cpp(1011):
580392e6-ba49-4280-ac67-fcd6f2180121: HTTP: Forbidden
Ошибка при выполнении запроса POST к ресурсу /e1cib/login:
a01f465c-ed70-442e-ada5-847668d7a41c: Начало сеанса с информационной базой запрещено.'
12:16.384018-0,EXCP,2,process=rphost,p:processName=bi_bk3wk1_prod_01,OSThread=4804,t:clientID=509,t:applicationName=1CV8C,t:computerName=DC1RDSH02,t:connectID=5740,Exception=580392e6-ba49-4280-ac67-fcd6f2180121,Descr='src\vrsbase\src\vresourceinfobaseimpl.cpp(1011):
580392e6-ba49-4280-ac67-fcd6f2180121: HTTP: Forbidden
Ошибка при выполнении запроса POST к ресурсу /e1cib/login:
a01f465c-ed70-442e-ada5-847668d7a41c: Начало сеанса с информационной базой запрещено.'
12:17.165018-0,EXCP,2,process=rphost,p:processName=bi_bk3wk1_prod_01,OSThread=6240,t:clientID=515,t:applicationName=1CV8C,t:computerName=DC1RDSH07,t:connectID=5741,Exception=580392e6-ba49-4280-ac67-fcd6f2180121,Descr='src\vrsbase\src\vresourceinfobaseimpl.cpp(1011):
580392e6-ba49-4280-ac67-fcd6f2180121: HTTP: Forbidden
Ошибка при выполнении запроса POST к ресурсу /e1cib/login:
a01f465c-ed70-442e-ada5-847668d7a41c: Начало сеанса с информационной базой запрещено.'
12:17.165037-0,EXCP,2,process=rphost,p:processName=bi_bk3wk1_prod_01,OSThread=4372,t:clientID=514,t:applicationName=1CV8C,t:computerName=DC3RDSH08,t:connectID=5742,Exception=580392e6-ba49-4280-ac67-fcd6f2180121,Descr='src\vrsbase\src\vresourceinfobaseimpl.cpp(1011):
580392e6-ba49-4280-ac67-fcd6f2180121: HTTP: Forbidden
Ошибка при выполнении запроса POST к ресурсу /e1cib/login:
a01f465c-ed70-442e-ada5-847668d7a41c: Начало сеанса с информационной базой запрещено.'
12:17.212000-0,EXCP,2,process=rphost,p:processName=bi_bk3wk1_prod_01,OSThread=1116,t:clientID=511,t:applicationName=1CV8C,t:computerName=DC2RDSH25,t:connectID=5743,Exception=580392e6-ba49-4280-ac67-fcd6f2180121,Descr='src\vrsbase\src\vresourceinfobaseimpl.cpp(1011):
580392e6-ba49-4280-ac67-fcd6f2180121: HTTP: Forbidden
Ошибка при выполнении запроса POST к ресурсу /e1cib/login:
a01f465c-ed70-442e-ada5-847668d7a41c: Начало сеанса с информационной базой запрещено.'
12:17.259018-0,EXCP,2,process=rphost,p:processName=bi_bk3wk1_prod_01,OSThread=7876,t:clientID=513,t:applicationName=1CV8C,t:computerName=DC1RDSH09,t:connectID=5744,Exception=580392e6-ba49-4280-ac67-fcd6f2180121,Descr='src\vrsbase\src\vresourceinfobaseimpl.cpp(1011):
580392e6-ba49-4280-ac67-fcd6f2180121: HTTP: Forbidden
Ошибка при выполнении запроса POST к ресурсу /e1cib/login:
a01f465c-ed70-442e-ada5-847668d7a41c: Начало сеанса с информационной базой запрещено.'
12:17.306015-0,EXCP,2,process=rphost,p:processName=bi_bk3wk1_prod_01,OSThread=7472,t:clientID=512,t:applicationName=1CV8C,t:computerName=DC2RDSH19,t:connectID=5745,Exception=580392e6-ba49-4280-ac67-fcd6f2180121,Descr='src\vrsbase\src\vresourceinfobaseimpl.cpp(1011):
580392e6-ba49-4280-ac67-fcd6f2180121: HTTP: Forbidden
Ошибка при выполнении запроса POST к ресурсу /e1cib/login:
a01f465c-ed70-442e-ada5-847668d7a41c: Начало сеанса с информационной базой запрещено.'
12:32.121016-0,EXCP,2,process=rphost,p:processName=bi_bk3wk1_prod_01,OSThread=7472,t:clientID=524,t:applicationName=1CV8C,t:computerName=DC2RDSH04,t:connectID=5761,Exception=580392e6-ba49-4280-ac67-fcd6f2180121,Descr='src\vrsbase\src\vresourceinfobaseimpl.cpp(1011):
580392e6-ba49-4280-ac67-fcd6f2180121: HTTP: Forbidden
Ошибка при выполнении запроса POST к ресурсу /e1cib/login:
a01f465c-ed70-442e-ada5-847668d7a41c: Начало сеанса с информационной базой запрещено.'
13:17.137005-0,EXCP,2,process=rphost,p:processName=bi_bk3wk1_prod_01,OSThread=8764,t:clientID=510,t:applicationName=1CV8C,t:computerName=DC3RDSH13,t:connectID=5775,Exception=580392e6-ba49-4280-ac67-fcd6f2180121,Descr='src\vrsbase\src\vresourceinfobaseimpl.cpp(1011):
580392e6-ba49-4280-ac67-fcd6f2180121: HTTP: Forbidden
Ошибка при выполнении запроса POST к ресурсу /e1cib/login:
a01f465c-ed70-442e-ada5-847668d7a41c: Начало сеанса с информационной базой запрещено.'
13:17.731018-0,EXCP,2,process=rphost,p:processName=bi_bk3wk1_prod_01,OSThread=8168,t:clientID=509,t:applicationName=1CV8C,t:computerName=DC1RDSH02,t:connectID=5776,Exception=580392e6-ba49-4280-ac67-fcd6f2180121,Descr='src\vrsbase\src\vresourceinfobaseimpl.cpp(1011):
580392e6-ba49-4280-ac67-fcd6f2180121: HTTP: Forbidden
Ошибка при выполнении запроса POST к ресурсу /e1cib/login:
a01f465c-ed70-442e-ada5-847668d7a41c: Начало сеанса с информационной базой запрещено.'
13:18.108018-0,EXCP,2,process=rphost,p:processName=bi_bk3wk1_prod_01,OSThread=1116,t:clientID=514,t:applicationName=1CV8C,t:computerName=DC3RDSH08,t:connectID=5777,Exception=580392e6-ba49-4280-ac67-fcd6f2180121,Descr='src\vrsbase\src\vresourceinfobaseimpl.cpp(1011):
580392e6-ba49-4280-ac67-fcd6f2180121: HTTP: Forbidden
Ошибка при выполнении запроса POST к ресурсу /e1cib/login:
a01f465c-ed70-442e-ada5-847668d7a41c: Начало сеанса с информационной базой запрещено.'
13:18.139007-0,EXCP,2,process=rphost,p:processName=bi_bk3wk1_prod_01,OSThread=4372,t:clientID=515,t:applicationName=1CV8C,t:computerName=DC1RDSH07,t:connectID=5778,Exception=580392e6-ba49-4280-ac67-fcd6f2180121,Descr='src\vrsbase\src\vresourceinfobaseimpl.cpp(1011):
580392e6-ba49-4280-ac67-fcd6f2180121: HTTP: Forbidden
Ошибка при выполнении запроса POST к ресурсу /e1cib/login:
a01f465c-ed70-442e-ada5-847668d7a41c: Начало сеанса с информационной базой запрещено.'
13:18.202018-0,EXCP,2,process=rphost,p:processName=bi_bk3wk1_prod_01,OSThread=8764,t:clientID=511,t:applicationName=1CV8C,t:computerName=DC2RDSH25,t:connectID=5779,Exception=580392e6-ba49-4280-ac67-fcd6f2180121,Descr='src\vrsbase\src\vresourceinfobaseimpl.cpp(1011):
580392e6-ba49-4280-ac67-fcd6f2180121: HTTP: Forbidden
Ошибка при выполнении запроса POST к ресурсу /e1cib/login:
a01f465c-ed70-442e-ada5-847668d7a41c: Начало сеанса с информационной базой запрещено.'
13:18.248018-0,EXCP,2,process=rphost,p:processName=bi_bk3wk1_prod_01,OSThread=6240,t:clientID=513,t:applicationName=1CV8C,t:computerName=DC1RDSH09,t:connectID=5780,Exception=580392e6-ba49-4280-ac67-fcd6f2180121,Descr='src\vrsbase\src\vresourceinfobaseimpl.cpp(1011):
580392e6-ba49-4280-ac67-fcd6f2180121: HTTP: Forbidden
Ошибка при выполнении запроса POST к ресурсу /e1cib/login:
a01f465c-ed70-442e-ada5-847668d7a41c: Начало сеанса с информационной базой запрещено.'
13:18.280018-0,EXCP,2,process=rphost,p:processName=bi_bk3wk1_prod_01,OSThread=4804,t:clientID=512,t:applicationName=1CV8C,t:computerName=DC2RDSH19,t:connectID=5781,Exception=580392e6-ba49-4280-ac67-fcd6f2180121,Descr='src\vrsbase\src\vresourceinfobaseimpl.cpp(1011):
580392e6-ba49-4280-ac67-fcd6f2180121: HTTP: Forbidden
Ошибка при выполнении запроса POST к ресурсу /e1cib/login:
a01f465c-ed70-442e-ada5-847668d7a41c: Начало сеанса с информационной базой запрещено.'
13:33.217018-0,EXCP,2,process=rphost,p:processName=bi_bk3wk1_prod_01,OSThread=4804,t:clientID=524,t:applicationName=1CV8C,t:computerName=DC2RDSH04,t:connectID=5798,Exception=580392e6-ba49-4280-ac67-fcd6f2180121,Descr='src\vrsbase\src\vresourceinfobaseimpl.cpp(1011):
580392e6-ba49-4280-ac67-fcd6f2180121: HTTP: Forbidden
Ошибка при выполнении запроса POST к ресурсу /e1cib/login:
a01f465c-ed70-442e-ada5-847668d7a41c: Начало сеанса с информационной базой запрещено.'
13:47.483020-0,EXCP,0,process=rphost,OSThread=4176,ClientID=505,Exception=NetDataExchangeException,Descr='server_addr=(2)10.224.32.15:59992 descr=2(0x00000002): Не удается найти указанный файл.  line=1149 file=d:\jenkins\ci_builder2\windowsbuild2\platform\src\rtrsrvc\src\dataexchangeserverimpl.cpp'
13:47.483021-0,EXCPCNTX,0,ClientComputerName=,ServerComputerName=,UserName=,ConnectString=
14:18.155024-0,EXCP,2,process=rphost,p:processName=bi_bk3wk1_prod_01,OSThread=7472,t:clientID=510,t:applicationName=1CV8C,t:computerName=DC3RDSH13,t:connectID=5807,Exception=580392e6-ba49-4280-ac67-fcd6f2180121,Descr='src\vrsbase\src\vresourceinfobaseimpl.cpp(1011):
580392e6-ba49-4280-ac67-fcd6f2180121: HTTP: Forbidden
Ошибка при выполнении запроса POST к ресурсу /e1cib/login:
a01f465c-ed70-442e-ada5-847668d7a41c: Начало сеанса с информационной базой запрещено.'
14:18.249019-0,EXCP,2,process=rphost,p:processName=bi_bk3wk1_prod_01,OSThread=6240,t:clientID=509,t:applicationName=1CV8C,t:computerName=DC1RDSH02,t:connectID=5808,Exception=580392e6-ba49-4280-ac67-fcd6f2180121,Descr='src\vrsbase\src\vresourceinfobaseimpl.cpp(1011):
580392e6-ba49-4280-ac67-fcd6f2180121: HTTP: Forbidden
Ошибка при выполнении запроса POST к ресурсу /e1cib/login:
a01f465c-ed70-442e-ada5-847668d7a41c: Начало сеанса с информационной базой запрещено.'
14:19.108018-0,EXCP,2,process=rphost,p:processName=bi_bk3wk1_prod_01,OSThread=8764,t:clientID=514,t:applicationName=1CV8C,t:computerName=DC3RDSH08,t:connectID=5809,Exception=580392e6-ba49-4280-ac67-fcd6f2180121,Descr='src\vrsbase\src\vresourceinfobaseimpl.cpp(1011):
580392e6-ba49-4280-ac67-fcd6f2180121: HTTP: Forbidden
Ошибка при выполнении запроса POST к ресурсу /e1cib/login:
a01f465c-ed70-442e-ada5-847668d7a41c: Начало сеанса с информационной базой запрещено.'
14:19.171018-0,EXCP,2,process=rphost,p:processName=bi_bk3wk1_prod_01,OSThread=7472,t:clientID=511,t:applicationName=1CV8C,t:computerName=DC2RDSH25,t:connectID=5810,Exception=580392e6-ba49-4280-ac67-fcd6f2180121,Descr='src\vrsbase\src\vresourceinfobaseimpl.cpp(1011):
580392e6-ba49-4280-ac67-fcd6f2180121: HTTP: Forbidden
Ошибка при выполнении запроса POST к ресурсу /e1cib/login:
a01f465c-ed70-442e-ada5-847668d7a41c: Начало сеанса с информационной базой запрещено.'
14:19.249018-0,EXCP,2,process=rphost,p:processName=bi_bk3wk1_prod_01,OSThread=6240,t:clientID=515,t:applicationName=1CV8C,t:computerName=DC1RDSH07,t:connectID=5811,Exception=580392e6-ba49-4280-ac67-fcd6f2180121,Descr='src\vrsbase\src\vresourceinfobaseimpl.cpp(1011):
580392e6-ba49-4280-ac67-fcd6f2180121: HTTP: Forbidden
Ошибка при выполнении запроса POST к ресурсу /e1cib/login:
a01f465c-ed70-442e-ada5-847668d7a41c: Начало сеанса с информационной базой запрещено.'
14:19.265018-0,EXCP,2,process=rphost,p:processName=bi_bk3wk1_prod_01,OSThread=4372,t:clientID=513,t:applicationName=1CV8C,t:computerName=DC1RDSH09,t:connectID=5812,Exception=580392e6-ba49-4280-ac67-fcd6f2180121,Descr='src\vrsbase\src\vresourceinfobaseimpl.cpp(1011):
580392e6-ba49-4280-ac67-fcd6f2180121: HTTP: Forbidden
Ошибка при выполнении запроса POST к ресурсу /e1cib/login:
a01f465c-ed70-442e-ada5-847668d7a41c: Начало сеанса с информационной базой запрещено.'
14:19.327016-0,EXCP,2,process=rphost,p:processName=bi_bk3wk1_prod_01,OSThread=1116,t:clientID=512,t:applicationName=1CV8C,t:computerName=DC2RDSH19,t:connectID=5813,Exception=580392e6-ba49-4280-ac67-fcd6f2180121,Descr='src\vrsbase\src\vresourceinfobaseimpl.cpp(1011):
580392e6-ba49-4280-ac67-fcd6f2180121: HTTP: Forbidden
Ошибка при выполнении запроса POST к ресурсу /e1cib/login:
a01f465c-ed70-442e-ada5-847668d7a41c: Начало сеанса с информационной базой запрещено.'
14:34.108016-0,EXCP,2,process=rphost,p:processName=bi_bk3wk1_prod_01,OSThread=1116,t:clientID=524,t:applicationName=1CV8C,t:computerName=DC2RDSH04,t:connectID=5829,Exception=580392e6-ba49-4280-ac67-fcd6f2180121,Descr='src\vrsbase\src\vresourceinfobaseimpl.cpp(1011):
580392e6-ba49-4280-ac67-fcd6f2180121: HTTP: Forbidden
Ошибка при выполнении запроса POST к ресурсу /e1cib/login:
a01f465c-ed70-442e-ada5-847668d7a41c: Начало сеанса с информационной базой запрещено.'
15:01.546026-0,EXCP,2,process=rphost,p:processName=bi_bk3wk1_prod_01,OSThread=1116,t:clientID=524,t:applicationName=1CV8C,t:computerName=DC2RDSH04,t:connectID=5853,Exception=580392e6-ba49-4280-ac67-fcd6f2180121,Descr='src\vrsbase\src\vresourceinfobaseimpl.cpp(1011):
580392e6-ba49-4280-ac67-fcd6f2180121: HTTP: Forbidden
Ошибка при выполнении запроса POST к ресурсу /e1cib/login:
a01f465c-ed70-442e-ada5-847668d7a41c: Начало сеанса с информационной базой запрещено.'
15:19.063018-0,EXCP,2,process=rphost,p:processName=bi_bk3wk1_prod_01,OSThread=1116,t:clientID=510,t:applicationName=1CV8C,t:computerName=DC3RDSH13,t:connectID=5864,Exception=580392e6-ba49-4280-ac67-fcd6f2180121,Descr='src\vrsbase\src\vresourceinfobaseimpl.cpp(1011):
580392e6-ba49-4280-ac67-fcd6f2180121: HTTP: Forbidden
Ошибка при выполнении запроса POST к ресурсу /e1cib/login:
a01f465c-ed70-442e-ada5-847668d7a41c: Начало сеанса с информационной базой запрещено.'
15:19.313016-0,EXCP,2,process=rphost,p:processName=bi_bk3wk1_prod_01,OSThread=4372,t:clientID=509,t:applicationName=1CV8C,t:computerName=DC1RDSH02,t:connectID=5865,Exception=580392e6-ba49-4280-ac67-fcd6f2180121,Descr='src\vrsbase\src\vresourceinfobaseimpl.cpp(1011):
580392e6-ba49-4280-ac67-fcd6f2180121: HTTP: Forbidden
Ошибка при выполнении запроса POST к ресурсу /e1cib/login:
a01f465c-ed70-442e-ada5-847668d7a41c: Начало сеанса с информационной базой запрещено.'
15:20.094019-0,EXCP,2,process=rphost,p:processName=bi_bk3wk1_prod_01,OSThread=1116,t:clientID=511,t:applicationName=1CV8C,t:computerName=DC2RDSH25,t:connectID=5866,Exception=580392e6-ba49-4280-ac67-fcd6f2180121,Descr='src\vrsbase\src\vresourceinfobaseimpl.cpp(1011):
580392e6-ba49-4280-ac67-fcd6f2180121: HTTP: Forbidden
Ошибка при выполнении запроса POST к ресурсу /e1cib/login:
a01f465c-ed70-442e-ada5-847668d7a41c: Начало сеанса с информационной базой запрещено.'
15:20.188016-0,EXCP,2,process=rphost,p:processName=bi_bk3wk1_prod_01,OSThread=6240,t:clientID=513,t:applicationName=1CV8C,t:computerName=DC1RDSH09,t:connectID=5867,Exception=580392e6-ba49-4280-ac67-fcd6f2180121,Descr='src\vrsbase\src\vresourceinfobaseimpl.cpp(1011):
580392e6-ba49-4280-ac67-fcd6f2180121: HTTP: Forbidden
Ошибка при выполнении запроса POST к ресурсу /e1cib/login:
a01f465c-ed70-442e-ada5-847668d7a41c: Начало сеанса с информационной базой запрещено.'
15:20.188038-0,EXCP,2,process=rphost,p:processName=bi_bk3wk1_prod_01,OSThread=7472,t:clientID=514,t:applicationName=1CV8C,t:computerName=DC3RDSH08,t:connectID=5868,Exception=580392e6-ba49-4280-ac67-fcd6f2180121,Descr='src\vrsbase\src\vresourceinfobaseimpl.cpp(1011):
580392e6-ba49-4280-ac67-fcd6f2180121: HTTP: Forbidden
Ошибка при выполнении запроса POST к ресурсу /e1cib/login:
a01f465c-ed70-442e-ada5-847668d7a41c: Начало сеанса с информационной базой запрещено.'
15:20.203018-0,EXCP,2,process=rphost,p:processName=bi_bk3wk1_prod_01,OSThread=8764,t:clientID=515,t:applicationName=1CV8C,t:computerName=DC1RDSH07,t:connectID=5869,Exception=580392e6-ba49-4280-ac67-fcd6f2180121,Descr='src\vrsbase\src\vresourceinfobaseimpl.cpp(1011):
580392e6-ba49-4280-ac67-fcd6f2180121: HTTP: Forbidden
Ошибка при выполнении запроса POST к ресурсу /e1cib/login:
a01f465c-ed70-442e-ada5-847668d7a41c: Начало сеанса с информационной базой запрещено.'
15:20.297016-0,EXCP,2,process=rphost,p:processName=bi_bk3wk1_prod_01,OSThread=8756,t:clientID=512,t:applicationName=1CV8C,t:computerName=DC2RDSH19,t:connectID=5870,Exception=580392e6-ba49-4280-ac67-fcd6f2180121,Descr='src\vrsbase\src\vresourceinfobaseimpl.cpp(1011):
580392e6-ba49-4280-ac67-fcd6f2180121: HTTP: Forbidden
Ошибка при выполнении запроса POST к ресурсу /e1cib/login:
a01f465c-ed70-442e-ada5-847668d7a41c: Начало сеанса с информационной базой запрещено.'
17:06.454012-0,EXCP,0,process=rphost,OSThread=6380,ClientID=527,Exception=NetDataExchangeException,Descr='server_addr=(2)10.224.32.214:60493 descr=10054(0x00002746): Удаленный хост принудительно разорвал существующее подключение.  line=1149 file=d:\jenkins\ci_builder2\windowsbuild2\platform\src\rtrsrvc\src\dataexchangeserverimpl.cpp'
17:06.454015-0,EXCPCNTX,0,ClientComputerName=,ServerComputerName=,UserName=,ConnectString=
17:23.610019-0,EXCP,0,process=rphost,OSThread=4176,ClientID=526,Exception=NetDataExchangeException,Descr='server_addr=(2)10.225.32.46:54071 descr=2(0x00000002): Не удается найти указанный файл.  line=1149 file=d:\jenkins\ci_builder2\windowsbuild2\platform\src\rtrsrvc\src\dataexchangeserverimpl.cpp'
17:23.610021-0,EXCPCNTX,0,ClientComputerName=,ServerComputerName=,UserName=,ConnectString=
17:24.407016-0,EXCP,0,process=rphost,OSThread=5692,ClientID=525,Exception=NetDataExchangeException,Descr='server_addr=(2)10.3.172.9:53744 descr=10054(0x00002746): Удаленный хост принудительно разорвал существующее подключение.  line=1149 file=d:\jenkins\ci_builder2\windowsbuild2\platform\src\rtrsrvc\src\dataexchangeserverimpl.cpp'
17:24.407017-0,EXCPCNTX,0,ClientComputerName=,ServerComputerName=,UserName=,ConnectString=
17:24.689017-0,EXCP,0,process=rphost,OSThread=6380,ClientID=519,Exception=NetDataExchangeException,Descr='server_addr=(2)10.225.32.125:62340 descr=2(0x00000002): Не удается найти указанный файл.  line=1149 file=d:\jenkins\ci_builder2\windowsbuild2\platform\src\rtrsrvc\src\dataexchangeserverimpl.cpp'
17:24.689021-0,EXCPCNTX,0,ClientComputerName=,ServerComputerName=,UserName=,ConnectString=
17:24.689045-0,EXCP,0,process=rphost,OSThread=6380,ClientID=520,Exception=NetDataExchangeException,Descr='server_addr=(2)10.3.172.26:51934 descr=2(0x00000002): Не удается найти указанный файл.  line=1149 file=d:\jenkins\ci_builder2\windowsbuild2\platform\src\rtrsrvc\src\dataexchangeserverimpl.cpp'
17:24.689047-0,EXCPCNTX,0,ClientComputerName=,ServerComputerName=,UserName=,ConnectString=
17:24.814006-0,EXCP,0,process=rphost,OSThread=4176,ClientID=521,Exception=NetDataExchangeException,Descr='server_addr=(2)10.224.32.210:51399 descr=2(0x00000002): Не удается найти указанный файл.  line=1149 file=d:\jenkins\ci_builder2\windowsbuild2\platform\src\rtrsrvc\src\dataexchangeserverimpl.cpp'
17:24.814007-0,EXCPCNTX,0,ClientComputerName=,ServerComputerName=,UserName=,ConnectString=
17:25.767010-0,EXCP,0,process=rphost,OSThread=4900,ClientID=522,Exception=NetDataExchangeException,Descr='server_addr=(2)10.224.32.226:63863 descr=2(0x00000002): Не удается найти указанный файл.  line=1149 file=d:\jenkins\ci_builder2\windowsbuild2\platform\src\rtrsrvc\src\dataexchangeserverimpl.cpp'
17:25.767013-0,EXCPCNTX,0,ClientComputerName=,ServerComputerName=,UserName=,ConnectString=
17:26.173020-0,EXCP,0,process=rphost,OSThread=4832,ClientID=523,Exception=NetDataExchangeException,Descr='server_addr=(2)10.225.32.108:65212 descr=2(0x00000002): Не удается найти указанный файл.  line=1149 file=d:\jenkins\ci_builder2\windowsbuild2\platform\src\rtrsrvc\src\dataexchangeserverimpl.cpp'
17:26.173022-0,EXCPCNTX,0,ClientComputerName=,ServerComputerName=,UserName=,ConnectString=
30:36.043013-0,ADMIN,2,process=rphost,p:processName=bi_bk3wk1_prod_01,OSThread=8268,t:clientID=549,t:applicationName=JobScheduler,t:computerName=DC2BUHAPP11,Func=killClient,ClusterID=8aa94e2b-5d54-4b86-800b-79353ce39638,ConnectionID=c0818e90-7e06-41c8-8355-d965d2de070a,Mode=1,Ref=bi_bk3wk1_prod_01(bi_bk3wk1_prod_01),Host=DC2RDSH24,Connection=3608,Administrator=Unknown,Result=Success
30:36.043030-0,ADMIN,2,process=rphost,p:processName=bi_bk3wk1_prod_01,OSThread=8268,t:clientID=549,t:applicationName=JobScheduler,t:computerName=DC2BUHAPP11,Func=killClient,ClusterID=8aa94e2b-5d54-4b86-800b-79353ce39638,ConnectionID=f5a71519-4468-4107-86f0-86515ac465c4,Mode=1,Ref=bi_bk3wk1_prod_01(bi_bk3wk1_prod_01),Host=DC1RDSH07,Connection=3602,Administrator=Unknown,Result=Success
30:36.059008-0,ADMIN,2,process=rphost,p:processName=bi_bk3wk1_prod_01,OSThread=8268,t:clientID=549,t:applicationName=JobScheduler,t:computerName=DC2BUHAPP11,Func=killClient,ClusterID=8aa94e2b-5d54-4b86-800b-79353ce39638,ConnectionID=80a4a1c4-0207-4f10-bb53-3fdc74e00285,Mode=1,Ref=bi_bk3wk1_prod_01(bi_bk3wk1_prod_01),Host=DC2RDSH07,Connection=3591,Administrator=Unknown,Result=Success
30:36.059027-0,ADMIN,2,process=rphost,p:processName=bi_bk3wk1_prod_01,OSThread=8268,t:clientID=549,t:applicationName=JobScheduler,t:computerName=DC2BUHAPP11,Func=killClient,ClusterID=8aa94e2b-5d54-4b86-800b-79353ce39638,ConnectionID=af704479-2b12-40e2-97c5-84275e15edef,Mode=1,Ref=bi_bk3wk1_prod_01(bi_bk3wk1_prod_01),Host=DC2RDSH05,Connection=3610,Administrator=Unknown,Result=Success
30:36.059044-0,ADMIN,2,process=rphost,p:processName=bi_bk3wk1_prod_01,OSThread=8268,t:clientID=549,t:applicationName=JobScheduler,t:computerName=DC2BUHAPP11,Func=killClient,ClusterID=8aa94e2b-5d54-4b86-800b-79353ce39638,ConnectionID=8ecfb76d-2c11-47ca-8509-72307a45dc51,Mode=1,Ref=bi_bk3wk1_prod_01(bi_bk3wk1_prod_01),Host=DC3RDSH07,Connection=3609,Administrator=Unknown,Result=Success
30:36.059063-0,ADMIN,2,process=rphost,p:processName=bi_bk3wk1_prod_01,OSThread=8268,t:clientID=549,t:applicationName=JobScheduler,t:computerName=DC2BUHAPP11,Func=killClient,ClusterID=8aa94e2b-5d54-4b86-800b-79353ce39638,ConnectionID=a2284049-a9a5-41a8-9d8e-294ecbbb8884,Mode=1,Ref=bi_bk3wk1_prod_01(bi_bk3wk1_prod_01),Host=DC1RDSH19,Connection=3596,Administrator=Unknown,Result=Success
30:36.075011-0,ADMIN,2,process=rphost,p:processName=bi_bk3wk1_prod_01,OSThread=8268,t:clientID=549,t:applicationName=JobScheduler,t:computerName=DC2BUHAPP11,Func=killClient,ClusterID=8aa94e2b-5d54-4b86-800b-79353ce39638,ConnectionID=63b76c11-1a4b-4993-8e61-b629b0d53db6,Mode=1,Ref=bi_bk3wk1_prod_01(bi_bk3wk1_prod_01),Host=DC2RDSH29,Connection=3653,Administrator=Unknown,Result=Success
30:36.075031-0,ADMIN,2,process=rphost,p:processName=bi_bk3wk1_prod_01,OSThread=8268,t:clientID=549,t:applicationName=JobScheduler,t:computerName=DC2BUHAPP11,Func=killClient,ClusterID=8aa94e2b-5d54-4b86-800b-79353ce39638,ConnectionID=1a636e7b-de84-45ad-a635-380a4ea491d8,Mode=1,Ref=bi_bk3wk1_prod_01(bi_bk3wk1_prod_01),Host=tikibayevd,Connection=3590,Administrator=Unknown,Result=Success
30:36.075048-0,ADMIN,2,process=rphost,p:processName=bi_bk3wk1_prod_01,OSThread=8268,t:clientID=549,t:applicationName=JobScheduler,t:computerName=DC2BUHAPP11,Func=killClient,ClusterID=8aa94e2b-5d54-4b86-800b-79353ce39638,ConnectionID=736f8ff4-065a-4086-b47f-9548e743bbb0,Mode=1,Ref=bi_bk3wk1_prod_01(bi_bk3wk1_prod_01),Host=DC2RDSH12,Connection=3597,Administrator=Unknown,Result=Success
30:36.075065-0,ADMIN,2,process=rphost,p:processName=bi_bk3wk1_prod_01,OSThread=8268,t:clientID=549,t:applicationName=JobScheduler,t:computerName=DC2BUHAPP11,Func=killClient,ClusterID=8aa94e2b-5d54-4b86-800b-79353ce39638,ConnectionID=5cef886b-96ec-4d33-bd29-dad23bf51b1e,Mode=1,Ref=bi_bk3wk1_prod_01(bi_bk3wk1_prod_01),Host=DC3RDSH11,Connection=3604,Administrator=Unknown,Result=Success
30:36.090016-0,ADMIN,2,process=rphost,p:processName=bi_bk3wk1_prod_01,OSThread=8268,t:clientID=549,t:applicationName=JobScheduler,t:computerName=DC2BUHAPP11,Func=killClient,ClusterID=8aa94e2b-5d54-4b86-800b-79353ce39638,ConnectionID=04c4fe54-9463-457b-b188-e5d79cf831eb,Mode=1,Ref=bi_bk3wk1_prod_01(bi_bk3wk1_prod_01),Host=DC2RDSH18,Connection=3601,Administrator=Unknown,Result=Success
31:00.371012-0,EXCP,1,process=rphost,OSThread=8088,Exception=acea3e6e-3687-4792-8319-09c009274c9a,Descr='src\rserver\src\rhostimpl.cpp(5997):
acea3e6e-3687-4792-8319-09c009274c9a: Рабочий процесс не найден'
31:00.496000-0,PROC,0,process=rphost,OSThread=7192,Txt='Process terminated.
Stopped on error (working)'
31:00.950000-0,PROC,0,process=rphost,OSThread=3684,Txt='Process terminated.
Stopped on error (working)'
31:00.965001-0,EXCP,2,process=rphost,OSThread=3944,Exception=96380a22-60f7-4a8b-8fca-1224e6bc518f,Descr='src\rserver\src\rmngrcalls.cpp(951):
96380a22-60f7-4a8b-8fca-1224e6bc518f: OnFinishRpHost'
31:00.965003-0,EXCP,0,process=rphost,OSThread=8708,Exception=dd149677-3d47-4e05-a55f-4e75b13a441f,Descr='src\rtrsrvc\src\remoteinterfaceimpl.cpp(736):
dd149677-3d47-4e05-a55f-4e75b13a441f: Процесс завершается. Исходящий вызов запрещен.'
31:00.965004-0,EXCP,0,process=rphost,OSThread=8708,Exception=dd149677-3d47-4e05-a55f-4e75b13a441f,Descr='src\rserver\src\rmngrcalls.cpp(543):
dd149677-3d47-4e05-a55f-4e75b13a441f: Процесс завершается. Исходящий вызов запрещен.'
31:00.965005-0,EXCP,0,process=rphost,OSThread=8708,Exception=dd149677-3d47-4e05-a55f-4e75b13a441f,Descr='src\rtrsrvc\src\remoteinterfaceimpl.cpp(736):
dd149677-3d47-4e05-a55f-4e75b13a441f: Процесс завершается. Исходящий вызов запрещен.'
31:00.965006-0,EXCP,0,process=rphost,OSThread=8708,Exception=dd149677-3d47-4e05-a55f-4e75b13a441f,Descr='src\rtrsrvc\src\remoteinterfaceimpl.cpp(736):
dd149677-3d47-4e05-a55f-4e75b13a441f: Процесс завершается. Исходящий вызов запрещен.'
31:00.965007-0,EXCP,0,process=rphost,OSThread=8708,Exception=dd149677-3d47-4e05-a55f-4e75b13a441f,Descr='src\rtrsrvc\src\remoteinterfaceimpl.cpp(736):
dd149677-3d47-4e05-a55f-4e75b13a441f: Процесс завершается. Исходящий вызов запрещен.'
31:00.965008-0,EXCP,0,process=rphost,OSThread=8708,Exception=dd149677-3d47-4e05-a55f-4e75b13a441f,Descr='src\rtrsrvc\src\remoteinterfaceimpl.cpp(736):
dd149677-3d47-4e05-a55f-4e75b13a441f: Процесс завершается. Исходящий вызов запрещен.'
31:01.168000-0,EXCP,0,process=rphost,OSThread=8708,Exception=dd149677-3d47-4e05-a55f-4e75b13a441f,Descr='src\rtrsrvc\src\remoteinterfaceimpl.cpp(736):
dd149677-3d47-4e05-a55f-4e75b13a441f: Процесс завершается. Исходящий вызов запрещен.'
31:01.168001-0,EXCP,0,process=rphost,OSThread=8708,Exception=dd149677-3d47-4e05-a55f-4e75b13a441f,Descr='src\rserver\src\rmngrcalls.cpp(543):
dd149677-3d47-4e05-a55f-4e75b13a441f: Процесс завершается. Исходящий вызов запрещен.'
31:01.168002-0,EXCP,0,process=rphost,OSThread=8708,Exception=dd149677-3d47-4e05-a55f-4e75b13a441f,Descr='src\rtrsrvc\src\remoteinterfaceimpl.cpp(736):
dd149677-3d47-4e05-a55f-4e75b13a441f: Процесс завершается. Исходящий вызов запрещен.'
31:01.168003-0,EXCP,0,process=rphost,OSThread=8708,Exception=dd149677-3d47-4e05-a55f-4e75b13a441f,Descr='src\rtrsrvc\src\remoteinterfaceimpl.cpp(736):
dd149677-3d47-4e05-a55f-4e75b13a441f: Процесс завершается. Исходящий вызов запрещен.'
31:01.168004-0,EXCP,0,process=rphost,OSThread=8708,Exception=dd149677-3d47-4e05-a55f-4e75b13a441f,Descr='src\rtrsrvc\src\remoteinterfaceimpl.cpp(736):
dd149677-3d47-4e05-a55f-4e75b13a441f: Процесс завершается. Исходящий вызов запрещен.'
31:01.168007-0,EXCP,1,process=rphost,OSThread=6868,Exception=dd149677-3d47-4e05-a55f-4e75b13a441f,Descr='src\rserver\src\rmngrcalls.cpp(586):
dd149677-3d47-4e05-a55f-4e75b13a441f: Процесс завершается. Исходящий вызов запрещен.'
31:01.168010-0,EXCP,0,process=rphost,OSThread=8708,Exception=dd149677-3d47-4e05-a55f-4e75b13a441f,Descr='src\rserver\src\rmngrcalls.cpp(586):
dd149677-3d47-4e05-a55f-4e75b13a441f: Процесс завершается. Исходящий вызов запрещен.'
31:01.168011-0,EXCP,0,process=rphost,OSThread=8708,Exception=dd149677-3d47-4e05-a55f-4e75b13a441f,Descr='src\rserver\src\rhostimpl.cpp(6261):
dd149677-3d47-4e05-a55f-4e75b13a441f: Процесс завершается. Исходящий вызов запрещен.'
31:01.168012-0,EXCP,0,process=rphost,OSThread=8708,Exception=dd149677-3d47-4e05-a55f-4e75b13a441f,Descr='src\rserver\src\rmngrcalls.cpp(739):
dd149677-3d47-4e05-a55f-4e75b13a441f: Процесс завершается. Исходящий вызов запрещен.'
31:01.168013-0,EXCP,0,process=rphost,OSThread=8708,Exception=dd149677-3d47-4e05-a55f-4e75b13a441f,Descr='src\rserver\src\rmngrcalls.cpp(739):
dd149677-3d47-4e05-a55f-4e75b13a441f: Процесс завершается. Исходящий вызов запрещен.'
31:01.168014-0,EXCP,0,process=rphost,OSThread=8708,Exception=96380a22-60f7-4a8b-8fca-1224e6bc518f,Descr='src\rserver\src\rmngrcalls.cpp(951):
96380a22-60f7-4a8b-8fca-1224e6bc518f: onFinishConnection'
31:01.168015-0,EXCP,0,process=rphost,OSThread=8708,Exception=dd149677-3d47-4e05-a55f-4e75b13a441f,Descr='src\rserver\src\rmngrcalls.cpp(586):
dd149677-3d47-4e05-a55f-4e75b13a441f: Процесс завершается. Исходящий вызов запрещен.'
31:01.371000-0,EXCP,0,process=rphost,OSThread=8708,Exception=dd149677-3d47-4e05-a55f-4e75b13a441f,Descr='src\rserver\src\rmngrcalls.cpp(586):
dd149677-3d47-4e05-a55f-4e75b13a441f: Процесс завершается. Исходящий вызов запрещен.'
31:01.371001-0,EXCP,0,process=rphost,OSThread=6868,Exception=dd149677-3d47-4e05-a55f-4e75b13a441f,Descr='src\rserver\src\rmngrcalls.cpp(586):
dd149677-3d47-4e05-a55f-4e75b13a441f: Процесс завершается. Исходящий вызов запрещен.'
31:01.371002-0,EXCP,0,process=rphost,OSThread=8708,Exception=dd149677-3d47-4e05-a55f-4e75b13a441f,Descr='src\rserver\src\rhostimpl.cpp(6261):
dd149677-3d47-4e05-a55f-4e75b13a441f: Процесс завершается. Исходящий вызов запрещен.'
31:01.371003-0,EXCP,0,process=rphost,OSThread=8708,Exception=dd149677-3d47-4e05-a55f-4e75b13a441f,Descr='src\rserver\src\rmngrcalls.cpp(739):
dd149677-3d47-4e05-a55f-4e75b13a441f: Процесс завершается. Исходящий вызов запрещен.'
31:01.371004-0,EXCP,0,process=rphost,OSThread=8708,Exception=dd149677-3d47-4e05-a55f-4e75b13a441f,Descr='src\rserver\src\rmngrcalls.cpp(739):
dd149677-3d47-4e05-a55f-4e75b13a441f: Процесс завершается. Исходящий вызов запрещен.'
31:01.371005-0,EXCP,0,process=rphost,OSThread=8708,Exception=96380a22-60f7-4a8b-8fca-1224e6bc518f,Descr='src\rserver\src\rmngrcalls.cpp(951):
96380a22-60f7-4a8b-8fca-1224e6bc518f: onFinishConnection'
31:01.371006-0,EXCP,0,process=rphost,OSThread=8708,Exception=dd149677-3d47-4e05-a55f-4e75b13a441f,Descr='src\rserver\src\rmngrcalls.cpp(586):
dd149677-3d47-4e05-a55f-4e75b13a441f: Процесс завершается. Исходящий вызов запрещен.'
31:01.371007-0,EXCP,0,process=rphost,OSThread=6868,Exception=dd149677-3d47-4e05-a55f-4e75b13a441f,Descr='src\rserver\src\clusterdistribimpl.cpp(2624):
dd149677-3d47-4e05-a55f-4e75b13a441f: Процесс завершается. Исходящий вызов запрещен.'
31:01.371008-0,EXCP,0,process=rphost,OSThread=6868,Exception=dd149677-3d47-4e05-a55f-4e75b13a441f,Descr='src\rserver\src\rmngrcalls.cpp(586):
dd149677-3d47-4e05-a55f-4e75b13a441f: Процесс завершается. Исходящий вызов запрещен.'
31:01.387000-0,EXCP,0,process=rphost,OSThread=8088,Exception=dd149677-3d47-4e05-a55f-4e75b13a441f,Descr='src\rserver\src\rmngrcalls.cpp(586):
dd149677-3d47-4e05-a55f-4e75b13a441f: Процесс завершается. Исходящий вызов запрещен.'
31:01.575000-0,EXCP,0,process=rphost,OSThread=8708,Exception=dd149677-3d47-4e05-a55f-4e75b13a441f,Descr='src\rserver\src\rmngrcalls.cpp(586):
dd149677-3d47-4e05-a55f-4e75b13a441f: Процесс завершается. Исходящий вызов запрещен.'
31:01.575001-0,EXCP,0,process=rphost,OSThread=6868,Exception=dd149677-3d47-4e05-a55f-4e75b13a441f,Descr='src\rserver\src\rmngrcalls.cpp(586):
dd149677-3d47-4e05-a55f-4e75b13a441f: Процесс завершается. Исходящий вызов запрещен.'
31:01.575002-0,EXCP,0,process=rphost,OSThread=6868,Exception=dd149677-3d47-4e05-a55f-4e75b13a441f,Descr='src\rserver\src\clusterdistribimpl.cpp(2624):
dd149677-3d47-4e05-a55f-4e75b13a441f: Процесс завершается. Исходящий вызов запрещен.'
31:01.575003-0,EXCP,0,process=rphost,OSThread=6868,Exception=dd149677-3d47-4e05-a55f-4e75b13a441f,Descr='src\rserver\src\rmngrcalls.cpp(586):
dd149677-3d47-4e05-a55f-4e75b13a441f: Процесс завершается. Исходящий вызов запрещен.'
31:01.575004-0,EXCP,0,process=rphost,OSThread=8708,Exception=dd149677-3d47-4e05-a55f-4e75b13a441f,Descr='src\rserver\src\rhostimpl.cpp(6261):
dd149677-3d47-4e05-a55f-4e75b13a441f: Процесс завершается. Исходящий вызов запрещен.'
31:01.575005-0,EXCP,0,process=rphost,OSThread=8708,Exception=dd149677-3d47-4e05-a55f-4e75b13a441f,Descr='src\rserver\src\rmngrcalls.cpp(739):
dd149677-3d47-4e05-a55f-4e75b13a441f: Процесс завершается. Исходящий вызов запрещен.'
31:01.575006-0,EXCP,0,process=rphost,OSThread=8708,Exception=dd149677-3d47-4e05-a55f-4e75b13a441f,Descr='src\rserver\src\rmngrcalls.cpp(739):
dd149677-3d47-4e05-a55f-4e75b13a441f: Процесс завершается. Исходящий вызов запрещен.'
31:01.575007-0,EXCP,0,process=rphost,OSThread=8708,Exception=96380a22-60f7-4a8b-8fca-1224e6bc518f,Descr='src\rserver\src\rmngrcalls.cpp(951):
96380a22-60f7-4a8b-8fca-1224e6bc518f: onFinishConnection'
31:01.590000-0,EXCP,0,process=rphost,OSThread=8088,Exception=dd149677-3d47-4e05-a55f-4e75b13a441f,Descr='src\rserver\src\rmngrcalls.cpp(586):
dd149677-3d47-4e05-a55f-4e75b13a441f: Процесс завершается. Исходящий вызов запрещен.'
31:01.590001-0,EXCP,0,process=rphost,OSThread=8088,Exception=dd149677-3d47-4e05-a55f-4e75b13a441f,Descr='src\rserver\src\rhostimpl.cpp(5770):
dd149677-3d47-4e05-a55f-4e75b13a441f: Процесс завершается. Исходящий вызов запрещен.'
31:01.778000-0,EXCP,0,process=rphost,OSThread=6868,Exception=dd149677-3d47-4e05-a55f-4e75b13a441f,Descr='src\rserver\src\rmngrcalls.cpp(586):
dd149677-3d47-4e05-a55f-4e75b13a441f: Процесс завершается. Исходящий вызов запрещен.'
31:01.778001-0,EXCP,0,process=rphost,OSThread=6868,Exception=dd149677-3d47-4e05-a55f-4e75b13a441f,Descr='src\rserver\src\clusterdistribimpl.cpp(2624):
dd149677-3d47-4e05-a55f-4e75b13a441f: Процесс завершается. Исходящий вызов запрещен.'
31:03.293001-0,PROC,1,process=rphost,OSThread=3944,Err=0,Txt=1C:Enterprise 8.3 (x86-64) (8.3.14.1694) Working Process finished.
