05:58.726043-0,EXCP,0,process=rphost,OSThread=9760,ClientID=1907,Exception=NetDataExchangeException,Descr='server_addr=(2)10.225.32.57:56948 descr=2(0x00000002): Не удается найти указанный файл.  line=1149 file=d:\jenkins\ci_builder2\windowsbuild2\platform\src\rtrsrvc\src\dataexchangeserverimpl.cpp'
05:58.726047-0,EXCPCNTX,0,ClientComputerName=,ServerComputerName=,UserName=,ConnectString=
08:59.106014-0,EXCP,0,process=rphost,OSThread=6592,ClientID=4048,Exception=NetDataExchangeException,Descr='server_addr=(2)10.224.32.226:49912 descr=10054(0x00002746): Удаленный хост принудительно разорвал существующее подключение.  line=1149 file=d:\jenkins\ci_builder2\windowsbuild2\platform\src\rtrsrvc\src\dataexchangeserverimpl.cpp'
08:59.106016-0,EXCPCNTX,0,ClientComputerName=,ServerComputerName=,UserName=,ConnectString=
11:46.378015-0,ADMIN,2,process=rphost,p:processName=ServerJobExecutorContext,OSThread=8628,t:clientID=4347,t:applicationName=JobScheduler,t:computerName=DC2BUHAPP11,Func=killClient,ClusterID=8aa94e2b-5d54-4b86-800b-79353ce39638,ConnectionID=93b8ba5e-7d0f-449b-a8b6-b51ff6cb7f29,Mode=0,Ref=bi_bk3wk1_prod_01(bi_bk3wk1_prod_01),Host=DC2BUHAPP11,Connection=12440,Administrator=Unknown,Result=Success
11:47.363010-0,EXCP,3,process=rphost,p:processName=bi_bk3wk1_prod_01,OSThread=7316,t:clientID=4355,t:applicationName=BackgroundJob,t:computerName=DC2BUHAPP11,t:connectID=12440,SessionID=13092,Usr=Жыланбас Нұрсұлтан Жеткергенұлы,Exception=SeanceContextException,Descr='Сеанс отсутствует или удален
ID=ca79c112-8e05-4066-a29c-c89ff98af91d, File=d:\jenkins\ci_builder2\windowsbuild2\platform\src\rserver\src\clusterdistribimpl.cpp(1439)'
11:47.363012-0,EXCP,2,process=rphost,p:processName=bi_bk3wk1_prod_01,OSThread=7316,t:clientID=4355,t:applicationName=BackgroundJob,t:computerName=DC2BUHAPP11,t:connectID=12440,SessionID=13092,Usr=Жыланбас Нұрсұлтан Жеткергенұлы,Exception=60c686dc-798f-4d17-aadb-a90156a16eb8,Descr='src\rserver\src\rmngrcalls.cpp(476):
60c686dc-798f-4d17-aadb-a90156a16eb8: Сеанс отсутствует или удален
ID=ca79c112-8e05-4066-a29c-c89ff98af91d, File=d:\jenkins\ci_builder2\windowsbuild2\platform\src\rserver\src\clusterdistribimpl.cpp(1439)'
11:47.566000-0,EXCP,2,process=rphost,p:processName=bi_bk3wk1_prod_01,OSThread=7316,t:clientID=4355,t:applicationName=BackgroundJob,t:computerName=DC2BUHAPP11,t:connectID=12440,SessionID=13092,Usr=Жыланбас Нұрсұлтан Жеткергенұлы,Exception=SeanceContextException,Descr='Сеанс отсутствует или удален
ID=ca79c112-8e05-4066-a29c-c89ff98af91d, File=d:\jenkins\ci_builder2\windowsbuild2\platform\src\rserver\src\rmngrcalls.cpp(364)'
11:47.566001-0,EXCP,2,process=rphost,p:processName=bi_bk3wk1_prod_01,OSThread=7316,t:clientID=4355,t:applicationName=BackgroundJob,t:computerName=DC2BUHAPP11,t:connectID=12440,SessionID=13092,Usr=Жыланбас Нұрсұлтан Жеткергенұлы,Exception=60c686dc-798f-4d17-aadb-a90156a16eb8,Descr='src\rserver\src\serverjobexecutor.cpp(1095):
60c686dc-798f-4d17-aadb-a90156a16eb8: Сеанс отсутствует или удален
ID=ca79c112-8e05-4066-a29c-c89ff98af91d, File=d:\jenkins\ci_builder2\windowsbuild2\platform\src\rserver\src\rmngrcalls.cpp(364)'
11:47.566003-0,EXCP,3,process=rphost,p:processName=bi_bk3wk1_prod_01,OSThread=7316,t:clientID=4355,t:applicationName=BackgroundJob,t:computerName=DC2BUHAPP11,t:connectID=12440,SessionID=13092,Usr=Жыланбас Нұрсұлтан Жеткергенұлы,Exception=SeanceContextException,Descr='Сеанс отсутствует или удален
ID=ca79c112-8e05-4066-a29c-c89ff98af91d, File=d:\jenkins\ci_builder2\windowsbuild2\platform\src\rserver\src\clusterdistribimpl.cpp(1439)'
11:47.566005-0,EXCP,2,process=rphost,p:processName=bi_bk3wk1_prod_01,OSThread=7316,t:clientID=4355,t:applicationName=BackgroundJob,t:computerName=DC2BUHAPP11,t:connectID=12440,SessionID=13092,Usr=Жыланбас Нұрсұлтан Жеткергенұлы,Exception=60c686dc-798f-4d17-aadb-a90156a16eb8,Descr='src\rserver\src\rmngrcalls.cpp(476):
60c686dc-798f-4d17-aadb-a90156a16eb8: Сеанс отсутствует или удален
ID=ca79c112-8e05-4066-a29c-c89ff98af91d, File=d:\jenkins\ci_builder2\windowsbuild2\platform\src\rserver\src\clusterdistribimpl.cpp(1439)'
11:47.706006-0,EXCP,2,process=rphost,p:processName=bi_bk3wk1_prod_01,OSThread=7316,t:clientID=4355,t:applicationName=BackgroundJob,t:computerName=DC2BUHAPP11,t:connectID=12440,SessionID=13092,Usr=Жыланбас Нұрсұлтан Жеткергенұлы,Exception=SeanceContextException,Descr='Сеанс отсутствует или удален
ID=ca79c112-8e05-4066-a29c-c89ff98af91d, File=d:\jenkins\ci_builder2\windowsbuild2\platform\src\rserver\src\rmngrcalls.cpp(364)'
14:49.567015-0,ADMIN,2,process=rphost,p:processName=ServerJobExecutorContext,OSThread=1568,t:clientID=4357,t:applicationName=JobScheduler,t:computerName=DC2BUHAPP11,Func=killClient,ClusterID=8aa94e2b-5d54-4b86-800b-79353ce39638,ConnectionID=fe7d2ea8-e234-4d35-be08-730c5e32bd2e,Mode=0,Ref=bi_bk3wk1_prod_01(bi_bk3wk1_prod_01),Host=DC2BUHAPP11,Connection=12442,Administrator=Unknown,Result=Success
14:50.129017-0,ADMIN,2,process=rphost,p:processName=ServerJobExecutorContext,OSThread=1568,t:clientID=4357,t:applicationName=JobScheduler,t:computerName=DC2BUHAPP11,Func=killClient,ClusterID=8aa94e2b-5d54-4b86-800b-79353ce39638,ConnectionID=7705a59d-53ac-4ada-83e2-4ccb3d094c7c,Mode=0,Ref=bi_bk3wk1_prod_01(bi_bk3wk1_prod_01),Host=DC2BUHAPP11,Connection=12443,Administrator=Unknown,Result=Success
14:50.317012-0,EXCP,4,process=rphost,p:processName=bi_bk3wk1_prod_01,OSThread=10700,t:clientID=4358,t:applicationName=BackgroundJob,t:computerName=DC2BUHAPP11,t:connectID=12442,SessionID=13090,Usr=Жыланбас Нұрсұлтан Жеткергенұлы,Exception=SeanceContextException,Descr='Сеанс отсутствует или удален
ID=f84bf7d7-dd2b-49e6-8327-228333be440d, File=d:\jenkins\ci_builder2\windowsbuild2\platform\src\rserver\src\clusterdistribimpl.cpp(1439)'
14:50.317014-0,EXCP,3,process=rphost,p:processName=bi_bk3wk1_prod_01,OSThread=10700,t:clientID=4358,t:applicationName=BackgroundJob,t:computerName=DC2BUHAPP11,t:connectID=12442,SessionID=13090,Usr=Жыланбас Нұрсұлтан Жеткергенұлы,Exception=60c686dc-798f-4d17-aadb-a90156a16eb8,Descr='src\rserver\src\rmngrcalls.cpp(476):
60c686dc-798f-4d17-aadb-a90156a16eb8: Сеанс отсутствует или удален
ID=f84bf7d7-dd2b-49e6-8327-228333be440d, File=d:\jenkins\ci_builder2\windowsbuild2\platform\src\rserver\src\clusterdistribimpl.cpp(1439)'
14:50.332000-0,EXCP,3,process=rphost,p:processName=bi_bk3wk1_prod_01,OSThread=8576,t:clientID=4360,t:applicationName=BackgroundJob,t:computerName=DC2BUHAPP11,t:connectID=12443,SessionID=13091,Usr=Жыланбас Нұрсұлтан Жеткергенұлы,Exception=SeanceContextException,Descr='Сеанс отсутствует или удален
ID=26db06ce-dbc2-47df-9760-8a1b8e4d6430, File=d:\jenkins\ci_builder2\windowsbuild2\platform\src\rserver\src\clusterdistribimpl.cpp(1439)'
14:50.332002-0,EXCP,2,process=rphost,p:processName=bi_bk3wk1_prod_01,OSThread=8576,t:clientID=4360,t:applicationName=BackgroundJob,t:computerName=DC2BUHAPP11,t:connectID=12443,SessionID=13091,Usr=Жыланбас Нұрсұлтан Жеткергенұлы,Exception=60c686dc-798f-4d17-aadb-a90156a16eb8,Descr='src\rserver\src\rmngrcalls.cpp(476):
60c686dc-798f-4d17-aadb-a90156a16eb8: Сеанс отсутствует или удален
ID=26db06ce-dbc2-47df-9760-8a1b8e4d6430, File=d:\jenkins\ci_builder2\windowsbuild2\platform\src\rserver\src\clusterdistribimpl.cpp(1439)'
14:50.520000-0,EXCP,3,process=rphost,p:processName=bi_bk3wk1_prod_01,OSThread=10700,t:clientID=4358,t:applicationName=BackgroundJob,t:computerName=DC2BUHAPP11,t:connectID=12442,SessionID=13090,Usr=Жыланбас Нұрсұлтан Жеткергенұлы,Exception=SeanceContextException,Descr='Сеанс отсутствует или удален
ID=f84bf7d7-dd2b-49e6-8327-228333be440d, File=d:\jenkins\ci_builder2\windowsbuild2\platform\src\rserver\src\rmngrcalls.cpp(364)'
14:50.520002-0,EXCP,3,process=rphost,p:processName=bi_bk3wk1_prod_01,OSThread=10700,t:clientID=4358,t:applicationName=BackgroundJob,t:computerName=DC2BUHAPP11,t:connectID=12442,SessionID=13090,Usr=Жыланбас Нұрсұлтан Жеткергенұлы,Exception=60c686dc-798f-4d17-aadb-a90156a16eb8,Descr='src\rserver\src\serverjobexecutor.cpp(1095):
60c686dc-798f-4d17-aadb-a90156a16eb8: Сеанс отсутствует или удален
ID=f84bf7d7-dd2b-49e6-8327-228333be440d, File=d:\jenkins\ci_builder2\windowsbuild2\platform\src\rserver\src\rmngrcalls.cpp(364)'
14:50.520008-0,EXCP,2,process=rphost,p:processName=bi_bk3wk1_prod_01,OSThread=8576,t:clientID=4360,t:applicationName=BackgroundJob,t:computerName=DC2BUHAPP11,t:connectID=12443,SessionID=13091,Usr=Жыланбас Нұрсұлтан Жеткергенұлы,Exception=SeanceContextException,Descr='Сеанс отсутствует или удален
ID=26db06ce-dbc2-47df-9760-8a1b8e4d6430, File=d:\jenkins\ci_builder2\windowsbuild2\platform\src\rserver\src\rmngrcalls.cpp(364)'
14:50.520009-0,EXCP,2,process=rphost,p:processName=bi_bk3wk1_prod_01,OSThread=8576,t:clientID=4360,t:applicationName=BackgroundJob,t:computerName=DC2BUHAPP11,t:connectID=12443,SessionID=13091,Usr=Жыланбас Нұрсұлтан Жеткергенұлы,Exception=60c686dc-798f-4d17-aadb-a90156a16eb8,Descr='src\rserver\src\serverjobexecutor.cpp(1095):
60c686dc-798f-4d17-aadb-a90156a16eb8: Сеанс отсутствует или удален
ID=26db06ce-dbc2-47df-9760-8a1b8e4d6430, File=d:\jenkins\ci_builder2\windowsbuild2\platform\src\rserver\src\rmngrcalls.cpp(364)'
14:50.520011-0,EXCP,4,process=rphost,p:processName=bi_bk3wk1_prod_01,OSThread=10700,t:clientID=4358,t:applicationName=BackgroundJob,t:computerName=DC2BUHAPP11,t:connectID=12442,SessionID=13090,Usr=Жыланбас Нұрсұлтан Жеткергенұлы,Exception=SeanceContextException,Descr='Сеанс отсутствует или удален
ID=f84bf7d7-dd2b-49e6-8327-228333be440d, File=d:\jenkins\ci_builder2\windowsbuild2\platform\src\rserver\src\clusterdistribimpl.cpp(1439)'
14:50.520013-0,EXCP,3,process=rphost,p:processName=bi_bk3wk1_prod_01,OSThread=10700,t:clientID=4358,t:applicationName=BackgroundJob,t:computerName=DC2BUHAPP11,t:connectID=12442,SessionID=13090,Usr=Жыланбас Нұрсұлтан Жеткергенұлы,Exception=60c686dc-798f-4d17-aadb-a90156a16eb8,Descr='src\rserver\src\rmngrcalls.cpp(476):
60c686dc-798f-4d17-aadb-a90156a16eb8: Сеанс отсутствует или удален
ID=f84bf7d7-dd2b-49e6-8327-228333be440d, File=d:\jenkins\ci_builder2\windowsbuild2\platform\src\rserver\src\clusterdistribimpl.cpp(1439)'
14:50.520015-0,EXCP,3,process=rphost,p:processName=bi_bk3wk1_prod_01,OSThread=8576,t:clientID=4360,t:applicationName=BackgroundJob,t:computerName=DC2BUHAPP11,t:connectID=12443,SessionID=13091,Usr=Жыланбас Нұрсұлтан Жеткергенұлы,Exception=SeanceContextException,Descr='Сеанс отсутствует или удален
ID=26db06ce-dbc2-47df-9760-8a1b8e4d6430, File=d:\jenkins\ci_builder2\windowsbuild2\platform\src\rserver\src\clusterdistribimpl.cpp(1439)'
14:50.520017-0,EXCP,2,process=rphost,p:processName=bi_bk3wk1_prod_01,OSThread=8576,t:clientID=4360,t:applicationName=BackgroundJob,t:computerName=DC2BUHAPP11,t:connectID=12443,SessionID=13091,Usr=Жыланбас Нұрсұлтан Жеткергенұлы,Exception=60c686dc-798f-4d17-aadb-a90156a16eb8,Descr='src\rserver\src\rmngrcalls.cpp(476):
60c686dc-798f-4d17-aadb-a90156a16eb8: Сеанс отсутствует или удален
ID=26db06ce-dbc2-47df-9760-8a1b8e4d6430, File=d:\jenkins\ci_builder2\windowsbuild2\platform\src\rserver\src\clusterdistribimpl.cpp(1439)'
14:50.723001-0,EXCP,3,process=rphost,p:processName=bi_bk3wk1_prod_01,OSThread=10700,t:clientID=4358,t:applicationName=BackgroundJob,t:computerName=DC2BUHAPP11,t:connectID=12442,SessionID=13090,Usr=Жыланбас Нұрсұлтан Жеткергенұлы,Exception=SeanceContextException,Descr='Сеанс отсутствует или удален
ID=f84bf7d7-dd2b-49e6-8327-228333be440d, File=d:\jenkins\ci_builder2\windowsbuild2\platform\src\rserver\src\rmngrcalls.cpp(364)'
14:50.723000-0,EXCP,2,process=rphost,p:processName=bi_bk3wk1_prod_01,OSThread=8576,t:clientID=4360,t:applicationName=BackgroundJob,t:computerName=DC2BUHAPP11,t:connectID=12443,SessionID=13091,Usr=Жыланбас Нұрсұлтан Жеткергенұлы,Exception=SeanceContextException,Descr='Сеанс отсутствует или удален
ID=26db06ce-dbc2-47df-9760-8a1b8e4d6430, File=d:\jenkins\ci_builder2\windowsbuild2\platform\src\rserver\src\rmngrcalls.cpp(364)'
15:00.676021-0,ADMIN,2,process=rphost,p:processName=ServerJobExecutorContext,OSThread=1568,t:clientID=4357,t:applicationName=JobScheduler,t:computerName=DC2BUHAPP11,Func=killClient,ClusterID=8aa94e2b-5d54-4b86-800b-79353ce39638,ConnectionID=57a0633b-c1cb-49ca-a5c8-cdd3744c2e97,Mode=0,Ref=bi_bk3wk1_prod_01(bi_bk3wk1_prod_01),Host=DC2BUHAPP11,Connection=12446,Administrator=Unknown,Result=Success
15:00.801009-0,EXCP,3,process=rphost,p:processName=bi_bk3wk1_prod_01,OSThread=10700,t:clientID=4361,t:applicationName=BackgroundJob,t:computerName=DC2BUHAPP11,t:connectID=12446,SessionID=13094,Usr=Жыланбас Нұрсұлтан Жеткергенұлы,Exception=SeanceContextException,Descr='Сеанс отсутствует или удален
ID=0d766ff7-00fc-4da4-ad62-5bdbeda9bf57, File=d:\jenkins\ci_builder2\windowsbuild2\platform\src\rserver\src\clusterdistribimpl.cpp(1439)'
15:00.801011-0,EXCP,2,process=rphost,p:processName=bi_bk3wk1_prod_01,OSThread=10700,t:clientID=4361,t:applicationName=BackgroundJob,t:computerName=DC2BUHAPP11,t:connectID=12446,SessionID=13094,Usr=Жыланбас Нұрсұлтан Жеткергенұлы,Exception=60c686dc-798f-4d17-aadb-a90156a16eb8,Descr='src\rserver\src\rmngrcalls.cpp(476):
60c686dc-798f-4d17-aadb-a90156a16eb8: Сеанс отсутствует или удален
ID=0d766ff7-00fc-4da4-ad62-5bdbeda9bf57, File=d:\jenkins\ci_builder2\windowsbuild2\platform\src\rserver\src\clusterdistribimpl.cpp(1439)'
15:01.004000-0,EXCP,2,process=rphost,p:processName=bi_bk3wk1_prod_01,OSThread=10700,t:clientID=4361,t:applicationName=BackgroundJob,t:computerName=DC2BUHAPP11,t:connectID=12446,SessionID=13094,Usr=Жыланбас Нұрсұлтан Жеткергенұлы,Exception=SeanceContextException,Descr='Сеанс отсутствует или удален
ID=0d766ff7-00fc-4da4-ad62-5bdbeda9bf57, File=d:\jenkins\ci_builder2\windowsbuild2\platform\src\rserver\src\rmngrcalls.cpp(364)'
15:01.004001-0,EXCP,2,process=rphost,p:processName=bi_bk3wk1_prod_01,OSThread=10700,t:clientID=4361,t:applicationName=BackgroundJob,t:computerName=DC2BUHAPP11,t:connectID=12446,SessionID=13094,Usr=Жыланбас Нұрсұлтан Жеткергенұлы,Exception=60c686dc-798f-4d17-aadb-a90156a16eb8,Descr='src\rserver\src\serverjobexecutor.cpp(1095):
60c686dc-798f-4d17-aadb-a90156a16eb8: Сеанс отсутствует или удален
ID=0d766ff7-00fc-4da4-ad62-5bdbeda9bf57, File=d:\jenkins\ci_builder2\windowsbuild2\platform\src\rserver\src\rmngrcalls.cpp(364)'
15:01.004003-0,EXCP,3,process=rphost,p:processName=bi_bk3wk1_prod_01,OSThread=10700,t:clientID=4361,t:applicationName=BackgroundJob,t:computerName=DC2BUHAPP11,t:connectID=12446,SessionID=13094,Usr=Жыланбас Нұрсұлтан Жеткергенұлы,Exception=SeanceContextException,Descr='Сеанс отсутствует или удален
ID=0d766ff7-00fc-4da4-ad62-5bdbeda9bf57, File=d:\jenkins\ci_builder2\windowsbuild2\platform\src\rserver\src\clusterdistribimpl.cpp(1439)'
15:01.004005-0,EXCP,2,process=rphost,p:processName=bi_bk3wk1_prod_01,OSThread=10700,t:clientID=4361,t:applicationName=BackgroundJob,t:computerName=DC2BUHAPP11,t:connectID=12446,SessionID=13094,Usr=Жыланбас Нұрсұлтан Жеткергенұлы,Exception=60c686dc-798f-4d17-aadb-a90156a16eb8,Descr='src\rserver\src\rmngrcalls.cpp(476):
60c686dc-798f-4d17-aadb-a90156a16eb8: Сеанс отсутствует или удален
ID=0d766ff7-00fc-4da4-ad62-5bdbeda9bf57, File=d:\jenkins\ci_builder2\windowsbuild2\platform\src\rserver\src\clusterdistribimpl.cpp(1439)'
15:01.145016-0,ADMIN,2,process=rphost,p:processName=ServerJobExecutorContext,OSThread=1568,t:clientID=4357,t:applicationName=JobScheduler,t:computerName=DC2BUHAPP11,Func=killClient,ClusterID=8aa94e2b-5d54-4b86-800b-79353ce39638,ConnectionID=a17e5a93-8ae2-4e16-83ca-5c9865c8e03d,Mode=0,Ref=bi_bk3wk1_prod_01(bi_bk3wk1_prod_01),Host=DC2BUHAPP11,Connection=12447,Administrator=Unknown,Result=Success
15:01.207000-0,EXCP,2,process=rphost,p:processName=bi_bk3wk1_prod_01,OSThread=10700,t:clientID=4361,t:applicationName=BackgroundJob,t:computerName=DC2BUHAPP11,t:connectID=12446,SessionID=13094,Usr=Жыланбас Нұрсұлтан Жеткергенұлы,Exception=SeanceContextException,Descr='Сеанс отсутствует или удален
ID=0d766ff7-00fc-4da4-ad62-5bdbeda9bf57, File=d:\jenkins\ci_builder2\windowsbuild2\platform\src\rserver\src\rmngrcalls.cpp(364)'
15:01.379008-0,EXCP,3,process=rphost,p:processName=bi_bk3wk1_prod_01,OSThread=9012,t:clientID=4362,t:applicationName=BackgroundJob,t:computerName=DC2BUHAPP11,t:connectID=12447,SessionID=13095,Usr=Жыланбас Нұрсұлтан Жеткергенұлы,Exception=SeanceContextException,Descr='Сеанс отсутствует или удален
ID=ecf9487b-f5fd-4e73-bf09-c4cfa26b0f5a, File=d:\jenkins\ci_builder2\windowsbuild2\platform\src\rserver\src\clusterdistribimpl.cpp(1439)'
15:01.379010-0,EXCP,2,process=rphost,p:processName=bi_bk3wk1_prod_01,OSThread=9012,t:clientID=4362,t:applicationName=BackgroundJob,t:computerName=DC2BUHAPP11,t:connectID=12447,SessionID=13095,Usr=Жыланбас Нұрсұлтан Жеткергенұлы,Exception=60c686dc-798f-4d17-aadb-a90156a16eb8,Descr='src\rserver\src\rmngrcalls.cpp(476):
60c686dc-798f-4d17-aadb-a90156a16eb8: Сеанс отсутствует или удален
ID=ecf9487b-f5fd-4e73-bf09-c4cfa26b0f5a, File=d:\jenkins\ci_builder2\windowsbuild2\platform\src\rserver\src\clusterdistribimpl.cpp(1439)'
15:01.582000-0,EXCP,2,process=rphost,p:processName=bi_bk3wk1_prod_01,OSThread=9012,t:clientID=4362,t:applicationName=BackgroundJob,t:computerName=DC2BUHAPP11,t:connectID=12447,SessionID=13095,Usr=Жыланбас Нұрсұлтан Жеткергенұлы,Exception=SeanceContextException,Descr='Сеанс отсутствует или удален
ID=ecf9487b-f5fd-4e73-bf09-c4cfa26b0f5a, File=d:\jenkins\ci_builder2\windowsbuild2\platform\src\rserver\src\rmngrcalls.cpp(364)'
15:01.582001-0,EXCP,2,process=rphost,p:processName=bi_bk3wk1_prod_01,OSThread=9012,t:clientID=4362,t:applicationName=BackgroundJob,t:computerName=DC2BUHAPP11,t:connectID=12447,SessionID=13095,Usr=Жыланбас Нұрсұлтан Жеткергенұлы,Exception=60c686dc-798f-4d17-aadb-a90156a16eb8,Descr='src\rserver\src\serverjobexecutor.cpp(1095):
60c686dc-798f-4d17-aadb-a90156a16eb8: Сеанс отсутствует или удален
ID=ecf9487b-f5fd-4e73-bf09-c4cfa26b0f5a, File=d:\jenkins\ci_builder2\windowsbuild2\platform\src\rserver\src\rmngrcalls.cpp(364)'
15:01.582003-0,EXCP,3,process=rphost,p:processName=bi_bk3wk1_prod_01,OSThread=9012,t:clientID=4362,t:applicationName=BackgroundJob,t:computerName=DC2BUHAPP11,t:connectID=12447,SessionID=13095,Usr=Жыланбас Нұрсұлтан Жеткергенұлы,Exception=SeanceContextException,Descr='Сеанс отсутствует или удален
ID=ecf9487b-f5fd-4e73-bf09-c4cfa26b0f5a, File=d:\jenkins\ci_builder2\windowsbuild2\platform\src\rserver\src\clusterdistribimpl.cpp(1439)'
15:01.582005-0,EXCP,2,process=rphost,p:processName=bi_bk3wk1_prod_01,OSThread=9012,t:clientID=4362,t:applicationName=BackgroundJob,t:computerName=DC2BUHAPP11,t:connectID=12447,SessionID=13095,Usr=Жыланбас Нұрсұлтан Жеткергенұлы,Exception=60c686dc-798f-4d17-aadb-a90156a16eb8,Descr='src\rserver\src\rmngrcalls.cpp(476):
60c686dc-798f-4d17-aadb-a90156a16eb8: Сеанс отсутствует или удален
ID=ecf9487b-f5fd-4e73-bf09-c4cfa26b0f5a, File=d:\jenkins\ci_builder2\windowsbuild2\platform\src\rserver\src\clusterdistribimpl.cpp(1439)'
15:01.692006-0,EXCP,2,process=rphost,p:processName=bi_bk3wk1_prod_01,OSThread=9012,t:clientID=4362,t:applicationName=BackgroundJob,t:computerName=DC2BUHAPP11,t:connectID=12447,SessionID=13095,Usr=Жыланбас Нұрсұлтан Жеткергенұлы,Exception=SeanceContextException,Descr='Сеанс отсутствует или удален
ID=ecf9487b-f5fd-4e73-bf09-c4cfa26b0f5a, File=d:\jenkins\ci_builder2\windowsbuild2\platform\src\rserver\src\rmngrcalls.cpp(364)'
16:36.448000-0,EXCP,0,process=rphost,OSThread=10684,ClientID=3420,Exception=NetDataExchangeException,Descr='server_addr=(2)10.3.172.9:64845 descr=10054(0x00002746): Удаленный хост принудительно разорвал существующее подключение.  line=1149 file=d:\jenkins\ci_builder2\windowsbuild2\platform\src\rtrsrvc\src\dataexchangeserverimpl.cpp'
16:36.448001-0,EXCPCNTX,0,ClientComputerName=,ServerComputerName=,UserName=,ConnectString=
16:36.448004-0,EXCP,0,process=rphost,OSThread=2304,ClientID=3423,Exception=NetDataExchangeException,Descr='server_addr=(2)10.3.172.9:64854 descr=10054(0x00002746): Удаленный хост принудительно разорвал существующее подключение.  line=1149 file=d:\jenkins\ci_builder2\windowsbuild2\platform\src\rtrsrvc\src\dataexchangeserverimpl.cpp'
16:36.448005-0,EXCPCNTX,0,ClientComputerName=,ServerComputerName=,UserName=,ConnectString=
27:55.734000-0,EXCP,0,process=rphost,OSThread=9412,ClientID=1818,Exception=NetDataExchangeException,Descr='server_addr=(2)10.224.32.249:53701 descr=10054(0x00002746): Удаленный хост принудительно разорвал существующее подключение.  line=1149 file=d:\jenkins\ci_builder2\windowsbuild2\platform\src\rtrsrvc\src\dataexchangeserverimpl.cpp'
27:55.734001-0,EXCPCNTX,0,ClientComputerName=,ServerComputerName=,UserName=,ConnectString=
27:55.749000-0,EXCP,0,process=rphost,OSThread=10256,ClientID=1853,Exception=NetDataExchangeException,Descr='server_addr=(2)10.224.32.249:53752 descr=10054(0x00002746): Удаленный хост принудительно разорвал существующее подключение.  line=2273 file=d:\jenkins\ci_builder2\windowsbuild2\platform\src\rtrsrvc\src\dataexchangeserverimpl.cpp'
27:55.749001-0,EXCPCNTX,0,ClientComputerName=,ServerComputerName=,UserName=,ConnectString=
28:17.515000-0,EXCP,0,process=rphost,OSThread=9012,ClientID=1888,Exception=NetDataExchangeException,Descr='server_addr=(2)10.224.32.248:53931 descr=10054(0x00002746): Удаленный хост принудительно разорвал существующее подключение.  line=2273 file=d:\jenkins\ci_builder2\windowsbuild2\platform\src\rtrsrvc\src\dataexchangeserverimpl.cpp'
28:17.515001-0,EXCPCNTX,0,ClientComputerName=,ServerComputerName=,UserName=,ConnectString=
28:17.515003-0,EXCP,0,process=rphost,OSThread=5796,ClientID=1908,Exception=NetDataExchangeException,Descr='server_addr=(2)10.224.32.248:53937 descr=10054(0x00002746): Удаленный хост принудительно разорвал существующее подключение.  line=1149 file=d:\jenkins\ci_builder2\windowsbuild2\platform\src\rtrsrvc\src\dataexchangeserverimpl.cpp'
28:17.515005-0,EXCPCNTX,0,ClientComputerName=,ServerComputerName=,UserName=,ConnectString=
28:41.327000-0,EXCP,0,process=rphost,OSThread=10684,ClientID=4329,Exception=NetDataExchangeException,Descr='server_addr=(2)10.225.32.15:61131 descr=2(0x00000002): Не удается найти указанный файл.  line=1149 file=d:\jenkins\ci_builder2\windowsbuild2\platform\src\rtrsrvc\src\dataexchangeserverimpl.cpp'
28:41.327001-0,EXCPCNTX,0,ClientComputerName=,ServerComputerName=,UserName=,ConnectString=
28:43.343018-0,EXCP,0,process=rphost,OSThread=9892,ClientID=4370,Exception=NetDataExchangeException,Descr='server_addr=(2)10.225.32.15:61252 descr=2(0x00000002): Не удается найти указанный файл.  line=1149 file=d:\jenkins\ci_builder2\windowsbuild2\platform\src\rtrsrvc\src\dataexchangeserverimpl.cpp'
28:43.343020-0,EXCPCNTX,0,ClientComputerName=,ServerComputerName=,UserName=,ConnectString=
39:44.802000-0,EXCP,0,process=rphost,OSThread=7316,ClientID=1877,Exception=NetDataExchangeException,Descr='server_addr=(2)10.224.32.240:56985 descr=10054(0x00002746): Удаленный хост принудительно разорвал существующее подключение.  line=2273 file=d:\jenkins\ci_builder2\windowsbuild2\platform\src\rtrsrvc\src\dataexchangeserverimpl.cpp'
39:44.802001-0,EXCPCNTX,0,ClientComputerName=,ServerComputerName=,UserName=,ConnectString=
39:44.802017-0,EXCP,0,process=rphost,OSThread=10420,ClientID=1842,Exception=NetDataExchangeException,Descr='server_addr=(2)10.224.32.240:56957 descr=10054(0x00002746): Удаленный хост принудительно разорвал существующее подключение.  line=1149 file=d:\jenkins\ci_builder2\windowsbuild2\platform\src\rtrsrvc\src\dataexchangeserverimpl.cpp'
39:44.802018-0,EXCPCNTX,0,ClientComputerName=,ServerComputerName=,UserName=,ConnectString=
55:46.729000-0,EXCP,0,process=rphost,OSThread=9412,ClientID=1849,Exception=NetDataExchangeException,Descr='server_addr=(2)10.224.32.206:56423 descr=10054(0x00002746): Удаленный хост принудительно разорвал существующее подключение.  line=1149 file=d:\jenkins\ci_builder2\windowsbuild2\platform\src\rtrsrvc\src\dataexchangeserverimpl.cpp'
55:46.729001-0,EXCPCNTX,0,ClientComputerName=,ServerComputerName=,UserName=,ConnectString=
55:46.745000-0,EXCP,0,process=rphost,OSThread=9412,ClientID=1897,Exception=NetDataExchangeException,Descr='server_addr=(2)10.224.32.206:56429 descr=10054(0x00002746): Удаленный хост принудительно разорвал существующее подключение.  line=1149 file=d:\jenkins\ci_builder2\windowsbuild2\platform\src\rtrsrvc\src\dataexchangeserverimpl.cpp'
55:46.745001-0,EXCPCNTX,0,ClientComputerName=,ServerComputerName=,UserName=,ConnectString=
