00:06.150000-0,PROC,0,process=rphost,OSThread=9520,Txt='Process terminated.
Stop signal received (ragent)'
00:06.447000-0,PROC,0,process=rphost,OSThread=9412,Txt='Process terminated.
Stop signal received (ragent)'
00:06.447005-0,EXCP,2,process=rphost,OSThread=4400,Exception=96380a22-60f7-4a8b-8fca-1224e6bc518f,Descr='src\rserver\src\rmngrcalls.cpp(951):
96380a22-60f7-4a8b-8fca-1224e6bc518f: OnFinishRpHost'
00:06.447006-0,EXCP,1,process=rphost,p:processName=bi_bk3wk1_prod_01,OSThread=4400,t:clientID=1891,t:applicationName=1CV8C,t:computerName=DC3RDSH11,t:connectID=6072,Exception=dd149677-3d47-4e05-a55f-4e75b13a441f,Descr='src\rtrsrvc\src\remoteinterfaceimpl.cpp(736):
dd149677-3d47-4e05-a55f-4e75b13a441f: Процесс завершается. Исходящий вызов запрещен.'
00:06.447007-0,EXCP,1,process=rphost,p:processName=bi_bk3wk1_prod_01,OSThread=4400,t:clientID=1891,t:applicationName=1CV8C,t:computerName=DC3RDSH11,t:connectID=6072,Exception=dd149677-3d47-4e05-a55f-4e75b13a441f,Descr='src\rserver\src\rmngrcalls.cpp(543):
dd149677-3d47-4e05-a55f-4e75b13a441f: Процесс завершается. Исходящий вызов запрещен.'
00:06.447008-0,EXCP,1,process=rphost,p:processName=bi_bk3wk1_prod_01,OSThread=4400,t:clientID=1891,t:applicationName=1CV8C,t:computerName=DC3RDSH11,t:connectID=6072,Exception=dd149677-3d47-4e05-a55f-4e75b13a441f,Descr='src\rtrsrvc\src\remoteinterfaceimpl.cpp(736):
dd149677-3d47-4e05-a55f-4e75b13a441f: Процесс завершается. Исходящий вызов запрещен.'
00:06.447009-0,EXCP,1,process=rphost,p:processName=bi_bk3wk1_prod_01,OSThread=4400,t:clientID=1891,t:applicationName=1CV8C,t:computerName=DC3RDSH11,t:connectID=6072,Exception=dd149677-3d47-4e05-a55f-4e75b13a441f,Descr='src\rtrsrvc\src\remoteinterfaceimpl.cpp(736):
dd149677-3d47-4e05-a55f-4e75b13a441f: Процесс завершается. Исходящий вызов запрещен.'
00:06.447010-0,EXCP,1,process=rphost,p:processName=bi_bk3wk1_prod_01,OSThread=4400,t:clientID=1891,t:applicationName=1CV8C,t:computerName=DC3RDSH11,t:connectID=6072,Exception=dd149677-3d47-4e05-a55f-4e75b13a441f,Descr='src\rtrsrvc\src\remoteinterfaceimpl.cpp(736):
dd149677-3d47-4e05-a55f-4e75b13a441f: Процесс завершается. Исходящий вызов запрещен.'
00:06.447011-0,EXCP,1,process=rphost,p:processName=bi_bk3wk1_prod_01,OSThread=4400,t:clientID=1891,t:applicationName=1CV8C,t:computerName=DC3RDSH11,t:connectID=6072,Exception=dd149677-3d47-4e05-a55f-4e75b13a441f,Descr='src\rtrsrvc\src\remoteinterfaceimpl.cpp(736):
dd149677-3d47-4e05-a55f-4e75b13a441f: Процесс завершается. Исходящий вызов запрещен.'
00:06.650000-0,EXCP,1,process=rphost,p:processName=bi_bk3wk1_prod_01,OSThread=4400,t:clientID=1891,t:applicationName=1CV8C,t:computerName=DC3RDSH11,t:connectID=6072,Exception=dd149677-3d47-4e05-a55f-4e75b13a441f,Descr='src\rtrsrvc\src\remoteinterfaceimpl.cpp(736):
dd149677-3d47-4e05-a55f-4e75b13a441f: Процесс завершается. Исходящий вызов запрещен.'
00:06.650001-0,EXCP,1,process=rphost,p:processName=bi_bk3wk1_prod_01,OSThread=4400,t:clientID=1891,t:applicationName=1CV8C,t:computerName=DC3RDSH11,t:connectID=6072,Exception=dd149677-3d47-4e05-a55f-4e75b13a441f,Descr='src\rserver\src\rmngrcalls.cpp(543):
dd149677-3d47-4e05-a55f-4e75b13a441f: Процесс завершается. Исходящий вызов запрещен.'
00:06.650002-0,EXCP,1,process=rphost,p:processName=bi_bk3wk1_prod_01,OSThread=4400,t:clientID=1891,t:applicationName=1CV8C,t:computerName=DC3RDSH11,t:connectID=6072,Exception=dd149677-3d47-4e05-a55f-4e75b13a441f,Descr='src\rtrsrvc\src\remoteinterfaceimpl.cpp(736):
dd149677-3d47-4e05-a55f-4e75b13a441f: Процесс завершается. Исходящий вызов запрещен.'
00:06.650003-0,EXCP,1,process=rphost,p:processName=bi_bk3wk1_prod_01,OSThread=4400,t:clientID=1891,t:applicationName=1CV8C,t:computerName=DC3RDSH11,t:connectID=6072,Exception=dd149677-3d47-4e05-a55f-4e75b13a441f,Descr='src\rtrsrvc\src\remoteinterfaceimpl.cpp(736):
dd149677-3d47-4e05-a55f-4e75b13a441f: Процесс завершается. Исходящий вызов запрещен.'
00:06.650004-0,EXCP,1,process=rphost,p:processName=bi_bk3wk1_prod_01,OSThread=4400,t:clientID=1891,t:applicationName=1CV8C,t:computerName=DC3RDSH11,t:connectID=6072,Exception=dd149677-3d47-4e05-a55f-4e75b13a441f,Descr='src\rtrsrvc\src\remoteinterfaceimpl.cpp(736):
dd149677-3d47-4e05-a55f-4e75b13a441f: Процесс завершается. Исходящий вызов запрещен.'
00:06.650005-0,EXCP,1,process=rphost,p:processName=bi_bk3wk1_prod_01,OSThread=4400,t:clientID=1891,t:applicationName=1CV8C,t:computerName=DC3RDSH11,t:connectID=6072,Exception=dd149677-3d47-4e05-a55f-4e75b13a441f,Descr='src\rtrsrvc\src\remoteinterfaceimpl.cpp(736):
dd149677-3d47-4e05-a55f-4e75b13a441f: Процесс завершается. Исходящий вызов запрещен.'
00:06.650008-0,EXCP,1,process=rphost,p:processName=bi_bk3wk1_prod_01,OSThread=4400,t:clientID=1891,t:applicationName=1CV8C,t:computerName=DC3RDSH11,t:connectID=6072,Exception=dd149677-3d47-4e05-a55f-4e75b13a441f,Descr='src\rserver\src\rmngrcalls.cpp(586):
dd149677-3d47-4e05-a55f-4e75b13a441f: Процесс завершается. Исходящий вызов запрещен.'
00:06.650009-0,EXCP,1,process=rphost,p:processName=bi_bk3wk1_prod_01,OSThread=4400,t:clientID=1891,t:applicationName=1CV8C,t:computerName=DC3RDSH11,t:connectID=6072,Exception=dd149677-3d47-4e05-a55f-4e75b13a441f,Descr='src\rserver\src\srvrinfobaseimpl.cpp(1227):
dd149677-3d47-4e05-a55f-4e75b13a441f: Процесс завершается. Исходящий вызов запрещен.'
00:06.650010-0,EXCP,1,process=rphost,p:processName=bi_bk3wk1_prod_01,OSThread=4400,t:clientID=1891,t:applicationName=1CV8C,t:computerName=DC3RDSH11,t:connectID=6072,Exception=dd149677-3d47-4e05-a55f-4e75b13a441f,Descr='src\rserver\src\rmngrcalls.cpp(739):
dd149677-3d47-4e05-a55f-4e75b13a441f: Процесс завершается. Исходящий вызов запрещен.'
00:06.650011-0,EXCP,1,process=rphost,p:processName=bi_bk3wk1_prod_01,OSThread=4400,t:clientID=1891,t:applicationName=1CV8C,t:computerName=DC3RDSH11,t:connectID=6072,Exception=dd149677-3d47-4e05-a55f-4e75b13a441f,Descr='src\rserver\src\rmngrcalls.cpp(739):
dd149677-3d47-4e05-a55f-4e75b13a441f: Процесс завершается. Исходящий вызов запрещен.'
00:06.650012-0,EXCP,1,process=rphost,p:processName=bi_bk3wk1_prod_01,OSThread=4400,t:clientID=1891,t:applicationName=1CV8C,t:computerName=DC3RDSH11,t:connectID=6072,Exception=96380a22-60f7-4a8b-8fca-1224e6bc518f,Descr='src\rserver\src\rmngrcalls.cpp(951):
96380a22-60f7-4a8b-8fca-1224e6bc518f: onFinishIBConnection'
00:06.650013-0,EXCP,1,process=rphost,p:processName=bi_bk3wk1_prod_01,OSThread=4400,t:clientID=1891,t:applicationName=1CV8C,t:computerName=DC3RDSH11,t:connectID=6072,Exception=dd149677-3d47-4e05-a55f-4e75b13a441f,Descr='src\rserver\src\rmngrcalls.cpp(586):
dd149677-3d47-4e05-a55f-4e75b13a441f: Процесс завершается. Исходящий вызов запрещен.'
00:06.728000-0,EXCP,0,process=rphost,OSThread=9936,Exception=dd149677-3d47-4e05-a55f-4e75b13a441f,Descr='src\rserver\src\rmngrcalls.cpp(586):
dd149677-3d47-4e05-a55f-4e75b13a441f: Процесс завершается. Исходящий вызов запрещен.'
00:06.759000-0,EXCP,0,process=rphost,OSThread=6136,Exception=dd149677-3d47-4e05-a55f-4e75b13a441f,Descr='src\rserver\src\rmngrcalls.cpp(586):
dd149677-3d47-4e05-a55f-4e75b13a441f: Процесс завершается. Исходящий вызов запрещен.'
00:06.853000-0,EXCP,1,process=rphost,p:processName=bi_bk3wk1_prod_01,OSThread=4400,t:clientID=1891,t:applicationName=1CV8C,t:computerName=DC3RDSH11,t:connectID=6072,Exception=dd149677-3d47-4e05-a55f-4e75b13a441f,Descr='src\rserver\src\rmngrcalls.cpp(586):
dd149677-3d47-4e05-a55f-4e75b13a441f: Процесс завершается. Исходящий вызов запрещен.'
00:06.853002-0,EXCP,0,process=rphost,OSThread=444,Exception=dd149677-3d47-4e05-a55f-4e75b13a441f,Descr='src\rserver\src\rmngrcalls.cpp(586):
dd149677-3d47-4e05-a55f-4e75b13a441f: Процесс завершается. Исходящий вызов запрещен.'
00:06.853003-0,EXCP,1,process=rphost,p:processName=bi_bk3wk1_prod_01,OSThread=4400,t:clientID=1893,t:applicationName=1CV8C,t:computerName=DC1RDSH04,t:connectID=6073,Exception=dd149677-3d47-4e05-a55f-4e75b13a441f,Descr='src\rserver\src\rmngrcalls.cpp(586):
dd149677-3d47-4e05-a55f-4e75b13a441f: Процесс завершается. Исходящий вызов запрещен.'
00:06.931000-0,EXCP,0,process=rphost,OSThread=9936,Exception=dd149677-3d47-4e05-a55f-4e75b13a441f,Descr='src\rserver\src\rmngrcalls.cpp(586):
dd149677-3d47-4e05-a55f-4e75b13a441f: Процесс завершается. Исходящий вызов запрещен.'
00:06.931001-0,EXCP,0,process=rphost,OSThread=9936,Exception=dd149677-3d47-4e05-a55f-4e75b13a441f,Descr='src\rserver\src\rhostimpl.cpp(5770):
dd149677-3d47-4e05-a55f-4e75b13a441f: Процесс завершается. Исходящий вызов запрещен.'
00:06.962000-0,EXCP,0,process=rphost,OSThread=6136,Exception=dd149677-3d47-4e05-a55f-4e75b13a441f,Descr='src\rserver\src\rmngrcalls.cpp(586):
dd149677-3d47-4e05-a55f-4e75b13a441f: Процесс завершается. Исходящий вызов запрещен.'
00:06.962001-0,EXCP,0,process=rphost,OSThread=6136,Exception=dd149677-3d47-4e05-a55f-4e75b13a441f,Descr='src\rserver\src\clusterdistribimpl.cpp(2624):
dd149677-3d47-4e05-a55f-4e75b13a441f: Процесс завершается. Исходящий вызов запрещен.'
00:06.962002-0,EXCP,0,process=rphost,OSThread=6136,Exception=dd149677-3d47-4e05-a55f-4e75b13a441f,Descr='src\rserver\src\rmngrcalls.cpp(586):
dd149677-3d47-4e05-a55f-4e75b13a441f: Процесс завершается. Исходящий вызов запрещен.'
00:07.056001-0,EXCP,1,process=rphost,p:processName=bi_bk3wk1_prod_01,OSThread=4400,t:clientID=1893,t:applicationName=1CV8C,t:computerName=DC1RDSH04,t:connectID=6073,Exception=dd149677-3d47-4e05-a55f-4e75b13a441f,Descr='src\rserver\src\rmngrcalls.cpp(586):
dd149677-3d47-4e05-a55f-4e75b13a441f: Процесс завершается. Исходящий вызов запрещен.'
00:07.165000-0,EXCP,1,process=rphost,p:processName=bi_bk3wk1_prod_01,OSThread=4400,t:clientID=1893,t:applicationName=1CV8C,t:computerName=DC1RDSH04,t:connectID=6073,Exception=dd149677-3d47-4e05-a55f-4e75b13a441f,Descr='src\rserver\src\srvrinfobaseimpl.cpp(1227):
dd149677-3d47-4e05-a55f-4e75b13a441f: Процесс завершается. Исходящий вызов запрещен.'
00:07.165001-0,EXCP,1,process=rphost,p:processName=bi_bk3wk1_prod_01,OSThread=4400,t:clientID=1893,t:applicationName=1CV8C,t:computerName=DC1RDSH04,t:connectID=6073,Exception=dd149677-3d47-4e05-a55f-4e75b13a441f,Descr='src\rserver\src\rmngrcalls.cpp(739):
dd149677-3d47-4e05-a55f-4e75b13a441f: Процесс завершается. Исходящий вызов запрещен.'
00:07.165002-0,EXCP,1,process=rphost,p:processName=bi_bk3wk1_prod_01,OSThread=4400,t:clientID=1893,t:applicationName=1CV8C,t:computerName=DC1RDSH04,t:connectID=6073,Exception=dd149677-3d47-4e05-a55f-4e75b13a441f,Descr='src\rserver\src\rmngrcalls.cpp(739):
dd149677-3d47-4e05-a55f-4e75b13a441f: Процесс завершается. Исходящий вызов запрещен.'
00:07.165003-0,EXCP,1,process=rphost,p:processName=bi_bk3wk1_prod_01,OSThread=4400,t:clientID=1893,t:applicationName=1CV8C,t:computerName=DC1RDSH04,t:connectID=6073,Exception=96380a22-60f7-4a8b-8fca-1224e6bc518f,Descr='src\rserver\src\rmngrcalls.cpp(951):
96380a22-60f7-4a8b-8fca-1224e6bc518f: onFinishIBConnection'
00:07.165004-0,EXCP,1,process=rphost,p:processName=bi_bk3wk1_prod_01,OSThread=4400,t:clientID=1893,t:applicationName=1CV8C,t:computerName=DC1RDSH04,t:connectID=6073,Exception=dd149677-3d47-4e05-a55f-4e75b13a441f,Descr='src\rserver\src\rmngrcalls.cpp(586):
dd149677-3d47-4e05-a55f-4e75b13a441f: Процесс завершается. Исходящий вызов запрещен.'
00:07.165005-0,EXCP,0,process=rphost,OSThread=444,Exception=dd149677-3d47-4e05-a55f-4e75b13a441f,Descr='src\rserver\src\rmngrcalls.cpp(586):
dd149677-3d47-4e05-a55f-4e75b13a441f: Процесс завершается. Исходящий вызов запрещен.'
00:07.165006-0,EXCP,0,process=rphost,OSThread=444,Exception=dd149677-3d47-4e05-a55f-4e75b13a441f,Descr='src\rserver\src\rhostimpl.cpp(6261):
dd149677-3d47-4e05-a55f-4e75b13a441f: Процесс завершается. Исходящий вызов запрещен.'
00:07.165007-0,EXCP,0,process=rphost,OSThread=444,Exception=dd149677-3d47-4e05-a55f-4e75b13a441f,Descr='src\rserver\src\rmngrcalls.cpp(739):
dd149677-3d47-4e05-a55f-4e75b13a441f: Процесс завершается. Исходящий вызов запрещен.'
00:07.165008-0,EXCP,0,process=rphost,OSThread=444,Exception=dd149677-3d47-4e05-a55f-4e75b13a441f,Descr='src\rserver\src\rmngrcalls.cpp(739):
dd149677-3d47-4e05-a55f-4e75b13a441f: Процесс завершается. Исходящий вызов запрещен.'
00:07.165009-0,EXCP,0,process=rphost,OSThread=444,Exception=96380a22-60f7-4a8b-8fca-1224e6bc518f,Descr='src\rserver\src\rmngrcalls.cpp(951):
96380a22-60f7-4a8b-8fca-1224e6bc518f: onFinishConnection'
00:07.259000-0,EXCP,0,process=rphost,OSThread=6136,Exception=dd149677-3d47-4e05-a55f-4e75b13a441f,Descr='src\rserver\src\rmngrcalls.cpp(586):
dd149677-3d47-4e05-a55f-4e75b13a441f: Процесс завершается. Исходящий вызов запрещен.'
00:07.259001-0,EXCP,0,process=rphost,OSThread=6136,Exception=dd149677-3d47-4e05-a55f-4e75b13a441f,Descr='src\rserver\src\clusterdistribimpl.cpp(2624):
dd149677-3d47-4e05-a55f-4e75b13a441f: Процесс завершается. Исходящий вызов запрещен.'
00:07.259002-0,EXCP,0,process=rphost,OSThread=6136,Exception=dd149677-3d47-4e05-a55f-4e75b13a441f,Descr='src\rserver\src\rmngrcalls.cpp(586):
dd149677-3d47-4e05-a55f-4e75b13a441f: Процесс завершается. Исходящий вызов запрещен.'
00:07.368000-0,EXCP,1,process=rphost,p:processName=bi_bk3wk1_prod_01,OSThread=4400,t:clientID=1893,t:applicationName=1CV8C,t:computerName=DC1RDSH04,t:connectID=6073,Exception=dd149677-3d47-4e05-a55f-4e75b13a441f,Descr='src\rserver\src\rmngrcalls.cpp(586):
dd149677-3d47-4e05-a55f-4e75b13a441f: Процесс завершается. Исходящий вызов запрещен.'
00:07.368002-0,EXCP,0,process=rphost,OSThread=444,Exception=dd149677-3d47-4e05-a55f-4e75b13a441f,Descr='src\rserver\src\rmngrcalls.cpp(586):
dd149677-3d47-4e05-a55f-4e75b13a441f: Процесс завершается. Исходящий вызов запрещен.'
00:07.462000-0,EXCP,0,process=rphost,OSThread=6136,Exception=dd149677-3d47-4e05-a55f-4e75b13a441f,Descr='src\rserver\src\rmngrcalls.cpp(586):
dd149677-3d47-4e05-a55f-4e75b13a441f: Процесс завершается. Исходящий вызов запрещен.'
00:07.462001-0,EXCP,0,process=rphost,OSThread=6136,Exception=dd149677-3d47-4e05-a55f-4e75b13a441f,Descr='src\rserver\src\clusterdistribimpl.cpp(2624):
dd149677-3d47-4e05-a55f-4e75b13a441f: Процесс завершается. Исходящий вызов запрещен.'
00:07.462002-0,EXCP,0,process=rphost,OSThread=6136,Exception=dd149677-3d47-4e05-a55f-4e75b13a441f,Descr='src\rserver\src\rmngrcalls.cpp(586):
dd149677-3d47-4e05-a55f-4e75b13a441f: Процесс завершается. Исходящий вызов запрещен.'
00:07.572000-0,EXCP,0,process=rphost,OSThread=444,Exception=dd149677-3d47-4e05-a55f-4e75b13a441f,Descr='src\rserver\src\rmngrcalls.cpp(586):
dd149677-3d47-4e05-a55f-4e75b13a441f: Процесс завершается. Исходящий вызов запрещен.'
00:07.572001-0,EXCP,0,process=rphost,OSThread=444,Exception=dd149677-3d47-4e05-a55f-4e75b13a441f,Descr='src\rserver\src\rhostimpl.cpp(6261):
dd149677-3d47-4e05-a55f-4e75b13a441f: Процесс завершается. Исходящий вызов запрещен.'
00:07.572002-0,EXCP,0,process=rphost,OSThread=444,Exception=dd149677-3d47-4e05-a55f-4e75b13a441f,Descr='src\rserver\src\rmngrcalls.cpp(739):
dd149677-3d47-4e05-a55f-4e75b13a441f: Процесс завершается. Исходящий вызов запрещен.'
00:07.572003-0,EXCP,0,process=rphost,OSThread=444,Exception=dd149677-3d47-4e05-a55f-4e75b13a441f,Descr='src\rserver\src\rmngrcalls.cpp(739):
dd149677-3d47-4e05-a55f-4e75b13a441f: Процесс завершается. Исходящий вызов запрещен.'
00:07.572004-0,EXCP,0,process=rphost,OSThread=444,Exception=96380a22-60f7-4a8b-8fca-1224e6bc518f,Descr='src\rserver\src\rmngrcalls.cpp(951):
96380a22-60f7-4a8b-8fca-1224e6bc518f: onFinishConnection'
00:07.665000-0,EXCP,0,process=rphost,OSThread=6136,Exception=dd149677-3d47-4e05-a55f-4e75b13a441f,Descr='src\rserver\src\rmngrcalls.cpp(586):
dd149677-3d47-4e05-a55f-4e75b13a441f: Процесс завершается. Исходящий вызов запрещен.'
00:07.665001-0,EXCP,0,process=rphost,OSThread=6136,Exception=dd149677-3d47-4e05-a55f-4e75b13a441f,Descr='src\rserver\src\clusterdistribimpl.cpp(2624):
dd149677-3d47-4e05-a55f-4e75b13a441f: Процесс завершается. Исходящий вызов запрещен.'
00:07.665002-0,EXCP,0,process=rphost,OSThread=6136,Exception=dd149677-3d47-4e05-a55f-4e75b13a441f,Descr='src\rserver\src\rmngrcalls.cpp(586):
dd149677-3d47-4e05-a55f-4e75b13a441f: Процесс завершается. Исходящий вызов запрещен.'
00:07.868000-0,EXCP,0,process=rphost,OSThread=6136,Exception=dd149677-3d47-4e05-a55f-4e75b13a441f,Descr='src\rserver\src\rmngrcalls.cpp(586):
dd149677-3d47-4e05-a55f-4e75b13a441f: Процесс завершается. Исходящий вызов запрещен.'
00:07.868001-0,EXCP,0,process=rphost,OSThread=6136,Exception=dd149677-3d47-4e05-a55f-4e75b13a441f,Descr='src\rserver\src\clusterdistribimpl.cpp(2624):
dd149677-3d47-4e05-a55f-4e75b13a441f: Процесс завершается. Исходящий вызов запрещен.'
00:07.868002-0,EXCP,0,process=rphost,OSThread=6136,Exception=dd149677-3d47-4e05-a55f-4e75b13a441f,Descr='src\rserver\src\rmngrcalls.cpp(586):
dd149677-3d47-4e05-a55f-4e75b13a441f: Процесс завершается. Исходящий вызов запрещен.'
00:08.072000-0,EXCP,0,process=rphost,OSThread=6136,Exception=dd149677-3d47-4e05-a55f-4e75b13a441f,Descr='src\rserver\src\rmngrcalls.cpp(586):
dd149677-3d47-4e05-a55f-4e75b13a441f: Процесс завершается. Исходящий вызов запрещен.'
00:08.072001-0,EXCP,0,process=rphost,OSThread=6136,Exception=dd149677-3d47-4e05-a55f-4e75b13a441f,Descr='src\rserver\src\clusterdistribimpl.cpp(2624):
dd149677-3d47-4e05-a55f-4e75b13a441f: Процесс завершается. Исходящий вызов запрещен.'
00:08.072002-0,EXCP,0,process=rphost,OSThread=6136,Exception=dd149677-3d47-4e05-a55f-4e75b13a441f,Descr='src\rserver\src\rmngrcalls.cpp(586):
dd149677-3d47-4e05-a55f-4e75b13a441f: Процесс завершается. Исходящий вызов запрещен.'
00:08.275000-0,EXCP,0,process=rphost,OSThread=6136,Exception=dd149677-3d47-4e05-a55f-4e75b13a441f,Descr='src\rserver\src\rmngrcalls.cpp(586):
dd149677-3d47-4e05-a55f-4e75b13a441f: Процесс завершается. Исходящий вызов запрещен.'
00:08.275001-0,EXCP,0,process=rphost,OSThread=6136,Exception=dd149677-3d47-4e05-a55f-4e75b13a441f,Descr='src\rserver\src\clusterdistribimpl.cpp(2624):
dd149677-3d47-4e05-a55f-4e75b13a441f: Процесс завершается. Исходящий вызов запрещен.'
00:08.275002-0,EXCP,0,process=rphost,OSThread=6136,Exception=dd149677-3d47-4e05-a55f-4e75b13a441f,Descr='src\rserver\src\rmngrcalls.cpp(586):
dd149677-3d47-4e05-a55f-4e75b13a441f: Процесс завершается. Исходящий вызов запрещен.'
00:08.478000-0,EXCP,0,process=rphost,OSThread=6136,Exception=dd149677-3d47-4e05-a55f-4e75b13a441f,Descr='src\rserver\src\rmngrcalls.cpp(586):
dd149677-3d47-4e05-a55f-4e75b13a441f: Процесс завершается. Исходящий вызов запрещен.'
00:08.478001-0,EXCP,0,process=rphost,OSThread=6136,Exception=dd149677-3d47-4e05-a55f-4e75b13a441f,Descr='src\rserver\src\clusterdistribimpl.cpp(2624):
dd149677-3d47-4e05-a55f-4e75b13a441f: Процесс завершается. Исходящий вызов запрещен.'
00:08.478002-0,EXCP,0,process=rphost,OSThread=6136,Exception=dd149677-3d47-4e05-a55f-4e75b13a441f,Descr='src\rserver\src\rmngrcalls.cpp(586):
dd149677-3d47-4e05-a55f-4e75b13a441f: Процесс завершается. Исходящий вызов запрещен.'
00:08.681001-0,EXCP,0,process=rphost,OSThread=6136,Exception=dd149677-3d47-4e05-a55f-4e75b13a441f,Descr='src\rserver\src\rmngrcalls.cpp(586):
dd149677-3d47-4e05-a55f-4e75b13a441f: Процесс завершается. Исходящий вызов запрещен.'
00:08.681002-0,EXCP,0,process=rphost,OSThread=6136,Exception=dd149677-3d47-4e05-a55f-4e75b13a441f,Descr='src\rserver\src\clusterdistribimpl.cpp(2624):
dd149677-3d47-4e05-a55f-4e75b13a441f: Процесс завершается. Исходящий вызов запрещен.'
00:08.681003-0,EXCP,0,process=rphost,OSThread=6136,Exception=dd149677-3d47-4e05-a55f-4e75b13a441f,Descr='src\rserver\src\rmngrcalls.cpp(586):
dd149677-3d47-4e05-a55f-4e75b13a441f: Процесс завершается. Исходящий вызов запрещен.'
00:08.884000-0,EXCP,0,process=rphost,OSThread=6136,Exception=dd149677-3d47-4e05-a55f-4e75b13a441f,Descr='src\rserver\src\rmngrcalls.cpp(586):
dd149677-3d47-4e05-a55f-4e75b13a441f: Процесс завершается. Исходящий вызов запрещен.'
00:08.884001-0,EXCP,0,process=rphost,OSThread=6136,Exception=dd149677-3d47-4e05-a55f-4e75b13a441f,Descr='src\rserver\src\clusterdistribimpl.cpp(2624):
dd149677-3d47-4e05-a55f-4e75b13a441f: Процесс завершается. Исходящий вызов запрещен.'
00:08.884002-0,EXCP,0,process=rphost,OSThread=6136,Exception=dd149677-3d47-4e05-a55f-4e75b13a441f,Descr='src\rserver\src\rmngrcalls.cpp(586):
dd149677-3d47-4e05-a55f-4e75b13a441f: Процесс завершается. Исходящий вызов запрещен.'
00:09.087000-0,EXCP,0,process=rphost,OSThread=6136,Exception=dd149677-3d47-4e05-a55f-4e75b13a441f,Descr='src\rserver\src\rmngrcalls.cpp(586):
dd149677-3d47-4e05-a55f-4e75b13a441f: Процесс завершается. Исходящий вызов запрещен.'
00:09.087001-0,EXCP,0,process=rphost,OSThread=6136,Exception=dd149677-3d47-4e05-a55f-4e75b13a441f,Descr='src\rserver\src\clusterdistribimpl.cpp(2624):
dd149677-3d47-4e05-a55f-4e75b13a441f: Процесс завершается. Исходящий вызов запрещен.'
00:09.087002-0,EXCP,0,process=rphost,OSThread=6136,Exception=dd149677-3d47-4e05-a55f-4e75b13a441f,Descr='src\rserver\src\rmngrcalls.cpp(586):
dd149677-3d47-4e05-a55f-4e75b13a441f: Процесс завершается. Исходящий вызов запрещен.'
00:09.290000-0,EXCP,0,process=rphost,OSThread=6136,Exception=dd149677-3d47-4e05-a55f-4e75b13a441f,Descr='src\rserver\src\rmngrcalls.cpp(586):
dd149677-3d47-4e05-a55f-4e75b13a441f: Процесс завершается. Исходящий вызов запрещен.'
00:09.290001-0,EXCP,0,process=rphost,OSThread=6136,Exception=dd149677-3d47-4e05-a55f-4e75b13a441f,Descr='src\rserver\src\clusterdistribimpl.cpp(2624):
dd149677-3d47-4e05-a55f-4e75b13a441f: Процесс завершается. Исходящий вызов запрещен.'
00:09.290002-0,EXCP,0,process=rphost,OSThread=6136,Exception=dd149677-3d47-4e05-a55f-4e75b13a441f,Descr='src\rserver\src\rmngrcalls.cpp(586):
dd149677-3d47-4e05-a55f-4e75b13a441f: Процесс завершается. Исходящий вызов запрещен.'
00:09.493000-0,EXCP,0,process=rphost,OSThread=6136,Exception=dd149677-3d47-4e05-a55f-4e75b13a441f,Descr='src\rserver\src\rmngrcalls.cpp(586):
dd149677-3d47-4e05-a55f-4e75b13a441f: Процесс завершается. Исходящий вызов запрещен.'
00:09.493001-0,EXCP,0,process=rphost,OSThread=6136,Exception=dd149677-3d47-4e05-a55f-4e75b13a441f,Descr='src\rserver\src\clusterdistribimpl.cpp(2624):
dd149677-3d47-4e05-a55f-4e75b13a441f: Процесс завершается. Исходящий вызов запрещен.'
00:09.493002-0,EXCP,0,process=rphost,OSThread=6136,Exception=dd149677-3d47-4e05-a55f-4e75b13a441f,Descr='src\rserver\src\rmngrcalls.cpp(586):
dd149677-3d47-4e05-a55f-4e75b13a441f: Процесс завершается. Исходящий вызов запрещен.'
00:09.697000-0,EXCP,0,process=rphost,OSThread=6136,Exception=dd149677-3d47-4e05-a55f-4e75b13a441f,Descr='src\rserver\src\rmngrcalls.cpp(586):
dd149677-3d47-4e05-a55f-4e75b13a441f: Процесс завершается. Исходящий вызов запрещен.'
00:09.697001-0,EXCP,0,process=rphost,OSThread=6136,Exception=dd149677-3d47-4e05-a55f-4e75b13a441f,Descr='src\rserver\src\clusterdistribimpl.cpp(2624):
dd149677-3d47-4e05-a55f-4e75b13a441f: Процесс завершается. Исходящий вызов запрещен.'
00:09.697002-0,EXCP,0,process=rphost,OSThread=6136,Exception=dd149677-3d47-4e05-a55f-4e75b13a441f,Descr='src\rserver\src\rmngrcalls.cpp(586):
dd149677-3d47-4e05-a55f-4e75b13a441f: Процесс завершается. Исходящий вызов запрещен.'
00:09.900000-0,EXCP,0,process=rphost,OSThread=6136,Exception=dd149677-3d47-4e05-a55f-4e75b13a441f,Descr='src\rserver\src\rmngrcalls.cpp(586):
dd149677-3d47-4e05-a55f-4e75b13a441f: Процесс завершается. Исходящий вызов запрещен.'
00:09.900001-0,EXCP,0,process=rphost,OSThread=6136,Exception=dd149677-3d47-4e05-a55f-4e75b13a441f,Descr='src\rserver\src\clusterdistribimpl.cpp(2624):
dd149677-3d47-4e05-a55f-4e75b13a441f: Процесс завершается. Исходящий вызов запрещен.'
00:09.900002-0,EXCP,0,process=rphost,OSThread=6136,Exception=dd149677-3d47-4e05-a55f-4e75b13a441f,Descr='src\rserver\src\rmngrcalls.cpp(586):
dd149677-3d47-4e05-a55f-4e75b13a441f: Процесс завершается. Исходящий вызов запрещен.'
00:10.103000-0,EXCP,0,process=rphost,OSThread=6136,Exception=dd149677-3d47-4e05-a55f-4e75b13a441f,Descr='src\rserver\src\rmngrcalls.cpp(586):
dd149677-3d47-4e05-a55f-4e75b13a441f: Процесс завершается. Исходящий вызов запрещен.'
00:10.103001-0,EXCP,0,process=rphost,OSThread=6136,Exception=dd149677-3d47-4e05-a55f-4e75b13a441f,Descr='src\rserver\src\clusterdistribimpl.cpp(2624):
dd149677-3d47-4e05-a55f-4e75b13a441f: Процесс завершается. Исходящий вызов запрещен.'
00:10.103002-0,EXCP,0,process=rphost,OSThread=6136,Exception=dd149677-3d47-4e05-a55f-4e75b13a441f,Descr='src\rserver\src\rmngrcalls.cpp(586):
dd149677-3d47-4e05-a55f-4e75b13a441f: Процесс завершается. Исходящий вызов запрещен.'
00:10.306001-0,EXCP,0,process=rphost,OSThread=6136,Exception=dd149677-3d47-4e05-a55f-4e75b13a441f,Descr='src\rserver\src\rmngrcalls.cpp(586):
dd149677-3d47-4e05-a55f-4e75b13a441f: Процесс завершается. Исходящий вызов запрещен.'
00:10.306002-0,EXCP,0,process=rphost,OSThread=6136,Exception=dd149677-3d47-4e05-a55f-4e75b13a441f,Descr='src\rserver\src\clusterdistribimpl.cpp(2624):
dd149677-3d47-4e05-a55f-4e75b13a441f: Процесс завершается. Исходящий вызов запрещен.'
00:10.306003-0,EXCP,0,process=rphost,OSThread=6136,Exception=dd149677-3d47-4e05-a55f-4e75b13a441f,Descr='src\rserver\src\rmngrcalls.cpp(586):
dd149677-3d47-4e05-a55f-4e75b13a441f: Процесс завершается. Исходящий вызов запрещен.'
00:10.509000-0,EXCP,0,process=rphost,OSThread=6136,Exception=dd149677-3d47-4e05-a55f-4e75b13a441f,Descr='src\rserver\src\rmngrcalls.cpp(586):
dd149677-3d47-4e05-a55f-4e75b13a441f: Процесс завершается. Исходящий вызов запрещен.'
00:10.509001-0,EXCP,0,process=rphost,OSThread=6136,Exception=dd149677-3d47-4e05-a55f-4e75b13a441f,Descr='src\rserver\src\clusterdistribimpl.cpp(2624):
dd149677-3d47-4e05-a55f-4e75b13a441f: Процесс завершается. Исходящий вызов запрещен.'
00:10.509002-0,EXCP,0,process=rphost,OSThread=6136,Exception=dd149677-3d47-4e05-a55f-4e75b13a441f,Descr='src\rserver\src\rmngrcalls.cpp(586):
dd149677-3d47-4e05-a55f-4e75b13a441f: Процесс завершается. Исходящий вызов запрещен.'
00:10.712000-0,EXCP,0,process=rphost,OSThread=6136,Exception=dd149677-3d47-4e05-a55f-4e75b13a441f,Descr='src\rserver\src\rmngrcalls.cpp(586):
dd149677-3d47-4e05-a55f-4e75b13a441f: Процесс завершается. Исходящий вызов запрещен.'
00:10.712001-0,EXCP,0,process=rphost,OSThread=6136,Exception=dd149677-3d47-4e05-a55f-4e75b13a441f,Descr='src\rserver\src\clusterdistribimpl.cpp(2624):
dd149677-3d47-4e05-a55f-4e75b13a441f: Процесс завершается. Исходящий вызов запрещен.'
00:10.712002-0,EXCP,0,process=rphost,OSThread=6136,Exception=dd149677-3d47-4e05-a55f-4e75b13a441f,Descr='src\rserver\src\rmngrcalls.cpp(586):
dd149677-3d47-4e05-a55f-4e75b13a441f: Процесс завершается. Исходящий вызов запрещен.'
00:10.728000-0,EXCP,1,process=rphost,p:processName=bi_bk3wk1_prod_01,OSThread=4400,t:clientID=2317,t:applicationName=1CV8C,t:computerName=DC1RDSH07,t:connectID=6970,Exception=dd149677-3d47-4e05-a55f-4e75b13a441f,Descr='src\rserver\src\rmngrcalls.cpp(586):
dd149677-3d47-4e05-a55f-4e75b13a441f: Процесс завершается. Исходящий вызов запрещен.'
00:10.915000-0,EXCP,0,process=rphost,OSThread=6136,Exception=dd149677-3d47-4e05-a55f-4e75b13a441f,Descr='src\rserver\src\rmngrcalls.cpp(586):
dd149677-3d47-4e05-a55f-4e75b13a441f: Процесс завершается. Исходящий вызов запрещен.'
00:10.915001-0,EXCP,0,process=rphost,OSThread=6136,Exception=dd149677-3d47-4e05-a55f-4e75b13a441f,Descr='src\rserver\src\clusterdistribimpl.cpp(2624):
dd149677-3d47-4e05-a55f-4e75b13a441f: Процесс завершается. Исходящий вызов запрещен.'
00:10.915002-0,EXCP,0,process=rphost,OSThread=6136,Exception=dd149677-3d47-4e05-a55f-4e75b13a441f,Descr='src\rserver\src\rmngrcalls.cpp(586):
dd149677-3d47-4e05-a55f-4e75b13a441f: Процесс завершается. Исходящий вызов запрещен.'
00:10.931000-0,EXCP,1,process=rphost,p:processName=bi_bk3wk1_prod_01,OSThread=4400,t:clientID=2317,t:applicationName=1CV8C,t:computerName=DC1RDSH07,t:connectID=6970,Exception=dd149677-3d47-4e05-a55f-4e75b13a441f,Descr='src\rserver\src\rmngrcalls.cpp(586):
dd149677-3d47-4e05-a55f-4e75b13a441f: Процесс завершается. Исходящий вызов запрещен.'
00:10.931001-0,EXCP,1,process=rphost,p:processName=bi_bk3wk1_prod_01,OSThread=4400,t:clientID=2317,t:applicationName=1CV8C,t:computerName=DC1RDSH07,t:connectID=6970,Exception=dd149677-3d47-4e05-a55f-4e75b13a441f,Descr='src\rserver\src\srvrinfobaseimpl.cpp(1227):
dd149677-3d47-4e05-a55f-4e75b13a441f: Процесс завершается. Исходящий вызов запрещен.'
00:10.931006-0,EXCP,1,process=rphost,p:processName=bi_bk3wk1_prod_01,OSThread=4400,t:clientID=2317,t:applicationName=1CV8C,t:computerName=DC1RDSH07,t:connectID=6970,Exception=dd149677-3d47-4e05-a55f-4e75b13a441f,Descr='src\rserver\src\rmngrcalls.cpp(739):
dd149677-3d47-4e05-a55f-4e75b13a441f: Процесс завершается. Исходящий вызов запрещен.'
00:10.931007-0,EXCP,1,process=rphost,p:processName=bi_bk3wk1_prod_01,OSThread=4400,t:clientID=2317,t:applicationName=1CV8C,t:computerName=DC1RDSH07,t:connectID=6970,Exception=dd149677-3d47-4e05-a55f-4e75b13a441f,Descr='src\rserver\src\rmngrcalls.cpp(739):
dd149677-3d47-4e05-a55f-4e75b13a441f: Процесс завершается. Исходящий вызов запрещен.'
00:10.931008-0,EXCP,1,process=rphost,p:processName=bi_bk3wk1_prod_01,OSThread=4400,t:clientID=2317,t:applicationName=1CV8C,t:computerName=DC1RDSH07,t:connectID=6970,Exception=96380a22-60f7-4a8b-8fca-1224e6bc518f,Descr='src\rserver\src\rmngrcalls.cpp(951):
96380a22-60f7-4a8b-8fca-1224e6bc518f: onFinishIBConnection'
00:11.040000-0,EXCP,1,process=rphost,p:processName=bi_bk3wk1_prod_01,OSThread=4400,t:clientID=2317,t:applicationName=1CV8C,t:computerName=DC1RDSH07,t:connectID=6970,Exception=dd149677-3d47-4e05-a55f-4e75b13a441f,Descr='src\rserver\src\rmngrcalls.cpp(586):
dd149677-3d47-4e05-a55f-4e75b13a441f: Процесс завершается. Исходящий вызов запрещен.'
00:11.118000-0,EXCP,0,process=rphost,OSThread=6136,Exception=dd149677-3d47-4e05-a55f-4e75b13a441f,Descr='src\rserver\src\rmngrcalls.cpp(586):
dd149677-3d47-4e05-a55f-4e75b13a441f: Процесс завершается. Исходящий вызов запрещен.'
00:11.118001-0,EXCP,0,process=rphost,OSThread=6136,Exception=dd149677-3d47-4e05-a55f-4e75b13a441f,Descr='src\rserver\src\clusterdistribimpl.cpp(2624):
dd149677-3d47-4e05-a55f-4e75b13a441f: Процесс завершается. Исходящий вызов запрещен.'
00:11.118002-0,EXCP,0,process=rphost,OSThread=6136,Exception=dd149677-3d47-4e05-a55f-4e75b13a441f,Descr='src\rserver\src\rmngrcalls.cpp(586):
dd149677-3d47-4e05-a55f-4e75b13a441f: Процесс завершается. Исходящий вызов запрещен.'
00:11.243000-0,EXCP,1,process=rphost,p:processName=bi_bk3wk1_prod_01,OSThread=4400,t:clientID=2317,t:applicationName=1CV8C,t:computerName=DC1RDSH07,t:connectID=6970,Exception=dd149677-3d47-4e05-a55f-4e75b13a441f,Descr='src\rserver\src\rmngrcalls.cpp(586):
dd149677-3d47-4e05-a55f-4e75b13a441f: Процесс завершается. Исходящий вызов запрещен.'
00:11.243001-0,EXCP,1,process=rphost,p:processName=bi_bk3wk1_prod_01,OSThread=4400,t:clientID=2317,t:applicationName=1CV8C,t:computerName=DC1RDSH07,t:connectID=6970,Exception=dd149677-3d47-4e05-a55f-4e75b13a441f,Descr='src\rserver\src\clusterfilehostsimpl.cpp(1082):
dd149677-3d47-4e05-a55f-4e75b13a441f: Процесс завершается. Исходящий вызов запрещен.'
00:11.243002-0,EXCP,1,process=rphost,p:processName=bi_bk3wk1_prod_01,OSThread=4400,t:clientID=2317,t:applicationName=1CV8C,t:computerName=DC1RDSH07,t:connectID=6970,Exception=dd149677-3d47-4e05-a55f-4e75b13a441f,Descr='src\rserver\src\rmngrcalls.cpp(586):
dd149677-3d47-4e05-a55f-4e75b13a441f: Процесс завершается. Исходящий вызов запрещен.'
00:11.290001-0,EXCP,0,process=rphost,OSThread=10028,Exception=dd149677-3d47-4e05-a55f-4e75b13a441f,Descr='src\rtrsrvc\src\remoteinterfaceimpl.cpp(736):
dd149677-3d47-4e05-a55f-4e75b13a441f: Процесс завершается. Исходящий вызов запрещен.'
00:11.322000-0,EXCP,0,process=rphost,OSThread=6136,Exception=dd149677-3d47-4e05-a55f-4e75b13a441f,Descr='src\rserver\src\rmngrcalls.cpp(586):
dd149677-3d47-4e05-a55f-4e75b13a441f: Процесс завершается. Исходящий вызов запрещен.'
00:11.322001-0,EXCP,0,process=rphost,OSThread=6136,Exception=dd149677-3d47-4e05-a55f-4e75b13a441f,Descr='src\rserver\src\clusterdistribimpl.cpp(2624):
dd149677-3d47-4e05-a55f-4e75b13a441f: Процесс завершается. Исходящий вызов запрещен.'
00:11.322002-0,EXCP,0,process=rphost,OSThread=6136,Exception=dd149677-3d47-4e05-a55f-4e75b13a441f,Descr='src\rserver\src\rmngrcalls.cpp(586):
dd149677-3d47-4e05-a55f-4e75b13a441f: Процесс завершается. Исходящий вызов запрещен.'
00:11.447000-0,EXCP,1,process=rphost,p:processName=bi_bk3wk1_prod_01,OSThread=4400,t:clientID=2317,t:applicationName=1CV8C,t:computerName=DC1RDSH07,t:connectID=6970,Exception=dd149677-3d47-4e05-a55f-4e75b13a441f,Descr='src\rserver\src\rmngrcalls.cpp(586):
dd149677-3d47-4e05-a55f-4e75b13a441f: Процесс завершается. Исходящий вызов запрещен.'
00:11.447002-0,EXCP,0,process=rphost,OSThread=444,Exception=dd149677-3d47-4e05-a55f-4e75b13a441f,Descr='src\rserver\src\rmngrcalls.cpp(586):
dd149677-3d47-4e05-a55f-4e75b13a441f: Процесс завершается. Исходящий вызов запрещен.'
00:11.525000-0,EXCP,0,process=rphost,OSThread=6136,Exception=dd149677-3d47-4e05-a55f-4e75b13a441f,Descr='src\rserver\src\rmngrcalls.cpp(586):
dd149677-3d47-4e05-a55f-4e75b13a441f: Процесс завершается. Исходящий вызов запрещен.'
00:11.525001-0,EXCP,0,process=rphost,OSThread=6136,Exception=dd149677-3d47-4e05-a55f-4e75b13a441f,Descr='src\rserver\src\clusterdistribimpl.cpp(2624):
dd149677-3d47-4e05-a55f-4e75b13a441f: Процесс завершается. Исходящий вызов запрещен.'
00:11.525002-0,EXCP,0,process=rphost,OSThread=6136,Exception=dd149677-3d47-4e05-a55f-4e75b13a441f,Descr='src\rserver\src\rmngrcalls.cpp(586):
dd149677-3d47-4e05-a55f-4e75b13a441f: Процесс завершается. Исходящий вызов запрещен.'
00:11.650000-0,EXCP,0,process=rphost,OSThread=444,Exception=dd149677-3d47-4e05-a55f-4e75b13a441f,Descr='src\rserver\src\rmngrcalls.cpp(586):
dd149677-3d47-4e05-a55f-4e75b13a441f: Процесс завершается. Исходящий вызов запрещен.'
00:11.650001-0,EXCP,0,process=rphost,OSThread=444,Exception=dd149677-3d47-4e05-a55f-4e75b13a441f,Descr='src\rserver\src\rhostimpl.cpp(6261):
dd149677-3d47-4e05-a55f-4e75b13a441f: Процесс завершается. Исходящий вызов запрещен.'
00:11.650002-0,EXCP,0,process=rphost,OSThread=444,Exception=dd149677-3d47-4e05-a55f-4e75b13a441f,Descr='src\rserver\src\rmngrcalls.cpp(739):
dd149677-3d47-4e05-a55f-4e75b13a441f: Процесс завершается. Исходящий вызов запрещен.'
00:11.650003-0,EXCP,0,process=rphost,OSThread=444,Exception=dd149677-3d47-4e05-a55f-4e75b13a441f,Descr='src\rserver\src\rmngrcalls.cpp(739):
dd149677-3d47-4e05-a55f-4e75b13a441f: Процесс завершается. Исходящий вызов запрещен.'
00:11.650004-0,EXCP,0,process=rphost,OSThread=444,Exception=96380a22-60f7-4a8b-8fca-1224e6bc518f,Descr='src\rserver\src\rmngrcalls.cpp(951):
96380a22-60f7-4a8b-8fca-1224e6bc518f: onFinishConnection'
00:11.728000-0,EXCP,0,process=rphost,OSThread=6136,Exception=dd149677-3d47-4e05-a55f-4e75b13a441f,Descr='src\rserver\src\rmngrcalls.cpp(586):
dd149677-3d47-4e05-a55f-4e75b13a441f: Процесс завершается. Исходящий вызов запрещен.'
00:11.728001-0,EXCP,0,process=rphost,OSThread=6136,Exception=dd149677-3d47-4e05-a55f-4e75b13a441f,Descr='src\rserver\src\clusterdistribimpl.cpp(2624):
dd149677-3d47-4e05-a55f-4e75b13a441f: Процесс завершается. Исходящий вызов запрещен.'
00:11.728002-0,EXCP,0,process=rphost,OSThread=6136,Exception=dd149677-3d47-4e05-a55f-4e75b13a441f,Descr='src\rserver\src\rmngrcalls.cpp(586):
dd149677-3d47-4e05-a55f-4e75b13a441f: Процесс завершается. Исходящий вызов запрещен.'
00:11.931001-0,EXCP,0,process=rphost,OSThread=6136,Exception=dd149677-3d47-4e05-a55f-4e75b13a441f,Descr='src\rserver\src\rmngrcalls.cpp(586):
dd149677-3d47-4e05-a55f-4e75b13a441f: Процесс завершается. Исходящий вызов запрещен.'
00:11.931002-0,EXCP,0,process=rphost,OSThread=6136,Exception=dd149677-3d47-4e05-a55f-4e75b13a441f,Descr='src\rserver\src\clusterdistribimpl.cpp(2624):
dd149677-3d47-4e05-a55f-4e75b13a441f: Процесс завершается. Исходящий вызов запрещен.'
00:11.931003-0,EXCP,0,process=rphost,OSThread=6136,Exception=dd149677-3d47-4e05-a55f-4e75b13a441f,Descr='src\rserver\src\rmngrcalls.cpp(586):
dd149677-3d47-4e05-a55f-4e75b13a441f: Процесс завершается. Исходящий вызов запрещен.'
00:12.134000-0,EXCP,0,process=rphost,OSThread=6136,Exception=dd149677-3d47-4e05-a55f-4e75b13a441f,Descr='src\rserver\src\rmngrcalls.cpp(586):
dd149677-3d47-4e05-a55f-4e75b13a441f: Процесс завершается. Исходящий вызов запрещен.'
00:12.134001-0,EXCP,0,process=rphost,OSThread=6136,Exception=dd149677-3d47-4e05-a55f-4e75b13a441f,Descr='src\rserver\src\clusterdistribimpl.cpp(2624):
dd149677-3d47-4e05-a55f-4e75b13a441f: Процесс завершается. Исходящий вызов запрещен.'
00:12.134002-0,EXCP,0,process=rphost,OSThread=6136,Exception=dd149677-3d47-4e05-a55f-4e75b13a441f,Descr='src\rserver\src\rmngrcalls.cpp(586):
dd149677-3d47-4e05-a55f-4e75b13a441f: Процесс завершается. Исходящий вызов запрещен.'
00:12.181002-0,EXCP,0,process=rphost,OSThread=444,Exception=dd149677-3d47-4e05-a55f-4e75b13a441f,Descr='src\rserver\src\rmngrcalls.cpp(586):
dd149677-3d47-4e05-a55f-4e75b13a441f: Процесс завершается. Исходящий вызов запрещен.'
00:12.337000-0,EXCP,0,process=rphost,OSThread=6136,Exception=dd149677-3d47-4e05-a55f-4e75b13a441f,Descr='src\rserver\src\rmngrcalls.cpp(586):
dd149677-3d47-4e05-a55f-4e75b13a441f: Процесс завершается. Исходящий вызов запрещен.'
00:12.337001-0,EXCP,0,process=rphost,OSThread=6136,Exception=dd149677-3d47-4e05-a55f-4e75b13a441f,Descr='src\rserver\src\clusterdistribimpl.cpp(2624):
dd149677-3d47-4e05-a55f-4e75b13a441f: Процесс завершается. Исходящий вызов запрещен.'
00:12.337002-0,EXCP,0,process=rphost,OSThread=6136,Exception=dd149677-3d47-4e05-a55f-4e75b13a441f,Descr='src\rserver\src\rmngrcalls.cpp(586):
dd149677-3d47-4e05-a55f-4e75b13a441f: Процесс завершается. Исходящий вызов запрещен.'
00:12.384000-0,EXCP,0,process=rphost,OSThread=444,Exception=dd149677-3d47-4e05-a55f-4e75b13a441f,Descr='src\rserver\src\rmngrcalls.cpp(586):
dd149677-3d47-4e05-a55f-4e75b13a441f: Процесс завершается. Исходящий вызов запрещен.'
00:12.384001-0,EXCP,0,process=rphost,OSThread=444,Exception=dd149677-3d47-4e05-a55f-4e75b13a441f,Descr='src\rserver\src\rhostimpl.cpp(6261):
dd149677-3d47-4e05-a55f-4e75b13a441f: Процесс завершается. Исходящий вызов запрещен.'
00:12.384002-0,EXCP,0,process=rphost,OSThread=444,Exception=dd149677-3d47-4e05-a55f-4e75b13a441f,Descr='src\rserver\src\rmngrcalls.cpp(739):
dd149677-3d47-4e05-a55f-4e75b13a441f: Процесс завершается. Исходящий вызов запрещен.'
00:12.384003-0,EXCP,0,process=rphost,OSThread=444,Exception=dd149677-3d47-4e05-a55f-4e75b13a441f,Descr='src\rserver\src\rmngrcalls.cpp(739):
dd149677-3d47-4e05-a55f-4e75b13a441f: Процесс завершается. Исходящий вызов запрещен.'
00:12.384004-0,EXCP,0,process=rphost,OSThread=444,Exception=96380a22-60f7-4a8b-8fca-1224e6bc518f,Descr='src\rserver\src\rmngrcalls.cpp(951):
96380a22-60f7-4a8b-8fca-1224e6bc518f: onFinishConnection'
