01:36.945000-0,EXCP,0,process=rphost,OSThread=6776,ClientID=1844,Exception=NetDataExchangeException,Descr='server_addr=(2)10.224.32.206:56420 descr=10054(0x00002746): Удаленный хост принудительно разорвал существующее подключение.  line=1149 file=d:\jenkins\ci_builder2\windowsbuild2\platform\src\rtrsrvc\src\dataexchangeserverimpl.cpp'
01:36.945002-0,EXCPCNTX,0,ClientComputerName=,ServerComputerName=,UserName=,ConnectString=
01:36.945006-0,EXCP,0,process=rphost,OSThread=9760,ClientID=1857,Exception=NetDataExchangeException,Descr='server_addr=(2)10.224.32.206:56424 descr=10054(0x00002746): Удаленный хост принудительно разорвал существующее подключение.  line=1149 file=d:\jenkins\ci_builder2\windowsbuild2\platform\src\rtrsrvc\src\dataexchangeserverimpl.cpp'
01:36.945007-0,EXCPCNTX,0,ClientComputerName=,ServerComputerName=,UserName=,ConnectString=
02:27.588016-0,EXCP,0,process=rphost,OSThread=5796,ClientID=4214,Exception=NetDataExchangeException,Descr='server_addr=(2)10.225.32.15:60795 descr=2(0x00000002): Не удается найти указанный файл.  line=1149 file=d:\jenkins\ci_builder2\windowsbuild2\platform\src\rtrsrvc\src\dataexchangeserverimpl.cpp'
02:27.588017-0,EXCPCNTX,0,ClientComputerName=,ServerComputerName=,UserName=,ConnectString=
15:48.263000-0,EXCP,0,process=rphost,OSThread=10684,ClientID=4221,Exception=NetDataExchangeException,Descr='server_addr=(2)10.225.32.15:60821 descr=2(0x00000002): Не удается найти указанный файл.  line=1149 file=d:\jenkins\ci_builder2\windowsbuild2\platform\src\rtrsrvc\src\dataexchangeserverimpl.cpp'
15:48.263001-0,EXCPCNTX,0,ClientComputerName=,ServerComputerName=,UserName=,ConnectString=
19:22.006037-0,ADMIN,2,process=rphost,p:processName=ServerJobExecutorContext,OSThread=1568,t:clientID=4238,t:applicationName=JobScheduler,t:computerName=DC2BUHAPP11,Func=killClient,ClusterID=8aa94e2b-5d54-4b86-800b-79353ce39638,ConnectionID=349f8ad1-3cf8-4f43-a032-60330a99c9f9,Mode=0,Ref=bi_bk3wk1_prod_01(bi_bk3wk1_prod_01),Host=DC2BUHAPP11,Connection=12326,Administrator=Unknown,Result=Success
19:22.616021-0,ADMIN,2,process=rphost,p:processName=ServerJobExecutorContext,OSThread=1568,t:clientID=4238,t:applicationName=JobScheduler,t:computerName=DC2BUHAPP11,Func=killClient,ClusterID=8aa94e2b-5d54-4b86-800b-79353ce39638,ConnectionID=2c0b7f95-cc7a-4d1c-ab76-8a3af33cf4cb,Mode=0,Ref=bi_bk3wk1_prod_01(bi_bk3wk1_prod_01),Host=DC2BUHAPP11,Connection=12327,Administrator=Unknown,Result=Success
19:23.038015-0,ADMIN,2,process=rphost,p:processName=ServerJobExecutorContext,OSThread=1568,t:clientID=4238,t:applicationName=JobScheduler,t:computerName=DC2BUHAPP11,Func=killClient,ClusterID=8aa94e2b-5d54-4b86-800b-79353ce39638,ConnectionID=727dcfc4-93f7-4152-9bbc-d8e4b7d4c36e,Mode=0,Ref=bi_bk3wk1_prod_01(bi_bk3wk1_prod_01),Host=DC2BUHAPP11,Connection=12328,Administrator=Unknown,Result=Success
19:26.991001-0,EXCP,3,process=rphost,p:processName=bi_bk3wk1_prod_01,OSThread=9340,t:clientID=4252,t:applicationName=BackgroundJob,t:computerName=DC2BUHAPP11,t:connectID=12328,SessionID=13062,Usr=Жакупова Айдем Муратовна,Exception=SeanceContextException,Descr='Сеанс отсутствует или удален
ID=465f5459-0fb6-4e81-8fe8-e90b06643a83, File=d:\jenkins\ci_builder2\windowsbuild2\platform\src\rserver\src\clusterdistribimpl.cpp(1439)'
19:26.991003-0,EXCP,2,process=rphost,p:processName=bi_bk3wk1_prod_01,OSThread=9340,t:clientID=4252,t:applicationName=BackgroundJob,t:computerName=DC2BUHAPP11,t:connectID=12328,SessionID=13062,Usr=Жакупова Айдем Муратовна,Exception=60c686dc-798f-4d17-aadb-a90156a16eb8,Descr='src\rserver\src\rmngrcalls.cpp(476):
60c686dc-798f-4d17-aadb-a90156a16eb8: Сеанс отсутствует или удален
ID=465f5459-0fb6-4e81-8fe8-e90b06643a83, File=d:\jenkins\ci_builder2\windowsbuild2\platform\src\rserver\src\clusterdistribimpl.cpp(1439)'
19:27.194000-0,EXCP,2,process=rphost,p:processName=bi_bk3wk1_prod_01,OSThread=9340,t:clientID=4252,t:applicationName=BackgroundJob,t:computerName=DC2BUHAPP11,t:connectID=12328,SessionID=13062,Usr=Жакупова Айдем Муратовна,Exception=SeanceContextException,Descr='Сеанс отсутствует или удален
ID=465f5459-0fb6-4e81-8fe8-e90b06643a83, File=d:\jenkins\ci_builder2\windowsbuild2\platform\src\rserver\src\rmngrcalls.cpp(364)'
19:27.194001-0,EXCP,2,process=rphost,p:processName=bi_bk3wk1_prod_01,OSThread=9340,t:clientID=4252,t:applicationName=BackgroundJob,t:computerName=DC2BUHAPP11,t:connectID=12328,SessionID=13062,Usr=Жакупова Айдем Муратовна,Exception=60c686dc-798f-4d17-aadb-a90156a16eb8,Descr='src\rserver\src\serverjobexecutor.cpp(1095):
60c686dc-798f-4d17-aadb-a90156a16eb8: Сеанс отсутствует или удален
ID=465f5459-0fb6-4e81-8fe8-e90b06643a83, File=d:\jenkins\ci_builder2\windowsbuild2\platform\src\rserver\src\rmngrcalls.cpp(364)'
19:27.194003-0,EXCP,3,process=rphost,p:processName=bi_bk3wk1_prod_01,OSThread=9340,t:clientID=4252,t:applicationName=BackgroundJob,t:computerName=DC2BUHAPP11,t:connectID=12328,SessionID=13062,Usr=Жакупова Айдем Муратовна,Exception=SeanceContextException,Descr='Сеанс отсутствует или удален
ID=465f5459-0fb6-4e81-8fe8-e90b06643a83, File=d:\jenkins\ci_builder2\windowsbuild2\platform\src\rserver\src\clusterdistribimpl.cpp(1439)'
19:27.194005-0,EXCP,2,process=rphost,p:processName=bi_bk3wk1_prod_01,OSThread=9340,t:clientID=4252,t:applicationName=BackgroundJob,t:computerName=DC2BUHAPP11,t:connectID=12328,SessionID=13062,Usr=Жакупова Айдем Муратовна,Exception=60c686dc-798f-4d17-aadb-a90156a16eb8,Descr='src\rserver\src\rmngrcalls.cpp(476):
60c686dc-798f-4d17-aadb-a90156a16eb8: Сеанс отсутствует или удален
ID=465f5459-0fb6-4e81-8fe8-e90b06643a83, File=d:\jenkins\ci_builder2\windowsbuild2\platform\src\rserver\src\clusterdistribimpl.cpp(1439)'
19:27.397000-0,EXCP,2,process=rphost,p:processName=bi_bk3wk1_prod_01,OSThread=9340,t:clientID=4252,t:applicationName=BackgroundJob,t:computerName=DC2BUHAPP11,t:connectID=12328,SessionID=13062,Usr=Жакупова Айдем Муратовна,Exception=SeanceContextException,Descr='Сеанс отсутствует или удален
ID=465f5459-0fb6-4e81-8fe8-e90b06643a83, File=d:\jenkins\ci_builder2\windowsbuild2\platform\src\rserver\src\rmngrcalls.cpp(364)'
19:28.397000-0,EXCP,4,process=rphost,p:processName=bi_bk3wk1_prod_01,OSThread=9012,t:clientID=4249,t:applicationName=BackgroundJob,t:computerName=DC2BUHAPP11,t:connectID=12326,SessionID=13060,Usr=Жакупова Айдем Муратовна,Exception=SeanceContextException,Descr='Сеанс отсутствует или удален
ID=aa9129cb-d056-45a1-b06c-b0600e5031f9, File=d:\jenkins\ci_builder2\windowsbuild2\platform\src\rserver\src\clusterdistribimpl.cpp(1439)'
19:28.397002-0,EXCP,3,process=rphost,p:processName=bi_bk3wk1_prod_01,OSThread=9012,t:clientID=4249,t:applicationName=BackgroundJob,t:computerName=DC2BUHAPP11,t:connectID=12326,SessionID=13060,Usr=Жакупова Айдем Муратовна,Exception=60c686dc-798f-4d17-aadb-a90156a16eb8,Descr='src\rserver\src\rmngrcalls.cpp(476):
60c686dc-798f-4d17-aadb-a90156a16eb8: Сеанс отсутствует или удален
ID=aa9129cb-d056-45a1-b06c-b0600e5031f9, File=d:\jenkins\ci_builder2\windowsbuild2\platform\src\rserver\src\clusterdistribimpl.cpp(1439)'
19:28.600000-0,EXCP,3,process=rphost,p:processName=bi_bk3wk1_prod_01,OSThread=9012,t:clientID=4249,t:applicationName=BackgroundJob,t:computerName=DC2BUHAPP11,t:connectID=12326,SessionID=13060,Usr=Жакупова Айдем Муратовна,Exception=SeanceContextException,Descr='Сеанс отсутствует или удален
ID=aa9129cb-d056-45a1-b06c-b0600e5031f9, File=d:\jenkins\ci_builder2\windowsbuild2\platform\src\rserver\src\rmngrcalls.cpp(364)'
19:28.600001-0,EXCP,3,process=rphost,p:processName=bi_bk3wk1_prod_01,OSThread=9012,t:clientID=4249,t:applicationName=BackgroundJob,t:computerName=DC2BUHAPP11,t:connectID=12326,SessionID=13060,Usr=Жакупова Айдем Муратовна,Exception=60c686dc-798f-4d17-aadb-a90156a16eb8,Descr='src\rserver\src\serverjobexecutor.cpp(1095):
60c686dc-798f-4d17-aadb-a90156a16eb8: Сеанс отсутствует или удален
ID=aa9129cb-d056-45a1-b06c-b0600e5031f9, File=d:\jenkins\ci_builder2\windowsbuild2\platform\src\rserver\src\rmngrcalls.cpp(364)'
19:28.600003-0,EXCP,4,process=rphost,p:processName=bi_bk3wk1_prod_01,OSThread=9012,t:clientID=4249,t:applicationName=BackgroundJob,t:computerName=DC2BUHAPP11,t:connectID=12326,SessionID=13060,Usr=Жакупова Айдем Муратовна,Exception=SeanceContextException,Descr='Сеанс отсутствует или удален
ID=aa9129cb-d056-45a1-b06c-b0600e5031f9, File=d:\jenkins\ci_builder2\windowsbuild2\platform\src\rserver\src\clusterdistribimpl.cpp(1439)'
19:28.600005-0,EXCP,3,process=rphost,p:processName=bi_bk3wk1_prod_01,OSThread=9012,t:clientID=4249,t:applicationName=BackgroundJob,t:computerName=DC2BUHAPP11,t:connectID=12326,SessionID=13060,Usr=Жакупова Айдем Муратовна,Exception=60c686dc-798f-4d17-aadb-a90156a16eb8,Descr='src\rserver\src\rmngrcalls.cpp(476):
60c686dc-798f-4d17-aadb-a90156a16eb8: Сеанс отсутствует или удален
ID=aa9129cb-d056-45a1-b06c-b0600e5031f9, File=d:\jenkins\ci_builder2\windowsbuild2\platform\src\rserver\src\clusterdistribimpl.cpp(1439)'
19:28.663006-0,EXCP,3,process=rphost,p:processName=bi_bk3wk1_prod_01,OSThread=9012,t:clientID=4249,t:applicationName=BackgroundJob,t:computerName=DC2BUHAPP11,t:connectID=12326,SessionID=13060,Usr=Жакупова Айдем Муратовна,Exception=SeanceContextException,Descr='Сеанс отсутствует или удален
ID=aa9129cb-d056-45a1-b06c-b0600e5031f9, File=d:\jenkins\ci_builder2\windowsbuild2\platform\src\rserver\src\rmngrcalls.cpp(364)'
19:30.772005-0,EXCP,3,process=rphost,p:processName=bi_bk3wk1_prod_01,OSThread=11204,t:clientID=4251,t:applicationName=BackgroundJob,t:computerName=DC2BUHAPP11,t:connectID=12327,SessionID=13061,Usr=Жакупова Айдем Муратовна,Exception=SeanceContextException,Descr='Сеанс отсутствует или удален
ID=03be938d-e966-4760-99c0-8fab675b0b59, File=d:\jenkins\ci_builder2\windowsbuild2\platform\src\rserver\src\clusterdistribimpl.cpp(1439)'
19:30.772007-0,EXCP,2,process=rphost,p:processName=bi_bk3wk1_prod_01,OSThread=11204,t:clientID=4251,t:applicationName=BackgroundJob,t:computerName=DC2BUHAPP11,t:connectID=12327,SessionID=13061,Usr=Жакупова Айдем Муратовна,Exception=60c686dc-798f-4d17-aadb-a90156a16eb8,Descr='src\rserver\src\rmngrcalls.cpp(476):
60c686dc-798f-4d17-aadb-a90156a16eb8: Сеанс отсутствует или удален
ID=03be938d-e966-4760-99c0-8fab675b0b59, File=d:\jenkins\ci_builder2\windowsbuild2\platform\src\rserver\src\clusterdistribimpl.cpp(1439)'
19:30.975001-0,EXCP,2,process=rphost,p:processName=bi_bk3wk1_prod_01,OSThread=11204,t:clientID=4251,t:applicationName=BackgroundJob,t:computerName=DC2BUHAPP11,t:connectID=12327,SessionID=13061,Usr=Жакупова Айдем Муратовна,Exception=SeanceContextException,Descr='Сеанс отсутствует или удален
ID=03be938d-e966-4760-99c0-8fab675b0b59, File=d:\jenkins\ci_builder2\windowsbuild2\platform\src\rserver\src\rmngrcalls.cpp(364)'
19:30.975002-0,EXCP,2,process=rphost,p:processName=bi_bk3wk1_prod_01,OSThread=11204,t:clientID=4251,t:applicationName=BackgroundJob,t:computerName=DC2BUHAPP11,t:connectID=12327,SessionID=13061,Usr=Жакупова Айдем Муратовна,Exception=60c686dc-798f-4d17-aadb-a90156a16eb8,Descr='src\rserver\src\serverjobexecutor.cpp(1095):
60c686dc-798f-4d17-aadb-a90156a16eb8: Сеанс отсутствует или удален
ID=03be938d-e966-4760-99c0-8fab675b0b59, File=d:\jenkins\ci_builder2\windowsbuild2\platform\src\rserver\src\rmngrcalls.cpp(364)'
19:30.975004-0,EXCP,3,process=rphost,p:processName=bi_bk3wk1_prod_01,OSThread=11204,t:clientID=4251,t:applicationName=BackgroundJob,t:computerName=DC2BUHAPP11,t:connectID=12327,SessionID=13061,Usr=Жакупова Айдем Муратовна,Exception=SeanceContextException,Descr='Сеанс отсутствует или удален
ID=03be938d-e966-4760-99c0-8fab675b0b59, File=d:\jenkins\ci_builder2\windowsbuild2\platform\src\rserver\src\clusterdistribimpl.cpp(1439)'
19:30.975006-0,EXCP,2,process=rphost,p:processName=bi_bk3wk1_prod_01,OSThread=11204,t:clientID=4251,t:applicationName=BackgroundJob,t:computerName=DC2BUHAPP11,t:connectID=12327,SessionID=13061,Usr=Жакупова Айдем Муратовна,Exception=60c686dc-798f-4d17-aadb-a90156a16eb8,Descr='src\rserver\src\rmngrcalls.cpp(476):
60c686dc-798f-4d17-aadb-a90156a16eb8: Сеанс отсутствует или удален
ID=03be938d-e966-4760-99c0-8fab675b0b59, File=d:\jenkins\ci_builder2\windowsbuild2\platform\src\rserver\src\clusterdistribimpl.cpp(1439)'
19:31.178000-0,EXCP,2,process=rphost,p:processName=bi_bk3wk1_prod_01,OSThread=11204,t:clientID=4251,t:applicationName=BackgroundJob,t:computerName=DC2BUHAPP11,t:connectID=12327,SessionID=13061,Usr=Жакупова Айдем Муратовна,Exception=SeanceContextException,Descr='Сеанс отсутствует или удален
ID=03be938d-e966-4760-99c0-8fab675b0b59, File=d:\jenkins\ci_builder2\windowsbuild2\platform\src\rserver\src\rmngrcalls.cpp(364)'
20:38.415036-0,EXCP,2,process=rphost,p:processName=bi_bk3wk1_prod_01,OSThread=10256,t:clientID=1840,t:applicationName=1CV8C,t:computerName=DC1RDSH19,t:connectID=6079,SessionID=5506,Usr=Шакиржанов Ержан Рашидович,AppID=1CV8C,Exception=afd2b550-0d52-4e03-b448-15ed68d87ac5,Descr='src\basic\src\documentlogformobjcontroller.cpp(884):
afd2b550-0d52-4e03-b448-15ed68d87ac5
0d2200af-1696-4395-91e5-2872675e6d3d: Не удалось провести "Заявка на оплату UC300002154 от 22.04.2020 20:20:35"!',Context=Форма.Записать : Документ.ЗаявкаНаОплату.Форма.ФормаДокумента
20:38.446000-0,EXCP,2,process=rphost,p:processName=bi_bk3wk1_prod_01,OSThread=10256,t:clientID=1840,t:applicationName=1CV8C,t:computerName=DC1RDSH19,t:connectID=6079,SessionID=5506,Usr=Шакиржанов Ержан Рашидович,AppID=1CV8C,Exception=580392e6-ba49-4280-ac67-fcd6f2180121,Descr='src\vrsbase\src\vresourceinfobaseimpl.cpp(1114):
580392e6-ba49-4280-ac67-fcd6f2180121: Неспецифицированная ошибка работы с ресурсом
Ошибка при выполнении запроса POST к ресурсу /e1cib/logForm:
afd2b550-0d52-4e03-b448-15ed68d87ac5
0d2200af-1696-4395-91e5-2872675e6d3d: Не удалось провести "Заявка на оплату UC300002154 от 22.04.2020 20:20:35"!'
21:18.323003-0,ADMIN,2,process=rphost,p:processName=ServerJobExecutorContext,OSThread=1568,t:clientID=4238,t:applicationName=JobScheduler,t:computerName=DC2BUHAPP11,Func=killClient,ClusterID=8aa94e2b-5d54-4b86-800b-79353ce39638,ConnectionID=7870d7a5-b592-4c73-9820-dbb02ad5bca1,Mode=0,Ref=bi_bk3wk1_prod_01(bi_bk3wk1_prod_01),Host=DC2BUHAPP11,Connection=12340,Administrator=Unknown,Result=Success
21:20.464028-0,EXCP,3,process=rphost,p:processName=bi_bk3wk1_prod_01,OSThread=7328,t:clientID=4260,t:applicationName=BackgroundJob,t:computerName=DC2BUHAPP11,t:connectID=12340,SessionID=13074,Usr=WK1_Идаят_Аяулым_Борибайкызы,Exception=SeanceContextException,Descr='Сеанс отсутствует или удален
ID=07f43529-5ce4-43b8-abd7-5e2aaa14a67f, File=d:\jenkins\ci_builder2\windowsbuild2\platform\src\rserver\src\clusterdistribimpl.cpp(1439)'
21:20.464030-0,EXCP,2,process=rphost,p:processName=bi_bk3wk1_prod_01,OSThread=7328,t:clientID=4260,t:applicationName=BackgroundJob,t:computerName=DC2BUHAPP11,t:connectID=12340,SessionID=13074,Usr=WK1_Идаят_Аяулым_Борибайкызы,Exception=60c686dc-798f-4d17-aadb-a90156a16eb8,Descr='src\rserver\src\rmngrcalls.cpp(476):
60c686dc-798f-4d17-aadb-a90156a16eb8: Сеанс отсутствует или удален
ID=07f43529-5ce4-43b8-abd7-5e2aaa14a67f, File=d:\jenkins\ci_builder2\windowsbuild2\platform\src\rserver\src\clusterdistribimpl.cpp(1439)'
21:20.667000-0,EXCP,2,process=rphost,p:processName=bi_bk3wk1_prod_01,OSThread=7328,t:clientID=4260,t:applicationName=BackgroundJob,t:computerName=DC2BUHAPP11,t:connectID=12340,SessionID=13074,Usr=WK1_Идаят_Аяулым_Борибайкызы,Exception=SeanceContextException,Descr='Сеанс отсутствует или удален
ID=07f43529-5ce4-43b8-abd7-5e2aaa14a67f, File=d:\jenkins\ci_builder2\windowsbuild2\platform\src\rserver\src\rmngrcalls.cpp(364)'
21:20.667001-0,EXCP,2,process=rphost,p:processName=bi_bk3wk1_prod_01,OSThread=7328,t:clientID=4260,t:applicationName=BackgroundJob,t:computerName=DC2BUHAPP11,t:connectID=12340,SessionID=13074,Usr=WK1_Идаят_Аяулым_Борибайкызы,Exception=60c686dc-798f-4d17-aadb-a90156a16eb8,Descr='src\rserver\src\serverjobexecutor.cpp(1095):
60c686dc-798f-4d17-aadb-a90156a16eb8: Сеанс отсутствует или удален
ID=07f43529-5ce4-43b8-abd7-5e2aaa14a67f, File=d:\jenkins\ci_builder2\windowsbuild2\platform\src\rserver\src\rmngrcalls.cpp(364)'
21:20.667003-0,EXCP,3,process=rphost,p:processName=bi_bk3wk1_prod_01,OSThread=7328,t:clientID=4260,t:applicationName=BackgroundJob,t:computerName=DC2BUHAPP11,t:connectID=12340,SessionID=13074,Usr=WK1_Идаят_Аяулым_Борибайкызы,Exception=SeanceContextException,Descr='Сеанс отсутствует или удален
ID=07f43529-5ce4-43b8-abd7-5e2aaa14a67f, File=d:\jenkins\ci_builder2\windowsbuild2\platform\src\rserver\src\clusterdistribimpl.cpp(1439)'
21:20.667005-0,EXCP,2,process=rphost,p:processName=bi_bk3wk1_prod_01,OSThread=7328,t:clientID=4260,t:applicationName=BackgroundJob,t:computerName=DC2BUHAPP11,t:connectID=12340,SessionID=13074,Usr=WK1_Идаят_Аяулым_Борибайкызы,Exception=60c686dc-798f-4d17-aadb-a90156a16eb8,Descr='src\rserver\src\rmngrcalls.cpp(476):
60c686dc-798f-4d17-aadb-a90156a16eb8: Сеанс отсутствует или удален
ID=07f43529-5ce4-43b8-abd7-5e2aaa14a67f, File=d:\jenkins\ci_builder2\windowsbuild2\platform\src\rserver\src\clusterdistribimpl.cpp(1439)'
21:20.870000-0,EXCP,2,process=rphost,p:processName=bi_bk3wk1_prod_01,OSThread=7328,t:clientID=4260,t:applicationName=BackgroundJob,t:computerName=DC2BUHAPP11,t:connectID=12340,SessionID=13074,Usr=WK1_Идаят_Аяулым_Борибайкызы,Exception=SeanceContextException,Descr='Сеанс отсутствует или удален
ID=07f43529-5ce4-43b8-abd7-5e2aaa14a67f, File=d:\jenkins\ci_builder2\windowsbuild2\platform\src\rserver\src\rmngrcalls.cpp(364)'
21:54.448005-0,ADMIN,2,process=rphost,p:processName=ServerJobExecutorContext,OSThread=1568,t:clientID=4238,t:applicationName=JobScheduler,t:computerName=DC2BUHAPP11,Func=killClient,ClusterID=8aa94e2b-5d54-4b86-800b-79353ce39638,ConnectionID=3d558ee3-7e0e-4df8-9dd1-f705c2804756,Mode=0,Ref=bi_bk3wk1_prod_01(bi_bk3wk1_prod_01),Host=DC2BUHAPP11,Connection=12348,Administrator=Unknown,Result=Success
21:58.589000-0,EXCP,3,process=rphost,p:processName=bi_bk3wk1_prod_01,OSThread=9012,t:clientID=4264,t:applicationName=BackgroundJob,t:computerName=DC2BUHAPP11,t:connectID=12348,SessionID=13082,Usr=WK1_Ибраимов_Баглан,Exception=SeanceContextException,Descr='Сеанс отсутствует или удален
ID=d6e3090f-13d2-484b-8c8f-d91ec07e9fb3, File=d:\jenkins\ci_builder2\windowsbuild2\platform\src\rserver\src\clusterdistribimpl.cpp(1439)'
21:58.589002-0,EXCP,2,process=rphost,p:processName=bi_bk3wk1_prod_01,OSThread=9012,t:clientID=4264,t:applicationName=BackgroundJob,t:computerName=DC2BUHAPP11,t:connectID=12348,SessionID=13082,Usr=WK1_Ибраимов_Баглан,Exception=60c686dc-798f-4d17-aadb-a90156a16eb8,Descr='src\rserver\src\rmngrcalls.cpp(476):
60c686dc-798f-4d17-aadb-a90156a16eb8: Сеанс отсутствует или удален
ID=d6e3090f-13d2-484b-8c8f-d91ec07e9fb3, File=d:\jenkins\ci_builder2\windowsbuild2\platform\src\rserver\src\clusterdistribimpl.cpp(1439)'
21:58.792000-0,EXCP,2,process=rphost,p:processName=bi_bk3wk1_prod_01,OSThread=9012,t:clientID=4264,t:applicationName=BackgroundJob,t:computerName=DC2BUHAPP11,t:connectID=12348,SessionID=13082,Usr=WK1_Ибраимов_Баглан,Exception=SeanceContextException,Descr='Сеанс отсутствует или удален
ID=d6e3090f-13d2-484b-8c8f-d91ec07e9fb3, File=d:\jenkins\ci_builder2\windowsbuild2\platform\src\rserver\src\rmngrcalls.cpp(364)'
21:58.792001-0,EXCP,2,process=rphost,p:processName=bi_bk3wk1_prod_01,OSThread=9012,t:clientID=4264,t:applicationName=BackgroundJob,t:computerName=DC2BUHAPP11,t:connectID=12348,SessionID=13082,Usr=WK1_Ибраимов_Баглан,Exception=60c686dc-798f-4d17-aadb-a90156a16eb8,Descr='src\rserver\src\serverjobexecutor.cpp(1095):
60c686dc-798f-4d17-aadb-a90156a16eb8: Сеанс отсутствует или удален
ID=d6e3090f-13d2-484b-8c8f-d91ec07e9fb3, File=d:\jenkins\ci_builder2\windowsbuild2\platform\src\rserver\src\rmngrcalls.cpp(364)'
21:58.792003-0,EXCP,3,process=rphost,p:processName=bi_bk3wk1_prod_01,OSThread=9012,t:clientID=4264,t:applicationName=BackgroundJob,t:computerName=DC2BUHAPP11,t:connectID=12348,SessionID=13082,Usr=WK1_Ибраимов_Баглан,Exception=SeanceContextException,Descr='Сеанс отсутствует или удален
ID=d6e3090f-13d2-484b-8c8f-d91ec07e9fb3, File=d:\jenkins\ci_builder2\windowsbuild2\platform\src\rserver\src\clusterdistribimpl.cpp(1439)'
21:58.792005-0,EXCP,2,process=rphost,p:processName=bi_bk3wk1_prod_01,OSThread=9012,t:clientID=4264,t:applicationName=BackgroundJob,t:computerName=DC2BUHAPP11,t:connectID=12348,SessionID=13082,Usr=WK1_Ибраимов_Баглан,Exception=60c686dc-798f-4d17-aadb-a90156a16eb8,Descr='src\rserver\src\rmngrcalls.cpp(476):
60c686dc-798f-4d17-aadb-a90156a16eb8: Сеанс отсутствует или удален
ID=d6e3090f-13d2-484b-8c8f-d91ec07e9fb3, File=d:\jenkins\ci_builder2\windowsbuild2\platform\src\rserver\src\clusterdistribimpl.cpp(1439)'
21:58.979006-0,EXCP,2,process=rphost,p:processName=bi_bk3wk1_prod_01,OSThread=9012,t:clientID=4264,t:applicationName=BackgroundJob,t:computerName=DC2BUHAPP11,t:connectID=12348,SessionID=13082,Usr=WK1_Ибраимов_Баглан,Exception=SeanceContextException,Descr='Сеанс отсутствует или удален
ID=d6e3090f-13d2-484b-8c8f-d91ec07e9fb3, File=d:\jenkins\ci_builder2\windowsbuild2\platform\src\rserver\src\rmngrcalls.cpp(364)'
27:34.748001-0,EXCP,0,process=rphost,OSThread=9412,ClientID=4240,Exception=NetDataExchangeException,Descr='server_addr=(2)10.225.32.15:60865 descr=2(0x00000002): Не удается найти указанный файл.  line=1149 file=d:\jenkins\ci_builder2\windowsbuild2\platform\src\rtrsrvc\src\dataexchangeserverimpl.cpp'
27:34.748002-0,EXCPCNTX,0,ClientComputerName=,ServerComputerName=,UserName=,ConnectString=
29:00.343020-0,EXCP,0,process=rphost,OSThread=10420,ClientID=4269,Exception=NetDataExchangeException,Descr='server_addr=(2)10.225.32.43:50275 descr=2(0x00000002): Не удается найти указанный файл.  line=1149 file=d:\jenkins\ci_builder2\windowsbuild2\platform\src\rtrsrvc\src\dataexchangeserverimpl.cpp'
29:00.343022-0,EXCPCNTX,0,ClientComputerName=,ServerComputerName=,UserName=,ConnectString=
34:49.247022-0,ADMIN,2,process=rphost,p:processName=ServerJobExecutorContext,OSThread=8628,t:clientID=4280,t:applicationName=JobScheduler,t:computerName=DC2BUHAPP11,Func=killClient,ClusterID=8aa94e2b-5d54-4b86-800b-79353ce39638,ConnectionID=4d205c67-fab0-4264-b8a6-40c501e4161d,Mode=0,Ref=bi_bk3wk1_prod_01(bi_bk3wk1_prod_01),Host=DC2BUHAPP11,Connection=12359,Administrator=Unknown,Result=Success
34:52.532010-0,EXCP,4,process=rphost,p:processName=bi_bk3wk1_prod_01,OSThread=7316,t:clientID=4281,t:applicationName=BackgroundJob,t:computerName=DC2BUHAPP11,t:connectID=12359,SessionID=13006,Usr=Касымов Даулет Камитович,Exception=SeanceContextException,Descr='Сеанс отсутствует или удален
ID=4f5e7a64-a9dd-409c-8ea5-b5d2ea5bb67d, File=d:\jenkins\ci_builder2\windowsbuild2\platform\src\rserver\src\clusterdistribimpl.cpp(1439)'
34:52.532012-0,EXCP,3,process=rphost,p:processName=bi_bk3wk1_prod_01,OSThread=7316,t:clientID=4281,t:applicationName=BackgroundJob,t:computerName=DC2BUHAPP11,t:connectID=12359,SessionID=13006,Usr=Касымов Даулет Камитович,Exception=60c686dc-798f-4d17-aadb-a90156a16eb8,Descr='src\rserver\src\rmngrcalls.cpp(476):
60c686dc-798f-4d17-aadb-a90156a16eb8: Сеанс отсутствует или удален
ID=4f5e7a64-a9dd-409c-8ea5-b5d2ea5bb67d, File=d:\jenkins\ci_builder2\windowsbuild2\platform\src\rserver\src\clusterdistribimpl.cpp(1439)'
34:52.735000-0,EXCP,3,process=rphost,p:processName=bi_bk3wk1_prod_01,OSThread=7316,t:clientID=4281,t:applicationName=BackgroundJob,t:computerName=DC2BUHAPP11,t:connectID=12359,SessionID=13006,Usr=Касымов Даулет Камитович,Exception=SeanceContextException,Descr='Сеанс отсутствует или удален
ID=4f5e7a64-a9dd-409c-8ea5-b5d2ea5bb67d, File=d:\jenkins\ci_builder2\windowsbuild2\platform\src\rserver\src\rmngrcalls.cpp(364)'
34:52.735001-0,EXCP,3,process=rphost,p:processName=bi_bk3wk1_prod_01,OSThread=7316,t:clientID=4281,t:applicationName=BackgroundJob,t:computerName=DC2BUHAPP11,t:connectID=12359,SessionID=13006,Usr=Касымов Даулет Камитович,Exception=60c686dc-798f-4d17-aadb-a90156a16eb8,Descr='src\rserver\src\serverjobexecutor.cpp(1095):
60c686dc-798f-4d17-aadb-a90156a16eb8: Сеанс отсутствует или удален
ID=4f5e7a64-a9dd-409c-8ea5-b5d2ea5bb67d, File=d:\jenkins\ci_builder2\windowsbuild2\platform\src\rserver\src\rmngrcalls.cpp(364)'
34:52.735003-0,EXCP,4,process=rphost,p:processName=bi_bk3wk1_prod_01,OSThread=7316,t:clientID=4281,t:applicationName=BackgroundJob,t:computerName=DC2BUHAPP11,t:connectID=12359,SessionID=13006,Usr=Касымов Даулет Камитович,Exception=SeanceContextException,Descr='Сеанс отсутствует или удален
ID=4f5e7a64-a9dd-409c-8ea5-b5d2ea5bb67d, File=d:\jenkins\ci_builder2\windowsbuild2\platform\src\rserver\src\clusterdistribimpl.cpp(1439)'
34:52.735005-0,EXCP,3,process=rphost,p:processName=bi_bk3wk1_prod_01,OSThread=7316,t:clientID=4281,t:applicationName=BackgroundJob,t:computerName=DC2BUHAPP11,t:connectID=12359,SessionID=13006,Usr=Касымов Даулет Камитович,Exception=60c686dc-798f-4d17-aadb-a90156a16eb8,Descr='src\rserver\src\rmngrcalls.cpp(476):
60c686dc-798f-4d17-aadb-a90156a16eb8: Сеанс отсутствует или удален
ID=4f5e7a64-a9dd-409c-8ea5-b5d2ea5bb67d, File=d:\jenkins\ci_builder2\windowsbuild2\platform\src\rserver\src\clusterdistribimpl.cpp(1439)'
34:52.813006-0,EXCP,3,process=rphost,p:processName=bi_bk3wk1_prod_01,OSThread=7316,t:clientID=4281,t:applicationName=BackgroundJob,t:computerName=DC2BUHAPP11,t:connectID=12359,SessionID=13006,Usr=Касымов Даулет Камитович,Exception=SeanceContextException,Descr='Сеанс отсутствует или удален
ID=4f5e7a64-a9dd-409c-8ea5-b5d2ea5bb67d, File=d:\jenkins\ci_builder2\windowsbuild2\platform\src\rserver\src\rmngrcalls.cpp(364)'
35:45.079010-0,EXCP,0,process=rphost,OSThread=9892,ClientID=4267,Exception=NetDataExchangeException,Descr='server_addr=(2)10.225.32.15:60926 descr=2(0x00000002): Не удается найти указанный файл.  line=1149 file=d:\jenkins\ci_builder2\windowsbuild2\platform\src\rtrsrvc\src\dataexchangeserverimpl.cpp'
35:45.079011-0,EXCPCNTX,0,ClientComputerName=,ServerComputerName=,UserName=,ConnectString=
35:45.282006-0,EXCP,0,process=rphost,OSThread=6776,ClientID=4285,Exception=NetDataExchangeException,Descr='server_addr=(2)10.225.32.15:60993 descr=2(0x00000002): Не удается найти указанный файл.  line=1149 file=d:\jenkins\ci_builder2\windowsbuild2\platform\src\rtrsrvc\src\dataexchangeserverimpl.cpp'
35:45.282007-0,EXCPCNTX,0,ClientComputerName=,ServerComputerName=,UserName=,ConnectString=
36:01.454029-0,EXCP,2,process=rphost,p:processName=bi_bk3wk1_prod_01,OSThread=9012,t:clientID=4198,t:applicationName=WebServerExtension,t:computerName=DC1CISWEB02,t:connectID=12255,SessionID=13017,Usr=WSDooc,Exception=Messages list is not empty!
36:02.548012-0,EXCP,2,process=rphost,p:processName=bi_bk3wk1_prod_01,OSThread=9012,t:clientID=4198,t:applicationName=WebServerExtension,t:computerName=DC1CISWEB02,t:connectID=12255,SessionID=13019,Usr=WSDooc,Exception=Messages list is not empty!
39:01.850006-0,EXCP,2,process=rphost,p:processName=bi_bk3wk1_prod_01,OSThread=9012,t:clientID=4198,t:applicationName=WebServerExtension,t:computerName=DC1CISWEB02,t:connectID=12255,SessionID=13034,Usr=WSDooc,Exception=Messages list is not empty!
39:04.116004-0,EXCP,3,process=rphost,p:processName=bi_bk3wk1_prod_01,OSThread=9012,t:clientID=4198,t:applicationName=WebServerExtension,t:computerName=DC1CISWEB02,t:connectID=12255,SessionID=13036,Usr=WSDooc,Exception=Messages list is not empty!
39:06.256002-0,EXCP,3,process=rphost,p:processName=bi_bk3wk1_prod_01,OSThread=9012,t:clientID=4198,t:applicationName=WebServerExtension,t:computerName=DC1CISWEB02,t:connectID=12255,SessionID=13038,Usr=WSDooc,Exception=Messages list is not empty!
39:12.069002-0,EXCP,3,process=rphost,p:processName=bi_bk3wk1_prod_01,OSThread=9012,t:clientID=4198,t:applicationName=WebServerExtension,t:computerName=DC1CISWEB02,t:connectID=12255,SessionID=13042,Usr=WSDooc,Exception=Messages list is not empty!
39:15.522002-0,EXCP,3,process=rphost,p:processName=bi_bk3wk1_prod_01,OSThread=9012,t:clientID=4198,t:applicationName=WebServerExtension,t:computerName=DC1CISWEB02,t:connectID=12255,SessionID=13046,Usr=WSDooc,Exception=Messages list is not empty!
39:18.475002-0,EXCP,3,process=rphost,p:processName=bi_bk3wk1_prod_01,OSThread=9012,t:clientID=4198,t:applicationName=WebServerExtension,t:computerName=DC1CISWEB02,t:connectID=12255,SessionID=13048,Usr=WSDooc,Exception=Messages list is not empty!
39:21.475002-0,EXCP,3,process=rphost,p:processName=bi_bk3wk1_prod_01,OSThread=9012,t:clientID=4198,t:applicationName=WebServerExtension,t:computerName=DC1CISWEB02,t:connectID=12255,SessionID=13053,Usr=WSDooc,Exception=Messages list is not empty!
45:37.267029-0,EXCP,2,process=rphost,p:processName=bi_bk3wk1_prod_01,OSThread=276,t:clientID=2884,t:applicationName=1CV8C,t:computerName=DC2RDSH04,t:connectID=8955,SessionID=8830,Usr=Кутлюб Динара Рахимовна,AppID=1CV8C,Exception=580392e6-ba49-4280-ac67-fcd6f2180121,Descr='src\vrsbase\src\vresourceinfobaseimpl.cpp(1114):
580392e6-ba49-4280-ac67-fcd6f2180121: Неспецифицированная ошибка работы с ресурсом
Ошибка при выполнении запроса POST к ресурсу /e1cib/logForm:
8d366056-4d5a-4d88-a207-0ae535b7d28e: {Обработка.ОбменЭСФ.Форма.ВводДанныхИСЭСФ.Форма(526)}: Невозможно выполнить действие, т.к. для пользователя "WK1_Кутлюб_Динара_Рахимовна" не задан профиль ИС ЭСФ для работы с предприятием "BIGLOBAL  (бывший ТОО "АБК Құрылыс-1") ".'
47:50.826000-0,EXCP,0,process=rphost,OSThread=10420,ClientID=4286,Exception=NetDataExchangeException,Descr='server_addr=(2)10.225.32.15:61005 descr=2(0x00000002): Не удается найти указанный файл.  line=1149 file=d:\jenkins\ci_builder2\windowsbuild2\platform\src\rtrsrvc\src\dataexchangeserverimpl.cpp'
47:50.826001-0,EXCPCNTX,0,ClientComputerName=,ServerComputerName=,UserName=,ConnectString=
48:15.576000-0,EXCP,2,process=rphost,p:processName=bi_bk3wk1_prod_01,OSThread=7328,t:clientID=2884,t:applicationName=1CV8C,t:computerName=DC2RDSH04,t:connectID=8955,SessionID=8830,Usr=Кутлюб Динара Рахимовна,AppID=1CV8C,Exception=580392e6-ba49-4280-ac67-fcd6f2180121,Descr='src\vrsbase\src\vresourceinfobaseimpl.cpp(1114):
580392e6-ba49-4280-ac67-fcd6f2180121: Неспецифицированная ошибка работы с ресурсом
Ошибка при выполнении запроса POST к ресурсу /e1cib/logForm:
8d366056-4d5a-4d88-a207-0ae535b7d28e: {Обработка.ОбменЭСФ.Форма.ВводДанныхИСЭСФ.Форма(526)}: Невозможно выполнить действие, т.к. для пользователя "WK1_Кутлюб_Динара_Рахимовна" не задан профиль ИС ЭСФ для работы с предприятием "BIGLOBAL  (бывший ТОО "АБК Құрылыс-1") ".'
51:19.644000-0,EXCP,0,process=rphost,OSThread=9412,ClientID=4301,Exception=NetDataExchangeException,Descr='server_addr=(2)10.225.32.15:61055 descr=2(0x00000002): Не удается найти указанный файл.  line=1149 file=d:\jenkins\ci_builder2\windowsbuild2\platform\src\rtrsrvc\src\dataexchangeserverimpl.cpp'
51:19.644001-0,EXCPCNTX,0,ClientComputerName=,ServerComputerName=,UserName=,ConnectString=
51:24.785011-0,EXCP,2,process=rphost,p:processName=bi_bk3wk1_prod_01,OSThread=7328,t:clientID=2884,t:applicationName=1CV8C,t:computerName=DC2RDSH04,t:connectID=8955,SessionID=8830,Usr=Кутлюб Динара Рахимовна,AppID=1CV8C,Exception=580392e6-ba49-4280-ac67-fcd6f2180121,Descr='src\vrsbase\src\vresourceinfobaseimpl.cpp(1114):
580392e6-ba49-4280-ac67-fcd6f2180121: Неспецифицированная ошибка работы с ресурсом
Ошибка при выполнении запроса POST к ресурсу /e1cib/logForm:
8d366056-4d5a-4d88-a207-0ae535b7d28e: {Обработка.ОбменЭСФ.Форма.ВводДанныхИСЭСФ.Форма(526)}: Невозможно выполнить действие, т.к. для пользователя "WK1_Кутлюб_Динара_Рахимовна" не задан профиль ИС ЭСФ для работы с предприятием "BIGLOBAL  (бывший ТОО "АБК Құрылыс-1") ".'
52:07.567011-0,ADMIN,2,process=rphost,p:processName=ServerJobExecutorContext,OSThread=1568,t:clientID=4305,t:applicationName=JobScheduler,t:computerName=DC2BUHAPP11,Func=killClient,ClusterID=8aa94e2b-5d54-4b86-800b-79353ce39638,ConnectionID=d1e650ef-a11c-41cb-9c06-e59488eb46cb,Mode=0,Ref=bi_bk3wk1_prod_01(bi_bk3wk1_prod_01),Host=DC2BUHAPP11,Connection=12393,Administrator=Unknown,Result=Success
52:09.411033-0,EXCP,4,process=rphost,p:processName=bi_bk3wk1_prod_01,OSThread=7328,t:clientID=4311,t:applicationName=BackgroundJob,t:computerName=DC2BUHAPP11,t:connectID=12393,SessionID=13073,Usr=Павленко Жанна Александровна,Exception=SeanceContextException,Descr='Сеанс отсутствует или удален
ID=86d61390-7b5f-46c5-bd3c-7a01fdd83728, File=d:\jenkins\ci_builder2\windowsbuild2\platform\src\rserver\src\clusterdistribimpl.cpp(1439)'
52:09.411035-0,EXCP,3,process=rphost,p:processName=bi_bk3wk1_prod_01,OSThread=7328,t:clientID=4311,t:applicationName=BackgroundJob,t:computerName=DC2BUHAPP11,t:connectID=12393,SessionID=13073,Usr=Павленко Жанна Александровна,Exception=60c686dc-798f-4d17-aadb-a90156a16eb8,Descr='src\rserver\src\rmngrcalls.cpp(476):
60c686dc-798f-4d17-aadb-a90156a16eb8: Сеанс отсутствует или удален
ID=86d61390-7b5f-46c5-bd3c-7a01fdd83728, File=d:\jenkins\ci_builder2\windowsbuild2\platform\src\rserver\src\clusterdistribimpl.cpp(1439)'
52:09.614000-0,EXCP,3,process=rphost,p:processName=bi_bk3wk1_prod_01,OSThread=7328,t:clientID=4311,t:applicationName=BackgroundJob,t:computerName=DC2BUHAPP11,t:connectID=12393,SessionID=13073,Usr=Павленко Жанна Александровна,Exception=SeanceContextException,Descr='Сеанс отсутствует или удален
ID=86d61390-7b5f-46c5-bd3c-7a01fdd83728, File=d:\jenkins\ci_builder2\windowsbuild2\platform\src\rserver\src\rmngrcalls.cpp(364)'
52:09.614002-0,EXCP,3,process=rphost,p:processName=bi_bk3wk1_prod_01,OSThread=7328,t:clientID=4311,t:applicationName=BackgroundJob,t:computerName=DC2BUHAPP11,t:connectID=12393,SessionID=13073,Usr=Павленко Жанна Александровна,Exception=60c686dc-798f-4d17-aadb-a90156a16eb8,Descr='src\rserver\src\serverjobexecutor.cpp(1095):
60c686dc-798f-4d17-aadb-a90156a16eb8: Сеанс отсутствует или удален
ID=86d61390-7b5f-46c5-bd3c-7a01fdd83728, File=d:\jenkins\ci_builder2\windowsbuild2\platform\src\rserver\src\rmngrcalls.cpp(364)'
52:09.614010-0,EXCP,4,process=rphost,p:processName=bi_bk3wk1_prod_01,OSThread=7328,t:clientID=4311,t:applicationName=BackgroundJob,t:computerName=DC2BUHAPP11,t:connectID=12393,SessionID=13073,Usr=Павленко Жанна Александровна,Exception=SeanceContextException,Descr='Сеанс отсутствует или удален
ID=86d61390-7b5f-46c5-bd3c-7a01fdd83728, File=d:\jenkins\ci_builder2\windowsbuild2\platform\src\rserver\src\clusterdistribimpl.cpp(1439)'
52:09.614012-0,EXCP,3,process=rphost,p:processName=bi_bk3wk1_prod_01,OSThread=7328,t:clientID=4311,t:applicationName=BackgroundJob,t:computerName=DC2BUHAPP11,t:connectID=12393,SessionID=13073,Usr=Павленко Жанна Александровна,Exception=60c686dc-798f-4d17-aadb-a90156a16eb8,Descr='src\rserver\src\rmngrcalls.cpp(476):
60c686dc-798f-4d17-aadb-a90156a16eb8: Сеанс отсутствует или удален
ID=86d61390-7b5f-46c5-bd3c-7a01fdd83728, File=d:\jenkins\ci_builder2\windowsbuild2\platform\src\rserver\src\clusterdistribimpl.cpp(1439)'
52:09.817001-0,EXCP,3,process=rphost,p:processName=bi_bk3wk1_prod_01,OSThread=7328,t:clientID=4311,t:applicationName=BackgroundJob,t:computerName=DC2BUHAPP11,t:connectID=12393,SessionID=13073,Usr=Павленко Жанна Александровна,Exception=SeanceContextException,Descr='Сеанс отсутствует или удален
ID=86d61390-7b5f-46c5-bd3c-7a01fdd83728, File=d:\jenkins\ci_builder2\windowsbuild2\platform\src\rserver\src\rmngrcalls.cpp(364)'
52:45.724012-0,ADMIN,2,process=rphost,p:processName=ServerJobExecutorContext,OSThread=1568,t:clientID=4305,t:applicationName=JobScheduler,t:computerName=DC2BUHAPP11,Func=killClient,ClusterID=8aa94e2b-5d54-4b86-800b-79353ce39638,ConnectionID=368e6010-3dea-4440-9b93-19c073ffcc6f,Mode=0,Ref=bi_bk3wk1_prod_01(bi_bk3wk1_prod_01),Host=DC2BUHAPP11,Connection=12406,Administrator=Unknown,Result=Success
52:47.505001-0,EXCP,3,process=rphost,p:processName=bi_bk3wk1_prod_01,OSThread=276,t:clientID=4320,t:applicationName=BackgroundJob,t:computerName=DC2BUHAPP11,t:connectID=12406,SessionID=13086,Usr=Павленко Жанна Александровна,Exception=SeanceContextException,Descr='Сеанс отсутствует или удален
ID=1a1be069-189e-4f11-b846-3e72bc282b44, File=d:\jenkins\ci_builder2\windowsbuild2\platform\src\rserver\src\clusterdistribimpl.cpp(1439)'
52:47.505003-0,EXCP,2,process=rphost,p:processName=bi_bk3wk1_prod_01,OSThread=276,t:clientID=4320,t:applicationName=BackgroundJob,t:computerName=DC2BUHAPP11,t:connectID=12406,SessionID=13086,Usr=Павленко Жанна Александровна,Exception=60c686dc-798f-4d17-aadb-a90156a16eb8,Descr='src\rserver\src\rmngrcalls.cpp(476):
60c686dc-798f-4d17-aadb-a90156a16eb8: Сеанс отсутствует или удален
ID=1a1be069-189e-4f11-b846-3e72bc282b44, File=d:\jenkins\ci_builder2\windowsbuild2\platform\src\rserver\src\clusterdistribimpl.cpp(1439)'
52:47.708000-0,EXCP,2,process=rphost,p:processName=bi_bk3wk1_prod_01,OSThread=276,t:clientID=4320,t:applicationName=BackgroundJob,t:computerName=DC2BUHAPP11,t:connectID=12406,SessionID=13086,Usr=Павленко Жанна Александровна,Exception=SeanceContextException,Descr='Сеанс отсутствует или удален
ID=1a1be069-189e-4f11-b846-3e72bc282b44, File=d:\jenkins\ci_builder2\windowsbuild2\platform\src\rserver\src\rmngrcalls.cpp(364)'
52:47.708001-0,EXCP,2,process=rphost,p:processName=bi_bk3wk1_prod_01,OSThread=276,t:clientID=4320,t:applicationName=BackgroundJob,t:computerName=DC2BUHAPP11,t:connectID=12406,SessionID=13086,Usr=Павленко Жанна Александровна,Exception=60c686dc-798f-4d17-aadb-a90156a16eb8,Descr='src\rserver\src\serverjobexecutor.cpp(1095):
60c686dc-798f-4d17-aadb-a90156a16eb8: Сеанс отсутствует или удален
ID=1a1be069-189e-4f11-b846-3e72bc282b44, File=d:\jenkins\ci_builder2\windowsbuild2\platform\src\rserver\src\rmngrcalls.cpp(364)'
52:47.708003-0,EXCP,3,process=rphost,p:processName=bi_bk3wk1_prod_01,OSThread=276,t:clientID=4320,t:applicationName=BackgroundJob,t:computerName=DC2BUHAPP11,t:connectID=12406,SessionID=13086,Usr=Павленко Жанна Александровна,Exception=SeanceContextException,Descr='Сеанс отсутствует или удален
ID=1a1be069-189e-4f11-b846-3e72bc282b44, File=d:\jenkins\ci_builder2\windowsbuild2\platform\src\rserver\src\clusterdistribimpl.cpp(1439)'
52:47.708005-0,EXCP,2,process=rphost,p:processName=bi_bk3wk1_prod_01,OSThread=276,t:clientID=4320,t:applicationName=BackgroundJob,t:computerName=DC2BUHAPP11,t:connectID=12406,SessionID=13086,Usr=Павленко Жанна Александровна,Exception=60c686dc-798f-4d17-aadb-a90156a16eb8,Descr='src\rserver\src\rmngrcalls.cpp(476):
60c686dc-798f-4d17-aadb-a90156a16eb8: Сеанс отсутствует или удален
ID=1a1be069-189e-4f11-b846-3e72bc282b44, File=d:\jenkins\ci_builder2\windowsbuild2\platform\src\rserver\src\clusterdistribimpl.cpp(1439)'
52:47.911000-0,EXCP,2,process=rphost,p:processName=bi_bk3wk1_prod_01,OSThread=276,t:clientID=4320,t:applicationName=BackgroundJob,t:computerName=DC2BUHAPP11,t:connectID=12406,SessionID=13086,Usr=Павленко Жанна Александровна,Exception=SeanceContextException,Descr='Сеанс отсутствует или удален
ID=1a1be069-189e-4f11-b846-3e72bc282b44, File=d:\jenkins\ci_builder2\windowsbuild2\platform\src\rserver\src\rmngrcalls.cpp(364)'
54:22.304000-0,EXCP,0,process=rphost,OSThread=11048,ClientID=4304,Exception=NetDataExchangeException,Descr='server_addr=(2)10.225.32.15:61081 descr=2(0x00000002): Не удается найти указанный файл.  line=1149 file=d:\jenkins\ci_builder2\windowsbuild2\platform\src\rtrsrvc\src\dataexchangeserverimpl.cpp'
54:22.304001-0,EXCPCNTX,0,ClientComputerName=,ServerComputerName=,UserName=,ConnectString=
56:28.024000-0,EXCP,0,process=rphost,OSThread=9760,ClientID=4323,Exception=NetDataExchangeException,Descr='server_addr=(2)10.225.32.15:61106 descr=2(0x00000002): Не удается найти указанный файл.  line=1149 file=d:\jenkins\ci_builder2\windowsbuild2\platform\src\rtrsrvc\src\dataexchangeserverimpl.cpp'
56:28.024001-0,EXCPCNTX,0,ClientComputerName=,ServerComputerName=,UserName=,ConnectString=
56:28.243000-0,EXCP,0,process=rphost,OSThread=2304,ClientID=4328,Exception=NetDataExchangeException,Descr='server_addr=(2)10.225.32.15:61119 descr=2(0x00000002): Не удается найти указанный файл.  line=1149 file=d:\jenkins\ci_builder2\windowsbuild2\platform\src\rtrsrvc\src\dataexchangeserverimpl.cpp'
56:28.243001-0,EXCPCNTX,0,ClientComputerName=,ServerComputerName=,UserName=,ConnectString=
