00:06.928016-0,ADMIN,2,process=rphost,p:processName=ServerJobExecutorContext,OSThread=1140,t:clientID=3247,t:applicationName=JobScheduler,t:computerName=DC2BUHAPP11,Func=killClient,ClusterID=8aa94e2b-5d54-4b86-800b-79353ce39638,ConnectionID=8257a3d8-527a-49c0-ab74-34b2e266cb25,Mode=0,Ref=bi_bk3wk1_prod_01(bi_bk3wk1_prod_01),Host=DC2BUHAPP11,Connection=15102,Administrator=Unknown,Result=Success
00:07.881015-0,ADMIN,2,process=rphost,p:processName=ServerJobExecutorContext,OSThread=1140,t:clientID=3247,t:applicationName=JobScheduler,t:computerName=DC2BUHAPP11,Func=killClient,ClusterID=8aa94e2b-5d54-4b86-800b-79353ce39638,ConnectionID=39c17f1d-c5bc-46b4-a8b0-1087c2a4090f,Mode=0,Ref=bi_bk3wk1_prod_01(bi_bk3wk1_prod_01),Host=DC2BUHAPP11,Connection=15103,Administrator=Unknown,Result=Success
00:08.178008-0,EXCP,3,process=rphost,p:processName=bi_bk3wk1_prod_01,OSThread=5656,t:clientID=3289,t:applicationName=BackgroundJob,t:computerName=DC2BUHAPP11,t:connectID=15102,SessionID=8885,Usr=Аксанова Танзиля Нуруллаевна,Exception=SeanceContextException,Descr='Сеанс отсутствует или удален
ID=59a03ede-7d93-44eb-bb15-8830f3f91550, File=d:\jenkins\ci_builder2\windowsbuild2\platform\src\rserver\src\clusterdistribimpl.cpp(1439)'
00:08.178010-0,EXCP,2,process=rphost,p:processName=bi_bk3wk1_prod_01,OSThread=5656,t:clientID=3289,t:applicationName=BackgroundJob,t:computerName=DC2BUHAPP11,t:connectID=15102,SessionID=8885,Usr=Аксанова Танзиля Нуруллаевна,Exception=60c686dc-798f-4d17-aadb-a90156a16eb8,Descr='src\rserver\src\rmngrcalls.cpp(476):
60c686dc-798f-4d17-aadb-a90156a16eb8: Сеанс отсутствует или удален
ID=59a03ede-7d93-44eb-bb15-8830f3f91550, File=d:\jenkins\ci_builder2\windowsbuild2\platform\src\rserver\src\clusterdistribimpl.cpp(1439)'
00:08.288010-0,EXCP,3,process=rphost,p:processName=bi_bk3wk1_prod_01,OSThread=8792,t:clientID=3290,t:applicationName=BackgroundJob,t:computerName=DC2BUHAPP11,t:connectID=15103,SessionID=8886,Usr=Аксанова Танзиля Нуруллаевна,Exception=SeanceContextException,Descr='Сеанс отсутствует или удален
ID=c675d763-0b45-4c1a-ba32-5eec484ef1da, File=d:\jenkins\ci_builder2\windowsbuild2\platform\src\rserver\src\clusterdistribimpl.cpp(1439)'
00:08.288012-0,EXCP,2,process=rphost,p:processName=bi_bk3wk1_prod_01,OSThread=8792,t:clientID=3290,t:applicationName=BackgroundJob,t:computerName=DC2BUHAPP11,t:connectID=15103,SessionID=8886,Usr=Аксанова Танзиля Нуруллаевна,Exception=60c686dc-798f-4d17-aadb-a90156a16eb8,Descr='src\rserver\src\rmngrcalls.cpp(476):
60c686dc-798f-4d17-aadb-a90156a16eb8: Сеанс отсутствует или удален
ID=c675d763-0b45-4c1a-ba32-5eec484ef1da, File=d:\jenkins\ci_builder2\windowsbuild2\platform\src\rserver\src\clusterdistribimpl.cpp(1439)'
00:08.381000-0,EXCP,2,process=rphost,p:processName=bi_bk3wk1_prod_01,OSThread=5656,t:clientID=3289,t:applicationName=BackgroundJob,t:computerName=DC2BUHAPP11,t:connectID=15102,SessionID=8885,Usr=Аксанова Танзиля Нуруллаевна,Exception=SeanceContextException,Descr='Сеанс отсутствует или удален
ID=59a03ede-7d93-44eb-bb15-8830f3f91550, File=d:\jenkins\ci_builder2\windowsbuild2\platform\src\rserver\src\rmngrcalls.cpp(364)'
00:08.381001-0,EXCP,2,process=rphost,p:processName=bi_bk3wk1_prod_01,OSThread=5656,t:clientID=3289,t:applicationName=BackgroundJob,t:computerName=DC2BUHAPP11,t:connectID=15102,SessionID=8885,Usr=Аксанова Танзиля Нуруллаевна,Exception=60c686dc-798f-4d17-aadb-a90156a16eb8,Descr='src\rserver\src\serverjobexecutor.cpp(1095):
60c686dc-798f-4d17-aadb-a90156a16eb8: Сеанс отсутствует или удален
ID=59a03ede-7d93-44eb-bb15-8830f3f91550, File=d:\jenkins\ci_builder2\windowsbuild2\platform\src\rserver\src\rmngrcalls.cpp(364)'
00:08.381005-0,EXCP,3,process=rphost,p:processName=bi_bk3wk1_prod_01,OSThread=5656,t:clientID=3289,t:applicationName=BackgroundJob,t:computerName=DC2BUHAPP11,t:connectID=15102,SessionID=8885,Usr=Аксанова Танзиля Нуруллаевна,Exception=SeanceContextException,Descr='Сеанс отсутствует или удален
ID=59a03ede-7d93-44eb-bb15-8830f3f91550, File=d:\jenkins\ci_builder2\windowsbuild2\platform\src\rserver\src\clusterdistribimpl.cpp(1439)'
00:08.381007-0,EXCP,2,process=rphost,p:processName=bi_bk3wk1_prod_01,OSThread=5656,t:clientID=3289,t:applicationName=BackgroundJob,t:computerName=DC2BUHAPP11,t:connectID=15102,SessionID=8885,Usr=Аксанова Танзиля Нуруллаевна,Exception=60c686dc-798f-4d17-aadb-a90156a16eb8,Descr='src\rserver\src\rmngrcalls.cpp(476):
60c686dc-798f-4d17-aadb-a90156a16eb8: Сеанс отсутствует или удален
ID=59a03ede-7d93-44eb-bb15-8830f3f91550, File=d:\jenkins\ci_builder2\windowsbuild2\platform\src\rserver\src\clusterdistribimpl.cpp(1439)'
00:08.491000-0,EXCP,2,process=rphost,p:processName=bi_bk3wk1_prod_01,OSThread=8792,t:clientID=3290,t:applicationName=BackgroundJob,t:computerName=DC2BUHAPP11,t:connectID=15103,SessionID=8886,Usr=Аксанова Танзиля Нуруллаевна,Exception=SeanceContextException,Descr='Сеанс отсутствует или удален
ID=c675d763-0b45-4c1a-ba32-5eec484ef1da, File=d:\jenkins\ci_builder2\windowsbuild2\platform\src\rserver\src\rmngrcalls.cpp(364)'
00:08.491001-0,EXCP,2,process=rphost,p:processName=bi_bk3wk1_prod_01,OSThread=8792,t:clientID=3290,t:applicationName=BackgroundJob,t:computerName=DC2BUHAPP11,t:connectID=15103,SessionID=8886,Usr=Аксанова Танзиля Нуруллаевна,Exception=60c686dc-798f-4d17-aadb-a90156a16eb8,Descr='src\rserver\src\serverjobexecutor.cpp(1095):
60c686dc-798f-4d17-aadb-a90156a16eb8: Сеанс отсутствует или удален
ID=c675d763-0b45-4c1a-ba32-5eec484ef1da, File=d:\jenkins\ci_builder2\windowsbuild2\platform\src\rserver\src\rmngrcalls.cpp(364)'
00:08.491003-0,EXCP,3,process=rphost,p:processName=bi_bk3wk1_prod_01,OSThread=8792,t:clientID=3290,t:applicationName=BackgroundJob,t:computerName=DC2BUHAPP11,t:connectID=15103,SessionID=8886,Usr=Аксанова Танзиля Нуруллаевна,Exception=SeanceContextException,Descr='Сеанс отсутствует или удален
ID=c675d763-0b45-4c1a-ba32-5eec484ef1da, File=d:\jenkins\ci_builder2\windowsbuild2\platform\src\rserver\src\clusterdistribimpl.cpp(1439)'
00:08.491005-0,EXCP,2,process=rphost,p:processName=bi_bk3wk1_prod_01,OSThread=8792,t:clientID=3290,t:applicationName=BackgroundJob,t:computerName=DC2BUHAPP11,t:connectID=15103,SessionID=8886,Usr=Аксанова Танзиля Нуруллаевна,Exception=60c686dc-798f-4d17-aadb-a90156a16eb8,Descr='src\rserver\src\rmngrcalls.cpp(476):
60c686dc-798f-4d17-aadb-a90156a16eb8: Сеанс отсутствует или удален
ID=c675d763-0b45-4c1a-ba32-5eec484ef1da, File=d:\jenkins\ci_builder2\windowsbuild2\platform\src\rserver\src\clusterdistribimpl.cpp(1439)'
00:08.584000-0,EXCP,2,process=rphost,p:processName=bi_bk3wk1_prod_01,OSThread=5656,t:clientID=3289,t:applicationName=BackgroundJob,t:computerName=DC2BUHAPP11,t:connectID=15102,SessionID=8885,Usr=Аксанова Танзиля Нуруллаевна,Exception=SeanceContextException,Descr='Сеанс отсутствует или удален
ID=59a03ede-7d93-44eb-bb15-8830f3f91550, File=d:\jenkins\ci_builder2\windowsbuild2\platform\src\rserver\src\rmngrcalls.cpp(364)'
00:08.694000-0,EXCP,2,process=rphost,p:processName=bi_bk3wk1_prod_01,OSThread=8792,t:clientID=3290,t:applicationName=BackgroundJob,t:computerName=DC2BUHAPP11,t:connectID=15103,SessionID=8886,Usr=Аксанова Танзиля Нуруллаевна,Exception=SeanceContextException,Descr='Сеанс отсутствует или удален
ID=c675d763-0b45-4c1a-ba32-5eec484ef1da, File=d:\jenkins\ci_builder2\windowsbuild2\platform\src\rserver\src\rmngrcalls.cpp(364)'
01:45.462017-0,EXCP,2,process=rphost,p:processName=bi_bk3wk1_prod_01,OSThread=7892,t:clientID=2855,t:applicationName=1CV8C,t:computerName=DC3RDSH11,t:connectID=14173,SessionID=7918,Usr=Аксанова Танзиля Нуруллаевна,AppID=1CV8C,Exception=afd2b550-0d52-4e03-b448-15ed68d87ac5,Descr='src\basic\src\documentlogformobjcontroller.cpp(884):
afd2b550-0d52-4e03-b448-15ed68d87ac5
0d2200af-1696-4395-91e5-2872675e6d3d: Не удалось записать: "Журнал проводок (бухгалтерский учет)"!',Context=Форма.Записать : Документ.ПоступлениеТоваровУслуг.Форма.ФормаДокумента
01:45.525000-0,EXCP,2,process=rphost,p:processName=bi_bk3wk1_prod_01,OSThread=7892,t:clientID=2855,t:applicationName=1CV8C,t:computerName=DC3RDSH11,t:connectID=14173,SessionID=7918,Usr=Аксанова Танзиля Нуруллаевна,AppID=1CV8C,Exception=580392e6-ba49-4280-ac67-fcd6f2180121,Descr='src\vrsbase\src\vresourceinfobaseimpl.cpp(1114):
580392e6-ba49-4280-ac67-fcd6f2180121: Неспецифицированная ошибка работы с ресурсом
Ошибка при выполнении запроса POST к ресурсу /e1cib/logForm:
afd2b550-0d52-4e03-b448-15ed68d87ac5
0d2200af-1696-4395-91e5-2872675e6d3d: Не удалось записать: "Журнал проводок (бухгалтерский учет)"!'
03:29.024013-0,ADMIN,2,process=rphost,p:processName=ServerJobExecutorContext,OSThread=4276,t:clientID=3247,t:applicationName=JobScheduler,t:computerName=DC2BUHAPP11,Func=killClient,ClusterID=8aa94e2b-5d54-4b86-800b-79353ce39638,ConnectionID=d3914737-9249-418a-b9ae-42cdc22d15f0,Mode=0,Ref=bi_bk3wk1_prod_01(bi_bk3wk1_prod_01),Host=DC2BUHAPP11,Connection=15135,Administrator=Unknown,Result=Success
03:29.024022-0,EXCP,5,process=rphost,p:processName=bi_bk3wk1_prod_01,OSThread=7984,t:clientID=3298,t:applicationName=BackgroundJob,t:computerName=DC2BUHAPP11,t:connectID=15135,SessionID=8918,Usr=Аксанова Танзиля Нуруллаевна,DBMS=DBMSSQL,DataBase=CLSBUHDB01\bi_bk3wk1_prod_01,dbpid=286,Exception=DataBaseException,Descr='Соединение с сервером баз данных разорвано администратором
Microsoft SQL Server Native Client 11.0: Cannot continue the execution because the session is in the kill state.
HRESULT=80004005, SQLSrvr: SQLSTATE=HY000, state=1, Severity=15, native=596, line=0
'
03:29.024023-0,EXCPCNTX,0,ClientComputerName=DC2BUHAPP11,ServerComputerName=DC2BUHAPP11,UserName=Аксанова Танзиля Нуруллаевна,ConnectString='Srvr="DC2BUHAPP11:2541";Ref="bi_bk3wk1_prod_01";'
03:29.024024-2422016,EXCPCNTX,4,SrcName=DBMSSQL,process=rphost,p:processName=bi_bk3wk1_prod_01,OSThread=7984,t:clientID=3298,t:applicationName=BackgroundJob,t:computerName=DC2BUHAPP11,t:connectID=15135,SessionID=8918,Usr=Аксанова Танзиля Нуруллаевна,DBMS=DBMSSQL,DataBase=CLSBUHDB01\bi_bk3wk1_prod_01,Trans=0,dbpid=286,Sql="SELECT TOP 25
T1._IDRRef,
T1._Marked,
T1._ParentIDRRef,
CASE WHEN (T1._Folder = 0x00) THEN 0x01 ELSE 0x00 END,
T1._Code,
T1._Description,
T1._Fld15530,
T1._Fld15535,
T1._Fld15551,
T1._Fld15582,
CASE WHEN T1._PredefinedID > 0x00000000000000000000000000000000 THEN 0x01 ELSE 0x00 END
FROM dbo._Reference216 T1
WHERE ((T1._Fld750 = ?)) AND (((((T1._Code LIKE ? ESCAPE '/') OR (T1._Description LIKE ? ESCAPE '/')) OR (T1._Fld15530 LIKE ? ESCAPE '/')) OR (T1._Fld15535 LIKE ? ESCAPE '/')) AND ((((T1._Code LIKE ? ESCAPE '/') OR (T1._Description LIKE ? ESCAPE '/')) OR (T1._Fld15530 LIKE ? ESCAPE '/')) OR (T1._Fld15535 LIKE ? ESCAPE '/')) AND ((((T1._Code = ?) OR (T1._Description LIKE ? ESCAPE '/')) OR (T1._Fld15530 LIKE ? ESCAPE '/')) OR (T1._Fld15535 LIKE ? ESCAPE '/')))
ORDER BY (T1._Description), (T1._IDRRef)
p_0: 0N
p_1: '%3.%'
p_2: '%3.%'
p_3: '%3.%'
p_4: '%3.%'
p_5: '%Ип%'
p_6: '%Ип%'
p_7: '%Ип%'
p_8: '%Ип%'
p_9: 'Айтжанова'
p_10: '%Айтжанова%'
p_11: '%Айтжанова%'
p_12: '%Айтжанова%'
",Rows=0,RowsAffected=0
03:29.024025-2422018,EXCPCNTX,3,SrcName=SDBL,process=rphost,p:processName=bi_bk3wk1_prod_01,OSThread=7984,t:clientID=3298,t:applicationName=BackgroundJob,t:computerName=DC2BUHAPP11,t:connectID=15135,SessionID=8918,Usr=Аксанова Танзиля Нуруллаевна,DBMS=DBMSSQL,DataBase=CLSBUHDB01\bi_bk3wk1_prod_01,Trans=0,Sdbl='SELECT ALLOWED TOP 25
Q_000_T_001.ID sf_2,
Q_000_T_001.Marked,
Q_000_T_001.ParentID,
(NOT(Q_000_T_001.Folder)),
Q_000_T_001.Code,
Q_000_T_001.Description sf_1,
Q_000_T_001.Fld15530,
Q_000_T_001.Fld15535,
Q_000_T_001.Fld15551,
Q_000_T_001.Fld15582,
CASE
  WHEN Q_000_T_001.PredefinedID IS NULL THEN NULL
  WHEN Q_000_T_001.PredefinedID>0x00000000000000000000000000000000 THEN TRUE
  ELSE FALSE
END
FROM
Reference216 Q_000_T_001
WHERE
((((Q_000_T_001.Code LIKE "%3.%" ESCAPE "/") OR (Q_000_T_001.Description LIKE "%3.%" ESCAPE "/")) OR (Q_000_T_001.Fld15530 LIKE "%3.%" ESCAPE "/")) OR (Q_000_T_001.Fld15535 LIKE "%3.%" ESCAPE "/")) AND ((((Q_000_T_001.Code LIKE "%Ип%" ESCAPE "/") OR (Q_000_T_001.Description LIKE "%Ип%" ESCAPE "/")) OR (Q_000_T_001.Fld15530 LIKE "%Ип%" ESCAPE "/")) OR (Q_000_T_001.Fld15535 LIKE "%Ип%" ESCAPE "/")) AND ((((Q_000_T_001.Code = "Айтжанова") OR (Q_000_T_001.Description LIKE "%Айтжанова%" ESCAPE "/")) OR (Q_000_T_001.Fld15530 LIKE "%Айтжанова%" ESCAPE "/")) OR (Q_000_T_001.Fld15535 LIKE "%Айтжанова%" ESCAPE "/"))
ORDER BY
sf_1,
sf_2
'
03:29.024026-2422020,EXCPCNTX,2,SrcName=SDBL,process=rphost,p:processName=bi_bk3wk1_prod_01,OSThread=7984,t:clientID=3298,t:applicationName=BackgroundJob,t:computerName=DC2BUHAPP11,t:connectID=15135,SessionID=8918,Usr=Аксанова Танзиля Нуруллаевна,DBMS=DBMSSQL,DataBase=CLSBUHDB01\bi_bk3wk1_prod_01,Trans=0,Func=HoldConnection
03:29.024027-2625000,EXCPCNTX,1,SrcName=CALL,process=rphost,OSThread=7984,t:clientID=3298,Usr=Аксанова Танзиля Нуруллаевна,SessionID=8918(7918),p:processName=bi_bk3wk1_prod_01,Func=Dynamic list search,Form=Справочник.Контрагенты.Форма.ФормаВыбора,FormItem=Список,SearchString=3.	Ип Айтжанова
03:29.024028-2625002,EXCPCNTX,0,SrcName=CONN,process=rphost,OSThread=7984,t:clientID=3298
03:29.024072-0,QERR,2,process=rphost,p:processName=bi_bk3wk1_prod_01,OSThread=7984,t:clientID=3298,t:applicationName=BackgroundJob,t:computerName=DC2BUHAPP11,t:connectID=15135,SessionID=8918,Usr=Аксанова Танзиля Нуруллаевна,Descr='Соединение с сервером баз данных разорвано администратором
Microsoft SQL Server Native Client 11.0: Cannot continue the execution because the session is in the kill state.
HRESULT=80004005, SQLSrvr: SQLSTATE=HY000, state=1, Severity=15, native=596, line=0
',Query='ВЫБРАТЬ РАЗРЕШЕННЫЕ
	СправочникКонтрагенты.Ссылка КАК Ссылка,
	СправочникКонтрагенты.ПометкаУдаления КАК ПометкаУдаления,
	СправочникКонтрагенты.Родитель КАК Родитель,
	СправочникКонтрагенты.ЭтоГруппа КАК ЭтоГруппа,
	СправочникКонтрагенты.Код КАК Код,
	СправочникКонтрагенты.Наименование КАК Наименование,
	СправочникКонтрагенты.ИдентификационныйКодЛичности КАК ИдентификационныйКодЛичности,
	СправочникКонтрагенты.НаименованиеПолное КАК НаименованиеПолное,
	СправочникКонтрагенты.ПроблемныйКонтрагент КАК ПроблемныйКонтрагент,
	СправочникКонтрагенты.НедобросовестныйПодрядчик КАК НедобросовестныйПодрядчик,
	СправочникКонтрагенты.Предопределенный КАК Предопределенный
ИЗ
	Справочник.Контрагенты КАК СправочникКонтрагенты
ГДЕ
	(СправочникКонтрагенты.Код ПОДОБНО &П СПЕЦСИМВОЛ "/"
			ИЛИ СправочникКонтрагенты.Наименование ПОДОБНО &П СПЕЦСИМВОЛ "/"
			ИЛИ СправочникКонтрагенты.ИдентификационныйКодЛичности ПОДОБНО &П СПЕЦСИМВОЛ "/"
			ИЛИ СправочникКонтрагенты.НаименованиеПолное ПОДОБНО &П СПЕЦСИМВОЛ "/")
			И (СправочникКонтрагенты.Код ПОДОБНО &П2 СПЕЦСИМВОЛ "/"
				ИЛИ СправочникКонтрагенты.Наименование ПОДОБНО &П2 СПЕЦСИМВОЛ "/"
				ИЛИ СправочникКонтрагенты.ИдентификационныйКодЛичности ПОДОБНО &П2 СПЕЦСИМВОЛ "/"
				ИЛИ СправочникКонтрагенты.НаименованиеПолное ПОДОБНО &П2 СПЕЦСИМВОЛ "/")
			И (СправочникКонтрагенты.Код = &П3
				ИЛИ СправочникКонтрагенты.Наименование ПОДОБНО &П4 СПЕЦСИМВОЛ "/"
				ИЛИ СправочникКонтрагенты.ИдентификационныйКодЛичности ПОДОБНО &П4 СПЕЦСИМВОЛ "/"
				ИЛИ СправочникКонтрагенты.НаименованиеПолное ПОДОБНО &П4 СПЕЦСИМВОЛ "/")

УПОРЯДОЧИТЬ ПО
	Наименование,
	Ссылка'
03:29.024079-0,EXCP,2,process=rphost,p:processName=bi_bk3wk1_prod_01,OSThread=7984,t:clientID=3298,t:applicationName=BackgroundJob,t:computerName=DC2BUHAPP11,t:connectID=15135,SessionID=8918,Usr=Аксанова Танзиля Нуруллаевна,Exception=dc31263e-ecbf-41bd-9b3a-7b55897d5fd6,Descr='src\rserver\src\serverjobexecutor.cpp(1024):
dc31263e-ecbf-41bd-9b3a-7b55897d5fd6: Соединение с сервером баз данных разорвано администратором
Microsoft SQL Server Native Client 11.0: Cannot continue the execution because the session is in the kill state.
HRESULT=80004005, SQLSrvr: SQLSTATE=HY000, state=1, Severity=15, native=596, line=0
'
03:29.040006-0,EXCP,3,process=rphost,p:processName=bi_bk3wk1_prod_01,OSThread=7984,t:clientID=3298,t:applicationName=BackgroundJob,t:computerName=DC2BUHAPP11,t:connectID=15135,SessionID=8918,Usr=Аксанова Танзиля Нуруллаевна,Exception=SeanceContextException,Descr='Сеанс отсутствует или удален
ID=709d14cc-aafa-46a1-9e39-6d2caced9231, File=d:\jenkins\ci_builder2\windowsbuild2\platform\src\rserver\src\clusterdistribimpl.cpp(1439)'
03:29.040008-0,EXCP,2,process=rphost,p:processName=bi_bk3wk1_prod_01,OSThread=7984,t:clientID=3298,t:applicationName=BackgroundJob,t:computerName=DC2BUHAPP11,t:connectID=15135,SessionID=8918,Usr=Аксанова Танзиля Нуруллаевна,Exception=60c686dc-798f-4d17-aadb-a90156a16eb8,Descr='src\rserver\src\rmngrcalls.cpp(476):
60c686dc-798f-4d17-aadb-a90156a16eb8: Сеанс отсутствует или удален
ID=709d14cc-aafa-46a1-9e39-6d2caced9231, File=d:\jenkins\ci_builder2\windowsbuild2\platform\src\rserver\src\clusterdistribimpl.cpp(1439)'
03:29.243000-0,EXCP,2,process=rphost,p:processName=bi_bk3wk1_prod_01,OSThread=7984,t:clientID=3298,t:applicationName=BackgroundJob,t:computerName=DC2BUHAPP11,t:connectID=15135,SessionID=8918,Usr=Аксанова Танзиля Нуруллаевна,Exception=SeanceContextException,Descr='Сеанс отсутствует или удален
ID=709d14cc-aafa-46a1-9e39-6d2caced9231, File=d:\jenkins\ci_builder2\windowsbuild2\platform\src\rserver\src\rmngrcalls.cpp(364)'
03:29.243001-0,EXCP,2,process=rphost,p:processName=bi_bk3wk1_prod_01,OSThread=7984,t:clientID=3298,t:applicationName=BackgroundJob,t:computerName=DC2BUHAPP11,t:connectID=15135,SessionID=8918,Usr=Аксанова Танзиля Нуруллаевна,Exception=60c686dc-798f-4d17-aadb-a90156a16eb8,Descr='src\rserver\src\serverjobexecutor.cpp(1095):
60c686dc-798f-4d17-aadb-a90156a16eb8: Сеанс отсутствует или удален
ID=709d14cc-aafa-46a1-9e39-6d2caced9231, File=d:\jenkins\ci_builder2\windowsbuild2\platform\src\rserver\src\rmngrcalls.cpp(364)'
03:29.243003-0,EXCP,3,process=rphost,p:processName=bi_bk3wk1_prod_01,OSThread=7984,t:clientID=3298,t:applicationName=BackgroundJob,t:computerName=DC2BUHAPP11,t:connectID=15135,SessionID=8918,Usr=Аксанова Танзиля Нуруллаевна,Exception=SeanceContextException,Descr='Сеанс отсутствует или удален
ID=709d14cc-aafa-46a1-9e39-6d2caced9231, File=d:\jenkins\ci_builder2\windowsbuild2\platform\src\rserver\src\clusterdistribimpl.cpp(1439)'
03:29.243005-0,EXCP,2,process=rphost,p:processName=bi_bk3wk1_prod_01,OSThread=7984,t:clientID=3298,t:applicationName=BackgroundJob,t:computerName=DC2BUHAPP11,t:connectID=15135,SessionID=8918,Usr=Аксанова Танзиля Нуруллаевна,Exception=60c686dc-798f-4d17-aadb-a90156a16eb8,Descr='src\rserver\src\rmngrcalls.cpp(476):
60c686dc-798f-4d17-aadb-a90156a16eb8: Сеанс отсутствует или удален
ID=709d14cc-aafa-46a1-9e39-6d2caced9231, File=d:\jenkins\ci_builder2\windowsbuild2\platform\src\rserver\src\clusterdistribimpl.cpp(1439)'
03:29.446000-0,EXCP,2,process=rphost,p:processName=bi_bk3wk1_prod_01,OSThread=7984,t:clientID=3298,t:applicationName=BackgroundJob,t:computerName=DC2BUHAPP11,t:connectID=15135,SessionID=8918,Usr=Аксанова Танзиля Нуруллаевна,Exception=SeanceContextException,Descr='Сеанс отсутствует или удален
ID=709d14cc-aafa-46a1-9e39-6d2caced9231, File=d:\jenkins\ci_builder2\windowsbuild2\platform\src\rserver\src\rmngrcalls.cpp(364)'
03:46.040000-0,EXCP,0,process=rphost,OSThread=124,ClientID=1655,Exception=NetDataExchangeException,Descr='server_addr=(2)10.224.32.248:53231 descr=10054(0x00002746): Удаленный хост принудительно разорвал существующее подключение.  line=2273 file=d:\jenkins\ci_builder2\windowsbuild2\platform\src\rtrsrvc\src\dataexchangeserverimpl.cpp'
03:46.040001-0,EXCP,0,process=rphost,OSThread=1000,ClientID=1663,Exception=NetDataExchangeException,Descr='server_addr=(2)10.224.32.248:53242 descr=10054(0x00002746): Удаленный хост принудительно разорвал существующее подключение.  line=1149 file=d:\jenkins\ci_builder2\windowsbuild2\platform\src\rtrsrvc\src\dataexchangeserverimpl.cpp'
03:46.040002-0,EXCPCNTX,0,ClientComputerName=,ServerComputerName=,UserName=,ConnectString=
03:46.040003-0,EXCPCNTX,0,ClientComputerName=,ServerComputerName=,UserName=,ConnectString=
06:16.308015-0,ADMIN,2,process=rphost,p:processName=ServerJobExecutorContext,OSThread=1140,t:clientID=3247,t:applicationName=JobScheduler,t:computerName=DC2BUHAPP11,Func=killClient,ClusterID=8aa94e2b-5d54-4b86-800b-79353ce39638,ConnectionID=8b8359d5-8b26-4d18-ac31-298d740986c0,Mode=0,Ref=bi_bk3wk1_prod_01(bi_bk3wk1_prod_01),Host=DC2BUHAPP11,Connection=15164,Administrator=Unknown,Result=Success
06:16.793000-0,EXCP,3,process=rphost,p:processName=bi_bk3wk1_prod_01,OSThread=8208,t:clientID=3304,t:applicationName=BackgroundJob,t:computerName=DC2BUHAPP11,t:connectID=15164,SessionID=8947,Usr=Аксанова Танзиля Нуруллаевна,Exception=SeanceContextException,Descr='Сеанс отсутствует или удален
ID=4f395378-ed73-4d41-879d-05a8b3c72a62, File=d:\jenkins\ci_builder2\windowsbuild2\platform\src\rserver\src\clusterdistribimpl.cpp(1439)'
06:16.793002-0,EXCP,2,process=rphost,p:processName=bi_bk3wk1_prod_01,OSThread=8208,t:clientID=3304,t:applicationName=BackgroundJob,t:computerName=DC2BUHAPP11,t:connectID=15164,SessionID=8947,Usr=Аксанова Танзиля Нуруллаевна,Exception=60c686dc-798f-4d17-aadb-a90156a16eb8,Descr='src\rserver\src\rmngrcalls.cpp(476):
60c686dc-798f-4d17-aadb-a90156a16eb8: Сеанс отсутствует или удален
ID=4f395378-ed73-4d41-879d-05a8b3c72a62, File=d:\jenkins\ci_builder2\windowsbuild2\platform\src\rserver\src\clusterdistribimpl.cpp(1439)'
06:16.964015-0,ADMIN,2,process=rphost,p:processName=ServerJobExecutorContext,OSThread=1140,t:clientID=3247,t:applicationName=JobScheduler,t:computerName=DC2BUHAPP11,Func=killClient,ClusterID=8aa94e2b-5d54-4b86-800b-79353ce39638,ConnectionID=98f67498-9e7d-439f-854b-0cd1d605a8c6,Mode=0,Ref=bi_bk3wk1_prod_01(bi_bk3wk1_prod_01),Host=DC2BUHAPP11,Connection=15165,Administrator=Unknown,Result=Success
06:16.996000-0,EXCP,2,process=rphost,p:processName=bi_bk3wk1_prod_01,OSThread=8208,t:clientID=3304,t:applicationName=BackgroundJob,t:computerName=DC2BUHAPP11,t:connectID=15164,SessionID=8947,Usr=Аксанова Танзиля Нуруллаевна,Exception=SeanceContextException,Descr='Сеанс отсутствует или удален
ID=4f395378-ed73-4d41-879d-05a8b3c72a62, File=d:\jenkins\ci_builder2\windowsbuild2\platform\src\rserver\src\rmngrcalls.cpp(364)'
06:16.996001-0,EXCP,2,process=rphost,p:processName=bi_bk3wk1_prod_01,OSThread=8208,t:clientID=3304,t:applicationName=BackgroundJob,t:computerName=DC2BUHAPP11,t:connectID=15164,SessionID=8947,Usr=Аксанова Танзиля Нуруллаевна,Exception=60c686dc-798f-4d17-aadb-a90156a16eb8,Descr='src\rserver\src\serverjobexecutor.cpp(1095):
60c686dc-798f-4d17-aadb-a90156a16eb8: Сеанс отсутствует или удален
ID=4f395378-ed73-4d41-879d-05a8b3c72a62, File=d:\jenkins\ci_builder2\windowsbuild2\platform\src\rserver\src\rmngrcalls.cpp(364)'
06:16.996015-0,EXCP,3,process=rphost,p:processName=bi_bk3wk1_prod_01,OSThread=8208,t:clientID=3304,t:applicationName=BackgroundJob,t:computerName=DC2BUHAPP11,t:connectID=15164,SessionID=8947,Usr=Аксанова Танзиля Нуруллаевна,Exception=SeanceContextException,Descr='Сеанс отсутствует или удален
ID=4f395378-ed73-4d41-879d-05a8b3c72a62, File=d:\jenkins\ci_builder2\windowsbuild2\platform\src\rserver\src\clusterdistribimpl.cpp(1439)'
06:16.996017-0,EXCP,2,process=rphost,p:processName=bi_bk3wk1_prod_01,OSThread=8208,t:clientID=3304,t:applicationName=BackgroundJob,t:computerName=DC2BUHAPP11,t:connectID=15164,SessionID=8947,Usr=Аксанова Танзиля Нуруллаевна,Exception=60c686dc-798f-4d17-aadb-a90156a16eb8,Descr='src\rserver\src\rmngrcalls.cpp(476):
60c686dc-798f-4d17-aadb-a90156a16eb8: Сеанс отсутствует или удален
ID=4f395378-ed73-4d41-879d-05a8b3c72a62, File=d:\jenkins\ci_builder2\windowsbuild2\platform\src\rserver\src\clusterdistribimpl.cpp(1439)'
06:17.199000-0,EXCP,2,process=rphost,p:processName=bi_bk3wk1_prod_01,OSThread=8208,t:clientID=3304,t:applicationName=BackgroundJob,t:computerName=DC2BUHAPP11,t:connectID=15164,SessionID=8947,Usr=Аксанова Танзиля Нуруллаевна,Exception=SeanceContextException,Descr='Сеанс отсутствует или удален
ID=4f395378-ed73-4d41-879d-05a8b3c72a62, File=d:\jenkins\ci_builder2\windowsbuild2\platform\src\rserver\src\rmngrcalls.cpp(364)'
06:17.339016-0,EXCP,3,process=rphost,p:processName=bi_bk3wk1_prod_01,OSThread=7892,t:clientID=3305,t:applicationName=BackgroundJob,t:computerName=DC2BUHAPP11,t:connectID=15165,SessionID=8948,Usr=Аксанова Танзиля Нуруллаевна,Exception=SeanceContextException,Descr='Сеанс отсутствует или удален
ID=17b83d72-756f-47eb-998f-7c5fd841fc05, File=d:\jenkins\ci_builder2\windowsbuild2\platform\src\rserver\src\clusterdistribimpl.cpp(1439)'
06:17.339018-0,EXCP,2,process=rphost,p:processName=bi_bk3wk1_prod_01,OSThread=7892,t:clientID=3305,t:applicationName=BackgroundJob,t:computerName=DC2BUHAPP11,t:connectID=15165,SessionID=8948,Usr=Аксанова Танзиля Нуруллаевна,Exception=60c686dc-798f-4d17-aadb-a90156a16eb8,Descr='src\rserver\src\rmngrcalls.cpp(476):
60c686dc-798f-4d17-aadb-a90156a16eb8: Сеанс отсутствует или удален
ID=17b83d72-756f-47eb-998f-7c5fd841fc05, File=d:\jenkins\ci_builder2\windowsbuild2\platform\src\rserver\src\clusterdistribimpl.cpp(1439)'
06:17.386006-0,EXCP,2,process=rphost,p:processName=bi_bk3wk1_prod_01,OSThread=7892,t:clientID=3305,t:applicationName=BackgroundJob,t:computerName=DC2BUHAPP11,t:connectID=15165,SessionID=8948,Usr=Аксанова Танзиля Нуруллаевна,Exception=SeanceContextException,Descr='Сеанс отсутствует или удален
ID=17b83d72-756f-47eb-998f-7c5fd841fc05, File=d:\jenkins\ci_builder2\windowsbuild2\platform\src\rserver\src\rmngrcalls.cpp(364)'
06:17.386007-0,EXCP,2,process=rphost,p:processName=bi_bk3wk1_prod_01,OSThread=7892,t:clientID=3305,t:applicationName=BackgroundJob,t:computerName=DC2BUHAPP11,t:connectID=15165,SessionID=8948,Usr=Аксанова Танзиля Нуруллаевна,Exception=60c686dc-798f-4d17-aadb-a90156a16eb8,Descr='src\rserver\src\serverjobexecutor.cpp(1095):
60c686dc-798f-4d17-aadb-a90156a16eb8: Сеанс отсутствует или удален
ID=17b83d72-756f-47eb-998f-7c5fd841fc05, File=d:\jenkins\ci_builder2\windowsbuild2\platform\src\rserver\src\rmngrcalls.cpp(364)'
06:17.386009-0,EXCP,3,process=rphost,p:processName=bi_bk3wk1_prod_01,OSThread=7892,t:clientID=3305,t:applicationName=BackgroundJob,t:computerName=DC2BUHAPP11,t:connectID=15165,SessionID=8948,Usr=Аксанова Танзиля Нуруллаевна,Exception=SeanceContextException,Descr='Сеанс отсутствует или удален
ID=17b83d72-756f-47eb-998f-7c5fd841fc05, File=d:\jenkins\ci_builder2\windowsbuild2\platform\src\rserver\src\clusterdistribimpl.cpp(1439)'
06:17.386011-0,EXCP,2,process=rphost,p:processName=bi_bk3wk1_prod_01,OSThread=7892,t:clientID=3305,t:applicationName=BackgroundJob,t:computerName=DC2BUHAPP11,t:connectID=15165,SessionID=8948,Usr=Аксанова Танзиля Нуруллаевна,Exception=60c686dc-798f-4d17-aadb-a90156a16eb8,Descr='src\rserver\src\rmngrcalls.cpp(476):
60c686dc-798f-4d17-aadb-a90156a16eb8: Сеанс отсутствует или удален
ID=17b83d72-756f-47eb-998f-7c5fd841fc05, File=d:\jenkins\ci_builder2\windowsbuild2\platform\src\rserver\src\clusterdistribimpl.cpp(1439)'
06:17.589000-0,EXCP,2,process=rphost,p:processName=bi_bk3wk1_prod_01,OSThread=7892,t:clientID=3305,t:applicationName=BackgroundJob,t:computerName=DC2BUHAPP11,t:connectID=15165,SessionID=8948,Usr=Аксанова Танзиля Нуруллаевна,Exception=SeanceContextException,Descr='Сеанс отсутствует или удален
ID=17b83d72-756f-47eb-998f-7c5fd841fc05, File=d:\jenkins\ci_builder2\windowsbuild2\platform\src\rserver\src\rmngrcalls.cpp(364)'
07:15.332009-0,EXCP,2,process=rphost,p:processName=bi_bk3wk1_prod_01,OSThread=4240,t:clientID=2777,t:applicationName=1CV8C,t:computerName=DC2RDSH19,t:connectID=13969,SessionID=7692,Usr=WK1_Жанияр_Ғайни_Сағындыққызы,AppID=1CV8C,Exception=afd2b550-0d52-4e03-b448-15ed68d87ac5,Descr='src\basic\src\documentlogformobjcontroller.cpp(884):
afd2b550-0d52-4e03-b448-15ed68d87ac5
0d2200af-1696-4395-91e5-2872675e6d3d: Не удалось провести "Поступление ТМЗ и услуг KR100003015 от 23.04.2020 10:00:00"!',Context=Форма.Записать : Документ.ПоступлениеТоваровУслуг.Форма.ФормаДокумента
07:15.411000-0,EXCP,2,process=rphost,p:processName=bi_bk3wk1_prod_01,OSThread=4240,t:clientID=2777,t:applicationName=1CV8C,t:computerName=DC2RDSH19,t:connectID=13969,SessionID=7692,Usr=WK1_Жанияр_Ғайни_Сағындыққызы,AppID=1CV8C,Exception=580392e6-ba49-4280-ac67-fcd6f2180121,Descr='src\vrsbase\src\vresourceinfobaseimpl.cpp(1114):
580392e6-ba49-4280-ac67-fcd6f2180121: Неспецифицированная ошибка работы с ресурсом
Ошибка при выполнении запроса POST к ресурсу /e1cib/logForm:
afd2b550-0d52-4e03-b448-15ed68d87ac5
0d2200af-1696-4395-91e5-2872675e6d3d: Не удалось провести "Поступление ТМЗ и услуг KR100003015 от 23.04.2020 10:00:00"!'
12:47.482000-0,EXCP,0,process=rphost,OSThread=5172,ClientID=1584,Exception=NetDataExchangeException,Descr='server_addr=(2)10.225.32.60:61335 descr=10054(0x00002746): Удаленный хост принудительно разорвал существующее подключение.  line=1149 file=d:\jenkins\ci_builder2\windowsbuild2\platform\src\rtrsrvc\src\dataexchangeserverimpl.cpp'
12:47.482001-0,EXCPCNTX,0,ClientComputerName=,ServerComputerName=,UserName=,ConnectString=
12:47.498000-0,EXCP,0,process=rphost,OSThread=8852,ClientID=1631,Exception=NetDataExchangeException,Descr='server_addr=(2)10.225.32.60:61360 descr=10054(0x00002746): Удаленный хост принудительно разорвал существующее подключение.  line=2273 file=d:\jenkins\ci_builder2\windowsbuild2\platform\src\rtrsrvc\src\dataexchangeserverimpl.cpp'
12:47.498001-0,EXCPCNTX,0,ClientComputerName=,ServerComputerName=,UserName=,ConnectString=
15:03.406000-0,EXCP,0,process=rphost,OSThread=3924,ClientID=1653,Exception=NetDataExchangeException,Descr='server_addr=(2)10.225.32.43:53223 descr=10054(0x00002746): Удаленный хост принудительно разорвал существующее подключение.  line=1149 file=d:\jenkins\ci_builder2\windowsbuild2\platform\src\rtrsrvc\src\dataexchangeserverimpl.cpp'
15:03.406002-0,EXCPCNTX,0,ClientComputerName=,ServerComputerName=,UserName=,ConnectString=
15:03.406001-0,EXCP,0,process=rphost,OSThread=4056,ClientID=1652,Exception=NetDataExchangeException,Descr='server_addr=(2)10.225.32.43:53220 descr=10054(0x00002746): Удаленный хост принудительно разорвал существующее подключение.  line=1149 file=d:\jenkins\ci_builder2\windowsbuild2\platform\src\rtrsrvc\src\dataexchangeserverimpl.cpp'
15:03.406003-0,EXCPCNTX,0,ClientComputerName=,ServerComputerName=,UserName=,ConnectString=
15:16.281000-0,EXCP,0,process=rphost,OSThread=6340,ClientID=1643,Exception=NetDataExchangeException,Descr='server_addr=(2)10.224.32.209:53113 descr=10054(0x00002746): Удаленный хост принудительно разорвал существующее подключение.  line=1149 file=d:\jenkins\ci_builder2\windowsbuild2\platform\src\rtrsrvc\src\dataexchangeserverimpl.cpp'
15:16.281001-0,EXCP,0,process=rphost,OSThread=3280,ClientID=1626,Exception=NetDataExchangeException,Descr='server_addr=(2)10.224.32.209:52925 descr=10054(0x00002746): Удаленный хост принудительно разорвал существующее подключение.  line=1149 file=d:\jenkins\ci_builder2\windowsbuild2\platform\src\rtrsrvc\src\dataexchangeserverimpl.cpp'
15:16.281002-0,EXCPCNTX,0,ClientComputerName=,ServerComputerName=,UserName=,ConnectString=
15:16.281003-0,EXCPCNTX,0,ClientComputerName=,ServerComputerName=,UserName=,ConnectString=
31:15.087013-0,EXCP,2,process=rphost,p:processName=bi_bk3wk1_prod_01,OSThread=8852,t:clientID=2777,t:applicationName=1CV8C,t:computerName=DC2RDSH19,t:connectID=13969,SessionID=7692,Usr=WK1_Жанияр_Ғайни_Сағындыққызы,AppID=1CV8C,Exception=afd2b550-0d52-4e03-b448-15ed68d87ac5,Descr='src\basic\src\documentlogformobjcontroller.cpp(884):
afd2b550-0d52-4e03-b448-15ed68d87ac5
0d2200af-1696-4395-91e5-2872675e6d3d: Не удалось провести: "Перемещение ТМЗ"!',Context=Форма.Записать : Документ.ПеремещениеТоваров.Форма.ФормаДокумента
31:15.103000-0,EXCP,2,process=rphost,p:processName=bi_bk3wk1_prod_01,OSThread=8852,t:clientID=2777,t:applicationName=1CV8C,t:computerName=DC2RDSH19,t:connectID=13969,SessionID=7692,Usr=WK1_Жанияр_Ғайни_Сағындыққызы,AppID=1CV8C,Exception=580392e6-ba49-4280-ac67-fcd6f2180121,Descr='src\vrsbase\src\vresourceinfobaseimpl.cpp(1114):
580392e6-ba49-4280-ac67-fcd6f2180121: Неспецифицированная ошибка работы с ресурсом
Ошибка при выполнении запроса POST к ресурсу /e1cib/logForm:
afd2b550-0d52-4e03-b448-15ed68d87ac5
0d2200af-1696-4395-91e5-2872675e6d3d: Не удалось провести: "Перемещение ТМЗ"!'
32:21.807009-0,EXCP,2,process=rphost,p:processName=bi_bk3wk1_prod_01,OSThread=7248,t:clientID=2777,t:applicationName=1CV8C,t:computerName=DC2RDSH19,t:connectID=13969,SessionID=7692,Usr=WK1_Жанияр_Ғайни_Сағындыққызы,AppID=1CV8C,Exception=afd2b550-0d52-4e03-b448-15ed68d87ac5,Descr='src\basic\src\documentlogformobjcontroller.cpp(884):
afd2b550-0d52-4e03-b448-15ed68d87ac5
0d2200af-1696-4395-91e5-2872675e6d3d: Не удалось провести "Перемещение ТМЗ TRG00000052 от 30.04.2020 10:00:00"!',Context=Форма.Записать : Документ.ПеремещениеТоваров.Форма.ФормаДокумента
32:21.823014-0,EXCP,2,process=rphost,p:processName=bi_bk3wk1_prod_01,OSThread=7248,t:clientID=2777,t:applicationName=1CV8C,t:computerName=DC2RDSH19,t:connectID=13969,SessionID=7692,Usr=WK1_Жанияр_Ғайни_Сағындыққызы,AppID=1CV8C,Exception=580392e6-ba49-4280-ac67-fcd6f2180121,Descr='src\vrsbase\src\vresourceinfobaseimpl.cpp(1114):
580392e6-ba49-4280-ac67-fcd6f2180121: Неспецифицированная ошибка работы с ресурсом
Ошибка при выполнении запроса POST к ресурсу /e1cib/logForm:
afd2b550-0d52-4e03-b448-15ed68d87ac5
0d2200af-1696-4395-91e5-2872675e6d3d: Не удалось провести "Перемещение ТМЗ TRG00000052 от 30.04.2020 10:00:00"!'
35:05.465014-0,ADMIN,2,process=rphost,p:processName=ServerJobExecutorContext,OSThread=4276,t:clientID=3372,t:applicationName=JobScheduler,t:computerName=DC2BUHAPP11,Func=killClient,ClusterID=8aa94e2b-5d54-4b86-800b-79353ce39638,ConnectionID=9daee44e-a1eb-4ed8-b1c4-07d8c166c68b,Mode=0,Ref=bi_bk3wk1_prod_01(bi_bk3wk1_prod_01),Host=DC2BUHAPP11,Connection=15386,Administrator=Unknown,Result=Success
35:05.903014-0,ADMIN,2,process=rphost,p:processName=ServerJobExecutorContext,OSThread=4276,t:clientID=3372,t:applicationName=JobScheduler,t:computerName=DC2BUHAPP11,Func=killClient,ClusterID=8aa94e2b-5d54-4b86-800b-79353ce39638,ConnectionID=df2b313d-3c86-4ddc-b111-1fe440fc4e0a,Mode=0,Ref=bi_bk3wk1_prod_01(bi_bk3wk1_prod_01),Host=DC2BUHAPP11,Connection=15387,Administrator=Unknown,Result=Success
35:06.059003-0,EXCP,3,process=rphost,p:processName=bi_bk3wk1_prod_01,OSThread=8852,t:clientID=3378,t:applicationName=BackgroundJob,t:computerName=DC2BUHAPP11,t:connectID=15386,SessionID=9057,Usr=Аксанова Танзиля Нуруллаевна,Exception=SeanceContextException,Descr='Сеанс отсутствует или удален
ID=ada2a3f2-4d73-4e9f-967f-abb173b56330, File=d:\jenkins\ci_builder2\windowsbuild2\platform\src\rserver\src\clusterdistribimpl.cpp(1439)'
35:06.059005-0,EXCP,2,process=rphost,p:processName=bi_bk3wk1_prod_01,OSThread=8852,t:clientID=3378,t:applicationName=BackgroundJob,t:computerName=DC2BUHAPP11,t:connectID=15386,SessionID=9057,Usr=Аксанова Танзиля Нуруллаевна,Exception=60c686dc-798f-4d17-aadb-a90156a16eb8,Descr='src\rserver\src\rmngrcalls.cpp(476):
60c686dc-798f-4d17-aadb-a90156a16eb8: Сеанс отсутствует или удален
ID=ada2a3f2-4d73-4e9f-967f-abb173b56330, File=d:\jenkins\ci_builder2\windowsbuild2\platform\src\rserver\src\clusterdistribimpl.cpp(1439)'
35:06.262000-0,EXCP,2,process=rphost,p:processName=bi_bk3wk1_prod_01,OSThread=8852,t:clientID=3378,t:applicationName=BackgroundJob,t:computerName=DC2BUHAPP11,t:connectID=15386,SessionID=9057,Usr=Аксанова Танзиля Нуруллаевна,Exception=SeanceContextException,Descr='Сеанс отсутствует или удален
ID=ada2a3f2-4d73-4e9f-967f-abb173b56330, File=d:\jenkins\ci_builder2\windowsbuild2\platform\src\rserver\src\rmngrcalls.cpp(364)'
35:06.262001-0,EXCP,2,process=rphost,p:processName=bi_bk3wk1_prod_01,OSThread=8852,t:clientID=3378,t:applicationName=BackgroundJob,t:computerName=DC2BUHAPP11,t:connectID=15386,SessionID=9057,Usr=Аксанова Танзиля Нуруллаевна,Exception=60c686dc-798f-4d17-aadb-a90156a16eb8,Descr='src\rserver\src\serverjobexecutor.cpp(1095):
60c686dc-798f-4d17-aadb-a90156a16eb8: Сеанс отсутствует или удален
ID=ada2a3f2-4d73-4e9f-967f-abb173b56330, File=d:\jenkins\ci_builder2\windowsbuild2\platform\src\rserver\src\rmngrcalls.cpp(364)'
35:06.262003-0,EXCP,3,process=rphost,p:processName=bi_bk3wk1_prod_01,OSThread=8852,t:clientID=3378,t:applicationName=BackgroundJob,t:computerName=DC2BUHAPP11,t:connectID=15386,SessionID=9057,Usr=Аксанова Танзиля Нуруллаевна,Exception=SeanceContextException,Descr='Сеанс отсутствует или удален
ID=ada2a3f2-4d73-4e9f-967f-abb173b56330, File=d:\jenkins\ci_builder2\windowsbuild2\platform\src\rserver\src\clusterdistribimpl.cpp(1439)'
35:06.262005-0,EXCP,2,process=rphost,p:processName=bi_bk3wk1_prod_01,OSThread=8852,t:clientID=3378,t:applicationName=BackgroundJob,t:computerName=DC2BUHAPP11,t:connectID=15386,SessionID=9057,Usr=Аксанова Танзиля Нуруллаевна,Exception=60c686dc-798f-4d17-aadb-a90156a16eb8,Descr='src\rserver\src\rmngrcalls.cpp(476):
60c686dc-798f-4d17-aadb-a90156a16eb8: Сеанс отсутствует или удален
ID=ada2a3f2-4d73-4e9f-967f-abb173b56330, File=d:\jenkins\ci_builder2\windowsbuild2\platform\src\rserver\src\clusterdistribimpl.cpp(1439)'
35:06.465000-0,EXCP,2,process=rphost,p:processName=bi_bk3wk1_prod_01,OSThread=8852,t:clientID=3378,t:applicationName=BackgroundJob,t:computerName=DC2BUHAPP11,t:connectID=15386,SessionID=9057,Usr=Аксанова Танзиля Нуруллаевна,Exception=SeanceContextException,Descr='Сеанс отсутствует или удален
ID=ada2a3f2-4d73-4e9f-967f-abb173b56330, File=d:\jenkins\ci_builder2\windowsbuild2\platform\src\rserver\src\rmngrcalls.cpp(364)'
35:06.606000-0,EXCP,3,process=rphost,p:processName=bi_bk3wk1_prod_01,OSThread=5656,t:clientID=3379,t:applicationName=BackgroundJob,t:computerName=DC2BUHAPP11,t:connectID=15387,SessionID=9058,Usr=Аксанова Танзиля Нуруллаевна,Exception=SeanceContextException,Descr='Сеанс отсутствует или удален
ID=0c4e80c4-6132-4518-a2ea-6521eae2b793, File=d:\jenkins\ci_builder2\windowsbuild2\platform\src\rserver\src\clusterdistribimpl.cpp(1439)'
35:06.606002-0,EXCP,2,process=rphost,p:processName=bi_bk3wk1_prod_01,OSThread=5656,t:clientID=3379,t:applicationName=BackgroundJob,t:computerName=DC2BUHAPP11,t:connectID=15387,SessionID=9058,Usr=Аксанова Танзиля Нуруллаевна,Exception=60c686dc-798f-4d17-aadb-a90156a16eb8,Descr='src\rserver\src\rmngrcalls.cpp(476):
60c686dc-798f-4d17-aadb-a90156a16eb8: Сеанс отсутствует или удален
ID=0c4e80c4-6132-4518-a2ea-6521eae2b793, File=d:\jenkins\ci_builder2\windowsbuild2\platform\src\rserver\src\clusterdistribimpl.cpp(1439)'
35:06.809001-0,EXCP,2,process=rphost,p:processName=bi_bk3wk1_prod_01,OSThread=5656,t:clientID=3379,t:applicationName=BackgroundJob,t:computerName=DC2BUHAPP11,t:connectID=15387,SessionID=9058,Usr=Аксанова Танзиля Нуруллаевна,Exception=SeanceContextException,Descr='Сеанс отсутствует или удален
ID=0c4e80c4-6132-4518-a2ea-6521eae2b793, File=d:\jenkins\ci_builder2\windowsbuild2\platform\src\rserver\src\rmngrcalls.cpp(364)'
35:06.809002-0,EXCP,2,process=rphost,p:processName=bi_bk3wk1_prod_01,OSThread=5656,t:clientID=3379,t:applicationName=BackgroundJob,t:computerName=DC2BUHAPP11,t:connectID=15387,SessionID=9058,Usr=Аксанова Танзиля Нуруллаевна,Exception=60c686dc-798f-4d17-aadb-a90156a16eb8,Descr='src\rserver\src\serverjobexecutor.cpp(1095):
60c686dc-798f-4d17-aadb-a90156a16eb8: Сеанс отсутствует или удален
ID=0c4e80c4-6132-4518-a2ea-6521eae2b793, File=d:\jenkins\ci_builder2\windowsbuild2\platform\src\rserver\src\rmngrcalls.cpp(364)'
35:06.809004-0,EXCP,3,process=rphost,p:processName=bi_bk3wk1_prod_01,OSThread=5656,t:clientID=3379,t:applicationName=BackgroundJob,t:computerName=DC2BUHAPP11,t:connectID=15387,SessionID=9058,Usr=Аксанова Танзиля Нуруллаевна,Exception=SeanceContextException,Descr='Сеанс отсутствует или удален
ID=0c4e80c4-6132-4518-a2ea-6521eae2b793, File=d:\jenkins\ci_builder2\windowsbuild2\platform\src\rserver\src\clusterdistribimpl.cpp(1439)'
35:06.809006-0,EXCP,2,process=rphost,p:processName=bi_bk3wk1_prod_01,OSThread=5656,t:clientID=3379,t:applicationName=BackgroundJob,t:computerName=DC2BUHAPP11,t:connectID=15387,SessionID=9058,Usr=Аксанова Танзиля Нуруллаевна,Exception=60c686dc-798f-4d17-aadb-a90156a16eb8,Descr='src\rserver\src\rmngrcalls.cpp(476):
60c686dc-798f-4d17-aadb-a90156a16eb8: Сеанс отсутствует или удален
ID=0c4e80c4-6132-4518-a2ea-6521eae2b793, File=d:\jenkins\ci_builder2\windowsbuild2\platform\src\rserver\src\clusterdistribimpl.cpp(1439)'
35:06.903014-0,ADMIN,2,process=rphost,p:processName=ServerJobExecutorContext,OSThread=4276,t:clientID=3372,t:applicationName=JobScheduler,t:computerName=DC2BUHAPP11,Func=killClient,ClusterID=8aa94e2b-5d54-4b86-800b-79353ce39638,ConnectionID=044bae79-7573-4350-952b-fb022e66ae7d,Mode=0,Ref=bi_bk3wk1_prod_01(bi_bk3wk1_prod_01),Host=DC2BUHAPP11,Connection=15388,Administrator=Unknown,Result=Success
35:06.934007-0,EXCP,2,process=rphost,p:processName=bi_bk3wk1_prod_01,OSThread=5656,t:clientID=3379,t:applicationName=BackgroundJob,t:computerName=DC2BUHAPP11,t:connectID=15387,SessionID=9058,Usr=Аксанова Танзиля Нуруллаевна,Exception=SeanceContextException,Descr='Сеанс отсутствует или удален
ID=0c4e80c4-6132-4518-a2ea-6521eae2b793, File=d:\jenkins\ci_builder2\windowsbuild2\platform\src\rserver\src\rmngrcalls.cpp(364)'
35:06.981013-0,EXCP,3,process=rphost,p:processName=bi_bk3wk1_prod_01,OSThread=7300,t:clientID=3380,t:applicationName=BackgroundJob,t:computerName=DC2BUHAPP11,t:connectID=15388,SessionID=9059,Usr=Аксанова Танзиля Нуруллаевна,Exception=SeanceContextException,Descr='Сеанс отсутствует или удален
ID=38438725-3fb1-4a27-8488-5f1e4540b093, File=d:\jenkins\ci_builder2\windowsbuild2\platform\src\rserver\src\clusterdistribimpl.cpp(1439)'
35:06.981015-0,EXCP,2,process=rphost,p:processName=bi_bk3wk1_prod_01,OSThread=7300,t:clientID=3380,t:applicationName=BackgroundJob,t:computerName=DC2BUHAPP11,t:connectID=15388,SessionID=9059,Usr=Аксанова Танзиля Нуруллаевна,Exception=60c686dc-798f-4d17-aadb-a90156a16eb8,Descr='src\rserver\src\rmngrcalls.cpp(476):
60c686dc-798f-4d17-aadb-a90156a16eb8: Сеанс отсутствует или удален
ID=38438725-3fb1-4a27-8488-5f1e4540b093, File=d:\jenkins\ci_builder2\windowsbuild2\platform\src\rserver\src\clusterdistribimpl.cpp(1439)'
35:07.184000-0,EXCP,2,process=rphost,p:processName=bi_bk3wk1_prod_01,OSThread=7300,t:clientID=3380,t:applicationName=BackgroundJob,t:computerName=DC2BUHAPP11,t:connectID=15388,SessionID=9059,Usr=Аксанова Танзиля Нуруллаевна,Exception=SeanceContextException,Descr='Сеанс отсутствует или удален
ID=38438725-3fb1-4a27-8488-5f1e4540b093, File=d:\jenkins\ci_builder2\windowsbuild2\platform\src\rserver\src\rmngrcalls.cpp(364)'
35:07.184001-0,EXCP,2,process=rphost,p:processName=bi_bk3wk1_prod_01,OSThread=7300,t:clientID=3380,t:applicationName=BackgroundJob,t:computerName=DC2BUHAPP11,t:connectID=15388,SessionID=9059,Usr=Аксанова Танзиля Нуруллаевна,Exception=60c686dc-798f-4d17-aadb-a90156a16eb8,Descr='src\rserver\src\serverjobexecutor.cpp(1095):
60c686dc-798f-4d17-aadb-a90156a16eb8: Сеанс отсутствует или удален
ID=38438725-3fb1-4a27-8488-5f1e4540b093, File=d:\jenkins\ci_builder2\windowsbuild2\platform\src\rserver\src\rmngrcalls.cpp(364)'
35:07.184007-0,EXCP,3,process=rphost,p:processName=bi_bk3wk1_prod_01,OSThread=7300,t:clientID=3380,t:applicationName=BackgroundJob,t:computerName=DC2BUHAPP11,t:connectID=15388,SessionID=9059,Usr=Аксанова Танзиля Нуруллаевна,Exception=SeanceContextException,Descr='Сеанс отсутствует или удален
ID=38438725-3fb1-4a27-8488-5f1e4540b093, File=d:\jenkins\ci_builder2\windowsbuild2\platform\src\rserver\src\clusterdistribimpl.cpp(1439)'
35:07.184009-0,EXCP,2,process=rphost,p:processName=bi_bk3wk1_prod_01,OSThread=7300,t:clientID=3380,t:applicationName=BackgroundJob,t:computerName=DC2BUHAPP11,t:connectID=15388,SessionID=9059,Usr=Аксанова Танзиля Нуруллаевна,Exception=60c686dc-798f-4d17-aadb-a90156a16eb8,Descr='src\rserver\src\rmngrcalls.cpp(476):
60c686dc-798f-4d17-aadb-a90156a16eb8: Сеанс отсутствует или удален
ID=38438725-3fb1-4a27-8488-5f1e4540b093, File=d:\jenkins\ci_builder2\windowsbuild2\platform\src\rserver\src\clusterdistribimpl.cpp(1439)'
35:07.387000-0,EXCP,2,process=rphost,p:processName=bi_bk3wk1_prod_01,OSThread=7300,t:clientID=3380,t:applicationName=BackgroundJob,t:computerName=DC2BUHAPP11,t:connectID=15388,SessionID=9059,Usr=Аксанова Танзиля Нуруллаевна,Exception=SeanceContextException,Descr='Сеанс отсутствует или удален
ID=38438725-3fb1-4a27-8488-5f1e4540b093, File=d:\jenkins\ci_builder2\windowsbuild2\platform\src\rserver\src\rmngrcalls.cpp(364)'
45:20.283017-0,ADMIN,2,process=rphost,p:processName=ServerJobExecutorContext,OSThread=1140,t:clientID=3413,t:applicationName=JobScheduler,t:computerName=DC2BUHAPP11,Func=killClient,ClusterID=8aa94e2b-5d54-4b86-800b-79353ce39638,ConnectionID=57ea7de1-3b8d-4ac0-9d32-11c609a855ee,Mode=0,Ref=bi_bk3wk1_prod_01(bi_bk3wk1_prod_01),Host=DC2BUHAPP11,Connection=15444,Administrator=Unknown,Result=Success
45:21.564003-0,EXCP,3,process=rphost,p:processName=bi_bk3wk1_prod_01,OSThread=3044,t:clientID=3417,t:applicationName=BackgroundJob,t:computerName=DC2BUHAPP11,t:connectID=15444,SessionID=9045,Usr=WK1_Нагашбекова_Галия_Оразовна,Exception=SeanceContextException,Descr='Сеанс отсутствует или удален
ID=01b89c11-0de7-4f61-b8c8-20dc1e5f4407, File=d:\jenkins\ci_builder2\windowsbuild2\platform\src\rserver\src\clusterdistribimpl.cpp(1439)'
45:21.564005-0,EXCP,2,process=rphost,p:processName=bi_bk3wk1_prod_01,OSThread=3044,t:clientID=3417,t:applicationName=BackgroundJob,t:computerName=DC2BUHAPP11,t:connectID=15444,SessionID=9045,Usr=WK1_Нагашбекова_Галия_Оразовна,Exception=60c686dc-798f-4d17-aadb-a90156a16eb8,Descr='src\rserver\src\rmngrcalls.cpp(476):
60c686dc-798f-4d17-aadb-a90156a16eb8: Сеанс отсутствует или удален
ID=01b89c11-0de7-4f61-b8c8-20dc1e5f4407, File=d:\jenkins\ci_builder2\windowsbuild2\platform\src\rserver\src\clusterdistribimpl.cpp(1439)'
45:21.767000-0,EXCP,2,process=rphost,p:processName=bi_bk3wk1_prod_01,OSThread=3044,t:clientID=3417,t:applicationName=BackgroundJob,t:computerName=DC2BUHAPP11,t:connectID=15444,SessionID=9045,Usr=WK1_Нагашбекова_Галия_Оразовна,Exception=SeanceContextException,Descr='Сеанс отсутствует или удален
ID=01b89c11-0de7-4f61-b8c8-20dc1e5f4407, File=d:\jenkins\ci_builder2\windowsbuild2\platform\src\rserver\src\rmngrcalls.cpp(364)'
45:21.767001-0,EXCP,2,process=rphost,p:processName=bi_bk3wk1_prod_01,OSThread=3044,t:clientID=3417,t:applicationName=BackgroundJob,t:computerName=DC2BUHAPP11,t:connectID=15444,SessionID=9045,Usr=WK1_Нагашбекова_Галия_Оразовна,Exception=60c686dc-798f-4d17-aadb-a90156a16eb8,Descr='src\rserver\src\serverjobexecutor.cpp(1095):
60c686dc-798f-4d17-aadb-a90156a16eb8: Сеанс отсутствует или удален
ID=01b89c11-0de7-4f61-b8c8-20dc1e5f4407, File=d:\jenkins\ci_builder2\windowsbuild2\platform\src\rserver\src\rmngrcalls.cpp(364)'
45:21.767003-0,EXCP,3,process=rphost,p:processName=bi_bk3wk1_prod_01,OSThread=3044,t:clientID=3417,t:applicationName=BackgroundJob,t:computerName=DC2BUHAPP11,t:connectID=15444,SessionID=9045,Usr=WK1_Нагашбекова_Галия_Оразовна,Exception=SeanceContextException,Descr='Сеанс отсутствует или удален
ID=01b89c11-0de7-4f61-b8c8-20dc1e5f4407, File=d:\jenkins\ci_builder2\windowsbuild2\platform\src\rserver\src\clusterdistribimpl.cpp(1439)'
45:21.767005-0,EXCP,2,process=rphost,p:processName=bi_bk3wk1_prod_01,OSThread=3044,t:clientID=3417,t:applicationName=BackgroundJob,t:computerName=DC2BUHAPP11,t:connectID=15444,SessionID=9045,Usr=WK1_Нагашбекова_Галия_Оразовна,Exception=60c686dc-798f-4d17-aadb-a90156a16eb8,Descr='src\rserver\src\rmngrcalls.cpp(476):
60c686dc-798f-4d17-aadb-a90156a16eb8: Сеанс отсутствует или удален
ID=01b89c11-0de7-4f61-b8c8-20dc1e5f4407, File=d:\jenkins\ci_builder2\windowsbuild2\platform\src\rserver\src\clusterdistribimpl.cpp(1439)'
45:21.970000-0,EXCP,2,process=rphost,p:processName=bi_bk3wk1_prod_01,OSThread=3044,t:clientID=3417,t:applicationName=BackgroundJob,t:computerName=DC2BUHAPP11,t:connectID=15444,SessionID=9045,Usr=WK1_Нагашбекова_Галия_Оразовна,Exception=SeanceContextException,Descr='Сеанс отсутствует или удален
ID=01b89c11-0de7-4f61-b8c8-20dc1e5f4407, File=d:\jenkins\ci_builder2\windowsbuild2\platform\src\rserver\src\rmngrcalls.cpp(364)'
45:39.691001-0,EXCP,2,process=rphost,p:processName=bi_bk3wk1_prod_01,OSThread=124,t:clientID=1651,t:applicationName=1CV8C,t:computerName=DC1RDSH07,t:connectID=8322,SessionID=113,Usr=WK1_Нагашбекова_Галия_Оразовна,AppID=1CV8C,Exception=afd2b550-0d52-4e03-b448-15ed68d87ac5,Descr='src\basic\src\documentlogformobjcontroller.cpp(884):
afd2b550-0d52-4e03-b448-15ed68d87ac5
0d2200af-1696-4395-91e5-2872675e6d3d: Не удалось провести "Поступление ТМЗ и услуг PSC00001226 от 23.04.2020 10:00:00"!',Context=Форма.Записать : Документ.ПоступлениеТоваровУслуг.Форма.ФормаДокумента
45:39.754004-0,EXCP,2,process=rphost,p:processName=bi_bk3wk1_prod_01,OSThread=124,t:clientID=1651,t:applicationName=1CV8C,t:computerName=DC1RDSH07,t:connectID=8322,SessionID=113,Usr=WK1_Нагашбекова_Галия_Оразовна,AppID=1CV8C,Exception=580392e6-ba49-4280-ac67-fcd6f2180121,Descr='src\vrsbase\src\vresourceinfobaseimpl.cpp(1114):
580392e6-ba49-4280-ac67-fcd6f2180121: Неспецифицированная ошибка работы с ресурсом
Ошибка при выполнении запроса POST к ресурсу /e1cib/logForm:
afd2b550-0d52-4e03-b448-15ed68d87ac5
0d2200af-1696-4395-91e5-2872675e6d3d: Не удалось провести "Поступление ТМЗ и услуг PSC00001226 от 23.04.2020 10:00:00"!'
46:30.394041-0,ADMIN,2,process=rphost,p:processName=ServerJobExecutorContext,OSThread=1140,t:clientID=3413,t:applicationName=JobScheduler,t:computerName=DC2BUHAPP11,Func=killClient,ClusterID=8aa94e2b-5d54-4b86-800b-79353ce39638,ConnectionID=fa5fba4a-9f3b-4249-9f04-34d2e2c3c3d3,Mode=0,Ref=bi_bk3wk1_prod_01(bi_bk3wk1_prod_01),Host=DC2BUHAPP11,Connection=15448,Administrator=Unknown,Result=Success
46:31.004000-0,EXCP,3,process=rphost,p:processName=bi_bk3wk1_prod_01,OSThread=7300,t:clientID=3419,t:applicationName=BackgroundJob,t:computerName=DC2BUHAPP11,t:connectID=15448,SessionID=9049,Usr=Аксанова Танзиля Нуруллаевна,Exception=SeanceContextException,Descr='Сеанс отсутствует или удален
ID=fcc2b0de-bdfa-4e4f-b106-f68956b700a2, File=d:\jenkins\ci_builder2\windowsbuild2\platform\src\rserver\src\clusterdistribimpl.cpp(1439)'
46:31.004002-0,EXCP,2,process=rphost,p:processName=bi_bk3wk1_prod_01,OSThread=7300,t:clientID=3419,t:applicationName=BackgroundJob,t:computerName=DC2BUHAPP11,t:connectID=15448,SessionID=9049,Usr=Аксанова Танзиля Нуруллаевна,Exception=60c686dc-798f-4d17-aadb-a90156a16eb8,Descr='src\rserver\src\rmngrcalls.cpp(476):
60c686dc-798f-4d17-aadb-a90156a16eb8: Сеанс отсутствует или удален
ID=fcc2b0de-bdfa-4e4f-b106-f68956b700a2, File=d:\jenkins\ci_builder2\windowsbuild2\platform\src\rserver\src\clusterdistribimpl.cpp(1439)'
46:31.097028-0,ADMIN,2,process=rphost,p:processName=ServerJobExecutorContext,OSThread=1140,t:clientID=3413,t:applicationName=JobScheduler,t:computerName=DC2BUHAPP11,Func=killClient,ClusterID=8aa94e2b-5d54-4b86-800b-79353ce39638,ConnectionID=4c3fcc72-57a3-4826-91d9-0a6142a0b225,Mode=0,Ref=bi_bk3wk1_prod_01(bi_bk3wk1_prod_01),Host=DC2BUHAPP11,Connection=15449,Administrator=Unknown,Result=Success
46:31.207000-0,EXCP,2,process=rphost,p:processName=bi_bk3wk1_prod_01,OSThread=7300,t:clientID=3419,t:applicationName=BackgroundJob,t:computerName=DC2BUHAPP11,t:connectID=15448,SessionID=9049,Usr=Аксанова Танзиля Нуруллаевна,Exception=SeanceContextException,Descr='Сеанс отсутствует или удален
ID=fcc2b0de-bdfa-4e4f-b106-f68956b700a2, File=d:\jenkins\ci_builder2\windowsbuild2\platform\src\rserver\src\rmngrcalls.cpp(364)'
46:31.207001-0,EXCP,2,process=rphost,p:processName=bi_bk3wk1_prod_01,OSThread=7300,t:clientID=3419,t:applicationName=BackgroundJob,t:computerName=DC2BUHAPP11,t:connectID=15448,SessionID=9049,Usr=Аксанова Танзиля Нуруллаевна,Exception=60c686dc-798f-4d17-aadb-a90156a16eb8,Descr='src\rserver\src\serverjobexecutor.cpp(1095):
60c686dc-798f-4d17-aadb-a90156a16eb8: Сеанс отсутствует или удален
ID=fcc2b0de-bdfa-4e4f-b106-f68956b700a2, File=d:\jenkins\ci_builder2\windowsbuild2\platform\src\rserver\src\rmngrcalls.cpp(364)'
46:31.207007-0,EXCP,3,process=rphost,p:processName=bi_bk3wk1_prod_01,OSThread=7300,t:clientID=3419,t:applicationName=BackgroundJob,t:computerName=DC2BUHAPP11,t:connectID=15448,SessionID=9049,Usr=Аксанова Танзиля Нуруллаевна,Exception=SeanceContextException,Descr='Сеанс отсутствует или удален
ID=fcc2b0de-bdfa-4e4f-b106-f68956b700a2, File=d:\jenkins\ci_builder2\windowsbuild2\platform\src\rserver\src\clusterdistribimpl.cpp(1439)'
46:31.207009-0,EXCP,2,process=rphost,p:processName=bi_bk3wk1_prod_01,OSThread=7300,t:clientID=3419,t:applicationName=BackgroundJob,t:computerName=DC2BUHAPP11,t:connectID=15448,SessionID=9049,Usr=Аксанова Танзиля Нуруллаевна,Exception=60c686dc-798f-4d17-aadb-a90156a16eb8,Descr='src\rserver\src\rmngrcalls.cpp(476):
60c686dc-798f-4d17-aadb-a90156a16eb8: Сеанс отсутствует или удален
ID=fcc2b0de-bdfa-4e4f-b106-f68956b700a2, File=d:\jenkins\ci_builder2\windowsbuild2\platform\src\rserver\src\clusterdistribimpl.cpp(1439)'
46:31.394006-0,EXCP,2,process=rphost,p:processName=bi_bk3wk1_prod_01,OSThread=7300,t:clientID=3419,t:applicationName=BackgroundJob,t:computerName=DC2BUHAPP11,t:connectID=15448,SessionID=9049,Usr=Аксанова Танзиля Нуруллаевна,Exception=SeanceContextException,Descr='Сеанс отсутствует или удален
ID=fcc2b0de-bdfa-4e4f-b106-f68956b700a2, File=d:\jenkins\ci_builder2\windowsbuild2\platform\src\rserver\src\rmngrcalls.cpp(364)'
46:31.472018-0,EXCP,3,process=rphost,p:processName=bi_bk3wk1_prod_01,OSThread=3044,t:clientID=3420,t:applicationName=BackgroundJob,t:computerName=DC2BUHAPP11,t:connectID=15449,SessionID=9050,Usr=Аксанова Танзиля Нуруллаевна,Exception=SeanceContextException,Descr='Сеанс отсутствует или удален
ID=68a370cf-57df-41fb-b71b-a380d71f0eb9, File=d:\jenkins\ci_builder2\windowsbuild2\platform\src\rserver\src\clusterdistribimpl.cpp(1439)'
46:31.472020-0,EXCP,2,process=rphost,p:processName=bi_bk3wk1_prod_01,OSThread=3044,t:clientID=3420,t:applicationName=BackgroundJob,t:computerName=DC2BUHAPP11,t:connectID=15449,SessionID=9050,Usr=Аксанова Танзиля Нуруллаевна,Exception=60c686dc-798f-4d17-aadb-a90156a16eb8,Descr='src\rserver\src\rmngrcalls.cpp(476):
60c686dc-798f-4d17-aadb-a90156a16eb8: Сеанс отсутствует или удален
ID=68a370cf-57df-41fb-b71b-a380d71f0eb9, File=d:\jenkins\ci_builder2\windowsbuild2\platform\src\rserver\src\clusterdistribimpl.cpp(1439)'
46:31.676000-0,EXCP,2,process=rphost,p:processName=bi_bk3wk1_prod_01,OSThread=3044,t:clientID=3420,t:applicationName=BackgroundJob,t:computerName=DC2BUHAPP11,t:connectID=15449,SessionID=9050,Usr=Аксанова Танзиля Нуруллаевна,Exception=SeanceContextException,Descr='Сеанс отсутствует или удален
ID=68a370cf-57df-41fb-b71b-a380d71f0eb9, File=d:\jenkins\ci_builder2\windowsbuild2\platform\src\rserver\src\rmngrcalls.cpp(364)'
46:31.676001-0,EXCP,2,process=rphost,p:processName=bi_bk3wk1_prod_01,OSThread=3044,t:clientID=3420,t:applicationName=BackgroundJob,t:computerName=DC2BUHAPP11,t:connectID=15449,SessionID=9050,Usr=Аксанова Танзиля Нуруллаевна,Exception=60c686dc-798f-4d17-aadb-a90156a16eb8,Descr='src\rserver\src\serverjobexecutor.cpp(1095):
60c686dc-798f-4d17-aadb-a90156a16eb8: Сеанс отсутствует или удален
ID=68a370cf-57df-41fb-b71b-a380d71f0eb9, File=d:\jenkins\ci_builder2\windowsbuild2\platform\src\rserver\src\rmngrcalls.cpp(364)'
46:31.676005-0,EXCP,3,process=rphost,p:processName=bi_bk3wk1_prod_01,OSThread=3044,t:clientID=3420,t:applicationName=BackgroundJob,t:computerName=DC2BUHAPP11,t:connectID=15449,SessionID=9050,Usr=Аксанова Танзиля Нуруллаевна,Exception=SeanceContextException,Descr='Сеанс отсутствует или удален
ID=68a370cf-57df-41fb-b71b-a380d71f0eb9, File=d:\jenkins\ci_builder2\windowsbuild2\platform\src\rserver\src\clusterdistribimpl.cpp(1439)'
46:31.676007-0,EXCP,2,process=rphost,p:processName=bi_bk3wk1_prod_01,OSThread=3044,t:clientID=3420,t:applicationName=BackgroundJob,t:computerName=DC2BUHAPP11,t:connectID=15449,SessionID=9050,Usr=Аксанова Танзиля Нуруллаевна,Exception=60c686dc-798f-4d17-aadb-a90156a16eb8,Descr='src\rserver\src\rmngrcalls.cpp(476):
60c686dc-798f-4d17-aadb-a90156a16eb8: Сеанс отсутствует или удален
ID=68a370cf-57df-41fb-b71b-a380d71f0eb9, File=d:\jenkins\ci_builder2\windowsbuild2\platform\src\rserver\src\clusterdistribimpl.cpp(1439)'
46:31.879000-0,EXCP,2,process=rphost,p:processName=bi_bk3wk1_prod_01,OSThread=3044,t:clientID=3420,t:applicationName=BackgroundJob,t:computerName=DC2BUHAPP11,t:connectID=15449,SessionID=9050,Usr=Аксанова Танзиля Нуруллаевна,Exception=SeanceContextException,Descr='Сеанс отсутствует или удален
ID=68a370cf-57df-41fb-b71b-a380d71f0eb9, File=d:\jenkins\ci_builder2\windowsbuild2\platform\src\rserver\src\rmngrcalls.cpp(364)'
47:50.494015-0,ADMIN,2,process=rphost,p:processName=ServerJobExecutorContext,OSThread=1140,t:clientID=3413,t:applicationName=JobScheduler,t:computerName=DC2BUHAPP11,Func=killClient,ClusterID=8aa94e2b-5d54-4b86-800b-79353ce39638,ConnectionID=a4ad0202-fd55-42b8-bc32-1d2928f45776,Mode=0,Ref=bi_bk3wk1_prod_01(bi_bk3wk1_prod_01),Host=DC2BUHAPP11,Connection=15457,Administrator=Unknown,Result=Success
47:51.025015-0,ADMIN,2,process=rphost,p:processName=ServerJobExecutorContext,OSThread=1140,t:clientID=3413,t:applicationName=JobScheduler,t:computerName=DC2BUHAPP11,Func=killClient,ClusterID=8aa94e2b-5d54-4b86-800b-79353ce39638,ConnectionID=f17bc32a-4a35-4383-8037-419fe703e20a,Mode=0,Ref=bi_bk3wk1_prod_01(bi_bk3wk1_prod_01),Host=DC2BUHAPP11,Connection=15458,Administrator=Unknown,Result=Success
47:51.260000-0,EXCP,3,process=rphost,p:processName=bi_bk3wk1_prod_01,OSThread=7248,t:clientID=3424,t:applicationName=BackgroundJob,t:computerName=DC2BUHAPP11,t:connectID=15457,SessionID=9058,Usr=Аксанова Танзиля Нуруллаевна,Exception=SeanceContextException,Descr='Сеанс отсутствует или удален
ID=a335b398-50b5-467e-9635-a815708f3fca, File=d:\jenkins\ci_builder2\windowsbuild2\platform\src\rserver\src\clusterdistribimpl.cpp(1439)'
47:51.260002-0,EXCP,2,process=rphost,p:processName=bi_bk3wk1_prod_01,OSThread=7248,t:clientID=3424,t:applicationName=BackgroundJob,t:computerName=DC2BUHAPP11,t:connectID=15457,SessionID=9058,Usr=Аксанова Танзиля Нуруллаевна,Exception=60c686dc-798f-4d17-aadb-a90156a16eb8,Descr='src\rserver\src\rmngrcalls.cpp(476):
60c686dc-798f-4d17-aadb-a90156a16eb8: Сеанс отсутствует или удален
ID=a335b398-50b5-467e-9635-a815708f3fca, File=d:\jenkins\ci_builder2\windowsbuild2\platform\src\rserver\src\clusterdistribimpl.cpp(1439)'
47:51.447015-0,ADMIN,2,process=rphost,p:processName=ServerJobExecutorContext,OSThread=1140,t:clientID=3413,t:applicationName=JobScheduler,t:computerName=DC2BUHAPP11,Func=killClient,ClusterID=8aa94e2b-5d54-4b86-800b-79353ce39638,ConnectionID=7ba56b0c-ce66-4a82-8381-99c7ee9e403c,Mode=0,Ref=bi_bk3wk1_prod_01(bi_bk3wk1_prod_01),Host=DC2BUHAPP11,Connection=15459,Administrator=Unknown,Result=Success
47:51.463000-0,EXCP,2,process=rphost,p:processName=bi_bk3wk1_prod_01,OSThread=7248,t:clientID=3424,t:applicationName=BackgroundJob,t:computerName=DC2BUHAPP11,t:connectID=15457,SessionID=9058,Usr=Аксанова Танзиля Нуруллаевна,Exception=SeanceContextException,Descr='Сеанс отсутствует или удален
ID=a335b398-50b5-467e-9635-a815708f3fca, File=d:\jenkins\ci_builder2\windowsbuild2\platform\src\rserver\src\rmngrcalls.cpp(364)'
47:51.463001-0,EXCP,2,process=rphost,p:processName=bi_bk3wk1_prod_01,OSThread=7248,t:clientID=3424,t:applicationName=BackgroundJob,t:computerName=DC2BUHAPP11,t:connectID=15457,SessionID=9058,Usr=Аксанова Танзиля Нуруллаевна,Exception=60c686dc-798f-4d17-aadb-a90156a16eb8,Descr='src\rserver\src\serverjobexecutor.cpp(1095):
60c686dc-798f-4d17-aadb-a90156a16eb8: Сеанс отсутствует или удален
ID=a335b398-50b5-467e-9635-a815708f3fca, File=d:\jenkins\ci_builder2\windowsbuild2\platform\src\rserver\src\rmngrcalls.cpp(364)'
47:51.463012-0,EXCP,3,process=rphost,p:processName=bi_bk3wk1_prod_01,OSThread=7248,t:clientID=3424,t:applicationName=BackgroundJob,t:computerName=DC2BUHAPP11,t:connectID=15457,SessionID=9058,Usr=Аксанова Танзиля Нуруллаевна,Exception=SeanceContextException,Descr='Сеанс отсутствует или удален
ID=a335b398-50b5-467e-9635-a815708f3fca, File=d:\jenkins\ci_builder2\windowsbuild2\platform\src\rserver\src\clusterdistribimpl.cpp(1439)'
47:51.463015-0,EXCP,2,process=rphost,p:processName=bi_bk3wk1_prod_01,OSThread=7248,t:clientID=3424,t:applicationName=BackgroundJob,t:computerName=DC2BUHAPP11,t:connectID=15457,SessionID=9058,Usr=Аксанова Танзиля Нуруллаевна,Exception=60c686dc-798f-4d17-aadb-a90156a16eb8,Descr='src\rserver\src\rmngrcalls.cpp(476):
60c686dc-798f-4d17-aadb-a90156a16eb8: Сеанс отсутствует или удален
ID=a335b398-50b5-467e-9635-a815708f3fca, File=d:\jenkins\ci_builder2\windowsbuild2\platform\src\rserver\src\clusterdistribimpl.cpp(1439)'
47:51.635006-0,EXCP,2,process=rphost,p:processName=bi_bk3wk1_prod_01,OSThread=7248,t:clientID=3424,t:applicationName=BackgroundJob,t:computerName=DC2BUHAPP11,t:connectID=15457,SessionID=9058,Usr=Аксанова Танзиля Нуруллаевна,Exception=SeanceContextException,Descr='Сеанс отсутствует или удален
ID=a335b398-50b5-467e-9635-a815708f3fca, File=d:\jenkins\ci_builder2\windowsbuild2\platform\src\rserver\src\rmngrcalls.cpp(364)'
47:53.588004-0,EXCP,3,process=rphost,p:processName=bi_bk3wk1_prod_01,OSThread=7984,t:clientID=3425,t:applicationName=BackgroundJob,t:computerName=DC2BUHAPP11,t:connectID=15458,SessionID=9059,Usr=Аксанова Танзиля Нуруллаевна,Exception=SeanceContextException,Descr='Сеанс отсутствует или удален
ID=fc6e727b-913f-46bf-a8a8-ec5d1ae0938f, File=d:\jenkins\ci_builder2\windowsbuild2\platform\src\rserver\src\clusterdistribimpl.cpp(1439)'
47:53.588006-0,EXCP,2,process=rphost,p:processName=bi_bk3wk1_prod_01,OSThread=7984,t:clientID=3425,t:applicationName=BackgroundJob,t:computerName=DC2BUHAPP11,t:connectID=15458,SessionID=9059,Usr=Аксанова Танзиля Нуруллаевна,Exception=60c686dc-798f-4d17-aadb-a90156a16eb8,Descr='src\rserver\src\rmngrcalls.cpp(476):
60c686dc-798f-4d17-aadb-a90156a16eb8: Сеанс отсутствует или удален
ID=fc6e727b-913f-46bf-a8a8-ec5d1ae0938f, File=d:\jenkins\ci_builder2\windowsbuild2\platform\src\rserver\src\clusterdistribimpl.cpp(1439)'
47:53.666006-0,EXCP,2,process=rphost,p:processName=bi_bk3wk1_prod_01,OSThread=7984,t:clientID=3425,t:applicationName=BackgroundJob,t:computerName=DC2BUHAPP11,t:connectID=15458,SessionID=9059,Usr=Аксанова Танзиля Нуруллаевна,Exception=SeanceContextException,Descr='Сеанс отсутствует или удален
ID=fc6e727b-913f-46bf-a8a8-ec5d1ae0938f, File=d:\jenkins\ci_builder2\windowsbuild2\platform\src\rserver\src\rmngrcalls.cpp(364)'
47:53.666007-0,EXCP,2,process=rphost,p:processName=bi_bk3wk1_prod_01,OSThread=7984,t:clientID=3425,t:applicationName=BackgroundJob,t:computerName=DC2BUHAPP11,t:connectID=15458,SessionID=9059,Usr=Аксанова Танзиля Нуруллаевна,Exception=60c686dc-798f-4d17-aadb-a90156a16eb8,Descr='src\rserver\src\serverjobexecutor.cpp(1095):
60c686dc-798f-4d17-aadb-a90156a16eb8: Сеанс отсутствует или удален
ID=fc6e727b-913f-46bf-a8a8-ec5d1ae0938f, File=d:\jenkins\ci_builder2\windowsbuild2\platform\src\rserver\src\rmngrcalls.cpp(364)'
47:53.666009-0,EXCP,3,process=rphost,p:processName=bi_bk3wk1_prod_01,OSThread=7984,t:clientID=3425,t:applicationName=BackgroundJob,t:computerName=DC2BUHAPP11,t:connectID=15458,SessionID=9059,Usr=Аксанова Танзиля Нуруллаевна,Exception=SeanceContextException,Descr='Сеанс отсутствует или удален
ID=fc6e727b-913f-46bf-a8a8-ec5d1ae0938f, File=d:\jenkins\ci_builder2\windowsbuild2\platform\src\rserver\src\clusterdistribimpl.cpp(1439)'
47:53.666011-0,EXCP,2,process=rphost,p:processName=bi_bk3wk1_prod_01,OSThread=7984,t:clientID=3425,t:applicationName=BackgroundJob,t:computerName=DC2BUHAPP11,t:connectID=15458,SessionID=9059,Usr=Аксанова Танзиля Нуруллаевна,Exception=60c686dc-798f-4d17-aadb-a90156a16eb8,Descr='src\rserver\src\rmngrcalls.cpp(476):
60c686dc-798f-4d17-aadb-a90156a16eb8: Сеанс отсутствует или удален
ID=fc6e727b-913f-46bf-a8a8-ec5d1ae0938f, File=d:\jenkins\ci_builder2\windowsbuild2\platform\src\rserver\src\clusterdistribimpl.cpp(1439)'
47:53.869000-0,EXCP,2,process=rphost,p:processName=bi_bk3wk1_prod_01,OSThread=7984,t:clientID=3425,t:applicationName=BackgroundJob,t:computerName=DC2BUHAPP11,t:connectID=15458,SessionID=9059,Usr=Аксанова Танзиля Нуруллаевна,Exception=SeanceContextException,Descr='Сеанс отсутствует или удален
ID=fc6e727b-913f-46bf-a8a8-ec5d1ae0938f, File=d:\jenkins\ci_builder2\windowsbuild2\platform\src\rserver\src\rmngrcalls.cpp(364)'
47:54.025019-0,EXCP,3,process=rphost,p:processName=bi_bk3wk1_prod_01,OSThread=7300,t:clientID=3426,t:applicationName=BackgroundJob,t:computerName=DC2BUHAPP11,t:connectID=15459,SessionID=9060,Usr=Аксанова Танзиля Нуруллаевна,Exception=SeanceContextException,Descr='Сеанс отсутствует или удален
ID=e43b4293-4ff0-4bfc-a1a1-f77042d00b36, File=d:\jenkins\ci_builder2\windowsbuild2\platform\src\rserver\src\clusterdistribimpl.cpp(1439)'
47:54.025021-0,EXCP,2,process=rphost,p:processName=bi_bk3wk1_prod_01,OSThread=7300,t:clientID=3426,t:applicationName=BackgroundJob,t:computerName=DC2BUHAPP11,t:connectID=15459,SessionID=9060,Usr=Аксанова Танзиля Нуруллаевна,Exception=60c686dc-798f-4d17-aadb-a90156a16eb8,Descr='src\rserver\src\rmngrcalls.cpp(476):
60c686dc-798f-4d17-aadb-a90156a16eb8: Сеанс отсутствует или удален
ID=e43b4293-4ff0-4bfc-a1a1-f77042d00b36, File=d:\jenkins\ci_builder2\windowsbuild2\platform\src\rserver\src\clusterdistribimpl.cpp(1439)'
47:54.228000-0,EXCP,2,process=rphost,p:processName=bi_bk3wk1_prod_01,OSThread=7300,t:clientID=3426,t:applicationName=BackgroundJob,t:computerName=DC2BUHAPP11,t:connectID=15459,SessionID=9060,Usr=Аксанова Танзиля Нуруллаевна,Exception=SeanceContextException,Descr='Сеанс отсутствует или удален
ID=e43b4293-4ff0-4bfc-a1a1-f77042d00b36, File=d:\jenkins\ci_builder2\windowsbuild2\platform\src\rserver\src\rmngrcalls.cpp(364)'
47:54.228001-0,EXCP,2,process=rphost,p:processName=bi_bk3wk1_prod_01,OSThread=7300,t:clientID=3426,t:applicationName=BackgroundJob,t:computerName=DC2BUHAPP11,t:connectID=15459,SessionID=9060,Usr=Аксанова Танзиля Нуруллаевна,Exception=60c686dc-798f-4d17-aadb-a90156a16eb8,Descr='src\rserver\src\serverjobexecutor.cpp(1095):
60c686dc-798f-4d17-aadb-a90156a16eb8: Сеанс отсутствует или удален
ID=e43b4293-4ff0-4bfc-a1a1-f77042d00b36, File=d:\jenkins\ci_builder2\windowsbuild2\platform\src\rserver\src\rmngrcalls.cpp(364)'
47:54.228003-0,EXCP,3,process=rphost,p:processName=bi_bk3wk1_prod_01,OSThread=7300,t:clientID=3426,t:applicationName=BackgroundJob,t:computerName=DC2BUHAPP11,t:connectID=15459,SessionID=9060,Usr=Аксанова Танзиля Нуруллаевна,Exception=SeanceContextException,Descr='Сеанс отсутствует или удален
ID=e43b4293-4ff0-4bfc-a1a1-f77042d00b36, File=d:\jenkins\ci_builder2\windowsbuild2\platform\src\rserver\src\clusterdistribimpl.cpp(1439)'
47:54.228005-0,EXCP,2,process=rphost,p:processName=bi_bk3wk1_prod_01,OSThread=7300,t:clientID=3426,t:applicationName=BackgroundJob,t:computerName=DC2BUHAPP11,t:connectID=15459,SessionID=9060,Usr=Аксанова Танзиля Нуруллаевна,Exception=60c686dc-798f-4d17-aadb-a90156a16eb8,Descr='src\rserver\src\rmngrcalls.cpp(476):
60c686dc-798f-4d17-aadb-a90156a16eb8: Сеанс отсутствует или удален
ID=e43b4293-4ff0-4bfc-a1a1-f77042d00b36, File=d:\jenkins\ci_builder2\windowsbuild2\platform\src\rserver\src\clusterdistribimpl.cpp(1439)'
47:54.432000-0,EXCP,2,process=rphost,p:processName=bi_bk3wk1_prod_01,OSThread=7300,t:clientID=3426,t:applicationName=BackgroundJob,t:computerName=DC2BUHAPP11,t:connectID=15459,SessionID=9060,Usr=Аксанова Танзиля Нуруллаевна,Exception=SeanceContextException,Descr='Сеанс отсутствует или удален
ID=e43b4293-4ff0-4bfc-a1a1-f77042d00b36, File=d:\jenkins\ci_builder2\windowsbuild2\platform\src\rserver\src\rmngrcalls.cpp(364)'
49:07.558000-0,EXCP,0,process=rphost,OSThread=3684,ClientID=2867,Exception=NetDataExchangeException,Descr='server_addr=(2)10.3.172.7:59602 descr=10054(0x00002746): Удаленный хост принудительно разорвал существующее подключение.  line=1149 file=d:\jenkins\ci_builder2\windowsbuild2\platform\src\rtrsrvc\src\dataexchangeserverimpl.cpp'
49:07.558001-0,EXCP,0,process=rphost,OSThread=6340,ClientID=2866,Exception=NetDataExchangeException,Descr='server_addr=(2)10.3.172.7:59597 descr=10054(0x00002746): Удаленный хост принудительно разорвал существующее подключение.  line=1149 file=d:\jenkins\ci_builder2\windowsbuild2\platform\src\rtrsrvc\src\dataexchangeserverimpl.cpp'
49:07.558002-0,EXCPCNTX,0,ClientComputerName=,ServerComputerName=,UserName=,ConnectString=
49:07.558003-0,EXCPCNTX,0,ClientComputerName=,ServerComputerName=,UserName=,ConnectString=
55:01.120015-0,ADMIN,2,process=rphost,p:processName=ServerJobExecutorContext,OSThread=1140,t:clientID=3430,t:applicationName=JobScheduler,t:computerName=DC2BUHAPP11,Func=killClient,ClusterID=8aa94e2b-5d54-4b86-800b-79353ce39638,ConnectionID=d9fd9eb9-e228-42c6-81ca-e7bfd897f453,Mode=0,Ref=bi_bk3wk1_prod_01(bi_bk3wk1_prod_01),Host=DC2BUHAPP11,Connection=15511,Administrator=Unknown,Result=Success
55:01.620005-0,EXCP,3,process=rphost,p:processName=bi_bk3wk1_prod_01,OSThread=5656,t:clientID=3437,t:applicationName=BackgroundJob,t:computerName=DC2BUHAPP11,t:connectID=15511,SessionID=9114,Usr=WK1_Нагашбекова_Галия_Оразовна,Exception=SeanceContextException,Descr='Сеанс отсутствует или удален
ID=2c90955d-576a-46e6-8754-0c7875f05d3c, File=d:\jenkins\ci_builder2\windowsbuild2\platform\src\rserver\src\clusterdistribimpl.cpp(1439)'
55:01.620007-0,EXCP,2,process=rphost,p:processName=bi_bk3wk1_prod_01,OSThread=5656,t:clientID=3437,t:applicationName=BackgroundJob,t:computerName=DC2BUHAPP11,t:connectID=15511,SessionID=9114,Usr=WK1_Нагашбекова_Галия_Оразовна,Exception=60c686dc-798f-4d17-aadb-a90156a16eb8,Descr='src\rserver\src\rmngrcalls.cpp(476):
60c686dc-798f-4d17-aadb-a90156a16eb8: Сеанс отсутствует или удален
ID=2c90955d-576a-46e6-8754-0c7875f05d3c, File=d:\jenkins\ci_builder2\windowsbuild2\platform\src\rserver\src\clusterdistribimpl.cpp(1439)'
55:01.823000-0,EXCP,2,process=rphost,p:processName=bi_bk3wk1_prod_01,OSThread=5656,t:clientID=3437,t:applicationName=BackgroundJob,t:computerName=DC2BUHAPP11,t:connectID=15511,SessionID=9114,Usr=WK1_Нагашбекова_Галия_Оразовна,Exception=SeanceContextException,Descr='Сеанс отсутствует или удален
ID=2c90955d-576a-46e6-8754-0c7875f05d3c, File=d:\jenkins\ci_builder2\windowsbuild2\platform\src\rserver\src\rmngrcalls.cpp(364)'
55:01.823001-0,EXCP,2,process=rphost,p:processName=bi_bk3wk1_prod_01,OSThread=5656,t:clientID=3437,t:applicationName=BackgroundJob,t:computerName=DC2BUHAPP11,t:connectID=15511,SessionID=9114,Usr=WK1_Нагашбекова_Галия_Оразовна,Exception=60c686dc-798f-4d17-aadb-a90156a16eb8,Descr='src\rserver\src\serverjobexecutor.cpp(1095):
60c686dc-798f-4d17-aadb-a90156a16eb8: Сеанс отсутствует или удален
ID=2c90955d-576a-46e6-8754-0c7875f05d3c, File=d:\jenkins\ci_builder2\windowsbuild2\platform\src\rserver\src\rmngrcalls.cpp(364)'
55:01.823003-0,EXCP,3,process=rphost,p:processName=bi_bk3wk1_prod_01,OSThread=5656,t:clientID=3437,t:applicationName=BackgroundJob,t:computerName=DC2BUHAPP11,t:connectID=15511,SessionID=9114,Usr=WK1_Нагашбекова_Галия_Оразовна,Exception=SeanceContextException,Descr='Сеанс отсутствует или удален
ID=2c90955d-576a-46e6-8754-0c7875f05d3c, File=d:\jenkins\ci_builder2\windowsbuild2\platform\src\rserver\src\clusterdistribimpl.cpp(1439)'
55:01.823005-0,EXCP,2,process=rphost,p:processName=bi_bk3wk1_prod_01,OSThread=5656,t:clientID=3437,t:applicationName=BackgroundJob,t:computerName=DC2BUHAPP11,t:connectID=15511,SessionID=9114,Usr=WK1_Нагашбекова_Галия_Оразовна,Exception=60c686dc-798f-4d17-aadb-a90156a16eb8,Descr='src\rserver\src\rmngrcalls.cpp(476):
60c686dc-798f-4d17-aadb-a90156a16eb8: Сеанс отсутствует или удален
ID=2c90955d-576a-46e6-8754-0c7875f05d3c, File=d:\jenkins\ci_builder2\windowsbuild2\platform\src\rserver\src\clusterdistribimpl.cpp(1439)'
55:01.870015-0,ADMIN,2,process=rphost,p:processName=ServerJobExecutorContext,OSThread=1140,t:clientID=3430,t:applicationName=JobScheduler,t:computerName=DC2BUHAPP11,Func=killClient,ClusterID=8aa94e2b-5d54-4b86-800b-79353ce39638,ConnectionID=4f621f7d-ee0c-4a40-be7a-eced473b9a8e,Mode=0,Ref=bi_bk3wk1_prod_01(bi_bk3wk1_prod_01),Host=DC2BUHAPP11,Connection=15512,Administrator=Unknown,Result=Success
55:02.011025-0,EXCP,3,process=rphost,p:processName=bi_bk3wk1_prod_01,OSThread=8208,t:clientID=3438,t:applicationName=BackgroundJob,t:computerName=DC2BUHAPP11,t:connectID=15512,SessionID=9115,Usr=WK1_Нагашбекова_Галия_Оразовна,Exception=SeanceContextException,Descr='Сеанс отсутствует или удален
ID=bcef75ca-edab-4398-b5ba-a721397a9c26, File=d:\jenkins\ci_builder2\windowsbuild2\platform\src\rserver\src\clusterdistribimpl.cpp(1439)'
55:02.011027-0,EXCP,2,process=rphost,p:processName=bi_bk3wk1_prod_01,OSThread=8208,t:clientID=3438,t:applicationName=BackgroundJob,t:computerName=DC2BUHAPP11,t:connectID=15512,SessionID=9115,Usr=WK1_Нагашбекова_Галия_Оразовна,Exception=60c686dc-798f-4d17-aadb-a90156a16eb8,Descr='src\rserver\src\rmngrcalls.cpp(476):
60c686dc-798f-4d17-aadb-a90156a16eb8: Сеанс отсутствует или удален
ID=bcef75ca-edab-4398-b5ba-a721397a9c26, File=d:\jenkins\ci_builder2\windowsbuild2\platform\src\rserver\src\clusterdistribimpl.cpp(1439)'
55:02.026000-0,EXCP,2,process=rphost,p:processName=bi_bk3wk1_prod_01,OSThread=5656,t:clientID=3437,t:applicationName=BackgroundJob,t:computerName=DC2BUHAPP11,t:connectID=15511,SessionID=9114,Usr=WK1_Нагашбекова_Галия_Оразовна,Exception=SeanceContextException,Descr='Сеанс отсутствует или удален
ID=2c90955d-576a-46e6-8754-0c7875f05d3c, File=d:\jenkins\ci_builder2\windowsbuild2\platform\src\rserver\src\rmngrcalls.cpp(364)'
55:02.214001-0,EXCP,2,process=rphost,p:processName=bi_bk3wk1_prod_01,OSThread=8208,t:clientID=3438,t:applicationName=BackgroundJob,t:computerName=DC2BUHAPP11,t:connectID=15512,SessionID=9115,Usr=WK1_Нагашбекова_Галия_Оразовна,Exception=SeanceContextException,Descr='Сеанс отсутствует или удален
ID=bcef75ca-edab-4398-b5ba-a721397a9c26, File=d:\jenkins\ci_builder2\windowsbuild2\platform\src\rserver\src\rmngrcalls.cpp(364)'
55:02.214002-0,EXCP,2,process=rphost,p:processName=bi_bk3wk1_prod_01,OSThread=8208,t:clientID=3438,t:applicationName=BackgroundJob,t:computerName=DC2BUHAPP11,t:connectID=15512,SessionID=9115,Usr=WK1_Нагашбекова_Галия_Оразовна,Exception=60c686dc-798f-4d17-aadb-a90156a16eb8,Descr='src\rserver\src\serverjobexecutor.cpp(1095):
60c686dc-798f-4d17-aadb-a90156a16eb8: Сеанс отсутствует или удален
ID=bcef75ca-edab-4398-b5ba-a721397a9c26, File=d:\jenkins\ci_builder2\windowsbuild2\platform\src\rserver\src\rmngrcalls.cpp(364)'
55:02.214009-0,EXCP,3,process=rphost,p:processName=bi_bk3wk1_prod_01,OSThread=8208,t:clientID=3438,t:applicationName=BackgroundJob,t:computerName=DC2BUHAPP11,t:connectID=15512,SessionID=9115,Usr=WK1_Нагашбекова_Галия_Оразовна,Exception=SeanceContextException,Descr='Сеанс отсутствует или удален
ID=bcef75ca-edab-4398-b5ba-a721397a9c26, File=d:\jenkins\ci_builder2\windowsbuild2\platform\src\rserver\src\clusterdistribimpl.cpp(1439)'
55:02.214011-0,EXCP,2,process=rphost,p:processName=bi_bk3wk1_prod_01,OSThread=8208,t:clientID=3438,t:applicationName=BackgroundJob,t:computerName=DC2BUHAPP11,t:connectID=15512,SessionID=9115,Usr=WK1_Нагашбекова_Галия_Оразовна,Exception=60c686dc-798f-4d17-aadb-a90156a16eb8,Descr='src\rserver\src\rmngrcalls.cpp(476):
60c686dc-798f-4d17-aadb-a90156a16eb8: Сеанс отсутствует или удален
ID=bcef75ca-edab-4398-b5ba-a721397a9c26, File=d:\jenkins\ci_builder2\windowsbuild2\platform\src\rserver\src\clusterdistribimpl.cpp(1439)'
55:02.339015-0,ADMIN,2,process=rphost,p:processName=ServerJobExecutorContext,OSThread=1140,t:clientID=3430,t:applicationName=JobScheduler,t:computerName=DC2BUHAPP11,Func=killClient,ClusterID=8aa94e2b-5d54-4b86-800b-79353ce39638,ConnectionID=6ee867f0-6c57-4001-a5f0-521f4eb0fe2f,Mode=0,Ref=bi_bk3wk1_prod_01(bi_bk3wk1_prod_01),Host=DC2BUHAPP11,Connection=15513,Administrator=Unknown,Result=Success
55:02.417000-0,EXCP,2,process=rphost,p:processName=bi_bk3wk1_prod_01,OSThread=8208,t:clientID=3438,t:applicationName=BackgroundJob,t:computerName=DC2BUHAPP11,t:connectID=15512,SessionID=9115,Usr=WK1_Нагашбекова_Галия_Оразовна,Exception=SeanceContextException,Descr='Сеанс отсутствует или удален
ID=bcef75ca-edab-4398-b5ba-a721397a9c26, File=d:\jenkins\ci_builder2\windowsbuild2\platform\src\rserver\src\rmngrcalls.cpp(364)'
55:02.886008-0,EXCP,3,process=rphost,p:processName=bi_bk3wk1_prod_01,OSThread=4240,t:clientID=3439,t:applicationName=BackgroundJob,t:computerName=DC2BUHAPP11,t:connectID=15513,SessionID=9116,Usr=WK1_Нагашбекова_Галия_Оразовна,Exception=SeanceContextException,Descr='Сеанс отсутствует или удален
ID=f4ac3d85-d045-4f73-ad18-666c53c376f1, File=d:\jenkins\ci_builder2\windowsbuild2\platform\src\rserver\src\clusterdistribimpl.cpp(1439)'
55:02.886010-0,EXCP,2,process=rphost,p:processName=bi_bk3wk1_prod_01,OSThread=4240,t:clientID=3439,t:applicationName=BackgroundJob,t:computerName=DC2BUHAPP11,t:connectID=15513,SessionID=9116,Usr=WK1_Нагашбекова_Галия_Оразовна,Exception=60c686dc-798f-4d17-aadb-a90156a16eb8,Descr='src\rserver\src\rmngrcalls.cpp(476):
60c686dc-798f-4d17-aadb-a90156a16eb8: Сеанс отсутствует или удален
ID=f4ac3d85-d045-4f73-ad18-666c53c376f1, File=d:\jenkins\ci_builder2\windowsbuild2\platform\src\rserver\src\clusterdistribimpl.cpp(1439)'
55:03.089000-0,EXCP,2,process=rphost,p:processName=bi_bk3wk1_prod_01,OSThread=4240,t:clientID=3439,t:applicationName=BackgroundJob,t:computerName=DC2BUHAPP11,t:connectID=15513,SessionID=9116,Usr=WK1_Нагашбекова_Галия_Оразовна,Exception=SeanceContextException,Descr='Сеанс отсутствует или удален
ID=f4ac3d85-d045-4f73-ad18-666c53c376f1, File=d:\jenkins\ci_builder2\windowsbuild2\platform\src\rserver\src\rmngrcalls.cpp(364)'
55:03.089001-0,EXCP,2,process=rphost,p:processName=bi_bk3wk1_prod_01,OSThread=4240,t:clientID=3439,t:applicationName=BackgroundJob,t:computerName=DC2BUHAPP11,t:connectID=15513,SessionID=9116,Usr=WK1_Нагашбекова_Галия_Оразовна,Exception=60c686dc-798f-4d17-aadb-a90156a16eb8,Descr='src\rserver\src\serverjobexecutor.cpp(1095):
60c686dc-798f-4d17-aadb-a90156a16eb8: Сеанс отсутствует или удален
ID=f4ac3d85-d045-4f73-ad18-666c53c376f1, File=d:\jenkins\ci_builder2\windowsbuild2\platform\src\rserver\src\rmngrcalls.cpp(364)'
55:03.089003-0,EXCP,3,process=rphost,p:processName=bi_bk3wk1_prod_01,OSThread=4240,t:clientID=3439,t:applicationName=BackgroundJob,t:computerName=DC2BUHAPP11,t:connectID=15513,SessionID=9116,Usr=WK1_Нагашбекова_Галия_Оразовна,Exception=SeanceContextException,Descr='Сеанс отсутствует или удален
ID=f4ac3d85-d045-4f73-ad18-666c53c376f1, File=d:\jenkins\ci_builder2\windowsbuild2\platform\src\rserver\src\clusterdistribimpl.cpp(1439)'
55:03.089005-0,EXCP,2,process=rphost,p:processName=bi_bk3wk1_prod_01,OSThread=4240,t:clientID=3439,t:applicationName=BackgroundJob,t:computerName=DC2BUHAPP11,t:connectID=15513,SessionID=9116,Usr=WK1_Нагашбекова_Галия_Оразовна,Exception=60c686dc-798f-4d17-aadb-a90156a16eb8,Descr='src\rserver\src\rmngrcalls.cpp(476):
60c686dc-798f-4d17-aadb-a90156a16eb8: Сеанс отсутствует или удален
ID=f4ac3d85-d045-4f73-ad18-666c53c376f1, File=d:\jenkins\ci_builder2\windowsbuild2\platform\src\rserver\src\clusterdistribimpl.cpp(1439)'
55:03.229006-0,EXCP,2,process=rphost,p:processName=bi_bk3wk1_prod_01,OSThread=4240,t:clientID=3439,t:applicationName=BackgroundJob,t:computerName=DC2BUHAPP11,t:connectID=15513,SessionID=9116,Usr=WK1_Нагашбекова_Галия_Оразовна,Exception=SeanceContextException,Descr='Сеанс отсутствует или удален
ID=f4ac3d85-d045-4f73-ad18-666c53c376f1, File=d:\jenkins\ci_builder2\windowsbuild2\platform\src\rserver\src\rmngrcalls.cpp(364)'
