00:24.958015-0,ADMIN,2,process=rphost,p:processName=ServerJobExecutorContext,OSThread=1140,t:clientID=2702,t:applicationName=JobScheduler,t:computerName=DC2BUHAPP11,Func=killClient,ClusterID=8aa94e2b-5d54-4b86-800b-79353ce39638,ConnectionID=8e4c2255-a640-4fe9-a019-194a77e0f83d,Mode=0,Ref=bi_bk3wk1_prod_01(bi_bk3wk1_prod_01),Host=DC2BUHAPP11,Connection=13901,Administrator=Unknown,Result=Success
00:25.505021-0,ADMIN,2,process=rphost,p:processName=ServerJobExecutorContext,OSThread=1140,t:clientID=2702,t:applicationName=JobScheduler,t:computerName=DC2BUHAPP11,Func=killClient,ClusterID=8aa94e2b-5d54-4b86-800b-79353ce39638,ConnectionID=d59ce652-2020-4579-8a0d-a10b1e20d798,Mode=0,Ref=bi_bk3wk1_prod_01(bi_bk3wk1_prod_01),Host=DC2BUHAPP11,Connection=13902,Administrator=Unknown,Result=Success
00:25.645020-0,EXCP,3,process=rphost,p:processName=bi_bk3wk1_prod_01,OSThread=4608,t:clientID=2746,t:applicationName=BackgroundJob,t:computerName=DC2BUHAPP11,t:connectID=13901,SessionID=7620,Usr=WK1_Нагашбекова_Галия_Оразовна,Exception=SeanceContextException,Descr='Сеанс отсутствует или удален
ID=d809d0cb-023e-455b-854a-f67ecfd2ead1, File=d:\jenkins\ci_builder2\windowsbuild2\platform\src\rserver\src\clusterdistribimpl.cpp(1439)'
00:25.645022-0,EXCP,2,process=rphost,p:processName=bi_bk3wk1_prod_01,OSThread=4608,t:clientID=2746,t:applicationName=BackgroundJob,t:computerName=DC2BUHAPP11,t:connectID=13901,SessionID=7620,Usr=WK1_Нагашбекова_Галия_Оразовна,Exception=60c686dc-798f-4d17-aadb-a90156a16eb8,Descr='src\rserver\src\rmngrcalls.cpp(476):
60c686dc-798f-4d17-aadb-a90156a16eb8: Сеанс отсутствует или удален
ID=d809d0cb-023e-455b-854a-f67ecfd2ead1, File=d:\jenkins\ci_builder2\windowsbuild2\platform\src\rserver\src\clusterdistribimpl.cpp(1439)'
00:25.864000-0,EXCP,2,process=rphost,p:processName=bi_bk3wk1_prod_01,OSThread=4608,t:clientID=2746,t:applicationName=BackgroundJob,t:computerName=DC2BUHAPP11,t:connectID=13901,SessionID=7620,Usr=WK1_Нагашбекова_Галия_Оразовна,Exception=SeanceContextException,Descr='Сеанс отсутствует или удален
ID=d809d0cb-023e-455b-854a-f67ecfd2ead1, File=d:\jenkins\ci_builder2\windowsbuild2\platform\src\rserver\src\rmngrcalls.cpp(364)'
00:25.864001-0,EXCP,2,process=rphost,p:processName=bi_bk3wk1_prod_01,OSThread=4608,t:clientID=2746,t:applicationName=BackgroundJob,t:computerName=DC2BUHAPP11,t:connectID=13901,SessionID=7620,Usr=WK1_Нагашбекова_Галия_Оразовна,Exception=60c686dc-798f-4d17-aadb-a90156a16eb8,Descr='src\rserver\src\serverjobexecutor.cpp(1095):
60c686dc-798f-4d17-aadb-a90156a16eb8: Сеанс отсутствует или удален
ID=d809d0cb-023e-455b-854a-f67ecfd2ead1, File=d:\jenkins\ci_builder2\windowsbuild2\platform\src\rserver\src\rmngrcalls.cpp(364)'
00:25.864005-0,EXCP,3,process=rphost,p:processName=bi_bk3wk1_prod_01,OSThread=4608,t:clientID=2746,t:applicationName=BackgroundJob,t:computerName=DC2BUHAPP11,t:connectID=13901,SessionID=7620,Usr=WK1_Нагашбекова_Галия_Оразовна,Exception=SeanceContextException,Descr='Сеанс отсутствует или удален
ID=d809d0cb-023e-455b-854a-f67ecfd2ead1, File=d:\jenkins\ci_builder2\windowsbuild2\platform\src\rserver\src\clusterdistribimpl.cpp(1439)'
00:25.864008-0,EXCP,2,process=rphost,p:processName=bi_bk3wk1_prod_01,OSThread=4608,t:clientID=2746,t:applicationName=BackgroundJob,t:computerName=DC2BUHAPP11,t:connectID=13901,SessionID=7620,Usr=WK1_Нагашбекова_Галия_Оразовна,Exception=60c686dc-798f-4d17-aadb-a90156a16eb8,Descr='src\rserver\src\rmngrcalls.cpp(476):
60c686dc-798f-4d17-aadb-a90156a16eb8: Сеанс отсутствует или удален
ID=d809d0cb-023e-455b-854a-f67ecfd2ead1, File=d:\jenkins\ci_builder2\windowsbuild2\platform\src\rserver\src\clusterdistribimpl.cpp(1439)'
00:26.067000-0,EXCP,2,process=rphost,p:processName=bi_bk3wk1_prod_01,OSThread=4608,t:clientID=2746,t:applicationName=BackgroundJob,t:computerName=DC2BUHAPP11,t:connectID=13901,SessionID=7620,Usr=WK1_Нагашбекова_Галия_Оразовна,Exception=SeanceContextException,Descr='Сеанс отсутствует или удален
ID=d809d0cb-023e-455b-854a-f67ecfd2ead1, File=d:\jenkins\ci_builder2\windowsbuild2\platform\src\rserver\src\rmngrcalls.cpp(364)'
00:26.114025-0,EXCP,3,process=rphost,p:processName=bi_bk3wk1_prod_01,OSThread=4240,t:clientID=2747,t:applicationName=BackgroundJob,t:computerName=DC2BUHAPP11,t:connectID=13902,SessionID=7621,Usr=WK1_Нагашбекова_Галия_Оразовна,Exception=SeanceContextException,Descr='Сеанс отсутствует или удален
ID=008f2aee-7a4b-4af5-aab5-457d05a7cc73, File=d:\jenkins\ci_builder2\windowsbuild2\platform\src\rserver\src\clusterdistribimpl.cpp(1439)'
00:26.114027-0,EXCP,2,process=rphost,p:processName=bi_bk3wk1_prod_01,OSThread=4240,t:clientID=2747,t:applicationName=BackgroundJob,t:computerName=DC2BUHAPP11,t:connectID=13902,SessionID=7621,Usr=WK1_Нагашбекова_Галия_Оразовна,Exception=60c686dc-798f-4d17-aadb-a90156a16eb8,Descr='src\rserver\src\rmngrcalls.cpp(476):
60c686dc-798f-4d17-aadb-a90156a16eb8: Сеанс отсутствует или удален
ID=008f2aee-7a4b-4af5-aab5-457d05a7cc73, File=d:\jenkins\ci_builder2\windowsbuild2\platform\src\rserver\src\clusterdistribimpl.cpp(1439)'
00:26.317000-0,EXCP,2,process=rphost,p:processName=bi_bk3wk1_prod_01,OSThread=4240,t:clientID=2747,t:applicationName=BackgroundJob,t:computerName=DC2BUHAPP11,t:connectID=13902,SessionID=7621,Usr=WK1_Нагашбекова_Галия_Оразовна,Exception=SeanceContextException,Descr='Сеанс отсутствует или удален
ID=008f2aee-7a4b-4af5-aab5-457d05a7cc73, File=d:\jenkins\ci_builder2\windowsbuild2\platform\src\rserver\src\rmngrcalls.cpp(364)'
00:26.317001-0,EXCP,2,process=rphost,p:processName=bi_bk3wk1_prod_01,OSThread=4240,t:clientID=2747,t:applicationName=BackgroundJob,t:computerName=DC2BUHAPP11,t:connectID=13902,SessionID=7621,Usr=WK1_Нагашбекова_Галия_Оразовна,Exception=60c686dc-798f-4d17-aadb-a90156a16eb8,Descr='src\rserver\src\serverjobexecutor.cpp(1095):
60c686dc-798f-4d17-aadb-a90156a16eb8: Сеанс отсутствует или удален
ID=008f2aee-7a4b-4af5-aab5-457d05a7cc73, File=d:\jenkins\ci_builder2\windowsbuild2\platform\src\rserver\src\rmngrcalls.cpp(364)'
00:26.317003-0,EXCP,3,process=rphost,p:processName=bi_bk3wk1_prod_01,OSThread=4240,t:clientID=2747,t:applicationName=BackgroundJob,t:computerName=DC2BUHAPP11,t:connectID=13902,SessionID=7621,Usr=WK1_Нагашбекова_Галия_Оразовна,Exception=SeanceContextException,Descr='Сеанс отсутствует или удален
ID=008f2aee-7a4b-4af5-aab5-457d05a7cc73, File=d:\jenkins\ci_builder2\windowsbuild2\platform\src\rserver\src\clusterdistribimpl.cpp(1439)'
00:26.317005-0,EXCP,2,process=rphost,p:processName=bi_bk3wk1_prod_01,OSThread=4240,t:clientID=2747,t:applicationName=BackgroundJob,t:computerName=DC2BUHAPP11,t:connectID=13902,SessionID=7621,Usr=WK1_Нагашбекова_Галия_Оразовна,Exception=60c686dc-798f-4d17-aadb-a90156a16eb8,Descr='src\rserver\src\rmngrcalls.cpp(476):
60c686dc-798f-4d17-aadb-a90156a16eb8: Сеанс отсутствует или удален
ID=008f2aee-7a4b-4af5-aab5-457d05a7cc73, File=d:\jenkins\ci_builder2\windowsbuild2\platform\src\rserver\src\clusterdistribimpl.cpp(1439)'
00:26.520000-0,EXCP,2,process=rphost,p:processName=bi_bk3wk1_prod_01,OSThread=4240,t:clientID=2747,t:applicationName=BackgroundJob,t:computerName=DC2BUHAPP11,t:connectID=13902,SessionID=7621,Usr=WK1_Нагашбекова_Галия_Оразовна,Exception=SeanceContextException,Descr='Сеанс отсутствует или удален
ID=008f2aee-7a4b-4af5-aab5-457d05a7cc73, File=d:\jenkins\ci_builder2\windowsbuild2\platform\src\rserver\src\rmngrcalls.cpp(364)'
00:27.708015-0,ADMIN,2,process=rphost,p:processName=ServerJobExecutorContext,OSThread=1140,t:clientID=2702,t:applicationName=JobScheduler,t:computerName=DC2BUHAPP11,Func=killClient,ClusterID=8aa94e2b-5d54-4b86-800b-79353ce39638,ConnectionID=ec9e28e1-df69-4927-89e6-320feb8437f9,Mode=0,Ref=bi_bk3wk1_prod_01(bi_bk3wk1_prod_01),Host=DC2BUHAPP11,Connection=13904,Administrator=Unknown,Result=Success
00:27.786020-0,EXCP,3,process=rphost,p:processName=bi_bk3wk1_prod_01,OSThread=4240,t:clientID=2748,t:applicationName=BackgroundJob,t:computerName=DC2BUHAPP11,t:connectID=13904,SessionID=7623,Usr=WK1_Нагашбекова_Галия_Оразовна,Exception=SeanceContextException,Descr='Сеанс отсутствует или удален
ID=9e6cd165-0644-4aea-bf3c-bcc6684da93d, File=d:\jenkins\ci_builder2\windowsbuild2\platform\src\rserver\src\clusterdistribimpl.cpp(1439)'
00:27.786022-0,EXCP,2,process=rphost,p:processName=bi_bk3wk1_prod_01,OSThread=4240,t:clientID=2748,t:applicationName=BackgroundJob,t:computerName=DC2BUHAPP11,t:connectID=13904,SessionID=7623,Usr=WK1_Нагашбекова_Галия_Оразовна,Exception=60c686dc-798f-4d17-aadb-a90156a16eb8,Descr='src\rserver\src\rmngrcalls.cpp(476):
60c686dc-798f-4d17-aadb-a90156a16eb8: Сеанс отсутствует или удален
ID=9e6cd165-0644-4aea-bf3c-bcc6684da93d, File=d:\jenkins\ci_builder2\windowsbuild2\platform\src\rserver\src\clusterdistribimpl.cpp(1439)'
00:27.989000-0,EXCP,2,process=rphost,p:processName=bi_bk3wk1_prod_01,OSThread=4240,t:clientID=2748,t:applicationName=BackgroundJob,t:computerName=DC2BUHAPP11,t:connectID=13904,SessionID=7623,Usr=WK1_Нагашбекова_Галия_Оразовна,Exception=SeanceContextException,Descr='Сеанс отсутствует или удален
ID=9e6cd165-0644-4aea-bf3c-bcc6684da93d, File=d:\jenkins\ci_builder2\windowsbuild2\platform\src\rserver\src\rmngrcalls.cpp(364)'
00:27.989001-0,EXCP,2,process=rphost,p:processName=bi_bk3wk1_prod_01,OSThread=4240,t:clientID=2748,t:applicationName=BackgroundJob,t:computerName=DC2BUHAPP11,t:connectID=13904,SessionID=7623,Usr=WK1_Нагашбекова_Галия_Оразовна,Exception=60c686dc-798f-4d17-aadb-a90156a16eb8,Descr='src\rserver\src\serverjobexecutor.cpp(1095):
60c686dc-798f-4d17-aadb-a90156a16eb8: Сеанс отсутствует или удален
ID=9e6cd165-0644-4aea-bf3c-bcc6684da93d, File=d:\jenkins\ci_builder2\windowsbuild2\platform\src\rserver\src\rmngrcalls.cpp(364)'
00:27.989003-0,EXCP,3,process=rphost,p:processName=bi_bk3wk1_prod_01,OSThread=4240,t:clientID=2748,t:applicationName=BackgroundJob,t:computerName=DC2BUHAPP11,t:connectID=13904,SessionID=7623,Usr=WK1_Нагашбекова_Галия_Оразовна,Exception=SeanceContextException,Descr='Сеанс отсутствует или удален
ID=9e6cd165-0644-4aea-bf3c-bcc6684da93d, File=d:\jenkins\ci_builder2\windowsbuild2\platform\src\rserver\src\clusterdistribimpl.cpp(1439)'
00:27.989005-0,EXCP,2,process=rphost,p:processName=bi_bk3wk1_prod_01,OSThread=4240,t:clientID=2748,t:applicationName=BackgroundJob,t:computerName=DC2BUHAPP11,t:connectID=13904,SessionID=7623,Usr=WK1_Нагашбекова_Галия_Оразовна,Exception=60c686dc-798f-4d17-aadb-a90156a16eb8,Descr='src\rserver\src\rmngrcalls.cpp(476):
60c686dc-798f-4d17-aadb-a90156a16eb8: Сеанс отсутствует или удален
ID=9e6cd165-0644-4aea-bf3c-bcc6684da93d, File=d:\jenkins\ci_builder2\windowsbuild2\platform\src\rserver\src\clusterdistribimpl.cpp(1439)'
00:28.192000-0,EXCP,2,process=rphost,p:processName=bi_bk3wk1_prod_01,OSThread=4240,t:clientID=2748,t:applicationName=BackgroundJob,t:computerName=DC2BUHAPP11,t:connectID=13904,SessionID=7623,Usr=WK1_Нагашбекова_Галия_Оразовна,Exception=SeanceContextException,Descr='Сеанс отсутствует или удален
ID=9e6cd165-0644-4aea-bf3c-bcc6684da93d, File=d:\jenkins\ci_builder2\windowsbuild2\platform\src\rserver\src\rmngrcalls.cpp(364)'
00:31.192017-0,ADMIN,2,process=rphost,p:processName=ServerJobExecutorContext,OSThread=1140,t:clientID=2702,t:applicationName=JobScheduler,t:computerName=DC2BUHAPP11,Func=killClient,ClusterID=8aa94e2b-5d54-4b86-800b-79353ce39638,ConnectionID=81985266-e891-47cd-bc2a-c15f3092f28d,Mode=0,Ref=bi_bk3wk1_prod_01(bi_bk3wk1_prod_01),Host=DC2BUHAPP11,Connection=13905,Administrator=Unknown,Result=Success
00:32.020005-0,EXCP,3,process=rphost,p:processName=bi_bk3wk1_prod_01,OSThread=4240,t:clientID=2749,t:applicationName=BackgroundJob,t:computerName=DC2BUHAPP11,t:connectID=13905,SessionID=7624,Usr=WK1_Нагашбекова_Галия_Оразовна,Exception=SeanceContextException,Descr='Сеанс отсутствует или удален
ID=4c7cebad-1e32-4af7-bd96-17b4e23c878f, File=d:\jenkins\ci_builder2\windowsbuild2\platform\src\rserver\src\clusterdistribimpl.cpp(1439)'
00:32.020007-0,EXCP,2,process=rphost,p:processName=bi_bk3wk1_prod_01,OSThread=4240,t:clientID=2749,t:applicationName=BackgroundJob,t:computerName=DC2BUHAPP11,t:connectID=13905,SessionID=7624,Usr=WK1_Нагашбекова_Галия_Оразовна,Exception=60c686dc-798f-4d17-aadb-a90156a16eb8,Descr='src\rserver\src\rmngrcalls.cpp(476):
60c686dc-798f-4d17-aadb-a90156a16eb8: Сеанс отсутствует или удален
ID=4c7cebad-1e32-4af7-bd96-17b4e23c878f, File=d:\jenkins\ci_builder2\windowsbuild2\platform\src\rserver\src\clusterdistribimpl.cpp(1439)'
00:32.224000-0,EXCP,2,process=rphost,p:processName=bi_bk3wk1_prod_01,OSThread=4240,t:clientID=2749,t:applicationName=BackgroundJob,t:computerName=DC2BUHAPP11,t:connectID=13905,SessionID=7624,Usr=WK1_Нагашбекова_Галия_Оразовна,Exception=SeanceContextException,Descr='Сеанс отсутствует или удален
ID=4c7cebad-1e32-4af7-bd96-17b4e23c878f, File=d:\jenkins\ci_builder2\windowsbuild2\platform\src\rserver\src\rmngrcalls.cpp(364)'
00:32.224001-0,EXCP,2,process=rphost,p:processName=bi_bk3wk1_prod_01,OSThread=4240,t:clientID=2749,t:applicationName=BackgroundJob,t:computerName=DC2BUHAPP11,t:connectID=13905,SessionID=7624,Usr=WK1_Нагашбекова_Галия_Оразовна,Exception=60c686dc-798f-4d17-aadb-a90156a16eb8,Descr='src\rserver\src\serverjobexecutor.cpp(1095):
60c686dc-798f-4d17-aadb-a90156a16eb8: Сеанс отсутствует или удален
ID=4c7cebad-1e32-4af7-bd96-17b4e23c878f, File=d:\jenkins\ci_builder2\windowsbuild2\platform\src\rserver\src\rmngrcalls.cpp(364)'
00:32.224003-0,EXCP,3,process=rphost,p:processName=bi_bk3wk1_prod_01,OSThread=4240,t:clientID=2749,t:applicationName=BackgroundJob,t:computerName=DC2BUHAPP11,t:connectID=13905,SessionID=7624,Usr=WK1_Нагашбекова_Галия_Оразовна,Exception=SeanceContextException,Descr='Сеанс отсутствует или удален
ID=4c7cebad-1e32-4af7-bd96-17b4e23c878f, File=d:\jenkins\ci_builder2\windowsbuild2\platform\src\rserver\src\clusterdistribimpl.cpp(1439)'
00:32.224005-0,EXCP,2,process=rphost,p:processName=bi_bk3wk1_prod_01,OSThread=4240,t:clientID=2749,t:applicationName=BackgroundJob,t:computerName=DC2BUHAPP11,t:connectID=13905,SessionID=7624,Usr=WK1_Нагашбекова_Галия_Оразовна,Exception=60c686dc-798f-4d17-aadb-a90156a16eb8,Descr='src\rserver\src\rmngrcalls.cpp(476):
60c686dc-798f-4d17-aadb-a90156a16eb8: Сеанс отсутствует или удален
ID=4c7cebad-1e32-4af7-bd96-17b4e23c878f, File=d:\jenkins\ci_builder2\windowsbuild2\platform\src\rserver\src\clusterdistribimpl.cpp(1439)'
00:32.427000-0,EXCP,2,process=rphost,p:processName=bi_bk3wk1_prod_01,OSThread=4240,t:clientID=2749,t:applicationName=BackgroundJob,t:computerName=DC2BUHAPP11,t:connectID=13905,SessionID=7624,Usr=WK1_Нагашбекова_Галия_Оразовна,Exception=SeanceContextException,Descr='Сеанс отсутствует или удален
ID=4c7cebad-1e32-4af7-bd96-17b4e23c878f, File=d:\jenkins\ci_builder2\windowsbuild2\platform\src\rserver\src\rmngrcalls.cpp(364)'
00:34.099015-0,ADMIN,2,process=rphost,p:processName=ServerJobExecutorContext,OSThread=1140,t:clientID=2702,t:applicationName=JobScheduler,t:computerName=DC2BUHAPP11,Func=killClient,ClusterID=8aa94e2b-5d54-4b86-800b-79353ce39638,ConnectionID=77af8486-9b5d-4d9d-ab92-7440aef599a2,Mode=0,Ref=bi_bk3wk1_prod_01(bi_bk3wk1_prod_01),Host=DC2BUHAPP11,Connection=13907,Administrator=Unknown,Result=Success
00:34.802020-0,EXCP,3,process=rphost,p:processName=bi_bk3wk1_prod_01,OSThread=6216,t:clientID=2751,t:applicationName=BackgroundJob,t:computerName=DC2BUHAPP11,t:connectID=13907,SessionID=7626,Usr=WK1_Нагашбекова_Галия_Оразовна,Exception=SeanceContextException,Descr='Сеанс отсутствует или удален
ID=973a275f-3b49-42b6-abd4-45ad7ab64944, File=d:\jenkins\ci_builder2\windowsbuild2\platform\src\rserver\src\clusterdistribimpl.cpp(1439)'
00:34.802022-0,EXCP,2,process=rphost,p:processName=bi_bk3wk1_prod_01,OSThread=6216,t:clientID=2751,t:applicationName=BackgroundJob,t:computerName=DC2BUHAPP11,t:connectID=13907,SessionID=7626,Usr=WK1_Нагашбекова_Галия_Оразовна,Exception=60c686dc-798f-4d17-aadb-a90156a16eb8,Descr='src\rserver\src\rmngrcalls.cpp(476):
60c686dc-798f-4d17-aadb-a90156a16eb8: Сеанс отсутствует или удален
ID=973a275f-3b49-42b6-abd4-45ad7ab64944, File=d:\jenkins\ci_builder2\windowsbuild2\platform\src\rserver\src\clusterdistribimpl.cpp(1439)'
00:35.008000-0,EXCP,2,process=rphost,p:processName=bi_bk3wk1_prod_01,OSThread=6216,t:clientID=2751,t:applicationName=BackgroundJob,t:computerName=DC2BUHAPP11,t:connectID=13907,SessionID=7626,Usr=WK1_Нагашбекова_Галия_Оразовна,Exception=SeanceContextException,Descr='Сеанс отсутствует или удален
ID=973a275f-3b49-42b6-abd4-45ad7ab64944, File=d:\jenkins\ci_builder2\windowsbuild2\platform\src\rserver\src\rmngrcalls.cpp(364)'
00:35.008001-0,EXCP,2,process=rphost,p:processName=bi_bk3wk1_prod_01,OSThread=6216,t:clientID=2751,t:applicationName=BackgroundJob,t:computerName=DC2BUHAPP11,t:connectID=13907,SessionID=7626,Usr=WK1_Нагашбекова_Галия_Оразовна,Exception=60c686dc-798f-4d17-aadb-a90156a16eb8,Descr='src\rserver\src\serverjobexecutor.cpp(1095):
60c686dc-798f-4d17-aadb-a90156a16eb8: Сеанс отсутствует или удален
ID=973a275f-3b49-42b6-abd4-45ad7ab64944, File=d:\jenkins\ci_builder2\windowsbuild2\platform\src\rserver\src\rmngrcalls.cpp(364)'
00:35.008003-0,EXCP,3,process=rphost,p:processName=bi_bk3wk1_prod_01,OSThread=6216,t:clientID=2751,t:applicationName=BackgroundJob,t:computerName=DC2BUHAPP11,t:connectID=13907,SessionID=7626,Usr=WK1_Нагашбекова_Галия_Оразовна,Exception=SeanceContextException,Descr='Сеанс отсутствует или удален
ID=973a275f-3b49-42b6-abd4-45ad7ab64944, File=d:\jenkins\ci_builder2\windowsbuild2\platform\src\rserver\src\clusterdistribimpl.cpp(1439)'
00:35.008005-0,EXCP,2,process=rphost,p:processName=bi_bk3wk1_prod_01,OSThread=6216,t:clientID=2751,t:applicationName=BackgroundJob,t:computerName=DC2BUHAPP11,t:connectID=13907,SessionID=7626,Usr=WK1_Нагашбекова_Галия_Оразовна,Exception=60c686dc-798f-4d17-aadb-a90156a16eb8,Descr='src\rserver\src\rmngrcalls.cpp(476):
60c686dc-798f-4d17-aadb-a90156a16eb8: Сеанс отсутствует или удален
ID=973a275f-3b49-42b6-abd4-45ad7ab64944, File=d:\jenkins\ci_builder2\windowsbuild2\platform\src\rserver\src\clusterdistribimpl.cpp(1439)'
00:35.211000-0,EXCP,2,process=rphost,p:processName=bi_bk3wk1_prod_01,OSThread=6216,t:clientID=2751,t:applicationName=BackgroundJob,t:computerName=DC2BUHAPP11,t:connectID=13907,SessionID=7626,Usr=WK1_Нагашбекова_Галия_Оразовна,Exception=SeanceContextException,Descr='Сеанс отсутствует или удален
ID=973a275f-3b49-42b6-abd4-45ad7ab64944, File=d:\jenkins\ci_builder2\windowsbuild2\platform\src\rserver\src\rmngrcalls.cpp(364)'
01:00.492015-0,ADMIN,2,process=rphost,p:processName=ServerJobExecutorContext,OSThread=1140,t:clientID=2702,t:applicationName=JobScheduler,t:computerName=DC2BUHAPP11,Func=killClient,ClusterID=8aa94e2b-5d54-4b86-800b-79353ce39638,ConnectionID=5c08f98d-04d0-4c1c-aef2-b822a12c8a44,Mode=0,Ref=bi_bk3wk1_prod_01(bi_bk3wk1_prod_01),Host=DC2BUHAPP11,Connection=13916,Administrator=Unknown,Result=Success
01:01.242020-0,EXCP,3,process=rphost,p:processName=bi_bk3wk1_prod_01,OSThread=7892,t:clientID=2753,t:applicationName=BackgroundJob,t:computerName=DC2BUHAPP11,t:connectID=13916,SessionID=7635,Usr=WK1_Нагашбекова_Галия_Оразовна,Exception=SeanceContextException,Descr='Сеанс отсутствует или удален
ID=f2b50bbf-9c21-4859-838f-ba1b55ae1572, File=d:\jenkins\ci_builder2\windowsbuild2\platform\src\rserver\src\clusterdistribimpl.cpp(1439)'
01:01.242022-0,EXCP,2,process=rphost,p:processName=bi_bk3wk1_prod_01,OSThread=7892,t:clientID=2753,t:applicationName=BackgroundJob,t:computerName=DC2BUHAPP11,t:connectID=13916,SessionID=7635,Usr=WK1_Нагашбекова_Галия_Оразовна,Exception=60c686dc-798f-4d17-aadb-a90156a16eb8,Descr='src\rserver\src\rmngrcalls.cpp(476):
60c686dc-798f-4d17-aadb-a90156a16eb8: Сеанс отсутствует или удален
ID=f2b50bbf-9c21-4859-838f-ba1b55ae1572, File=d:\jenkins\ci_builder2\windowsbuild2\platform\src\rserver\src\clusterdistribimpl.cpp(1439)'
01:01.273015-0,ADMIN,2,process=rphost,p:processName=ServerJobExecutorContext,OSThread=1140,t:clientID=2702,t:applicationName=JobScheduler,t:computerName=DC2BUHAPP11,Func=killClient,ClusterID=8aa94e2b-5d54-4b86-800b-79353ce39638,ConnectionID=696bdf78-ae61-4fb9-ad41-9d24aa9170ed,Mode=0,Ref=bi_bk3wk1_prod_01(bi_bk3wk1_prod_01),Host=DC2BUHAPP11,Connection=13917,Administrator=Unknown,Result=Success
01:01.445000-0,EXCP,2,process=rphost,p:processName=bi_bk3wk1_prod_01,OSThread=7892,t:clientID=2753,t:applicationName=BackgroundJob,t:computerName=DC2BUHAPP11,t:connectID=13916,SessionID=7635,Usr=WK1_Нагашбекова_Галия_Оразовна,Exception=SeanceContextException,Descr='Сеанс отсутствует или удален
ID=f2b50bbf-9c21-4859-838f-ba1b55ae1572, File=d:\jenkins\ci_builder2\windowsbuild2\platform\src\rserver\src\rmngrcalls.cpp(364)'
01:01.445001-0,EXCP,2,process=rphost,p:processName=bi_bk3wk1_prod_01,OSThread=7892,t:clientID=2753,t:applicationName=BackgroundJob,t:computerName=DC2BUHAPP11,t:connectID=13916,SessionID=7635,Usr=WK1_Нагашбекова_Галия_Оразовна,Exception=60c686dc-798f-4d17-aadb-a90156a16eb8,Descr='src\rserver\src\serverjobexecutor.cpp(1095):
60c686dc-798f-4d17-aadb-a90156a16eb8: Сеанс отсутствует или удален
ID=f2b50bbf-9c21-4859-838f-ba1b55ae1572, File=d:\jenkins\ci_builder2\windowsbuild2\platform\src\rserver\src\rmngrcalls.cpp(364)'
01:01.445003-0,EXCP,3,process=rphost,p:processName=bi_bk3wk1_prod_01,OSThread=7892,t:clientID=2753,t:applicationName=BackgroundJob,t:computerName=DC2BUHAPP11,t:connectID=13916,SessionID=7635,Usr=WK1_Нагашбекова_Галия_Оразовна,Exception=SeanceContextException,Descr='Сеанс отсутствует или удален
ID=f2b50bbf-9c21-4859-838f-ba1b55ae1572, File=d:\jenkins\ci_builder2\windowsbuild2\platform\src\rserver\src\clusterdistribimpl.cpp(1439)'
01:01.445005-0,EXCP,2,process=rphost,p:processName=bi_bk3wk1_prod_01,OSThread=7892,t:clientID=2753,t:applicationName=BackgroundJob,t:computerName=DC2BUHAPP11,t:connectID=13916,SessionID=7635,Usr=WK1_Нагашбекова_Галия_Оразовна,Exception=60c686dc-798f-4d17-aadb-a90156a16eb8,Descr='src\rserver\src\rmngrcalls.cpp(476):
60c686dc-798f-4d17-aadb-a90156a16eb8: Сеанс отсутствует или удален
ID=f2b50bbf-9c21-4859-838f-ba1b55ae1572, File=d:\jenkins\ci_builder2\windowsbuild2\platform\src\rserver\src\clusterdistribimpl.cpp(1439)'
01:01.648000-0,EXCP,2,process=rphost,p:processName=bi_bk3wk1_prod_01,OSThread=7892,t:clientID=2753,t:applicationName=BackgroundJob,t:computerName=DC2BUHAPP11,t:connectID=13916,SessionID=7635,Usr=WK1_Нагашбекова_Галия_Оразовна,Exception=SeanceContextException,Descr='Сеанс отсутствует или удален
ID=f2b50bbf-9c21-4859-838f-ba1b55ae1572, File=d:\jenkins\ci_builder2\windowsbuild2\platform\src\rserver\src\rmngrcalls.cpp(364)'
01:01.805004-0,EXCP,3,process=rphost,p:processName=bi_bk3wk1_prod_01,OSThread=7984,t:clientID=2754,t:applicationName=BackgroundJob,t:computerName=DC2BUHAPP11,t:connectID=13917,SessionID=7636,Usr=WK1_Нагашбекова_Галия_Оразовна,Exception=SeanceContextException,Descr='Сеанс отсутствует или удален
ID=6bbdb261-6169-479e-be69-341d857cabbb, File=d:\jenkins\ci_builder2\windowsbuild2\platform\src\rserver\src\clusterdistribimpl.cpp(1439)'
01:01.805006-0,EXCP,2,process=rphost,p:processName=bi_bk3wk1_prod_01,OSThread=7984,t:clientID=2754,t:applicationName=BackgroundJob,t:computerName=DC2BUHAPP11,t:connectID=13917,SessionID=7636,Usr=WK1_Нагашбекова_Галия_Оразовна,Exception=60c686dc-798f-4d17-aadb-a90156a16eb8,Descr='src\rserver\src\rmngrcalls.cpp(476):
60c686dc-798f-4d17-aadb-a90156a16eb8: Сеанс отсутствует или удален
ID=6bbdb261-6169-479e-be69-341d857cabbb, File=d:\jenkins\ci_builder2\windowsbuild2\platform\src\rserver\src\clusterdistribimpl.cpp(1439)'
01:02.008000-0,EXCP,2,process=rphost,p:processName=bi_bk3wk1_prod_01,OSThread=7984,t:clientID=2754,t:applicationName=BackgroundJob,t:computerName=DC2BUHAPP11,t:connectID=13917,SessionID=7636,Usr=WK1_Нагашбекова_Галия_Оразовна,Exception=SeanceContextException,Descr='Сеанс отсутствует или удален
ID=6bbdb261-6169-479e-be69-341d857cabbb, File=d:\jenkins\ci_builder2\windowsbuild2\platform\src\rserver\src\rmngrcalls.cpp(364)'
01:02.008001-0,EXCP,2,process=rphost,p:processName=bi_bk3wk1_prod_01,OSThread=7984,t:clientID=2754,t:applicationName=BackgroundJob,t:computerName=DC2BUHAPP11,t:connectID=13917,SessionID=7636,Usr=WK1_Нагашбекова_Галия_Оразовна,Exception=60c686dc-798f-4d17-aadb-a90156a16eb8,Descr='src\rserver\src\serverjobexecutor.cpp(1095):
60c686dc-798f-4d17-aadb-a90156a16eb8: Сеанс отсутствует или удален
ID=6bbdb261-6169-479e-be69-341d857cabbb, File=d:\jenkins\ci_builder2\windowsbuild2\platform\src\rserver\src\rmngrcalls.cpp(364)'
01:02.008003-0,EXCP,3,process=rphost,p:processName=bi_bk3wk1_prod_01,OSThread=7984,t:clientID=2754,t:applicationName=BackgroundJob,t:computerName=DC2BUHAPP11,t:connectID=13917,SessionID=7636,Usr=WK1_Нагашбекова_Галия_Оразовна,Exception=SeanceContextException,Descr='Сеанс отсутствует или удален
ID=6bbdb261-6169-479e-be69-341d857cabbb, File=d:\jenkins\ci_builder2\windowsbuild2\platform\src\rserver\src\clusterdistribimpl.cpp(1439)'
01:02.008005-0,EXCP,2,process=rphost,p:processName=bi_bk3wk1_prod_01,OSThread=7984,t:clientID=2754,t:applicationName=BackgroundJob,t:computerName=DC2BUHAPP11,t:connectID=13917,SessionID=7636,Usr=WK1_Нагашбекова_Галия_Оразовна,Exception=60c686dc-798f-4d17-aadb-a90156a16eb8,Descr='src\rserver\src\rmngrcalls.cpp(476):
60c686dc-798f-4d17-aadb-a90156a16eb8: Сеанс отсутствует или удален
ID=6bbdb261-6169-479e-be69-341d857cabbb, File=d:\jenkins\ci_builder2\windowsbuild2\platform\src\rserver\src\clusterdistribimpl.cpp(1439)'
01:02.070006-0,EXCP,2,process=rphost,p:processName=bi_bk3wk1_prod_01,OSThread=7984,t:clientID=2754,t:applicationName=BackgroundJob,t:computerName=DC2BUHAPP11,t:connectID=13917,SessionID=7636,Usr=WK1_Нагашбекова_Галия_Оразовна,Exception=SeanceContextException,Descr='Сеанс отсутствует или удален
ID=6bbdb261-6169-479e-be69-341d857cabbb, File=d:\jenkins\ci_builder2\windowsbuild2\platform\src\rserver\src\rmngrcalls.cpp(364)'
01:07.820004-0,ADMIN,2,process=rphost,p:processName=ServerJobExecutorContext,OSThread=1140,t:clientID=2702,t:applicationName=JobScheduler,t:computerName=DC2BUHAPP11,Func=killClient,ClusterID=8aa94e2b-5d54-4b86-800b-79353ce39638,ConnectionID=dbd389e5-a45f-4fba-b978-947a08a00ab3,Mode=0,Ref=bi_bk3wk1_prod_01(bi_bk3wk1_prod_01),Host=DC2BUHAPP11,Connection=13923,Administrator=Unknown,Result=Success
01:08.008020-0,EXCP,3,process=rphost,p:processName=bi_bk3wk1_prod_01,OSThread=4608,t:clientID=2755,t:applicationName=BackgroundJob,t:computerName=DC2BUHAPP11,t:connectID=13923,SessionID=7642,Usr=WK1_Нагашбекова_Галия_Оразовна,Exception=SeanceContextException,Descr='Сеанс отсутствует или удален
ID=ff712e0e-d8cf-4eb8-a113-66505b74e70c, File=d:\jenkins\ci_builder2\windowsbuild2\platform\src\rserver\src\clusterdistribimpl.cpp(1439)'
01:08.008022-0,EXCP,2,process=rphost,p:processName=bi_bk3wk1_prod_01,OSThread=4608,t:clientID=2755,t:applicationName=BackgroundJob,t:computerName=DC2BUHAPP11,t:connectID=13923,SessionID=7642,Usr=WK1_Нагашбекова_Галия_Оразовна,Exception=60c686dc-798f-4d17-aadb-a90156a16eb8,Descr='src\rserver\src\rmngrcalls.cpp(476):
60c686dc-798f-4d17-aadb-a90156a16eb8: Сеанс отсутствует или удален
ID=ff712e0e-d8cf-4eb8-a113-66505b74e70c, File=d:\jenkins\ci_builder2\windowsbuild2\platform\src\rserver\src\clusterdistribimpl.cpp(1439)'
01:08.164006-0,EXCP,2,process=rphost,p:processName=bi_bk3wk1_prod_01,OSThread=4608,t:clientID=2755,t:applicationName=BackgroundJob,t:computerName=DC2BUHAPP11,t:connectID=13923,SessionID=7642,Usr=WK1_Нагашбекова_Галия_Оразовна,Exception=SeanceContextException,Descr='Сеанс отсутствует или удален
ID=ff712e0e-d8cf-4eb8-a113-66505b74e70c, File=d:\jenkins\ci_builder2\windowsbuild2\platform\src\rserver\src\rmngrcalls.cpp(364)'
01:08.164007-0,EXCP,2,process=rphost,p:processName=bi_bk3wk1_prod_01,OSThread=4608,t:clientID=2755,t:applicationName=BackgroundJob,t:computerName=DC2BUHAPP11,t:connectID=13923,SessionID=7642,Usr=WK1_Нагашбекова_Галия_Оразовна,Exception=60c686dc-798f-4d17-aadb-a90156a16eb8,Descr='src\rserver\src\serverjobexecutor.cpp(1095):
60c686dc-798f-4d17-aadb-a90156a16eb8: Сеанс отсутствует или удален
ID=ff712e0e-d8cf-4eb8-a113-66505b74e70c, File=d:\jenkins\ci_builder2\windowsbuild2\platform\src\rserver\src\rmngrcalls.cpp(364)'
01:08.164009-0,EXCP,3,process=rphost,p:processName=bi_bk3wk1_prod_01,OSThread=4608,t:clientID=2755,t:applicationName=BackgroundJob,t:computerName=DC2BUHAPP11,t:connectID=13923,SessionID=7642,Usr=WK1_Нагашбекова_Галия_Оразовна,Exception=SeanceContextException,Descr='Сеанс отсутствует или удален
ID=ff712e0e-d8cf-4eb8-a113-66505b74e70c, File=d:\jenkins\ci_builder2\windowsbuild2\platform\src\rserver\src\clusterdistribimpl.cpp(1439)'
01:08.164011-0,EXCP,2,process=rphost,p:processName=bi_bk3wk1_prod_01,OSThread=4608,t:clientID=2755,t:applicationName=BackgroundJob,t:computerName=DC2BUHAPP11,t:connectID=13923,SessionID=7642,Usr=WK1_Нагашбекова_Галия_Оразовна,Exception=60c686dc-798f-4d17-aadb-a90156a16eb8,Descr='src\rserver\src\rmngrcalls.cpp(476):
60c686dc-798f-4d17-aadb-a90156a16eb8: Сеанс отсутствует или удален
ID=ff712e0e-d8cf-4eb8-a113-66505b74e70c, File=d:\jenkins\ci_builder2\windowsbuild2\platform\src\rserver\src\clusterdistribimpl.cpp(1439)'
01:08.367001-0,EXCP,2,process=rphost,p:processName=bi_bk3wk1_prod_01,OSThread=4608,t:clientID=2755,t:applicationName=BackgroundJob,t:computerName=DC2BUHAPP11,t:connectID=13923,SessionID=7642,Usr=WK1_Нагашбекова_Галия_Оразовна,Exception=SeanceContextException,Descr='Сеанс отсутствует или удален
ID=ff712e0e-d8cf-4eb8-a113-66505b74e70c, File=d:\jenkins\ci_builder2\windowsbuild2\platform\src\rserver\src\rmngrcalls.cpp(364)'
04:46.779007-0,EXCP,2,process=rphost,p:processName=bi_bk3wk1_prod_01,OSThread=7328,t:clientID=2720,t:applicationName=1CV8C,t:computerName=DC2RDSH29,t:connectID=13855,SessionID=7562,Usr=Быстров Марк Васильевич,AppID=1CV8C,Exception=afd2b550-0d52-4e03-b448-15ed68d87ac5,Descr='src\basic\src\documentlogformobjcontroller.cpp(884):
afd2b550-0d52-4e03-b448-15ed68d87ac5
0d2200af-1696-4395-91e5-2872675e6d3d: Не удалось провести "Заявка на оплату KR100002738 от 04.05.2020 20:04:42"!',Context=Форма.Записать : Документ.ЗаявкаНаОплату.Форма.ФормаДокумента
04:46.795000-0,EXCP,2,process=rphost,p:processName=bi_bk3wk1_prod_01,OSThread=7328,t:clientID=2720,t:applicationName=1CV8C,t:computerName=DC2RDSH29,t:connectID=13855,SessionID=7562,Usr=Быстров Марк Васильевич,AppID=1CV8C,Exception=580392e6-ba49-4280-ac67-fcd6f2180121,Descr='src\vrsbase\src\vresourceinfobaseimpl.cpp(1114):
580392e6-ba49-4280-ac67-fcd6f2180121: Неспецифицированная ошибка работы с ресурсом
Ошибка при выполнении запроса POST к ресурсу /e1cib/logForm:
afd2b550-0d52-4e03-b448-15ed68d87ac5
0d2200af-1696-4395-91e5-2872675e6d3d: Не удалось провести "Заявка на оплату KR100002738 от 04.05.2020 20:04:42"!'
04:53.904009-0,EXCP,2,process=rphost,p:processName=bi_bk3wk1_prod_01,OSThread=3820,t:clientID=2758,t:applicationName=1CV8C,t:computerName=DC2RDSH18,t:connectID=13935,SessionID=7656,Usr=Павленко Жанна Александровна,AppID=1CV8C,Exception=SeanceContextException,Descr=Попытка получения неинициализированного значения параметра сеанса,Context='Система.ПолучитьФорму : Документ.РегламентированныйОтчет.ФормаОбъекта
Документ.РегламентированныйОтчет.Форма.ФормаДокумента.Форма : 21 : ПравоДоступаКОтчету = РегламентированнаяОтчетностьВызовСервера.ПравоДоступаКРегламентированномуОтчету(
	ОбщийМодуль.РегламентированнаяОтчетностьВызовСервера.Модуль : 22 : Если НЕ РегламентированнаяОтчетность.ЭтоВнешнийОтчет(ИдентификаторОтчета) Тогда // это внутренний отчет
		ОбщийМодуль.РегламентированнаяОтчетность.Модуль : 26 : Если ПризнакИспользованияВнешнегоОтчетаСУчетомКэша(НайденныйЭлемент) <> Истина
			ОбщийМодуль.РегламентированнаяОтчетность.Модуль : 1844 : Кэш = ПараметрыСеанса.ХранилищеПараметровВнешнихРегламентированныхОтчетов.Получить();'
05:35.337006-0,ADMIN,2,process=rphost,p:processName=ServerJobExecutorContext,OSThread=1140,t:clientID=2702,t:applicationName=JobScheduler,t:computerName=DC2BUHAPP11,Func=killClient,ClusterID=8aa94e2b-5d54-4b86-800b-79353ce39638,ConnectionID=229263ce-3ca8-44a4-a310-49b12f4ac090,Mode=0,Ref=bi_bk3wk1_prod_01(bi_bk3wk1_prod_01),Host=DC2BUHAPP11,Connection=13956,Administrator=Unknown,Result=Success
05:36.009001-0,EXCP,3,process=rphost,p:processName=bi_bk3wk1_prod_01,OSThread=7892,t:clientID=2770,t:applicationName=BackgroundJob,t:computerName=DC2BUHAPP11,t:connectID=13956,SessionID=7678,Usr=WK1_Туткышева_Мерей_Жанатовна,Exception=SeanceContextException,Descr='Сеанс отсутствует или удален
ID=7961cf9e-c61e-42bf-a886-a84b9ffa74de, File=d:\jenkins\ci_builder2\windowsbuild2\platform\src\rserver\src\clusterdistribimpl.cpp(1439)'
05:36.009003-0,EXCP,2,process=rphost,p:processName=bi_bk3wk1_prod_01,OSThread=7892,t:clientID=2770,t:applicationName=BackgroundJob,t:computerName=DC2BUHAPP11,t:connectID=13956,SessionID=7678,Usr=WK1_Туткышева_Мерей_Жанатовна,Exception=60c686dc-798f-4d17-aadb-a90156a16eb8,Descr='src\rserver\src\rmngrcalls.cpp(476):
60c686dc-798f-4d17-aadb-a90156a16eb8: Сеанс отсутствует или удален
ID=7961cf9e-c61e-42bf-a886-a84b9ffa74de, File=d:\jenkins\ci_builder2\windowsbuild2\platform\src\rserver\src\clusterdistribimpl.cpp(1439)'
05:36.212000-0,EXCP,2,process=rphost,p:processName=bi_bk3wk1_prod_01,OSThread=7892,t:clientID=2770,t:applicationName=BackgroundJob,t:computerName=DC2BUHAPP11,t:connectID=13956,SessionID=7678,Usr=WK1_Туткышева_Мерей_Жанатовна,Exception=SeanceContextException,Descr='Сеанс отсутствует или удален
ID=7961cf9e-c61e-42bf-a886-a84b9ffa74de, File=d:\jenkins\ci_builder2\windowsbuild2\platform\src\rserver\src\rmngrcalls.cpp(364)'
05:36.212001-0,EXCP,2,process=rphost,p:processName=bi_bk3wk1_prod_01,OSThread=7892,t:clientID=2770,t:applicationName=BackgroundJob,t:computerName=DC2BUHAPP11,t:connectID=13956,SessionID=7678,Usr=WK1_Туткышева_Мерей_Жанатовна,Exception=60c686dc-798f-4d17-aadb-a90156a16eb8,Descr='src\rserver\src\serverjobexecutor.cpp(1095):
60c686dc-798f-4d17-aadb-a90156a16eb8: Сеанс отсутствует или удален
ID=7961cf9e-c61e-42bf-a886-a84b9ffa74de, File=d:\jenkins\ci_builder2\windowsbuild2\platform\src\rserver\src\rmngrcalls.cpp(364)'
05:36.212003-0,EXCP,3,process=rphost,p:processName=bi_bk3wk1_prod_01,OSThread=7892,t:clientID=2770,t:applicationName=BackgroundJob,t:computerName=DC2BUHAPP11,t:connectID=13956,SessionID=7678,Usr=WK1_Туткышева_Мерей_Жанатовна,Exception=SeanceContextException,Descr='Сеанс отсутствует или удален
ID=7961cf9e-c61e-42bf-a886-a84b9ffa74de, File=d:\jenkins\ci_builder2\windowsbuild2\platform\src\rserver\src\clusterdistribimpl.cpp(1439)'
05:36.212005-0,EXCP,2,process=rphost,p:processName=bi_bk3wk1_prod_01,OSThread=7892,t:clientID=2770,t:applicationName=BackgroundJob,t:computerName=DC2BUHAPP11,t:connectID=13956,SessionID=7678,Usr=WK1_Туткышева_Мерей_Жанатовна,Exception=60c686dc-798f-4d17-aadb-a90156a16eb8,Descr='src\rserver\src\rmngrcalls.cpp(476):
60c686dc-798f-4d17-aadb-a90156a16eb8: Сеанс отсутствует или удален
ID=7961cf9e-c61e-42bf-a886-a84b9ffa74de, File=d:\jenkins\ci_builder2\windowsbuild2\platform\src\rserver\src\clusterdistribimpl.cpp(1439)'
05:36.274006-0,EXCP,2,process=rphost,p:processName=bi_bk3wk1_prod_01,OSThread=7892,t:clientID=2770,t:applicationName=BackgroundJob,t:computerName=DC2BUHAPP11,t:connectID=13956,SessionID=7678,Usr=WK1_Туткышева_Мерей_Жанатовна,Exception=SeanceContextException,Descr='Сеанс отсутствует или удален
ID=7961cf9e-c61e-42bf-a886-a84b9ffa74de, File=d:\jenkins\ci_builder2\windowsbuild2\platform\src\rserver\src\rmngrcalls.cpp(364)'
05:37.259019-0,ADMIN,2,process=rphost,p:processName=ServerJobExecutorContext,OSThread=1140,t:clientID=2702,t:applicationName=JobScheduler,t:computerName=DC2BUHAPP11,Func=killClient,ClusterID=8aa94e2b-5d54-4b86-800b-79353ce39638,ConnectionID=ed65740e-0986-4672-8d1b-3a0ce4cc0a33,Mode=0,Ref=bi_bk3wk1_prod_01(bi_bk3wk1_prod_01),Host=DC2BUHAPP11,Connection=13960,Administrator=Unknown,Result=Success
05:39.524010-0,EXCP,3,process=rphost,p:processName=bi_bk3wk1_prod_01,OSThread=7892,t:clientID=2772,t:applicationName=BackgroundJob,t:computerName=DC2BUHAPP11,t:connectID=13960,SessionID=7682,Usr=WK1_Туткышева_Мерей_Жанатовна,Exception=SeanceContextException,Descr='Сеанс отсутствует или удален
ID=4cd2eaee-7186-4f46-baee-d487a16e4d70, File=d:\jenkins\ci_builder2\windowsbuild2\platform\src\rserver\src\clusterdistribimpl.cpp(1439)'
05:39.524012-0,EXCP,2,process=rphost,p:processName=bi_bk3wk1_prod_01,OSThread=7892,t:clientID=2772,t:applicationName=BackgroundJob,t:computerName=DC2BUHAPP11,t:connectID=13960,SessionID=7682,Usr=WK1_Туткышева_Мерей_Жанатовна,Exception=60c686dc-798f-4d17-aadb-a90156a16eb8,Descr='src\rserver\src\rmngrcalls.cpp(476):
60c686dc-798f-4d17-aadb-a90156a16eb8: Сеанс отсутствует или удален
ID=4cd2eaee-7186-4f46-baee-d487a16e4d70, File=d:\jenkins\ci_builder2\windowsbuild2\platform\src\rserver\src\clusterdistribimpl.cpp(1439)'
05:39.728000-0,EXCP,2,process=rphost,p:processName=bi_bk3wk1_prod_01,OSThread=7892,t:clientID=2772,t:applicationName=BackgroundJob,t:computerName=DC2BUHAPP11,t:connectID=13960,SessionID=7682,Usr=WK1_Туткышева_Мерей_Жанатовна,Exception=SeanceContextException,Descr='Сеанс отсутствует или удален
ID=4cd2eaee-7186-4f46-baee-d487a16e4d70, File=d:\jenkins\ci_builder2\windowsbuild2\platform\src\rserver\src\rmngrcalls.cpp(364)'
05:39.728001-0,EXCP,2,process=rphost,p:processName=bi_bk3wk1_prod_01,OSThread=7892,t:clientID=2772,t:applicationName=BackgroundJob,t:computerName=DC2BUHAPP11,t:connectID=13960,SessionID=7682,Usr=WK1_Туткышева_Мерей_Жанатовна,Exception=60c686dc-798f-4d17-aadb-a90156a16eb8,Descr='src\rserver\src\serverjobexecutor.cpp(1095):
60c686dc-798f-4d17-aadb-a90156a16eb8: Сеанс отсутствует или удален
ID=4cd2eaee-7186-4f46-baee-d487a16e4d70, File=d:\jenkins\ci_builder2\windowsbuild2\platform\src\rserver\src\rmngrcalls.cpp(364)'
05:39.728003-0,EXCP,3,process=rphost,p:processName=bi_bk3wk1_prod_01,OSThread=7892,t:clientID=2772,t:applicationName=BackgroundJob,t:computerName=DC2BUHAPP11,t:connectID=13960,SessionID=7682,Usr=WK1_Туткышева_Мерей_Жанатовна,Exception=SeanceContextException,Descr='Сеанс отсутствует или удален
ID=4cd2eaee-7186-4f46-baee-d487a16e4d70, File=d:\jenkins\ci_builder2\windowsbuild2\platform\src\rserver\src\clusterdistribimpl.cpp(1439)'
05:39.728005-0,EXCP,2,process=rphost,p:processName=bi_bk3wk1_prod_01,OSThread=7892,t:clientID=2772,t:applicationName=BackgroundJob,t:computerName=DC2BUHAPP11,t:connectID=13960,SessionID=7682,Usr=WK1_Туткышева_Мерей_Жанатовна,Exception=60c686dc-798f-4d17-aadb-a90156a16eb8,Descr='src\rserver\src\rmngrcalls.cpp(476):
60c686dc-798f-4d17-aadb-a90156a16eb8: Сеанс отсутствует или удален
ID=4cd2eaee-7186-4f46-baee-d487a16e4d70, File=d:\jenkins\ci_builder2\windowsbuild2\platform\src\rserver\src\clusterdistribimpl.cpp(1439)'
05:39.931000-0,EXCP,2,process=rphost,p:processName=bi_bk3wk1_prod_01,OSThread=7892,t:clientID=2772,t:applicationName=BackgroundJob,t:computerName=DC2BUHAPP11,t:connectID=13960,SessionID=7682,Usr=WK1_Туткышева_Мерей_Жанатовна,Exception=SeanceContextException,Descr='Сеанс отсутствует или удален
ID=4cd2eaee-7186-4f46-baee-d487a16e4d70, File=d:\jenkins\ci_builder2\windowsbuild2\platform\src\rserver\src\rmngrcalls.cpp(364)'
07:35.437004-0,EXCP,0,process=rphost,OSThread=5224,ClientID=1570,Exception=NetDataExchangeException,Descr='server_addr=(2)10.224.32.203:62883 descr=2(0x00000002): Не удается найти указанный файл.  line=1149 file=d:\jenkins\ci_builder2\windowsbuild2\platform\src\rtrsrvc\src\dataexchangeserverimpl.cpp'
07:35.437007-0,EXCPCNTX,0,ClientComputerName=,ServerComputerName=,UserName=,ConnectString=
09:26.893022-0,ADMIN,2,process=rphost,p:processName=ServerJobExecutorContext,OSThread=1140,t:clientID=2778,t:applicationName=JobScheduler,t:computerName=DC2BUHAPP11,Func=killClient,ClusterID=8aa94e2b-5d54-4b86-800b-79353ce39638,ConnectionID=01841bb5-97d9-4c75-8cb1-db58e669cf26,Mode=0,Ref=bi_bk3wk1_prod_01(bi_bk3wk1_prod_01),Host=DC2BUHAPP11,Connection=13979,Administrator=Unknown,Result=Success
09:29.080000-0,EXCP,3,process=rphost,p:processName=bi_bk3wk1_prod_01,OSThread=4240,t:clientID=2788,t:applicationName=BackgroundJob,t:computerName=DC2BUHAPP11,t:connectID=13979,SessionID=7702,Usr=Шакиржанов Ержан Рашидович,Exception=SeanceContextException,Descr='Сеанс отсутствует или удален
ID=419aad38-aa2f-4985-9ba5-d1464e5daff5, File=d:\jenkins\ci_builder2\windowsbuild2\platform\src\rserver\src\clusterdistribimpl.cpp(1439)'
09:29.080002-0,EXCP,2,process=rphost,p:processName=bi_bk3wk1_prod_01,OSThread=4240,t:clientID=2788,t:applicationName=BackgroundJob,t:computerName=DC2BUHAPP11,t:connectID=13979,SessionID=7702,Usr=Шакиржанов Ержан Рашидович,Exception=60c686dc-798f-4d17-aadb-a90156a16eb8,Descr='src\rserver\src\rmngrcalls.cpp(476):
60c686dc-798f-4d17-aadb-a90156a16eb8: Сеанс отсутствует или удален
ID=419aad38-aa2f-4985-9ba5-d1464e5daff5, File=d:\jenkins\ci_builder2\windowsbuild2\platform\src\rserver\src\clusterdistribimpl.cpp(1439)'
09:29.283000-0,EXCP,2,process=rphost,p:processName=bi_bk3wk1_prod_01,OSThread=4240,t:clientID=2788,t:applicationName=BackgroundJob,t:computerName=DC2BUHAPP11,t:connectID=13979,SessionID=7702,Usr=Шакиржанов Ержан Рашидович,Exception=SeanceContextException,Descr='Сеанс отсутствует или удален
ID=419aad38-aa2f-4985-9ba5-d1464e5daff5, File=d:\jenkins\ci_builder2\windowsbuild2\platform\src\rserver\src\rmngrcalls.cpp(364)'
09:29.283001-0,EXCP,2,process=rphost,p:processName=bi_bk3wk1_prod_01,OSThread=4240,t:clientID=2788,t:applicationName=BackgroundJob,t:computerName=DC2BUHAPP11,t:connectID=13979,SessionID=7702,Usr=Шакиржанов Ержан Рашидович,Exception=60c686dc-798f-4d17-aadb-a90156a16eb8,Descr='src\rserver\src\serverjobexecutor.cpp(1095):
60c686dc-798f-4d17-aadb-a90156a16eb8: Сеанс отсутствует или удален
ID=419aad38-aa2f-4985-9ba5-d1464e5daff5, File=d:\jenkins\ci_builder2\windowsbuild2\platform\src\rserver\src\rmngrcalls.cpp(364)'
09:29.283003-0,EXCP,3,process=rphost,p:processName=bi_bk3wk1_prod_01,OSThread=4240,t:clientID=2788,t:applicationName=BackgroundJob,t:computerName=DC2BUHAPP11,t:connectID=13979,SessionID=7702,Usr=Шакиржанов Ержан Рашидович,Exception=SeanceContextException,Descr='Сеанс отсутствует или удален
ID=419aad38-aa2f-4985-9ba5-d1464e5daff5, File=d:\jenkins\ci_builder2\windowsbuild2\platform\src\rserver\src\clusterdistribimpl.cpp(1439)'
09:29.283005-0,EXCP,2,process=rphost,p:processName=bi_bk3wk1_prod_01,OSThread=4240,t:clientID=2788,t:applicationName=BackgroundJob,t:computerName=DC2BUHAPP11,t:connectID=13979,SessionID=7702,Usr=Шакиржанов Ержан Рашидович,Exception=60c686dc-798f-4d17-aadb-a90156a16eb8,Descr='src\rserver\src\rmngrcalls.cpp(476):
60c686dc-798f-4d17-aadb-a90156a16eb8: Сеанс отсутствует или удален
ID=419aad38-aa2f-4985-9ba5-d1464e5daff5, File=d:\jenkins\ci_builder2\windowsbuild2\platform\src\rserver\src\clusterdistribimpl.cpp(1439)'
09:29.487000-0,EXCP,2,process=rphost,p:processName=bi_bk3wk1_prod_01,OSThread=4240,t:clientID=2788,t:applicationName=BackgroundJob,t:computerName=DC2BUHAPP11,t:connectID=13979,SessionID=7702,Usr=Шакиржанов Ержан Рашидович,Exception=SeanceContextException,Descr='Сеанс отсутствует или удален
ID=419aad38-aa2f-4985-9ba5-d1464e5daff5, File=d:\jenkins\ci_builder2\windowsbuild2\platform\src\rserver\src\rmngrcalls.cpp(364)'
13:50.989027-0,EXCP,2,process=rphost,p:processName=bi_bk3wk1_prod_01,OSThread=7892,t:clientID=2777,t:applicationName=1CV8C,t:computerName=DC2RDSH19,t:connectID=13969,SessionID=7692,Usr=WK1_Жанияр_Ғайни_Сағындыққызы,AppID=1CV8C,Exception=afd2b550-0d52-4e03-b448-15ed68d87ac5,Descr='src\basic\src\documentlogformobjcontroller.cpp(884):
afd2b550-0d52-4e03-b448-15ed68d87ac5
0d2200af-1696-4395-91e5-2872675e6d3d: Не удалось провести "Поступление ТМЗ и услуг KR100002622 от 06.04.2020 10:00:00"!',Context=Форма.Записать : Документ.ПоступлениеТоваровУслуг.Форма.ФормаДокумента
13:51.052000-0,EXCP,2,process=rphost,p:processName=bi_bk3wk1_prod_01,OSThread=7892,t:clientID=2777,t:applicationName=1CV8C,t:computerName=DC2RDSH19,t:connectID=13969,SessionID=7692,Usr=WK1_Жанияр_Ғайни_Сағындыққызы,AppID=1CV8C,Exception=580392e6-ba49-4280-ac67-fcd6f2180121,Descr='src\vrsbase\src\vresourceinfobaseimpl.cpp(1114):
580392e6-ba49-4280-ac67-fcd6f2180121: Неспецифицированная ошибка работы с ресурсом
Ошибка при выполнении запроса POST к ресурсу /e1cib/logForm:
afd2b550-0d52-4e03-b448-15ed68d87ac5
0d2200af-1696-4395-91e5-2872675e6d3d: Не удалось провести "Поступление ТМЗ и услуг KR100002622 от 06.04.2020 10:00:00"!'
15:43.756019-0,EXCP,2,process=rphost,p:processName=bi_bk3wk1_prod_01,OSThread=6216,t:clientID=2777,t:applicationName=1CV8C,t:computerName=DC2RDSH19,t:connectID=13969,SessionID=7692,Usr=WK1_Жанияр_Ғайни_Сағындыққызы,AppID=1CV8C,Exception=afd2b550-0d52-4e03-b448-15ed68d87ac5,Descr='src\basic\src\documentlogformobjcontroller.cpp(884):
afd2b550-0d52-4e03-b448-15ed68d87ac5
0d2200af-1696-4395-91e5-2872675e6d3d: Не удалось провести "Поступление ТМЗ и услуг KR100002848 от 25.04.2020 10:00:00"!',Context=Форма.Записать : Документ.ПоступлениеТоваровУслуг.Форма.ФормаДокумента
15:43.818000-0,EXCP,2,process=rphost,p:processName=bi_bk3wk1_prod_01,OSThread=6216,t:clientID=2777,t:applicationName=1CV8C,t:computerName=DC2RDSH19,t:connectID=13969,SessionID=7692,Usr=WK1_Жанияр_Ғайни_Сағындыққызы,AppID=1CV8C,Exception=580392e6-ba49-4280-ac67-fcd6f2180121,Descr='src\vrsbase\src\vresourceinfobaseimpl.cpp(1114):
580392e6-ba49-4280-ac67-fcd6f2180121: Неспецифицированная ошибка работы с ресурсом
Ошибка при выполнении запроса POST к ресурсу /e1cib/logForm:
afd2b550-0d52-4e03-b448-15ed68d87ac5
0d2200af-1696-4395-91e5-2872675e6d3d: Не удалось провести "Поступление ТМЗ и услуг KR100002848 от 25.04.2020 10:00:00"!'
25:11.756009-0,EXCP,2,process=rphost,p:processName=bi_bk3wk1_prod_01,OSThread=3580,t:clientID=1680,t:applicationName=1CV8C,t:computerName=DC1RDSH05,t:connectID=8391,SessionID=208,Usr=Байсултанова Куралай Сериковна,AppID=1CV8C,Exception=afd2b550-0d52-4e03-b448-15ed68d87ac5,Descr='src\basic\src\documentlogformobjcontroller.cpp(884):
afd2b550-0d52-4e03-b448-15ed68d87ac5
7c2862d8-d2cc-4c2e-a1bb-6e1e478ffc0f: Запись с такими ключевыми полями существует! : Ответственные за согласование заявок: 06.04.2020 15:57:06, BI Urban Construction TOO, Превышение лимита выше, Школа на 1500 мест - Мкр Дархан, Заявка на оплату (Регистр сведений: Ответственные за согласование заявок; Номер строки: 5)',Context=Форма.Записать : Документ.УстановкаСпискаСогласующихЗаявки.Форма.ФормаДокумента
25:11.756010-0,EXCP,2,process=rphost,p:processName=bi_bk3wk1_prod_01,OSThread=3580,t:clientID=1680,t:applicationName=1CV8C,t:computerName=DC1RDSH05,t:connectID=8391,SessionID=208,Usr=Байсултанова Куралай Сериковна,AppID=1CV8C,Exception=580392e6-ba49-4280-ac67-fcd6f2180121,Descr='src\vrsbase\src\vresourceinfobaseimpl.cpp(1114):
580392e6-ba49-4280-ac67-fcd6f2180121: Неспецифицированная ошибка работы с ресурсом
Ошибка при выполнении запроса POST к ресурсу /e1cib/logForm:
afd2b550-0d52-4e03-b448-15ed68d87ac5
7c2862d8-d2cc-4c2e-a1bb-6e1e478ffc0f: Запись с такими ключевыми полями существует! : Ответственные за согласование заявок: 06.04.2020 15:57:06, BI Urban Construction TOO, Превышение лимита выше, Школа на 1500 мест - Мкр Дархан, Заявка на оплату (Регистр сведений: Ответственные за согласование заявок; Номер строки: 5)'
26:22.459000-0,EXCP,0,process=rphost,OSThread=3452,ClientID=1550,Exception=NetDataExchangeException,Descr='server_addr=(2)10.3.172.24:57110 descr=10054(0x00002746): Удаленный хост принудительно разорвал существующее подключение.  line=1149 file=d:\jenkins\ci_builder2\windowsbuild2\platform\src\rtrsrvc\src\dataexchangeserverimpl.cpp'
26:22.459001-0,EXCPCNTX,0,ClientComputerName=,ServerComputerName=,UserName=,ConnectString=
26:22.459003-0,EXCP,0,process=rphost,OSThread=7300,ClientID=1650,Exception=NetDataExchangeException,Descr='server_addr=(2)10.3.172.24:57230 descr=10054(0x00002746): Удаленный хост принудительно разорвал существующее подключение.  line=2273 file=d:\jenkins\ci_builder2\windowsbuild2\platform\src\rtrsrvc\src\dataexchangeserverimpl.cpp'
26:22.459004-0,EXCPCNTX,0,ClientComputerName=,ServerComputerName=,UserName=,ConnectString=
27:13.131014-0,EXCP,0,process=rphost,OSThread=5172,ClientID=2796,Exception=NetDataExchangeException,Descr='server_addr=(2)10.225.32.15:61895 descr=2(0x00000002): Не удается найти указанный файл.  line=1149 file=d:\jenkins\ci_builder2\windowsbuild2\platform\src\rtrsrvc\src\dataexchangeserverimpl.cpp'
27:13.131015-0,EXCPCNTX,0,ClientComputerName=,ServerComputerName=,UserName=,ConnectString=
27:13.397017-0,EXCP,0,process=rphost,OSThread=3924,ClientID=2802,Exception=NetDataExchangeException,Descr='server_addr=(2)10.225.32.15:61933 descr=2(0x00000002): Не удается найти указанный файл.  line=1149 file=d:\jenkins\ci_builder2\windowsbuild2\platform\src\rtrsrvc\src\dataexchangeserverimpl.cpp'
27:13.397018-0,EXCPCNTX,0,ClientComputerName=,ServerComputerName=,UserName=,ConnectString=
27:13.412000-0,EXCP,0,process=rphost,OSThread=3924,ClientID=2803,Exception=NetDataExchangeException,Descr='server_addr=(2)10.225.32.15:61953 descr=2(0x00000002): Не удается найти указанный файл.  line=1149 file=d:\jenkins\ci_builder2\windowsbuild2\platform\src\rtrsrvc\src\dataexchangeserverimpl.cpp'
27:13.412001-0,EXCPCNTX,0,ClientComputerName=,ServerComputerName=,UserName=,ConnectString=
27:13.631000-0,EXCP,0,process=rphost,OSThread=5172,ClientID=2804,Exception=NetDataExchangeException,Descr='server_addr=(2)10.225.32.15:61967 descr=2(0x00000002): Не удается найти указанный файл.  line=1149 file=d:\jenkins\ci_builder2\windowsbuild2\platform\src\rtrsrvc\src\dataexchangeserverimpl.cpp'
27:13.631001-0,EXCPCNTX,0,ClientComputerName=,ServerComputerName=,UserName=,ConnectString=
28:06.539000-0,EXCP,0,process=rphost,OSThread=5224,ClientID=2805,Exception=NetDataExchangeException,Descr='server_addr=(2)10.225.32.15:61987 descr=2(0x00000002): Не удается найти указанный файл.  line=1149 file=d:\jenkins\ci_builder2\windowsbuild2\platform\src\rtrsrvc\src\dataexchangeserverimpl.cpp'
28:06.539001-0,EXCPCNTX,0,ClientComputerName=,ServerComputerName=,UserName=,ConnectString=
28:06.758000-0,EXCP,0,process=rphost,OSThread=6340,ClientID=2808,Exception=NetDataExchangeException,Descr='server_addr=(2)10.225.32.15:62006 descr=2(0x00000002): Не удается найти указанный файл.  line=1149 file=d:\jenkins\ci_builder2\windowsbuild2\platform\src\rtrsrvc\src\dataexchangeserverimpl.cpp'
28:06.758001-0,EXCPCNTX,0,ClientComputerName=,ServerComputerName=,UserName=,ConnectString=
28:09.711002-0,EXCP,2,process=rphost,p:processName=bi_bk3wk1_prod_01,OSThread=4240,t:clientID=1651,t:applicationName=1CV8C,t:computerName=DC1RDSH07,t:connectID=8322,SessionID=113,Usr=WK1_Нагашбекова_Галия_Оразовна,AppID=1CV8C,Exception=afd2b550-0d52-4e03-b448-15ed68d87ac5,Descr='src\mngbase\src\rtlogformsrv.cpp(6216):
afd2b550-0d52-4e03-b448-15ed68d87ac5: Форма недоступна для использования',Context=Система.ПолучитьФорму : Обработка.ОбменЭСФ.Форма.ИзменениеСтатусовЭСФ
28:09.711003-0,EXCP,2,process=rphost,p:processName=bi_bk3wk1_prod_01,OSThread=4240,t:clientID=1651,t:applicationName=1CV8C,t:computerName=DC1RDSH07,t:connectID=8322,SessionID=113,Usr=WK1_Нагашбекова_Галия_Оразовна,AppID=1CV8C,Exception=580392e6-ba49-4280-ac67-fcd6f2180121,Descr='src\vrsbase\src\vresourceinfobaseimpl.cpp(1114):
580392e6-ba49-4280-ac67-fcd6f2180121: Неспецифицированная ошибка работы с ресурсом
Ошибка при выполнении запроса POST к ресурсу /e1cib/logForm:
afd2b550-0d52-4e03-b448-15ed68d87ac5: Форма недоступна для использования'
28:20.305017-0,ADMIN,2,process=rphost,p:processName=ServerJobExecutorContext,OSThread=1140,t:clientID=2800,t:applicationName=JobScheduler,t:computerName=DC2BUHAPP11,Func=killClient,ClusterID=8aa94e2b-5d54-4b86-800b-79353ce39638,ConnectionID=11e4eff8-c7db-4006-bac9-62edb60764ab,Mode=0,Ref=bi_bk3wk1_prod_01(bi_bk3wk1_prod_01),Host=DC2BUHAPP11,Connection=14052,Administrator=Unknown,Result=Success
28:31.602000-0,EXCP,0,process=rphost,OSThread=3452,ClientID=2809,Exception=NetDataExchangeException,Descr='server_addr=(2)10.225.32.15:62026 descr=2(0x00000002): Не удается найти указанный файл.  line=1149 file=d:\jenkins\ci_builder2\windowsbuild2\platform\src\rtrsrvc\src\dataexchangeserverimpl.cpp'
28:31.602001-0,EXCPCNTX,0,ClientComputerName=,ServerComputerName=,UserName=,ConnectString=
28:31.899000-0,EXCP,0,process=rphost,OSThread=1000,ClientID=2814,Exception=NetDataExchangeException,Descr='server_addr=(2)10.225.32.15:62075 descr=2(0x00000002): Не удается найти указанный файл.  line=1149 file=d:\jenkins\ci_builder2\windowsbuild2\platform\src\rtrsrvc\src\dataexchangeserverimpl.cpp'
28:31.899001-0,EXCPCNTX,0,ClientComputerName=,ServerComputerName=,UserName=,ConnectString=
28:33.118005-0,EXCP,3,process=rphost,p:processName=bi_bk3wk1_prod_01,OSThread=4240,t:clientID=2813,t:applicationName=BackgroundJob,t:computerName=DC2BUHAPP11,t:connectID=14052,SessionID=7789,Usr=WK1_Жанияр_Ғайни_Сағындыққызы,Exception=SeanceContextException,Descr='Сеанс отсутствует или удален
ID=f077d86d-e0c5-4e08-8ea9-1beddad1d1de, File=d:\jenkins\ci_builder2\windowsbuild2\platform\src\rserver\src\clusterdistribimpl.cpp(1439)'
28:33.118007-0,EXCP,2,process=rphost,p:processName=bi_bk3wk1_prod_01,OSThread=4240,t:clientID=2813,t:applicationName=BackgroundJob,t:computerName=DC2BUHAPP11,t:connectID=14052,SessionID=7789,Usr=WK1_Жанияр_Ғайни_Сағындыққызы,Exception=60c686dc-798f-4d17-aadb-a90156a16eb8,Descr='src\rserver\src\rmngrcalls.cpp(476):
60c686dc-798f-4d17-aadb-a90156a16eb8: Сеанс отсутствует или удален
ID=f077d86d-e0c5-4e08-8ea9-1beddad1d1de, File=d:\jenkins\ci_builder2\windowsbuild2\platform\src\rserver\src\clusterdistribimpl.cpp(1439)'
28:33.321000-0,EXCP,2,process=rphost,p:processName=bi_bk3wk1_prod_01,OSThread=4240,t:clientID=2813,t:applicationName=BackgroundJob,t:computerName=DC2BUHAPP11,t:connectID=14052,SessionID=7789,Usr=WK1_Жанияр_Ғайни_Сағындыққызы,Exception=SeanceContextException,Descr='Сеанс отсутствует или удален
ID=f077d86d-e0c5-4e08-8ea9-1beddad1d1de, File=d:\jenkins\ci_builder2\windowsbuild2\platform\src\rserver\src\rmngrcalls.cpp(364)'
28:33.321001-0,EXCP,2,process=rphost,p:processName=bi_bk3wk1_prod_01,OSThread=4240,t:clientID=2813,t:applicationName=BackgroundJob,t:computerName=DC2BUHAPP11,t:connectID=14052,SessionID=7789,Usr=WK1_Жанияр_Ғайни_Сағындыққызы,Exception=60c686dc-798f-4d17-aadb-a90156a16eb8,Descr='src\rserver\src\serverjobexecutor.cpp(1095):
60c686dc-798f-4d17-aadb-a90156a16eb8: Сеанс отсутствует или удален
ID=f077d86d-e0c5-4e08-8ea9-1beddad1d1de, File=d:\jenkins\ci_builder2\windowsbuild2\platform\src\rserver\src\rmngrcalls.cpp(364)'
28:33.321003-0,EXCP,3,process=rphost,p:processName=bi_bk3wk1_prod_01,OSThread=4240,t:clientID=2813,t:applicationName=BackgroundJob,t:computerName=DC2BUHAPP11,t:connectID=14052,SessionID=7789,Usr=WK1_Жанияр_Ғайни_Сағындыққызы,Exception=SeanceContextException,Descr='Сеанс отсутствует или удален
ID=f077d86d-e0c5-4e08-8ea9-1beddad1d1de, File=d:\jenkins\ci_builder2\windowsbuild2\platform\src\rserver\src\clusterdistribimpl.cpp(1439)'
28:33.321005-0,EXCP,2,process=rphost,p:processName=bi_bk3wk1_prod_01,OSThread=4240,t:clientID=2813,t:applicationName=BackgroundJob,t:computerName=DC2BUHAPP11,t:connectID=14052,SessionID=7789,Usr=WK1_Жанияр_Ғайни_Сағындыққызы,Exception=60c686dc-798f-4d17-aadb-a90156a16eb8,Descr='src\rserver\src\rmngrcalls.cpp(476):
60c686dc-798f-4d17-aadb-a90156a16eb8: Сеанс отсутствует или удален
ID=f077d86d-e0c5-4e08-8ea9-1beddad1d1de, File=d:\jenkins\ci_builder2\windowsbuild2\platform\src\rserver\src\clusterdistribimpl.cpp(1439)'
28:33.383006-0,EXCP,2,process=rphost,p:processName=bi_bk3wk1_prod_01,OSThread=4240,t:clientID=2813,t:applicationName=BackgroundJob,t:computerName=DC2BUHAPP11,t:connectID=14052,SessionID=7789,Usr=WK1_Жанияр_Ғайни_Сағындыққызы,Exception=SeanceContextException,Descr='Сеанс отсутствует или удален
ID=f077d86d-e0c5-4e08-8ea9-1beddad1d1de, File=d:\jenkins\ci_builder2\windowsbuild2\platform\src\rserver\src\rmngrcalls.cpp(364)'
32:08.886000-0,EXCP,0,process=rphost,OSThread=1000,ClientID=2815,Exception=NetDataExchangeException,Descr='server_addr=(2)10.225.32.15:62095 descr=2(0x00000002): Не удается найти указанный файл.  line=1149 file=d:\jenkins\ci_builder2\windowsbuild2\platform\src\rtrsrvc\src\dataexchangeserverimpl.cpp'
32:08.886001-0,EXCPCNTX,0,ClientComputerName=,ServerComputerName=,UserName=,ConnectString=
32:09.073000-0,EXCP,0,process=rphost,OSThread=3292,ClientID=2830,Exception=NetDataExchangeException,Descr='server_addr=(2)10.225.32.15:62119 descr=2(0x00000002): Не удается найти указанный файл.  line=1149 file=d:\jenkins\ci_builder2\windowsbuild2\platform\src\rtrsrvc\src\dataexchangeserverimpl.cpp'
32:09.073001-0,EXCPCNTX,0,ClientComputerName=,ServerComputerName=,UserName=,ConnectString=
32:10.417015-0,ADMIN,2,process=rphost,p:processName=ServerJobExecutorContext,OSThread=1140,t:clientID=2800,t:applicationName=JobScheduler,t:computerName=DC2BUHAPP11,Func=killClient,ClusterID=8aa94e2b-5d54-4b86-800b-79353ce39638,ConnectionID=77a40f46-f553-4465-8f83-8ed5d9028e0f,Mode=0,Ref=bi_bk3wk1_prod_01(bi_bk3wk1_prod_01),Host=DC2BUHAPP11,Connection=14082,Administrator=Unknown,Result=Success
32:23.042023-0,EXCP,2,process=rphost,p:processName=bi_bk3wk1_prod_01,OSThread=8224,t:clientID=1641,t:applicationName=1CV8C,t:computerName=DC1RDSH07,t:connectID=8221,SessionID=42,Usr=WK1_Есенбаева_Дана_Исаханкызы,AppID=1CV8C,Exception=580392e6-ba49-4280-ac67-fcd6f2180121,Descr='src\vrsbase\src\vresourceinfobaseimpl.cpp(1114):
580392e6-ba49-4280-ac67-fcd6f2180121: Неспецифицированная ошибка работы с ресурсом
Ошибка при выполнении запроса POST к ресурсу /e1cib/misc:
eece8795-ccc9-4865-8779-0482cfe4a31e: Ошибка при выполнении запроса. Не удалось провести "Платежное поручение (исходящее) KR100004475 от 04.05.2020 15:04:07"!
0d2200af-1696-4395-91e5-2872675e6d3d: Не удалось провести "Платежное поручение (исходящее) KR100004475 от 04.05.2020 15:04:07"!'
32:36.433006-0,EXCP,2,process=rphost,p:processName=bi_bk3wk1_prod_01,OSThread=6328,t:clientID=2832,t:applicationName=BackgroundJob,t:computerName=DC2BUHAPP11,t:connectID=14082,SessionID=7822,Usr=WK1_Жанияр_Ғайни_Сағындыққызы,Exception=SeanceContextException,Descr='Сеанс отсутствует или удален
ID=9368dfaa-1925-454b-974a-8f95041eb234, File=d:\jenkins\ci_builder2\windowsbuild2\platform\src\rserver\src\clusterdistribimpl.cpp(1439)'
32:36.433007-0,EXCP,2,process=rphost,p:processName=bi_bk3wk1_prod_01,OSThread=6328,t:clientID=2832,t:applicationName=BackgroundJob,t:computerName=DC2BUHAPP11,t:connectID=14082,SessionID=7822,Usr=WK1_Жанияр_Ғайни_Сағындыққызы,Exception=60c686dc-798f-4d17-aadb-a90156a16eb8,Descr='src\rserver\src\serverjobexecutor.cpp(1095):
60c686dc-798f-4d17-aadb-a90156a16eb8: Сеанс отсутствует или удален
ID=9368dfaa-1925-454b-974a-8f95041eb234, File=d:\jenkins\ci_builder2\windowsbuild2\platform\src\rserver\src\clusterdistribimpl.cpp(1439)'
32:36.433015-0,EXCP,2,process=rphost,p:processName=bi_bk3wk1_prod_01,OSThread=6328,t:clientID=2832,t:applicationName=BackgroundJob,t:computerName=DC2BUHAPP11,t:connectID=14082,SessionID=7822,Usr=WK1_Жанияр_Ғайни_Сағындыққызы,Exception=SeanceContextException,Descr='Сеанс отсутствует или удален
ID=9368dfaa-1925-454b-974a-8f95041eb234, File=d:\jenkins\ci_builder2\windowsbuild2\platform\src\rserver\src\clusterdistribimpl.cpp(1439)'
34:35.544001-0,EXCP,0,process=rphost,OSThread=1000,ClientID=2831,Exception=NetDataExchangeException,Descr='server_addr=(2)10.225.32.15:62139 descr=2(0x00000002): Не удается найти указанный файл.  line=1149 file=d:\jenkins\ci_builder2\windowsbuild2\platform\src\rtrsrvc\src\dataexchangeserverimpl.cpp'
34:35.544002-0,EXCPCNTX,0,ClientComputerName=,ServerComputerName=,UserName=,ConnectString=
34:35.857000-0,EXCP,0,process=rphost,OSThread=1000,ClientID=2839,Exception=NetDataExchangeException,Descr='server_addr=(2)10.225.32.15:62165 descr=2(0x00000002): Не удается найти указанный файл.  line=1149 file=d:\jenkins\ci_builder2\windowsbuild2\platform\src\rtrsrvc\src\dataexchangeserverimpl.cpp'
34:35.857001-0,EXCPCNTX,0,ClientComputerName=,ServerComputerName=,UserName=,ConnectString=
34:48.810000-0,EXCP,0,process=rphost,OSThread=5816,ClientID=2840,Exception=NetDataExchangeException,Descr='server_addr=(2)10.225.32.15:62185 descr=2(0x00000002): Не удается найти указанный файл.  line=1149 file=d:\jenkins\ci_builder2\windowsbuild2\platform\src\rtrsrvc\src\dataexchangeserverimpl.cpp'
34:48.810001-0,EXCPCNTX,0,ClientComputerName=,ServerComputerName=,UserName=,ConnectString=
36:13.281038-0,EXCP,2,process=rphost,p:processName=bi_bk3wk1_prod_01,OSThread=7892,t:clientID=1651,t:applicationName=1CV8C,t:computerName=DC1RDSH07,t:connectID=8322,SessionID=113,Usr=WK1_Нагашбекова_Галия_Оразовна,AppID=1CV8C,Exception=afd2b550-0d52-4e03-b448-15ed68d87ac5,Descr='src\basic\src\documentlogformobjcontroller.cpp(884):
afd2b550-0d52-4e03-b448-15ed68d87ac5
0d2200af-1696-4395-91e5-2872675e6d3d: Не удалось провести "Поступление ТМЗ и услуг PSC00001724 от 16.04.2020 10:00:00"!',Context=Форма.Записать : Документ.ПоступлениеТоваровУслуг.Форма.ФормаДокумента
36:13.344052-0,EXCP,2,process=rphost,p:processName=bi_bk3wk1_prod_01,OSThread=7892,t:clientID=1651,t:applicationName=1CV8C,t:computerName=DC1RDSH07,t:connectID=8322,SessionID=113,Usr=WK1_Нагашбекова_Галия_Оразовна,AppID=1CV8C,Exception=580392e6-ba49-4280-ac67-fcd6f2180121,Descr='src\vrsbase\src\vresourceinfobaseimpl.cpp(1114):
580392e6-ba49-4280-ac67-fcd6f2180121: Неспецифицированная ошибка работы с ресурсом
Ошибка при выполнении запроса POST к ресурсу /e1cib/logForm:
afd2b550-0d52-4e03-b448-15ed68d87ac5
0d2200af-1696-4395-91e5-2872675e6d3d: Не удалось провести "Поступление ТМЗ и услуг PSC00001724 от 16.04.2020 10:00:00"!'
39:21.833009-0,EXCP,0,process=rphost,OSThread=6340,ClientID=1648,Exception=NetDataExchangeException,Descr='server_addr=(2)10.225.32.46:58753 descr=2(0x00000002): Не удается найти указанный файл.  line=1149 file=d:\jenkins\ci_builder2\windowsbuild2\platform\src\rtrsrvc\src\dataexchangeserverimpl.cpp'
39:21.833010-0,EXCPCNTX,0,ClientComputerName=,ServerComputerName=,UserName=,ConnectString=
39:30.396015-0,ADMIN,2,process=rphost,p:processName=ServerJobExecutorContext,OSThread=1140,t:clientID=2800,t:applicationName=JobScheduler,t:computerName=DC2BUHAPP11,Func=killClient,ClusterID=8aa94e2b-5d54-4b86-800b-79353ce39638,ConnectionID=3d86546d-770f-4d20-b174-817c9da84161,Mode=0,Ref=bi_bk3wk1_prod_01(bi_bk3wk1_prod_01),Host=DC2BUHAPP11,Connection=14151,Administrator=Unknown,Result=Success
40:00.273008-0,EXCP,2,process=rphost,p:processName=bi_bk3wk1_prod_01,OSThread=3580,t:clientID=2846,t:applicationName=BackgroundJob,t:computerName=DC2BUHAPP11,t:connectID=14151,SessionID=7895,Usr=WK1_Жанияр_Ғайни_Сағындыққызы,Exception=SeanceContextException,Descr='Сеанс отсутствует или удален
ID=b5c5e9e8-6e85-4131-8031-d146fb0df08a, File=d:\jenkins\ci_builder2\windowsbuild2\platform\src\rserver\src\clusterdistribimpl.cpp(1439)'
40:00.273009-0,EXCP,2,process=rphost,p:processName=bi_bk3wk1_prod_01,OSThread=3580,t:clientID=2846,t:applicationName=BackgroundJob,t:computerName=DC2BUHAPP11,t:connectID=14151,SessionID=7895,Usr=WK1_Жанияр_Ғайни_Сағындыққызы,Exception=60c686dc-798f-4d17-aadb-a90156a16eb8,Descr='src\rserver\src\serverjobexecutor.cpp(1095):
60c686dc-798f-4d17-aadb-a90156a16eb8: Сеанс отсутствует или удален
ID=b5c5e9e8-6e85-4131-8031-d146fb0df08a, File=d:\jenkins\ci_builder2\windowsbuild2\platform\src\rserver\src\clusterdistribimpl.cpp(1439)'
40:00.288002-0,EXCP,2,process=rphost,p:processName=bi_bk3wk1_prod_01,OSThread=3580,t:clientID=2846,t:applicationName=BackgroundJob,t:computerName=DC2BUHAPP11,t:connectID=14151,SessionID=7895,Usr=WK1_Жанияр_Ғайни_Сағындыққызы,Exception=SeanceContextException,Descr='Сеанс отсутствует или удален
ID=b5c5e9e8-6e85-4131-8031-d146fb0df08a, File=d:\jenkins\ci_builder2\windowsbuild2\platform\src\rserver\src\clusterdistribimpl.cpp(1439)'
41:14.163015-0,EXCP,0,process=rphost,OSThread=4056,ClientID=1587,Exception=NetDataExchangeException,Descr='server_addr=(2)10.224.32.44:49234 descr=2(0x00000002): Не удается найти указанный файл.  line=1149 file=d:\jenkins\ci_builder2\windowsbuild2\platform\src\rtrsrvc\src\dataexchangeserverimpl.cpp'
41:14.163017-0,EXCPCNTX,0,ClientComputerName=,ServerComputerName=,UserName=,ConnectString=
43:03.494018-0,EXCP,0,process=rphost,OSThread=3452,ClientID=2759,Exception=NetDataExchangeException,Descr='server_addr=(2)10.224.32.125:61913 descr=2(0x00000002): Не удается найти указанный файл.  line=1149 file=d:\jenkins\ci_builder2\windowsbuild2\platform\src\rtrsrvc\src\dataexchangeserverimpl.cpp'
43:03.494020-0,EXCPCNTX,0,ClientComputerName=,ServerComputerName=,UserName=,ConnectString=
44:41.258010-0,EXCP,0,process=rphost,OSThread=3924,ClientID=2842,Exception=NetDataExchangeException,Descr='server_addr=(2)10.225.32.15:62203 descr=2(0x00000002): Не удается найти указанный файл.  line=1149 file=d:\jenkins\ci_builder2\windowsbuild2\platform\src\rtrsrvc\src\dataexchangeserverimpl.cpp'
44:41.258011-0,EXCPCNTX,0,ClientComputerName=,ServerComputerName=,UserName=,ConnectString=
44:41.258035-0,EXCP,0,process=rphost,OSThread=3924,ClientID=2871,Exception=NetDataExchangeException,Descr='server_addr=(2)10.225.32.15:62233 descr=2(0x00000002): Не удается найти указанный файл.  line=1149 file=d:\jenkins\ci_builder2\windowsbuild2\platform\src\rtrsrvc\src\dataexchangeserverimpl.cpp'
44:41.258036-0,EXCPCNTX,0,ClientComputerName=,ServerComputerName=,UserName=,ConnectString=
44:42.024027-0,ADMIN,2,process=rphost,p:processName=ServerJobExecutorContext,OSThread=1140,t:clientID=2800,t:applicationName=JobScheduler,t:computerName=DC2BUHAPP11,Func=killClient,ClusterID=8aa94e2b-5d54-4b86-800b-79353ce39638,ConnectionID=cfeff153-7937-4d46-9eee-2724ba4827a5,Mode=0,Ref=bi_bk3wk1_prod_01(bi_bk3wk1_prod_01),Host=DC2BUHAPP11,Connection=14233,Administrator=Unknown,Result=Success
44:44.180018-0,EXCP,3,process=rphost,p:processName=bi_bk3wk1_prod_01,OSThread=7472,t:clientID=2873,t:applicationName=BackgroundJob,t:computerName=DC2BUHAPP11,t:connectID=14233,SessionID=7939,Usr=Токтаров Бакыт Жомартович,Exception=SeanceContextException,Descr='Сеанс отсутствует или удален
ID=2a9813a8-ebf0-498b-a45f-19caa5fbcd3e, File=d:\jenkins\ci_builder2\windowsbuild2\platform\src\rserver\src\clusterdistribimpl.cpp(1439)'
44:44.180020-0,EXCP,2,process=rphost,p:processName=bi_bk3wk1_prod_01,OSThread=7472,t:clientID=2873,t:applicationName=BackgroundJob,t:computerName=DC2BUHAPP11,t:connectID=14233,SessionID=7939,Usr=Токтаров Бакыт Жомартович,Exception=60c686dc-798f-4d17-aadb-a90156a16eb8,Descr='src\rserver\src\rmngrcalls.cpp(476):
60c686dc-798f-4d17-aadb-a90156a16eb8: Сеанс отсутствует или удален
ID=2a9813a8-ebf0-498b-a45f-19caa5fbcd3e, File=d:\jenkins\ci_builder2\windowsbuild2\platform\src\rserver\src\clusterdistribimpl.cpp(1439)'
44:44.383001-0,EXCP,2,process=rphost,p:processName=bi_bk3wk1_prod_01,OSThread=7472,t:clientID=2873,t:applicationName=BackgroundJob,t:computerName=DC2BUHAPP11,t:connectID=14233,SessionID=7939,Usr=Токтаров Бакыт Жомартович,Exception=SeanceContextException,Descr='Сеанс отсутствует или удален
ID=2a9813a8-ebf0-498b-a45f-19caa5fbcd3e, File=d:\jenkins\ci_builder2\windowsbuild2\platform\src\rserver\src\rmngrcalls.cpp(364)'
44:44.383003-0,EXCP,2,process=rphost,p:processName=bi_bk3wk1_prod_01,OSThread=7472,t:clientID=2873,t:applicationName=BackgroundJob,t:computerName=DC2BUHAPP11,t:connectID=14233,SessionID=7939,Usr=Токтаров Бакыт Жомартович,Exception=60c686dc-798f-4d17-aadb-a90156a16eb8,Descr='src\rserver\src\serverjobexecutor.cpp(1095):
60c686dc-798f-4d17-aadb-a90156a16eb8: Сеанс отсутствует или удален
ID=2a9813a8-ebf0-498b-a45f-19caa5fbcd3e, File=d:\jenkins\ci_builder2\windowsbuild2\platform\src\rserver\src\rmngrcalls.cpp(364)'
44:44.383005-0,EXCP,3,process=rphost,p:processName=bi_bk3wk1_prod_01,OSThread=7472,t:clientID=2873,t:applicationName=BackgroundJob,t:computerName=DC2BUHAPP11,t:connectID=14233,SessionID=7939,Usr=Токтаров Бакыт Жомартович,Exception=SeanceContextException,Descr='Сеанс отсутствует или удален
ID=2a9813a8-ebf0-498b-a45f-19caa5fbcd3e, File=d:\jenkins\ci_builder2\windowsbuild2\platform\src\rserver\src\clusterdistribimpl.cpp(1439)'
44:44.383008-0,EXCP,2,process=rphost,p:processName=bi_bk3wk1_prod_01,OSThread=7472,t:clientID=2873,t:applicationName=BackgroundJob,t:computerName=DC2BUHAPP11,t:connectID=14233,SessionID=7939,Usr=Токтаров Бакыт Жомартович,Exception=60c686dc-798f-4d17-aadb-a90156a16eb8,Descr='src\rserver\src\rmngrcalls.cpp(476):
60c686dc-798f-4d17-aadb-a90156a16eb8: Сеанс отсутствует или удален
ID=2a9813a8-ebf0-498b-a45f-19caa5fbcd3e, File=d:\jenkins\ci_builder2\windowsbuild2\platform\src\rserver\src\clusterdistribimpl.cpp(1439)'
44:44.586000-0,EXCP,2,process=rphost,p:processName=bi_bk3wk1_prod_01,OSThread=7472,t:clientID=2873,t:applicationName=BackgroundJob,t:computerName=DC2BUHAPP11,t:connectID=14233,SessionID=7939,Usr=Токтаров Бакыт Жомартович,Exception=SeanceContextException,Descr='Сеанс отсутствует или удален
ID=2a9813a8-ebf0-498b-a45f-19caa5fbcd3e, File=d:\jenkins\ci_builder2\windowsbuild2\platform\src\rserver\src\rmngrcalls.cpp(364)'
47:43.274015-0,ADMIN,2,process=rphost,p:processName=ServerJobExecutorContext,OSThread=1140,t:clientID=2875,t:applicationName=JobScheduler,t:computerName=DC2BUHAPP11,Func=killClient,ClusterID=8aa94e2b-5d54-4b86-800b-79353ce39638,ConnectionID=36d7b0e8-c623-472d-94fe-2214993a10be,Mode=0,Ref=bi_bk3wk1_prod_01(bi_bk3wk1_prod_01),Host=DC2BUHAPP11,Connection=14239,Administrator=Unknown,Result=Success
47:43.696017-0,ADMIN,2,process=rphost,p:processName=ServerJobExecutorContext,OSThread=1140,t:clientID=2875,t:applicationName=JobScheduler,t:computerName=DC2BUHAPP11,Func=killClient,ClusterID=8aa94e2b-5d54-4b86-800b-79353ce39638,ConnectionID=ad47b03d-ed41-4d3c-bc0c-8fb0229fcd98,Mode=0,Ref=bi_bk3wk1_prod_01(bi_bk3wk1_prod_01),Host=DC2BUHAPP11,Connection=14240,Administrator=Unknown,Result=Success
47:54.024005-0,EXCP,3,process=rphost,p:processName=bi_bk3wk1_prod_01,OSThread=7300,t:clientID=2876,t:applicationName=BackgroundJob,t:computerName=DC2BUHAPP11,t:connectID=14239,SessionID=7946,Usr=WK1_Жанияр_Ғайни_Сағындыққызы,Exception=SeanceContextException,Descr='Сеанс отсутствует или удален
ID=b7c7fe6a-d52c-4fb4-bc65-0d71a57c5215, File=d:\jenkins\ci_builder2\windowsbuild2\platform\src\rserver\src\clusterdistribimpl.cpp(1439)'
47:54.024007-0,EXCP,2,process=rphost,p:processName=bi_bk3wk1_prod_01,OSThread=7300,t:clientID=2876,t:applicationName=BackgroundJob,t:computerName=DC2BUHAPP11,t:connectID=14239,SessionID=7946,Usr=WK1_Жанияр_Ғайни_Сағындыққызы,Exception=60c686dc-798f-4d17-aadb-a90156a16eb8,Descr='src\rserver\src\rmngrcalls.cpp(476):
60c686dc-798f-4d17-aadb-a90156a16eb8: Сеанс отсутствует или удален
ID=b7c7fe6a-d52c-4fb4-bc65-0d71a57c5215, File=d:\jenkins\ci_builder2\windowsbuild2\platform\src\rserver\src\clusterdistribimpl.cpp(1439)'
47:54.071006-0,EXCP,2,process=rphost,p:processName=bi_bk3wk1_prod_01,OSThread=7300,t:clientID=2876,t:applicationName=BackgroundJob,t:computerName=DC2BUHAPP11,t:connectID=14239,SessionID=7946,Usr=WK1_Жанияр_Ғайни_Сағындыққызы,Exception=SeanceContextException,Descr='Сеанс отсутствует или удален
ID=b7c7fe6a-d52c-4fb4-bc65-0d71a57c5215, File=d:\jenkins\ci_builder2\windowsbuild2\platform\src\rserver\src\rmngrcalls.cpp(364)'
47:54.071007-0,EXCP,2,process=rphost,p:processName=bi_bk3wk1_prod_01,OSThread=7300,t:clientID=2876,t:applicationName=BackgroundJob,t:computerName=DC2BUHAPP11,t:connectID=14239,SessionID=7946,Usr=WK1_Жанияр_Ғайни_Сағындыққызы,Exception=60c686dc-798f-4d17-aadb-a90156a16eb8,Descr='src\rserver\src\serverjobexecutor.cpp(1095):
60c686dc-798f-4d17-aadb-a90156a16eb8: Сеанс отсутствует или удален
ID=b7c7fe6a-d52c-4fb4-bc65-0d71a57c5215, File=d:\jenkins\ci_builder2\windowsbuild2\platform\src\rserver\src\rmngrcalls.cpp(364)'
47:54.071009-0,EXCP,3,process=rphost,p:processName=bi_bk3wk1_prod_01,OSThread=7300,t:clientID=2876,t:applicationName=BackgroundJob,t:computerName=DC2BUHAPP11,t:connectID=14239,SessionID=7946,Usr=WK1_Жанияр_Ғайни_Сағындыққызы,Exception=SeanceContextException,Descr='Сеанс отсутствует или удален
ID=b7c7fe6a-d52c-4fb4-bc65-0d71a57c5215, File=d:\jenkins\ci_builder2\windowsbuild2\platform\src\rserver\src\clusterdistribimpl.cpp(1439)'
47:54.071011-0,EXCP,2,process=rphost,p:processName=bi_bk3wk1_prod_01,OSThread=7300,t:clientID=2876,t:applicationName=BackgroundJob,t:computerName=DC2BUHAPP11,t:connectID=14239,SessionID=7946,Usr=WK1_Жанияр_Ғайни_Сағындыққызы,Exception=60c686dc-798f-4d17-aadb-a90156a16eb8,Descr='src\rserver\src\rmngrcalls.cpp(476):
60c686dc-798f-4d17-aadb-a90156a16eb8: Сеанс отсутствует или удален
ID=b7c7fe6a-d52c-4fb4-bc65-0d71a57c5215, File=d:\jenkins\ci_builder2\windowsbuild2\platform\src\rserver\src\clusterdistribimpl.cpp(1439)'
47:54.274002-0,EXCP,2,process=rphost,p:processName=bi_bk3wk1_prod_01,OSThread=7300,t:clientID=2876,t:applicationName=BackgroundJob,t:computerName=DC2BUHAPP11,t:connectID=14239,SessionID=7946,Usr=WK1_Жанияр_Ғайни_Сағындыққызы,Exception=SeanceContextException,Descr='Сеанс отсутствует или удален
ID=b7c7fe6a-d52c-4fb4-bc65-0d71a57c5215, File=d:\jenkins\ci_builder2\windowsbuild2\platform\src\rserver\src\rmngrcalls.cpp(364)'
47:54.539007-0,EXCP,4,process=rphost,p:processName=bi_bk3wk1_prod_01,OSThread=7440,t:clientID=2877,t:applicationName=BackgroundJob,t:computerName=DC2BUHAPP11,t:connectID=14240,SessionID=7947,Usr=WK1_Жанияр_Ғайни_Сағындыққызы,Exception=SeanceContextException,Descr='Сеанс отсутствует или удален
ID=080474ab-b0ac-437a-8e86-133bfefc679a, File=d:\jenkins\ci_builder2\windowsbuild2\platform\src\rserver\src\clusterdistribimpl.cpp(1439)'
47:54.539009-0,EXCP,3,process=rphost,p:processName=bi_bk3wk1_prod_01,OSThread=7440,t:clientID=2877,t:applicationName=BackgroundJob,t:computerName=DC2BUHAPP11,t:connectID=14240,SessionID=7947,Usr=WK1_Жанияр_Ғайни_Сағындыққызы,Exception=60c686dc-798f-4d17-aadb-a90156a16eb8,Descr='src\rserver\src\rmngrcalls.cpp(476):
60c686dc-798f-4d17-aadb-a90156a16eb8: Сеанс отсутствует или удален
ID=080474ab-b0ac-437a-8e86-133bfefc679a, File=d:\jenkins\ci_builder2\windowsbuild2\platform\src\rserver\src\clusterdistribimpl.cpp(1439)'
47:54.743000-0,EXCP,3,process=rphost,p:processName=bi_bk3wk1_prod_01,OSThread=7440,t:clientID=2877,t:applicationName=BackgroundJob,t:computerName=DC2BUHAPP11,t:connectID=14240,SessionID=7947,Usr=WK1_Жанияр_Ғайни_Сағындыққызы,Exception=SeanceContextException,Descr='Сеанс отсутствует или удален
ID=080474ab-b0ac-437a-8e86-133bfefc679a, File=d:\jenkins\ci_builder2\windowsbuild2\platform\src\rserver\src\rmngrcalls.cpp(364)'
47:54.743001-0,EXCP,3,process=rphost,p:processName=bi_bk3wk1_prod_01,OSThread=7440,t:clientID=2877,t:applicationName=BackgroundJob,t:computerName=DC2BUHAPP11,t:connectID=14240,SessionID=7947,Usr=WK1_Жанияр_Ғайни_Сағындыққызы,Exception=60c686dc-798f-4d17-aadb-a90156a16eb8,Descr='src\rserver\src\serverjobexecutor.cpp(1095):
60c686dc-798f-4d17-aadb-a90156a16eb8: Сеанс отсутствует или удален
ID=080474ab-b0ac-437a-8e86-133bfefc679a, File=d:\jenkins\ci_builder2\windowsbuild2\platform\src\rserver\src\rmngrcalls.cpp(364)'
47:54.743003-0,EXCP,4,process=rphost,p:processName=bi_bk3wk1_prod_01,OSThread=7440,t:clientID=2877,t:applicationName=BackgroundJob,t:computerName=DC2BUHAPP11,t:connectID=14240,SessionID=7947,Usr=WK1_Жанияр_Ғайни_Сағындыққызы,Exception=SeanceContextException,Descr='Сеанс отсутствует или удален
ID=080474ab-b0ac-437a-8e86-133bfefc679a, File=d:\jenkins\ci_builder2\windowsbuild2\platform\src\rserver\src\clusterdistribimpl.cpp(1439)'
47:54.743005-0,EXCP,3,process=rphost,p:processName=bi_bk3wk1_prod_01,OSThread=7440,t:clientID=2877,t:applicationName=BackgroundJob,t:computerName=DC2BUHAPP11,t:connectID=14240,SessionID=7947,Usr=WK1_Жанияр_Ғайни_Сағындыққызы,Exception=60c686dc-798f-4d17-aadb-a90156a16eb8,Descr='src\rserver\src\rmngrcalls.cpp(476):
60c686dc-798f-4d17-aadb-a90156a16eb8: Сеанс отсутствует или удален
ID=080474ab-b0ac-437a-8e86-133bfefc679a, File=d:\jenkins\ci_builder2\windowsbuild2\platform\src\rserver\src\clusterdistribimpl.cpp(1439)'
47:54.946000-0,EXCP,3,process=rphost,p:processName=bi_bk3wk1_prod_01,OSThread=7440,t:clientID=2877,t:applicationName=BackgroundJob,t:computerName=DC2BUHAPP11,t:connectID=14240,SessionID=7947,Usr=WK1_Жанияр_Ғайни_Сағындыққызы,Exception=SeanceContextException,Descr='Сеанс отсутствует или удален
ID=080474ab-b0ac-437a-8e86-133bfefc679a, File=d:\jenkins\ci_builder2\windowsbuild2\platform\src\rserver\src\rmngrcalls.cpp(364)'
51:04.016004-0,ADMIN,2,process=rphost,p:processName=ServerJobExecutorContext,OSThread=1140,t:clientID=2875,t:applicationName=JobScheduler,t:computerName=DC2BUHAPP11,Func=killClient,ClusterID=8aa94e2b-5d54-4b86-800b-79353ce39638,ConnectionID=025769da-9d34-49ed-a961-ae52ece8a21c,Mode=0,Ref=bi_bk3wk1_prod_01(bi_bk3wk1_prod_01),Host=DC2BUHAPP11,Connection=14258,Administrator=Unknown,Result=Success
51:04.078005-0,EXCP,3,process=rphost,p:processName=bi_bk3wk1_prod_01,OSThread=8224,t:clientID=2887,t:applicationName=BackgroundJob,t:computerName=DC2BUHAPP11,t:connectID=14258,SessionID=7966,Usr=Байсултанова Куралай Сериковна,Exception=SeanceContextException,Descr='Сеанс отсутствует или удален
ID=40fd7fb9-81ff-4418-ac2f-c3a0b418f637, File=d:\jenkins\ci_builder2\windowsbuild2\platform\src\rserver\src\clusterdistribimpl.cpp(1439)'
51:04.078007-0,EXCP,2,process=rphost,p:processName=bi_bk3wk1_prod_01,OSThread=8224,t:clientID=2887,t:applicationName=BackgroundJob,t:computerName=DC2BUHAPP11,t:connectID=14258,SessionID=7966,Usr=Байсултанова Куралай Сериковна,Exception=60c686dc-798f-4d17-aadb-a90156a16eb8,Descr='src\rserver\src\rmngrcalls.cpp(476):
60c686dc-798f-4d17-aadb-a90156a16eb8: Сеанс отсутствует или удален
ID=40fd7fb9-81ff-4418-ac2f-c3a0b418f637, File=d:\jenkins\ci_builder2\windowsbuild2\platform\src\rserver\src\clusterdistribimpl.cpp(1439)'
51:04.281000-0,EXCP,2,process=rphost,p:processName=bi_bk3wk1_prod_01,OSThread=8224,t:clientID=2887,t:applicationName=BackgroundJob,t:computerName=DC2BUHAPP11,t:connectID=14258,SessionID=7966,Usr=Байсултанова Куралай Сериковна,Exception=SeanceContextException,Descr='Сеанс отсутствует или удален
ID=40fd7fb9-81ff-4418-ac2f-c3a0b418f637, File=d:\jenkins\ci_builder2\windowsbuild2\platform\src\rserver\src\rmngrcalls.cpp(364)'
51:04.281001-0,EXCP,2,process=rphost,p:processName=bi_bk3wk1_prod_01,OSThread=8224,t:clientID=2887,t:applicationName=BackgroundJob,t:computerName=DC2BUHAPP11,t:connectID=14258,SessionID=7966,Usr=Байсултанова Куралай Сериковна,Exception=60c686dc-798f-4d17-aadb-a90156a16eb8,Descr='src\rserver\src\serverjobexecutor.cpp(1095):
60c686dc-798f-4d17-aadb-a90156a16eb8: Сеанс отсутствует или удален
ID=40fd7fb9-81ff-4418-ac2f-c3a0b418f637, File=d:\jenkins\ci_builder2\windowsbuild2\platform\src\rserver\src\rmngrcalls.cpp(364)'
51:04.281003-0,EXCP,3,process=rphost,p:processName=bi_bk3wk1_prod_01,OSThread=8224,t:clientID=2887,t:applicationName=BackgroundJob,t:computerName=DC2BUHAPP11,t:connectID=14258,SessionID=7966,Usr=Байсултанова Куралай Сериковна,Exception=SeanceContextException,Descr='Сеанс отсутствует или удален
ID=40fd7fb9-81ff-4418-ac2f-c3a0b418f637, File=d:\jenkins\ci_builder2\windowsbuild2\platform\src\rserver\src\clusterdistribimpl.cpp(1439)'
51:04.281005-0,EXCP,2,process=rphost,p:processName=bi_bk3wk1_prod_01,OSThread=8224,t:clientID=2887,t:applicationName=BackgroundJob,t:computerName=DC2BUHAPP11,t:connectID=14258,SessionID=7966,Usr=Байсултанова Куралай Сериковна,Exception=60c686dc-798f-4d17-aadb-a90156a16eb8,Descr='src\rserver\src\rmngrcalls.cpp(476):
60c686dc-798f-4d17-aadb-a90156a16eb8: Сеанс отсутствует или удален
ID=40fd7fb9-81ff-4418-ac2f-c3a0b418f637, File=d:\jenkins\ci_builder2\windowsbuild2\platform\src\rserver\src\clusterdistribimpl.cpp(1439)'
51:04.485000-0,EXCP,2,process=rphost,p:processName=bi_bk3wk1_prod_01,OSThread=8224,t:clientID=2887,t:applicationName=BackgroundJob,t:computerName=DC2BUHAPP11,t:connectID=14258,SessionID=7966,Usr=Байсултанова Куралай Сериковна,Exception=SeanceContextException,Descr='Сеанс отсутствует или удален
ID=40fd7fb9-81ff-4418-ac2f-c3a0b418f637, File=d:\jenkins\ci_builder2\windowsbuild2\platform\src\rserver\src\rmngrcalls.cpp(364)'
52:39.079001-0,EXCP,0,process=rphost,OSThread=4056,ClientID=2872,Exception=NetDataExchangeException,Descr='server_addr=(2)10.225.32.15:62245 descr=2(0x00000002): Не удается найти указанный файл.  line=1149 file=d:\jenkins\ci_builder2\windowsbuild2\platform\src\rtrsrvc\src\dataexchangeserverimpl.cpp'
52:39.079002-0,EXCPCNTX,0,ClientComputerName=,ServerComputerName=,UserName=,ConnectString=
54:39.379000-0,EXCP,0,process=rphost,OSThread=3280,ClientID=2891,Exception=NetDataExchangeException,Descr='server_addr=(2)10.225.32.15:62285 descr=2(0x00000002): Не удается найти указанный файл.  line=1149 file=d:\jenkins\ci_builder2\windowsbuild2\platform\src\rtrsrvc\src\dataexchangeserverimpl.cpp'
54:39.379001-0,EXCPCNTX,0,ClientComputerName=,ServerComputerName=,UserName=,ConnectString=
54:39.723004-0,EXCP,0,process=rphost,OSThread=3280,ClientID=2895,Exception=NetDataExchangeException,Descr='server_addr=(2)10.225.32.15:62302 descr=2(0x00000002): Не удается найти указанный файл.  line=1149 file=d:\jenkins\ci_builder2\windowsbuild2\platform\src\rtrsrvc\src\dataexchangeserverimpl.cpp'
54:39.723005-0,EXCPCNTX,0,ClientComputerName=,ServerComputerName=,UserName=,ConnectString=
54:42.864000-0,EXCP,0,process=rphost,OSThread=1000,ClientID=2896,Exception=NetDataExchangeException,Descr='server_addr=(2)10.225.32.15:62318 descr=2(0x00000002): Не удается найти указанный файл.  line=1149 file=d:\jenkins\ci_builder2\windowsbuild2\platform\src\rtrsrvc\src\dataexchangeserverimpl.cpp'
54:42.864001-0,EXCPCNTX,0,ClientComputerName=,ServerComputerName=,UserName=,ConnectString=
54:43.082000-0,EXCP,0,process=rphost,OSThread=5172,ClientID=2897,Exception=NetDataExchangeException,Descr='server_addr=(2)10.225.32.15:62331 descr=2(0x00000002): Не удается найти указанный файл.  line=1149 file=d:\jenkins\ci_builder2\windowsbuild2\platform\src\rtrsrvc\src\dataexchangeserverimpl.cpp'
54:43.082001-0,EXCPCNTX,0,ClientComputerName=,ServerComputerName=,UserName=,ConnectString=
56:41.850018-0,ADMIN,2,process=rphost,p:processName=ServerJobExecutorContext,OSThread=4276,t:clientID=2892,t:applicationName=JobScheduler,t:computerName=DC2BUHAPP11,Func=killClient,ClusterID=8aa94e2b-5d54-4b86-800b-79353ce39638,ConnectionID=7d917460-3989-433e-b537-ad12c9c882b8,Mode=0,Ref=bi_bk3wk1_prod_01(bi_bk3wk1_prod_01),Host=DC2BUHAPP11,Connection=14273,Administrator=Unknown,Result=Success
56:41.959005-0,EXCP,3,process=rphost,p:processName=bi_bk3wk1_prod_01,OSThread=8224,t:clientID=2906,t:applicationName=BackgroundJob,t:computerName=DC2BUHAPP11,t:connectID=14273,SessionID=7982,Usr=Байсултанова Куралай Сериковна,Exception=SeanceContextException,Descr='Сеанс отсутствует или удален
ID=5c9df0b8-080a-49dd-8f21-ac1edc10a3ae, File=d:\jenkins\ci_builder2\windowsbuild2\platform\src\rserver\src\clusterdistribimpl.cpp(1439)'
56:41.959007-0,EXCP,2,process=rphost,p:processName=bi_bk3wk1_prod_01,OSThread=8224,t:clientID=2906,t:applicationName=BackgroundJob,t:computerName=DC2BUHAPP11,t:connectID=14273,SessionID=7982,Usr=Байсултанова Куралай Сериковна,Exception=60c686dc-798f-4d17-aadb-a90156a16eb8,Descr='src\rserver\src\rmngrcalls.cpp(476):
60c686dc-798f-4d17-aadb-a90156a16eb8: Сеанс отсутствует или удален
ID=5c9df0b8-080a-49dd-8f21-ac1edc10a3ae, File=d:\jenkins\ci_builder2\windowsbuild2\platform\src\rserver\src\clusterdistribimpl.cpp(1439)'
56:42.069006-0,EXCP,2,process=rphost,p:processName=bi_bk3wk1_prod_01,OSThread=8224,t:clientID=2906,t:applicationName=BackgroundJob,t:computerName=DC2BUHAPP11,t:connectID=14273,SessionID=7982,Usr=Байсултанова Куралай Сериковна,Exception=SeanceContextException,Descr='Сеанс отсутствует или удален
ID=5c9df0b8-080a-49dd-8f21-ac1edc10a3ae, File=d:\jenkins\ci_builder2\windowsbuild2\platform\src\rserver\src\rmngrcalls.cpp(364)'
56:42.069007-0,EXCP,2,process=rphost,p:processName=bi_bk3wk1_prod_01,OSThread=8224,t:clientID=2906,t:applicationName=BackgroundJob,t:computerName=DC2BUHAPP11,t:connectID=14273,SessionID=7982,Usr=Байсултанова Куралай Сериковна,Exception=60c686dc-798f-4d17-aadb-a90156a16eb8,Descr='src\rserver\src\serverjobexecutor.cpp(1095):
60c686dc-798f-4d17-aadb-a90156a16eb8: Сеанс отсутствует или удален
ID=5c9df0b8-080a-49dd-8f21-ac1edc10a3ae, File=d:\jenkins\ci_builder2\windowsbuild2\platform\src\rserver\src\rmngrcalls.cpp(364)'
56:42.069010-0,EXCP,3,process=rphost,p:processName=bi_bk3wk1_prod_01,OSThread=8224,t:clientID=2906,t:applicationName=BackgroundJob,t:computerName=DC2BUHAPP11,t:connectID=14273,SessionID=7982,Usr=Байсултанова Куралай Сериковна,Exception=SeanceContextException,Descr='Сеанс отсутствует или удален
ID=5c9df0b8-080a-49dd-8f21-ac1edc10a3ae, File=d:\jenkins\ci_builder2\windowsbuild2\platform\src\rserver\src\clusterdistribimpl.cpp(1439)'
56:42.069012-0,EXCP,2,process=rphost,p:processName=bi_bk3wk1_prod_01,OSThread=8224,t:clientID=2906,t:applicationName=BackgroundJob,t:computerName=DC2BUHAPP11,t:connectID=14273,SessionID=7982,Usr=Байсултанова Куралай Сериковна,Exception=60c686dc-798f-4d17-aadb-a90156a16eb8,Descr='src\rserver\src\rmngrcalls.cpp(476):
60c686dc-798f-4d17-aadb-a90156a16eb8: Сеанс отсутствует или удален
ID=5c9df0b8-080a-49dd-8f21-ac1edc10a3ae, File=d:\jenkins\ci_builder2\windowsbuild2\platform\src\rserver\src\clusterdistribimpl.cpp(1439)'
56:42.272000-0,EXCP,2,process=rphost,p:processName=bi_bk3wk1_prod_01,OSThread=8224,t:clientID=2906,t:applicationName=BackgroundJob,t:computerName=DC2BUHAPP11,t:connectID=14273,SessionID=7982,Usr=Байсултанова Куралай Сериковна,Exception=SeanceContextException,Descr='Сеанс отсутствует или удален
ID=5c9df0b8-080a-49dd-8f21-ac1edc10a3ae, File=d:\jenkins\ci_builder2\windowsbuild2\platform\src\rserver\src\rmngrcalls.cpp(364)'
56:43.850018-0,ADMIN,2,process=rphost,p:processName=ServerJobExecutorContext,OSThread=4276,t:clientID=2892,t:applicationName=JobScheduler,t:computerName=DC2BUHAPP11,Func=killClient,ClusterID=8aa94e2b-5d54-4b86-800b-79353ce39638,ConnectionID=daebebe1-c70a-467a-b0d8-1cfeedf68873,Mode=0,Ref=bi_bk3wk1_prod_01(bi_bk3wk1_prod_01),Host=DC2BUHAPP11,Connection=14276,Administrator=Unknown,Result=Success
56:43.975016-0,EXCP,3,process=rphost,p:processName=bi_bk3wk1_prod_01,OSThread=8224,t:clientID=2908,t:applicationName=BackgroundJob,t:computerName=DC2BUHAPP11,t:connectID=14276,SessionID=7985,Usr=Байсултанова Куралай Сериковна,Exception=SeanceContextException,Descr='Сеанс отсутствует или удален
ID=bcaf7643-b9c3-4280-bb59-38f5d6776498, File=d:\jenkins\ci_builder2\windowsbuild2\platform\src\rserver\src\clusterdistribimpl.cpp(1439)'
56:43.975018-0,EXCP,2,process=rphost,p:processName=bi_bk3wk1_prod_01,OSThread=8224,t:clientID=2908,t:applicationName=BackgroundJob,t:computerName=DC2BUHAPP11,t:connectID=14276,SessionID=7985,Usr=Байсултанова Куралай Сериковна,Exception=60c686dc-798f-4d17-aadb-a90156a16eb8,Descr='src\rserver\src\rmngrcalls.cpp(476):
60c686dc-798f-4d17-aadb-a90156a16eb8: Сеанс отсутствует или удален
ID=bcaf7643-b9c3-4280-bb59-38f5d6776498, File=d:\jenkins\ci_builder2\windowsbuild2\platform\src\rserver\src\clusterdistribimpl.cpp(1439)'
56:44.100006-0,EXCP,2,process=rphost,p:processName=bi_bk3wk1_prod_01,OSThread=8224,t:clientID=2908,t:applicationName=BackgroundJob,t:computerName=DC2BUHAPP11,t:connectID=14276,SessionID=7985,Usr=Байсултанова Куралай Сериковна,Exception=SeanceContextException,Descr='Сеанс отсутствует или удален
ID=bcaf7643-b9c3-4280-bb59-38f5d6776498, File=d:\jenkins\ci_builder2\windowsbuild2\platform\src\rserver\src\rmngrcalls.cpp(364)'
56:44.100007-0,EXCP,2,process=rphost,p:processName=bi_bk3wk1_prod_01,OSThread=8224,t:clientID=2908,t:applicationName=BackgroundJob,t:computerName=DC2BUHAPP11,t:connectID=14276,SessionID=7985,Usr=Байсултанова Куралай Сериковна,Exception=60c686dc-798f-4d17-aadb-a90156a16eb8,Descr='src\rserver\src\serverjobexecutor.cpp(1095):
60c686dc-798f-4d17-aadb-a90156a16eb8: Сеанс отсутствует или удален
ID=bcaf7643-b9c3-4280-bb59-38f5d6776498, File=d:\jenkins\ci_builder2\windowsbuild2\platform\src\rserver\src\rmngrcalls.cpp(364)'
56:44.100009-0,EXCP,3,process=rphost,p:processName=bi_bk3wk1_prod_01,OSThread=8224,t:clientID=2908,t:applicationName=BackgroundJob,t:computerName=DC2BUHAPP11,t:connectID=14276,SessionID=7985,Usr=Байсултанова Куралай Сериковна,Exception=SeanceContextException,Descr='Сеанс отсутствует или удален
ID=bcaf7643-b9c3-4280-bb59-38f5d6776498, File=d:\jenkins\ci_builder2\windowsbuild2\platform\src\rserver\src\clusterdistribimpl.cpp(1439)'
56:44.100011-0,EXCP,2,process=rphost,p:processName=bi_bk3wk1_prod_01,OSThread=8224,t:clientID=2908,t:applicationName=BackgroundJob,t:computerName=DC2BUHAPP11,t:connectID=14276,SessionID=7985,Usr=Байсултанова Куралай Сериковна,Exception=60c686dc-798f-4d17-aadb-a90156a16eb8,Descr='src\rserver\src\rmngrcalls.cpp(476):
60c686dc-798f-4d17-aadb-a90156a16eb8: Сеанс отсутствует или удален
ID=bcaf7643-b9c3-4280-bb59-38f5d6776498, File=d:\jenkins\ci_builder2\windowsbuild2\platform\src\rserver\src\clusterdistribimpl.cpp(1439)'
56:44.303000-0,EXCP,2,process=rphost,p:processName=bi_bk3wk1_prod_01,OSThread=8224,t:clientID=2908,t:applicationName=BackgroundJob,t:computerName=DC2BUHAPP11,t:connectID=14276,SessionID=7985,Usr=Байсултанова Куралай Сериковна,Exception=SeanceContextException,Descr='Сеанс отсутствует или удален
ID=bcaf7643-b9c3-4280-bb59-38f5d6776498, File=d:\jenkins\ci_builder2\windowsbuild2\platform\src\rserver\src\rmngrcalls.cpp(364)'
58:39.885016-0,EXCP,0,process=rphost,OSThread=2912,ClientID=1685,Exception=NetDataExchangeException,Descr='server_addr=(2)10.225.32.64:62278 descr=2(0x00000002): Не удается найти указанный файл.  line=1149 file=d:\jenkins\ci_builder2\windowsbuild2\platform\src\rtrsrvc\src\dataexchangeserverimpl.cpp'
58:39.885019-0,EXCPCNTX,0,ClientComputerName=,ServerComputerName=,UserName=,ConnectString=
59:26.776003-0,EXCP,2,process=rphost,OSThread=4276,t:clientID=1492,Exception=dd149677-3d47-4e05-a55f-4e75b13a441f,Descr='src\rtrsrvc\src\remoteinterfaceimpl.cpp(2069):
dd149677-3d47-4e05-a55f-4e75b13a441f: Сеанс работы завершен администратором.'
59:26.776004-3,CALL,1,process=rphost,OSThread=4276,t:clientID=1492,Interface=bc15bd01-10bf-413c-a856-ddc907fcd123,IName=IVResourceRemoteConnection,Method=0,CallID=13994,MName=send,RetExcp=Сеанс работы завершен администратором.,Memory=13258,MemoryPeak=13258,InBytes=0,OutBytes=0,CpuTime=0
59:27.104012-0,EXCP,0,process=rphost,OSThread=3684,ClientID=1492,Exception=NetDataExchangeException,Descr='server_addr=(2)10.224.32.203:62496 descr=2(0x00000002): Не удается найти указанный файл.  line=1149 file=d:\jenkins\ci_builder2\windowsbuild2\platform\src\rtrsrvc\src\dataexchangeserverimpl.cpp'
59:27.104013-0,EXCPCNTX,0,ClientComputerName=,ServerComputerName=,UserName=,ConnectString=
59:27.104019-0,EXCP,0,process=rphost,OSThread=3684,ClientID=178,Exception=NetDataExchangeException,Descr='server_addr=(2)10.224.32.203:54660 descr=2(0x00000002): Не удается найти указанный файл.  line=1149 file=d:\jenkins\ci_builder2\windowsbuild2\platform\src\rtrsrvc\src\dataexchangeserverimpl.cpp'
59:27.104020-0,EXCPCNTX,0,ClientComputerName=,ServerComputerName=,UserName=,ConnectString=
59:27.104028-0,EXCP,2,process=rphost,p:processName=bi_bk3wk1_prod_01,OSThread=7984,t:clientID=2909,t:applicationName=1CV8C,t:computerName=DC2RDSH12,Exception=SeanceContextException,Descr='Сеанс отсутствует или удален
ID=1be95ef8-4550-49ec-947e-5dd4d19e193c, File=d:\jenkins\ci_builder2\windowsbuild2\platform\src\rserver\src\clusterdistribimpl.cpp(1439)'
59:27.104029-0,EXCP,2,process=rphost,p:processName=bi_bk3wk1_prod_01,OSThread=7984,t:clientID=2909,t:applicationName=1CV8C,t:computerName=DC2RDSH12,Exception=580392e6-ba49-4280-ac67-fcd6f2180121,Descr='src\vrsbase\src\vresourceinfobaseimpl.cpp(1058):
580392e6-ba49-4280-ac67-fcd6f2180121: Ошибка работы сеанса
Ошибка при выполнении запроса POST к ресурсу /e1cib/modules/call:
60c686dc-798f-4d17-aadb-a90156a16eb8: Сеанс отсутствует или удален
ID=1be95ef8-4550-49ec-947e-5dd4d19e193c, File=d:\jenkins\ci_builder2\windowsbuild2\platform\src\rserver\src\clusterdistribimpl.cpp(1439)'
59:31.760000-0,EXCP,0,process=rphost,OSThread=3280,ClientID=2910,Exception=NetDataExchangeException,Descr='server_addr=(2)10.224.32.203:54281 descr=10054(0x00002746): Удаленный хост принудительно разорвал существующее подключение.  line=1149 file=d:\jenkins\ci_builder2\windowsbuild2\platform\src\rtrsrvc\src\dataexchangeserverimpl.cpp'
59:31.760001-0,EXCPCNTX,0,ClientComputerName=,ServerComputerName=,UserName=,ConnectString=
59:31.776000-0,EXCP,0,process=rphost,OSThread=3280,ClientID=2909,Exception=NetDataExchangeException,Descr='server_addr=(2)10.224.32.203:54278 descr=10054(0x00002746): Удаленный хост принудительно разорвал существующее подключение.  line=1149 file=d:\jenkins\ci_builder2\windowsbuild2\platform\src\rtrsrvc\src\dataexchangeserverimpl.cpp'
59:31.776001-0,EXCPCNTX,0,ClientComputerName=,ServerComputerName=,UserName=,ConnectString=
