08:37.660000-0,EXCP,0,process=rphost,OSThread=5816,ClientID=526,Exception=NetDataExchangeException,Descr='server_addr=(2)10.3.172.9:53121 descr=10054(0x00002746): Удаленный хост принудительно разорвал существующее подключение.  line=1149 file=d:\jenkins\ci_builder2\windowsbuild2\platform\src\rtrsrvc\src\dataexchangeserverimpl.cpp'
08:37.660002-0,EXCPCNTX,0,ClientComputerName=,ServerComputerName=,UserName=,ConnectString=
08:37.660001-0,EXCP,0,process=rphost,OSThread=1000,ClientID=527,Exception=NetDataExchangeException,Descr='server_addr=(2)10.3.172.9:53126 descr=10054(0x00002746): Удаленный хост принудительно разорвал существующее подключение.  line=1149 file=d:\jenkins\ci_builder2\windowsbuild2\platform\src\rtrsrvc\src\dataexchangeserverimpl.cpp'
08:37.660004-0,EXCPCNTX,0,ClientComputerName=,ServerComputerName=,UserName=,ConnectString=
25:46.695032-0,EXCP,2,process=rphost,p:processName=bi_bk3wk1_prod_01,OSThread=6416,t:clientID=19,t:applicationName=1CV8C,t:computerName=DC1RDSH13,t:connectID=985,SessionID=943,Usr=Камлиева Райгуль Мирамовна,AppID=1CV8C,Exception=afd2b550-0d52-4e03-b448-15ed68d87ac5,Descr='src\basic\src\documentlogformobjcontroller.cpp(884):
afd2b550-0d52-4e03-b448-15ed68d87ac5
7c2862d8-d2cc-4c2e-a1bb-6e1e478ffc0f: Запись с такими ключевыми полями существует! : Ответственные за согласование заявок: 30.04.2020 19:59:55, BI Urban Construction TOO, Превышение лимита вне бюджета выше, Строительство школы на 1500 мест в Алматинской области, Енбекшиказахский район, город Есик, мкр. 3, Заявка на оплату (Регистр сведений: Ответственные за согласование заявок; Номер строки: 6)',Context=Форма.Записать : Документ.УстановкаСпискаСогласующихЗаявки.Форма.ФормаДокумента
25:46.710000-0,EXCP,2,process=rphost,p:processName=bi_bk3wk1_prod_01,OSThread=6416,t:clientID=19,t:applicationName=1CV8C,t:computerName=DC1RDSH13,t:connectID=985,SessionID=943,Usr=Камлиева Райгуль Мирамовна,AppID=1CV8C,Exception=580392e6-ba49-4280-ac67-fcd6f2180121,Descr='src\vrsbase\src\vresourceinfobaseimpl.cpp(1114):
580392e6-ba49-4280-ac67-fcd6f2180121: Неспецифицированная ошибка работы с ресурсом
Ошибка при выполнении запроса POST к ресурсу /e1cib/logForm:
afd2b550-0d52-4e03-b448-15ed68d87ac5
7c2862d8-d2cc-4c2e-a1bb-6e1e478ffc0f: Запись с такими ключевыми полями существует! : Ответственные за согласование заявок: 30.04.2020 19:59:55, BI Urban Construction TOO, Превышение лимита вне бюджета выше, Строительство школы на 1500 мест в Алматинской области, Енбекшиказахский район, город Есик, мкр. 3, Заявка на оплату (Регистр сведений: Ответственные за согласование заявок; Номер строки: 6)'
37:23.995001-0,EXCP,0,process=rphost,OSThread=3684,ClientID=952,Exception=NetDataExchangeException,Descr='server_addr=(2)10.224.32.249:55690 descr=10054(0x00002746): Удаленный хост принудительно разорвал существующее подключение.  line=1149 file=d:\jenkins\ci_builder2\windowsbuild2\platform\src\rtrsrvc\src\dataexchangeserverimpl.cpp'
37:23.995000-0,EXCP,0,process=rphost,OSThread=7080,ClientID=951,Exception=NetDataExchangeException,Descr='server_addr=(2)10.224.32.249:55678 descr=10054(0x00002746): Удаленный хост принудительно разорвал существующее подключение.  line=2273 file=d:\jenkins\ci_builder2\windowsbuild2\platform\src\rtrsrvc\src\dataexchangeserverimpl.cpp'
37:23.995002-0,EXCPCNTX,0,ClientComputerName=,ServerComputerName=,UserName=,ConnectString=
37:23.995003-0,EXCPCNTX,0,ClientComputerName=,ServerComputerName=,UserName=,ConnectString=
38:09.184007-0,ADMIN,2,process=rphost,p:processName=ServerJobExecutorContext,OSThread=1140,t:clientID=1419,t:applicationName=JobScheduler,t:computerName=DC2BUHAPP11,Func=killClient,ClusterID=8aa94e2b-5d54-4b86-800b-79353ce39638,ConnectionID=5bbef592-0c20-4b82-a2dd-ff5c856ebe02,Mode=0,Ref=bi_bk3wk1_prod_01(bi_bk3wk1_prod_01),Host=DC2BUHAPP11,Connection=7000,Administrator=Unknown,Result=Success
38:09.200003-0,EXCP,2,process=rphost,p:processName=bi_bk3wk1_prod_01,OSThread=632,t:clientID=1420,t:applicationName=BackgroundJob,t:computerName=DC2BUHAPP11,t:connectID=7000,SessionID=7611,Usr=WK1_Туткышева_Мерей_Жанатовна,Exception=95c658d1-d3d5-4ea9-8a81-1bf820fea4a8,Descr='src\rscalls\src\remotecalllistenerimpl.cpp(3793):
95c658d1-d3d5-4ea9-8a81-1bf820fea4a8: Сеанс работы завершен администратором.'
38:09.200004-0,EXCP,2,process=rphost,p:processName=bi_bk3wk1_prod_01,OSThread=632,t:clientID=1420,t:applicationName=BackgroundJob,t:computerName=DC2BUHAPP11,t:connectID=7000,SessionID=7611,Usr=WK1_Туткышева_Мерей_Жанатовна,Exception=95c658d1-d3d5-4ea9-8a81-1bf820fea4a8,Descr='src\rserver\src\serverjobexecutor.cpp(1024):
95c658d1-d3d5-4ea9-8a81-1bf820fea4a8: Сеанс работы завершен администратором.'
38:09.200010-0,EXCP,3,process=rphost,p:processName=bi_bk3wk1_prod_01,OSThread=632,t:clientID=1420,t:applicationName=BackgroundJob,t:computerName=DC2BUHAPP11,t:connectID=7000,SessionID=7611,Usr=WK1_Туткышева_Мерей_Жанатовна,Exception=SeanceContextException,Descr='Сеанс отсутствует или удален
ID=e5e819a0-223f-4ca1-a7c0-79153c541116, File=d:\jenkins\ci_builder2\windowsbuild2\platform\src\rserver\src\clusterdistribimpl.cpp(1439)'
38:09.200012-0,EXCP,2,process=rphost,p:processName=bi_bk3wk1_prod_01,OSThread=632,t:clientID=1420,t:applicationName=BackgroundJob,t:computerName=DC2BUHAPP11,t:connectID=7000,SessionID=7611,Usr=WK1_Туткышева_Мерей_Жанатовна,Exception=60c686dc-798f-4d17-aadb-a90156a16eb8,Descr='src\rserver\src\rmngrcalls.cpp(476):
60c686dc-798f-4d17-aadb-a90156a16eb8: Сеанс отсутствует или удален
ID=e5e819a0-223f-4ca1-a7c0-79153c541116, File=d:\jenkins\ci_builder2\windowsbuild2\platform\src\rserver\src\clusterdistribimpl.cpp(1439)'
38:09.340006-0,EXCP,2,process=rphost,p:processName=bi_bk3wk1_prod_01,OSThread=632,t:clientID=1420,t:applicationName=BackgroundJob,t:computerName=DC2BUHAPP11,t:connectID=7000,SessionID=7611,Usr=WK1_Туткышева_Мерей_Жанатовна,Exception=SeanceContextException,Descr='Сеанс отсутствует или удален
ID=e5e819a0-223f-4ca1-a7c0-79153c541116, File=d:\jenkins\ci_builder2\windowsbuild2\platform\src\rserver\src\rmngrcalls.cpp(364)'
38:09.340007-0,EXCP,2,process=rphost,p:processName=bi_bk3wk1_prod_01,OSThread=632,t:clientID=1420,t:applicationName=BackgroundJob,t:computerName=DC2BUHAPP11,t:connectID=7000,SessionID=7611,Usr=WK1_Туткышева_Мерей_Жанатовна,Exception=60c686dc-798f-4d17-aadb-a90156a16eb8,Descr='src\rserver\src\serverjobexecutor.cpp(1095):
60c686dc-798f-4d17-aadb-a90156a16eb8: Сеанс отсутствует или удален
ID=e5e819a0-223f-4ca1-a7c0-79153c541116, File=d:\jenkins\ci_builder2\windowsbuild2\platform\src\rserver\src\rmngrcalls.cpp(364)'
38:09.340009-0,EXCP,3,process=rphost,p:processName=bi_bk3wk1_prod_01,OSThread=632,t:clientID=1420,t:applicationName=BackgroundJob,t:computerName=DC2BUHAPP11,t:connectID=7000,SessionID=7611,Usr=WK1_Туткышева_Мерей_Жанатовна,Exception=SeanceContextException,Descr='Сеанс отсутствует или удален
ID=e5e819a0-223f-4ca1-a7c0-79153c541116, File=d:\jenkins\ci_builder2\windowsbuild2\platform\src\rserver\src\clusterdistribimpl.cpp(1439)'
38:09.340011-0,EXCP,2,process=rphost,p:processName=bi_bk3wk1_prod_01,OSThread=632,t:clientID=1420,t:applicationName=BackgroundJob,t:computerName=DC2BUHAPP11,t:connectID=7000,SessionID=7611,Usr=WK1_Туткышева_Мерей_Жанатовна,Exception=60c686dc-798f-4d17-aadb-a90156a16eb8,Descr='src\rserver\src\rmngrcalls.cpp(476):
60c686dc-798f-4d17-aadb-a90156a16eb8: Сеанс отсутствует или удален
ID=e5e819a0-223f-4ca1-a7c0-79153c541116, File=d:\jenkins\ci_builder2\windowsbuild2\platform\src\rserver\src\clusterdistribimpl.cpp(1439)'
38:09.543000-0,EXCP,2,process=rphost,p:processName=bi_bk3wk1_prod_01,OSThread=632,t:clientID=1420,t:applicationName=BackgroundJob,t:computerName=DC2BUHAPP11,t:connectID=7000,SessionID=7611,Usr=WK1_Туткышева_Мерей_Жанатовна,Exception=SeanceContextException,Descr='Сеанс отсутствует или удален
ID=e5e819a0-223f-4ca1-a7c0-79153c541116, File=d:\jenkins\ci_builder2\windowsbuild2\platform\src\rserver\src\rmngrcalls.cpp(364)'
38:16.481005-0,ADMIN,2,process=rphost,p:processName=ServerJobExecutorContext,OSThread=1140,t:clientID=1419,t:applicationName=JobScheduler,t:computerName=DC2BUHAPP11,Func=killClient,ClusterID=8aa94e2b-5d54-4b86-800b-79353ce39638,ConnectionID=4522ba01-9ba4-42f4-a30e-bd9cc7a7b112,Mode=0,Ref=bi_bk3wk1_prod_01(bi_bk3wk1_prod_01),Host=DC2BUHAPP11,Connection=7006,Administrator=Unknown,Result=Success
38:18.106018-0,EXCP,3,process=rphost,p:processName=bi_bk3wk1_prod_01,OSThread=8380,t:clientID=1422,t:applicationName=BackgroundJob,t:computerName=DC2BUHAPP11,t:connectID=7006,SessionID=7617,Usr=WK1_Кинтонов_Тимур_Муратович,Exception=SeanceContextException,Descr='Сеанс отсутствует или удален
ID=15f7177a-dd07-4129-9f63-b30cc6cc5f68, File=d:\jenkins\ci_builder2\windowsbuild2\platform\src\rserver\src\clusterdistribimpl.cpp(1439)'
38:18.106020-0,EXCP,2,process=rphost,p:processName=bi_bk3wk1_prod_01,OSThread=8380,t:clientID=1422,t:applicationName=BackgroundJob,t:computerName=DC2BUHAPP11,t:connectID=7006,SessionID=7617,Usr=WK1_Кинтонов_Тимур_Муратович,Exception=60c686dc-798f-4d17-aadb-a90156a16eb8,Descr='src\rserver\src\rmngrcalls.cpp(476):
60c686dc-798f-4d17-aadb-a90156a16eb8: Сеанс отсутствует или удален
ID=15f7177a-dd07-4129-9f63-b30cc6cc5f68, File=d:\jenkins\ci_builder2\windowsbuild2\platform\src\rserver\src\clusterdistribimpl.cpp(1439)'
38:18.309000-0,EXCP,2,process=rphost,p:processName=bi_bk3wk1_prod_01,OSThread=8380,t:clientID=1422,t:applicationName=BackgroundJob,t:computerName=DC2BUHAPP11,t:connectID=7006,SessionID=7617,Usr=WK1_Кинтонов_Тимур_Муратович,Exception=SeanceContextException,Descr='Сеанс отсутствует или удален
ID=15f7177a-dd07-4129-9f63-b30cc6cc5f68, File=d:\jenkins\ci_builder2\windowsbuild2\platform\src\rserver\src\rmngrcalls.cpp(364)'
38:18.309001-0,EXCP,2,process=rphost,p:processName=bi_bk3wk1_prod_01,OSThread=8380,t:clientID=1422,t:applicationName=BackgroundJob,t:computerName=DC2BUHAPP11,t:connectID=7006,SessionID=7617,Usr=WK1_Кинтонов_Тимур_Муратович,Exception=60c686dc-798f-4d17-aadb-a90156a16eb8,Descr='src\rserver\src\serverjobexecutor.cpp(1095):
60c686dc-798f-4d17-aadb-a90156a16eb8: Сеанс отсутствует или удален
ID=15f7177a-dd07-4129-9f63-b30cc6cc5f68, File=d:\jenkins\ci_builder2\windowsbuild2\platform\src\rserver\src\rmngrcalls.cpp(364)'
38:18.309003-0,EXCP,3,process=rphost,p:processName=bi_bk3wk1_prod_01,OSThread=8380,t:clientID=1422,t:applicationName=BackgroundJob,t:computerName=DC2BUHAPP11,t:connectID=7006,SessionID=7617,Usr=WK1_Кинтонов_Тимур_Муратович,Exception=SeanceContextException,Descr='Сеанс отсутствует или удален
ID=15f7177a-dd07-4129-9f63-b30cc6cc5f68, File=d:\jenkins\ci_builder2\windowsbuild2\platform\src\rserver\src\clusterdistribimpl.cpp(1439)'
38:18.309005-0,EXCP,2,process=rphost,p:processName=bi_bk3wk1_prod_01,OSThread=8380,t:clientID=1422,t:applicationName=BackgroundJob,t:computerName=DC2BUHAPP11,t:connectID=7006,SessionID=7617,Usr=WK1_Кинтонов_Тимур_Муратович,Exception=60c686dc-798f-4d17-aadb-a90156a16eb8,Descr='src\rserver\src\rmngrcalls.cpp(476):
60c686dc-798f-4d17-aadb-a90156a16eb8: Сеанс отсутствует или удален
ID=15f7177a-dd07-4129-9f63-b30cc6cc5f68, File=d:\jenkins\ci_builder2\windowsbuild2\platform\src\rserver\src\clusterdistribimpl.cpp(1439)'
38:18.481006-0,EXCP,2,process=rphost,p:processName=bi_bk3wk1_prod_01,OSThread=8380,t:clientID=1422,t:applicationName=BackgroundJob,t:computerName=DC2BUHAPP11,t:connectID=7006,SessionID=7617,Usr=WK1_Кинтонов_Тимур_Муратович,Exception=SeanceContextException,Descr='Сеанс отсутствует или удален
ID=15f7177a-dd07-4129-9f63-b30cc6cc5f68, File=d:\jenkins\ci_builder2\windowsbuild2\platform\src\rserver\src\rmngrcalls.cpp(364)'
38:44.731015-0,ADMIN,2,process=rphost,p:processName=ServerJobExecutorContext,OSThread=1140,t:clientID=1419,t:applicationName=JobScheduler,t:computerName=DC2BUHAPP11,Func=killClient,ClusterID=8aa94e2b-5d54-4b86-800b-79353ce39638,ConnectionID=f50388f9-c429-42aa-a75a-35987576a772,Mode=0,Ref=bi_bk3wk1_prod_01(bi_bk3wk1_prod_01),Host=DC2BUHAPP11,Connection=7018,Administrator=Unknown,Result=Success
38:46.184010-0,EXCP,3,process=rphost,p:processName=bi_bk3wk1_prod_01,OSThread=7300,t:clientID=1423,t:applicationName=BackgroundJob,t:computerName=DC2BUHAPP11,t:connectID=7018,SessionID=7633,Usr=WK1_Нагашбекова_Галия_Оразовна,Exception=SeanceContextException,Descr='Сеанс отсутствует или удален
ID=610fd63c-bf3c-4230-b25a-54f6277b4520, File=d:\jenkins\ci_builder2\windowsbuild2\platform\src\rserver\src\clusterdistribimpl.cpp(1439)'
38:46.184012-0,EXCP,2,process=rphost,p:processName=bi_bk3wk1_prod_01,OSThread=7300,t:clientID=1423,t:applicationName=BackgroundJob,t:computerName=DC2BUHAPP11,t:connectID=7018,SessionID=7633,Usr=WK1_Нагашбекова_Галия_Оразовна,Exception=60c686dc-798f-4d17-aadb-a90156a16eb8,Descr='src\rserver\src\rmngrcalls.cpp(476):
60c686dc-798f-4d17-aadb-a90156a16eb8: Сеанс отсутствует или удален
ID=610fd63c-bf3c-4230-b25a-54f6277b4520, File=d:\jenkins\ci_builder2\windowsbuild2\platform\src\rserver\src\clusterdistribimpl.cpp(1439)'
38:46.387000-0,EXCP,2,process=rphost,p:processName=bi_bk3wk1_prod_01,OSThread=7300,t:clientID=1423,t:applicationName=BackgroundJob,t:computerName=DC2BUHAPP11,t:connectID=7018,SessionID=7633,Usr=WK1_Нагашбекова_Галия_Оразовна,Exception=SeanceContextException,Descr='Сеанс отсутствует или удален
ID=610fd63c-bf3c-4230-b25a-54f6277b4520, File=d:\jenkins\ci_builder2\windowsbuild2\platform\src\rserver\src\rmngrcalls.cpp(364)'
38:46.387001-0,EXCP,2,process=rphost,p:processName=bi_bk3wk1_prod_01,OSThread=7300,t:clientID=1423,t:applicationName=BackgroundJob,t:computerName=DC2BUHAPP11,t:connectID=7018,SessionID=7633,Usr=WK1_Нагашбекова_Галия_Оразовна,Exception=60c686dc-798f-4d17-aadb-a90156a16eb8,Descr='src\rserver\src\serverjobexecutor.cpp(1095):
60c686dc-798f-4d17-aadb-a90156a16eb8: Сеанс отсутствует или удален
ID=610fd63c-bf3c-4230-b25a-54f6277b4520, File=d:\jenkins\ci_builder2\windowsbuild2\platform\src\rserver\src\rmngrcalls.cpp(364)'
38:46.387003-0,EXCP,3,process=rphost,p:processName=bi_bk3wk1_prod_01,OSThread=7300,t:clientID=1423,t:applicationName=BackgroundJob,t:computerName=DC2BUHAPP11,t:connectID=7018,SessionID=7633,Usr=WK1_Нагашбекова_Галия_Оразовна,Exception=SeanceContextException,Descr='Сеанс отсутствует или удален
ID=610fd63c-bf3c-4230-b25a-54f6277b4520, File=d:\jenkins\ci_builder2\windowsbuild2\platform\src\rserver\src\clusterdistribimpl.cpp(1439)'
38:46.387005-0,EXCP,2,process=rphost,p:processName=bi_bk3wk1_prod_01,OSThread=7300,t:clientID=1423,t:applicationName=BackgroundJob,t:computerName=DC2BUHAPP11,t:connectID=7018,SessionID=7633,Usr=WK1_Нагашбекова_Галия_Оразовна,Exception=60c686dc-798f-4d17-aadb-a90156a16eb8,Descr='src\rserver\src\rmngrcalls.cpp(476):
60c686dc-798f-4d17-aadb-a90156a16eb8: Сеанс отсутствует или удален
ID=610fd63c-bf3c-4230-b25a-54f6277b4520, File=d:\jenkins\ci_builder2\windowsbuild2\platform\src\rserver\src\clusterdistribimpl.cpp(1439)'
38:46.590000-0,EXCP,2,process=rphost,p:processName=bi_bk3wk1_prod_01,OSThread=7300,t:clientID=1423,t:applicationName=BackgroundJob,t:computerName=DC2BUHAPP11,t:connectID=7018,SessionID=7633,Usr=WK1_Нагашбекова_Галия_Оразовна,Exception=SeanceContextException,Descr='Сеанс отсутствует или удален
ID=610fd63c-bf3c-4230-b25a-54f6277b4520, File=d:\jenkins\ci_builder2\windowsbuild2\platform\src\rserver\src\rmngrcalls.cpp(364)'
48:56.851017-0,EXCP,0,process=rphost,OSThread=6340,ClientID=88,Exception=NetDataExchangeException,Descr='server_addr=(2)10.3.172.9:51931 descr=2(0x00000002): Не удается найти указанный файл.  line=1149 file=d:\jenkins\ci_builder2\windowsbuild2\platform\src\rtrsrvc\src\dataexchangeserverimpl.cpp'
48:56.851020-0,EXCPCNTX,0,ClientComputerName=,ServerComputerName=,UserName=,ConnectString=
49:18.976009-0,ADMIN,2,process=rphost,p:processName=ServerJobExecutorContext,OSThread=1140,t:clientID=1433,t:applicationName=JobScheduler,t:computerName=DC2BUHAPP11,Func=killClient,ClusterID=8aa94e2b-5d54-4b86-800b-79353ce39638,ConnectionID=98a3d008-44cd-499b-ad1a-c54bfb481960,Mode=0,Ref=bi_bk3wk1_prod_01(bi_bk3wk1_prod_01),Host=DC2BUHAPP11,Connection=7256,Administrator=Unknown,Result=Success
49:21.367010-0,EXCP,3,process=rphost,p:processName=bi_bk3wk1_prod_01,OSThread=6416,t:clientID=1434,t:applicationName=BackgroundJob,t:computerName=DC2BUHAPP11,t:connectID=7256,SessionID=7886,Usr=WK1_Есильбаева_Мадина_Танатовна,Exception=SeanceContextException,Descr='Сеанс отсутствует или удален
ID=dbe0c6f7-cd70-4a5a-a930-98705a2ac3bd, File=d:\jenkins\ci_builder2\windowsbuild2\platform\src\rserver\src\clusterdistribimpl.cpp(1439)'
49:21.367012-0,EXCP,2,process=rphost,p:processName=bi_bk3wk1_prod_01,OSThread=6416,t:clientID=1434,t:applicationName=BackgroundJob,t:computerName=DC2BUHAPP11,t:connectID=7256,SessionID=7886,Usr=WK1_Есильбаева_Мадина_Танатовна,Exception=60c686dc-798f-4d17-aadb-a90156a16eb8,Descr='src\rserver\src\rmngrcalls.cpp(476):
60c686dc-798f-4d17-aadb-a90156a16eb8: Сеанс отсутствует или удален
ID=dbe0c6f7-cd70-4a5a-a930-98705a2ac3bd, File=d:\jenkins\ci_builder2\windowsbuild2\platform\src\rserver\src\clusterdistribimpl.cpp(1439)'
49:21.570000-0,EXCP,2,process=rphost,p:processName=bi_bk3wk1_prod_01,OSThread=6416,t:clientID=1434,t:applicationName=BackgroundJob,t:computerName=DC2BUHAPP11,t:connectID=7256,SessionID=7886,Usr=WK1_Есильбаева_Мадина_Танатовна,Exception=SeanceContextException,Descr='Сеанс отсутствует или удален
ID=dbe0c6f7-cd70-4a5a-a930-98705a2ac3bd, File=d:\jenkins\ci_builder2\windowsbuild2\platform\src\rserver\src\rmngrcalls.cpp(364)'
49:21.570001-0,EXCP,2,process=rphost,p:processName=bi_bk3wk1_prod_01,OSThread=6416,t:clientID=1434,t:applicationName=BackgroundJob,t:computerName=DC2BUHAPP11,t:connectID=7256,SessionID=7886,Usr=WK1_Есильбаева_Мадина_Танатовна,Exception=60c686dc-798f-4d17-aadb-a90156a16eb8,Descr='src\rserver\src\serverjobexecutor.cpp(1095):
60c686dc-798f-4d17-aadb-a90156a16eb8: Сеанс отсутствует или удален
ID=dbe0c6f7-cd70-4a5a-a930-98705a2ac3bd, File=d:\jenkins\ci_builder2\windowsbuild2\platform\src\rserver\src\rmngrcalls.cpp(364)'
49:21.570003-0,EXCP,3,process=rphost,p:processName=bi_bk3wk1_prod_01,OSThread=6416,t:clientID=1434,t:applicationName=BackgroundJob,t:computerName=DC2BUHAPP11,t:connectID=7256,SessionID=7886,Usr=WK1_Есильбаева_Мадина_Танатовна,Exception=SeanceContextException,Descr='Сеанс отсутствует или удален
ID=dbe0c6f7-cd70-4a5a-a930-98705a2ac3bd, File=d:\jenkins\ci_builder2\windowsbuild2\platform\src\rserver\src\clusterdistribimpl.cpp(1439)'
49:21.570005-0,EXCP,2,process=rphost,p:processName=bi_bk3wk1_prod_01,OSThread=6416,t:clientID=1434,t:applicationName=BackgroundJob,t:computerName=DC2BUHAPP11,t:connectID=7256,SessionID=7886,Usr=WK1_Есильбаева_Мадина_Танатовна,Exception=60c686dc-798f-4d17-aadb-a90156a16eb8,Descr='src\rserver\src\rmngrcalls.cpp(476):
60c686dc-798f-4d17-aadb-a90156a16eb8: Сеанс отсутствует или удален
ID=dbe0c6f7-cd70-4a5a-a930-98705a2ac3bd, File=d:\jenkins\ci_builder2\windowsbuild2\platform\src\rserver\src\clusterdistribimpl.cpp(1439)'
49:21.711006-0,EXCP,2,process=rphost,p:processName=bi_bk3wk1_prod_01,OSThread=6416,t:clientID=1434,t:applicationName=BackgroundJob,t:computerName=DC2BUHAPP11,t:connectID=7256,SessionID=7886,Usr=WK1_Есильбаева_Мадина_Танатовна,Exception=SeanceContextException,Descr='Сеанс отсутствует или удален
ID=dbe0c6f7-cd70-4a5a-a930-98705a2ac3bd, File=d:\jenkins\ci_builder2\windowsbuild2\platform\src\rserver\src\rmngrcalls.cpp(364)'
50:42.915005-0,ADMIN,2,process=rphost,p:processName=ServerJobExecutorContext,OSThread=1140,t:clientID=1433,t:applicationName=JobScheduler,t:computerName=DC2BUHAPP11,Func=killClient,ClusterID=8aa94e2b-5d54-4b86-800b-79353ce39638,ConnectionID=fd5adc57-af7c-43b7-8554-19d7521eab76,Mode=0,Ref=bi_bk3wk1_prod_01(bi_bk3wk1_prod_01),Host=DC2BUHAPP11,Connection=7299,Administrator=Unknown,Result=Success
50:50.902023-0,EXCP,0,process=rphost,OSThread=3924,ClientID=162,Exception=NetDataExchangeException,Descr='server_addr=(2)10.225.32.43:60560 descr=10054(0x00002746): Удаленный хост принудительно разорвал существующее подключение.  line=1149 file=d:\jenkins\ci_builder2\windowsbuild2\platform\src\rtrsrvc\src\dataexchangeserverimpl.cpp'
50:50.902024-0,EXCPCNTX,0,ClientComputerName=,ServerComputerName=,UserName=,ConnectString=
50:50.902030-0,EXCP,0,process=rphost,OSThread=3924,ClientID=169,Exception=NetDataExchangeException,Descr='server_addr=(2)10.225.32.43:60565 descr=10054(0x00002746): Удаленный хост принудительно разорвал существующее подключение.  line=1149 file=d:\jenkins\ci_builder2\windowsbuild2\platform\src\rtrsrvc\src\dataexchangeserverimpl.cpp'
50:50.902031-0,EXCPCNTX,0,ClientComputerName=,ServerComputerName=,UserName=,ConnectString=
50:55.293050-0,EXCP,3,process=rphost,p:processName=bi_bk3wk1_prod_01,OSThread=6604,t:clientID=1437,t:applicationName=BackgroundJob,t:computerName=DC2BUHAPP11,t:connectID=7299,SessionID=7932,Usr=Елубай Дархан Жаркинбекович,Exception=SeanceContextException,Descr='Сеанс отсутствует или удален
ID=a19baf93-f130-433c-b6f6-e396a00946e5, File=d:\jenkins\ci_builder2\windowsbuild2\platform\src\rserver\src\clusterdistribimpl.cpp(1439)'
50:55.293052-0,EXCP,2,process=rphost,p:processName=bi_bk3wk1_prod_01,OSThread=6604,t:clientID=1437,t:applicationName=BackgroundJob,t:computerName=DC2BUHAPP11,t:connectID=7299,SessionID=7932,Usr=Елубай Дархан Жаркинбекович,Exception=60c686dc-798f-4d17-aadb-a90156a16eb8,Descr='src\rserver\src\rmngrcalls.cpp(476):
60c686dc-798f-4d17-aadb-a90156a16eb8: Сеанс отсутствует или удален
ID=a19baf93-f130-433c-b6f6-e396a00946e5, File=d:\jenkins\ci_builder2\windowsbuild2\platform\src\rserver\src\clusterdistribimpl.cpp(1439)'
50:55.496000-0,EXCP,2,process=rphost,p:processName=bi_bk3wk1_prod_01,OSThread=6604,t:clientID=1437,t:applicationName=BackgroundJob,t:computerName=DC2BUHAPP11,t:connectID=7299,SessionID=7932,Usr=Елубай Дархан Жаркинбекович,Exception=SeanceContextException,Descr='Сеанс отсутствует или удален
ID=a19baf93-f130-433c-b6f6-e396a00946e5, File=d:\jenkins\ci_builder2\windowsbuild2\platform\src\rserver\src\rmngrcalls.cpp(364)'
50:55.496001-0,EXCP,2,process=rphost,p:processName=bi_bk3wk1_prod_01,OSThread=6604,t:clientID=1437,t:applicationName=BackgroundJob,t:computerName=DC2BUHAPP11,t:connectID=7299,SessionID=7932,Usr=Елубай Дархан Жаркинбекович,Exception=60c686dc-798f-4d17-aadb-a90156a16eb8,Descr='src\rserver\src\serverjobexecutor.cpp(1095):
60c686dc-798f-4d17-aadb-a90156a16eb8: Сеанс отсутствует или удален
ID=a19baf93-f130-433c-b6f6-e396a00946e5, File=d:\jenkins\ci_builder2\windowsbuild2\platform\src\rserver\src\rmngrcalls.cpp(364)'
50:55.496003-0,EXCP,3,process=rphost,p:processName=bi_bk3wk1_prod_01,OSThread=6604,t:clientID=1437,t:applicationName=BackgroundJob,t:computerName=DC2BUHAPP11,t:connectID=7299,SessionID=7932,Usr=Елубай Дархан Жаркинбекович,Exception=SeanceContextException,Descr='Сеанс отсутствует или удален
ID=a19baf93-f130-433c-b6f6-e396a00946e5, File=d:\jenkins\ci_builder2\windowsbuild2\platform\src\rserver\src\clusterdistribimpl.cpp(1439)'
50:55.496005-0,EXCP,2,process=rphost,p:processName=bi_bk3wk1_prod_01,OSThread=6604,t:clientID=1437,t:applicationName=BackgroundJob,t:computerName=DC2BUHAPP11,t:connectID=7299,SessionID=7932,Usr=Елубай Дархан Жаркинбекович,Exception=60c686dc-798f-4d17-aadb-a90156a16eb8,Descr='src\rserver\src\rmngrcalls.cpp(476):
60c686dc-798f-4d17-aadb-a90156a16eb8: Сеанс отсутствует или удален
ID=a19baf93-f130-433c-b6f6-e396a00946e5, File=d:\jenkins\ci_builder2\windowsbuild2\platform\src\rserver\src\clusterdistribimpl.cpp(1439)'
50:55.699000-0,EXCP,2,process=rphost,p:processName=bi_bk3wk1_prod_01,OSThread=6604,t:clientID=1437,t:applicationName=BackgroundJob,t:computerName=DC2BUHAPP11,t:connectID=7299,SessionID=7932,Usr=Елубай Дархан Жаркинбекович,Exception=SeanceContextException,Descr='Сеанс отсутствует или удален
ID=a19baf93-f130-433c-b6f6-e396a00946e5, File=d:\jenkins\ci_builder2\windowsbuild2\platform\src\rserver\src\rmngrcalls.cpp(364)'
51:23.277004-1,CALL,1,process=rphost,p:processName=bi_bk3wk1_prod_01,OSThread=6604,t:clientID=1441,t:applicationName=Designer,t:computerName=DC2MGMT03,t:connectID=7334,Interface=a2cf4e8a-06e2-4f81-92b3-604ea54ba92b,IName=IFolderFileHost,Method=0,CallID=30458,MName=open,RetExcp="Файл не обнаружен 'bi_bk3wk1_prod_01/Config/deleted_dynupdate_9d32b59d-127c-4ff1-956c-a7cc4efa257c'",Memory=2012,MemoryPeak=2012,InBytes=0,OutBytes=0,CpuTime=0
51:23.496013-3,CALL,1,process=rphost,p:processName=bi_bk3wk1_prod_01,OSThread=6604,t:clientID=1441,t:applicationName=Designer,t:computerName=DC2MGMT03,t:connectID=7334,Interface=a2cf4e8a-06e2-4f81-92b3-604ea54ba92b,IName=IFolderFileHost,Method=0,CallID=30511,MName=open,RetExcp="Файл не обнаружен 'bi_bk3wk1_prod_01/Config/convertPhase'",Memory=1298,MemoryPeak=4810,InBytes=0,OutBytes=0,CpuTime=0
51:23.652034-1,CALL,1,process=rphost,p:processName=bi_bk3wk1_prod_01,OSThread=6604,t:clientID=1441,t:applicationName=Designer,t:computerName=DC2MGMT03,t:connectID=7334,SessionID=7971,Usr=WK1_Санаубаров_Еркен_Кайратович,Interface=a2cf4e8a-06e2-4f81-92b3-604ea54ba92b,IName=IFolderFileHost,Method=0,CallID=30592,MName=open,RetExcp="Файл не обнаружен 'bi_bk3wk1_prod_01/ConfigSave/deleted'",Memory=1752,MemoryPeak=1752,InBytes=0,OutBytes=0,CpuTime=0
51:23.652037-1,CALL,1,process=rphost,p:processName=bi_bk3wk1_prod_01,OSThread=6604,t:clientID=1441,t:applicationName=Designer,t:computerName=DC2MGMT03,t:connectID=7334,SessionID=7971,Usr=WK1_Санаубаров_Еркен_Кайратович,Interface=a2cf4e8a-06e2-4f81-92b3-604ea54ba92b,IName=IFolderFileHost,Method=0,CallID=30593,MName=open,RetExcp="Файл не обнаружен 'bi_bk3wk1_prod_01/Config/deleted_dynupdate_9d32b59d-127c-4ff1-956c-a7cc4efa257c'",Memory=260,MemoryPeak=260,InBytes=0,OutBytes=0,CpuTime=0
51:23.777007-1,CALL,1,process=rphost,p:processName=bi_bk3wk1_prod_01,OSThread=6604,t:clientID=1441,t:applicationName=Designer,t:computerName=DC2MGMT03,t:connectID=7334,SessionID=7971,Usr=WK1_Санаубаров_Еркен_Кайратович,Interface=a2cf4e8a-06e2-4f81-92b3-604ea54ba92b,IName=IFolderFileHost,Method=0,CallID=30630,MName=open,RetExcp="Файл не обнаружен 'bi_bk3wk1_prod_01/Config/convertPhase'",Memory=1756,MemoryPeak=1756,InBytes=0,OutBytes=0,CpuTime=0
51:23.933030-1,CALL,1,process=rphost,p:processName=bi_bk3wk1_prod_01,OSThread=6604,t:clientID=1441,t:applicationName=Designer,t:computerName=DC2MGMT03,t:connectID=7334,SessionID=7971,Usr=WK1_Санаубаров_Еркен_Кайратович,Interface=a2cf4e8a-06e2-4f81-92b3-604ea54ba92b,IName=IFolderFileHost,Method=0,CallID=30674,MName=open,RetExcp="Файл не обнаружен 'bi_bk3wk1_prod_01/ConfigSave/deleted'",Memory=1752,MemoryPeak=1752,InBytes=0,OutBytes=0,CpuTime=0
51:23.933033-1,CALL,1,process=rphost,p:processName=bi_bk3wk1_prod_01,OSThread=6604,t:clientID=1441,t:applicationName=Designer,t:computerName=DC2MGMT03,t:connectID=7334,SessionID=7971,Usr=WK1_Санаубаров_Еркен_Кайратович,Interface=a2cf4e8a-06e2-4f81-92b3-604ea54ba92b,IName=IFolderFileHost,Method=0,CallID=30675,MName=open,RetExcp="Файл не обнаружен 'bi_bk3wk1_prod_01/Config/deleted_dynupdate_9d32b59d-127c-4ff1-956c-a7cc4efa257c'",Memory=260,MemoryPeak=260,InBytes=0,OutBytes=0,CpuTime=0
51:44.402001-0,EXCP,0,process=rphost,OSThread=2912,ClientID=236,Exception=NetDataExchangeException,Descr='server_addr=(2)10.225.32.50:49507 descr=10054(0x00002746): Удаленный хост принудительно разорвал существующее подключение.  line=1149 file=d:\jenkins\ci_builder2\windowsbuild2\platform\src\rtrsrvc\src\dataexchangeserverimpl.cpp'
51:44.402000-0,EXCP,0,process=rphost,OSThread=6340,ClientID=226,Exception=NetDataExchangeException,Descr='server_addr=(2)10.225.32.50:49500 descr=10054(0x00002746): Удаленный хост принудительно разорвал существующее подключение.  line=1149 file=d:\jenkins\ci_builder2\windowsbuild2\platform\src\rtrsrvc\src\dataexchangeserverimpl.cpp'
51:44.402002-0,EXCPCNTX,0,ClientComputerName=,ServerComputerName=,UserName=,ConnectString=
51:44.402003-0,EXCPCNTX,0,ClientComputerName=,ServerComputerName=,UserName=,ConnectString=
54:26.140005-0,ADMIN,2,process=rphost,p:processName=ServerJobExecutorContext,OSThread=4276,t:clientID=1433,t:applicationName=JobScheduler,t:computerName=DC2BUHAPP11,Func=killClient,ClusterID=8aa94e2b-5d54-4b86-800b-79353ce39638,ConnectionID=7d53fa42-6493-4e9a-829f-6efaef3a10d9,Mode=0,Ref=bi_bk3wk1_prod_01(bi_bk3wk1_prod_01),Host=DC2BUHAPP11,Connection=7356,Administrator=Unknown,Result=Success
54:29.749008-0,EXCP,3,process=rphost,p:processName=bi_bk3wk1_prod_01,OSThread=6604,t:clientID=1448,t:applicationName=BackgroundJob,t:computerName=DC2BUHAPP11,t:connectID=7356,SessionID=7995,Usr=WK1_Есильбаева_Мадина_Танатовна,Exception=SeanceContextException,Descr='Сеанс отсутствует или удален
ID=e4109325-0424-489f-8e68-1f29e2018b83, File=d:\jenkins\ci_builder2\windowsbuild2\platform\src\rserver\src\clusterdistribimpl.cpp(1439)'
54:29.749010-0,EXCP,2,process=rphost,p:processName=bi_bk3wk1_prod_01,OSThread=6604,t:clientID=1448,t:applicationName=BackgroundJob,t:computerName=DC2BUHAPP11,t:connectID=7356,SessionID=7995,Usr=WK1_Есильбаева_Мадина_Танатовна,Exception=60c686dc-798f-4d17-aadb-a90156a16eb8,Descr='src\rserver\src\rmngrcalls.cpp(476):
60c686dc-798f-4d17-aadb-a90156a16eb8: Сеанс отсутствует или удален
ID=e4109325-0424-489f-8e68-1f29e2018b83, File=d:\jenkins\ci_builder2\windowsbuild2\platform\src\rserver\src\clusterdistribimpl.cpp(1439)'
54:29.953000-0,EXCP,2,process=rphost,p:processName=bi_bk3wk1_prod_01,OSThread=6604,t:clientID=1448,t:applicationName=BackgroundJob,t:computerName=DC2BUHAPP11,t:connectID=7356,SessionID=7995,Usr=WK1_Есильбаева_Мадина_Танатовна,Exception=SeanceContextException,Descr='Сеанс отсутствует или удален
ID=e4109325-0424-489f-8e68-1f29e2018b83, File=d:\jenkins\ci_builder2\windowsbuild2\platform\src\rserver\src\rmngrcalls.cpp(364)'
54:29.953001-0,EXCP,2,process=rphost,p:processName=bi_bk3wk1_prod_01,OSThread=6604,t:clientID=1448,t:applicationName=BackgroundJob,t:computerName=DC2BUHAPP11,t:connectID=7356,SessionID=7995,Usr=WK1_Есильбаева_Мадина_Танатовна,Exception=60c686dc-798f-4d17-aadb-a90156a16eb8,Descr='src\rserver\src\serverjobexecutor.cpp(1095):
60c686dc-798f-4d17-aadb-a90156a16eb8: Сеанс отсутствует или удален
ID=e4109325-0424-489f-8e68-1f29e2018b83, File=d:\jenkins\ci_builder2\windowsbuild2\platform\src\rserver\src\rmngrcalls.cpp(364)'
54:29.953003-0,EXCP,3,process=rphost,p:processName=bi_bk3wk1_prod_01,OSThread=6604,t:clientID=1448,t:applicationName=BackgroundJob,t:computerName=DC2BUHAPP11,t:connectID=7356,SessionID=7995,Usr=WK1_Есильбаева_Мадина_Танатовна,Exception=SeanceContextException,Descr='Сеанс отсутствует или удален
ID=e4109325-0424-489f-8e68-1f29e2018b83, File=d:\jenkins\ci_builder2\windowsbuild2\platform\src\rserver\src\clusterdistribimpl.cpp(1439)'
54:29.953005-0,EXCP,2,process=rphost,p:processName=bi_bk3wk1_prod_01,OSThread=6604,t:clientID=1448,t:applicationName=BackgroundJob,t:computerName=DC2BUHAPP11,t:connectID=7356,SessionID=7995,Usr=WK1_Есильбаева_Мадина_Танатовна,Exception=60c686dc-798f-4d17-aadb-a90156a16eb8,Descr='src\rserver\src\rmngrcalls.cpp(476):
60c686dc-798f-4d17-aadb-a90156a16eb8: Сеанс отсутствует или удален
ID=e4109325-0424-489f-8e68-1f29e2018b83, File=d:\jenkins\ci_builder2\windowsbuild2\platform\src\rserver\src\clusterdistribimpl.cpp(1439)'
54:30.156000-0,EXCP,2,process=rphost,p:processName=bi_bk3wk1_prod_01,OSThread=6604,t:clientID=1448,t:applicationName=BackgroundJob,t:computerName=DC2BUHAPP11,t:connectID=7356,SessionID=7995,Usr=WK1_Есильбаева_Мадина_Танатовна,Exception=SeanceContextException,Descr='Сеанс отсутствует или удален
ID=e4109325-0424-489f-8e68-1f29e2018b83, File=d:\jenkins\ci_builder2\windowsbuild2\platform\src\rserver\src\rmngrcalls.cpp(364)'
57:07.546000-0,EXCP,0,process=rphost,OSThread=6340,ClientID=1452,Exception=NetDataExchangeException,Descr='server_addr=(2)10.224.32.15:54167 descr=2(0x00000002): Не удается найти указанный файл.  line=1149 file=d:\jenkins\ci_builder2\windowsbuild2\platform\src\rtrsrvc\src\dataexchangeserverimpl.cpp'
57:07.546001-0,EXCPCNTX,0,ClientComputerName=,ServerComputerName=,UserName=,ConnectString=
57:07.812000-0,EXCP,0,process=rphost,OSThread=3292,ClientID=1453,Exception=NetDataExchangeException,Descr='server_addr=(2)10.224.32.15:54192 descr=2(0x00000002): Не удается найти указанный файл.  line=1149 file=d:\jenkins\ci_builder2\windowsbuild2\platform\src\rtrsrvc\src\dataexchangeserverimpl.cpp'
57:07.812001-0,EXCPCNTX,0,ClientComputerName=,ServerComputerName=,UserName=,ConnectString=
