00:27.456000-0,EXCP,0,process=rphost,OSThread=1000,ClientID=2508,Exception=NetDataExchangeException,Descr='server_addr=(2)10.224.32.15:59676 descr=2(0x00000002): Не удается найти указанный файл.  line=1149 file=d:\jenkins\ci_builder2\windowsbuild2\platform\src\rtrsrvc\src\dataexchangeserverimpl.cpp'
00:27.456001-0,EXCPCNTX,0,ClientComputerName=,ServerComputerName=,UserName=,ConnectString=
00:27.690005-0,EXCP,0,process=rphost,OSThread=5172,ClientID=2525,Exception=NetDataExchangeException,Descr='server_addr=(2)10.224.32.15:59697 descr=2(0x00000002): Не удается найти указанный файл.  line=1149 file=d:\jenkins\ci_builder2\windowsbuild2\platform\src\rtrsrvc\src\dataexchangeserverimpl.cpp'
00:27.690006-0,EXCPCNTX,0,ClientComputerName=,ServerComputerName=,UserName=,ConnectString=
03:52.442005-0,ADMIN,2,process=rphost,p:processName=ServerJobExecutorContext,OSThread=1140,t:clientID=2461,t:applicationName=JobScheduler,t:computerName=DC2BUHAPP11,Func=killClient,ClusterID=8aa94e2b-5d54-4b86-800b-79353ce39638,ConnectionID=a1226c47-fb76-4e92-aea7-a17b1880247d,Mode=0,Ref=bi_bk3wk1_prod_01(bi_bk3wk1_prod_01),Host=DC2BUHAPP11,Connection=13335,Administrator=Unknown,Result=Success
03:54.755010-0,EXCP,3,process=rphost,p:processName=bi_bk3wk1_prod_01,OSThread=6216,t:clientID=2539,t:applicationName=BackgroundJob,t:computerName=DC2BUHAPP11,t:connectID=13335,SessionID=7027,Usr=Жариков Георгий Александрович,Exception=SeanceContextException,Descr='Сеанс отсутствует или удален
ID=f95d9a20-4a12-4573-a0a1-9040f596db99, File=d:\jenkins\ci_builder2\windowsbuild2\platform\src\rserver\src\clusterdistribimpl.cpp(1439)'
03:54.755012-0,EXCP,2,process=rphost,p:processName=bi_bk3wk1_prod_01,OSThread=6216,t:clientID=2539,t:applicationName=BackgroundJob,t:computerName=DC2BUHAPP11,t:connectID=13335,SessionID=7027,Usr=Жариков Георгий Александрович,Exception=60c686dc-798f-4d17-aadb-a90156a16eb8,Descr='src\rserver\src\rmngrcalls.cpp(476):
60c686dc-798f-4d17-aadb-a90156a16eb8: Сеанс отсутствует или удален
ID=f95d9a20-4a12-4573-a0a1-9040f596db99, File=d:\jenkins\ci_builder2\windowsbuild2\platform\src\rserver\src\clusterdistribimpl.cpp(1439)'
03:54.958000-0,EXCP,2,process=rphost,p:processName=bi_bk3wk1_prod_01,OSThread=6216,t:clientID=2539,t:applicationName=BackgroundJob,t:computerName=DC2BUHAPP11,t:connectID=13335,SessionID=7027,Usr=Жариков Георгий Александрович,Exception=SeanceContextException,Descr='Сеанс отсутствует или удален
ID=f95d9a20-4a12-4573-a0a1-9040f596db99, File=d:\jenkins\ci_builder2\windowsbuild2\platform\src\rserver\src\rmngrcalls.cpp(364)'
03:54.958001-0,EXCP,2,process=rphost,p:processName=bi_bk3wk1_prod_01,OSThread=6216,t:clientID=2539,t:applicationName=BackgroundJob,t:computerName=DC2BUHAPP11,t:connectID=13335,SessionID=7027,Usr=Жариков Георгий Александрович,Exception=60c686dc-798f-4d17-aadb-a90156a16eb8,Descr='src\rserver\src\serverjobexecutor.cpp(1095):
60c686dc-798f-4d17-aadb-a90156a16eb8: Сеанс отсутствует или удален
ID=f95d9a20-4a12-4573-a0a1-9040f596db99, File=d:\jenkins\ci_builder2\windowsbuild2\platform\src\rserver\src\rmngrcalls.cpp(364)'
03:54.958003-0,EXCP,3,process=rphost,p:processName=bi_bk3wk1_prod_01,OSThread=6216,t:clientID=2539,t:applicationName=BackgroundJob,t:computerName=DC2BUHAPP11,t:connectID=13335,SessionID=7027,Usr=Жариков Георгий Александрович,Exception=SeanceContextException,Descr='Сеанс отсутствует или удален
ID=f95d9a20-4a12-4573-a0a1-9040f596db99, File=d:\jenkins\ci_builder2\windowsbuild2\platform\src\rserver\src\clusterdistribimpl.cpp(1439)'
03:54.958005-0,EXCP,2,process=rphost,p:processName=bi_bk3wk1_prod_01,OSThread=6216,t:clientID=2539,t:applicationName=BackgroundJob,t:computerName=DC2BUHAPP11,t:connectID=13335,SessionID=7027,Usr=Жариков Георгий Александрович,Exception=60c686dc-798f-4d17-aadb-a90156a16eb8,Descr='src\rserver\src\rmngrcalls.cpp(476):
60c686dc-798f-4d17-aadb-a90156a16eb8: Сеанс отсутствует или удален
ID=f95d9a20-4a12-4573-a0a1-9040f596db99, File=d:\jenkins\ci_builder2\windowsbuild2\platform\src\rserver\src\clusterdistribimpl.cpp(1439)'
03:55.161000-0,EXCP,2,process=rphost,p:processName=bi_bk3wk1_prod_01,OSThread=6216,t:clientID=2539,t:applicationName=BackgroundJob,t:computerName=DC2BUHAPP11,t:connectID=13335,SessionID=7027,Usr=Жариков Георгий Александрович,Exception=SeanceContextException,Descr='Сеанс отсутствует или удален
ID=f95d9a20-4a12-4573-a0a1-9040f596db99, File=d:\jenkins\ci_builder2\windowsbuild2\platform\src\rserver\src\rmngrcalls.cpp(364)'
04:37.286006-0,EXCP,0,process=rphost,OSThread=1000,ClientID=2526,Exception=NetDataExchangeException,Descr='server_addr=(2)10.224.32.15:59718 descr=2(0x00000002): Не удается найти указанный файл.  line=1149 file=d:\jenkins\ci_builder2\windowsbuild2\platform\src\rtrsrvc\src\dataexchangeserverimpl.cpp'
04:37.286007-0,EXCPCNTX,0,ClientComputerName=,ServerComputerName=,UserName=,ConnectString=
04:37.630000-0,EXCP,0,process=rphost,OSThread=3924,ClientID=2541,Exception=NetDataExchangeException,Descr='server_addr=(2)10.224.32.15:59743 descr=2(0x00000002): Не удается найти указанный файл.  line=1149 file=d:\jenkins\ci_builder2\windowsbuild2\platform\src\rtrsrvc\src\dataexchangeserverimpl.cpp'
04:37.630001-0,EXCPCNTX,0,ClientComputerName=,ServerComputerName=,UserName=,ConnectString=
04:39.114000-0,EXCP,0,process=rphost,OSThread=5816,ClientID=2542,Exception=NetDataExchangeException,Descr='server_addr=(2)10.224.32.15:59763 descr=2(0x00000002): Не удается найти указанный файл.  line=1149 file=d:\jenkins\ci_builder2\windowsbuild2\platform\src\rtrsrvc\src\dataexchangeserverimpl.cpp'
04:39.114001-0,EXCPCNTX,0,ClientComputerName=,ServerComputerName=,UserName=,ConnectString=
04:39.270000-0,EXCP,0,process=rphost,OSThread=1000,ClientID=2543,Exception=NetDataExchangeException,Descr='server_addr=(2)10.224.32.15:59780 descr=2(0x00000002): Не удается найти указанный файл.  line=1149 file=d:\jenkins\ci_builder2\windowsbuild2\platform\src\rtrsrvc\src\dataexchangeserverimpl.cpp'
04:39.270001-0,EXCPCNTX,0,ClientComputerName=,ServerComputerName=,UserName=,ConnectString=
04:42.161001-0,EXCP,0,process=rphost,OSThread=2912,ClientID=2544,Exception=NetDataExchangeException,Descr='server_addr=(2)10.224.32.15:59800 descr=2(0x00000002): Не удается найти указанный файл.  line=1149 file=d:\jenkins\ci_builder2\windowsbuild2\platform\src\rtrsrvc\src\dataexchangeserverimpl.cpp'
04:42.161002-0,EXCPCNTX,0,ClientComputerName=,ServerComputerName=,UserName=,ConnectString=
04:42.380000-0,EXCP,0,process=rphost,OSThread=5172,ClientID=2545,Exception=NetDataExchangeException,Descr='server_addr=(2)10.224.32.15:59817 descr=2(0x00000002): Не удается найти указанный файл.  line=1149 file=d:\jenkins\ci_builder2\windowsbuild2\platform\src\rtrsrvc\src\dataexchangeserverimpl.cpp'
04:42.380001-0,EXCPCNTX,0,ClientComputerName=,ServerComputerName=,UserName=,ConnectString=
04:45.224000-0,EXCP,0,process=rphost,OSThread=5172,ClientID=2546,Exception=NetDataExchangeException,Descr='server_addr=(2)10.224.32.15:59837 descr=2(0x00000002): Не удается найти указанный файл.  line=1149 file=d:\jenkins\ci_builder2\windowsbuild2\platform\src\rtrsrvc\src\dataexchangeserverimpl.cpp'
04:45.224001-0,EXCPCNTX,0,ClientComputerName=,ServerComputerName=,UserName=,ConnectString=
04:45.505000-0,EXCP,0,process=rphost,OSThread=5172,ClientID=2547,Exception=NetDataExchangeException,Descr='server_addr=(2)10.224.32.15:59854 descr=2(0x00000002): Не удается найти указанный файл.  line=1149 file=d:\jenkins\ci_builder2\windowsbuild2\platform\src\rtrsrvc\src\dataexchangeserverimpl.cpp'
04:45.505001-0,EXCPCNTX,0,ClientComputerName=,ServerComputerName=,UserName=,ConnectString=
04:48.317000-0,EXCP,0,process=rphost,OSThread=3280,ClientID=2548,Exception=NetDataExchangeException,Descr='server_addr=(2)10.224.32.15:59874 descr=2(0x00000002): Не удается найти указанный файл.  line=1149 file=d:\jenkins\ci_builder2\windowsbuild2\platform\src\rtrsrvc\src\dataexchangeserverimpl.cpp'
04:48.317001-0,EXCPCNTX,0,ClientComputerName=,ServerComputerName=,UserName=,ConnectString=
04:48.583000-0,EXCP,0,process=rphost,OSThread=5172,ClientID=2549,Exception=NetDataExchangeException,Descr='server_addr=(2)10.224.32.15:59892 descr=2(0x00000002): Не удается найти указанный файл.  line=1149 file=d:\jenkins\ci_builder2\windowsbuild2\platform\src\rtrsrvc\src\dataexchangeserverimpl.cpp'
04:48.583001-0,EXCPCNTX,0,ClientComputerName=,ServerComputerName=,UserName=,ConnectString=
04:50.614000-0,EXCP,0,process=rphost,OSThread=3280,Exception=NetDataExchangeException,Descr='Ping time out expired on direction: directionID=4ec727ca-b36a-4ee7-9a09-5eae6d9eaec1, lastActivity=4059471622, lastActivityTestTs=(4059478575,4059479590,4059480606,4059481622,4059482622,4059483637,4059484653,4059485669), timeout=15000, period=3000, currentTS=4059486684, nChecks=3'
04:57.677000-0,EXCP,0,process=rphost,OSThread=6340,ClientID=2550,Exception=NetDataExchangeException,Descr='server_addr=(2)10.224.32.15:59911 descr=2(0x00000002): Не удается найти указанный файл.  line=1149 file=d:\jenkins\ci_builder2\windowsbuild2\platform\src\rtrsrvc\src\dataexchangeserverimpl.cpp'
04:57.677001-0,EXCPCNTX,0,ClientComputerName=,ServerComputerName=,UserName=,ConnectString=
05:12.786001-0,EXCP,0,process=rphost,OSThread=3924,ClientID=2551,Exception=NetDataExchangeException,Descr='server_addr=(2)10.224.32.15:59938 descr=2(0x00000002): Не удается найти указанный файл.  line=1149 file=d:\jenkins\ci_builder2\windowsbuild2\platform\src\rtrsrvc\src\dataexchangeserverimpl.cpp'
05:12.786002-0,EXCPCNTX,0,ClientComputerName=,ServerComputerName=,UserName=,ConnectString=
05:27.895000-0,EXCP,0,process=rphost,OSThread=5224,ClientID=2553,Exception=NetDataExchangeException,Descr='server_addr=(2)10.224.32.15:59954 descr=2(0x00000002): Не удается найти указанный файл.  line=1149 file=d:\jenkins\ci_builder2\windowsbuild2\platform\src\rtrsrvc\src\dataexchangeserverimpl.cpp'
05:27.895001-0,EXCPCNTX,0,ClientComputerName=,ServerComputerName=,UserName=,ConnectString=
05:42.992000-0,EXCP,0,process=rphost,OSThread=3292,ClientID=2554,Exception=NetDataExchangeException,Descr='server_addr=(2)10.224.32.15:59979 descr=2(0x00000002): Не удается найти указанный файл.  line=1149 file=d:\jenkins\ci_builder2\windowsbuild2\platform\src\rtrsrvc\src\dataexchangeserverimpl.cpp'
05:42.992001-0,EXCPCNTX,0,ClientComputerName=,ServerComputerName=,UserName=,ConnectString=
05:53.148000-0,EXCP,0,process=rphost,OSThread=1000,ClientID=2557,Exception=NetDataExchangeException,Descr='server_addr=(2)10.224.32.15:59991 descr=2(0x00000002): Не удается найти указанный файл.  line=1149 file=d:\jenkins\ci_builder2\windowsbuild2\platform\src\rtrsrvc\src\dataexchangeserverimpl.cpp'
05:53.148001-0,EXCPCNTX,0,ClientComputerName=,ServerComputerName=,UserName=,ConnectString=
06:08.257001-0,EXCP,0,process=rphost,OSThread=2912,ClientID=2558,Exception=NetDataExchangeException,Descr='server_addr=(2)10.224.32.15:60008 descr=2(0x00000002): Не удается найти указанный файл.  line=1149 file=d:\jenkins\ci_builder2\windowsbuild2\platform\src\rtrsrvc\src\dataexchangeserverimpl.cpp'
06:08.257002-0,EXCPCNTX,0,ClientComputerName=,ServerComputerName=,UserName=,ConnectString=
06:23.367001-0,EXCP,0,process=rphost,OSThread=2912,ClientID=2560,Exception=NetDataExchangeException,Descr='server_addr=(2)10.224.32.15:60025 descr=2(0x00000002): Не удается найти указанный файл.  line=1149 file=d:\jenkins\ci_builder2\windowsbuild2\platform\src\rtrsrvc\src\dataexchangeserverimpl.cpp'
06:23.367002-0,EXCPCNTX,0,ClientComputerName=,ServerComputerName=,UserName=,ConnectString=
06:38.445041-0,EXCP,0,process=rphost,OSThread=5172,ClientID=2562,Exception=NetDataExchangeException,Descr='server_addr=(2)10.224.32.15:60035 descr=2(0x00000002): Не удается найти указанный файл.  line=1149 file=d:\jenkins\ci_builder2\windowsbuild2\platform\src\rtrsrvc\src\dataexchangeserverimpl.cpp'
06:38.445042-0,EXCPCNTX,0,ClientComputerName=,ServerComputerName=,UserName=,ConnectString=
06:53.539000-0,EXCP,0,process=rphost,OSThread=5816,ClientID=2563,Exception=NetDataExchangeException,Descr='server_addr=(2)10.224.32.15:60046 descr=2(0x00000002): Не удается найти указанный файл.  line=1149 file=d:\jenkins\ci_builder2\windowsbuild2\platform\src\rtrsrvc\src\dataexchangeserverimpl.cpp'
06:53.539001-0,EXCPCNTX,0,ClientComputerName=,ServerComputerName=,UserName=,ConnectString=
07:08.664000-0,EXCP,0,process=rphost,OSThread=3924,ClientID=2564,Exception=NetDataExchangeException,Descr='server_addr=(2)10.224.32.15:60057 descr=2(0x00000002): Не удается найти указанный файл.  line=1149 file=d:\jenkins\ci_builder2\windowsbuild2\platform\src\rtrsrvc\src\dataexchangeserverimpl.cpp'
07:08.664001-0,EXCPCNTX,0,ClientComputerName=,ServerComputerName=,UserName=,ConnectString=
07:23.773000-0,EXCP,0,process=rphost,OSThread=5172,ClientID=2565,Exception=NetDataExchangeException,Descr='server_addr=(2)10.224.32.15:60067 descr=2(0x00000002): Не удается найти указанный файл.  line=1149 file=d:\jenkins\ci_builder2\windowsbuild2\platform\src\rtrsrvc\src\dataexchangeserverimpl.cpp'
07:23.773001-0,EXCPCNTX,0,ClientComputerName=,ServerComputerName=,UserName=,ConnectString=
07:38.867000-0,EXCP,0,process=rphost,OSThread=6340,ClientID=2566,Exception=NetDataExchangeException,Descr='server_addr=(2)10.224.32.15:60077 descr=2(0x00000002): Не удается найти указанный файл.  line=1149 file=d:\jenkins\ci_builder2\windowsbuild2\platform\src\rtrsrvc\src\dataexchangeserverimpl.cpp'
07:38.867001-0,EXCPCNTX,0,ClientComputerName=,ServerComputerName=,UserName=,ConnectString=
07:53.992000-0,EXCP,0,process=rphost,OSThread=5172,ClientID=2567,Exception=NetDataExchangeException,Descr='server_addr=(2)10.224.32.15:60093 descr=2(0x00000002): Не удается найти указанный файл.  line=1149 file=d:\jenkins\ci_builder2\windowsbuild2\platform\src\rtrsrvc\src\dataexchangeserverimpl.cpp'
07:53.992001-0,EXCPCNTX,0,ClientComputerName=,ServerComputerName=,UserName=,ConnectString=
08:09.101000-0,EXCP,0,process=rphost,OSThread=2912,ClientID=2568,Exception=NetDataExchangeException,Descr='server_addr=(2)10.224.32.15:60102 descr=2(0x00000002): Не удается найти указанный файл.  line=1149 file=d:\jenkins\ci_builder2\windowsbuild2\platform\src\rtrsrvc\src\dataexchangeserverimpl.cpp'
08:09.101001-0,EXCPCNTX,0,ClientComputerName=,ServerComputerName=,UserName=,ConnectString=
08:24.211000-0,EXCP,0,process=rphost,OSThread=4056,ClientID=2569,Exception=NetDataExchangeException,Descr='server_addr=(2)10.224.32.15:60112 descr=2(0x00000002): Не удается найти указанный файл.  line=1149 file=d:\jenkins\ci_builder2\windowsbuild2\platform\src\rtrsrvc\src\dataexchangeserverimpl.cpp'
08:24.211001-0,EXCPCNTX,0,ClientComputerName=,ServerComputerName=,UserName=,ConnectString=
08:39.290000-0,EXCP,0,process=rphost,OSThread=5224,ClientID=2570,Exception=NetDataExchangeException,Descr='server_addr=(2)10.224.32.15:60121 descr=2(0x00000002): Не удается найти указанный файл.  line=1149 file=d:\jenkins\ci_builder2\windowsbuild2\platform\src\rtrsrvc\src\dataexchangeserverimpl.cpp'
08:39.290001-0,EXCPCNTX,0,ClientComputerName=,ServerComputerName=,UserName=,ConnectString=
08:54.399000-0,EXCP,0,process=rphost,OSThread=1000,ClientID=2571,Exception=NetDataExchangeException,Descr='server_addr=(2)10.224.32.15:60131 descr=2(0x00000002): Не удается найти указанный файл.  line=1149 file=d:\jenkins\ci_builder2\windowsbuild2\platform\src\rtrsrvc\src\dataexchangeserverimpl.cpp'
08:54.399001-0,EXCPCNTX,0,ClientComputerName=,ServerComputerName=,UserName=,ConnectString=
09:09.508014-0,EXCP,0,process=rphost,OSThread=5224,ClientID=2572,Exception=NetDataExchangeException,Descr='server_addr=(2)10.224.32.15:60141 descr=2(0x00000002): Не удается найти указанный файл.  line=1149 file=d:\jenkins\ci_builder2\windowsbuild2\platform\src\rtrsrvc\src\dataexchangeserverimpl.cpp'
09:09.508015-0,EXCPCNTX,0,ClientComputerName=,ServerComputerName=,UserName=,ConnectString=
09:24.618015-0,EXCP,0,process=rphost,OSThread=5224,ClientID=2573,Exception=NetDataExchangeException,Descr='server_addr=(2)10.224.32.15:60150 descr=2(0x00000002): Не удается найти указанный файл.  line=1149 file=d:\jenkins\ci_builder2\windowsbuild2\platform\src\rtrsrvc\src\dataexchangeserverimpl.cpp'
09:24.618016-0,EXCPCNTX,0,ClientComputerName=,ServerComputerName=,UserName=,ConnectString=
09:39.727015-0,EXCP,0,process=rphost,OSThread=3452,ClientID=2574,Exception=NetDataExchangeException,Descr='server_addr=(2)10.224.32.15:60159 descr=2(0x00000002): Не удается найти указанный файл.  line=1149 file=d:\jenkins\ci_builder2\windowsbuild2\platform\src\rtrsrvc\src\dataexchangeserverimpl.cpp'
09:39.727016-0,EXCPCNTX,0,ClientComputerName=,ServerComputerName=,UserName=,ConnectString=
09:54.805000-0,EXCP,0,process=rphost,OSThread=3280,ClientID=2575,Exception=NetDataExchangeException,Descr='server_addr=(2)10.224.32.15:60168 descr=2(0x00000002): Не удается найти указанный файл.  line=1149 file=d:\jenkins\ci_builder2\windowsbuild2\platform\src\rtrsrvc\src\dataexchangeserverimpl.cpp'
09:54.805001-0,EXCPCNTX,0,ClientComputerName=,ServerComputerName=,UserName=,ConnectString=
10:09.899000-0,EXCP,0,process=rphost,OSThread=1000,ClientID=2577,Exception=NetDataExchangeException,Descr='server_addr=(2)10.224.32.15:60177 descr=2(0x00000002): Не удается найти указанный файл.  line=1149 file=d:\jenkins\ci_builder2\windowsbuild2\platform\src\rtrsrvc\src\dataexchangeserverimpl.cpp'
10:09.899001-0,EXCPCNTX,0,ClientComputerName=,ServerComputerName=,UserName=,ConnectString=
10:21.555001-0,EXCP,6,process=rphost,p:processName=bi_bk3wk1_prod_01,OSThread=7472,t:clientID=1683,t:applicationName=1CV8C,t:computerName=DC2RDSH05,t:connectID=8392,SessionID=210,Usr=Кулгалиева Динара Багиткалиевна,AppID=1CV8C,DBMS=DBMSSQL,DataBase=CLSBUHDB01\bi_bk3wk1_prod_01,dbpid=194,Exception=DataBaseException,Descr='Ошибка при выполнении операции над данными:
Microsoft SQL Server Native Client 11.0: Arithmetic overflow error converting numeric to data type numeric.
HRESULT=80040E57, SQLSrvr: SQLSTATE=22003, state=8, Severity=10, native=8115, line=1
',Context='Форма.Записать : Документ.ПлатежноеПоручениеИсходящее.Форма.ФормаДокумента
Документ.ПлатежноеПоручениеИсходящее.МодульОбъекта : 858 : BI_КазначействоСервер.КонтрольПоСложнымАвансам(Ссылка, Отказ);
	ОбщийМодуль.BI_КазначействоСервер.Модуль : 1299 : МассивРезультатов.Добавить(КонтрольПоСхемеЧастичноеПогашение(СтрокаРеквизита));
		ОбщийМодуль.BI_КазначействоСервер.Модуль : 3618 : Выборка = Запрос.Выполнить().Выбрать();'
10:21.555015-0,EXCP,7,process=rphost,p:processName=bi_bk3wk1_prod_01,OSThread=7472,t:clientID=1683,t:applicationName=1CV8C,t:computerName=DC2RDSH05,t:connectID=8392,SessionID=210,Usr=Кулгалиева Динара Багиткалиевна,AppID=1CV8C,DBMS=DBMSSQL,DataBase=CLSBUHDB01\bi_bk3wk1_prod_01,dbpid=194,Exception=DataBaseException,Descr='Ошибка СУБД:
Microsoft SQL Server Native Client 11.0: Cannot find the object "#tt375" because it does not exist or you do not have permissions.
HRESULT=80040E37, SQLSrvr: SQLSTATE=42S02, state=1, Severity=10, native=4701, line=1
',Context='Форма.Записать : Документ.ПлатежноеПоручениеИсходящее.Форма.ФормаДокумента
Документ.ПлатежноеПоручениеИсходящее.МодульОбъекта : 858 : BI_КазначействоСервер.КонтрольПоСложнымАвансам(Ссылка, Отказ);
	ОбщийМодуль.BI_КазначействоСервер.Модуль : 1299 : МассивРезультатов.Добавить(КонтрольПоСхемеЧастичноеПогашение(СтрокаРеквизита));
		ОбщийМодуль.BI_КазначействоСервер.Модуль : 3618 : Выборка = Запрос.Выполнить().Выбрать();'
10:21.555016-0,EXCPCNTX,0,ClientComputerName=DC2RDSH05,ServerComputerName=DC2BUHAPP11,UserName=Кулгалиева Динара Багиткалиевна,ConnectString='Srvr="DC2BUHAPP11:2541";Ref="bi_bk3wk1_prod_01";',Context='Форма.Записать : Документ.ПлатежноеПоручениеИсходящее.Форма.ФормаДокумента
Документ.ПлатежноеПоручениеИсходящее.МодульОбъекта : 858 : BI_КазначействоСервер.КонтрольПоСложнымАвансам(Ссылка, Отказ);
	ОбщийМодуль.BI_КазначействоСервер.Модуль : 1299 : МассивРезультатов.Добавить(КонтрольПоСхемеЧастичноеПогашение(СтрокаРеквизита));
		ОбщийМодуль.BI_КазначействоСервер.Модуль : 3618 : Выборка = Запрос.Выполнить().Выбрать();'
10:21.555017-3,EXCPCNTX,6,SrcName=DBMSSQL,process=rphost,p:processName=bi_bk3wk1_prod_01,OSThread=7472,t:clientID=1683,t:applicationName=1CV8C,t:computerName=DC2RDSH05,t:connectID=8392,SessionID=210,Usr=Кулгалиева Динара Багиткалиевна,AppID=1CV8C,DBMS=DBMSSQL,DataBase=CLSBUHDB01\bi_bk3wk1_prod_01,Trans=1,dbpid=194,Sql=TRUNCATE TABLE #tt375,Context='Форма.Записать : Документ.ПлатежноеПоручениеИсходящее.Форма.ФормаДокумента
Документ.ПлатежноеПоручениеИсходящее.МодульОбъекта : 858 : BI_КазначействоСервер.КонтрольПоСложнымАвансам(Ссылка, Отказ);
	ОбщийМодуль.BI_КазначействоСервер.Модуль : 1299 : МассивРезультатов.Добавить(КонтрольПоСхемеЧастичноеПогашение(СтрокаРеквизита));
		ОбщийМодуль.BI_КазначействоСервер.Модуль : 3618 : Выборка = Запрос.Выполнить().Выбрать();'
10:21.555018-5,EXCPCNTX,5,SrcName=DBMSSQL,process=rphost,p:processName=bi_bk3wk1_prod_01,OSThread=7472,t:clientID=1683,t:applicationName=1CV8C,t:computerName=DC2RDSH05,t:connectID=8392,SessionID=210,Usr=Кулгалиева Динара Багиткалиевна,AppID=1CV8C,DBMS=DBMSSQL,DataBase=CLSBUHDB01\bi_bk3wk1_prod_01,Trans=1,Func=returnTmpTable,Context='Форма.Записать : Документ.ПлатежноеПоручениеИсходящее.Форма.ФормаДокумента
Документ.ПлатежноеПоручениеИсходящее.МодульОбъекта : 858 : BI_КазначействоСервер.КонтрольПоСложнымАвансам(Ссылка, Отказ);
	ОбщийМодуль.BI_КазначействоСервер.Модуль : 1299 : МассивРезультатов.Добавить(КонтрольПоСхемеЧастичноеПогашение(СтрокаРеквизита));
		ОбщийМодуль.BI_КазначействоСервер.Модуль : 3618 : Выборка = Запрос.Выполнить().Выбрать();'
10:21.555019-7,EXCPCNTX,4,SrcName=SDBL,process=rphost,p:processName=bi_bk3wk1_prod_01,OSThread=7472,t:clientID=1683,t:applicationName=1CV8C,t:computerName=DC2RDSH05,t:connectID=8392,SessionID=210,Usr=Кулгалиева Динара Багиткалиевна,AppID=1CV8C,DBMS=DBMSSQL,DataBase=CLSBUHDB01\bi_bk3wk1_prod_01,Trans=1,Sdbl=DROP TABLE #T5f3c15607a1b40a590827b465a087431,Context='Форма.Записать : Документ.ПлатежноеПоручениеИсходящее.Форма.ФормаДокумента
Документ.ПлатежноеПоручениеИсходящее.МодульОбъекта : 858 : BI_КазначействоСервер.КонтрольПоСложнымАвансам(Ссылка, Отказ);
	ОбщийМодуль.BI_КазначействоСервер.Модуль : 1299 : МассивРезультатов.Добавить(КонтрольПоСхемеЧастичноеПогашение(СтрокаРеквизита));
		ОбщийМодуль.BI_КазначействоСервер.Модуль : 3618 : Выборка = Запрос.Выполнить().Выбрать();'
10:21.555020-2640005,EXCPCNTX,3,SrcName=SDBL,process=rphost,p:processName=bi_bk3wk1_prod_01,OSThread=7472,t:clientID=1683,t:applicationName=1CV8C,t:computerName=DC2RDSH05,t:connectID=8392,SessionID=210,Usr=Кулгалиева Динара Багиткалиевна,AppID=1CV8C,DBMS=DBMSSQL,DataBase=CLSBUHDB01\bi_bk3wk1_prod_01,Trans=0,Func=Transaction,Context='Форма.Записать : Документ.ПлатежноеПоручениеИсходящее.Форма.ФормаДокумента
Документ.ПлатежноеПоручениеИсходящее.МодульОбъекта : 858 : BI_КазначействоСервер.КонтрольПоСложнымАвансам(Ссылка, Отказ);
	ОбщийМодуль.BI_КазначействоСервер.Модуль : 1299 : МассивРезультатов.Добавить(КонтрольПоСхемеЧастичноеПогашение(СтрокаРеквизита));
		ОбщийМодуль.BI_КазначействоСервер.Модуль : 3618 : Выборка = Запрос.Выполнить().Выбрать();'
10:21.555021-2640007,EXCPCNTX,2,SrcName=SDBL,process=rphost,p:processName=bi_bk3wk1_prod_01,OSThread=7472,t:clientID=1683,t:applicationName=1CV8C,t:computerName=DC2RDSH05,t:connectID=8392,SessionID=210,Usr=Кулгалиева Динара Багиткалиевна,AppID=1CV8C,DBMS=DBMSSQL,DataBase=CLSBUHDB01\bi_bk3wk1_prod_01,Trans=0,Func=HoldConnection,Context='Форма.Записать : Документ.ПлатежноеПоручениеИсходящее.Форма.ФормаДокумента
Документ.ПлатежноеПоручениеИсходящее.МодульОбъекта : 858 : BI_КазначействоСервер.КонтрольПоСложнымАвансам(Ссылка, Отказ);
	ОбщийМодуль.BI_КазначействоСервер.Модуль : 1299 : МассивРезультатов.Добавить(КонтрольПоСхемеЧастичноеПогашение(СтрокаРеквизита));
		ОбщийМодуль.BI_КазначействоСервер.Модуль : 3618 : Выборка = Запрос.Выполнить().Выбрать();'
10:21.555022-2718022,EXCPCNTX,1,SrcName=CALL,process=rphost,p:processName=bi_bk3wk1_prod_01,OSThread=7472,t:clientID=1683,t:applicationName=1CV8C,t:computerName=DC2RDSH05,t:connectID=8392,Usr=Кулгалиева Динара Багиткалиевна,SessionID=210,Context=Форма.Записать : Документ.ПлатежноеПоручениеИсходящее.Форма.ФормаДокумента,Context='Форма.Записать : Документ.ПлатежноеПоручениеИсходящее.Форма.ФормаДокумента
Документ.ПлатежноеПоручениеИсходящее.МодульОбъекта : 858 : BI_КазначействоСервер.КонтрольПоСложнымАвансам(Ссылка, Отказ);
	ОбщийМодуль.BI_КазначействоСервер.Модуль : 1299 : МассивРезультатов.Добавить(КонтрольПоСхемеЧастичноеПогашение(СтрокаРеквизита));
		ОбщийМодуль.BI_КазначействоСервер.Модуль : 3618 : Выборка = Запрос.Выполнить().Выбрать();'
10:21.555023-14380771010,EXCPCNTX,0,SrcName=CONN,process=rphost,OSThread=1140,t:clientID=1683,Context='Форма.Записать : Документ.ПлатежноеПоручениеИсходящее.Форма.ФормаДокумента
Документ.ПлатежноеПоручениеИсходящее.МодульОбъекта : 858 : BI_КазначействоСервер.КонтрольПоСложнымАвансам(Ссылка, Отказ);
	ОбщийМодуль.BI_КазначействоСервер.Модуль : 1299 : МассивРезультатов.Добавить(КонтрольПоСхемеЧастичноеПогашение(СтрокаРеквизита));
		ОбщийМодуль.BI_КазначействоСервер.Модуль : 3618 : Выборка = Запрос.Выполнить().Выбрать();'
10:21.555027-0,QERR,4,process=rphost,p:processName=bi_bk3wk1_prod_01,OSThread=7472,t:clientID=1683,t:applicationName=1CV8C,t:computerName=DC2RDSH05,t:connectID=8392,SessionID=210,Usr=Кулгалиева Динара Багиткалиевна,AppID=1CV8C,Descr='Ошибка при выполнении операции над данными:
Microsoft SQL Server Native Client 11.0: Arithmetic overflow error converting numeric to data type numeric.
HRESULT=80040E57, SQLSrvr: SQLSTATE=22003, state=8, Severity=10, native=8115, line=1
',Query='ВЫБРАТЬ
	ВЫБОР
		КОГДА ДоговорыКонтрагентов.ГоловнойДоговор = ЗНАЧЕНИЕ(Справочник.ДоговорыКонтрагентов.ПустаяСсылка)
			ТОГДА ДоговорыКонтрагентов.Ссылка
		ИНАЧЕ ДоговорыКонтрагентов.ГоловнойДоговор
	КОНЕЦ КАК Договор
ПОМЕСТИТЬ ВТ_ГоловнойДоговор
ИЗ
	Справочник.ДоговорыКонтрагентов КАК ДоговорыКонтрагентов
ГДЕ
	ДоговорыКонтрагентов.Ссылка = &Договор
;

////////////////////////////////////////////////////////////////////////////////
ВЫБРАТЬ
	ВТ_ГоловнойДоговор.Договор КАК Договор,
	СУММА(ДоговорыКонтрагентов.СуммаДоговора) КАК СуммаДоговора,
	ЕСТЬNULL(СложныеАвансыСхемыОплатыСрезПоследних.ВариантОплаты, ЗНАЧЕНИЕ(Перечисление.СложныеАвансыВариантыСхемОплаты.ПустаяСсылка)) КАК ВариантОплаты,
	ЕСТЬNULL(СложныеАвансыСхемыОплатыСрезПоследних.СпособРасчетаАванса, ЗНАЧЕНИЕ(Перечисление.СложныеАвансыСпособыРасчета.ПустаяСсылка)) КАК СпособРасчетаАванса,
	ЕСТЬNULL(СложныеАвансыСхемыОплатыСрезПоследних.ЗначениеАванса, 0) КАК ЗначениеАванса,
	ЕСТЬNULL(СложныеАвансыСхемыОплатыСрезПоследних.ПроцентПогашения, 0) КАК ПроцентПогашения,
	ЕСТЬNULL(СложныеАвансыСхемыОплатыСрезПоследних.МинимальнаяСуммаВыполненныхОбязательств, 0) КАК МинимальнаяСуммаВыполненныхОбязательств
ПОМЕСТИТЬ ВТ_ДанныеПоДоговору
ИЗ
	ВТ_ГоловнойДоговор КАК ВТ_ГоловнойДоговор
		ЛЕВОЕ СОЕДИНЕНИЕ Справочник.ДоговорыКонтрагентов КАК ДоговорыКонтрагентов
		ПО (ВТ_ГоловнойДоговор.Договор = ДоговорыКонтрагентов.Ссылка
				ИЛИ ВТ_ГоловнойДоговор.Договор = ДоговорыКонтрагентов.ГоловнойДоговор)
		ЛЕВОЕ СОЕДИНЕНИЕ РегистрСведений.СложныеАвансыСхемыОплаты.СрезПоследних(&ДатаСреза, ) КАК СложныеАвансыСхемыОплатыСрезПоследних
		ПО ВТ_ГоловнойДоговор.Договор = СложныеАвансыСхемыОплатыСрезПоследних.Договор

СГРУППИРОВАТЬ ПО
	ВТ_ГоловнойДоговор.Договор,
	ЕСТЬNULL(СложныеАвансыСхемыОплатыСрезПоследних.ВариантОплаты, ЗНАЧЕНИЕ(Перечисление.СложныеАвансыВариантыСхемОплаты.ПустаяСсылка)),
	ЕСТЬNULL(СложныеАвансыСхемыОплатыСрезПоследних.СпособРасчетаАванса, ЗНАЧЕНИЕ(Перечисление.СложныеАвансыСпособыРасчета.ПустаяСсылка)),
	ЕСТЬNULL(СложныеАвансыСхемыОплатыСрезПоследних.ЗначениеАванса, 0),
	ЕСТЬNULL(СложныеАвансыСхемыОплатыСрезПоследних.ПроцентПогашения, 0),
	ЕСТЬNULL(СложныеАвансыСхемыОплатыСрезПоследних.МинимальнаяСуммаВыполненныхОбязательств, 0)
;

////////////////////////////////////////////////////////////////////////////////
ВЫБРАТЬ
	ВТ_ДанныеПоДоговору.Договор КАК Договор,
	ВЫБОР
		КОГДА ВТ_ДанныеПоДоговору.СпособРасчетаАванса = ЗНАЧЕНИЕ(Перечисление.СложныеАвансыСпособыРасчета.ФиксированнаяСумма)
			ТОГДА ВТ_ДанныеПоДоговору.ЗначениеАванса
		ИНАЧЕ ВЫРАЗИТЬ(ВТ_ДанныеПоДоговору.СуммаДоговора * ВТ_ДанныеПоДоговору.ЗначениеАванса / 100 КАК ЧИСЛО(15, 2))
	КОНЕЦ КАК ЗначениеАванса,
	ВТ_ДанныеПоДоговору.СуммаДоговора КАК СуммаДоговора,
	0 КАК СуммаОплатыПоДоговору,
	0 КАК СуммаВыплаченногоАванса,
	0 КАК СуммаЗадолженности
ПОМЕСТИТЬ ВТ_Данные
ИЗ
	ВТ_ДанныеПоДоговору КАК ВТ_ДанныеПоДоговору

ОБЪЕДИНИТЬ

ВЫБРАТЬ
	ТиповойОбороты.Субконто2,
	0,
	0,
	0,
	ЕСТЬNULL(ТиповойОбороты.ВалютнаяСуммаОборотДт, 0),
	0
ИЗ
	РегистрБухгалтерии.Типовой.Обороты(
			,
			&ДатаСреза,
			,
			Счет = ЗНАЧЕНИЕ(ПланСчетов.Типовой.КраткосрочныеАвансыВыданные),
			&ВидыСубконто,
			Организация = &Организация
				И Субконто1 = &Контрагент
				И Субконто2 = &Договор,
			,
			) КАК ТиповойОбороты

ОБЪЕДИНИТЬ

ВЫБРАТЬ
	ТиповойОстатки.Субконто2,
	0,
	0,
	0,
	0,
	ВЫБОР
		КОГДА ЕСТЬNULL(ТиповойОстатки.ВалютнаяСуммаОстаток, 0) > 0
			ТОГДА 0
		ИНАЧЕ -ЕСТЬNULL(ТиповойОстатки.ВалютнаяСуммаОстаток, 0)
	КОНЕЦ
ИЗ
	РегистрБухгалтерии.Типовой.Остатки(
			&ДатаСреза,
			НЕ Счет В (&СчетаИсключения),
			&ВидыСубконто,
			Организация = &Организация
				И Субконто1 = &Контрагент
				И Субконто2 = &Договор) КАК ТиповойОстатки
;

////////////////////////////////////////////////////////////////////////////////
ВЫБРАТЬ
	ВТ_Данные.Договор КАК Договор,
	СУММА(ВТ_Данные.ЗначениеАванса) КАК ЗначениеАванса,
	СУММА(ВТ_Данные.СуммаДоговора) КАК СуммаДоговора,
	СУММА(ВТ_Данные.СуммаОплатыПоДоговору) КАК СуммаОплатыПоДоговору,
	СУММА(ВТ_Данные.СуммаВыплаченногоАванса) КАК СуммаВыплаченногоАванса,
	СУММА(ВТ_Данные.СуммаЗадолженности) КАК СуммаЗадолженности
ИЗ
	ВТ_Данные КАК ВТ_Данные

СГРУППИРОВАТЬ ПО
	ВТ_Данные.Договор',Context='Форма.Записать : Документ.ПлатежноеПоручениеИсходящее.Форма.ФормаДокумента
Документ.ПлатежноеПоручениеИсходящее.МодульОбъекта : 858 : BI_КазначействоСервер.КонтрольПоСложнымАвансам(Ссылка, Отказ);
	ОбщийМодуль.BI_КазначействоСервер.Модуль : 1299 : МассивРезультатов.Добавить(КонтрольПоСхемеЧастичноеПогашение(СтрокаРеквизита));
		ОбщийМодуль.BI_КазначействоСервер.Модуль : 3618 : Выборка = Запрос.Выполнить().Выбрать();'
10:21.571028-0,EXCP,3,process=rphost,p:processName=bi_bk3wk1_prod_01,OSThread=7472,t:clientID=1683,t:applicationName=1CV8C,t:computerName=DC2RDSH05,t:connectID=8392,SessionID=210,Usr=Кулгалиева Динара Багиткалиевна,AppID=1CV8C,Exception=afd2b550-0d52-4e03-b448-15ed68d87ac5,Descr="src\basic\src\documentlogformobjcontroller.cpp(884):
afd2b550-0d52-4e03-b448-15ed68d87ac5
0d2200af-1696-4395-91e5-2872675e6d3d: Ошибка при выполнении обработчика - 'ОбработкаПроведения'
8d366056-4d5a-4d88-a207-0ae535b7d28e: {ОбщийМодуль.BI_КазначействоСервер.Модуль(3618)}: Ошибка при вызове метода контекста (Выполнить)
f08d92f8-9eb2-4e19-9dd9-977d907cec2d
ae209c88-6b01-464c-adc9-0b72e240492f: Ошибка выполнения запроса
dc31263e-ecbf-41bd-9b3a-7b55897d5fd6: Ошибка при выполнении операции над данными:
Microsoft SQL Server Native Client 11.0: Arithmetic overflow error converting numeric to data type numeric.
HRESULT=80040E57, SQLSrvr: SQLSTATE=22003, state=8, Severity=10, native=8115, line=1
",Context=Форма.Записать : Документ.ПлатежноеПоручениеИсходящее.Форма.ФормаДокумента
10:21.649000-0,EXCP,3,process=rphost,p:processName=bi_bk3wk1_prod_01,OSThread=7472,t:clientID=1683,t:applicationName=1CV8C,t:computerName=DC2RDSH05,t:connectID=8392,SessionID=210,Usr=Кулгалиева Динара Багиткалиевна,AppID=1CV8C,Exception=580392e6-ba49-4280-ac67-fcd6f2180121,Descr="src\vrsbase\src\vresourceinfobaseimpl.cpp(1114):
580392e6-ba49-4280-ac67-fcd6f2180121: Неспецифицированная ошибка работы с ресурсом
Ошибка при выполнении запроса POST к ресурсу /e1cib/logForm:
afd2b550-0d52-4e03-b448-15ed68d87ac5
0d2200af-1696-4395-91e5-2872675e6d3d: Ошибка при выполнении обработчика - 'ОбработкаПроведения'
8d366056-4d5a-4d88-a207-0ae535b7d28e: {ОбщийМодуль.BI_КазначействоСервер.Модуль(3618)}: Ошибка при вызове метода контекста (Выполнить)
f08d92f8-9eb2-4e19-9dd9-977d907cec2d
ae209c88-6b01-464c-adc9-0b72e240492f: Ошибка выполнения запроса
dc31263e-ecbf-41bd-9b3a-7b55897d5fd6: Ошибка при выполнении операции над данными:
Microsoft SQL Server Native Client 11.0: Arithmetic overflow error converting numeric to data type numeric.
HRESULT=80040E57, SQLSrvr: SQLSTATE=22003, state=8, Severity=10, native=8115, line=1
"
10:25.024003-0,EXCP,0,process=rphost,OSThread=3280,ClientID=2578,Exception=NetDataExchangeException,Descr='server_addr=(2)10.224.32.15:60193 descr=2(0x00000002): Не удается найти указанный файл.  line=1149 file=d:\jenkins\ci_builder2\windowsbuild2\platform\src\rtrsrvc\src\dataexchangeserverimpl.cpp'
10:25.024004-0,EXCPCNTX,0,ClientComputerName=,ServerComputerName=,UserName=,ConnectString=
10:40.150000-0,EXCP,0,process=rphost,OSThread=4056,ClientID=2580,Exception=NetDataExchangeException,Descr='server_addr=(2)10.224.32.15:60201 descr=2(0x00000002): Не удается найти указанный файл.  line=1149 file=d:\jenkins\ci_builder2\windowsbuild2\platform\src\rtrsrvc\src\dataexchangeserverimpl.cpp'
10:40.150001-0,EXCPCNTX,0,ClientComputerName=,ServerComputerName=,UserName=,ConnectString=
10:55.228000-0,EXCP,0,process=rphost,OSThread=5224,ClientID=2581,Exception=NetDataExchangeException,Descr='server_addr=(2)10.224.32.15:60211 descr=2(0x00000002): Не удается найти указанный файл.  line=1149 file=d:\jenkins\ci_builder2\windowsbuild2\platform\src\rtrsrvc\src\dataexchangeserverimpl.cpp'
10:55.228001-0,EXCPCNTX,0,ClientComputerName=,ServerComputerName=,UserName=,ConnectString=
11:10.369000-0,EXCP,0,process=rphost,OSThread=5224,ClientID=2582,Exception=NetDataExchangeException,Descr='server_addr=(2)10.224.32.15:60220 descr=2(0x00000002): Не удается найти указанный файл.  line=1149 file=d:\jenkins\ci_builder2\windowsbuild2\platform\src\rtrsrvc\src\dataexchangeserverimpl.cpp'
11:10.369001-0,EXCPCNTX,0,ClientComputerName=,ServerComputerName=,UserName=,ConnectString=
11:25.478017-0,EXCP,0,process=rphost,OSThread=5224,ClientID=2583,Exception=NetDataExchangeException,Descr='server_addr=(2)10.224.32.15:60228 descr=2(0x00000002): Не удается найти указанный файл.  line=1149 file=d:\jenkins\ci_builder2\windowsbuild2\platform\src\rtrsrvc\src\dataexchangeserverimpl.cpp'
11:25.478018-0,EXCPCNTX,0,ClientComputerName=,ServerComputerName=,UserName=,ConnectString=
11:40.603000-0,EXCP,0,process=rphost,OSThread=5224,ClientID=2584,Exception=NetDataExchangeException,Descr='server_addr=(2)10.224.32.15:60236 descr=2(0x00000002): Не удается найти указанный файл.  line=1149 file=d:\jenkins\ci_builder2\windowsbuild2\platform\src\rtrsrvc\src\dataexchangeserverimpl.cpp'
11:40.603001-0,EXCPCNTX,0,ClientComputerName=,ServerComputerName=,UserName=,ConnectString=
11:55.728044-0,EXCP,0,process=rphost,OSThread=1000,ClientID=2585,Exception=NetDataExchangeException,Descr='server_addr=(2)10.224.32.15:60244 descr=2(0x00000002): Не удается найти указанный файл.  line=1149 file=d:\jenkins\ci_builder2\windowsbuild2\platform\src\rtrsrvc\src\dataexchangeserverimpl.cpp'
11:55.744000-0,EXCPCNTX,0,ClientComputerName=,ServerComputerName=,UserName=,ConnectString=
12:10.853001-0,EXCP,0,process=rphost,OSThread=5816,ClientID=2586,Exception=NetDataExchangeException,Descr='server_addr=(2)10.224.32.15:60253 descr=2(0x00000002): Не удается найти указанный файл.  line=1149 file=d:\jenkins\ci_builder2\windowsbuild2\platform\src\rtrsrvc\src\dataexchangeserverimpl.cpp'
12:10.853002-0,EXCPCNTX,0,ClientComputerName=,ServerComputerName=,UserName=,ConnectString=
12:25.994021-0,EXCP,0,process=rphost,OSThread=4056,ClientID=2587,Exception=NetDataExchangeException,Descr='server_addr=(2)10.224.32.15:60261 descr=2(0x00000002): Не удается найти указанный файл.  line=1149 file=d:\jenkins\ci_builder2\windowsbuild2\platform\src\rtrsrvc\src\dataexchangeserverimpl.cpp'
12:25.994022-0,EXCPCNTX,0,ClientComputerName=,ServerComputerName=,UserName=,ConnectString=
12:41.089000-0,EXCP,0,process=rphost,OSThread=5172,ClientID=2588,Exception=NetDataExchangeException,Descr='server_addr=(2)10.224.32.15:60270 descr=2(0x00000002): Не удается найти указанный файл.  line=1149 file=d:\jenkins\ci_builder2\windowsbuild2\platform\src\rtrsrvc\src\dataexchangeserverimpl.cpp'
12:41.089001-0,EXCPCNTX,0,ClientComputerName=,ServerComputerName=,UserName=,ConnectString=
12:56.198000-0,EXCP,0,process=rphost,OSThread=3684,ClientID=2589,Exception=NetDataExchangeException,Descr='server_addr=(2)10.224.32.15:60278 descr=2(0x00000002): Не удается найти указанный файл.  line=1149 file=d:\jenkins\ci_builder2\windowsbuild2\platform\src\rtrsrvc\src\dataexchangeserverimpl.cpp'
12:56.198001-0,EXCPCNTX,0,ClientComputerName=,ServerComputerName=,UserName=,ConnectString=
13:11.323007-0,EXCP,0,process=rphost,OSThread=3292,ClientID=2590,Exception=NetDataExchangeException,Descr='server_addr=(2)10.224.32.15:60287 descr=2(0x00000002): Не удается найти указанный файл.  line=1149 file=d:\jenkins\ci_builder2\windowsbuild2\platform\src\rtrsrvc\src\dataexchangeserverimpl.cpp'
13:11.323008-0,EXCPCNTX,0,ClientComputerName=,ServerComputerName=,UserName=,ConnectString=
13:12.432000-0,EXCP,0,process=rphost,OSThread=5224,ClientID=2591,Exception=NetDataExchangeException,Descr='server_addr=(2)10.224.32.15:60295 descr=2(0x00000002): Не удается найти указанный файл.  line=1149 file=d:\jenkins\ci_builder2\windowsbuild2\platform\src\rtrsrvc\src\dataexchangeserverimpl.cpp'
13:12.432001-0,EXCPCNTX,0,ClientComputerName=,ServerComputerName=,UserName=,ConnectString=
13:27.542000-0,EXCP,0,process=rphost,OSThread=5224,ClientID=2592,Exception=NetDataExchangeException,Descr='server_addr=(2)10.224.32.15:60309 descr=2(0x00000002): Не удается найти указанный файл.  line=1149 file=d:\jenkins\ci_builder2\windowsbuild2\platform\src\rtrsrvc\src\dataexchangeserverimpl.cpp'
13:27.542001-0,EXCPCNTX,0,ClientComputerName=,ServerComputerName=,UserName=,ConnectString=
13:42.635001-0,EXCP,0,process=rphost,OSThread=3280,ClientID=2593,Exception=NetDataExchangeException,Descr='server_addr=(2)10.224.32.15:60330 descr=2(0x00000002): Не удается найти указанный файл.  line=1149 file=d:\jenkins\ci_builder2\windowsbuild2\platform\src\rtrsrvc\src\dataexchangeserverimpl.cpp'
13:42.635002-0,EXCPCNTX,0,ClientComputerName=,ServerComputerName=,UserName=,ConnectString=
13:57.714000-0,EXCP,0,process=rphost,OSThread=6340,ClientID=2595,Exception=NetDataExchangeException,Descr='server_addr=(2)10.224.32.15:60336 descr=2(0x00000002): Не удается найти указанный файл.  line=1149 file=d:\jenkins\ci_builder2\windowsbuild2\platform\src\rtrsrvc\src\dataexchangeserverimpl.cpp'
13:57.714001-0,EXCPCNTX,0,ClientComputerName=,ServerComputerName=,UserName=,ConnectString=
14:12.823000-0,EXCP,0,process=rphost,OSThread=3924,ClientID=2596,Exception=NetDataExchangeException,Descr='server_addr=(2)10.224.32.15:60342 descr=2(0x00000002): Не удается найти указанный файл.  line=1149 file=d:\jenkins\ci_builder2\windowsbuild2\platform\src\rtrsrvc\src\dataexchangeserverimpl.cpp'
14:12.823001-0,EXCPCNTX,0,ClientComputerName=,ServerComputerName=,UserName=,ConnectString=
14:27.964000-0,EXCP,0,process=rphost,OSThread=1000,ClientID=2597,Exception=NetDataExchangeException,Descr='server_addr=(2)10.224.32.15:60349 descr=2(0x00000002): Не удается найти указанный файл.  line=1149 file=d:\jenkins\ci_builder2\windowsbuild2\platform\src\rtrsrvc\src\dataexchangeserverimpl.cpp'
14:27.964001-0,EXCPCNTX,0,ClientComputerName=,ServerComputerName=,UserName=,ConnectString=
14:36.917000-0,EXCP,0,process=rphost,OSThread=4056,ClientID=2598,Exception=NetDataExchangeException,Descr='server_addr=(2)10.224.32.15:60357 descr=2(0x00000002): Не удается найти указанный файл.  line=1149 file=d:\jenkins\ci_builder2\windowsbuild2\platform\src\rtrsrvc\src\dataexchangeserverimpl.cpp'
14:36.917001-0,EXCPCNTX,0,ClientComputerName=,ServerComputerName=,UserName=,ConnectString=
14:36.932000-0,EXCP,0,process=rphost,OSThread=1000,ClientID=2599,Exception=NetDataExchangeException,Descr='server_addr=(2)10.224.32.15:60381 descr=2(0x00000002): Не удается найти указанный файл.  line=1149 file=d:\jenkins\ci_builder2\windowsbuild2\platform\src\rtrsrvc\src\dataexchangeserverimpl.cpp'
14:36.932001-0,EXCPCNTX,0,ClientComputerName=,ServerComputerName=,UserName=,ConnectString=
14:39.996006-0,EXCP,0,process=rphost,OSThread=6340,ClientID=2600,Exception=NetDataExchangeException,Descr='server_addr=(2)10.224.32.15:60397 descr=2(0x00000002): Не удается найти указанный файл.  line=1149 file=d:\jenkins\ci_builder2\windowsbuild2\platform\src\rtrsrvc\src\dataexchangeserverimpl.cpp'
14:39.996007-0,EXCPCNTX,0,ClientComputerName=,ServerComputerName=,UserName=,ConnectString=
14:40.199000-0,EXCP,0,process=rphost,OSThread=2912,ClientID=2601,Exception=NetDataExchangeException,Descr='server_addr=(2)10.224.32.15:60415 descr=2(0x00000002): Не удается найти указанный файл.  line=1149 file=d:\jenkins\ci_builder2\windowsbuild2\platform\src\rtrsrvc\src\dataexchangeserverimpl.cpp'
14:40.199001-0,EXCPCNTX,0,ClientComputerName=,ServerComputerName=,UserName=,ConnectString=
14:43.418000-0,EXCP,0,process=rphost,OSThread=3452,ClientID=2602,Exception=NetDataExchangeException,Descr='server_addr=(2)10.224.32.15:60436 descr=2(0x00000002): Не удается найти указанный файл.  line=1149 file=d:\jenkins\ci_builder2\windowsbuild2\platform\src\rtrsrvc\src\dataexchangeserverimpl.cpp'
14:43.418001-0,EXCPCNTX,0,ClientComputerName=,ServerComputerName=,UserName=,ConnectString=
14:43.636000-0,EXCP,0,process=rphost,OSThread=3280,ClientID=2603,Exception=NetDataExchangeException,Descr='server_addr=(2)10.224.32.15:60454 descr=2(0x00000002): Не удается найти указанный файл.  line=1149 file=d:\jenkins\ci_builder2\windowsbuild2\platform\src\rtrsrvc\src\dataexchangeserverimpl.cpp'
14:43.636001-0,EXCPCNTX,0,ClientComputerName=,ServerComputerName=,UserName=,ConnectString=
14:47.433000-0,EXCP,0,process=rphost,OSThread=3924,ClientID=2604,Exception=NetDataExchangeException,Descr='server_addr=(2)10.224.32.15:60475 descr=2(0x00000002): Не удается найти указанный файл.  line=1149 file=d:\jenkins\ci_builder2\windowsbuild2\platform\src\rtrsrvc\src\dataexchangeserverimpl.cpp'
14:47.433001-0,EXCPCNTX,0,ClientComputerName=,ServerComputerName=,UserName=,ConnectString=
14:47.840000-0,EXCP,0,process=rphost,OSThread=3292,ClientID=2605,Exception=NetDataExchangeException,Descr='server_addr=(2)10.224.32.15:60493 descr=2(0x00000002): Не удается найти указанный файл.  line=1149 file=d:\jenkins\ci_builder2\windowsbuild2\platform\src\rtrsrvc\src\dataexchangeserverimpl.cpp'
14:47.840001-0,EXCPCNTX,0,ClientComputerName=,ServerComputerName=,UserName=,ConnectString=
14:53.183000-0,EXCP,0,process=rphost,OSThread=5172,ClientID=2606,Exception=NetDataExchangeException,Descr='server_addr=(2)10.224.32.15:60514 descr=2(0x00000002): Не удается найти указанный файл.  line=1149 file=d:\jenkins\ci_builder2\windowsbuild2\platform\src\rtrsrvc\src\dataexchangeserverimpl.cpp'
14:53.183001-0,EXCPCNTX,0,ClientComputerName=,ServerComputerName=,UserName=,ConnectString=
14:53.371000-0,EXCP,0,process=rphost,OSThread=4056,ClientID=2607,Exception=NetDataExchangeException,Descr='server_addr=(2)10.224.32.15:60533 descr=2(0x00000002): Не удается найти указанный файл.  line=1149 file=d:\jenkins\ci_builder2\windowsbuild2\platform\src\rtrsrvc\src\dataexchangeserverimpl.cpp'
14:53.371001-0,EXCPCNTX,0,ClientComputerName=,ServerComputerName=,UserName=,ConnectString=
14:56.496000-0,EXCP,0,process=rphost,OSThread=4056,ClientID=2608,Exception=NetDataExchangeException,Descr='server_addr=(2)10.224.32.15:60554 descr=2(0x00000002): Не удается найти указанный файл.  line=1149 file=d:\jenkins\ci_builder2\windowsbuild2\platform\src\rtrsrvc\src\dataexchangeserverimpl.cpp'
14:56.496001-0,EXCPCNTX,0,ClientComputerName=,ServerComputerName=,UserName=,ConnectString=
15:11.590000-0,EXCP,0,process=rphost,OSThread=3452,ClientID=2609,Exception=NetDataExchangeException,Descr='server_addr=(2)10.224.32.15:60573 descr=2(0x00000002): Не удается найти указанный файл.  line=1149 file=d:\jenkins\ci_builder2\windowsbuild2\platform\src\rtrsrvc\src\dataexchangeserverimpl.cpp'
15:11.590001-0,EXCPCNTX,0,ClientComputerName=,ServerComputerName=,UserName=,ConnectString=
15:26.715000-0,EXCP,0,process=rphost,OSThread=3292,ClientID=2610,Exception=NetDataExchangeException,Descr='server_addr=(2)10.224.32.15:60594 descr=2(0x00000002): Не удается найти указанный файл.  line=1149 file=d:\jenkins\ci_builder2\windowsbuild2\platform\src\rtrsrvc\src\dataexchangeserverimpl.cpp'
15:26.715001-0,EXCPCNTX,0,ClientComputerName=,ServerComputerName=,UserName=,ConnectString=
15:41.856000-0,EXCP,0,process=rphost,OSThread=5172,ClientID=2611,Exception=NetDataExchangeException,Descr='server_addr=(2)10.224.32.15:60597 descr=2(0x00000002): Не удается найти указанный файл.  line=1149 file=d:\jenkins\ci_builder2\windowsbuild2\platform\src\rtrsrvc\src\dataexchangeserverimpl.cpp'
15:41.856001-0,EXCPCNTX,0,ClientComputerName=,ServerComputerName=,UserName=,ConnectString=
15:56.966000-0,EXCP,0,process=rphost,OSThread=6340,ClientID=2612,Exception=NetDataExchangeException,Descr='server_addr=(2)10.224.32.15:60600 descr=2(0x00000002): Не удается найти указанный файл.  line=1149 file=d:\jenkins\ci_builder2\windowsbuild2\platform\src\rtrsrvc\src\dataexchangeserverimpl.cpp'
15:56.966001-0,EXCPCNTX,0,ClientComputerName=,ServerComputerName=,UserName=,ConnectString=
16:12.091000-0,EXCP,0,process=rphost,OSThread=3292,ClientID=2613,Exception=NetDataExchangeException,Descr='server_addr=(2)10.224.32.15:60603 descr=2(0x00000002): Не удается найти указанный файл.  line=1149 file=d:\jenkins\ci_builder2\windowsbuild2\platform\src\rtrsrvc\src\dataexchangeserverimpl.cpp'
16:12.091001-0,EXCPCNTX,0,ClientComputerName=,ServerComputerName=,UserName=,ConnectString=
16:21.903013-0,EXCP,2,process=rphost,p:processName=bi_bk3wk1_prod_01,OSThread=5696,t:clientID=1625,t:applicationName=1CV8C,t:computerName=DC2RDSH01,t:connectID=8198,SessionID=30,Usr=Бектасова Алия Белгибаевна,AppID=1CV8C,Exception=afd2b550-0d52-4e03-b448-15ed68d87ac5,Descr='src\basic\src\documentlogformobjcontroller.cpp(884):
afd2b550-0d52-4e03-b448-15ed68d87ac5
0d2200af-1696-4395-91e5-2872675e6d3d: Не удалось провести: "Заявка на оплату"!',Context=Форма.Записать : Документ.ЗаявкаНаОплату.Форма.ФормаДокумента
16:21.934000-0,EXCP,2,process=rphost,p:processName=bi_bk3wk1_prod_01,OSThread=5696,t:clientID=1625,t:applicationName=1CV8C,t:computerName=DC2RDSH01,t:connectID=8198,SessionID=30,Usr=Бектасова Алия Белгибаевна,AppID=1CV8C,Exception=580392e6-ba49-4280-ac67-fcd6f2180121,Descr='src\vrsbase\src\vresourceinfobaseimpl.cpp(1114):
580392e6-ba49-4280-ac67-fcd6f2180121: Неспецифицированная ошибка работы с ресурсом
Ошибка при выполнении запроса POST к ресурсу /e1cib/logForm:
afd2b550-0d52-4e03-b448-15ed68d87ac5
0d2200af-1696-4395-91e5-2872675e6d3d: Не удалось провести: "Заявка на оплату"!'
16:23.872000-0,EXCP,0,process=rphost,OSThread=4056,ClientID=2614,Exception=NetDataExchangeException,Descr='server_addr=(2)10.224.32.15:60607 descr=2(0x00000002): Не удается найти указанный файл.  line=1149 file=d:\jenkins\ci_builder2\windowsbuild2\platform\src\rtrsrvc\src\dataexchangeserverimpl.cpp'
16:23.872001-0,EXCPCNTX,0,ClientComputerName=,ServerComputerName=,UserName=,ConnectString=
16:24.216000-0,EXCP,0,process=rphost,OSThread=2912,ClientID=2615,Exception=NetDataExchangeException,Descr='server_addr=(2)10.224.32.15:60627 descr=2(0x00000002): Не удается найти указанный файл.  line=1149 file=d:\jenkins\ci_builder2\windowsbuild2\platform\src\rtrsrvc\src\dataexchangeserverimpl.cpp'
16:24.216001-0,EXCPCNTX,0,ClientComputerName=,ServerComputerName=,UserName=,ConnectString=
16:24.481000-0,EXCP,0,process=rphost,OSThread=2912,ClientID=2616,Exception=NetDataExchangeException,Descr='server_addr=(2)10.224.32.15:60649 descr=2(0x00000002): Не удается найти указанный файл.  line=1149 file=d:\jenkins\ci_builder2\windowsbuild2\platform\src\rtrsrvc\src\dataexchangeserverimpl.cpp'
16:24.481001-0,EXCPCNTX,0,ClientComputerName=,ServerComputerName=,UserName=,ConnectString=
16:24.684001-0,EXCP,0,process=rphost,OSThread=2912,ClientID=2617,Exception=NetDataExchangeException,Descr='server_addr=(2)10.224.32.15:60666 descr=2(0x00000002): Не удается найти указанный файл.  line=1149 file=d:\jenkins\ci_builder2\windowsbuild2\platform\src\rtrsrvc\src\dataexchangeserverimpl.cpp'
16:24.684002-0,EXCPCNTX,0,ClientComputerName=,ServerComputerName=,UserName=,ConnectString=
16:39.686000-0,EXCP,0,process=rphost,OSThread=5816,ClientID=2618,Exception=NetDataExchangeException,Descr='server_addr=(2)10.224.32.15:60687 descr=2(0x00000002): Не удается найти указанный файл.  line=1149 file=d:\jenkins\ci_builder2\windowsbuild2\platform\src\rtrsrvc\src\dataexchangeserverimpl.cpp'
16:39.686001-0,EXCPCNTX,0,ClientComputerName=,ServerComputerName=,UserName=,ConnectString=
16:53.968000-0,EXCP,0,process=rphost,OSThread=3924,ClientID=2619,Exception=NetDataExchangeException,Descr='server_addr=(2)10.224.32.15:60703 descr=2(0x00000002): Не удается найти указанный файл.  line=1149 file=d:\jenkins\ci_builder2\windowsbuild2\platform\src\rtrsrvc\src\dataexchangeserverimpl.cpp'
16:53.968001-0,EXCPCNTX,0,ClientComputerName=,ServerComputerName=,UserName=,ConnectString=
16:54.124000-0,EXCP,0,process=rphost,OSThread=1000,ClientID=2620,Exception=NetDataExchangeException,Descr='server_addr=(2)10.224.32.15:60711 descr=2(0x00000002): Не удается найти указанный файл.  line=1149 file=d:\jenkins\ci_builder2\windowsbuild2\platform\src\rtrsrvc\src\dataexchangeserverimpl.cpp'
16:54.124001-0,EXCPCNTX,0,ClientComputerName=,ServerComputerName=,UserName=,ConnectString=
17:09.186000-0,EXCP,0,process=rphost,OSThread=5224,ClientID=2621,Exception=NetDataExchangeException,Descr='server_addr=(2)10.224.32.15:60735 descr=2(0x00000002): Не удается найти указанный файл.  line=1149 file=d:\jenkins\ci_builder2\windowsbuild2\platform\src\rtrsrvc\src\dataexchangeserverimpl.cpp'
17:09.186001-0,EXCPCNTX,0,ClientComputerName=,ServerComputerName=,UserName=,ConnectString=
17:24.311000-0,EXCP,0,process=rphost,OSThread=3280,ClientID=2622,Exception=NetDataExchangeException,Descr='server_addr=(2)10.224.32.15:60751 descr=2(0x00000002): Не удается найти указанный файл.  line=1149 file=d:\jenkins\ci_builder2\windowsbuild2\platform\src\rtrsrvc\src\dataexchangeserverimpl.cpp'
17:24.311001-0,EXCPCNTX,0,ClientComputerName=,ServerComputerName=,UserName=,ConnectString=
17:39.422000-0,EXCP,0,process=rphost,OSThread=6340,ClientID=2623,Exception=NetDataExchangeException,Descr='server_addr=(2)10.224.32.15:60760 descr=2(0x00000002): Не удается найти указанный файл.  line=1149 file=d:\jenkins\ci_builder2\windowsbuild2\platform\src\rtrsrvc\src\dataexchangeserverimpl.cpp'
17:39.422001-0,EXCPCNTX,0,ClientComputerName=,ServerComputerName=,UserName=,ConnectString=
17:54.515000-0,EXCP,0,process=rphost,OSThread=5224,ClientID=2624,Exception=NetDataExchangeException,Descr='server_addr=(2)10.224.32.15:60763 descr=2(0x00000002): Не удается найти указанный файл.  line=1149 file=d:\jenkins\ci_builder2\windowsbuild2\platform\src\rtrsrvc\src\dataexchangeserverimpl.cpp'
17:54.515001-0,EXCPCNTX,0,ClientComputerName=,ServerComputerName=,UserName=,ConnectString=
18:09.625000-0,EXCP,0,process=rphost,OSThread=3280,ClientID=2625,Exception=NetDataExchangeException,Descr='server_addr=(2)10.224.32.15:60766 descr=2(0x00000002): Не удается найти указанный файл.  line=1149 file=d:\jenkins\ci_builder2\windowsbuild2\platform\src\rtrsrvc\src\dataexchangeserverimpl.cpp'
18:09.625001-0,EXCPCNTX,0,ClientComputerName=,ServerComputerName=,UserName=,ConnectString=
18:24.765001-0,EXCP,0,process=rphost,OSThread=1000,ClientID=2626,Exception=NetDataExchangeException,Descr='server_addr=(2)10.224.32.15:60775 descr=2(0x00000002): Не удается найти указанный файл.  line=1149 file=d:\jenkins\ci_builder2\windowsbuild2\platform\src\rtrsrvc\src\dataexchangeserverimpl.cpp'
18:24.765002-0,EXCPCNTX,0,ClientComputerName=,ServerComputerName=,UserName=,ConnectString=
18:39.889010-0,EXCP,0,process=rphost,OSThread=5816,ClientID=2627,Exception=NetDataExchangeException,Descr='server_addr=(2)10.224.32.15:60777 descr=2(0x00000002): Не удается найти указанный файл.  line=1149 file=d:\jenkins\ci_builder2\windowsbuild2\platform\src\rtrsrvc\src\dataexchangeserverimpl.cpp'
18:39.889011-0,EXCPCNTX,0,ClientComputerName=,ServerComputerName=,UserName=,ConnectString=
18:54.999000-0,EXCP,0,process=rphost,OSThread=5224,ClientID=2628,Exception=NetDataExchangeException,Descr='server_addr=(2)10.224.32.15:60780 descr=2(0x00000002): Не удается найти указанный файл.  line=1149 file=d:\jenkins\ci_builder2\windowsbuild2\platform\src\rtrsrvc\src\dataexchangeserverimpl.cpp'
18:54.999001-0,EXCPCNTX,0,ClientComputerName=,ServerComputerName=,UserName=,ConnectString=
19:10.124000-0,EXCP,0,process=rphost,OSThread=5172,ClientID=2629,Exception=NetDataExchangeException,Descr='server_addr=(2)10.224.32.15:60782 descr=2(0x00000002): Не удается найти указанный файл.  line=1149 file=d:\jenkins\ci_builder2\windowsbuild2\platform\src\rtrsrvc\src\dataexchangeserverimpl.cpp'
19:10.124001-0,EXCPCNTX,0,ClientComputerName=,ServerComputerName=,UserName=,ConnectString=
19:25.233005-0,EXCP,0,process=rphost,OSThread=5816,ClientID=2630,Exception=NetDataExchangeException,Descr='server_addr=(2)10.224.32.15:60803 descr=2(0x00000002): Не удается найти указанный файл.  line=1149 file=d:\jenkins\ci_builder2\windowsbuild2\platform\src\rtrsrvc\src\dataexchangeserverimpl.cpp'
19:25.233006-0,EXCPCNTX,0,ClientComputerName=,ServerComputerName=,UserName=,ConnectString=
19:40.344000-0,EXCP,0,process=rphost,OSThread=1000,ClientID=2631,Exception=NetDataExchangeException,Descr='server_addr=(2)10.224.32.15:60818 descr=2(0x00000002): Не удается найти указанный файл.  line=1149 file=d:\jenkins\ci_builder2\windowsbuild2\platform\src\rtrsrvc\src\dataexchangeserverimpl.cpp'
19:40.344001-0,EXCPCNTX,0,ClientComputerName=,ServerComputerName=,UserName=,ConnectString=
19:55.469000-0,EXCP,0,process=rphost,OSThread=5816,ClientID=2632,Exception=NetDataExchangeException,Descr='server_addr=(2)10.224.32.15:60820 descr=2(0x00000002): Не удается найти указанный файл.  line=1149 file=d:\jenkins\ci_builder2\windowsbuild2\platform\src\rtrsrvc\src\dataexchangeserverimpl.cpp'
19:55.469001-0,EXCPCNTX,0,ClientComputerName=,ServerComputerName=,UserName=,ConnectString=
20:10.594000-0,EXCP,0,process=rphost,OSThread=5172,ClientID=2633,Exception=NetDataExchangeException,Descr='server_addr=(2)10.224.32.15:60822 descr=2(0x00000002): Не удается найти указанный файл.  line=1149 file=d:\jenkins\ci_builder2\windowsbuild2\platform\src\rtrsrvc\src\dataexchangeserverimpl.cpp'
20:10.594001-0,EXCPCNTX,0,ClientComputerName=,ServerComputerName=,UserName=,ConnectString=
20:25.672000-0,EXCP,0,process=rphost,OSThread=3292,ClientID=2634,Exception=NetDataExchangeException,Descr='server_addr=(2)10.224.32.15:60825 descr=2(0x00000002): Не удается найти указанный файл.  line=1149 file=d:\jenkins\ci_builder2\windowsbuild2\platform\src\rtrsrvc\src\dataexchangeserverimpl.cpp'
20:25.672001-0,EXCPCNTX,0,ClientComputerName=,ServerComputerName=,UserName=,ConnectString=
20:40.752000-0,EXCP,0,process=rphost,OSThread=3684,ClientID=2635,Exception=NetDataExchangeException,Descr='server_addr=(2)10.224.32.15:60827 descr=2(0x00000002): Не удается найти указанный файл.  line=1149 file=d:\jenkins\ci_builder2\windowsbuild2\platform\src\rtrsrvc\src\dataexchangeserverimpl.cpp'
20:40.752001-0,EXCPCNTX,0,ClientComputerName=,ServerComputerName=,UserName=,ConnectString=
20:55.877001-0,EXCP,0,process=rphost,OSThread=5224,ClientID=2636,Exception=NetDataExchangeException,Descr='server_addr=(2)10.224.32.15:60830 descr=2(0x00000002): Не удается найти указанный файл.  line=1149 file=d:\jenkins\ci_builder2\windowsbuild2\platform\src\rtrsrvc\src\dataexchangeserverimpl.cpp'
20:55.877002-0,EXCPCNTX,0,ClientComputerName=,ServerComputerName=,UserName=,ConnectString=
21:10.986000-0,EXCP,0,process=rphost,OSThread=5224,ClientID=2637,Exception=NetDataExchangeException,Descr='server_addr=(2)10.224.32.15:60833 descr=2(0x00000002): Не удается найти указанный файл.  line=1149 file=d:\jenkins\ci_builder2\windowsbuild2\platform\src\rtrsrvc\src\dataexchangeserverimpl.cpp'
21:10.986001-0,EXCPCNTX,0,ClientComputerName=,ServerComputerName=,UserName=,ConnectString=
21:26.064000-0,EXCP,0,process=rphost,OSThread=3280,ClientID=2638,Exception=NetDataExchangeException,Descr='server_addr=(2)10.224.32.15:60835 descr=2(0x00000002): Не удается найти указанный файл.  line=1149 file=d:\jenkins\ci_builder2\windowsbuild2\platform\src\rtrsrvc\src\dataexchangeserverimpl.cpp'
21:26.064001-0,EXCPCNTX,0,ClientComputerName=,ServerComputerName=,UserName=,ConnectString=
21:41.159000-0,EXCP,0,process=rphost,OSThread=3924,ClientID=2640,Exception=NetDataExchangeException,Descr='server_addr=(2)10.224.32.15:60837 descr=2(0x00000002): Не удается найти указанный файл.  line=1149 file=d:\jenkins\ci_builder2\windowsbuild2\platform\src\rtrsrvc\src\dataexchangeserverimpl.cpp'
21:41.159001-0,EXCPCNTX,0,ClientComputerName=,ServerComputerName=,UserName=,ConnectString=
21:56.253006-0,EXCP,0,process=rphost,OSThread=2912,ClientID=2642,Exception=NetDataExchangeException,Descr='server_addr=(2)10.224.32.15:60839 descr=2(0x00000002): Не удается найти указанный файл.  line=1149 file=d:\jenkins\ci_builder2\windowsbuild2\platform\src\rtrsrvc\src\dataexchangeserverimpl.cpp'
21:56.253007-0,EXCPCNTX,0,ClientComputerName=,ServerComputerName=,UserName=,ConnectString=
22:11.362000-0,EXCP,0,process=rphost,OSThread=4056,ClientID=2643,Exception=NetDataExchangeException,Descr='server_addr=(2)10.224.32.15:60841 descr=2(0x00000002): Не удается найти указанный файл.  line=1149 file=d:\jenkins\ci_builder2\windowsbuild2\platform\src\rtrsrvc\src\dataexchangeserverimpl.cpp'
22:11.362001-0,EXCPCNTX,0,ClientComputerName=,ServerComputerName=,UserName=,ConnectString=
22:26.456000-0,EXCP,0,process=rphost,OSThread=1000,ClientID=2644,Exception=NetDataExchangeException,Descr='server_addr=(2)10.224.32.15:60844 descr=2(0x00000002): Не удается найти указанный файл.  line=1149 file=d:\jenkins\ci_builder2\windowsbuild2\platform\src\rtrsrvc\src\dataexchangeserverimpl.cpp'
22:26.456001-0,EXCPCNTX,0,ClientComputerName=,ServerComputerName=,UserName=,ConnectString=
22:41.582000-0,EXCP,0,process=rphost,OSThread=2912,ClientID=2645,Exception=NetDataExchangeException,Descr='server_addr=(2)10.224.32.15:60846 descr=2(0x00000002): Не удается найти указанный файл.  line=1149 file=d:\jenkins\ci_builder2\windowsbuild2\platform\src\rtrsrvc\src\dataexchangeserverimpl.cpp'
22:41.582001-0,EXCPCNTX,0,ClientComputerName=,ServerComputerName=,UserName=,ConnectString=
22:56.676007-0,EXCP,0,process=rphost,OSThread=5224,ClientID=2646,Exception=NetDataExchangeException,Descr='server_addr=(2)10.224.32.15:60849 descr=2(0x00000002): Не удается найти указанный файл.  line=1149 file=d:\jenkins\ci_builder2\windowsbuild2\platform\src\rtrsrvc\src\dataexchangeserverimpl.cpp'
22:56.676008-0,EXCPCNTX,0,ClientComputerName=,ServerComputerName=,UserName=,ConnectString=
23:11.801001-0,EXCP,0,process=rphost,OSThread=5172,ClientID=2647,Exception=NetDataExchangeException,Descr='server_addr=(2)10.224.32.15:60852 descr=2(0x00000002): Не удается найти указанный файл.  line=1149 file=d:\jenkins\ci_builder2\windowsbuild2\platform\src\rtrsrvc\src\dataexchangeserverimpl.cpp'
23:11.801002-0,EXCPCNTX,0,ClientComputerName=,ServerComputerName=,UserName=,ConnectString=
23:26.910001-0,EXCP,0,process=rphost,OSThread=3452,ClientID=2648,Exception=NetDataExchangeException,Descr='server_addr=(2)10.224.32.15:60854 descr=2(0x00000002): Не удается найти указанный файл.  line=1149 file=d:\jenkins\ci_builder2\windowsbuild2\platform\src\rtrsrvc\src\dataexchangeserverimpl.cpp'
23:26.910002-0,EXCPCNTX,0,ClientComputerName=,ServerComputerName=,UserName=,ConnectString=
23:38.128009-0,EXCP,2,process=rphost,p:processName=bi_bk3wk1_prod_01,OSThread=3820,t:clientID=1680,t:applicationName=1CV8C,t:computerName=DC1RDSH05,t:connectID=8391,SessionID=208,Usr=Байсултанова Куралай Сериковна,AppID=1CV8C,Exception=afd2b550-0d52-4e03-b448-15ed68d87ac5,Descr='src\basic\src\documentlogformobjcontroller.cpp(884):
afd2b550-0d52-4e03-b448-15ed68d87ac5
0d2200af-1696-4395-91e5-2872675e6d3d: Не удалось провести "Заявка на оплату KR100002736 от 04.05.2020 19:23:36"!',Context=Форма.Записать : Документ.ЗаявкаНаОплату.Форма.ФормаДокумента
23:38.159000-0,EXCP,2,process=rphost,p:processName=bi_bk3wk1_prod_01,OSThread=3820,t:clientID=1680,t:applicationName=1CV8C,t:computerName=DC1RDSH05,t:connectID=8391,SessionID=208,Usr=Байсултанова Куралай Сериковна,AppID=1CV8C,Exception=580392e6-ba49-4280-ac67-fcd6f2180121,Descr='src\vrsbase\src\vresourceinfobaseimpl.cpp(1114):
580392e6-ba49-4280-ac67-fcd6f2180121: Неспецифицированная ошибка работы с ресурсом
Ошибка при выполнении запроса POST к ресурсу /e1cib/logForm:
afd2b550-0d52-4e03-b448-15ed68d87ac5
0d2200af-1696-4395-91e5-2872675e6d3d: Не удалось провести "Заявка на оплату KR100002736 от 04.05.2020 19:23:36"!'
23:42.003011-0,EXCP,0,process=rphost,OSThread=3452,ClientID=2649,Exception=NetDataExchangeException,Descr='server_addr=(2)10.224.32.15:60856 descr=2(0x00000002): Не удается найти указанный файл.  line=1149 file=d:\jenkins\ci_builder2\windowsbuild2\platform\src\rtrsrvc\src\dataexchangeserverimpl.cpp'
23:42.003012-0,EXCPCNTX,0,ClientComputerName=,ServerComputerName=,UserName=,ConnectString=
23:57.143000-0,EXCP,0,process=rphost,OSThread=4056,ClientID=2650,Exception=NetDataExchangeException,Descr='server_addr=(2)10.224.32.15:60858 descr=2(0x00000002): Не удается найти указанный файл.  line=1149 file=d:\jenkins\ci_builder2\windowsbuild2\platform\src\rtrsrvc\src\dataexchangeserverimpl.cpp'
23:57.143001-0,EXCPCNTX,0,ClientComputerName=,ServerComputerName=,UserName=,ConnectString=
24:02.643019-0,EXCP,0,process=rphost,OSThread=5224,ClientID=2561,Exception=NetDataExchangeException,Descr='server_addr=(2)10.224.32.249:52086 descr=2(0x00000002): Не удается найти указанный файл.  line=1149 file=d:\jenkins\ci_builder2\windowsbuild2\platform\src\rtrsrvc\src\dataexchangeserverimpl.cpp'
24:02.643020-0,EXCPCNTX,0,ClientComputerName=,ServerComputerName=,UserName=,ConnectString=
24:12.253002-0,EXCP,0,process=rphost,OSThread=3684,ClientID=2651,Exception=NetDataExchangeException,Descr='server_addr=(2)10.224.32.15:60860 descr=2(0x00000002): Не удается найти указанный файл.  line=1149 file=d:\jenkins\ci_builder2\windowsbuild2\platform\src\rtrsrvc\src\dataexchangeserverimpl.cpp'
24:12.253003-0,EXCPCNTX,0,ClientComputerName=,ServerComputerName=,UserName=,ConnectString=
24:27.362003-0,EXCP,0,process=rphost,OSThread=3452,ClientID=2653,Exception=NetDataExchangeException,Descr='server_addr=(2)10.224.32.15:60863 descr=2(0x00000002): Не удается найти указанный файл.  line=1149 file=d:\jenkins\ci_builder2\windowsbuild2\platform\src\rtrsrvc\src\dataexchangeserverimpl.cpp'
24:27.362004-0,EXCPCNTX,0,ClientComputerName=,ServerComputerName=,UserName=,ConnectString=
24:41.018017-0,EXCP,0,process=rphost,OSThread=1000,ClientID=2654,Exception=NetDataExchangeException,Descr='server_addr=(2)10.224.32.15:60866 descr=2(0x00000002): Не удается найти указанный файл.  line=1149 file=d:\jenkins\ci_builder2\windowsbuild2\platform\src\rtrsrvc\src\dataexchangeserverimpl.cpp'
24:41.018018-0,EXCPCNTX,0,ClientComputerName=,ServerComputerName=,UserName=,ConnectString=
30:02.968018-0,EXCP,0,process=rphost,OSThread=3684,ClientID=1554,Exception=NetDataExchangeException,Descr='server_addr=(2)10.224.32.44:49203 descr=2(0x00000002): Не удается найти указанный файл.  line=1149 file=d:\jenkins\ci_builder2\windowsbuild2\platform\src\rtrsrvc\src\dataexchangeserverimpl.cpp'
30:02.968020-0,EXCPCNTX,0,ClientComputerName=,ServerComputerName=,UserName=,ConnectString=
31:16.986016-0,EXCP,0,process=rphost,OSThread=3292,ClientID=2146,Exception=NetDataExchangeException,Descr='server_addr=(2)10.3.172.8:63839 descr=2(0x00000002): Не удается найти указанный файл.  line=1149 file=d:\jenkins\ci_builder2\windowsbuild2\platform\src\rtrsrvc\src\dataexchangeserverimpl.cpp'
31:16.986017-0,EXCPCNTX,0,ClientComputerName=,ServerComputerName=,UserName=,ConnectString=
37:34.289011-0,EXCP,2,process=rphost,p:processName=bi_bk3wk1_prod_01,OSThread=8224,t:clientID=1625,t:applicationName=1CV8C,t:computerName=DC2RDSH01,t:connectID=8198,SessionID=30,Usr=Бектасова Алия Белгибаевна,AppID=1CV8C,Exception=afd2b550-0d52-4e03-b448-15ed68d87ac5,Descr='src\basic\src\documentlogformobjcontroller.cpp(884):
afd2b550-0d52-4e03-b448-15ed68d87ac5
0d2200af-1696-4395-91e5-2872675e6d3d: Не удалось провести: "Заявка на оплату"!',Context=Форма.Записать : Документ.ЗаявкаНаОплату.Форма.ФормаДокумента
37:34.320000-0,EXCP,2,process=rphost,p:processName=bi_bk3wk1_prod_01,OSThread=8224,t:clientID=1625,t:applicationName=1CV8C,t:computerName=DC2RDSH01,t:connectID=8198,SessionID=30,Usr=Бектасова Алия Белгибаевна,AppID=1CV8C,Exception=580392e6-ba49-4280-ac67-fcd6f2180121,Descr='src\vrsbase\src\vresourceinfobaseimpl.cpp(1114):
580392e6-ba49-4280-ac67-fcd6f2180121: Неспецифицированная ошибка работы с ресурсом
Ошибка при выполнении запроса POST к ресурсу /e1cib/logForm:
afd2b550-0d52-4e03-b448-15ed68d87ac5
0d2200af-1696-4395-91e5-2872675e6d3d: Не удалось провести: "Заявка на оплату"!'
37:37.790005-0,ADMIN,2,process=rphost,p:processName=ServerJobExecutorContext,OSThread=1140,t:clientID=2461,t:applicationName=JobScheduler,t:computerName=DC2BUHAPP11,Func=killClient,ClusterID=8aa94e2b-5d54-4b86-800b-79353ce39638,ConnectionID=306a4894-a6c2-4de9-b48a-e116060dfdd4,Mode=0,Ref=bi_bk3wk1_prod_01(bi_bk3wk1_prod_01),Host=DC2BUHAPP11,Connection=13730,Administrator=Unknown,Result=Success
37:39.712010-0,EXCP,3,process=rphost,p:processName=bi_bk3wk1_prod_01,OSThread=7984,t:clientID=2678,t:applicationName=BackgroundJob,t:computerName=DC2BUHAPP11,t:connectID=13730,SessionID=7457,Usr=WK1_Туткышева_Мерей_Жанатовна,Exception=SeanceContextException,Descr='Сеанс отсутствует или удален
ID=4b507677-9b7f-40ea-8a81-b3df728d3d3b, File=d:\jenkins\ci_builder2\windowsbuild2\platform\src\rserver\src\clusterdistribimpl.cpp(1439)'
37:39.712012-0,EXCP,2,process=rphost,p:processName=bi_bk3wk1_prod_01,OSThread=7984,t:clientID=2678,t:applicationName=BackgroundJob,t:computerName=DC2BUHAPP11,t:connectID=13730,SessionID=7457,Usr=WK1_Туткышева_Мерей_Жанатовна,Exception=60c686dc-798f-4d17-aadb-a90156a16eb8,Descr='src\rserver\src\rmngrcalls.cpp(476):
60c686dc-798f-4d17-aadb-a90156a16eb8: Сеанс отсутствует или удален
ID=4b507677-9b7f-40ea-8a81-b3df728d3d3b, File=d:\jenkins\ci_builder2\windowsbuild2\platform\src\rserver\src\clusterdistribimpl.cpp(1439)'
37:39.915000-0,EXCP,2,process=rphost,p:processName=bi_bk3wk1_prod_01,OSThread=7984,t:clientID=2678,t:applicationName=BackgroundJob,t:computerName=DC2BUHAPP11,t:connectID=13730,SessionID=7457,Usr=WK1_Туткышева_Мерей_Жанатовна,Exception=SeanceContextException,Descr='Сеанс отсутствует или удален
ID=4b507677-9b7f-40ea-8a81-b3df728d3d3b, File=d:\jenkins\ci_builder2\windowsbuild2\platform\src\rserver\src\rmngrcalls.cpp(364)'
37:39.915001-0,EXCP,2,process=rphost,p:processName=bi_bk3wk1_prod_01,OSThread=7984,t:clientID=2678,t:applicationName=BackgroundJob,t:computerName=DC2BUHAPP11,t:connectID=13730,SessionID=7457,Usr=WK1_Туткышева_Мерей_Жанатовна,Exception=60c686dc-798f-4d17-aadb-a90156a16eb8,Descr='src\rserver\src\serverjobexecutor.cpp(1095):
60c686dc-798f-4d17-aadb-a90156a16eb8: Сеанс отсутствует или удален
ID=4b507677-9b7f-40ea-8a81-b3df728d3d3b, File=d:\jenkins\ci_builder2\windowsbuild2\platform\src\rserver\src\rmngrcalls.cpp(364)'
37:39.915003-0,EXCP,3,process=rphost,p:processName=bi_bk3wk1_prod_01,OSThread=7984,t:clientID=2678,t:applicationName=BackgroundJob,t:computerName=DC2BUHAPP11,t:connectID=13730,SessionID=7457,Usr=WK1_Туткышева_Мерей_Жанатовна,Exception=SeanceContextException,Descr='Сеанс отсутствует или удален
ID=4b507677-9b7f-40ea-8a81-b3df728d3d3b, File=d:\jenkins\ci_builder2\windowsbuild2\platform\src\rserver\src\clusterdistribimpl.cpp(1439)'
37:39.915005-0,EXCP,2,process=rphost,p:processName=bi_bk3wk1_prod_01,OSThread=7984,t:clientID=2678,t:applicationName=BackgroundJob,t:computerName=DC2BUHAPP11,t:connectID=13730,SessionID=7457,Usr=WK1_Туткышева_Мерей_Жанатовна,Exception=60c686dc-798f-4d17-aadb-a90156a16eb8,Descr='src\rserver\src\rmngrcalls.cpp(476):
60c686dc-798f-4d17-aadb-a90156a16eb8: Сеанс отсутствует или удален
ID=4b507677-9b7f-40ea-8a81-b3df728d3d3b, File=d:\jenkins\ci_builder2\windowsbuild2\platform\src\rserver\src\clusterdistribimpl.cpp(1439)'
37:40.118000-0,EXCP,2,process=rphost,p:processName=bi_bk3wk1_prod_01,OSThread=7984,t:clientID=2678,t:applicationName=BackgroundJob,t:computerName=DC2BUHAPP11,t:connectID=13730,SessionID=7457,Usr=WK1_Туткышева_Мерей_Жанатовна,Exception=SeanceContextException,Descr='Сеанс отсутствует или удален
ID=4b507677-9b7f-40ea-8a81-b3df728d3d3b, File=d:\jenkins\ci_builder2\windowsbuild2\platform\src\rserver\src\rmngrcalls.cpp(364)'
58:17.503005-0,ADMIN,2,process=rphost,p:processName=ServerJobExecutorContext,OSThread=1140,t:clientID=2702,t:applicationName=JobScheduler,t:computerName=DC2BUHAPP11,Func=killClient,ClusterID=8aa94e2b-5d54-4b86-800b-79353ce39638,ConnectionID=43ce6a82-e05b-4fef-8c00-97258488040a,Mode=0,Ref=bi_bk3wk1_prod_01(bi_bk3wk1_prod_01),Host=DC2BUHAPP11,Connection=13882,Administrator=Unknown,Result=Success
58:17.925005-0,ADMIN,2,process=rphost,p:processName=ServerJobExecutorContext,OSThread=1140,t:clientID=2702,t:applicationName=JobScheduler,t:computerName=DC2BUHAPP11,Func=killClient,ClusterID=8aa94e2b-5d54-4b86-800b-79353ce39638,ConnectionID=cdefd90d-ca4d-42a9-a25a-560dfc0fb6c5,Mode=0,Ref=bi_bk3wk1_prod_01(bi_bk3wk1_prod_01),Host=DC2BUHAPP11,Connection=13883,Administrator=Unknown,Result=Success
58:18.612005-0,EXCP,3,process=rphost,p:processName=bi_bk3wk1_prod_01,OSThread=3580,t:clientID=2740,t:applicationName=BackgroundJob,t:computerName=DC2BUHAPP11,t:connectID=13882,SessionID=7600,Usr=WK1_Туткышева_Мерей_Жанатовна,Exception=SeanceContextException,Descr='Сеанс отсутствует или удален
ID=b28018b4-a549-4ece-afb6-1b29ffa2209a, File=d:\jenkins\ci_builder2\windowsbuild2\platform\src\rserver\src\clusterdistribimpl.cpp(1439)'
58:18.612007-0,EXCP,2,process=rphost,p:processName=bi_bk3wk1_prod_01,OSThread=3580,t:clientID=2740,t:applicationName=BackgroundJob,t:computerName=DC2BUHAPP11,t:connectID=13882,SessionID=7600,Usr=WK1_Туткышева_Мерей_Жанатовна,Exception=60c686dc-798f-4d17-aadb-a90156a16eb8,Descr='src\rserver\src\rmngrcalls.cpp(476):
60c686dc-798f-4d17-aadb-a90156a16eb8: Сеанс отсутствует или удален
ID=b28018b4-a549-4ece-afb6-1b29ffa2209a, File=d:\jenkins\ci_builder2\windowsbuild2\platform\src\rserver\src\clusterdistribimpl.cpp(1439)'
58:18.706006-0,EXCP,2,process=rphost,p:processName=bi_bk3wk1_prod_01,OSThread=3580,t:clientID=2740,t:applicationName=BackgroundJob,t:computerName=DC2BUHAPP11,t:connectID=13882,SessionID=7600,Usr=WK1_Туткышева_Мерей_Жанатовна,Exception=SeanceContextException,Descr='Сеанс отсутствует или удален
ID=b28018b4-a549-4ece-afb6-1b29ffa2209a, File=d:\jenkins\ci_builder2\windowsbuild2\platform\src\rserver\src\rmngrcalls.cpp(364)'
58:18.706007-0,EXCP,2,process=rphost,p:processName=bi_bk3wk1_prod_01,OSThread=3580,t:clientID=2740,t:applicationName=BackgroundJob,t:computerName=DC2BUHAPP11,t:connectID=13882,SessionID=7600,Usr=WK1_Туткышева_Мерей_Жанатовна,Exception=60c686dc-798f-4d17-aadb-a90156a16eb8,Descr='src\rserver\src\serverjobexecutor.cpp(1095):
60c686dc-798f-4d17-aadb-a90156a16eb8: Сеанс отсутствует или удален
ID=b28018b4-a549-4ece-afb6-1b29ffa2209a, File=d:\jenkins\ci_builder2\windowsbuild2\platform\src\rserver\src\rmngrcalls.cpp(364)'
58:18.706009-0,EXCP,3,process=rphost,p:processName=bi_bk3wk1_prod_01,OSThread=3580,t:clientID=2740,t:applicationName=BackgroundJob,t:computerName=DC2BUHAPP11,t:connectID=13882,SessionID=7600,Usr=WK1_Туткышева_Мерей_Жанатовна,Exception=SeanceContextException,Descr='Сеанс отсутствует или удален
ID=b28018b4-a549-4ece-afb6-1b29ffa2209a, File=d:\jenkins\ci_builder2\windowsbuild2\platform\src\rserver\src\clusterdistribimpl.cpp(1439)'
58:18.706011-0,EXCP,2,process=rphost,p:processName=bi_bk3wk1_prod_01,OSThread=3580,t:clientID=2740,t:applicationName=BackgroundJob,t:computerName=DC2BUHAPP11,t:connectID=13882,SessionID=7600,Usr=WK1_Туткышева_Мерей_Жанатовна,Exception=60c686dc-798f-4d17-aadb-a90156a16eb8,Descr='src\rserver\src\rmngrcalls.cpp(476):
60c686dc-798f-4d17-aadb-a90156a16eb8: Сеанс отсутствует или удален
ID=b28018b4-a549-4ece-afb6-1b29ffa2209a, File=d:\jenkins\ci_builder2\windowsbuild2\platform\src\rserver\src\clusterdistribimpl.cpp(1439)'
58:18.847020-0,EXCP,3,process=rphost,p:processName=bi_bk3wk1_prod_01,OSThread=7440,t:clientID=2741,t:applicationName=BackgroundJob,t:computerName=DC2BUHAPP11,t:connectID=13883,SessionID=7601,Usr=WK1_Туткышева_Мерей_Жанатовна,Exception=SeanceContextException,Descr='Сеанс отсутствует или удален
ID=712b7ba3-4593-4ad4-9f4c-274391439408, File=d:\jenkins\ci_builder2\windowsbuild2\platform\src\rserver\src\clusterdistribimpl.cpp(1439)'
58:18.847022-0,EXCP,2,process=rphost,p:processName=bi_bk3wk1_prod_01,OSThread=7440,t:clientID=2741,t:applicationName=BackgroundJob,t:computerName=DC2BUHAPP11,t:connectID=13883,SessionID=7601,Usr=WK1_Туткышева_Мерей_Жанатовна,Exception=60c686dc-798f-4d17-aadb-a90156a16eb8,Descr='src\rserver\src\rmngrcalls.cpp(476):
60c686dc-798f-4d17-aadb-a90156a16eb8: Сеанс отсутствует или удален
ID=712b7ba3-4593-4ad4-9f4c-274391439408, File=d:\jenkins\ci_builder2\windowsbuild2\platform\src\rserver\src\clusterdistribimpl.cpp(1439)'
58:18.909001-0,EXCP,2,process=rphost,p:processName=bi_bk3wk1_prod_01,OSThread=3580,t:clientID=2740,t:applicationName=BackgroundJob,t:computerName=DC2BUHAPP11,t:connectID=13882,SessionID=7600,Usr=WK1_Туткышева_Мерей_Жанатовна,Exception=SeanceContextException,Descr='Сеанс отсутствует или удален
ID=b28018b4-a549-4ece-afb6-1b29ffa2209a, File=d:\jenkins\ci_builder2\windowsbuild2\platform\src\rserver\src\rmngrcalls.cpp(364)'
58:19.050000-0,EXCP,2,process=rphost,p:processName=bi_bk3wk1_prod_01,OSThread=7440,t:clientID=2741,t:applicationName=BackgroundJob,t:computerName=DC2BUHAPP11,t:connectID=13883,SessionID=7601,Usr=WK1_Туткышева_Мерей_Жанатовна,Exception=SeanceContextException,Descr='Сеанс отсутствует или удален
ID=712b7ba3-4593-4ad4-9f4c-274391439408, File=d:\jenkins\ci_builder2\windowsbuild2\platform\src\rserver\src\rmngrcalls.cpp(364)'
58:19.050001-0,EXCP,2,process=rphost,p:processName=bi_bk3wk1_prod_01,OSThread=7440,t:clientID=2741,t:applicationName=BackgroundJob,t:computerName=DC2BUHAPP11,t:connectID=13883,SessionID=7601,Usr=WK1_Туткышева_Мерей_Жанатовна,Exception=60c686dc-798f-4d17-aadb-a90156a16eb8,Descr='src\rserver\src\serverjobexecutor.cpp(1095):
60c686dc-798f-4d17-aadb-a90156a16eb8: Сеанс отсутствует или удален
ID=712b7ba3-4593-4ad4-9f4c-274391439408, File=d:\jenkins\ci_builder2\windowsbuild2\platform\src\rserver\src\rmngrcalls.cpp(364)'
58:19.050003-0,EXCP,3,process=rphost,p:processName=bi_bk3wk1_prod_01,OSThread=7440,t:clientID=2741,t:applicationName=BackgroundJob,t:computerName=DC2BUHAPP11,t:connectID=13883,SessionID=7601,Usr=WK1_Туткышева_Мерей_Жанатовна,Exception=SeanceContextException,Descr='Сеанс отсутствует или удален
ID=712b7ba3-4593-4ad4-9f4c-274391439408, File=d:\jenkins\ci_builder2\windowsbuild2\platform\src\rserver\src\clusterdistribimpl.cpp(1439)'
58:19.050005-0,EXCP,2,process=rphost,p:processName=bi_bk3wk1_prod_01,OSThread=7440,t:clientID=2741,t:applicationName=BackgroundJob,t:computerName=DC2BUHAPP11,t:connectID=13883,SessionID=7601,Usr=WK1_Туткышева_Мерей_Жанатовна,Exception=60c686dc-798f-4d17-aadb-a90156a16eb8,Descr='src\rserver\src\rmngrcalls.cpp(476):
60c686dc-798f-4d17-aadb-a90156a16eb8: Сеанс отсутствует или удален
ID=712b7ba3-4593-4ad4-9f4c-274391439408, File=d:\jenkins\ci_builder2\windowsbuild2\platform\src\rserver\src\clusterdistribimpl.cpp(1439)'
58:19.253000-0,EXCP,2,process=rphost,p:processName=bi_bk3wk1_prod_01,OSThread=7440,t:clientID=2741,t:applicationName=BackgroundJob,t:computerName=DC2BUHAPP11,t:connectID=13883,SessionID=7601,Usr=WK1_Туткышева_Мерей_Жанатовна,Exception=SeanceContextException,Descr='Сеанс отсутствует или удален
ID=712b7ba3-4593-4ad4-9f4c-274391439408, File=d:\jenkins\ci_builder2\windowsbuild2\platform\src\rserver\src\rmngrcalls.cpp(364)'
