00:56.895005-0,ADMIN,2,process=rphost,p:processName=ServerJobExecutorContext,OSThread=4276,t:clientID=981,t:applicationName=JobScheduler,t:computerName=DC2BUHAPP11,Func=killClient,ClusterID=8aa94e2b-5d54-4b86-800b-79353ce39638,ConnectionID=6042521e-f369-4dab-9238-98ab33104cb6,Mode=0,Ref=bi_bk3wk1_prod_01(bi_bk3wk1_prod_01),Host=DC2BUHAPP11,Connection=4714,Administrator=Unknown,Result=Success
00:58.582005-0,EXCP,3,process=rphost,p:processName=bi_bk3wk1_prod_01,OSThread=7300,t:clientID=1193,t:applicationName=BackgroundJob,t:computerName=DC2BUHAPP11,t:connectID=4714,SessionID=4919,Usr=WK1_Кагарманов_Айдын_Омарулы,Exception=SeanceContextException,Descr='Сеанс отсутствует или удален
ID=9ecc2d4e-d370-43bd-b962-e782c7f6a331, File=d:\jenkins\ci_builder2\windowsbuild2\platform\src\rserver\src\clusterdistribimpl.cpp(1439)'
00:58.582007-0,EXCP,2,process=rphost,p:processName=bi_bk3wk1_prod_01,OSThread=7300,t:clientID=1193,t:applicationName=BackgroundJob,t:computerName=DC2BUHAPP11,t:connectID=4714,SessionID=4919,Usr=WK1_Кагарманов_Айдын_Омарулы,Exception=60c686dc-798f-4d17-aadb-a90156a16eb8,Descr='src\rserver\src\rmngrcalls.cpp(476):
60c686dc-798f-4d17-aadb-a90156a16eb8: Сеанс отсутствует или удален
ID=9ecc2d4e-d370-43bd-b962-e782c7f6a331, File=d:\jenkins\ci_builder2\windowsbuild2\platform\src\rserver\src\clusterdistribimpl.cpp(1439)'
00:58.785000-0,EXCP,2,process=rphost,p:processName=bi_bk3wk1_prod_01,OSThread=7300,t:clientID=1193,t:applicationName=BackgroundJob,t:computerName=DC2BUHAPP11,t:connectID=4714,SessionID=4919,Usr=WK1_Кагарманов_Айдын_Омарулы,Exception=SeanceContextException,Descr='Сеанс отсутствует или удален
ID=9ecc2d4e-d370-43bd-b962-e782c7f6a331, File=d:\jenkins\ci_builder2\windowsbuild2\platform\src\rserver\src\rmngrcalls.cpp(364)'
00:58.785001-0,EXCP,2,process=rphost,p:processName=bi_bk3wk1_prod_01,OSThread=7300,t:clientID=1193,t:applicationName=BackgroundJob,t:computerName=DC2BUHAPP11,t:connectID=4714,SessionID=4919,Usr=WK1_Кагарманов_Айдын_Омарулы,Exception=60c686dc-798f-4d17-aadb-a90156a16eb8,Descr='src\rserver\src\serverjobexecutor.cpp(1095):
60c686dc-798f-4d17-aadb-a90156a16eb8: Сеанс отсутствует или удален
ID=9ecc2d4e-d370-43bd-b962-e782c7f6a331, File=d:\jenkins\ci_builder2\windowsbuild2\platform\src\rserver\src\rmngrcalls.cpp(364)'
00:58.785003-0,EXCP,3,process=rphost,p:processName=bi_bk3wk1_prod_01,OSThread=7300,t:clientID=1193,t:applicationName=BackgroundJob,t:computerName=DC2BUHAPP11,t:connectID=4714,SessionID=4919,Usr=WK1_Кагарманов_Айдын_Омарулы,Exception=SeanceContextException,Descr='Сеанс отсутствует или удален
ID=9ecc2d4e-d370-43bd-b962-e782c7f6a331, File=d:\jenkins\ci_builder2\windowsbuild2\platform\src\rserver\src\clusterdistribimpl.cpp(1439)'
00:58.785005-0,EXCP,2,process=rphost,p:processName=bi_bk3wk1_prod_01,OSThread=7300,t:clientID=1193,t:applicationName=BackgroundJob,t:computerName=DC2BUHAPP11,t:connectID=4714,SessionID=4919,Usr=WK1_Кагарманов_Айдын_Омарулы,Exception=60c686dc-798f-4d17-aadb-a90156a16eb8,Descr='src\rserver\src\rmngrcalls.cpp(476):
60c686dc-798f-4d17-aadb-a90156a16eb8: Сеанс отсутствует или удален
ID=9ecc2d4e-d370-43bd-b962-e782c7f6a331, File=d:\jenkins\ci_builder2\windowsbuild2\platform\src\rserver\src\clusterdistribimpl.cpp(1439)'
00:58.988000-0,EXCP,2,process=rphost,p:processName=bi_bk3wk1_prod_01,OSThread=7300,t:clientID=1193,t:applicationName=BackgroundJob,t:computerName=DC2BUHAPP11,t:connectID=4714,SessionID=4919,Usr=WK1_Кагарманов_Айдын_Омарулы,Exception=SeanceContextException,Descr='Сеанс отсутствует или удален
ID=9ecc2d4e-d370-43bd-b962-e782c7f6a331, File=d:\jenkins\ci_builder2\windowsbuild2\platform\src\rserver\src\rmngrcalls.cpp(364)'
04:08.702005-0,ADMIN,2,process=rphost,p:processName=ServerJobExecutorContext,OSThread=1140,t:clientID=981,t:applicationName=JobScheduler,t:computerName=DC2BUHAPP11,Func=killClient,ClusterID=8aa94e2b-5d54-4b86-800b-79353ce39638,ConnectionID=ef3947c0-d06a-436f-8491-a92fba493873,Mode=0,Ref=bi_bk3wk1_prod_01(bi_bk3wk1_prod_01),Host=DC2BUHAPP11,Connection=4762,Administrator=Unknown,Result=Success
04:11.812010-0,EXCP,3,process=rphost,p:processName=bi_bk3wk1_prod_01,OSThread=4608,t:clientID=1202,t:applicationName=BackgroundJob,t:computerName=DC2BUHAPP11,t:connectID=4762,SessionID=4998,Usr=WK1_Кагарманов_Айдын_Омарулы,Exception=SeanceContextException,Descr='Сеанс отсутствует или удален
ID=bac7ab00-1c56-4eba-8f3e-dcf7e5b44190, File=d:\jenkins\ci_builder2\windowsbuild2\platform\src\rserver\src\clusterdistribimpl.cpp(1439)'
04:11.812012-0,EXCP,2,process=rphost,p:processName=bi_bk3wk1_prod_01,OSThread=4608,t:clientID=1202,t:applicationName=BackgroundJob,t:computerName=DC2BUHAPP11,t:connectID=4762,SessionID=4998,Usr=WK1_Кагарманов_Айдын_Омарулы,Exception=60c686dc-798f-4d17-aadb-a90156a16eb8,Descr='src\rserver\src\rmngrcalls.cpp(476):
60c686dc-798f-4d17-aadb-a90156a16eb8: Сеанс отсутствует или удален
ID=bac7ab00-1c56-4eba-8f3e-dcf7e5b44190, File=d:\jenkins\ci_builder2\windowsbuild2\platform\src\rserver\src\clusterdistribimpl.cpp(1439)'
04:12.015000-0,EXCP,2,process=rphost,p:processName=bi_bk3wk1_prod_01,OSThread=4608,t:clientID=1202,t:applicationName=BackgroundJob,t:computerName=DC2BUHAPP11,t:connectID=4762,SessionID=4998,Usr=WK1_Кагарманов_Айдын_Омарулы,Exception=SeanceContextException,Descr='Сеанс отсутствует или удален
ID=bac7ab00-1c56-4eba-8f3e-dcf7e5b44190, File=d:\jenkins\ci_builder2\windowsbuild2\platform\src\rserver\src\rmngrcalls.cpp(364)'
04:12.015001-0,EXCP,2,process=rphost,p:processName=bi_bk3wk1_prod_01,OSThread=4608,t:clientID=1202,t:applicationName=BackgroundJob,t:computerName=DC2BUHAPP11,t:connectID=4762,SessionID=4998,Usr=WK1_Кагарманов_Айдын_Омарулы,Exception=60c686dc-798f-4d17-aadb-a90156a16eb8,Descr='src\rserver\src\serverjobexecutor.cpp(1095):
60c686dc-798f-4d17-aadb-a90156a16eb8: Сеанс отсутствует или удален
ID=bac7ab00-1c56-4eba-8f3e-dcf7e5b44190, File=d:\jenkins\ci_builder2\windowsbuild2\platform\src\rserver\src\rmngrcalls.cpp(364)'
04:12.015003-0,EXCP,3,process=rphost,p:processName=bi_bk3wk1_prod_01,OSThread=4608,t:clientID=1202,t:applicationName=BackgroundJob,t:computerName=DC2BUHAPP11,t:connectID=4762,SessionID=4998,Usr=WK1_Кагарманов_Айдын_Омарулы,Exception=SeanceContextException,Descr='Сеанс отсутствует или удален
ID=bac7ab00-1c56-4eba-8f3e-dcf7e5b44190, File=d:\jenkins\ci_builder2\windowsbuild2\platform\src\rserver\src\clusterdistribimpl.cpp(1439)'
04:12.015005-0,EXCP,2,process=rphost,p:processName=bi_bk3wk1_prod_01,OSThread=4608,t:clientID=1202,t:applicationName=BackgroundJob,t:computerName=DC2BUHAPP11,t:connectID=4762,SessionID=4998,Usr=WK1_Кагарманов_Айдын_Омарулы,Exception=60c686dc-798f-4d17-aadb-a90156a16eb8,Descr='src\rserver\src\rmngrcalls.cpp(476):
60c686dc-798f-4d17-aadb-a90156a16eb8: Сеанс отсутствует или удален
ID=bac7ab00-1c56-4eba-8f3e-dcf7e5b44190, File=d:\jenkins\ci_builder2\windowsbuild2\platform\src\rserver\src\clusterdistribimpl.cpp(1439)'
04:12.218000-0,EXCP,2,process=rphost,p:processName=bi_bk3wk1_prod_01,OSThread=4608,t:clientID=1202,t:applicationName=BackgroundJob,t:computerName=DC2BUHAPP11,t:connectID=4762,SessionID=4998,Usr=WK1_Кагарманов_Айдын_Омарулы,Exception=SeanceContextException,Descr='Сеанс отсутствует или удален
ID=bac7ab00-1c56-4eba-8f3e-dcf7e5b44190, File=d:\jenkins\ci_builder2\windowsbuild2\platform\src\rserver\src\rmngrcalls.cpp(364)'
10:12.551013-3421969,TLOCK,5,process=rphost,p:processName=bi_bk3wk1_prod_01,OSThread=6416,t:clientID=1214,t:applicationName=BackgroundJob,t:computerName=DC2BUHAPP11,t:connectID=4781,SessionID=5020,Usr=DefUser,DBMS=DBMSSQL,DataBase=CLSBUHDB01\bi_bk3wk1_prod_01,Regions=AccumRg12503.RECORDER,Locks='AccumRg12503.RECORDER Shared Fld750=0 Recorder=396:aaae001dd8b71ef511ea8dcdd9604515',WaitConnections=423,connectionID=ba8373f6-954a-47b8-83f3-12925737f806,Context='
ОбщийМодуль.ОбменДаннымиСервер.Модуль : 3627 : ВыполнитьОбменДаннымиПоСценариюОбменаДанными(Ложь, Выборка.Ссылка);
	ОбщийМодуль.ОбменДаннымиСервер.Модуль : 3572 : ВыполнитьОбменДаннымиЧерезФайловыйРесурс(СтруктураНастроекОбмена);
		ОбщийМодуль.ОбменДаннымиСервер.Модуль : 5238 : ЗаписатьСообщениеСИзменениямиДляУзла(СтруктураНастроекОбмена, СтруктураНастроекОбмена.ОбработкаТранспортаСообщенийОбмена.ИмяФайлаСообщенияОбмена());
			ОбщийМодуль.ОбменДаннымиСервер.Модуль : 5395 : ОбработкаОбменаДанными.ВыполнитьВыгрузкуДанных(Отказ);
				Обработка.КонвертацияОбъектовРаспределенныхИнформационныхБаз.МодульОбъекта : 95 : ЗаписатьИзмененияВФайлСообщенияОбмена(Отказ, ЗаписьXML);
					Обработка.КонвертацияОбъектовРаспределенныхИнформационныхБаз.МодульОбъекта : 266 : ПланыОбмена.ЗаписатьИзменения(ЗаписьСообщения, КоличествоЭлементовВТранзакции);'
10:24.629003-1515002,TLOCK,5,process=rphost,p:processName=bi_bk3wk1_prod_01,OSThread=6416,t:clientID=1214,t:applicationName=BackgroundJob,t:computerName=DC2BUHAPP11,t:connectID=4781,SessionID=5020,Usr=DefUser,DBMS=DBMSSQL,DataBase=CLSBUHDB01\bi_bk3wk1_prod_01,Regions=AccumRg12373.RECORDER,Locks='AccumRg12373.RECORDER Shared Fld750=0 Recorder=367:aaaa001dd8b71ef511ea7efad122ff38',WaitConnections=3984,connectionID=ba8373f6-954a-47b8-83f3-12925737f806,Context='
ОбщийМодуль.ОбменДаннымиСервер.Модуль : 3627 : ВыполнитьОбменДаннымиПоСценариюОбменаДанными(Ложь, Выборка.Ссылка);
	ОбщийМодуль.ОбменДаннымиСервер.Модуль : 3572 : ВыполнитьОбменДаннымиЧерезФайловыйРесурс(СтруктураНастроекОбмена);
		ОбщийМодуль.ОбменДаннымиСервер.Модуль : 5238 : ЗаписатьСообщениеСИзменениямиДляУзла(СтруктураНастроекОбмена, СтруктураНастроекОбмена.ОбработкаТранспортаСообщенийОбмена.ИмяФайлаСообщенияОбмена());
			ОбщийМодуль.ОбменДаннымиСервер.Модуль : 5395 : ОбработкаОбменаДанными.ВыполнитьВыгрузкуДанных(Отказ);
				Обработка.КонвертацияОбъектовРаспределенныхИнформационныхБаз.МодульОбъекта : 95 : ЗаписатьИзмененияВФайлСообщенияОбмена(Отказ, ЗаписьXML);
					Обработка.КонвертацияОбъектовРаспределенныхИнформационныхБаз.МодульОбъекта : 266 : ПланыОбмена.ЗаписатьИзменения(ЗаписьСообщения, КоличествоЭлементовВТранзакции);'
13:28.345005-0,ADMIN,2,process=rphost,p:processName=ServerJobExecutorContext,OSThread=1140,t:clientID=981,t:applicationName=JobScheduler,t:computerName=DC2BUHAPP11,Func=killClient,ClusterID=8aa94e2b-5d54-4b86-800b-79353ce39638,ConnectionID=9bc89d99-720f-497d-91c5-b67291c6dbe1,Mode=0,Ref=bi_bk3wk1_prod_01(bi_bk3wk1_prod_01),Host=DC2BUHAPP11,Connection=5054,Administrator=Unknown,Result=Success
13:30.908008-0,EXCP,3,process=rphost,p:processName=bi_bk3wk1_prod_01,OSThread=6604,t:clientID=1241,t:applicationName=BackgroundJob,t:computerName=DC2BUHAPP11,t:connectID=5054,SessionID=5312,Usr=WK1_Кагарманов_Айдын_Омарулы,Exception=SeanceContextException,Descr='Сеанс отсутствует или удален
ID=6f8f93d0-7967-4359-954a-f85e8cb82132, File=d:\jenkins\ci_builder2\windowsbuild2\platform\src\rserver\src\clusterdistribimpl.cpp(1439)'
13:30.908010-0,EXCP,2,process=rphost,p:processName=bi_bk3wk1_prod_01,OSThread=6604,t:clientID=1241,t:applicationName=BackgroundJob,t:computerName=DC2BUHAPP11,t:connectID=5054,SessionID=5312,Usr=WK1_Кагарманов_Айдын_Омарулы,Exception=60c686dc-798f-4d17-aadb-a90156a16eb8,Descr='src\rserver\src\rmngrcalls.cpp(476):
60c686dc-798f-4d17-aadb-a90156a16eb8: Сеанс отсутствует или удален
ID=6f8f93d0-7967-4359-954a-f85e8cb82132, File=d:\jenkins\ci_builder2\windowsbuild2\platform\src\rserver\src\clusterdistribimpl.cpp(1439)'
13:31.111000-0,EXCP,2,process=rphost,p:processName=bi_bk3wk1_prod_01,OSThread=6604,t:clientID=1241,t:applicationName=BackgroundJob,t:computerName=DC2BUHAPP11,t:connectID=5054,SessionID=5312,Usr=WK1_Кагарманов_Айдын_Омарулы,Exception=SeanceContextException,Descr='Сеанс отсутствует или удален
ID=6f8f93d0-7967-4359-954a-f85e8cb82132, File=d:\jenkins\ci_builder2\windowsbuild2\platform\src\rserver\src\rmngrcalls.cpp(364)'
13:31.111001-0,EXCP,2,process=rphost,p:processName=bi_bk3wk1_prod_01,OSThread=6604,t:clientID=1241,t:applicationName=BackgroundJob,t:computerName=DC2BUHAPP11,t:connectID=5054,SessionID=5312,Usr=WK1_Кагарманов_Айдын_Омарулы,Exception=60c686dc-798f-4d17-aadb-a90156a16eb8,Descr='src\rserver\src\serverjobexecutor.cpp(1095):
60c686dc-798f-4d17-aadb-a90156a16eb8: Сеанс отсутствует или удален
ID=6f8f93d0-7967-4359-954a-f85e8cb82132, File=d:\jenkins\ci_builder2\windowsbuild2\platform\src\rserver\src\rmngrcalls.cpp(364)'
13:31.111003-0,EXCP,3,process=rphost,p:processName=bi_bk3wk1_prod_01,OSThread=6604,t:clientID=1241,t:applicationName=BackgroundJob,t:computerName=DC2BUHAPP11,t:connectID=5054,SessionID=5312,Usr=WK1_Кагарманов_Айдын_Омарулы,Exception=SeanceContextException,Descr='Сеанс отсутствует или удален
ID=6f8f93d0-7967-4359-954a-f85e8cb82132, File=d:\jenkins\ci_builder2\windowsbuild2\platform\src\rserver\src\clusterdistribimpl.cpp(1439)'
13:31.111005-0,EXCP,2,process=rphost,p:processName=bi_bk3wk1_prod_01,OSThread=6604,t:clientID=1241,t:applicationName=BackgroundJob,t:computerName=DC2BUHAPP11,t:connectID=5054,SessionID=5312,Usr=WK1_Кагарманов_Айдын_Омарулы,Exception=60c686dc-798f-4d17-aadb-a90156a16eb8,Descr='src\rserver\src\rmngrcalls.cpp(476):
60c686dc-798f-4d17-aadb-a90156a16eb8: Сеанс отсутствует или удален
ID=6f8f93d0-7967-4359-954a-f85e8cb82132, File=d:\jenkins\ci_builder2\windowsbuild2\platform\src\rserver\src\clusterdistribimpl.cpp(1439)'
13:31.299006-0,EXCP,2,process=rphost,p:processName=bi_bk3wk1_prod_01,OSThread=6604,t:clientID=1241,t:applicationName=BackgroundJob,t:computerName=DC2BUHAPP11,t:connectID=5054,SessionID=5312,Usr=WK1_Кагарманов_Айдын_Омарулы,Exception=SeanceContextException,Descr='Сеанс отсутствует или удален
ID=6f8f93d0-7967-4359-954a-f85e8cb82132, File=d:\jenkins\ci_builder2\windowsbuild2\platform\src\rserver\src\rmngrcalls.cpp(364)'
15:28.335006-0,ADMIN,2,process=rphost,p:processName=ServerJobExecutorContext,OSThread=1140,t:clientID=981,t:applicationName=JobScheduler,t:computerName=DC2BUHAPP11,Func=killClient,ClusterID=8aa94e2b-5d54-4b86-800b-79353ce39638,ConnectionID=e32777fd-ba03-4067-acbd-64cb305f0826,Mode=0,Ref=bi_bk3wk1_prod_01(bi_bk3wk1_prod_01),Host=DC2BUHAPP11,Connection=5072,Administrator=Unknown,Result=Success
15:30.554000-0,EXCP,3,process=rphost,p:processName=bi_bk3wk1_prod_01,OSThread=6916,t:clientID=1249,t:applicationName=BackgroundJob,t:computerName=DC2BUHAPP11,t:connectID=5072,SessionID=5333,Usr=WK1_Кагарманов_Айдын_Омарулы,Exception=SeanceContextException,Descr='Сеанс отсутствует или удален
ID=2e8fa265-18c2-4865-a9e7-a0494c86ac22, File=d:\jenkins\ci_builder2\windowsbuild2\platform\src\rserver\src\clusterdistribimpl.cpp(1439)'
15:30.554002-0,EXCP,2,process=rphost,p:processName=bi_bk3wk1_prod_01,OSThread=6916,t:clientID=1249,t:applicationName=BackgroundJob,t:computerName=DC2BUHAPP11,t:connectID=5072,SessionID=5333,Usr=WK1_Кагарманов_Айдын_Омарулы,Exception=60c686dc-798f-4d17-aadb-a90156a16eb8,Descr='src\rserver\src\rmngrcalls.cpp(476):
60c686dc-798f-4d17-aadb-a90156a16eb8: Сеанс отсутствует или удален
ID=2e8fa265-18c2-4865-a9e7-a0494c86ac22, File=d:\jenkins\ci_builder2\windowsbuild2\platform\src\rserver\src\clusterdistribimpl.cpp(1439)'
15:30.757000-0,EXCP,2,process=rphost,p:processName=bi_bk3wk1_prod_01,OSThread=6916,t:clientID=1249,t:applicationName=BackgroundJob,t:computerName=DC2BUHAPP11,t:connectID=5072,SessionID=5333,Usr=WK1_Кагарманов_Айдын_Омарулы,Exception=SeanceContextException,Descr='Сеанс отсутствует или удален
ID=2e8fa265-18c2-4865-a9e7-a0494c86ac22, File=d:\jenkins\ci_builder2\windowsbuild2\platform\src\rserver\src\rmngrcalls.cpp(364)'
15:30.757001-0,EXCP,2,process=rphost,p:processName=bi_bk3wk1_prod_01,OSThread=6916,t:clientID=1249,t:applicationName=BackgroundJob,t:computerName=DC2BUHAPP11,t:connectID=5072,SessionID=5333,Usr=WK1_Кагарманов_Айдын_Омарулы,Exception=60c686dc-798f-4d17-aadb-a90156a16eb8,Descr='src\rserver\src\serverjobexecutor.cpp(1095):
60c686dc-798f-4d17-aadb-a90156a16eb8: Сеанс отсутствует или удален
ID=2e8fa265-18c2-4865-a9e7-a0494c86ac22, File=d:\jenkins\ci_builder2\windowsbuild2\platform\src\rserver\src\rmngrcalls.cpp(364)'
15:30.757003-0,EXCP,3,process=rphost,p:processName=bi_bk3wk1_prod_01,OSThread=6916,t:clientID=1249,t:applicationName=BackgroundJob,t:computerName=DC2BUHAPP11,t:connectID=5072,SessionID=5333,Usr=WK1_Кагарманов_Айдын_Омарулы,Exception=SeanceContextException,Descr='Сеанс отсутствует или удален
ID=2e8fa265-18c2-4865-a9e7-a0494c86ac22, File=d:\jenkins\ci_builder2\windowsbuild2\platform\src\rserver\src\clusterdistribimpl.cpp(1439)'
15:30.757005-0,EXCP,2,process=rphost,p:processName=bi_bk3wk1_prod_01,OSThread=6916,t:clientID=1249,t:applicationName=BackgroundJob,t:computerName=DC2BUHAPP11,t:connectID=5072,SessionID=5333,Usr=WK1_Кагарманов_Айдын_Омарулы,Exception=60c686dc-798f-4d17-aadb-a90156a16eb8,Descr='src\rserver\src\rmngrcalls.cpp(476):
60c686dc-798f-4d17-aadb-a90156a16eb8: Сеанс отсутствует или удален
ID=2e8fa265-18c2-4865-a9e7-a0494c86ac22, File=d:\jenkins\ci_builder2\windowsbuild2\platform\src\rserver\src\clusterdistribimpl.cpp(1439)'
15:30.960000-0,EXCP,2,process=rphost,p:processName=bi_bk3wk1_prod_01,OSThread=6916,t:clientID=1249,t:applicationName=BackgroundJob,t:computerName=DC2BUHAPP11,t:connectID=5072,SessionID=5333,Usr=WK1_Кагарманов_Айдын_Омарулы,Exception=SeanceContextException,Descr='Сеанс отсутствует или удален
ID=2e8fa265-18c2-4865-a9e7-a0494c86ac22, File=d:\jenkins\ci_builder2\windowsbuild2\platform\src\rserver\src\rmngrcalls.cpp(364)'
15:56.765005-0,ADMIN,2,process=rphost,p:processName=ServerJobExecutorContext,OSThread=4276,t:clientID=981,t:applicationName=JobScheduler,t:computerName=DC2BUHAPP11,Func=killClient,ClusterID=8aa94e2b-5d54-4b86-800b-79353ce39638,ConnectionID=414c0d0b-e1ca-4e9d-8602-92d1d64071da,Mode=0,Ref=bi_bk3wk1_prod_01(bi_bk3wk1_prod_01),Host=DC2BUHAPP11,Connection=5090,Administrator=Unknown,Result=Success
15:59.203008-0,EXCP,3,process=rphost,p:processName=bi_bk3wk1_prod_01,OSThread=6416,t:clientID=1264,t:applicationName=BackgroundJob,t:computerName=DC2BUHAPP11,t:connectID=5090,SessionID=5351,Usr=WK1_Кагарманов_Айдын_Омарулы,Exception=SeanceContextException,Descr='Сеанс отсутствует или удален
ID=44df8810-428b-4f92-94e2-dfd7fa422a46, File=d:\jenkins\ci_builder2\windowsbuild2\platform\src\rserver\src\clusterdistribimpl.cpp(1439)'
15:59.203010-0,EXCP,2,process=rphost,p:processName=bi_bk3wk1_prod_01,OSThread=6416,t:clientID=1264,t:applicationName=BackgroundJob,t:computerName=DC2BUHAPP11,t:connectID=5090,SessionID=5351,Usr=WK1_Кагарманов_Айдын_Омарулы,Exception=60c686dc-798f-4d17-aadb-a90156a16eb8,Descr='src\rserver\src\rmngrcalls.cpp(476):
60c686dc-798f-4d17-aadb-a90156a16eb8: Сеанс отсутствует или удален
ID=44df8810-428b-4f92-94e2-dfd7fa422a46, File=d:\jenkins\ci_builder2\windowsbuild2\platform\src\rserver\src\clusterdistribimpl.cpp(1439)'
15:59.406000-0,EXCP,2,process=rphost,p:processName=bi_bk3wk1_prod_01,OSThread=6416,t:clientID=1264,t:applicationName=BackgroundJob,t:computerName=DC2BUHAPP11,t:connectID=5090,SessionID=5351,Usr=WK1_Кагарманов_Айдын_Омарулы,Exception=SeanceContextException,Descr='Сеанс отсутствует или удален
ID=44df8810-428b-4f92-94e2-dfd7fa422a46, File=d:\jenkins\ci_builder2\windowsbuild2\platform\src\rserver\src\rmngrcalls.cpp(364)'
15:59.406001-0,EXCP,2,process=rphost,p:processName=bi_bk3wk1_prod_01,OSThread=6416,t:clientID=1264,t:applicationName=BackgroundJob,t:computerName=DC2BUHAPP11,t:connectID=5090,SessionID=5351,Usr=WK1_Кагарманов_Айдын_Омарулы,Exception=60c686dc-798f-4d17-aadb-a90156a16eb8,Descr='src\rserver\src\serverjobexecutor.cpp(1095):
60c686dc-798f-4d17-aadb-a90156a16eb8: Сеанс отсутствует или удален
ID=44df8810-428b-4f92-94e2-dfd7fa422a46, File=d:\jenkins\ci_builder2\windowsbuild2\platform\src\rserver\src\rmngrcalls.cpp(364)'
15:59.406003-0,EXCP,3,process=rphost,p:processName=bi_bk3wk1_prod_01,OSThread=6416,t:clientID=1264,t:applicationName=BackgroundJob,t:computerName=DC2BUHAPP11,t:connectID=5090,SessionID=5351,Usr=WK1_Кагарманов_Айдын_Омарулы,Exception=SeanceContextException,Descr='Сеанс отсутствует или удален
ID=44df8810-428b-4f92-94e2-dfd7fa422a46, File=d:\jenkins\ci_builder2\windowsbuild2\platform\src\rserver\src\clusterdistribimpl.cpp(1439)'
15:59.406005-0,EXCP,2,process=rphost,p:processName=bi_bk3wk1_prod_01,OSThread=6416,t:clientID=1264,t:applicationName=BackgroundJob,t:computerName=DC2BUHAPP11,t:connectID=5090,SessionID=5351,Usr=WK1_Кагарманов_Айдын_Омарулы,Exception=60c686dc-798f-4d17-aadb-a90156a16eb8,Descr='src\rserver\src\rmngrcalls.cpp(476):
60c686dc-798f-4d17-aadb-a90156a16eb8: Сеанс отсутствует или удален
ID=44df8810-428b-4f92-94e2-dfd7fa422a46, File=d:\jenkins\ci_builder2\windowsbuild2\platform\src\rserver\src\clusterdistribimpl.cpp(1439)'
15:59.593006-0,EXCP,2,process=rphost,p:processName=bi_bk3wk1_prod_01,OSThread=6416,t:clientID=1264,t:applicationName=BackgroundJob,t:computerName=DC2BUHAPP11,t:connectID=5090,SessionID=5351,Usr=WK1_Кагарманов_Айдын_Омарулы,Exception=SeanceContextException,Descr='Сеанс отсутствует или удален
ID=44df8810-428b-4f92-94e2-dfd7fa422a46, File=d:\jenkins\ci_builder2\windowsbuild2\platform\src\rserver\src\rmngrcalls.cpp(364)'
16:42.656006-0,ADMIN,2,process=rphost,p:processName=ServerJobExecutorContext,OSThread=1140,t:clientID=981,t:applicationName=JobScheduler,t:computerName=DC2BUHAPP11,Func=killClient,ClusterID=8aa94e2b-5d54-4b86-800b-79353ce39638,ConnectionID=d405f06e-0533-4411-994e-3a05b07b0ce0,Mode=0,Ref=bi_bk3wk1_prod_01(bi_bk3wk1_prod_01),Host=DC2BUHAPP11,Connection=5096,Administrator=Unknown,Result=Success
16:43.937005-0,EXCP,3,process=rphost,p:processName=bi_bk3wk1_prod_01,OSThread=6416,t:clientID=1268,t:applicationName=BackgroundJob,t:computerName=DC2BUHAPP11,t:connectID=5096,SessionID=5357,Usr=WK1_Жаксылыков_Ерасыл_Серикказыевич,Exception=SeanceContextException,Descr='Сеанс отсутствует или удален
ID=0f9e3492-a941-4f01-8c0c-2a96196c8cf0, File=d:\jenkins\ci_builder2\windowsbuild2\platform\src\rserver\src\clusterdistribimpl.cpp(1439)'
16:43.937007-0,EXCP,2,process=rphost,p:processName=bi_bk3wk1_prod_01,OSThread=6416,t:clientID=1268,t:applicationName=BackgroundJob,t:computerName=DC2BUHAPP11,t:connectID=5096,SessionID=5357,Usr=WK1_Жаксылыков_Ерасыл_Серикказыевич,Exception=60c686dc-798f-4d17-aadb-a90156a16eb8,Descr='src\rserver\src\rmngrcalls.cpp(476):
60c686dc-798f-4d17-aadb-a90156a16eb8: Сеанс отсутствует или удален
ID=0f9e3492-a941-4f01-8c0c-2a96196c8cf0, File=d:\jenkins\ci_builder2\windowsbuild2\platform\src\rserver\src\clusterdistribimpl.cpp(1439)'
16:44.140000-0,EXCP,2,process=rphost,p:processName=bi_bk3wk1_prod_01,OSThread=6416,t:clientID=1268,t:applicationName=BackgroundJob,t:computerName=DC2BUHAPP11,t:connectID=5096,SessionID=5357,Usr=WK1_Жаксылыков_Ерасыл_Серикказыевич,Exception=SeanceContextException,Descr='Сеанс отсутствует или удален
ID=0f9e3492-a941-4f01-8c0c-2a96196c8cf0, File=d:\jenkins\ci_builder2\windowsbuild2\platform\src\rserver\src\rmngrcalls.cpp(364)'
16:44.140001-0,EXCP,2,process=rphost,p:processName=bi_bk3wk1_prod_01,OSThread=6416,t:clientID=1268,t:applicationName=BackgroundJob,t:computerName=DC2BUHAPP11,t:connectID=5096,SessionID=5357,Usr=WK1_Жаксылыков_Ерасыл_Серикказыевич,Exception=60c686dc-798f-4d17-aadb-a90156a16eb8,Descr='src\rserver\src\serverjobexecutor.cpp(1095):
60c686dc-798f-4d17-aadb-a90156a16eb8: Сеанс отсутствует или удален
ID=0f9e3492-a941-4f01-8c0c-2a96196c8cf0, File=d:\jenkins\ci_builder2\windowsbuild2\platform\src\rserver\src\rmngrcalls.cpp(364)'
16:44.140003-0,EXCP,3,process=rphost,p:processName=bi_bk3wk1_prod_01,OSThread=6416,t:clientID=1268,t:applicationName=BackgroundJob,t:computerName=DC2BUHAPP11,t:connectID=5096,SessionID=5357,Usr=WK1_Жаксылыков_Ерасыл_Серикказыевич,Exception=SeanceContextException,Descr='Сеанс отсутствует или удален
ID=0f9e3492-a941-4f01-8c0c-2a96196c8cf0, File=d:\jenkins\ci_builder2\windowsbuild2\platform\src\rserver\src\clusterdistribimpl.cpp(1439)'
16:44.140005-0,EXCP,2,process=rphost,p:processName=bi_bk3wk1_prod_01,OSThread=6416,t:clientID=1268,t:applicationName=BackgroundJob,t:computerName=DC2BUHAPP11,t:connectID=5096,SessionID=5357,Usr=WK1_Жаксылыков_Ерасыл_Серикказыевич,Exception=60c686dc-798f-4d17-aadb-a90156a16eb8,Descr='src\rserver\src\rmngrcalls.cpp(476):
60c686dc-798f-4d17-aadb-a90156a16eb8: Сеанс отсутствует или удален
ID=0f9e3492-a941-4f01-8c0c-2a96196c8cf0, File=d:\jenkins\ci_builder2\windowsbuild2\platform\src\rserver\src\clusterdistribimpl.cpp(1439)'
16:44.281006-0,EXCP,2,process=rphost,p:processName=bi_bk3wk1_prod_01,OSThread=6416,t:clientID=1268,t:applicationName=BackgroundJob,t:computerName=DC2BUHAPP11,t:connectID=5096,SessionID=5357,Usr=WK1_Жаксылыков_Ерасыл_Серикказыевич,Exception=SeanceContextException,Descr='Сеанс отсутствует или удален
ID=0f9e3492-a941-4f01-8c0c-2a96196c8cf0, File=d:\jenkins\ci_builder2\windowsbuild2\platform\src\rserver\src\rmngrcalls.cpp(364)'
16:54.755005-0,ADMIN,2,process=rphost,p:processName=ServerJobExecutorContext,OSThread=1140,t:clientID=981,t:applicationName=JobScheduler,t:computerName=DC2BUHAPP11,Func=killClient,ClusterID=8aa94e2b-5d54-4b86-800b-79353ce39638,ConnectionID=b17b591f-fd62-4f5f-b9a8-9933c4abbd40,Mode=0,Ref=bi_bk3wk1_prod_01(bi_bk3wk1_prod_01),Host=DC2BUHAPP11,Connection=5107,Administrator=Unknown,Result=Success
16:57.068008-0,EXCP,3,process=rphost,p:processName=bi_bk3wk1_prod_01,OSThread=1128,t:clientID=1272,t:applicationName=BackgroundJob,t:computerName=DC2BUHAPP11,t:connectID=5107,SessionID=5368,Usr=WK1_Кагарманов_Айдын_Омарулы,Exception=SeanceContextException,Descr='Сеанс отсутствует или удален
ID=439c12b9-ea0f-4cbc-a101-96be0e52f604, File=d:\jenkins\ci_builder2\windowsbuild2\platform\src\rserver\src\clusterdistribimpl.cpp(1439)'
16:57.068010-0,EXCP,2,process=rphost,p:processName=bi_bk3wk1_prod_01,OSThread=1128,t:clientID=1272,t:applicationName=BackgroundJob,t:computerName=DC2BUHAPP11,t:connectID=5107,SessionID=5368,Usr=WK1_Кагарманов_Айдын_Омарулы,Exception=60c686dc-798f-4d17-aadb-a90156a16eb8,Descr='src\rserver\src\rmngrcalls.cpp(476):
60c686dc-798f-4d17-aadb-a90156a16eb8: Сеанс отсутствует или удален
ID=439c12b9-ea0f-4cbc-a101-96be0e52f604, File=d:\jenkins\ci_builder2\windowsbuild2\platform\src\rserver\src\clusterdistribimpl.cpp(1439)'
16:57.271000-0,EXCP,2,process=rphost,p:processName=bi_bk3wk1_prod_01,OSThread=1128,t:clientID=1272,t:applicationName=BackgroundJob,t:computerName=DC2BUHAPP11,t:connectID=5107,SessionID=5368,Usr=WK1_Кагарманов_Айдын_Омарулы,Exception=SeanceContextException,Descr='Сеанс отсутствует или удален
ID=439c12b9-ea0f-4cbc-a101-96be0e52f604, File=d:\jenkins\ci_builder2\windowsbuild2\platform\src\rserver\src\rmngrcalls.cpp(364)'
16:57.271001-0,EXCP,2,process=rphost,p:processName=bi_bk3wk1_prod_01,OSThread=1128,t:clientID=1272,t:applicationName=BackgroundJob,t:computerName=DC2BUHAPP11,t:connectID=5107,SessionID=5368,Usr=WK1_Кагарманов_Айдын_Омарулы,Exception=60c686dc-798f-4d17-aadb-a90156a16eb8,Descr='src\rserver\src\serverjobexecutor.cpp(1095):
60c686dc-798f-4d17-aadb-a90156a16eb8: Сеанс отсутствует или удален
ID=439c12b9-ea0f-4cbc-a101-96be0e52f604, File=d:\jenkins\ci_builder2\windowsbuild2\platform\src\rserver\src\rmngrcalls.cpp(364)'
16:57.271003-0,EXCP,3,process=rphost,p:processName=bi_bk3wk1_prod_01,OSThread=1128,t:clientID=1272,t:applicationName=BackgroundJob,t:computerName=DC2BUHAPP11,t:connectID=5107,SessionID=5368,Usr=WK1_Кагарманов_Айдын_Омарулы,Exception=SeanceContextException,Descr='Сеанс отсутствует или удален
ID=439c12b9-ea0f-4cbc-a101-96be0e52f604, File=d:\jenkins\ci_builder2\windowsbuild2\platform\src\rserver\src\clusterdistribimpl.cpp(1439)'
16:57.271005-0,EXCP,2,process=rphost,p:processName=bi_bk3wk1_prod_01,OSThread=1128,t:clientID=1272,t:applicationName=BackgroundJob,t:computerName=DC2BUHAPP11,t:connectID=5107,SessionID=5368,Usr=WK1_Кагарманов_Айдын_Омарулы,Exception=60c686dc-798f-4d17-aadb-a90156a16eb8,Descr='src\rserver\src\rmngrcalls.cpp(476):
60c686dc-798f-4d17-aadb-a90156a16eb8: Сеанс отсутствует или удален
ID=439c12b9-ea0f-4cbc-a101-96be0e52f604, File=d:\jenkins\ci_builder2\windowsbuild2\platform\src\rserver\src\clusterdistribimpl.cpp(1439)'
16:57.474000-0,EXCP,2,process=rphost,p:processName=bi_bk3wk1_prod_01,OSThread=1128,t:clientID=1272,t:applicationName=BackgroundJob,t:computerName=DC2BUHAPP11,t:connectID=5107,SessionID=5368,Usr=WK1_Кагарманов_Айдын_Омарулы,Exception=SeanceContextException,Descr='Сеанс отсутствует или удален
ID=439c12b9-ea0f-4cbc-a101-96be0e52f604, File=d:\jenkins\ci_builder2\windowsbuild2\platform\src\rserver\src\rmngrcalls.cpp(364)'
17:15.052005-0,ADMIN,2,process=rphost,p:processName=ServerJobExecutorContext,OSThread=1140,t:clientID=981,t:applicationName=JobScheduler,t:computerName=DC2BUHAPP11,Func=killClient,ClusterID=8aa94e2b-5d54-4b86-800b-79353ce39638,ConnectionID=ad7cce50-dd9f-4384-baf7-5b59e6a19690,Mode=0,Ref=bi_bk3wk1_prod_01(bi_bk3wk1_prod_01),Host=DC2BUHAPP11,Connection=5113,Administrator=Unknown,Result=Success
17:15.662006-0,EXCP,3,process=rphost,p:processName=bi_bk3wk1_prod_01,OSThread=6416,t:clientID=1276,t:applicationName=BackgroundJob,t:computerName=DC2BUHAPP11,t:connectID=5113,SessionID=5374,Usr=Турсынбекова Дана Кияковна,Exception=SeanceContextException,Descr='Сеанс отсутствует или удален
ID=4ad92eb5-7d4e-4c27-a466-863d3a45fb98, File=d:\jenkins\ci_builder2\windowsbuild2\platform\src\rserver\src\clusterdistribimpl.cpp(1439)'
17:15.662008-0,EXCP,2,process=rphost,p:processName=bi_bk3wk1_prod_01,OSThread=6416,t:clientID=1276,t:applicationName=BackgroundJob,t:computerName=DC2BUHAPP11,t:connectID=5113,SessionID=5374,Usr=Турсынбекова Дана Кияковна,Exception=60c686dc-798f-4d17-aadb-a90156a16eb8,Descr='src\rserver\src\rmngrcalls.cpp(476):
60c686dc-798f-4d17-aadb-a90156a16eb8: Сеанс отсутствует или удален
ID=4ad92eb5-7d4e-4c27-a466-863d3a45fb98, File=d:\jenkins\ci_builder2\windowsbuild2\platform\src\rserver\src\clusterdistribimpl.cpp(1439)'
17:15.771006-0,EXCP,2,process=rphost,p:processName=bi_bk3wk1_prod_01,OSThread=6416,t:clientID=1276,t:applicationName=BackgroundJob,t:computerName=DC2BUHAPP11,t:connectID=5113,SessionID=5374,Usr=Турсынбекова Дана Кияковна,Exception=SeanceContextException,Descr='Сеанс отсутствует или удален
ID=4ad92eb5-7d4e-4c27-a466-863d3a45fb98, File=d:\jenkins\ci_builder2\windowsbuild2\platform\src\rserver\src\rmngrcalls.cpp(364)'
17:15.771007-0,EXCP,2,process=rphost,p:processName=bi_bk3wk1_prod_01,OSThread=6416,t:clientID=1276,t:applicationName=BackgroundJob,t:computerName=DC2BUHAPP11,t:connectID=5113,SessionID=5374,Usr=Турсынбекова Дана Кияковна,Exception=60c686dc-798f-4d17-aadb-a90156a16eb8,Descr='src\rserver\src\serverjobexecutor.cpp(1095):
60c686dc-798f-4d17-aadb-a90156a16eb8: Сеанс отсутствует или удален
ID=4ad92eb5-7d4e-4c27-a466-863d3a45fb98, File=d:\jenkins\ci_builder2\windowsbuild2\platform\src\rserver\src\rmngrcalls.cpp(364)'
17:15.771009-0,EXCP,3,process=rphost,p:processName=bi_bk3wk1_prod_01,OSThread=6416,t:clientID=1276,t:applicationName=BackgroundJob,t:computerName=DC2BUHAPP11,t:connectID=5113,SessionID=5374,Usr=Турсынбекова Дана Кияковна,Exception=SeanceContextException,Descr='Сеанс отсутствует или удален
ID=4ad92eb5-7d4e-4c27-a466-863d3a45fb98, File=d:\jenkins\ci_builder2\windowsbuild2\platform\src\rserver\src\clusterdistribimpl.cpp(1439)'
17:15.771011-0,EXCP,2,process=rphost,p:processName=bi_bk3wk1_prod_01,OSThread=6416,t:clientID=1276,t:applicationName=BackgroundJob,t:computerName=DC2BUHAPP11,t:connectID=5113,SessionID=5374,Usr=Турсынбекова Дана Кияковна,Exception=60c686dc-798f-4d17-aadb-a90156a16eb8,Descr='src\rserver\src\rmngrcalls.cpp(476):
60c686dc-798f-4d17-aadb-a90156a16eb8: Сеанс отсутствует или удален
ID=4ad92eb5-7d4e-4c27-a466-863d3a45fb98, File=d:\jenkins\ci_builder2\windowsbuild2\platform\src\rserver\src\clusterdistribimpl.cpp(1439)'
17:15.974000-0,EXCP,2,process=rphost,p:processName=bi_bk3wk1_prod_01,OSThread=6416,t:clientID=1276,t:applicationName=BackgroundJob,t:computerName=DC2BUHAPP11,t:connectID=5113,SessionID=5374,Usr=Турсынбекова Дана Кияковна,Exception=SeanceContextException,Descr='Сеанс отсутствует или удален
ID=4ad92eb5-7d4e-4c27-a466-863d3a45fb98, File=d:\jenkins\ci_builder2\windowsbuild2\platform\src\rserver\src\rmngrcalls.cpp(364)'
21:23.008009-0,ADMIN,2,process=rphost,p:processName=ServerJobExecutorContext,OSThread=1140,t:clientID=981,t:applicationName=JobScheduler,t:computerName=DC2BUHAPP11,Func=killClient,ClusterID=8aa94e2b-5d54-4b86-800b-79353ce39638,ConnectionID=01ca720d-22ba-4878-bc8e-b00cc714dda8,Mode=0,Ref=bi_bk3wk1_prod_01(bi_bk3wk1_prod_01),Host=DC2BUHAPP11,Connection=5181,Administrator=Unknown,Result=Success
21:23.477008-0,EXCP,3,process=rphost,p:processName=bi_bk3wk1_prod_01,OSThread=1128,t:clientID=1281,t:applicationName=BackgroundJob,t:computerName=DC2BUHAPP11,t:connectID=5181,SessionID=5454,Usr=WK1_Кагарманов_Айдын_Омарулы,Exception=SeanceContextException,Descr='Сеанс отсутствует или удален
ID=cfeea542-0e8e-4b6a-a7d9-dbaf284d6add, File=d:\jenkins\ci_builder2\windowsbuild2\platform\src\rserver\src\clusterdistribimpl.cpp(1439)'
21:23.477010-0,EXCP,2,process=rphost,p:processName=bi_bk3wk1_prod_01,OSThread=1128,t:clientID=1281,t:applicationName=BackgroundJob,t:computerName=DC2BUHAPP11,t:connectID=5181,SessionID=5454,Usr=WK1_Кагарманов_Айдын_Омарулы,Exception=60c686dc-798f-4d17-aadb-a90156a16eb8,Descr='src\rserver\src\rmngrcalls.cpp(476):
60c686dc-798f-4d17-aadb-a90156a16eb8: Сеанс отсутствует или удален
ID=cfeea542-0e8e-4b6a-a7d9-dbaf284d6add, File=d:\jenkins\ci_builder2\windowsbuild2\platform\src\rserver\src\clusterdistribimpl.cpp(1439)'
21:23.680000-0,EXCP,2,process=rphost,p:processName=bi_bk3wk1_prod_01,OSThread=1128,t:clientID=1281,t:applicationName=BackgroundJob,t:computerName=DC2BUHAPP11,t:connectID=5181,SessionID=5454,Usr=WK1_Кагарманов_Айдын_Омарулы,Exception=SeanceContextException,Descr='Сеанс отсутствует или удален
ID=cfeea542-0e8e-4b6a-a7d9-dbaf284d6add, File=d:\jenkins\ci_builder2\windowsbuild2\platform\src\rserver\src\rmngrcalls.cpp(364)'
21:23.680001-0,EXCP,2,process=rphost,p:processName=bi_bk3wk1_prod_01,OSThread=1128,t:clientID=1281,t:applicationName=BackgroundJob,t:computerName=DC2BUHAPP11,t:connectID=5181,SessionID=5454,Usr=WK1_Кагарманов_Айдын_Омарулы,Exception=60c686dc-798f-4d17-aadb-a90156a16eb8,Descr='src\rserver\src\serverjobexecutor.cpp(1095):
60c686dc-798f-4d17-aadb-a90156a16eb8: Сеанс отсутствует или удален
ID=cfeea542-0e8e-4b6a-a7d9-dbaf284d6add, File=d:\jenkins\ci_builder2\windowsbuild2\platform\src\rserver\src\rmngrcalls.cpp(364)'
21:23.680003-0,EXCP,3,process=rphost,p:processName=bi_bk3wk1_prod_01,OSThread=1128,t:clientID=1281,t:applicationName=BackgroundJob,t:computerName=DC2BUHAPP11,t:connectID=5181,SessionID=5454,Usr=WK1_Кагарманов_Айдын_Омарулы,Exception=SeanceContextException,Descr='Сеанс отсутствует или удален
ID=cfeea542-0e8e-4b6a-a7d9-dbaf284d6add, File=d:\jenkins\ci_builder2\windowsbuild2\platform\src\rserver\src\clusterdistribimpl.cpp(1439)'
21:23.680005-0,EXCP,2,process=rphost,p:processName=bi_bk3wk1_prod_01,OSThread=1128,t:clientID=1281,t:applicationName=BackgroundJob,t:computerName=DC2BUHAPP11,t:connectID=5181,SessionID=5454,Usr=WK1_Кагарманов_Айдын_Омарулы,Exception=60c686dc-798f-4d17-aadb-a90156a16eb8,Descr='src\rserver\src\rmngrcalls.cpp(476):
60c686dc-798f-4d17-aadb-a90156a16eb8: Сеанс отсутствует или удален
ID=cfeea542-0e8e-4b6a-a7d9-dbaf284d6add, File=d:\jenkins\ci_builder2\windowsbuild2\platform\src\rserver\src\clusterdistribimpl.cpp(1439)'
21:23.789006-0,EXCP,2,process=rphost,p:processName=bi_bk3wk1_prod_01,OSThread=1128,t:clientID=1281,t:applicationName=BackgroundJob,t:computerName=DC2BUHAPP11,t:connectID=5181,SessionID=5454,Usr=WK1_Кагарманов_Айдын_Омарулы,Exception=SeanceContextException,Descr='Сеанс отсутствует или удален
ID=cfeea542-0e8e-4b6a-a7d9-dbaf284d6add, File=d:\jenkins\ci_builder2\windowsbuild2\platform\src\rserver\src\rmngrcalls.cpp(364)'
24:12.823005-0,ADMIN,2,process=rphost,p:processName=ServerJobExecutorContext,OSThread=4276,t:clientID=981,t:applicationName=JobScheduler,t:computerName=DC2BUHAPP11,Func=killClient,ClusterID=8aa94e2b-5d54-4b86-800b-79353ce39638,ConnectionID=5abb05c8-8d9e-4dca-9edd-e063441f7553,Mode=0,Ref=bi_bk3wk1_prod_01(bi_bk3wk1_prod_01),Host=DC2BUHAPP11,Connection=5214,Administrator=Unknown,Result=Success
24:14.808012-0,EXCP,3,process=rphost,p:processName=bi_bk3wk1_prod_01,OSThread=7300,t:clientID=1291,t:applicationName=BackgroundJob,t:computerName=DC2BUHAPP11,t:connectID=5214,SessionID=5491,Usr=WK1_Кагарманов_Айдын_Омарулы,Exception=SeanceContextException,Descr='Сеанс отсутствует или удален
ID=f1ebc907-5262-4a2a-a9d2-d47d3f1064f5, File=d:\jenkins\ci_builder2\windowsbuild2\platform\src\rserver\src\clusterdistribimpl.cpp(1439)'
24:14.808014-0,EXCP,2,process=rphost,p:processName=bi_bk3wk1_prod_01,OSThread=7300,t:clientID=1291,t:applicationName=BackgroundJob,t:computerName=DC2BUHAPP11,t:connectID=5214,SessionID=5491,Usr=WK1_Кагарманов_Айдын_Омарулы,Exception=60c686dc-798f-4d17-aadb-a90156a16eb8,Descr='src\rserver\src\rmngrcalls.cpp(476):
60c686dc-798f-4d17-aadb-a90156a16eb8: Сеанс отсутствует или удален
ID=f1ebc907-5262-4a2a-a9d2-d47d3f1064f5, File=d:\jenkins\ci_builder2\windowsbuild2\platform\src\rserver\src\clusterdistribimpl.cpp(1439)'
24:15.011001-0,EXCP,2,process=rphost,p:processName=bi_bk3wk1_prod_01,OSThread=7300,t:clientID=1291,t:applicationName=BackgroundJob,t:computerName=DC2BUHAPP11,t:connectID=5214,SessionID=5491,Usr=WK1_Кагарманов_Айдын_Омарулы,Exception=SeanceContextException,Descr='Сеанс отсутствует или удален
ID=f1ebc907-5262-4a2a-a9d2-d47d3f1064f5, File=d:\jenkins\ci_builder2\windowsbuild2\platform\src\rserver\src\rmngrcalls.cpp(364)'
24:15.011002-0,EXCP,2,process=rphost,p:processName=bi_bk3wk1_prod_01,OSThread=7300,t:clientID=1291,t:applicationName=BackgroundJob,t:computerName=DC2BUHAPP11,t:connectID=5214,SessionID=5491,Usr=WK1_Кагарманов_Айдын_Омарулы,Exception=60c686dc-798f-4d17-aadb-a90156a16eb8,Descr='src\rserver\src\serverjobexecutor.cpp(1095):
60c686dc-798f-4d17-aadb-a90156a16eb8: Сеанс отсутствует или удален
ID=f1ebc907-5262-4a2a-a9d2-d47d3f1064f5, File=d:\jenkins\ci_builder2\windowsbuild2\platform\src\rserver\src\rmngrcalls.cpp(364)'
24:15.011004-0,EXCP,3,process=rphost,p:processName=bi_bk3wk1_prod_01,OSThread=7300,t:clientID=1291,t:applicationName=BackgroundJob,t:computerName=DC2BUHAPP11,t:connectID=5214,SessionID=5491,Usr=WK1_Кагарманов_Айдын_Омарулы,Exception=SeanceContextException,Descr='Сеанс отсутствует или удален
ID=f1ebc907-5262-4a2a-a9d2-d47d3f1064f5, File=d:\jenkins\ci_builder2\windowsbuild2\platform\src\rserver\src\clusterdistribimpl.cpp(1439)'
24:15.011006-0,EXCP,2,process=rphost,p:processName=bi_bk3wk1_prod_01,OSThread=7300,t:clientID=1291,t:applicationName=BackgroundJob,t:computerName=DC2BUHAPP11,t:connectID=5214,SessionID=5491,Usr=WK1_Кагарманов_Айдын_Омарулы,Exception=60c686dc-798f-4d17-aadb-a90156a16eb8,Descr='src\rserver\src\rmngrcalls.cpp(476):
60c686dc-798f-4d17-aadb-a90156a16eb8: Сеанс отсутствует или удален
ID=f1ebc907-5262-4a2a-a9d2-d47d3f1064f5, File=d:\jenkins\ci_builder2\windowsbuild2\platform\src\rserver\src\clusterdistribimpl.cpp(1439)'
24:15.214000-0,EXCP,2,process=rphost,p:processName=bi_bk3wk1_prod_01,OSThread=7300,t:clientID=1291,t:applicationName=BackgroundJob,t:computerName=DC2BUHAPP11,t:connectID=5214,SessionID=5491,Usr=WK1_Кагарманов_Айдын_Омарулы,Exception=SeanceContextException,Descr='Сеанс отсутствует или удален
ID=f1ebc907-5262-4a2a-a9d2-d47d3f1064f5, File=d:\jenkins\ci_builder2\windowsbuild2\platform\src\rserver\src\rmngrcalls.cpp(364)'
24:47.105005-0,ADMIN,2,process=rphost,p:processName=ServerJobExecutorContext,OSThread=1140,t:clientID=981,t:applicationName=JobScheduler,t:computerName=DC2BUHAPP11,Func=killClient,ClusterID=8aa94e2b-5d54-4b86-800b-79353ce39638,ConnectionID=32b1f2e9-2dff-4b51-9002-29c6eecd874f,Mode=0,Ref=bi_bk3wk1_prod_01(bi_bk3wk1_prod_01),Host=DC2BUHAPP11,Connection=5219,Administrator=Unknown,Result=Success
24:48.527002-0,EXCP,3,process=rphost,p:processName=bi_bk3wk1_prod_01,OSThread=1352,t:clientID=1292,t:applicationName=BackgroundJob,t:computerName=DC2BUHAPP11,t:connectID=5219,SessionID=5496,Usr=WK1_Жаксылыков_Ерасыл_Серикказыевич,Exception=SeanceContextException,Descr='Сеанс отсутствует или удален
ID=3170c401-1aaf-4d3b-b31d-a503c65cdee7, File=d:\jenkins\ci_builder2\windowsbuild2\platform\src\rserver\src\clusterdistribimpl.cpp(1439)'
24:48.527004-0,EXCP,2,process=rphost,p:processName=bi_bk3wk1_prod_01,OSThread=1352,t:clientID=1292,t:applicationName=BackgroundJob,t:computerName=DC2BUHAPP11,t:connectID=5219,SessionID=5496,Usr=WK1_Жаксылыков_Ерасыл_Серикказыевич,Exception=60c686dc-798f-4d17-aadb-a90156a16eb8,Descr='src\rserver\src\rmngrcalls.cpp(476):
60c686dc-798f-4d17-aadb-a90156a16eb8: Сеанс отсутствует или удален
ID=3170c401-1aaf-4d3b-b31d-a503c65cdee7, File=d:\jenkins\ci_builder2\windowsbuild2\platform\src\rserver\src\clusterdistribimpl.cpp(1439)'
24:48.730000-0,EXCP,2,process=rphost,p:processName=bi_bk3wk1_prod_01,OSThread=1352,t:clientID=1292,t:applicationName=BackgroundJob,t:computerName=DC2BUHAPP11,t:connectID=5219,SessionID=5496,Usr=WK1_Жаксылыков_Ерасыл_Серикказыевич,Exception=SeanceContextException,Descr='Сеанс отсутствует или удален
ID=3170c401-1aaf-4d3b-b31d-a503c65cdee7, File=d:\jenkins\ci_builder2\windowsbuild2\platform\src\rserver\src\rmngrcalls.cpp(364)'
24:48.730002-0,EXCP,2,process=rphost,p:processName=bi_bk3wk1_prod_01,OSThread=1352,t:clientID=1292,t:applicationName=BackgroundJob,t:computerName=DC2BUHAPP11,t:connectID=5219,SessionID=5496,Usr=WK1_Жаксылыков_Ерасыл_Серикказыевич,Exception=60c686dc-798f-4d17-aadb-a90156a16eb8,Descr='src\rserver\src\serverjobexecutor.cpp(1095):
60c686dc-798f-4d17-aadb-a90156a16eb8: Сеанс отсутствует или удален
ID=3170c401-1aaf-4d3b-b31d-a503c65cdee7, File=d:\jenkins\ci_builder2\windowsbuild2\platform\src\rserver\src\rmngrcalls.cpp(364)'
24:48.730017-0,EXCP,3,process=rphost,p:processName=bi_bk3wk1_prod_01,OSThread=1352,t:clientID=1292,t:applicationName=BackgroundJob,t:computerName=DC2BUHAPP11,t:connectID=5219,SessionID=5496,Usr=WK1_Жаксылыков_Ерасыл_Серикказыевич,Exception=SeanceContextException,Descr='Сеанс отсутствует или удален
ID=3170c401-1aaf-4d3b-b31d-a503c65cdee7, File=d:\jenkins\ci_builder2\windowsbuild2\platform\src\rserver\src\clusterdistribimpl.cpp(1439)'
24:48.730019-0,EXCP,2,process=rphost,p:processName=bi_bk3wk1_prod_01,OSThread=1352,t:clientID=1292,t:applicationName=BackgroundJob,t:computerName=DC2BUHAPP11,t:connectID=5219,SessionID=5496,Usr=WK1_Жаксылыков_Ерасыл_Серикказыевич,Exception=60c686dc-798f-4d17-aadb-a90156a16eb8,Descr='src\rserver\src\rmngrcalls.cpp(476):
60c686dc-798f-4d17-aadb-a90156a16eb8: Сеанс отсутствует или удален
ID=3170c401-1aaf-4d3b-b31d-a503c65cdee7, File=d:\jenkins\ci_builder2\windowsbuild2\platform\src\rserver\src\clusterdistribimpl.cpp(1439)'
24:48.933001-0,EXCP,2,process=rphost,p:processName=bi_bk3wk1_prod_01,OSThread=1352,t:clientID=1292,t:applicationName=BackgroundJob,t:computerName=DC2BUHAPP11,t:connectID=5219,SessionID=5496,Usr=WK1_Жаксылыков_Ерасыл_Серикказыевич,Exception=SeanceContextException,Descr='Сеанс отсутствует или удален
ID=3170c401-1aaf-4d3b-b31d-a503c65cdee7, File=d:\jenkins\ci_builder2\windowsbuild2\platform\src\rserver\src\rmngrcalls.cpp(364)'
25:36.326005-0,ADMIN,2,process=rphost,p:processName=ServerJobExecutorContext,OSThread=1140,t:clientID=981,t:applicationName=JobScheduler,t:computerName=DC2BUHAPP11,Func=killClient,ClusterID=8aa94e2b-5d54-4b86-800b-79353ce39638,ConnectionID=9d35010d-2810-4d12-95bf-f74f4c6da782,Mode=0,Ref=bi_bk3wk1_prod_01(bi_bk3wk1_prod_01),Host=DC2BUHAPP11,Connection=5231,Administrator=Unknown,Result=Success
25:37.185005-0,EXCP,3,process=rphost,p:processName=bi_bk3wk1_prod_01,OSThread=1352,t:clientID=1296,t:applicationName=BackgroundJob,t:computerName=DC2BUHAPP11,t:connectID=5231,SessionID=5509,Usr=WK1_Кайнарбаева_Акмарал_Батырбаевна,Exception=SeanceContextException,Descr='Сеанс отсутствует или удален
ID=e9d4deac-d4fe-47f4-873f-583e22f02555, File=d:\jenkins\ci_builder2\windowsbuild2\platform\src\rserver\src\clusterdistribimpl.cpp(1439)'
25:37.185007-0,EXCP,2,process=rphost,p:processName=bi_bk3wk1_prod_01,OSThread=1352,t:clientID=1296,t:applicationName=BackgroundJob,t:computerName=DC2BUHAPP11,t:connectID=5231,SessionID=5509,Usr=WK1_Кайнарбаева_Акмарал_Батырбаевна,Exception=60c686dc-798f-4d17-aadb-a90156a16eb8,Descr='src\rserver\src\rmngrcalls.cpp(476):
60c686dc-798f-4d17-aadb-a90156a16eb8: Сеанс отсутствует или удален
ID=e9d4deac-d4fe-47f4-873f-583e22f02555, File=d:\jenkins\ci_builder2\windowsbuild2\platform\src\rserver\src\clusterdistribimpl.cpp(1439)'
25:37.388000-0,EXCP,2,process=rphost,p:processName=bi_bk3wk1_prod_01,OSThread=1352,t:clientID=1296,t:applicationName=BackgroundJob,t:computerName=DC2BUHAPP11,t:connectID=5231,SessionID=5509,Usr=WK1_Кайнарбаева_Акмарал_Батырбаевна,Exception=SeanceContextException,Descr='Сеанс отсутствует или удален
ID=e9d4deac-d4fe-47f4-873f-583e22f02555, File=d:\jenkins\ci_builder2\windowsbuild2\platform\src\rserver\src\rmngrcalls.cpp(364)'
25:37.388001-0,EXCP,2,process=rphost,p:processName=bi_bk3wk1_prod_01,OSThread=1352,t:clientID=1296,t:applicationName=BackgroundJob,t:computerName=DC2BUHAPP11,t:connectID=5231,SessionID=5509,Usr=WK1_Кайнарбаева_Акмарал_Батырбаевна,Exception=60c686dc-798f-4d17-aadb-a90156a16eb8,Descr='src\rserver\src\serverjobexecutor.cpp(1095):
60c686dc-798f-4d17-aadb-a90156a16eb8: Сеанс отсутствует или удален
ID=e9d4deac-d4fe-47f4-873f-583e22f02555, File=d:\jenkins\ci_builder2\windowsbuild2\platform\src\rserver\src\rmngrcalls.cpp(364)'
25:37.388004-0,EXCP,3,process=rphost,p:processName=bi_bk3wk1_prod_01,OSThread=1352,t:clientID=1296,t:applicationName=BackgroundJob,t:computerName=DC2BUHAPP11,t:connectID=5231,SessionID=5509,Usr=WK1_Кайнарбаева_Акмарал_Батырбаевна,Exception=SeanceContextException,Descr='Сеанс отсутствует или удален
ID=e9d4deac-d4fe-47f4-873f-583e22f02555, File=d:\jenkins\ci_builder2\windowsbuild2\platform\src\rserver\src\clusterdistribimpl.cpp(1439)'
25:37.388006-0,EXCP,2,process=rphost,p:processName=bi_bk3wk1_prod_01,OSThread=1352,t:clientID=1296,t:applicationName=BackgroundJob,t:computerName=DC2BUHAPP11,t:connectID=5231,SessionID=5509,Usr=WK1_Кайнарбаева_Акмарал_Батырбаевна,Exception=60c686dc-798f-4d17-aadb-a90156a16eb8,Descr='src\rserver\src\rmngrcalls.cpp(476):
60c686dc-798f-4d17-aadb-a90156a16eb8: Сеанс отсутствует или удален
ID=e9d4deac-d4fe-47f4-873f-583e22f02555, File=d:\jenkins\ci_builder2\windowsbuild2\platform\src\rserver\src\clusterdistribimpl.cpp(1439)'
25:37.591000-0,EXCP,2,process=rphost,p:processName=bi_bk3wk1_prod_01,OSThread=1352,t:clientID=1296,t:applicationName=BackgroundJob,t:computerName=DC2BUHAPP11,t:connectID=5231,SessionID=5509,Usr=WK1_Кайнарбаева_Акмарал_Батырбаевна,Exception=SeanceContextException,Descr='Сеанс отсутствует или удален
ID=e9d4deac-d4fe-47f4-873f-583e22f02555, File=d:\jenkins\ci_builder2\windowsbuild2\platform\src\rserver\src\rmngrcalls.cpp(364)'
26:27.103005-0,ADMIN,2,process=rphost,p:processName=ServerJobExecutorContext,OSThread=1140,t:clientID=981,t:applicationName=JobScheduler,t:computerName=DC2BUHAPP11,Func=killClient,ClusterID=8aa94e2b-5d54-4b86-800b-79353ce39638,ConnectionID=ac0d06ae-b25f-4e51-b2bc-f45993d6b9f5,Mode=0,Ref=bi_bk3wk1_prod_01(bi_bk3wk1_prod_01),Host=DC2BUHAPP11,Connection=5236,Administrator=Unknown,Result=Success
26:27.634005-0,EXCP,3,process=rphost,p:processName=bi_bk3wk1_prod_01,OSThread=5180,t:clientID=1300,t:applicationName=BackgroundJob,t:computerName=DC2BUHAPP11,t:connectID=5236,SessionID=5514,Usr=WK1_Жаксылыков_Ерасыл_Серикказыевич,Exception=SeanceContextException,Descr='Сеанс отсутствует или удален
ID=89f336ef-ac09-450c-b983-0d374b3383ef, File=d:\jenkins\ci_builder2\windowsbuild2\platform\src\rserver\src\clusterdistribimpl.cpp(1439)'
26:27.634007-0,EXCP,2,process=rphost,p:processName=bi_bk3wk1_prod_01,OSThread=5180,t:clientID=1300,t:applicationName=BackgroundJob,t:computerName=DC2BUHAPP11,t:connectID=5236,SessionID=5514,Usr=WK1_Жаксылыков_Ерасыл_Серикказыевич,Exception=60c686dc-798f-4d17-aadb-a90156a16eb8,Descr='src\rserver\src\rmngrcalls.cpp(476):
60c686dc-798f-4d17-aadb-a90156a16eb8: Сеанс отсутствует или удален
ID=89f336ef-ac09-450c-b983-0d374b3383ef, File=d:\jenkins\ci_builder2\windowsbuild2\platform\src\rserver\src\clusterdistribimpl.cpp(1439)'
26:27.759006-0,EXCP,2,process=rphost,p:processName=bi_bk3wk1_prod_01,OSThread=5180,t:clientID=1300,t:applicationName=BackgroundJob,t:computerName=DC2BUHAPP11,t:connectID=5236,SessionID=5514,Usr=WK1_Жаксылыков_Ерасыл_Серикказыевич,Exception=SeanceContextException,Descr='Сеанс отсутствует или удален
ID=89f336ef-ac09-450c-b983-0d374b3383ef, File=d:\jenkins\ci_builder2\windowsbuild2\platform\src\rserver\src\rmngrcalls.cpp(364)'
26:27.759007-0,EXCP,2,process=rphost,p:processName=bi_bk3wk1_prod_01,OSThread=5180,t:clientID=1300,t:applicationName=BackgroundJob,t:computerName=DC2BUHAPP11,t:connectID=5236,SessionID=5514,Usr=WK1_Жаксылыков_Ерасыл_Серикказыевич,Exception=60c686dc-798f-4d17-aadb-a90156a16eb8,Descr='src\rserver\src\serverjobexecutor.cpp(1095):
60c686dc-798f-4d17-aadb-a90156a16eb8: Сеанс отсутствует или удален
ID=89f336ef-ac09-450c-b983-0d374b3383ef, File=d:\jenkins\ci_builder2\windowsbuild2\platform\src\rserver\src\rmngrcalls.cpp(364)'
26:27.759009-0,EXCP,3,process=rphost,p:processName=bi_bk3wk1_prod_01,OSThread=5180,t:clientID=1300,t:applicationName=BackgroundJob,t:computerName=DC2BUHAPP11,t:connectID=5236,SessionID=5514,Usr=WK1_Жаксылыков_Ерасыл_Серикказыевич,Exception=SeanceContextException,Descr='Сеанс отсутствует или удален
ID=89f336ef-ac09-450c-b983-0d374b3383ef, File=d:\jenkins\ci_builder2\windowsbuild2\platform\src\rserver\src\clusterdistribimpl.cpp(1439)'
26:27.759011-0,EXCP,2,process=rphost,p:processName=bi_bk3wk1_prod_01,OSThread=5180,t:clientID=1300,t:applicationName=BackgroundJob,t:computerName=DC2BUHAPP11,t:connectID=5236,SessionID=5514,Usr=WK1_Жаксылыков_Ерасыл_Серикказыевич,Exception=60c686dc-798f-4d17-aadb-a90156a16eb8,Descr='src\rserver\src\rmngrcalls.cpp(476):
60c686dc-798f-4d17-aadb-a90156a16eb8: Сеанс отсутствует или удален
ID=89f336ef-ac09-450c-b983-0d374b3383ef, File=d:\jenkins\ci_builder2\windowsbuild2\platform\src\rserver\src\clusterdistribimpl.cpp(1439)'
26:27.962000-0,EXCP,2,process=rphost,p:processName=bi_bk3wk1_prod_01,OSThread=5180,t:clientID=1300,t:applicationName=BackgroundJob,t:computerName=DC2BUHAPP11,t:connectID=5236,SessionID=5514,Usr=WK1_Жаксылыков_Ерасыл_Серикказыевич,Exception=SeanceContextException,Descr='Сеанс отсутствует или удален
ID=89f336ef-ac09-450c-b983-0d374b3383ef, File=d:\jenkins\ci_builder2\windowsbuild2\platform\src\rserver\src\rmngrcalls.cpp(364)'
28:46.134012-0,ADMIN,2,process=rphost,p:processName=ServerJobExecutorContext,OSThread=1140,t:clientID=981,t:applicationName=JobScheduler,t:computerName=DC2BUHAPP11,Func=killClient,ClusterID=8aa94e2b-5d54-4b86-800b-79353ce39638,ConnectionID=3d2ad4d9-5101-4dcb-bbe5-f1845c253067,Mode=0,Ref=bi_bk3wk1_prod_01(bi_bk3wk1_prod_01),Host=DC2BUHAPP11,Connection=5254,Administrator=Unknown,Result=Success
28:48.259005-0,EXCP,3,process=rphost,p:processName=bi_bk3wk1_prod_01,OSThread=7080,t:clientID=1313,t:applicationName=BackgroundJob,t:computerName=DC2BUHAPP11,t:connectID=5254,SessionID=5533,Usr=Камлиева Райгуль Мирамовна,Exception=SeanceContextException,Descr='Сеанс отсутствует или удален
ID=2bff43db-9949-4f03-a4b3-902879a26560, File=d:\jenkins\ci_builder2\windowsbuild2\platform\src\rserver\src\clusterdistribimpl.cpp(1439)'
28:48.259007-0,EXCP,2,process=rphost,p:processName=bi_bk3wk1_prod_01,OSThread=7080,t:clientID=1313,t:applicationName=BackgroundJob,t:computerName=DC2BUHAPP11,t:connectID=5254,SessionID=5533,Usr=Камлиева Райгуль Мирамовна,Exception=60c686dc-798f-4d17-aadb-a90156a16eb8,Descr='src\rserver\src\rmngrcalls.cpp(476):
60c686dc-798f-4d17-aadb-a90156a16eb8: Сеанс отсутствует или удален
ID=2bff43db-9949-4f03-a4b3-902879a26560, File=d:\jenkins\ci_builder2\windowsbuild2\platform\src\rserver\src\clusterdistribimpl.cpp(1439)'
28:48.462000-0,EXCP,2,process=rphost,p:processName=bi_bk3wk1_prod_01,OSThread=7080,t:clientID=1313,t:applicationName=BackgroundJob,t:computerName=DC2BUHAPP11,t:connectID=5254,SessionID=5533,Usr=Камлиева Райгуль Мирамовна,Exception=SeanceContextException,Descr='Сеанс отсутствует или удален
ID=2bff43db-9949-4f03-a4b3-902879a26560, File=d:\jenkins\ci_builder2\windowsbuild2\platform\src\rserver\src\rmngrcalls.cpp(364)'
28:48.462001-0,EXCP,2,process=rphost,p:processName=bi_bk3wk1_prod_01,OSThread=7080,t:clientID=1313,t:applicationName=BackgroundJob,t:computerName=DC2BUHAPP11,t:connectID=5254,SessionID=5533,Usr=Камлиева Райгуль Мирамовна,Exception=60c686dc-798f-4d17-aadb-a90156a16eb8,Descr='src\rserver\src\serverjobexecutor.cpp(1095):
60c686dc-798f-4d17-aadb-a90156a16eb8: Сеанс отсутствует или удален
ID=2bff43db-9949-4f03-a4b3-902879a26560, File=d:\jenkins\ci_builder2\windowsbuild2\platform\src\rserver\src\rmngrcalls.cpp(364)'
28:48.462003-0,EXCP,3,process=rphost,p:processName=bi_bk3wk1_prod_01,OSThread=7080,t:clientID=1313,t:applicationName=BackgroundJob,t:computerName=DC2BUHAPP11,t:connectID=5254,SessionID=5533,Usr=Камлиева Райгуль Мирамовна,Exception=SeanceContextException,Descr='Сеанс отсутствует или удален
ID=2bff43db-9949-4f03-a4b3-902879a26560, File=d:\jenkins\ci_builder2\windowsbuild2\platform\src\rserver\src\clusterdistribimpl.cpp(1439)'
28:48.462005-0,EXCP,2,process=rphost,p:processName=bi_bk3wk1_prod_01,OSThread=7080,t:clientID=1313,t:applicationName=BackgroundJob,t:computerName=DC2BUHAPP11,t:connectID=5254,SessionID=5533,Usr=Камлиева Райгуль Мирамовна,Exception=60c686dc-798f-4d17-aadb-a90156a16eb8,Descr='src\rserver\src\rmngrcalls.cpp(476):
60c686dc-798f-4d17-aadb-a90156a16eb8: Сеанс отсутствует или удален
ID=2bff43db-9949-4f03-a4b3-902879a26560, File=d:\jenkins\ci_builder2\windowsbuild2\platform\src\rserver\src\clusterdistribimpl.cpp(1439)'
28:48.665000-0,EXCP,2,process=rphost,p:processName=bi_bk3wk1_prod_01,OSThread=7080,t:clientID=1313,t:applicationName=BackgroundJob,t:computerName=DC2BUHAPP11,t:connectID=5254,SessionID=5533,Usr=Камлиева Райгуль Мирамовна,Exception=SeanceContextException,Descr='Сеанс отсутствует или удален
ID=2bff43db-9949-4f03-a4b3-902879a26560, File=d:\jenkins\ci_builder2\windowsbuild2\platform\src\rserver\src\rmngrcalls.cpp(364)'
28:52.862015-0,ADMIN,2,process=rphost,p:processName=ServerJobExecutorContext,OSThread=1140,t:clientID=981,t:applicationName=JobScheduler,t:computerName=DC2BUHAPP11,Func=killClient,ClusterID=8aa94e2b-5d54-4b86-800b-79353ce39638,ConnectionID=5c1486c7-6c7a-4190-ac85-f18f18d4c7b9,Mode=0,Ref=bi_bk3wk1_prod_01(bi_bk3wk1_prod_01),Host=DC2BUHAPP11,Connection=5258,Administrator=Unknown,Result=Success
28:54.768010-0,EXCP,3,process=rphost,p:processName=bi_bk3wk1_prod_01,OSThread=7300,t:clientID=1314,t:applicationName=BackgroundJob,t:computerName=DC2BUHAPP11,t:connectID=5258,SessionID=5537,Usr=Камлиева Райгуль Мирамовна,Exception=SeanceContextException,Descr='Сеанс отсутствует или удален
ID=b94a0dd9-1883-448c-99f4-bbc983c40eb5, File=d:\jenkins\ci_builder2\windowsbuild2\platform\src\rserver\src\clusterdistribimpl.cpp(1439)'
28:54.768012-0,EXCP,2,process=rphost,p:processName=bi_bk3wk1_prod_01,OSThread=7300,t:clientID=1314,t:applicationName=BackgroundJob,t:computerName=DC2BUHAPP11,t:connectID=5258,SessionID=5537,Usr=Камлиева Райгуль Мирамовна,Exception=60c686dc-798f-4d17-aadb-a90156a16eb8,Descr='src\rserver\src\rmngrcalls.cpp(476):
60c686dc-798f-4d17-aadb-a90156a16eb8: Сеанс отсутствует или удален
ID=b94a0dd9-1883-448c-99f4-bbc983c40eb5, File=d:\jenkins\ci_builder2\windowsbuild2\platform\src\rserver\src\clusterdistribimpl.cpp(1439)'
28:54.971000-0,EXCP,2,process=rphost,p:processName=bi_bk3wk1_prod_01,OSThread=7300,t:clientID=1314,t:applicationName=BackgroundJob,t:computerName=DC2BUHAPP11,t:connectID=5258,SessionID=5537,Usr=Камлиева Райгуль Мирамовна,Exception=SeanceContextException,Descr='Сеанс отсутствует или удален
ID=b94a0dd9-1883-448c-99f4-bbc983c40eb5, File=d:\jenkins\ci_builder2\windowsbuild2\platform\src\rserver\src\rmngrcalls.cpp(364)'
28:54.971001-0,EXCP,2,process=rphost,p:processName=bi_bk3wk1_prod_01,OSThread=7300,t:clientID=1314,t:applicationName=BackgroundJob,t:computerName=DC2BUHAPP11,t:connectID=5258,SessionID=5537,Usr=Камлиева Райгуль Мирамовна,Exception=60c686dc-798f-4d17-aadb-a90156a16eb8,Descr='src\rserver\src\serverjobexecutor.cpp(1095):
60c686dc-798f-4d17-aadb-a90156a16eb8: Сеанс отсутствует или удален
ID=b94a0dd9-1883-448c-99f4-bbc983c40eb5, File=d:\jenkins\ci_builder2\windowsbuild2\platform\src\rserver\src\rmngrcalls.cpp(364)'
28:54.971003-0,EXCP,3,process=rphost,p:processName=bi_bk3wk1_prod_01,OSThread=7300,t:clientID=1314,t:applicationName=BackgroundJob,t:computerName=DC2BUHAPP11,t:connectID=5258,SessionID=5537,Usr=Камлиева Райгуль Мирамовна,Exception=SeanceContextException,Descr='Сеанс отсутствует или удален
ID=b94a0dd9-1883-448c-99f4-bbc983c40eb5, File=d:\jenkins\ci_builder2\windowsbuild2\platform\src\rserver\src\clusterdistribimpl.cpp(1439)'
28:54.971005-0,EXCP,2,process=rphost,p:processName=bi_bk3wk1_prod_01,OSThread=7300,t:clientID=1314,t:applicationName=BackgroundJob,t:computerName=DC2BUHAPP11,t:connectID=5258,SessionID=5537,Usr=Камлиева Райгуль Мирамовна,Exception=60c686dc-798f-4d17-aadb-a90156a16eb8,Descr='src\rserver\src\rmngrcalls.cpp(476):
60c686dc-798f-4d17-aadb-a90156a16eb8: Сеанс отсутствует или удален
ID=b94a0dd9-1883-448c-99f4-bbc983c40eb5, File=d:\jenkins\ci_builder2\windowsbuild2\platform\src\rserver\src\clusterdistribimpl.cpp(1439)'
28:55.096006-0,EXCP,2,process=rphost,p:processName=bi_bk3wk1_prod_01,OSThread=7300,t:clientID=1314,t:applicationName=BackgroundJob,t:computerName=DC2BUHAPP11,t:connectID=5258,SessionID=5537,Usr=Камлиева Райгуль Мирамовна,Exception=SeanceContextException,Descr='Сеанс отсутствует или удален
ID=b94a0dd9-1883-448c-99f4-bbc983c40eb5, File=d:\jenkins\ci_builder2\windowsbuild2\platform\src\rserver\src\rmngrcalls.cpp(364)'
29:06.831015-0,ADMIN,2,process=rphost,p:processName=ServerJobExecutorContext,OSThread=1140,t:clientID=981,t:applicationName=JobScheduler,t:computerName=DC2BUHAPP11,Func=killClient,ClusterID=8aa94e2b-5d54-4b86-800b-79353ce39638,ConnectionID=5e1d25ad-c274-495f-9286-ca03b8fd3b4e,Mode=0,Ref=bi_bk3wk1_prod_01(bi_bk3wk1_prod_01),Host=DC2BUHAPP11,Connection=5263,Administrator=Unknown,Result=Success
29:07.409005-0,EXCP,3,process=rphost,p:processName=bi_bk3wk1_prod_01,OSThread=6416,t:clientID=1318,t:applicationName=BackgroundJob,t:computerName=DC2BUHAPP11,t:connectID=5263,SessionID=5542,Usr=Камлиева Райгуль Мирамовна,Exception=SeanceContextException,Descr='Сеанс отсутствует или удален
ID=9d96ccc3-ceb2-4053-a4a8-c6a9083369bf, File=d:\jenkins\ci_builder2\windowsbuild2\platform\src\rserver\src\clusterdistribimpl.cpp(1439)'
29:07.409007-0,EXCP,2,process=rphost,p:processName=bi_bk3wk1_prod_01,OSThread=6416,t:clientID=1318,t:applicationName=BackgroundJob,t:computerName=DC2BUHAPP11,t:connectID=5263,SessionID=5542,Usr=Камлиева Райгуль Мирамовна,Exception=60c686dc-798f-4d17-aadb-a90156a16eb8,Descr='src\rserver\src\rmngrcalls.cpp(476):
60c686dc-798f-4d17-aadb-a90156a16eb8: Сеанс отсутствует или удален
ID=9d96ccc3-ceb2-4053-a4a8-c6a9083369bf, File=d:\jenkins\ci_builder2\windowsbuild2\platform\src\rserver\src\clusterdistribimpl.cpp(1439)'
29:07.612000-0,EXCP,2,process=rphost,p:processName=bi_bk3wk1_prod_01,OSThread=6416,t:clientID=1318,t:applicationName=BackgroundJob,t:computerName=DC2BUHAPP11,t:connectID=5263,SessionID=5542,Usr=Камлиева Райгуль Мирамовна,Exception=SeanceContextException,Descr='Сеанс отсутствует или удален
ID=9d96ccc3-ceb2-4053-a4a8-c6a9083369bf, File=d:\jenkins\ci_builder2\windowsbuild2\platform\src\rserver\src\rmngrcalls.cpp(364)'
29:07.612001-0,EXCP,2,process=rphost,p:processName=bi_bk3wk1_prod_01,OSThread=6416,t:clientID=1318,t:applicationName=BackgroundJob,t:computerName=DC2BUHAPP11,t:connectID=5263,SessionID=5542,Usr=Камлиева Райгуль Мирамовна,Exception=60c686dc-798f-4d17-aadb-a90156a16eb8,Descr='src\rserver\src\serverjobexecutor.cpp(1095):
60c686dc-798f-4d17-aadb-a90156a16eb8: Сеанс отсутствует или удален
ID=9d96ccc3-ceb2-4053-a4a8-c6a9083369bf, File=d:\jenkins\ci_builder2\windowsbuild2\platform\src\rserver\src\rmngrcalls.cpp(364)'
29:07.612003-0,EXCP,3,process=rphost,p:processName=bi_bk3wk1_prod_01,OSThread=6416,t:clientID=1318,t:applicationName=BackgroundJob,t:computerName=DC2BUHAPP11,t:connectID=5263,SessionID=5542,Usr=Камлиева Райгуль Мирамовна,Exception=SeanceContextException,Descr='Сеанс отсутствует или удален
ID=9d96ccc3-ceb2-4053-a4a8-c6a9083369bf, File=d:\jenkins\ci_builder2\windowsbuild2\platform\src\rserver\src\clusterdistribimpl.cpp(1439)'
29:07.612005-0,EXCP,2,process=rphost,p:processName=bi_bk3wk1_prod_01,OSThread=6416,t:clientID=1318,t:applicationName=BackgroundJob,t:computerName=DC2BUHAPP11,t:connectID=5263,SessionID=5542,Usr=Камлиева Райгуль Мирамовна,Exception=60c686dc-798f-4d17-aadb-a90156a16eb8,Descr='src\rserver\src\rmngrcalls.cpp(476):
60c686dc-798f-4d17-aadb-a90156a16eb8: Сеанс отсутствует или удален
ID=9d96ccc3-ceb2-4053-a4a8-c6a9083369bf, File=d:\jenkins\ci_builder2\windowsbuild2\platform\src\rserver\src\clusterdistribimpl.cpp(1439)'
29:07.815000-0,EXCP,2,process=rphost,p:processName=bi_bk3wk1_prod_01,OSThread=6416,t:clientID=1318,t:applicationName=BackgroundJob,t:computerName=DC2BUHAPP11,t:connectID=5263,SessionID=5542,Usr=Камлиева Райгуль Мирамовна,Exception=SeanceContextException,Descr='Сеанс отсутствует или удален
ID=9d96ccc3-ceb2-4053-a4a8-c6a9083369bf, File=d:\jenkins\ci_builder2\windowsbuild2\platform\src\rserver\src\rmngrcalls.cpp(364)'
31:43.732011-0,ADMIN,2,process=rphost,p:processName=ServerJobExecutorContext,OSThread=1140,t:clientID=981,t:applicationName=JobScheduler,t:computerName=DC2BUHAPP11,Func=killClient,ClusterID=8aa94e2b-5d54-4b86-800b-79353ce39638,ConnectionID=867ab435-34a6-4032-ae1f-6bc19c97e7f4,Mode=0,Ref=bi_bk3wk1_prod_01(bi_bk3wk1_prod_01),Host=DC2BUHAPP11,Connection=5318,Administrator=Unknown,Result=Success
31:45.701008-0,EXCP,3,process=rphost,p:processName=bi_bk3wk1_prod_01,OSThread=4608,t:clientID=1341,t:applicationName=BackgroundJob,t:computerName=DC2BUHAPP11,t:connectID=5318,SessionID=5597,Usr=Абзолдаева Анеля Шахкузовна,Exception=SeanceContextException,Descr='Сеанс отсутствует или удален
ID=f344e2e2-2005-4ad5-8911-566007cea526, File=d:\jenkins\ci_builder2\windowsbuild2\platform\src\rserver\src\clusterdistribimpl.cpp(1439)'
31:45.701010-0,EXCP,2,process=rphost,p:processName=bi_bk3wk1_prod_01,OSThread=4608,t:clientID=1341,t:applicationName=BackgroundJob,t:computerName=DC2BUHAPP11,t:connectID=5318,SessionID=5597,Usr=Абзолдаева Анеля Шахкузовна,Exception=60c686dc-798f-4d17-aadb-a90156a16eb8,Descr='src\rserver\src\rmngrcalls.cpp(476):
60c686dc-798f-4d17-aadb-a90156a16eb8: Сеанс отсутствует или удален
ID=f344e2e2-2005-4ad5-8911-566007cea526, File=d:\jenkins\ci_builder2\windowsbuild2\platform\src\rserver\src\clusterdistribimpl.cpp(1439)'
31:45.763006-0,EXCP,2,process=rphost,p:processName=bi_bk3wk1_prod_01,OSThread=4608,t:clientID=1341,t:applicationName=BackgroundJob,t:computerName=DC2BUHAPP11,t:connectID=5318,SessionID=5597,Usr=Абзолдаева Анеля Шахкузовна,Exception=SeanceContextException,Descr='Сеанс отсутствует или удален
ID=f344e2e2-2005-4ad5-8911-566007cea526, File=d:\jenkins\ci_builder2\windowsbuild2\platform\src\rserver\src\rmngrcalls.cpp(364)'
31:45.763007-0,EXCP,2,process=rphost,p:processName=bi_bk3wk1_prod_01,OSThread=4608,t:clientID=1341,t:applicationName=BackgroundJob,t:computerName=DC2BUHAPP11,t:connectID=5318,SessionID=5597,Usr=Абзолдаева Анеля Шахкузовна,Exception=60c686dc-798f-4d17-aadb-a90156a16eb8,Descr='src\rserver\src\serverjobexecutor.cpp(1095):
60c686dc-798f-4d17-aadb-a90156a16eb8: Сеанс отсутствует или удален
ID=f344e2e2-2005-4ad5-8911-566007cea526, File=d:\jenkins\ci_builder2\windowsbuild2\platform\src\rserver\src\rmngrcalls.cpp(364)'
31:45.763009-0,EXCP,3,process=rphost,p:processName=bi_bk3wk1_prod_01,OSThread=4608,t:clientID=1341,t:applicationName=BackgroundJob,t:computerName=DC2BUHAPP11,t:connectID=5318,SessionID=5597,Usr=Абзолдаева Анеля Шахкузовна,Exception=SeanceContextException,Descr='Сеанс отсутствует или удален
ID=f344e2e2-2005-4ad5-8911-566007cea526, File=d:\jenkins\ci_builder2\windowsbuild2\platform\src\rserver\src\clusterdistribimpl.cpp(1439)'
31:45.763011-0,EXCP,2,process=rphost,p:processName=bi_bk3wk1_prod_01,OSThread=4608,t:clientID=1341,t:applicationName=BackgroundJob,t:computerName=DC2BUHAPP11,t:connectID=5318,SessionID=5597,Usr=Абзолдаева Анеля Шахкузовна,Exception=60c686dc-798f-4d17-aadb-a90156a16eb8,Descr='src\rserver\src\rmngrcalls.cpp(476):
60c686dc-798f-4d17-aadb-a90156a16eb8: Сеанс отсутствует или удален
ID=f344e2e2-2005-4ad5-8911-566007cea526, File=d:\jenkins\ci_builder2\windowsbuild2\platform\src\rserver\src\clusterdistribimpl.cpp(1439)'
31:45.966001-0,EXCP,2,process=rphost,p:processName=bi_bk3wk1_prod_01,OSThread=4608,t:clientID=1341,t:applicationName=BackgroundJob,t:computerName=DC2BUHAPP11,t:connectID=5318,SessionID=5597,Usr=Абзолдаева Анеля Шахкузовна,Exception=SeanceContextException,Descr='Сеанс отсутствует или удален
ID=f344e2e2-2005-4ad5-8911-566007cea526, File=d:\jenkins\ci_builder2\windowsbuild2\platform\src\rserver\src\rmngrcalls.cpp(364)'
32:31.544005-0,ADMIN,2,process=rphost,p:processName=ServerJobExecutorContext,OSThread=1140,t:clientID=981,t:applicationName=JobScheduler,t:computerName=DC2BUHAPP11,Func=killClient,ClusterID=8aa94e2b-5d54-4b86-800b-79353ce39638,ConnectionID=66532942-55e5-4200-8a46-14f33e7d1a64,Mode=0,Ref=bi_bk3wk1_prod_01(bi_bk3wk1_prod_01),Host=DC2BUHAPP11,Connection=5342,Administrator=Unknown,Result=Success
32:41.591007-0,EXCP,3,process=rphost,p:processName=bi_bk3wk1_prod_01,OSThread=1128,t:clientID=1354,t:applicationName=BackgroundJob,t:computerName=DC2BUHAPP11,t:connectID=5342,SessionID=5621,Usr=Тағабай Бекболат Талғатұлы,Exception=SeanceContextException,Descr='Сеанс отсутствует или удален
ID=66cafa6e-f16b-4db4-bc94-d4c6684561c1, File=d:\jenkins\ci_builder2\windowsbuild2\platform\src\rserver\src\clusterdistribimpl.cpp(1439)'
32:41.591009-0,EXCP,2,process=rphost,p:processName=bi_bk3wk1_prod_01,OSThread=1128,t:clientID=1354,t:applicationName=BackgroundJob,t:computerName=DC2BUHAPP11,t:connectID=5342,SessionID=5621,Usr=Тағабай Бекболат Талғатұлы,Exception=60c686dc-798f-4d17-aadb-a90156a16eb8,Descr='src\rserver\src\rmngrcalls.cpp(476):
60c686dc-798f-4d17-aadb-a90156a16eb8: Сеанс отсутствует или удален
ID=66cafa6e-f16b-4db4-bc94-d4c6684561c1, File=d:\jenkins\ci_builder2\windowsbuild2\platform\src\rserver\src\clusterdistribimpl.cpp(1439)'
32:41.638006-0,EXCP,2,process=rphost,p:processName=bi_bk3wk1_prod_01,OSThread=1128,t:clientID=1354,t:applicationName=BackgroundJob,t:computerName=DC2BUHAPP11,t:connectID=5342,SessionID=5621,Usr=Тағабай Бекболат Талғатұлы,Exception=SeanceContextException,Descr='Сеанс отсутствует или удален
ID=66cafa6e-f16b-4db4-bc94-d4c6684561c1, File=d:\jenkins\ci_builder2\windowsbuild2\platform\src\rserver\src\rmngrcalls.cpp(364)'
32:41.638007-0,EXCP,2,process=rphost,p:processName=bi_bk3wk1_prod_01,OSThread=1128,t:clientID=1354,t:applicationName=BackgroundJob,t:computerName=DC2BUHAPP11,t:connectID=5342,SessionID=5621,Usr=Тағабай Бекболат Талғатұлы,Exception=60c686dc-798f-4d17-aadb-a90156a16eb8,Descr='src\rserver\src\serverjobexecutor.cpp(1095):
60c686dc-798f-4d17-aadb-a90156a16eb8: Сеанс отсутствует или удален
ID=66cafa6e-f16b-4db4-bc94-d4c6684561c1, File=d:\jenkins\ci_builder2\windowsbuild2\platform\src\rserver\src\rmngrcalls.cpp(364)'
32:41.638009-0,EXCP,3,process=rphost,p:processName=bi_bk3wk1_prod_01,OSThread=1128,t:clientID=1354,t:applicationName=BackgroundJob,t:computerName=DC2BUHAPP11,t:connectID=5342,SessionID=5621,Usr=Тағабай Бекболат Талғатұлы,Exception=SeanceContextException,Descr='Сеанс отсутствует или удален
ID=66cafa6e-f16b-4db4-bc94-d4c6684561c1, File=d:\jenkins\ci_builder2\windowsbuild2\platform\src\rserver\src\clusterdistribimpl.cpp(1439)'
32:41.638011-0,EXCP,2,process=rphost,p:processName=bi_bk3wk1_prod_01,OSThread=1128,t:clientID=1354,t:applicationName=BackgroundJob,t:computerName=DC2BUHAPP11,t:connectID=5342,SessionID=5621,Usr=Тағабай Бекболат Талғатұлы,Exception=60c686dc-798f-4d17-aadb-a90156a16eb8,Descr='src\rserver\src\rmngrcalls.cpp(476):
60c686dc-798f-4d17-aadb-a90156a16eb8: Сеанс отсутствует или удален
ID=66cafa6e-f16b-4db4-bc94-d4c6684561c1, File=d:\jenkins\ci_builder2\windowsbuild2\platform\src\rserver\src\clusterdistribimpl.cpp(1439)'
32:41.841000-0,EXCP,2,process=rphost,p:processName=bi_bk3wk1_prod_01,OSThread=1128,t:clientID=1354,t:applicationName=BackgroundJob,t:computerName=DC2BUHAPP11,t:connectID=5342,SessionID=5621,Usr=Тағабай Бекболат Талғатұлы,Exception=SeanceContextException,Descr='Сеанс отсутствует или удален
ID=66cafa6e-f16b-4db4-bc94-d4c6684561c1, File=d:\jenkins\ci_builder2\windowsbuild2\platform\src\rserver\src\rmngrcalls.cpp(364)'
32:59.732005-0,ADMIN,2,process=rphost,p:processName=ServerJobExecutorContext,OSThread=1140,t:clientID=981,t:applicationName=JobScheduler,t:computerName=DC2BUHAPP11,Func=killClient,ClusterID=8aa94e2b-5d54-4b86-800b-79353ce39638,ConnectionID=403ab83f-37d8-4d2b-8877-b43baedcb68c,Mode=0,Ref=bi_bk3wk1_prod_01(bi_bk3wk1_prod_01),Host=DC2BUHAPP11,Connection=5347,Administrator=Unknown,Result=Success
33:08.639010-0,EXCP,3,process=rphost,p:processName=bi_bk3wk1_prod_01,OSThread=1352,t:clientID=1355,t:applicationName=BackgroundJob,t:computerName=DC2BUHAPP11,t:connectID=5347,SessionID=5626,Usr=Тағабай Бекболат Талғатұлы,Exception=SeanceContextException,Descr='Сеанс отсутствует или удален
ID=86218af3-d9ce-4fa7-8c86-1d66b6a535a1, File=d:\jenkins\ci_builder2\windowsbuild2\platform\src\rserver\src\clusterdistribimpl.cpp(1439)'
33:08.639012-0,EXCP,2,process=rphost,p:processName=bi_bk3wk1_prod_01,OSThread=1352,t:clientID=1355,t:applicationName=BackgroundJob,t:computerName=DC2BUHAPP11,t:connectID=5347,SessionID=5626,Usr=Тағабай Бекболат Талғатұлы,Exception=60c686dc-798f-4d17-aadb-a90156a16eb8,Descr='src\rserver\src\rmngrcalls.cpp(476):
60c686dc-798f-4d17-aadb-a90156a16eb8: Сеанс отсутствует или удален
ID=86218af3-d9ce-4fa7-8c86-1d66b6a535a1, File=d:\jenkins\ci_builder2\windowsbuild2\platform\src\rserver\src\clusterdistribimpl.cpp(1439)'
33:08.842000-0,EXCP,2,process=rphost,p:processName=bi_bk3wk1_prod_01,OSThread=1352,t:clientID=1355,t:applicationName=BackgroundJob,t:computerName=DC2BUHAPP11,t:connectID=5347,SessionID=5626,Usr=Тағабай Бекболат Талғатұлы,Exception=SeanceContextException,Descr='Сеанс отсутствует или удален
ID=86218af3-d9ce-4fa7-8c86-1d66b6a535a1, File=d:\jenkins\ci_builder2\windowsbuild2\platform\src\rserver\src\rmngrcalls.cpp(364)'
33:08.842001-0,EXCP,2,process=rphost,p:processName=bi_bk3wk1_prod_01,OSThread=1352,t:clientID=1355,t:applicationName=BackgroundJob,t:computerName=DC2BUHAPP11,t:connectID=5347,SessionID=5626,Usr=Тағабай Бекболат Талғатұлы,Exception=60c686dc-798f-4d17-aadb-a90156a16eb8,Descr='src\rserver\src\serverjobexecutor.cpp(1095):
60c686dc-798f-4d17-aadb-a90156a16eb8: Сеанс отсутствует или удален
ID=86218af3-d9ce-4fa7-8c86-1d66b6a535a1, File=d:\jenkins\ci_builder2\windowsbuild2\platform\src\rserver\src\rmngrcalls.cpp(364)'
33:08.842003-0,EXCP,3,process=rphost,p:processName=bi_bk3wk1_prod_01,OSThread=1352,t:clientID=1355,t:applicationName=BackgroundJob,t:computerName=DC2BUHAPP11,t:connectID=5347,SessionID=5626,Usr=Тағабай Бекболат Талғатұлы,Exception=SeanceContextException,Descr='Сеанс отсутствует или удален
ID=86218af3-d9ce-4fa7-8c86-1d66b6a535a1, File=d:\jenkins\ci_builder2\windowsbuild2\platform\src\rserver\src\clusterdistribimpl.cpp(1439)'
33:08.842005-0,EXCP,2,process=rphost,p:processName=bi_bk3wk1_prod_01,OSThread=1352,t:clientID=1355,t:applicationName=BackgroundJob,t:computerName=DC2BUHAPP11,t:connectID=5347,SessionID=5626,Usr=Тағабай Бекболат Талғатұлы,Exception=60c686dc-798f-4d17-aadb-a90156a16eb8,Descr='src\rserver\src\rmngrcalls.cpp(476):
60c686dc-798f-4d17-aadb-a90156a16eb8: Сеанс отсутствует или удален
ID=86218af3-d9ce-4fa7-8c86-1d66b6a535a1, File=d:\jenkins\ci_builder2\windowsbuild2\platform\src\rserver\src\clusterdistribimpl.cpp(1439)'
33:09.045000-0,EXCP,2,process=rphost,p:processName=bi_bk3wk1_prod_01,OSThread=1352,t:clientID=1355,t:applicationName=BackgroundJob,t:computerName=DC2BUHAPP11,t:connectID=5347,SessionID=5626,Usr=Тағабай Бекболат Талғатұлы,Exception=SeanceContextException,Descr='Сеанс отсутствует или удален
ID=86218af3-d9ce-4fa7-8c86-1d66b6a535a1, File=d:\jenkins\ci_builder2\windowsbuild2\platform\src\rserver\src\rmngrcalls.cpp(364)'
37:43.936006-0,ADMIN,2,process=rphost,p:processName=ServerJobExecutorContext,OSThread=1140,t:clientID=981,t:applicationName=JobScheduler,t:computerName=DC2BUHAPP11,Func=killClient,ClusterID=8aa94e2b-5d54-4b86-800b-79353ce39638,ConnectionID=9680d3b0-c0cf-4d02-95c4-f306ecab0e9f,Mode=0,Ref=bi_bk3wk1_prod_01(bi_bk3wk1_prod_01),Host=DC2BUHAPP11,Connection=5413,Administrator=Unknown,Result=Success
37:46.592002-0,EXCP,3,process=rphost,p:processName=bi_bk3wk1_prod_01,OSThread=4608,t:clientID=1375,t:applicationName=BackgroundJob,t:computerName=DC2BUHAPP11,t:connectID=5413,SessionID=5695,Usr=БоканЖМ,Exception=SeanceContextException,Descr='Сеанс отсутствует или удален
ID=e5993d2e-04a2-4d60-9363-68920f4624e4, File=d:\jenkins\ci_builder2\windowsbuild2\platform\src\rserver\src\clusterdistribimpl.cpp(1439)'
37:46.592004-0,EXCP,2,process=rphost,p:processName=bi_bk3wk1_prod_01,OSThread=4608,t:clientID=1375,t:applicationName=BackgroundJob,t:computerName=DC2BUHAPP11,t:connectID=5413,SessionID=5695,Usr=БоканЖМ,Exception=60c686dc-798f-4d17-aadb-a90156a16eb8,Descr='src\rserver\src\rmngrcalls.cpp(476):
60c686dc-798f-4d17-aadb-a90156a16eb8: Сеанс отсутствует или удален
ID=e5993d2e-04a2-4d60-9363-68920f4624e4, File=d:\jenkins\ci_builder2\windowsbuild2\platform\src\rserver\src\clusterdistribimpl.cpp(1439)'
37:46.795000-0,EXCP,2,process=rphost,p:processName=bi_bk3wk1_prod_01,OSThread=4608,t:clientID=1375,t:applicationName=BackgroundJob,t:computerName=DC2BUHAPP11,t:connectID=5413,SessionID=5695,Usr=БоканЖМ,Exception=SeanceContextException,Descr='Сеанс отсутствует или удален
ID=e5993d2e-04a2-4d60-9363-68920f4624e4, File=d:\jenkins\ci_builder2\windowsbuild2\platform\src\rserver\src\rmngrcalls.cpp(364)'
37:46.795001-0,EXCP,2,process=rphost,p:processName=bi_bk3wk1_prod_01,OSThread=4608,t:clientID=1375,t:applicationName=BackgroundJob,t:computerName=DC2BUHAPP11,t:connectID=5413,SessionID=5695,Usr=БоканЖМ,Exception=60c686dc-798f-4d17-aadb-a90156a16eb8,Descr='src\rserver\src\serverjobexecutor.cpp(1095):
60c686dc-798f-4d17-aadb-a90156a16eb8: Сеанс отсутствует или удален
ID=e5993d2e-04a2-4d60-9363-68920f4624e4, File=d:\jenkins\ci_builder2\windowsbuild2\platform\src\rserver\src\rmngrcalls.cpp(364)'
37:46.795003-0,EXCP,3,process=rphost,p:processName=bi_bk3wk1_prod_01,OSThread=4608,t:clientID=1375,t:applicationName=BackgroundJob,t:computerName=DC2BUHAPP11,t:connectID=5413,SessionID=5695,Usr=БоканЖМ,Exception=SeanceContextException,Descr='Сеанс отсутствует или удален
ID=e5993d2e-04a2-4d60-9363-68920f4624e4, File=d:\jenkins\ci_builder2\windowsbuild2\platform\src\rserver\src\clusterdistribimpl.cpp(1439)'
37:46.795005-0,EXCP,2,process=rphost,p:processName=bi_bk3wk1_prod_01,OSThread=4608,t:clientID=1375,t:applicationName=BackgroundJob,t:computerName=DC2BUHAPP11,t:connectID=5413,SessionID=5695,Usr=БоканЖМ,Exception=60c686dc-798f-4d17-aadb-a90156a16eb8,Descr='src\rserver\src\rmngrcalls.cpp(476):
60c686dc-798f-4d17-aadb-a90156a16eb8: Сеанс отсутствует или удален
ID=e5993d2e-04a2-4d60-9363-68920f4624e4, File=d:\jenkins\ci_builder2\windowsbuild2\platform\src\rserver\src\clusterdistribimpl.cpp(1439)'
37:46.999000-0,EXCP,2,process=rphost,p:processName=bi_bk3wk1_prod_01,OSThread=4608,t:clientID=1375,t:applicationName=BackgroundJob,t:computerName=DC2BUHAPP11,t:connectID=5413,SessionID=5695,Usr=БоканЖМ,Exception=SeanceContextException,Descr='Сеанс отсутствует или удален
ID=e5993d2e-04a2-4d60-9363-68920f4624e4, File=d:\jenkins\ci_builder2\windowsbuild2\platform\src\rserver\src\rmngrcalls.cpp(364)'
38:30.458016-0,EXCP,2,process=rphost,p:processName=bi_bk3wk1_prod_01,OSThread=7080,t:clientID=1379,t:applicationName=1CV8C,t:computerName=DC2RDSH14,t:connectID=5423,SessionID=5706,Usr=Ибраев Нариман Жумашевич,AppID=1CV8C,Exception=afd2b550-0d52-4e03-b448-15ed68d87ac5,Descr='src\mngbase\src\rtsimplylogformsrvimpl.cpp(199):
afd2b550-0d52-4e03-b448-15ed68d87ac5
e0506925-b3e4-4dfb-b2fd-309eb7908ae3: Ошибка блокировки объекта. Объект уже заблокирован:
компьютер: DC2RDSH14, пользователь: Ибраев Нариман Жумашевич, сеанс: 5381, начат: 04.05.2020 в 12:18:28, приложение: Тонкий клиент',Context=Форма.ЗаблокироватьДанныеФормыДляРедактирования : Документ.ЗаявкаНаОплату.Форма.ФормаДокумента
38:30.458017-0,EXCP,2,process=rphost,p:processName=bi_bk3wk1_prod_01,OSThread=7080,t:clientID=1379,t:applicationName=1CV8C,t:computerName=DC2RDSH14,t:connectID=5423,SessionID=5706,Usr=Ибраев Нариман Жумашевич,AppID=1CV8C,Exception=580392e6-ba49-4280-ac67-fcd6f2180121,Descr='src\vrsbase\src\vresourceinfobaseimpl.cpp(1114):
580392e6-ba49-4280-ac67-fcd6f2180121: Неспецифицированная ошибка работы с ресурсом
Ошибка при выполнении запроса POST к ресурсу /e1cib/logForm:
afd2b550-0d52-4e03-b448-15ed68d87ac5
e0506925-b3e4-4dfb-b2fd-309eb7908ae3: Ошибка блокировки объекта. Объект уже заблокирован:
компьютер: DC2RDSH14, пользователь: Ибраев Нариман Жумашевич, сеанс: 5381, начат: 04.05.2020 в 12:18:28, приложение: Тонкий клиент'
38:42.208011-0,EXCP,2,process=rphost,p:processName=bi_bk3wk1_prod_01,OSThread=6916,t:clientID=1379,t:applicationName=1CV8C,t:computerName=DC2RDSH14,t:connectID=5423,SessionID=5706,Usr=Ибраев Нариман Жумашевич,AppID=1CV8C,Exception=afd2b550-0d52-4e03-b448-15ed68d87ac5,Descr='src\mngbase\src\rtsimplylogformsrvimpl.cpp(199):
afd2b550-0d52-4e03-b448-15ed68d87ac5
e0506925-b3e4-4dfb-b2fd-309eb7908ae3: Ошибка блокировки объекта. Объект уже заблокирован:
компьютер: DC2RDSH14, пользователь: Ибраев Нариман Жумашевич, сеанс: 5488, начат: 04.05.2020 в 12:32:56, приложение: Тонкий клиент',Context=Форма.ЗаблокироватьДанныеФормыДляРедактирования : Документ.ЗаявкаНаОплату.Форма.ФормаДокумента
38:42.208012-0,EXCP,2,process=rphost,p:processName=bi_bk3wk1_prod_01,OSThread=6916,t:clientID=1379,t:applicationName=1CV8C,t:computerName=DC2RDSH14,t:connectID=5423,SessionID=5706,Usr=Ибраев Нариман Жумашевич,AppID=1CV8C,Exception=580392e6-ba49-4280-ac67-fcd6f2180121,Descr='src\vrsbase\src\vresourceinfobaseimpl.cpp(1114):
580392e6-ba49-4280-ac67-fcd6f2180121: Неспецифицированная ошибка работы с ресурсом
Ошибка при выполнении запроса POST к ресурсу /e1cib/logForm:
afd2b550-0d52-4e03-b448-15ed68d87ac5
e0506925-b3e4-4dfb-b2fd-309eb7908ae3: Ошибка блокировки объекта. Объект уже заблокирован:
компьютер: DC2RDSH14, пользователь: Ибраев Нариман Жумашевич, сеанс: 5488, начат: 04.05.2020 в 12:32:56, приложение: Тонкий клиент'
38:57.061014-0,EXCP,0,process=rphost,OSThread=3292,ClientID=1380,Exception=NetDataExchangeException,Descr='server_addr=(2)10.224.32.240:60419 descr=2(0x00000002): Не удается найти указанный файл.  line=1149 file=d:\jenkins\ci_builder2\windowsbuild2\platform\src\rtrsrvc\src\dataexchangeserverimpl.cpp'
38:57.061015-0,EXCPCNTX,0,ClientComputerName=,ServerComputerName=,UserName=,ConnectString=
39:01.936015-0,ADMIN,2,process=rphost,p:processName=ServerJobExecutorContext,OSThread=1140,t:clientID=981,t:applicationName=JobScheduler,t:computerName=DC2BUHAPP11,Func=killClient,ClusterID=8aa94e2b-5d54-4b86-800b-79353ce39638,ConnectionID=d37d3891-f4a9-432a-8241-503a6164de66,Mode=0,Ref=bi_bk3wk1_prod_01(bi_bk3wk1_prod_01),Host=DC2BUHAPP11,Connection=5460,Administrator=Unknown,Result=Success
39:02.233000-0,EXCP,3,process=rphost,p:processName=bi_bk3wk1_prod_01,OSThread=6416,t:clientID=1381,t:applicationName=BackgroundJob,t:computerName=DC2BUHAPP11,t:connectID=5460,SessionID=5743,Usr=БоканЖМ,Exception=SeanceContextException,Descr='Сеанс отсутствует или удален
ID=1799879d-f399-4213-864a-f8ee8c2040d4, File=d:\jenkins\ci_builder2\windowsbuild2\platform\src\rserver\src\clusterdistribimpl.cpp(1439)'
39:02.233002-0,EXCP,2,process=rphost,p:processName=bi_bk3wk1_prod_01,OSThread=6416,t:clientID=1381,t:applicationName=BackgroundJob,t:computerName=DC2BUHAPP11,t:connectID=5460,SessionID=5743,Usr=БоканЖМ,Exception=60c686dc-798f-4d17-aadb-a90156a16eb8,Descr='src\rserver\src\rmngrcalls.cpp(476):
60c686dc-798f-4d17-aadb-a90156a16eb8: Сеанс отсутствует или удален
ID=1799879d-f399-4213-864a-f8ee8c2040d4, File=d:\jenkins\ci_builder2\windowsbuild2\platform\src\rserver\src\clusterdistribimpl.cpp(1439)'
39:02.436000-0,EXCP,2,process=rphost,p:processName=bi_bk3wk1_prod_01,OSThread=6416,t:clientID=1381,t:applicationName=BackgroundJob,t:computerName=DC2BUHAPP11,t:connectID=5460,SessionID=5743,Usr=БоканЖМ,Exception=SeanceContextException,Descr='Сеанс отсутствует или удален
ID=1799879d-f399-4213-864a-f8ee8c2040d4, File=d:\jenkins\ci_builder2\windowsbuild2\platform\src\rserver\src\rmngrcalls.cpp(364)'
39:02.436001-0,EXCP,2,process=rphost,p:processName=bi_bk3wk1_prod_01,OSThread=6416,t:clientID=1381,t:applicationName=BackgroundJob,t:computerName=DC2BUHAPP11,t:connectID=5460,SessionID=5743,Usr=БоканЖМ,Exception=60c686dc-798f-4d17-aadb-a90156a16eb8,Descr='src\rserver\src\serverjobexecutor.cpp(1095):
60c686dc-798f-4d17-aadb-a90156a16eb8: Сеанс отсутствует или удален
ID=1799879d-f399-4213-864a-f8ee8c2040d4, File=d:\jenkins\ci_builder2\windowsbuild2\platform\src\rserver\src\rmngrcalls.cpp(364)'
39:02.436003-0,EXCP,3,process=rphost,p:processName=bi_bk3wk1_prod_01,OSThread=6416,t:clientID=1381,t:applicationName=BackgroundJob,t:computerName=DC2BUHAPP11,t:connectID=5460,SessionID=5743,Usr=БоканЖМ,Exception=SeanceContextException,Descr='Сеанс отсутствует или удален
ID=1799879d-f399-4213-864a-f8ee8c2040d4, File=d:\jenkins\ci_builder2\windowsbuild2\platform\src\rserver\src\clusterdistribimpl.cpp(1439)'
39:02.436005-0,EXCP,2,process=rphost,p:processName=bi_bk3wk1_prod_01,OSThread=6416,t:clientID=1381,t:applicationName=BackgroundJob,t:computerName=DC2BUHAPP11,t:connectID=5460,SessionID=5743,Usr=БоканЖМ,Exception=60c686dc-798f-4d17-aadb-a90156a16eb8,Descr='src\rserver\src\rmngrcalls.cpp(476):
60c686dc-798f-4d17-aadb-a90156a16eb8: Сеанс отсутствует или удален
ID=1799879d-f399-4213-864a-f8ee8c2040d4, File=d:\jenkins\ci_builder2\windowsbuild2\platform\src\rserver\src\clusterdistribimpl.cpp(1439)'
39:02.639000-0,EXCP,2,process=rphost,p:processName=bi_bk3wk1_prod_01,OSThread=6416,t:clientID=1381,t:applicationName=BackgroundJob,t:computerName=DC2BUHAPP11,t:connectID=5460,SessionID=5743,Usr=БоканЖМ,Exception=SeanceContextException,Descr='Сеанс отсутствует или удален
ID=1799879d-f399-4213-864a-f8ee8c2040d4, File=d:\jenkins\ci_builder2\windowsbuild2\platform\src\rserver\src\rmngrcalls.cpp(364)'
39:03.670004-0,ADMIN,2,process=rphost,p:processName=ServerJobExecutorContext,OSThread=1140,t:clientID=981,t:applicationName=JobScheduler,t:computerName=DC2BUHAPP11,Func=killClient,ClusterID=8aa94e2b-5d54-4b86-800b-79353ce39638,ConnectionID=4b5de9b8-2205-425f-9d24-f9959e66f6c3,Mode=0,Ref=bi_bk3wk1_prod_01(bi_bk3wk1_prod_01),Host=DC2BUHAPP11,Connection=5463,Administrator=Unknown,Result=Success
39:07.717005-0,EXCP,3,process=rphost,p:processName=bi_bk3wk1_prod_01,OSThread=7300,t:clientID=1382,t:applicationName=BackgroundJob,t:computerName=DC2BUHAPP11,t:connectID=5463,SessionID=5746,Usr=WK1_Кайнарбаева_Акмарал_Батырбаевна,Exception=SeanceContextException,Descr='Сеанс отсутствует или удален
ID=eea24c16-ef35-4dfe-99af-c9fc4b9ad6e7, File=d:\jenkins\ci_builder2\windowsbuild2\platform\src\rserver\src\clusterdistribimpl.cpp(1439)'
39:07.717007-0,EXCP,2,process=rphost,p:processName=bi_bk3wk1_prod_01,OSThread=7300,t:clientID=1382,t:applicationName=BackgroundJob,t:computerName=DC2BUHAPP11,t:connectID=5463,SessionID=5746,Usr=WK1_Кайнарбаева_Акмарал_Батырбаевна,Exception=60c686dc-798f-4d17-aadb-a90156a16eb8,Descr='src\rserver\src\rmngrcalls.cpp(476):
60c686dc-798f-4d17-aadb-a90156a16eb8: Сеанс отсутствует или удален
ID=eea24c16-ef35-4dfe-99af-c9fc4b9ad6e7, File=d:\jenkins\ci_builder2\windowsbuild2\platform\src\rserver\src\clusterdistribimpl.cpp(1439)'
39:07.780006-0,EXCP,2,process=rphost,p:processName=bi_bk3wk1_prod_01,OSThread=7300,t:clientID=1382,t:applicationName=BackgroundJob,t:computerName=DC2BUHAPP11,t:connectID=5463,SessionID=5746,Usr=WK1_Кайнарбаева_Акмарал_Батырбаевна,Exception=SeanceContextException,Descr='Сеанс отсутствует или удален
ID=eea24c16-ef35-4dfe-99af-c9fc4b9ad6e7, File=d:\jenkins\ci_builder2\windowsbuild2\platform\src\rserver\src\rmngrcalls.cpp(364)'
39:07.780007-0,EXCP,2,process=rphost,p:processName=bi_bk3wk1_prod_01,OSThread=7300,t:clientID=1382,t:applicationName=BackgroundJob,t:computerName=DC2BUHAPP11,t:connectID=5463,SessionID=5746,Usr=WK1_Кайнарбаева_Акмарал_Батырбаевна,Exception=60c686dc-798f-4d17-aadb-a90156a16eb8,Descr='src\rserver\src\serverjobexecutor.cpp(1095):
60c686dc-798f-4d17-aadb-a90156a16eb8: Сеанс отсутствует или удален
ID=eea24c16-ef35-4dfe-99af-c9fc4b9ad6e7, File=d:\jenkins\ci_builder2\windowsbuild2\platform\src\rserver\src\rmngrcalls.cpp(364)'
39:07.780009-0,EXCP,3,process=rphost,p:processName=bi_bk3wk1_prod_01,OSThread=7300,t:clientID=1382,t:applicationName=BackgroundJob,t:computerName=DC2BUHAPP11,t:connectID=5463,SessionID=5746,Usr=WK1_Кайнарбаева_Акмарал_Батырбаевна,Exception=SeanceContextException,Descr='Сеанс отсутствует или удален
ID=eea24c16-ef35-4dfe-99af-c9fc4b9ad6e7, File=d:\jenkins\ci_builder2\windowsbuild2\platform\src\rserver\src\clusterdistribimpl.cpp(1439)'
39:07.780011-0,EXCP,2,process=rphost,p:processName=bi_bk3wk1_prod_01,OSThread=7300,t:clientID=1382,t:applicationName=BackgroundJob,t:computerName=DC2BUHAPP11,t:connectID=5463,SessionID=5746,Usr=WK1_Кайнарбаева_Акмарал_Батырбаевна,Exception=60c686dc-798f-4d17-aadb-a90156a16eb8,Descr='src\rserver\src\rmngrcalls.cpp(476):
60c686dc-798f-4d17-aadb-a90156a16eb8: Сеанс отсутствует или удален
ID=eea24c16-ef35-4dfe-99af-c9fc4b9ad6e7, File=d:\jenkins\ci_builder2\windowsbuild2\platform\src\rserver\src\clusterdistribimpl.cpp(1439)'
39:07.983000-0,EXCP,2,process=rphost,p:processName=bi_bk3wk1_prod_01,OSThread=7300,t:clientID=1382,t:applicationName=BackgroundJob,t:computerName=DC2BUHAPP11,t:connectID=5463,SessionID=5746,Usr=WK1_Кайнарбаева_Акмарал_Батырбаевна,Exception=SeanceContextException,Descr='Сеанс отсутствует или удален
ID=eea24c16-ef35-4dfe-99af-c9fc4b9ad6e7, File=d:\jenkins\ci_builder2\windowsbuild2\platform\src\rserver\src\rmngrcalls.cpp(364)'
39:32.389048-0,EXCP,3,process=rphost,p:processName=bi_bk3wk1_prod_01,OSThread=8172,t:clientID=1383,t:applicationName=1CV8C,t:computerName=DC2RDSH19,t:connectID=5479,Exception=SeanceContextException,Descr='Сеанс отсутствует или удален
ID=d4e0a0af-9532-4019-bbb6-0c7a566ea31c, File=d:\jenkins\ci_builder2\windowsbuild2\platform\src\rserver\src\clusterdistribimpl.cpp(1439)'
39:32.389050-0,EXCP,2,process=rphost,p:processName=bi_bk3wk1_prod_01,OSThread=8172,t:clientID=1383,t:applicationName=1CV8C,t:computerName=DC2RDSH19,t:connectID=5479,Exception=60c686dc-798f-4d17-aadb-a90156a16eb8,Descr='src\rserver\src\rmngrcalls.cpp(476):
60c686dc-798f-4d17-aadb-a90156a16eb8: Сеанс отсутствует или удален
ID=d4e0a0af-9532-4019-bbb6-0c7a566ea31c, File=d:\jenkins\ci_builder2\windowsbuild2\platform\src\rserver\src\clusterdistribimpl.cpp(1439)'
39:32.592000-0,EXCP,2,process=rphost,p:processName=bi_bk3wk1_prod_01,OSThread=8172,t:clientID=1383,t:applicationName=1CV8C,t:computerName=DC2RDSH19,t:connectID=5479,Exception=SeanceContextException,Descr='Сеанс отсутствует или удален
ID=d4e0a0af-9532-4019-bbb6-0c7a566ea31c, File=d:\jenkins\ci_builder2\windowsbuild2\platform\src\rserver\src\rmngrcalls.cpp(364)'
