00:37.286019-0,EXCP,2,process=rphost,p:processName=bi_bk3wk1_prod_01,OSThread=6604,t:clientID=1680,t:applicationName=1CV8C,t:computerName=DC1RDSH05,t:connectID=8391,SessionID=208,Usr=Байсултанова Куралай Сериковна,AppID=1CV8C,Exception=afd2b550-0d52-4e03-b448-15ed68d87ac5,Descr='src\basic\src\documentlogformobjcontroller.cpp(884):
afd2b550-0d52-4e03-b448-15ed68d87ac5
0d2200af-1696-4395-91e5-2872675e6d3d: Не удалось провести "Заявка на оплату BAL00001271 от 04.05.2020 16:00:34"!',Context=Форма.Записать : Документ.ЗаявкаНаОплату.Форма.ФормаДокумента
00:37.349000-0,EXCP,2,process=rphost,p:processName=bi_bk3wk1_prod_01,OSThread=6604,t:clientID=1680,t:applicationName=1CV8C,t:computerName=DC1RDSH05,t:connectID=8391,SessionID=208,Usr=Байсултанова Куралай Сериковна,AppID=1CV8C,Exception=580392e6-ba49-4280-ac67-fcd6f2180121,Descr='src\vrsbase\src\vresourceinfobaseimpl.cpp(1114):
580392e6-ba49-4280-ac67-fcd6f2180121: Неспецифицированная ошибка работы с ресурсом
Ошибка при выполнении запроса POST к ресурсу /e1cib/logForm:
afd2b550-0d52-4e03-b448-15ed68d87ac5
0d2200af-1696-4395-91e5-2872675e6d3d: Не удалось провести "Заявка на оплату BAL00001271 от 04.05.2020 16:00:34"!'
00:46.193021-0,EXCP,2,process=rphost,p:processName=bi_bk3wk1_prod_01,OSThread=4608,t:clientID=1680,t:applicationName=1CV8C,t:computerName=DC1RDSH05,t:connectID=8391,SessionID=208,Usr=Байсултанова Куралай Сериковна,AppID=1CV8C,Exception=afd2b550-0d52-4e03-b448-15ed68d87ac5,Descr='src\basic\src\documentlogformobjcontroller.cpp(884):
afd2b550-0d52-4e03-b448-15ed68d87ac5
0d2200af-1696-4395-91e5-2872675e6d3d: Не удалось провести "Заявка на оплату BAL00001271 от 04.05.2020 16:00:43"!',Context=Форма.Записать : Документ.ЗаявкаНаОплату.Форма.ФормаДокумента
00:46.255006-0,EXCP,2,process=rphost,p:processName=bi_bk3wk1_prod_01,OSThread=4608,t:clientID=1680,t:applicationName=1CV8C,t:computerName=DC1RDSH05,t:connectID=8391,SessionID=208,Usr=Байсултанова Куралай Сериковна,AppID=1CV8C,Exception=580392e6-ba49-4280-ac67-fcd6f2180121,Descr='src\vrsbase\src\vresourceinfobaseimpl.cpp(1114):
580392e6-ba49-4280-ac67-fcd6f2180121: Неспецифицированная ошибка работы с ресурсом
Ошибка при выполнении запроса POST к ресурсу /e1cib/logForm:
afd2b550-0d52-4e03-b448-15ed68d87ac5
0d2200af-1696-4395-91e5-2872675e6d3d: Не удалось провести "Заявка на оплату BAL00001271 от 04.05.2020 16:00:43"!'
01:15.161000-0,EXCP,0,process=rphost,OSThread=6340,ClientID=1987,Exception=NetDataExchangeException,Descr='server_addr=(2)10.224.32.15:57852 descr=2(0x00000002): Не удается найти указанный файл.  line=1149 file=d:\jenkins\ci_builder2\windowsbuild2\platform\src\rtrsrvc\src\dataexchangeserverimpl.cpp'
01:15.161001-0,EXCPCNTX,0,ClientComputerName=,ServerComputerName=,UserName=,ConnectString=
01:15.427000-0,EXCP,0,process=rphost,OSThread=6340,ClientID=1992,Exception=NetDataExchangeException,Descr='server_addr=(2)10.224.32.15:57877 descr=2(0x00000002): Не удается найти указанный файл.  line=1149 file=d:\jenkins\ci_builder2\windowsbuild2\platform\src\rtrsrvc\src\dataexchangeserverimpl.cpp'
01:15.427001-0,EXCPCNTX,0,ClientComputerName=,ServerComputerName=,UserName=,ConnectString=
04:21.237006-0,EXCP,2,process=rphost,p:processName=bi_bk3wk1_prod_01,OSThread=8224,t:clientID=1631,t:applicationName=1CV8C,t:computerName=DC1RDSH20,t:connectID=8203,SessionID=28,Usr=Асарова Аида Мейрамбекқызы,AppID=1CV8C,Exception=afd2b550-0d52-4e03-b448-15ed68d87ac5,Descr='src\basic\src\documentlogformobjcontroller.cpp(884):
afd2b550-0d52-4e03-b448-15ed68d87ac5
0d2200af-1696-4395-91e5-2872675e6d3d: Не удалось провести "Платежное поручение (исходящее) PSC00001655 от 04.05.2020 16:04:12"!',Context=Форма.Записать : Документ.ПлатежноеПоручениеИсходящее.Форма.ФормаДокумента
04:21.315000-0,EXCP,2,process=rphost,p:processName=bi_bk3wk1_prod_01,OSThread=8224,t:clientID=1631,t:applicationName=1CV8C,t:computerName=DC1RDSH20,t:connectID=8203,SessionID=28,Usr=Асарова Аида Мейрамбекқызы,AppID=1CV8C,Exception=580392e6-ba49-4280-ac67-fcd6f2180121,Descr='src\vrsbase\src\vresourceinfobaseimpl.cpp(1114):
580392e6-ba49-4280-ac67-fcd6f2180121: Неспецифицированная ошибка работы с ресурсом
Ошибка при выполнении запроса POST к ресурсу /e1cib/logForm:
afd2b550-0d52-4e03-b448-15ed68d87ac5
0d2200af-1696-4395-91e5-2872675e6d3d: Не удалось провести "Платежное поручение (исходящее) PSC00001655 от 04.05.2020 16:04:12"!'
04:41.610026-0,EXCP,0,process=rphost,OSThread=1000,ClientID=1993,Exception=NetDataExchangeException,Descr='server_addr=(2)10.224.32.15:57901 descr=2(0x00000002): Не удается найти указанный файл.  line=1149 file=d:\jenkins\ci_builder2\windowsbuild2\platform\src\rtrsrvc\src\dataexchangeserverimpl.cpp'
04:41.610027-0,EXCPCNTX,0,ClientComputerName=,ServerComputerName=,UserName=,ConnectString=
04:41.813000-0,EXCP,0,process=rphost,OSThread=4056,ClientID=1994,Exception=NetDataExchangeException,Descr='server_addr=(2)10.224.32.15:57927 descr=2(0x00000002): Не удается найти указанный файл.  line=1149 file=d:\jenkins\ci_builder2\windowsbuild2\platform\src\rtrsrvc\src\dataexchangeserverimpl.cpp'
04:41.813001-0,EXCPCNTX,0,ClientComputerName=,ServerComputerName=,UserName=,ConnectString=
05:38.860009-0,EXCP,2,process=rphost,p:processName=bi_bk3wk1_prod_01,OSThread=8500,t:clientID=1680,t:applicationName=1CV8C,t:computerName=DC1RDSH05,t:connectID=8391,SessionID=208,Usr=Байсултанова Куралай Сериковна,AppID=1CV8C,Exception=afd2b550-0d52-4e03-b448-15ed68d87ac5,Descr='src\basic\src\documentlogformobjcontroller.cpp(884):
afd2b550-0d52-4e03-b448-15ed68d87ac5
0d2200af-1696-4395-91e5-2872675e6d3d: Не удалось провести "Заявка на оплату BAL00001271 от 04.05.2020 16:05:35"!',Context=Форма.Записать : Документ.ЗаявкаНаОплату.Форма.ФормаДокумента
05:38.891000-0,EXCP,2,process=rphost,p:processName=bi_bk3wk1_prod_01,OSThread=8500,t:clientID=1680,t:applicationName=1CV8C,t:computerName=DC1RDSH05,t:connectID=8391,SessionID=208,Usr=Байсултанова Куралай Сериковна,AppID=1CV8C,Exception=580392e6-ba49-4280-ac67-fcd6f2180121,Descr='src\vrsbase\src\vresourceinfobaseimpl.cpp(1114):
580392e6-ba49-4280-ac67-fcd6f2180121: Неспецифицированная ошибка работы с ресурсом
Ошибка при выполнении запроса POST к ресурсу /e1cib/logForm:
afd2b550-0d52-4e03-b448-15ed68d87ac5
0d2200af-1696-4395-91e5-2872675e6d3d: Не удалось провести "Заявка на оплату BAL00001271 от 04.05.2020 16:05:35"!'
05:43.516004-0,EXCP,2,process=rphost,p:processName=bi_bk3wk1_prod_01,OSThread=4224,t:clientID=1680,t:applicationName=1CV8C,t:computerName=DC1RDSH05,t:connectID=8391,SessionID=208,Usr=Байсултанова Куралай Сериковна,AppID=1CV8C,Exception=afd2b550-0d52-4e03-b448-15ed68d87ac5,Descr='src\basic\src\documentlogformobjcontroller.cpp(884):
afd2b550-0d52-4e03-b448-15ed68d87ac5
0d2200af-1696-4395-91e5-2872675e6d3d: Не удалось провести "Заявка на оплату BAL00001271 от 04.05.2020 16:05:41"!',Context=Форма.Записать : Документ.ЗаявкаНаОплату.Форма.ФормаДокумента
05:43.547000-0,EXCP,2,process=rphost,p:processName=bi_bk3wk1_prod_01,OSThread=4224,t:clientID=1680,t:applicationName=1CV8C,t:computerName=DC1RDSH05,t:connectID=8391,SessionID=208,Usr=Байсултанова Куралай Сериковна,AppID=1CV8C,Exception=580392e6-ba49-4280-ac67-fcd6f2180121,Descr='src\vrsbase\src\vresourceinfobaseimpl.cpp(1114):
580392e6-ba49-4280-ac67-fcd6f2180121: Неспецифицированная ошибка работы с ресурсом
Ошибка при выполнении запроса POST к ресурсу /e1cib/logForm:
afd2b550-0d52-4e03-b448-15ed68d87ac5
0d2200af-1696-4395-91e5-2872675e6d3d: Не удалось провести "Заявка на оплату BAL00001271 от 04.05.2020 16:05:41"!'
07:02.615019-0,EXCP,2,process=rphost,p:processName=bi_bk3wk1_prod_01,OSThread=1352,t:clientID=1631,t:applicationName=1CV8C,t:computerName=DC1RDSH20,t:connectID=8203,SessionID=28,Usr=Асарова Аида Мейрамбекқызы,AppID=1CV8C,Exception=afd2b550-0d52-4e03-b448-15ed68d87ac5,Descr='src\basic\src\documentlogformobjcontroller.cpp(884):
afd2b550-0d52-4e03-b448-15ed68d87ac5
0d2200af-1696-4395-91e5-2872675e6d3d: Ошибка при выполнении обработчика - ''ОбработкаПроведения''
8d366056-4d5a-4d88-a207-0ae535b7d28e: {ОбщийМодуль.BI_КазначействоСервер.Модуль(623)}: Не удалось провести документ! По причине:  {ОбщийМодуль.BI_КазначействоСервер.Модуль(616)}: Ошибка при вызове метода контекста (Записать): Не удалось записать: "Журнал проводок (бухгалтерский учет)"!',Context=Форма.Записать : Документ.ПлатежноеПоручениеИсходящее.Форма.ФормаДокумента
07:02.677000-0,EXCP,2,process=rphost,p:processName=bi_bk3wk1_prod_01,OSThread=1352,t:clientID=1631,t:applicationName=1CV8C,t:computerName=DC1RDSH20,t:connectID=8203,SessionID=28,Usr=Асарова Аида Мейрамбекқызы,AppID=1CV8C,Exception=580392e6-ba49-4280-ac67-fcd6f2180121,Descr='src\vrsbase\src\vresourceinfobaseimpl.cpp(1114):
580392e6-ba49-4280-ac67-fcd6f2180121: Неспецифицированная ошибка работы с ресурсом
Ошибка при выполнении запроса POST к ресурсу /e1cib/logForm:
afd2b550-0d52-4e03-b448-15ed68d87ac5
0d2200af-1696-4395-91e5-2872675e6d3d: Ошибка при выполнении обработчика - ''ОбработкаПроведения''
8d366056-4d5a-4d88-a207-0ae535b7d28e: {ОбщийМодуль.BI_КазначействоСервер.Модуль(623)}: Не удалось провести документ! По причине:  {ОбщийМодуль.BI_КазначействоСервер.Модуль(616)}: Ошибка при вызове метода контекста (Записать): Не удалось записать: "Журнал проводок (бухгалтерский учет)"!'
07:33.396000-0,EXCP,6,process=rphost,p:processName=bi_bk3wk1_prod_01,OSThread=1352,t:clientID=1631,t:applicationName=1CV8C,t:computerName=DC1RDSH20,t:connectID=8203,SessionID=28,Usr=Асарова Аида Мейрамбекқызы,AppID=1CV8C,DBMS=DBMSSQL,DataBase=CLSBUHDB01\bi_bk3wk1_prod_01,dbpid=245,Exception=DataBaseException,Descr='Конфликт блокировок при выполнении транзакции:
Microsoft SQL Server Native Client 11.0: Lock request time out period exceeded.
HRESULT=80040E31, SQLSrvr: SQLSTATE=HYT00, state=38, Severity=10, native=1222, line=1
',Context='Форма.Записать : Документ.ПлатежноеПоручениеИсходящее.Форма.ФормаДокумента
ОбщийМодуль.BI_КазначействоСервер.Модуль : 616 : Источник.Движения.Записать();'
07:33.443003-0,EXCP,2,process=rphost,p:processName=bi_bk3wk1_prod_01,OSThread=1352,t:clientID=1631,t:applicationName=1CV8C,t:computerName=DC1RDSH20,t:connectID=8203,SessionID=28,Usr=Асарова Аида Мейрамбекқызы,AppID=1CV8C,Exception=afd2b550-0d52-4e03-b448-15ed68d87ac5,Descr='src\basic\src\documentlogformobjcontroller.cpp(871):
afd2b550-0d52-4e03-b448-15ed68d87ac5
dc31263e-ecbf-41bd-9b3a-7b55897d5fd6: Конфликт блокировок при выполнении транзакции:
Microsoft SQL Server Native Client 11.0: Lock request time out period exceeded.
HRESULT=80040E31, SQLSrvr: SQLSTATE=HYT00, state=38, Severity=10, native=1222, line=1
',Context=Форма.Записать : Документ.ПлатежноеПоручениеИсходящее.Форма.ФормаДокумента
07:33.490000-0,EXCP,2,process=rphost,p:processName=bi_bk3wk1_prod_01,OSThread=1352,t:clientID=1631,t:applicationName=1CV8C,t:computerName=DC1RDSH20,t:connectID=8203,SessionID=28,Usr=Асарова Аида Мейрамбекқызы,AppID=1CV8C,Exception=580392e6-ba49-4280-ac67-fcd6f2180121,Descr='src\vrsbase\src\vresourceinfobaseimpl.cpp(1114):
580392e6-ba49-4280-ac67-fcd6f2180121: Неспецифицированная ошибка работы с ресурсом
Ошибка при выполнении запроса POST к ресурсу /e1cib/logForm:
afd2b550-0d52-4e03-b448-15ed68d87ac5
dc31263e-ecbf-41bd-9b3a-7b55897d5fd6: Конфликт блокировок при выполнении транзакции:
Microsoft SQL Server Native Client 11.0: Lock request time out period exceeded.
HRESULT=80040E31, SQLSrvr: SQLSTATE=HYT00, state=38, Severity=10, native=1222, line=1
'
09:54.893001-0,EXCP,0,process=rphost,OSThread=5816,ClientID=1995,Exception=NetDataExchangeException,Descr='server_addr=(2)10.224.32.15:57951 descr=2(0x00000002): Не удается найти указанный файл.  line=1149 file=d:\jenkins\ci_builder2\windowsbuild2\platform\src\rtrsrvc\src\dataexchangeserverimpl.cpp'
09:54.893002-0,EXCPCNTX,0,ClientComputerName=,ServerComputerName=,UserName=,ConnectString=
10:30.080011-0,EXCP,3,process=rphost,p:processName=bi_bk3wk1_prod_01,OSThread=6604,t:clientID=1651,t:applicationName=1CV8C,t:computerName=DC1RDSH07,t:connectID=8322,SessionID=113,Usr=WK1_Нагашбекова_Галия_Оразовна,AppID=1CV8C,Exception=afd2b550-0d52-4e03-b448-15ed68d87ac5,Descr='src\basic\src\documentlogformobjcontroller.cpp(884):
afd2b550-0d52-4e03-b448-15ed68d87ac5
0d2200af-1696-4395-91e5-2872675e6d3d: Не удалось провести: "Списание ТМЗ"!',Context=Форма.Записать : Документ.СписаниеТоваров.Форма.ФормаДокумента
10:30.143000-0,EXCP,3,process=rphost,p:processName=bi_bk3wk1_prod_01,OSThread=6604,t:clientID=1651,t:applicationName=1CV8C,t:computerName=DC1RDSH07,t:connectID=8322,SessionID=113,Usr=WK1_Нагашбекова_Галия_Оразовна,AppID=1CV8C,Exception=580392e6-ba49-4280-ac67-fcd6f2180121,Descr='src\vrsbase\src\vresourceinfobaseimpl.cpp(1114):
580392e6-ba49-4280-ac67-fcd6f2180121: Неспецифицированная ошибка работы с ресурсом
Ошибка при выполнении запроса POST к ресурсу /e1cib/logForm:
afd2b550-0d52-4e03-b448-15ed68d87ac5
0d2200af-1696-4395-91e5-2872675e6d3d: Не удалось провести: "Списание ТМЗ"!'
12:37.688011-0,EXCP,2,process=rphost,p:processName=bi_bk3wk1_prod_01,OSThread=4224,t:clientID=1942,t:applicationName=1CV8C,t:computerName=DC2RDSH05,t:connectID=9192,SessionID=1013,Usr=WK1_Балмагамбетова_Гульнар_Калиевна,AppID=1CV8C,Exception=afd2b550-0d52-4e03-b448-15ed68d87ac5,Descr='src\basic\src\documentlogformobjcontroller.cpp(884):
afd2b550-0d52-4e03-b448-15ed68d87ac5
0d2200af-1696-4395-91e5-2872675e6d3d: Не удалось провести "Поступление ТМЗ и услуг UC300002874 от 21.04.2020 23:00:51"!',Context=Форма.Записать : Документ.ПоступлениеТоваровУслуг.Форма.ФормаДокумента
12:37.750003-0,EXCP,2,process=rphost,p:processName=bi_bk3wk1_prod_01,OSThread=4224,t:clientID=1942,t:applicationName=1CV8C,t:computerName=DC2RDSH05,t:connectID=9192,SessionID=1013,Usr=WK1_Балмагамбетова_Гульнар_Калиевна,AppID=1CV8C,Exception=580392e6-ba49-4280-ac67-fcd6f2180121,Descr='src\vrsbase\src\vresourceinfobaseimpl.cpp(1114):
580392e6-ba49-4280-ac67-fcd6f2180121: Неспецифицированная ошибка работы с ресурсом
Ошибка при выполнении запроса POST к ресурсу /e1cib/logForm:
afd2b550-0d52-4e03-b448-15ed68d87ac5
0d2200af-1696-4395-91e5-2872675e6d3d: Не удалось провести "Поступление ТМЗ и услуг UC300002874 от 21.04.2020 23:00:51"!'
13:17.999006-0,EXCP,6,process=rphost,p:processName=bi_bk3wk1_prod_01,OSThread=5340,t:clientID=1989,t:applicationName=1CV8C,t:computerName=DC2RDSH08,t:connectID=9464,SessionID=1288,Usr=Туспекова Анель Ермековна,AppID=1CV8C,DBMS=DBMSSQL,DataBase=CLSBUHDB01\bi_bk3wk1_prod_01,dbpid=295,Exception=DataBaseException,Descr='Конфликт блокировок при выполнении транзакции:
Microsoft SQL Server Native Client 11.0: Lock request time out period exceeded.
HRESULT=80040E31, SQLSrvr: SQLSTATE=HYT00, state=38, Severity=10, native=1222, line=1
',Context='Форма.Записать : Документ.ОтражениеЗарплатыВРеглУчете.Форма.ФормаДокумента
ОбщийМодуль.ПроведениеСервер.Модуль : 205 : УдалитьДвиженияРегистратора(Источник, Отказ);
	ОбщийМодуль.ПроведениеСервер.Модуль : 222 : УдалитьЗаписанныеДвиженияДокумента(ДокументОбъект, Отказ, ВыборочноОчищатьРегистры, РежимПроведенияДокумента);
		ОбщийМодуль.ПроведениеСервер.Модуль : 423 : ЗаписатьНаборЗаписейНаСервере(ИмяРегистра, ДокументОбъект.Ссылка,, ТипРегистра);
			ОбщийМодуль.ПроведениеСервер.Модуль : 269 : Набор.Записать();'
13:18.015002-0,EXCP,4,process=rphost,p:processName=bi_bk3wk1_prod_01,OSThread=5340,t:clientID=1989,t:applicationName=1CV8C,t:computerName=DC2RDSH08,t:connectID=9464,SessionID=1288,Usr=Туспекова Анель Ермековна,AppID=1CV8C,DBMS=DBMSSQL,DataBase=CLSBUHDB01\bi_bk3wk1_prod_01,Exception=DataBaseException,Descr=В данной транзакции уже происходили ошибки!,Context='Форма.Записать : Документ.ОтражениеЗарплатыВРеглУчете.Форма.ФормаДокумента
ОбщийМодуль.ПроверкаДокументовСервер.Модуль : 124 : ПриИзмененииДокумента(Источник, Отказ);
	ОбщийМодуль.ПроверкаДокументовСервер.Модуль : 153 : РегистрыСведений.СтатусыПроверкиДокументов.УстановитьСтатусПроверкиДокументаПриЗаписи(Источник.Ссылка, МассивОрганизаций, ДанныеПроверки);
		РегистрСведений.СтатусыПроверкиДокументов.МодульМенеджера : 455 : ПроверкаДокументов.Записать();'
13:18.077041-0,EXCP,2,process=rphost,p:processName=bi_bk3wk1_prod_01,OSThread=5340,t:clientID=1989,t:applicationName=1CV8C,t:computerName=DC2RDSH08,t:connectID=9464,SessionID=1288,Usr=Туспекова Анель Ермековна,AppID=1CV8C,Exception=afd2b550-0d52-4e03-b448-15ed68d87ac5,Descr="src\basic\src\documentlogformobjcontroller.cpp(884):
afd2b550-0d52-4e03-b448-15ed68d87ac5
0d2200af-1696-4395-91e5-2872675e6d3d: Ошибка при выполнении обработчика - 'ОбработкаУдаленияПроведения'
8d366056-4d5a-4d88-a207-0ae535b7d28e: {РегистрСведений.СтатусыПроверкиДокументов.МодульМенеджера(455)}: Ошибка при вызове метода контекста (Записать)
f08d92f8-9eb2-4e19-9dd9-977d907cec2d
dc31263e-ecbf-41bd-9b3a-7b55897d5fd6: В данной транзакции уже происходили ошибки!",Context=Форма.Записать : Документ.ОтражениеЗарплатыВРеглУчете.Форма.ФормаДокумента
13:18.124005-0,EXCP,2,process=rphost,p:processName=bi_bk3wk1_prod_01,OSThread=5340,t:clientID=1989,t:applicationName=1CV8C,t:computerName=DC2RDSH08,t:connectID=9464,SessionID=1288,Usr=Туспекова Анель Ермековна,AppID=1CV8C,Exception=580392e6-ba49-4280-ac67-fcd6f2180121,Descr="src\vrsbase\src\vresourceinfobaseimpl.cpp(1114):
580392e6-ba49-4280-ac67-fcd6f2180121: Неспецифицированная ошибка работы с ресурсом
Ошибка при выполнении запроса POST к ресурсу /e1cib/logForm:
afd2b550-0d52-4e03-b448-15ed68d87ac5
0d2200af-1696-4395-91e5-2872675e6d3d: Ошибка при выполнении обработчика - 'ОбработкаУдаленияПроведения'
8d366056-4d5a-4d88-a207-0ae535b7d28e: {РегистрСведений.СтатусыПроверкиДокументов.МодульМенеджера(455)}: Ошибка при вызове метода контекста (Записать)
f08d92f8-9eb2-4e19-9dd9-977d907cec2d
dc31263e-ecbf-41bd-9b3a-7b55897d5fd6: В данной транзакции уже происходили ошибки!"
13:18.343015-0,EXCP,2,process=rphost,p:processName=bi_bk3wk1_prod_01,OSThread=8500,t:clientID=1631,t:applicationName=1CV8C,t:computerName=DC1RDSH20,t:connectID=8203,SessionID=28,Usr=Асарова Аида Мейрамбекқызы,AppID=1CV8C,Exception=afd2b550-0d52-4e03-b448-15ed68d87ac5,Descr='src\basic\src\documentlogformobjcontroller.cpp(884):
afd2b550-0d52-4e03-b448-15ed68d87ac5
0d2200af-1696-4395-91e5-2872675e6d3d: Ошибка при выполнении обработчика - ''ОбработкаПроведения''
8d366056-4d5a-4d88-a207-0ae535b7d28e: {ОбщийМодуль.BI_КазначействоСервер.Модуль(623)}: Не удалось провести документ! По причине:  {ОбщийМодуль.BI_КазначействоСервер.Модуль(616)}: Ошибка при вызове метода контекста (Записать): Не удалось записать: "Журнал проводок (бухгалтерский учет)"!',Context=Форма.Записать : Документ.ПлатежноеПоручениеИсходящее.Форма.ФормаДокумента
13:18.421000-0,EXCP,2,process=rphost,p:processName=bi_bk3wk1_prod_01,OSThread=8500,t:clientID=1631,t:applicationName=1CV8C,t:computerName=DC1RDSH20,t:connectID=8203,SessionID=28,Usr=Асарова Аида Мейрамбекқызы,AppID=1CV8C,Exception=580392e6-ba49-4280-ac67-fcd6f2180121,Descr='src\vrsbase\src\vresourceinfobaseimpl.cpp(1114):
580392e6-ba49-4280-ac67-fcd6f2180121: Неспецифицированная ошибка работы с ресурсом
Ошибка при выполнении запроса POST к ресурсу /e1cib/logForm:
afd2b550-0d52-4e03-b448-15ed68d87ac5
0d2200af-1696-4395-91e5-2872675e6d3d: Ошибка при выполнении обработчика - ''ОбработкаПроведения''
8d366056-4d5a-4d88-a207-0ae535b7d28e: {ОбщийМодуль.BI_КазначействоСервер.Модуль(623)}: Не удалось провести документ! По причине:  {ОбщийМодуль.BI_КазначействоСервер.Модуль(616)}: Ошибка при вызове метода контекста (Записать): Не удалось записать: "Журнал проводок (бухгалтерский учет)"!'
13:25.202005-0,EXCP,2,process=rphost,OSThread=4276,t:clientID=1477,Exception=dd149677-3d47-4e05-a55f-4e75b13a441f,Descr='src\rtrsrvc\src\remoteinterfaceimpl.cpp(2069):
dd149677-3d47-4e05-a55f-4e75b13a441f: Сеанс работы завершен администратором.'
13:25.202006-4,CALL,1,process=rphost,OSThread=4276,t:clientID=1477,Interface=bc15bd01-10bf-413c-a856-ddc907fcd123,IName=IVResourceRemoteConnection,Method=0,CallID=13431,MName=send,RetExcp=Сеанс работы завершен администратором.,Memory=13033,MemoryPeak=13033,InBytes=0,OutBytes=0,CpuTime=0
13:25.577000-0,EXCP,0,process=rphost,OSThread=3924,ClientID=1477,Exception=NetDataExchangeException,Descr='server_addr=(2)10.224.32.214:60154 descr=2(0x00000002): Не удается найти указанный файл.  line=1149 file=d:\jenkins\ci_builder2\windowsbuild2\platform\src\rtrsrvc\src\dataexchangeserverimpl.cpp'
13:25.577001-0,EXCPCNTX,0,ClientComputerName=,ServerComputerName=,UserName=,ConnectString=
13:25.577002-0,EXCP,0,process=rphost,OSThread=3684,ClientID=1479,Exception=NetDataExchangeException,Descr='server_addr=(2)10.224.32.214:60157 descr=2(0x00000002): Не удается найти указанный файл.  line=1149 file=d:\jenkins\ci_builder2\windowsbuild2\platform\src\rtrsrvc\src\dataexchangeserverimpl.cpp'
13:25.577005-0,EXCPCNTX,0,ClientComputerName=,ServerComputerName=,UserName=,ConnectString=
13:41.420000-0,EXCP,6,process=rphost,p:processName=bi_bk3wk1_prod_01,OSThread=5340,t:clientID=1644,t:applicationName=1CV8C,t:computerName=DC3RDSH13,t:connectID=8270,SessionID=58,Usr=WK1_Туткышева_Мерей_Жанатовна,AppID=1CV8C,DBMS=DBMSSQL,DataBase=CLSBUHDB01\bi_bk3wk1_prod_01,dbpid=254,Exception=DataBaseException,Descr='Конфликт блокировок при выполнении транзакции:
Microsoft SQL Server Native Client 11.0: Lock request time out period exceeded.
HRESULT=80040E31, SQLSrvr: SQLSTATE=HYT00, state=38, Severity=10, native=1222, line=1
',Context='Форма.Записать : Документ.ПоступлениеТоваровУслуг.Форма.ФормаДокумента
Документ.ПоступлениеТоваровУслуг.МодульОбъекта : 743 : ПроведениеСервер.ПодготовитьНаборыЗаписейКПроведению(ЭтотОбъект, Ложь);
	ОбщийМодуль.ПроведениеСервер.Модуль : 131 : НаборЗаписей.Записать();'
13:41.483011-0,EXCP,2,process=rphost,p:processName=bi_bk3wk1_prod_01,OSThread=5340,t:clientID=1644,t:applicationName=1CV8C,t:computerName=DC3RDSH13,t:connectID=8270,SessionID=58,Usr=WK1_Туткышева_Мерей_Жанатовна,AppID=1CV8C,Exception=afd2b550-0d52-4e03-b448-15ed68d87ac5,Descr="src\basic\src\documentlogformobjcontroller.cpp(884):
afd2b550-0d52-4e03-b448-15ed68d87ac5
0d2200af-1696-4395-91e5-2872675e6d3d: Ошибка при выполнении обработчика - 'ОбработкаПроведения'
8d366056-4d5a-4d88-a207-0ae535b7d28e: {ОбщийМодуль.ПроведениеСервер.Модуль(131)}: Ошибка при вызове метода контекста (Записать)
f08d92f8-9eb2-4e19-9dd9-977d907cec2d
dc31263e-ecbf-41bd-9b3a-7b55897d5fd6: Конфликт блокировок при выполнении транзакции:
Microsoft SQL Server Native Client 11.0: Lock request time out period exceeded.
HRESULT=80040E31, SQLSrvr: SQLSTATE=HYT00, state=38, Severity=10, native=1222, line=1
",Context=Форма.Записать : Документ.ПоступлениеТоваровУслуг.Форма.ФормаДокумента
13:41.561000-0,EXCP,2,process=rphost,p:processName=bi_bk3wk1_prod_01,OSThread=5340,t:clientID=1644,t:applicationName=1CV8C,t:computerName=DC3RDSH13,t:connectID=8270,SessionID=58,Usr=WK1_Туткышева_Мерей_Жанатовна,AppID=1CV8C,Exception=580392e6-ba49-4280-ac67-fcd6f2180121,Descr="src\vrsbase\src\vresourceinfobaseimpl.cpp(1114):
580392e6-ba49-4280-ac67-fcd6f2180121: Неспецифицированная ошибка работы с ресурсом
Ошибка при выполнении запроса POST к ресурсу /e1cib/logForm:
afd2b550-0d52-4e03-b448-15ed68d87ac5
0d2200af-1696-4395-91e5-2872675e6d3d: Ошибка при выполнении обработчика - 'ОбработкаПроведения'
8d366056-4d5a-4d88-a207-0ae535b7d28e: {ОбщийМодуль.ПроведениеСервер.Модуль(131)}: Ошибка при вызове метода контекста (Записать)
f08d92f8-9eb2-4e19-9dd9-977d907cec2d
dc31263e-ecbf-41bd-9b3a-7b55897d5fd6: Конфликт блокировок при выполнении транзакции:
Microsoft SQL Server Native Client 11.0: Lock request time out period exceeded.
HRESULT=80040E31, SQLSrvr: SQLSTATE=HYT00, state=38, Severity=10, native=1222, line=1
"
13:47.858000-0,EXCP,6,process=rphost,p:processName=bi_bk3wk1_prod_01,OSThread=8500,t:clientID=1989,t:applicationName=1CV8C,t:computerName=DC2RDSH08,t:connectID=9464,SessionID=1288,Usr=Туспекова Анель Ермековна,AppID=1CV8C,DBMS=DBMSSQL,DataBase=CLSBUHDB01\bi_bk3wk1_prod_01,dbpid=295,Exception=DataBaseException,Descr='Конфликт блокировок при выполнении транзакции:
Microsoft SQL Server Native Client 11.0: Lock request time out period exceeded.
HRESULT=80040E31, SQLSrvr: SQLSTATE=HYT00, state=38, Severity=10, native=1222, line=1
',Context='Форма.Записать : Документ.ОтражениеЗарплатыВРеглУчете.Форма.ФормаДокумента
ОбщийМодуль.ПроведениеСервер.Модуль : 205 : УдалитьДвиженияРегистратора(Источник, Отказ);
	ОбщийМодуль.ПроведениеСервер.Модуль : 222 : УдалитьЗаписанныеДвиженияДокумента(ДокументОбъект, Отказ, ВыборочноОчищатьРегистры, РежимПроведенияДокумента);
		ОбщийМодуль.ПроведениеСервер.Модуль : 423 : ЗаписатьНаборЗаписейНаСервере(ИмяРегистра, ДокументОбъект.Ссылка,, ТипРегистра);
			ОбщийМодуль.ПроведениеСервер.Модуль : 269 : Набор.Записать();'
13:47.873001-0,EXCP,4,process=rphost,p:processName=bi_bk3wk1_prod_01,OSThread=8500,t:clientID=1989,t:applicationName=1CV8C,t:computerName=DC2RDSH08,t:connectID=9464,SessionID=1288,Usr=Туспекова Анель Ермековна,AppID=1CV8C,DBMS=DBMSSQL,DataBase=CLSBUHDB01\bi_bk3wk1_prod_01,Exception=DataBaseException,Descr=В данной транзакции уже происходили ошибки!,Context='Форма.Записать : Документ.ОтражениеЗарплатыВРеглУчете.Форма.ФормаДокумента
ОбщийМодуль.ПроверкаДокументовСервер.Модуль : 124 : ПриИзмененииДокумента(Источник, Отказ);
	ОбщийМодуль.ПроверкаДокументовСервер.Модуль : 153 : РегистрыСведений.СтатусыПроверкиДокументов.УстановитьСтатусПроверкиДокументаПриЗаписи(Источник.Ссылка, МассивОрганизаций, ДанныеПроверки);
		РегистрСведений.СтатусыПроверкиДокументов.МодульМенеджера : 455 : ПроверкаДокументов.Записать();'
13:47.920034-0,EXCP,2,process=rphost,p:processName=bi_bk3wk1_prod_01,OSThread=8500,t:clientID=1989,t:applicationName=1CV8C,t:computerName=DC2RDSH08,t:connectID=9464,SessionID=1288,Usr=Туспекова Анель Ермековна,AppID=1CV8C,Exception=afd2b550-0d52-4e03-b448-15ed68d87ac5,Descr="src\basic\src\documentlogformobjcontroller.cpp(884):
afd2b550-0d52-4e03-b448-15ed68d87ac5
0d2200af-1696-4395-91e5-2872675e6d3d: Ошибка при выполнении обработчика - 'ОбработкаУдаленияПроведения'
8d366056-4d5a-4d88-a207-0ae535b7d28e: {РегистрСведений.СтатусыПроверкиДокументов.МодульМенеджера(455)}: Ошибка при вызове метода контекста (Записать)
f08d92f8-9eb2-4e19-9dd9-977d907cec2d
dc31263e-ecbf-41bd-9b3a-7b55897d5fd6: В данной транзакции уже происходили ошибки!",Context=Форма.Записать : Документ.ОтражениеЗарплатыВРеглУчете.Форма.ФормаДокумента
13:47.951000-0,EXCP,2,process=rphost,p:processName=bi_bk3wk1_prod_01,OSThread=8500,t:clientID=1989,t:applicationName=1CV8C,t:computerName=DC2RDSH08,t:connectID=9464,SessionID=1288,Usr=Туспекова Анель Ермековна,AppID=1CV8C,Exception=580392e6-ba49-4280-ac67-fcd6f2180121,Descr="src\vrsbase\src\vresourceinfobaseimpl.cpp(1114):
580392e6-ba49-4280-ac67-fcd6f2180121: Неспецифицированная ошибка работы с ресурсом
Ошибка при выполнении запроса POST к ресурсу /e1cib/logForm:
afd2b550-0d52-4e03-b448-15ed68d87ac5
0d2200af-1696-4395-91e5-2872675e6d3d: Ошибка при выполнении обработчика - 'ОбработкаУдаленияПроведения'
8d366056-4d5a-4d88-a207-0ae535b7d28e: {РегистрСведений.СтатусыПроверкиДокументов.МодульМенеджера(455)}: Ошибка при вызове метода контекста (Записать)
f08d92f8-9eb2-4e19-9dd9-977d907cec2d
dc31263e-ecbf-41bd-9b3a-7b55897d5fd6: В данной транзакции уже происходили ошибки!"
13:49.576000-0,EXCP,6,process=rphost,p:processName=bi_bk3wk1_prod_01,OSThread=5696,t:clientID=1631,t:applicationName=1CV8C,t:computerName=DC1RDSH20,t:connectID=8203,SessionID=28,Usr=Асарова Аида Мейрамбекқызы,AppID=1CV8C,DBMS=DBMSSQL,DataBase=CLSBUHDB01\bi_bk3wk1_prod_01,dbpid=117,Exception=DataBaseException,Descr='Конфликт блокировок при выполнении транзакции:
Microsoft SQL Server Native Client 11.0: Lock request time out period exceeded.
HRESULT=80040E31, SQLSrvr: SQLSTATE=HYT00, state=38, Severity=10, native=1222, line=1
',Context='Форма.Записать : Документ.ПлатежноеПоручениеИсходящее.Форма.ФормаДокумента
ОбщийМодуль.BI_КазначействоСервер.Модуль : 616 : Источник.Движения.Записать();'
13:49.608003-0,EXCP,2,process=rphost,p:processName=bi_bk3wk1_prod_01,OSThread=5696,t:clientID=1631,t:applicationName=1CV8C,t:computerName=DC1RDSH20,t:connectID=8203,SessionID=28,Usr=Асарова Аида Мейрамбекқызы,AppID=1CV8C,Exception=afd2b550-0d52-4e03-b448-15ed68d87ac5,Descr='src\basic\src\documentlogformobjcontroller.cpp(871):
afd2b550-0d52-4e03-b448-15ed68d87ac5
dc31263e-ecbf-41bd-9b3a-7b55897d5fd6: Конфликт блокировок при выполнении транзакции:
Microsoft SQL Server Native Client 11.0: Lock request time out period exceeded.
HRESULT=80040E31, SQLSrvr: SQLSTATE=HYT00, state=38, Severity=10, native=1222, line=1
',Context=Форма.Записать : Документ.ПлатежноеПоручениеИсходящее.Форма.ФормаДокумента
13:49.654000-0,EXCP,2,process=rphost,p:processName=bi_bk3wk1_prod_01,OSThread=5696,t:clientID=1631,t:applicationName=1CV8C,t:computerName=DC1RDSH20,t:connectID=8203,SessionID=28,Usr=Асарова Аида Мейрамбекқызы,AppID=1CV8C,Exception=580392e6-ba49-4280-ac67-fcd6f2180121,Descr='src\vrsbase\src\vresourceinfobaseimpl.cpp(1114):
580392e6-ba49-4280-ac67-fcd6f2180121: Неспецифицированная ошибка работы с ресурсом
Ошибка при выполнении запроса POST к ресурсу /e1cib/logForm:
afd2b550-0d52-4e03-b448-15ed68d87ac5
dc31263e-ecbf-41bd-9b3a-7b55897d5fd6: Конфликт блокировок при выполнении транзакции:
Microsoft SQL Server Native Client 11.0: Lock request time out period exceeded.
HRESULT=80040E31, SQLSrvr: SQLSTATE=HYT00, state=38, Severity=10, native=1222, line=1
'
14:06.701000-0,EXCP,6,process=rphost,p:processName=bi_bk3wk1_prod_01,OSThread=7080,t:clientID=1644,t:applicationName=1CV8C,t:computerName=DC3RDSH13,t:connectID=8270,SessionID=58,Usr=WK1_Туткышева_Мерей_Жанатовна,AppID=1CV8C,DBMS=DBMSSQL,DataBase=CLSBUHDB01\bi_bk3wk1_prod_01,dbpid=254,Exception=DataBaseException,Descr='Конфликт блокировок при выполнении транзакции:
Microsoft SQL Server Native Client 11.0: Lock request time out period exceeded.
HRESULT=80040E31, SQLSrvr: SQLSTATE=HYT00, state=38, Severity=10, native=1222, line=1
',Context='Форма.Записать : Документ.ПоступлениеТоваровУслуг.Форма.ФормаДокумента
Документ.ПоступлениеТоваровУслуг.МодульОбъекта : 743 : ПроведениеСервер.ПодготовитьНаборыЗаписейКПроведению(ЭтотОбъект, Ложь);
	ОбщийМодуль.ПроведениеСервер.Модуль : 131 : НаборЗаписей.Записать();'
14:06.733031-0,EXCP,2,process=rphost,p:processName=bi_bk3wk1_prod_01,OSThread=7080,t:clientID=1644,t:applicationName=1CV8C,t:computerName=DC3RDSH13,t:connectID=8270,SessionID=58,Usr=WK1_Туткышева_Мерей_Жанатовна,AppID=1CV8C,Exception=afd2b550-0d52-4e03-b448-15ed68d87ac5,Descr="src\basic\src\documentlogformobjcontroller.cpp(884):
afd2b550-0d52-4e03-b448-15ed68d87ac5
0d2200af-1696-4395-91e5-2872675e6d3d: Ошибка при выполнении обработчика - 'ОбработкаПроведения'
8d366056-4d5a-4d88-a207-0ae535b7d28e: {ОбщийМодуль.ПроведениеСервер.Модуль(131)}: Ошибка при вызове метода контекста (Записать)
f08d92f8-9eb2-4e19-9dd9-977d907cec2d
dc31263e-ecbf-41bd-9b3a-7b55897d5fd6: Конфликт блокировок при выполнении транзакции:
Microsoft SQL Server Native Client 11.0: Lock request time out period exceeded.
HRESULT=80040E31, SQLSrvr: SQLSTATE=HYT00, state=38, Severity=10, native=1222, line=1
",Context=Форма.Записать : Документ.ПоступлениеТоваровУслуг.Форма.ФормаДокумента
14:06.811000-0,EXCP,2,process=rphost,p:processName=bi_bk3wk1_prod_01,OSThread=7080,t:clientID=1644,t:applicationName=1CV8C,t:computerName=DC3RDSH13,t:connectID=8270,SessionID=58,Usr=WK1_Туткышева_Мерей_Жанатовна,AppID=1CV8C,Exception=580392e6-ba49-4280-ac67-fcd6f2180121,Descr="src\vrsbase\src\vresourceinfobaseimpl.cpp(1114):
580392e6-ba49-4280-ac67-fcd6f2180121: Неспецифицированная ошибка работы с ресурсом
Ошибка при выполнении запроса POST к ресурсу /e1cib/logForm:
afd2b550-0d52-4e03-b448-15ed68d87ac5
0d2200af-1696-4395-91e5-2872675e6d3d: Ошибка при выполнении обработчика - 'ОбработкаПроведения'
8d366056-4d5a-4d88-a207-0ae535b7d28e: {ОбщийМодуль.ПроведениеСервер.Модуль(131)}: Ошибка при вызове метода контекста (Записать)
f08d92f8-9eb2-4e19-9dd9-977d907cec2d
dc31263e-ecbf-41bd-9b3a-7b55897d5fd6: Конфликт блокировок при выполнении транзакции:
Microsoft SQL Server Native Client 11.0: Lock request time out period exceeded.
HRESULT=80040E31, SQLSrvr: SQLSTATE=HYT00, state=38, Severity=10, native=1222, line=1
"
14:18.358000-0,EXCP,6,process=rphost,p:processName=bi_bk3wk1_prod_01,OSThread=5696,t:clientID=1631,t:applicationName=1CV8C,t:computerName=DC1RDSH20,t:connectID=8203,SessionID=28,Usr=Асарова Аида Мейрамбекқызы,AppID=1CV8C,DBMS=DBMSSQL,DataBase=CLSBUHDB01\bi_bk3wk1_prod_01,dbpid=295,Exception=DataBaseException,Descr='Конфликт блокировок при выполнении транзакции:
Microsoft SQL Server Native Client 11.0: Lock request time out period exceeded.
HRESULT=80040E31, SQLSrvr: SQLSTATE=HYT00, state=38, Severity=10, native=1222, line=1
',Context='Форма.Записать : Документ.ПлатежноеПоручениеИсходящее.Форма.ФормаДокумента
ОбщийМодуль.BI_КазначействоСервер.Модуль : 616 : Источник.Движения.Записать();'
14:18.373023-0,EXCP,2,process=rphost,p:processName=bi_bk3wk1_prod_01,OSThread=5696,t:clientID=1631,t:applicationName=1CV8C,t:computerName=DC1RDSH20,t:connectID=8203,SessionID=28,Usr=Асарова Аида Мейрамбекқызы,AppID=1CV8C,Exception=afd2b550-0d52-4e03-b448-15ed68d87ac5,Descr='src\basic\src\documentlogformobjcontroller.cpp(871):
afd2b550-0d52-4e03-b448-15ed68d87ac5
dc31263e-ecbf-41bd-9b3a-7b55897d5fd6: Конфликт блокировок при выполнении транзакции:
Microsoft SQL Server Native Client 11.0: Lock request time out period exceeded.
HRESULT=80040E31, SQLSrvr: SQLSTATE=HYT00, state=38, Severity=10, native=1222, line=1
',Context=Форма.Записать : Документ.ПлатежноеПоручениеИсходящее.Форма.ФормаДокумента
14:18.451000-0,EXCP,2,process=rphost,p:processName=bi_bk3wk1_prod_01,OSThread=5696,t:clientID=1631,t:applicationName=1CV8C,t:computerName=DC1RDSH20,t:connectID=8203,SessionID=28,Usr=Асарова Аида Мейрамбекқызы,AppID=1CV8C,Exception=580392e6-ba49-4280-ac67-fcd6f2180121,Descr='src\vrsbase\src\vresourceinfobaseimpl.cpp(1114):
580392e6-ba49-4280-ac67-fcd6f2180121: Неспецифицированная ошибка работы с ресурсом
Ошибка при выполнении запроса POST к ресурсу /e1cib/logForm:
afd2b550-0d52-4e03-b448-15ed68d87ac5
dc31263e-ecbf-41bd-9b3a-7b55897d5fd6: Конфликт блокировок при выполнении транзакции:
Microsoft SQL Server Native Client 11.0: Lock request time out period exceeded.
HRESULT=80040E31, SQLSrvr: SQLSTATE=HYT00, state=38, Severity=10, native=1222, line=1
'
14:34.936001-0,EXCP,6,process=rphost,p:processName=bi_bk3wk1_prod_01,OSThread=8224,t:clientID=1644,t:applicationName=1CV8C,t:computerName=DC3RDSH13,t:connectID=8270,SessionID=58,Usr=WK1_Туткышева_Мерей_Жанатовна,AppID=1CV8C,DBMS=DBMSSQL,DataBase=CLSBUHDB01\bi_bk3wk1_prod_01,dbpid=117,Exception=DataBaseException,Descr='Конфликт блокировок при выполнении транзакции:
Microsoft SQL Server Native Client 11.0: Lock request time out period exceeded.
HRESULT=80040E31, SQLSrvr: SQLSTATE=HYT00, state=38, Severity=10, native=1222, line=1
',Context='Форма.Записать : Документ.ПоступлениеТоваровУслуг.Форма.ФормаДокумента
Документ.ПоступлениеТоваровУслуг.МодульОбъекта : 743 : ПроведениеСервер.ПодготовитьНаборыЗаписейКПроведению(ЭтотОбъект, Ложь);
	ОбщийМодуль.ПроведениеСервер.Модуль : 131 : НаборЗаписей.Записать();'
14:34.983019-0,EXCP,2,process=rphost,p:processName=bi_bk3wk1_prod_01,OSThread=8224,t:clientID=1644,t:applicationName=1CV8C,t:computerName=DC3RDSH13,t:connectID=8270,SessionID=58,Usr=WK1_Туткышева_Мерей_Жанатовна,AppID=1CV8C,Exception=afd2b550-0d52-4e03-b448-15ed68d87ac5,Descr="src\basic\src\documentlogformobjcontroller.cpp(884):
afd2b550-0d52-4e03-b448-15ed68d87ac5
0d2200af-1696-4395-91e5-2872675e6d3d: Ошибка при выполнении обработчика - 'ОбработкаПроведения'
8d366056-4d5a-4d88-a207-0ae535b7d28e: {ОбщийМодуль.ПроведениеСервер.Модуль(131)}: Ошибка при вызове метода контекста (Записать)
f08d92f8-9eb2-4e19-9dd9-977d907cec2d
dc31263e-ecbf-41bd-9b3a-7b55897d5fd6: Конфликт блокировок при выполнении транзакции:
Microsoft SQL Server Native Client 11.0: Lock request time out period exceeded.
HRESULT=80040E31, SQLSrvr: SQLSTATE=HYT00, state=38, Severity=10, native=1222, line=1
",Context=Форма.Записать : Документ.ПоступлениеТоваровУслуг.Форма.ФормаДокумента
14:35.061000-0,EXCP,2,process=rphost,p:processName=bi_bk3wk1_prod_01,OSThread=8224,t:clientID=1644,t:applicationName=1CV8C,t:computerName=DC3RDSH13,t:connectID=8270,SessionID=58,Usr=WK1_Туткышева_Мерей_Жанатовна,AppID=1CV8C,Exception=580392e6-ba49-4280-ac67-fcd6f2180121,Descr="src\vrsbase\src\vresourceinfobaseimpl.cpp(1114):
580392e6-ba49-4280-ac67-fcd6f2180121: Неспецифицированная ошибка работы с ресурсом
Ошибка при выполнении запроса POST к ресурсу /e1cib/logForm:
afd2b550-0d52-4e03-b448-15ed68d87ac5
0d2200af-1696-4395-91e5-2872675e6d3d: Ошибка при выполнении обработчика - 'ОбработкаПроведения'
8d366056-4d5a-4d88-a207-0ae535b7d28e: {ОбщийМодуль.ПроведениеСервер.Модуль(131)}: Ошибка при вызове метода контекста (Записать)
f08d92f8-9eb2-4e19-9dd9-977d907cec2d
dc31263e-ecbf-41bd-9b3a-7b55897d5fd6: Конфликт блокировок при выполнении транзакции:
Microsoft SQL Server Native Client 11.0: Lock request time out period exceeded.
HRESULT=80040E31, SQLSrvr: SQLSTATE=HYT00, state=38, Severity=10, native=1222, line=1
"
14:37.170000-0,EXCP,0,process=rphost,OSThread=3452,ClientID=1998,Exception=NetDataExchangeException,Descr='server_addr=(2)10.224.32.15:57975 descr=2(0x00000002): Не удается найти указанный файл.  line=1149 file=d:\jenkins\ci_builder2\windowsbuild2\platform\src\rtrsrvc\src\dataexchangeserverimpl.cpp'
14:37.170001-0,EXCPCNTX,0,ClientComputerName=,ServerComputerName=,UserName=,ConnectString=
14:37.483007-0,EXCP,0,process=rphost,OSThread=5224,ClientID=1999,Exception=NetDataExchangeException,Descr='server_addr=(2)10.224.32.15:58018 descr=2(0x00000002): Не удается найти указанный файл.  line=1149 file=d:\jenkins\ci_builder2\windowsbuild2\platform\src\rtrsrvc\src\dataexchangeserverimpl.cpp'
14:37.483008-0,EXCPCNTX,0,ClientComputerName=,ServerComputerName=,UserName=,ConnectString=
14:39.965000-0,EXCP,0,process=rphost,OSThread=3280,ClientID=2000,Exception=NetDataExchangeException,Descr='server_addr=(2)10.224.32.15:58042 descr=2(0x00000002): Не удается найти указанный файл.  line=1149 file=d:\jenkins\ci_builder2\windowsbuild2\platform\src\rtrsrvc\src\dataexchangeserverimpl.cpp'
14:39.965001-0,EXCPCNTX,0,ClientComputerName=,ServerComputerName=,UserName=,ConnectString=
14:41.918003-0,EXCP,0,process=rphost,OSThread=1000,ClientID=2001,Exception=NetDataExchangeException,Descr='server_addr=(2)10.224.32.15:58060 descr=2(0x00000002): Не удается найти указанный файл.  line=1149 file=d:\jenkins\ci_builder2\windowsbuild2\platform\src\rtrsrvc\src\dataexchangeserverimpl.cpp'
14:41.918004-0,EXCPCNTX,0,ClientComputerName=,ServerComputerName=,UserName=,ConnectString=
14:41.981005-0,EXCP,0,process=rphost,OSThread=1000,ClientID=2002,Exception=NetDataExchangeException,Descr='server_addr=(2)10.224.32.15:58080 descr=2(0x00000002): Не удается найти указанный файл.  line=1149 file=d:\jenkins\ci_builder2\windowsbuild2\platform\src\rtrsrvc\src\dataexchangeserverimpl.cpp'
14:41.981006-0,EXCPCNTX,0,ClientComputerName=,ServerComputerName=,UserName=,ConnectString=
14:42.121001-0,EXCP,0,process=rphost,OSThread=1000,ClientID=2003,Exception=NetDataExchangeException,Descr='server_addr=(2)10.224.32.15:58100 descr=2(0x00000002): Не удается найти указанный файл.  line=1149 file=d:\jenkins\ci_builder2\windowsbuild2\platform\src\rtrsrvc\src\dataexchangeserverimpl.cpp'
14:42.121002-0,EXCPCNTX,0,ClientComputerName=,ServerComputerName=,UserName=,ConnectString=
14:47.793010-0,EXCP,0,process=rphost,OSThread=3452,ClientID=2004,Exception=NetDataExchangeException,Descr='server_addr=(2)10.224.32.15:58119 descr=2(0x00000002): Не удается найти указанный файл.  line=1149 file=d:\jenkins\ci_builder2\windowsbuild2\platform\src\rtrsrvc\src\dataexchangeserverimpl.cpp'
14:47.793011-0,EXCPCNTX,0,ClientComputerName=,ServerComputerName=,UserName=,ConnectString=
14:47.996009-0,EXCP,0,process=rphost,OSThread=3292,ClientID=2005,Exception=NetDataExchangeException,Descr='server_addr=(2)10.224.32.15:58139 descr=2(0x00000002): Не удается найти указанный файл.  line=1149 file=d:\jenkins\ci_builder2\windowsbuild2\platform\src\rtrsrvc\src\dataexchangeserverimpl.cpp'
14:47.996011-0,EXCPCNTX,0,ClientComputerName=,ServerComputerName=,UserName=,ConnectString=
15:38.027000-0,EXCP,0,process=rphost,OSThread=1000,ClientID=2006,Exception=NetDataExchangeException,Descr='server_addr=(2)10.224.32.15:58161 descr=2(0x00000002): Не удается найти указанный файл.  line=1149 file=d:\jenkins\ci_builder2\windowsbuild2\platform\src\rtrsrvc\src\dataexchangeserverimpl.cpp'
15:38.027001-0,EXCPCNTX,0,ClientComputerName=,ServerComputerName=,UserName=,ConnectString=
15:38.199000-0,EXCP,0,process=rphost,OSThread=3684,ClientID=2007,Exception=NetDataExchangeException,Descr='server_addr=(2)10.224.32.15:58182 descr=2(0x00000002): Не удается найти указанный файл.  line=1149 file=d:\jenkins\ci_builder2\windowsbuild2\platform\src\rtrsrvc\src\dataexchangeserverimpl.cpp'
15:38.199001-0,EXCPCNTX,0,ClientComputerName=,ServerComputerName=,UserName=,ConnectString=
15:42.543000-0,QERR,2,process=rphost,p:processName=bi_bk3wk1_prod_01,OSThread=6604,t:clientID=1942,t:applicationName=1CV8C,t:computerName=DC2RDSH05,t:connectID=9192,SessionID=1013,Usr=WK1_Балмагамбетова_Гульнар_Калиевна,AppID=1CV8C,Descr='{(14, 31)}: Не задано значение параметра "Ссылка"
ЗаявкаНаЗакупТовары.Ссылка = <<?>>&Ссылка',Query='ВЫБРАТЬ РАЗРЕШЕННЫЕ
	ЗаявкаНаЗакупТовары.НомерСтроки КАК НомерСтроки,
	ЗаявкаНаЗакупТовары.Номенклатура КАК Номенклатура,
	ЗаявкаНаЗакупТовары.ТехническаяСпецификация КАК ТехническаяСпецификация,
	ЗаявкаНаЗакупТовары.ДатаПоставки КАК ДатаПоставки,
	ЗаявкаНаЗакупТовары.ЕдИз КАК ЕдИз,
	ЗаявкаНаЗакупТовары.НелеквидыПоОрганизации КАК НелеквидыПоОрганизации,
	ЗаявкаНаЗакупТовары.Количество КАК Количество,
	ЗаявкаНаЗакупТовары.ПроверкаНелеквида КАК ПроверкаНелеквида,
	ЗаявкаНаЗакупТовары.ПолноеНаименование КАК ПолноеНаименование
ИЗ
	Документ.ЗаявкаНаЗакуп.Товары КАК ЗаявкаНаЗакупТовары
ГДЕ
	ЗаявкаНаЗакупТовары.Ссылка = &Ссылка',Context=Система.ПолучитьФорму : Документ.ЗаявкаНаЗакуп.ФормаВыбора
16:02.371000-0,QERR,3,process=rphost,p:processName=bi_bk3wk1_prod_01,OSThread=5696,t:clientID=1942,t:applicationName=1CV8C,t:computerName=DC2RDSH05,t:connectID=9192,SessionID=1013,Usr=WK1_Балмагамбетова_Гульнар_Калиевна,AppID=1CV8C,Descr='{(14, 31)}: Не задано значение параметра "Ссылка"
ЗаявкаНаЗакупТовары.Ссылка = <<?>>&Ссылка',Query='ВЫБРАТЬ РАЗРЕШЕННЫЕ
	ЗаявкаНаЗакупТовары.НомерСтроки КАК НомерСтроки,
	ЗаявкаНаЗакупТовары.Номенклатура КАК Номенклатура,
	ЗаявкаНаЗакупТовары.ТехническаяСпецификация КАК ТехническаяСпецификация,
	ЗаявкаНаЗакупТовары.ДатаПоставки КАК ДатаПоставки,
	ЗаявкаНаЗакупТовары.ЕдИз КАК ЕдИз,
	ЗаявкаНаЗакупТовары.НелеквидыПоОрганизации КАК НелеквидыПоОрганизации,
	ЗаявкаНаЗакупТовары.Количество КАК Количество,
	ЗаявкаНаЗакупТовары.ПроверкаНелеквида КАК ПроверкаНелеквида,
	ЗаявкаНаЗакупТовары.ПолноеНаименование КАК ПолноеНаименование
ИЗ
	Документ.ЗаявкаНаЗакуп.Товары КАК ЗаявкаНаЗакупТовары
ГДЕ
	ЗаявкаНаЗакупТовары.Ссылка = &Ссылка',Context=Система.ПолучитьФорму : Документ.ЗаявкаНаЗакуп.ФормаВыбора
16:50.291000-0,QERR,3,process=rphost,p:processName=bi_bk3wk1_prod_01,OSThread=6712,t:clientID=1942,t:applicationName=1CV8C,t:computerName=DC2RDSH05,t:connectID=9192,SessionID=1013,Usr=WK1_Балмагамбетова_Гульнар_Калиевна,AppID=1CV8C,Descr='{(14, 31)}: Не задано значение параметра "Ссылка"
ЗаявкаНаЗакупТовары.Ссылка = <<?>>&Ссылка',Query='ВЫБРАТЬ РАЗРЕШЕННЫЕ
	ЗаявкаНаЗакупТовары.НомерСтроки КАК НомерСтроки,
	ЗаявкаНаЗакупТовары.Номенклатура КАК Номенклатура,
	ЗаявкаНаЗакупТовары.ТехническаяСпецификация КАК ТехническаяСпецификация,
	ЗаявкаНаЗакупТовары.ДатаПоставки КАК ДатаПоставки,
	ЗаявкаНаЗакупТовары.ЕдИз КАК ЕдИз,
	ЗаявкаНаЗакупТовары.НелеквидыПоОрганизации КАК НелеквидыПоОрганизации,
	ЗаявкаНаЗакупТовары.Количество КАК Количество,
	ЗаявкаНаЗакупТовары.ПроверкаНелеквида КАК ПроверкаНелеквида,
	ЗаявкаНаЗакупТовары.ПолноеНаименование КАК ПолноеНаименование
ИЗ
	Документ.ЗаявкаНаЗакуп.Товары КАК ЗаявкаНаЗакупТовары
ГДЕ
	ЗаявкаНаЗакупТовары.Ссылка = &Ссылка',Context=Система.ПолучитьФорму : Документ.ЗаявкаНаЗакуп.ФормаВыбора
17:49.196014-0,QERR,3,process=rphost,p:processName=bi_bk3wk1_prod_01,OSThread=5340,t:clientID=1942,t:applicationName=1CV8C,t:computerName=DC2RDSH05,t:connectID=9192,SessionID=1013,Usr=WK1_Балмагамбетова_Гульнар_Калиевна,AppID=1CV8C,Descr='{(14, 31)}: Не задано значение параметра "Ссылка"
ЗаявкаНаЗакупТовары.Ссылка = <<?>>&Ссылка',Query='ВЫБРАТЬ РАЗРЕШЕННЫЕ
	ЗаявкаНаЗакупТовары.НомерСтроки КАК НомерСтроки,
	ЗаявкаНаЗакупТовары.Номенклатура КАК Номенклатура,
	ЗаявкаНаЗакупТовары.ТехническаяСпецификация КАК ТехническаяСпецификация,
	ЗаявкаНаЗакупТовары.ДатаПоставки КАК ДатаПоставки,
	ЗаявкаНаЗакупТовары.ЕдИз КАК ЕдИз,
	ЗаявкаНаЗакупТовары.НелеквидыПоОрганизации КАК НелеквидыПоОрганизации,
	ЗаявкаНаЗакупТовары.Количество КАК Количество,
	ЗаявкаНаЗакупТовары.ПроверкаНелеквида КАК ПроверкаНелеквида,
	ЗаявкаНаЗакупТовары.ПолноеНаименование КАК ПолноеНаименование
ИЗ
	Документ.ЗаявкаНаЗакуп.Товары КАК ЗаявкаНаЗакупТовары
ГДЕ
	ЗаявкаНаЗакупТовары.Ссылка = &Ссылка',Context=Система.ПолучитьФорму : Документ.ЗаявкаНаЗакуп.ФормаВыбора
18:46.497000-0,QERR,2,process=rphost,p:processName=bi_bk3wk1_prod_01,OSThread=8500,t:clientID=1942,t:applicationName=1CV8C,t:computerName=DC2RDSH05,t:connectID=9192,SessionID=1013,Usr=WK1_Балмагамбетова_Гульнар_Калиевна,AppID=1CV8C,Descr='{(14, 31)}: Не задано значение параметра "Ссылка"
ЗаявкаНаЗакупТовары.Ссылка = <<?>>&Ссылка',Query='ВЫБРАТЬ РАЗРЕШЕННЫЕ
	ЗаявкаНаЗакупТовары.НомерСтроки КАК НомерСтроки,
	ЗаявкаНаЗакупТовары.Номенклатура КАК Номенклатура,
	ЗаявкаНаЗакупТовары.ТехническаяСпецификация КАК ТехническаяСпецификация,
	ЗаявкаНаЗакупТовары.ДатаПоставки КАК ДатаПоставки,
	ЗаявкаНаЗакупТовары.ЕдИз КАК ЕдИз,
	ЗаявкаНаЗакупТовары.НелеквидыПоОрганизации КАК НелеквидыПоОрганизации,
	ЗаявкаНаЗакупТовары.Количество КАК Количество,
	ЗаявкаНаЗакупТовары.ПроверкаНелеквида КАК ПроверкаНелеквида,
	ЗаявкаНаЗакупТовары.ПолноеНаименование КАК ПолноеНаименование
ИЗ
	Документ.ЗаявкаНаЗакуп.Товары КАК ЗаявкаНаЗакупТовары
ГДЕ
	ЗаявкаНаЗакупТовары.Ссылка = &Ссылка',Context=Система.ПолучитьФорму : Документ.ЗаявкаНаЗакуп.ФормаВыбора
19:11.778010-0,EXCP,0,process=rphost,OSThread=2912,ClientID=2008,Exception=NetDataExchangeException,Descr='server_addr=(2)10.224.32.15:58206 descr=2(0x00000002): Не удается найти указанный файл.  line=1149 file=d:\jenkins\ci_builder2\windowsbuild2\platform\src\rtrsrvc\src\dataexchangeserverimpl.cpp'
19:11.778011-0,EXCPCNTX,0,ClientComputerName=,ServerComputerName=,UserName=,ConnectString=
19:11.982038-0,EXCP,0,process=rphost,OSThread=3684,ClientID=2012,Exception=NetDataExchangeException,Descr='server_addr=(2)10.224.32.15:58237 descr=2(0x00000002): Не удается найти указанный файл.  line=1149 file=d:\jenkins\ci_builder2\windowsbuild2\platform\src\rtrsrvc\src\dataexchangeserverimpl.cpp'
19:11.982039-0,EXCPCNTX,0,ClientComputerName=,ServerComputerName=,UserName=,ConnectString=
19:32.028009-0,EXCP,2,process=rphost,p:processName=bi_bk3wk1_prod_01,OSThread=4608,t:clientID=1644,t:applicationName=1CV8C,t:computerName=DC3RDSH13,t:connectID=8270,SessionID=58,Usr=WK1_Туткышева_Мерей_Жанатовна,AppID=1CV8C,Exception=afd2b550-0d52-4e03-b448-15ed68d87ac5,Descr='src\basic\src\documentlogformobjcontroller.cpp(884):
afd2b550-0d52-4e03-b448-15ed68d87ac5
0d2200af-1696-4395-91e5-2872675e6d3d: Не удалось провести: "Поступление ТМЗ и услуг"!',Context=Форма.Записать : Документ.ПоступлениеТоваровУслуг.Форма.ФормаДокумента
19:32.107000-0,EXCP,2,process=rphost,p:processName=bi_bk3wk1_prod_01,OSThread=4608,t:clientID=1644,t:applicationName=1CV8C,t:computerName=DC3RDSH13,t:connectID=8270,SessionID=58,Usr=WK1_Туткышева_Мерей_Жанатовна,AppID=1CV8C,Exception=580392e6-ba49-4280-ac67-fcd6f2180121,Descr='src\vrsbase\src\vresourceinfobaseimpl.cpp(1114):
580392e6-ba49-4280-ac67-fcd6f2180121: Неспецифицированная ошибка работы с ресурсом
Ошибка при выполнении запроса POST к ресурсу /e1cib/logForm:
afd2b550-0d52-4e03-b448-15ed68d87ac5
0d2200af-1696-4395-91e5-2872675e6d3d: Не удалось провести: "Поступление ТМЗ и услуг"!'
19:58.889006-0,QERR,2,process=rphost,p:processName=bi_bk3wk1_prod_01,OSThread=8168,t:clientID=1942,t:applicationName=1CV8C,t:computerName=DC2RDSH05,t:connectID=9192,SessionID=1013,Usr=WK1_Балмагамбетова_Гульнар_Калиевна,AppID=1CV8C,Descr='{(14, 31)}: Не задано значение параметра "Ссылка"
ЗаявкаНаЗакупТовары.Ссылка = <<?>>&Ссылка',Query='ВЫБРАТЬ РАЗРЕШЕННЫЕ
	ЗаявкаНаЗакупТовары.НомерСтроки КАК НомерСтроки,
	ЗаявкаНаЗакупТовары.Номенклатура КАК Номенклатура,
	ЗаявкаНаЗакупТовары.ТехническаяСпецификация КАК ТехническаяСпецификация,
	ЗаявкаНаЗакупТовары.ДатаПоставки КАК ДатаПоставки,
	ЗаявкаНаЗакупТовары.ЕдИз КАК ЕдИз,
	ЗаявкаНаЗакупТовары.НелеквидыПоОрганизации КАК НелеквидыПоОрганизации,
	ЗаявкаНаЗакупТовары.Количество КАК Количество,
	ЗаявкаНаЗакупТовары.ПроверкаНелеквида КАК ПроверкаНелеквида,
	ЗаявкаНаЗакупТовары.ПолноеНаименование КАК ПолноеНаименование
ИЗ
	Документ.ЗаявкаНаЗакуп.Товары КАК ЗаявкаНаЗакупТовары
ГДЕ
	ЗаявкаНаЗакупТовары.Ссылка = &Ссылка',Context=Система.ПолучитьФорму : Документ.ЗаявкаНаЗакуп.ФормаВыбора
20:49.450013-0,EXCP,2,process=rphost,p:processName=bi_bk3wk1_prod_01,OSThread=7440,t:clientID=1942,t:applicationName=1CV8C,t:computerName=DC2RDSH05,t:connectID=9192,SessionID=1013,Usr=WK1_Балмагамбетова_Гульнар_Калиевна,AppID=1CV8C,Exception=afd2b550-0d52-4e03-b448-15ed68d87ac5,Descr='src\basic\src\documentlogformobjcontroller.cpp(884):
afd2b550-0d52-4e03-b448-15ed68d87ac5
0d2200af-1696-4395-91e5-2872675e6d3d: Не удалось провести "Поступление ТМЗ и услуг UC300002874 от 21.04.2020 23:00:51"!',Context=Форма.Записать : Документ.ПоступлениеТоваровУслуг.Форма.ФормаДокумента
20:49.513000-0,EXCP,2,process=rphost,p:processName=bi_bk3wk1_prod_01,OSThread=7440,t:clientID=1942,t:applicationName=1CV8C,t:computerName=DC2RDSH05,t:connectID=9192,SessionID=1013,Usr=WK1_Балмагамбетова_Гульнар_Калиевна,AppID=1CV8C,Exception=580392e6-ba49-4280-ac67-fcd6f2180121,Descr='src\vrsbase\src\vresourceinfobaseimpl.cpp(1114):
580392e6-ba49-4280-ac67-fcd6f2180121: Неспецифицированная ошибка работы с ресурсом
Ошибка при выполнении запроса POST к ресурсу /e1cib/logForm:
afd2b550-0d52-4e03-b448-15ed68d87ac5
0d2200af-1696-4395-91e5-2872675e6d3d: Не удалось провести "Поступление ТМЗ и услуг UC300002874 от 21.04.2020 23:00:51"!'
21:25.028003-0,QERR,2,process=rphost,p:processName=bi_bk3wk1_prod_01,OSThread=4608,t:clientID=1942,t:applicationName=1CV8C,t:computerName=DC2RDSH05,t:connectID=9192,SessionID=1013,Usr=WK1_Балмагамбетова_Гульнар_Калиевна,AppID=1CV8C,Descr='{(14, 31)}: Не задано значение параметра "Ссылка"
ЗаявкаНаЗакупТовары.Ссылка = <<?>>&Ссылка',Query='ВЫБРАТЬ РАЗРЕШЕННЫЕ
	ЗаявкаНаЗакупТовары.НомерСтроки КАК НомерСтроки,
	ЗаявкаНаЗакупТовары.Номенклатура КАК Номенклатура,
	ЗаявкаНаЗакупТовары.ТехническаяСпецификация КАК ТехническаяСпецификация,
	ЗаявкаНаЗакупТовары.ДатаПоставки КАК ДатаПоставки,
	ЗаявкаНаЗакупТовары.ЕдИз КАК ЕдИз,
	ЗаявкаНаЗакупТовары.НелеквидыПоОрганизации КАК НелеквидыПоОрганизации,
	ЗаявкаНаЗакупТовары.Количество КАК Количество,
	ЗаявкаНаЗакупТовары.ПроверкаНелеквида КАК ПроверкаНелеквида,
	ЗаявкаНаЗакупТовары.ПолноеНаименование КАК ПолноеНаименование
ИЗ
	Документ.ЗаявкаНаЗакуп.Товары КАК ЗаявкаНаЗакупТовары
ГДЕ
	ЗаявкаНаЗакупТовары.Ссылка = &Ссылка',Context=Система.ПолучитьФорму : Документ.ЗаявкаНаЗакуп.ФормаВыбора
21:50.888017-0,EXCP,2,process=rphost,p:processName=bi_bk3wk1_prod_01,OSThread=7440,t:clientID=1631,t:applicationName=1CV8C,t:computerName=DC1RDSH20,t:connectID=8203,SessionID=28,Usr=Асарова Аида Мейрамбекқызы,AppID=1CV8C,Exception=afd2b550-0d52-4e03-b448-15ed68d87ac5,Descr='src\basic\src\documentlogformobjcontroller.cpp(884):
afd2b550-0d52-4e03-b448-15ed68d87ac5
0d2200af-1696-4395-91e5-2872675e6d3d: Не удалось провести: "Платежное поручение (исходящее)"!',Context=Форма.Записать : Документ.ПлатежноеПоручениеИсходящее.Форма.ФормаДокумента
21:50.982000-0,EXCP,2,process=rphost,p:processName=bi_bk3wk1_prod_01,OSThread=7440,t:clientID=1631,t:applicationName=1CV8C,t:computerName=DC1RDSH20,t:connectID=8203,SessionID=28,Usr=Асарова Аида Мейрамбекқызы,AppID=1CV8C,Exception=580392e6-ba49-4280-ac67-fcd6f2180121,Descr='src\vrsbase\src\vresourceinfobaseimpl.cpp(1114):
580392e6-ba49-4280-ac67-fcd6f2180121: Неспецифицированная ошибка работы с ресурсом
Ошибка при выполнении запроса POST к ресурсу /e1cib/logForm:
afd2b550-0d52-4e03-b448-15ed68d87ac5
0d2200af-1696-4395-91e5-2872675e6d3d: Не удалось провести: "Платежное поручение (исходящее)"!'
24:36.871000-0,EXCP,0,process=rphost,OSThread=5172,ClientID=2013,Exception=NetDataExchangeException,Descr='server_addr=(2)10.224.32.15:58261 descr=2(0x00000002): Не удается найти указанный файл.  line=1149 file=d:\jenkins\ci_builder2\windowsbuild2\platform\src\rtrsrvc\src\dataexchangeserverimpl.cpp'
24:36.871001-0,EXCPCNTX,0,ClientComputerName=,ServerComputerName=,UserName=,ConnectString=
24:39.636000-0,EXCP,0,process=rphost,OSThread=1000,ClientID=2015,Exception=NetDataExchangeException,Descr='server_addr=(2)10.224.32.15:58311 descr=2(0x00000002): Не удается найти указанный файл.  line=1149 file=d:\jenkins\ci_builder2\windowsbuild2\platform\src\rtrsrvc\src\dataexchangeserverimpl.cpp'
24:39.636001-0,EXCPCNTX,0,ClientComputerName=,ServerComputerName=,UserName=,ConnectString=
24:43.667000-0,EXCP,0,process=rphost,OSThread=3452,ClientID=2016,Exception=NetDataExchangeException,Descr='server_addr=(2)10.224.32.15:58330 descr=2(0x00000002): Не удается найти указанный файл.  line=1149 file=d:\jenkins\ci_builder2\windowsbuild2\platform\src\rtrsrvc\src\dataexchangeserverimpl.cpp'
24:43.667001-0,EXCPCNTX,0,ClientComputerName=,ServerComputerName=,UserName=,ConnectString=
25:19.667011-0,EXCP,2,process=rphost,p:processName=bi_bk3wk1_prod_01,OSThread=8168,t:clientID=1942,t:applicationName=1CV8C,t:computerName=DC2RDSH05,t:connectID=9192,SessionID=1013,Usr=WK1_Балмагамбетова_Гульнар_Калиевна,AppID=1CV8C,Exception=afd2b550-0d52-4e03-b448-15ed68d87ac5,Descr='src\basic\src\documentlogformobjcontroller.cpp(884):
afd2b550-0d52-4e03-b448-15ed68d87ac5
0d2200af-1696-4395-91e5-2872675e6d3d: Не удалось провести "Поступление ТМЗ и услуг UC300002876 от 29.04.2020 23:59:59"!',Context=Форма.Записать : Документ.ПоступлениеТоваровУслуг.Форма.ФормаДокумента
25:19.761000-0,EXCP,2,process=rphost,p:processName=bi_bk3wk1_prod_01,OSThread=8168,t:clientID=1942,t:applicationName=1CV8C,t:computerName=DC2RDSH05,t:connectID=9192,SessionID=1013,Usr=WK1_Балмагамбетова_Гульнар_Калиевна,AppID=1CV8C,Exception=580392e6-ba49-4280-ac67-fcd6f2180121,Descr='src\vrsbase\src\vresourceinfobaseimpl.cpp(1114):
580392e6-ba49-4280-ac67-fcd6f2180121: Неспецифицированная ошибка работы с ресурсом
Ошибка при выполнении запроса POST к ресурсу /e1cib/logForm:
afd2b550-0d52-4e03-b448-15ed68d87ac5
0d2200af-1696-4395-91e5-2872675e6d3d: Не удалось провести "Поступление ТМЗ и услуг UC300002876 от 29.04.2020 23:59:59"!'
25:30.823000-0,QERR,2,process=rphost,p:processName=bi_bk3wk1_prod_01,OSThread=5696,t:clientID=1942,t:applicationName=1CV8C,t:computerName=DC2RDSH05,t:connectID=9192,SessionID=1013,Usr=WK1_Балмагамбетова_Гульнар_Калиевна,AppID=1CV8C,Descr='{(14, 31)}: Не задано значение параметра "Ссылка"
ЗаявкаНаЗакупТовары.Ссылка = <<?>>&Ссылка',Query='ВЫБРАТЬ РАЗРЕШЕННЫЕ
	ЗаявкаНаЗакупТовары.НомерСтроки КАК НомерСтроки,
	ЗаявкаНаЗакупТовары.Номенклатура КАК Номенклатура,
	ЗаявкаНаЗакупТовары.ТехническаяСпецификация КАК ТехническаяСпецификация,
	ЗаявкаНаЗакупТовары.ДатаПоставки КАК ДатаПоставки,
	ЗаявкаНаЗакупТовары.ЕдИз КАК ЕдИз,
	ЗаявкаНаЗакупТовары.НелеквидыПоОрганизации КАК НелеквидыПоОрганизации,
	ЗаявкаНаЗакупТовары.Количество КАК Количество,
	ЗаявкаНаЗакупТовары.ПроверкаНелеквида КАК ПроверкаНелеквида,
	ЗаявкаНаЗакупТовары.ПолноеНаименование КАК ПолноеНаименование
ИЗ
	Документ.ЗаявкаНаЗакуп.Товары КАК ЗаявкаНаЗакупТовары
ГДЕ
	ЗаявкаНаЗакупТовары.Ссылка = &Ссылка',Context=Система.ПолучитьФорму : Документ.ЗаявкаНаЗакуп.ФормаВыбора
25:58.401006-0,QERR,2,process=rphost,p:processName=bi_bk3wk1_prod_01,OSThread=4224,t:clientID=1942,t:applicationName=1CV8C,t:computerName=DC2RDSH05,t:connectID=9192,SessionID=1013,Usr=WK1_Балмагамбетова_Гульнар_Калиевна,AppID=1CV8C,Descr='{(14, 31)}: Не задано значение параметра "Ссылка"
ЗаявкаНаЗакупТовары.Ссылка = <<?>>&Ссылка',Query='ВЫБРАТЬ РАЗРЕШЕННЫЕ
	ЗаявкаНаЗакупТовары.НомерСтроки КАК НомерСтроки,
	ЗаявкаНаЗакупТовары.Номенклатура КАК Номенклатура,
	ЗаявкаНаЗакупТовары.ТехническаяСпецификация КАК ТехническаяСпецификация,
	ЗаявкаНаЗакупТовары.ДатаПоставки КАК ДатаПоставки,
	ЗаявкаНаЗакупТовары.ЕдИз КАК ЕдИз,
	ЗаявкаНаЗакупТовары.НелеквидыПоОрганизации КАК НелеквидыПоОрганизации,
	ЗаявкаНаЗакупТовары.Количество КАК Количество,
	ЗаявкаНаЗакупТовары.ПроверкаНелеквида КАК ПроверкаНелеквида,
	ЗаявкаНаЗакупТовары.ПолноеНаименование КАК ПолноеНаименование
ИЗ
	Документ.ЗаявкаНаЗакуп.Товары КАК ЗаявкаНаЗакупТовары
ГДЕ
	ЗаявкаНаЗакупТовары.Ссылка = &Ссылка',Context=Система.ПолучитьФорму : Документ.ЗаявкаНаЗакуп.ФормаВыбора
29:12.433000-0,QERR,2,process=rphost,p:processName=bi_bk3wk1_prod_01,OSThread=8500,t:clientID=1942,t:applicationName=1CV8C,t:computerName=DC2RDSH05,t:connectID=9192,SessionID=1013,Usr=WK1_Балмагамбетова_Гульнар_Калиевна,AppID=1CV8C,Descr='{(14, 31)}: Не задано значение параметра "Ссылка"
ЗаявкаНаЗакупТовары.Ссылка = <<?>>&Ссылка',Query='ВЫБРАТЬ РАЗРЕШЕННЫЕ
	ЗаявкаНаЗакупТовары.НомерСтроки КАК НомерСтроки,
	ЗаявкаНаЗакупТовары.Номенклатура КАК Номенклатура,
	ЗаявкаНаЗакупТовары.ТехническаяСпецификация КАК ТехническаяСпецификация,
	ЗаявкаНаЗакупТовары.ДатаПоставки КАК ДатаПоставки,
	ЗаявкаНаЗакупТовары.ЕдИз КАК ЕдИз,
	ЗаявкаНаЗакупТовары.НелеквидыПоОрганизации КАК НелеквидыПоОрганизации,
	ЗаявкаНаЗакупТовары.Количество КАК Количество,
	ЗаявкаНаЗакупТовары.ПроверкаНелеквида КАК ПроверкаНелеквида,
	ЗаявкаНаЗакупТовары.ПолноеНаименование КАК ПолноеНаименование
ИЗ
	Документ.ЗаявкаНаЗакуп.Товары КАК ЗаявкаНаЗакупТовары
ГДЕ
	ЗаявкаНаЗакупТовары.Ссылка = &Ссылка',Context=Система.ПолучитьФорму : Документ.ЗаявкаНаЗакуп.ФормаВыбора
34:38.506000-0,EXCP,0,process=rphost,OSThread=3452,ClientID=2017,Exception=NetDataExchangeException,Descr='server_addr=(2)10.224.32.15:58348 descr=2(0x00000002): Не удается найти указанный файл.  line=1149 file=d:\jenkins\ci_builder2\windowsbuild2\platform\src\rtrsrvc\src\dataexchangeserverimpl.cpp'
34:38.506001-0,EXCPCNTX,0,ClientComputerName=,ServerComputerName=,UserName=,ConnectString=
34:39.224000-0,EXCP,0,process=rphost,OSThread=5224,ClientID=2021,Exception=NetDataExchangeException,Descr='server_addr=(2)10.224.32.15:58374 descr=2(0x00000002): Не удается найти указанный файл.  line=1149 file=d:\jenkins\ci_builder2\windowsbuild2\platform\src\rtrsrvc\src\dataexchangeserverimpl.cpp'
34:39.224001-0,EXCPCNTX,0,ClientComputerName=,ServerComputerName=,UserName=,ConnectString=
34:55.302000-0,EXCP,0,process=rphost,OSThread=3924,ClientID=2022,Exception=NetDataExchangeException,Descr='server_addr=(2)10.224.32.15:58397 descr=2(0x00000002): Не удается найти указанный файл.  line=1149 file=d:\jenkins\ci_builder2\windowsbuild2\platform\src\rtrsrvc\src\dataexchangeserverimpl.cpp'
34:55.302001-0,EXCPCNTX,0,ClientComputerName=,ServerComputerName=,UserName=,ConnectString=
34:55.520001-0,EXCP,0,process=rphost,OSThread=3924,ClientID=2023,Exception=NetDataExchangeException,Descr='server_addr=(2)10.224.32.15:58418 descr=2(0x00000002): Не удается найти указанный файл.  line=1149 file=d:\jenkins\ci_builder2\windowsbuild2\platform\src\rtrsrvc\src\dataexchangeserverimpl.cpp'
34:55.520002-0,EXCPCNTX,0,ClientComputerName=,ServerComputerName=,UserName=,ConnectString=
36:55.976001-0,EXCP,0,process=rphost,OSThread=5172,ClientID=1483,Exception=NetDataExchangeException,Descr='server_addr=(2)10.225.32.43:52688 descr=10054(0x00002746): Удаленный хост принудительно разорвал существующее подключение.  line=1149 file=d:\jenkins\ci_builder2\windowsbuild2\platform\src\rtrsrvc\src\dataexchangeserverimpl.cpp'
36:55.976002-0,EXCPCNTX,0,ClientComputerName=,ServerComputerName=,UserName=,ConnectString=
36:55.976000-0,EXCP,0,process=rphost,OSThread=1000,ClientID=1484,Exception=NetDataExchangeException,Descr='server_addr=(2)10.225.32.43:52691 descr=10054(0x00002746): Удаленный хост принудительно разорвал существующее подключение.  line=1149 file=d:\jenkins\ci_builder2\windowsbuild2\platform\src\rtrsrvc\src\dataexchangeserverimpl.cpp'
36:55.976005-0,EXCPCNTX,0,ClientComputerName=,ServerComputerName=,UserName=,ConnectString=
37:28.086000-0,QERR,2,process=rphost,p:processName=bi_bk3wk1_prod_01,OSThread=4224,t:clientID=1942,t:applicationName=1CV8C,t:computerName=DC2RDSH05,t:connectID=9192,SessionID=1013,Usr=WK1_Балмагамбетова_Гульнар_Калиевна,AppID=1CV8C,Descr='{(14, 31)}: Не задано значение параметра "Ссылка"
ЗаявкаНаЗакупТовары.Ссылка = <<?>>&Ссылка',Query='ВЫБРАТЬ РАЗРЕШЕННЫЕ
	ЗаявкаНаЗакупТовары.НомерСтроки КАК НомерСтроки,
	ЗаявкаНаЗакупТовары.Номенклатура КАК Номенклатура,
	ЗаявкаНаЗакупТовары.ТехническаяСпецификация КАК ТехническаяСпецификация,
	ЗаявкаНаЗакупТовары.ДатаПоставки КАК ДатаПоставки,
	ЗаявкаНаЗакупТовары.ЕдИз КАК ЕдИз,
	ЗаявкаНаЗакупТовары.НелеквидыПоОрганизации КАК НелеквидыПоОрганизации,
	ЗаявкаНаЗакупТовары.Количество КАК Количество,
	ЗаявкаНаЗакупТовары.ПроверкаНелеквида КАК ПроверкаНелеквида,
	ЗаявкаНаЗакупТовары.ПолноеНаименование КАК ПолноеНаименование
ИЗ
	Документ.ЗаявкаНаЗакуп.Товары КАК ЗаявкаНаЗакупТовары
ГДЕ
	ЗаявкаНаЗакупТовары.Ссылка = &Ссылка',Context=Система.ПолучитьФорму : Документ.ЗаявкаНаЗакуп.ФормаВыбора
38:44.653016-0,EXCP,3,process=rphost,p:processName=bi_bk3wk1_prod_01,OSThread=5696,t:clientID=1631,t:applicationName=1CV8C,t:computerName=DC1RDSH20,t:connectID=8203,SessionID=28,Usr=Асарова Аида Мейрамбекқызы,AppID=1CV8C,Exception=afd2b550-0d52-4e03-b448-15ed68d87ac5,Descr='src\mngbase\src\rtsimplylogformsrvimpl.cpp(199):
afd2b550-0d52-4e03-b448-15ed68d87ac5
e0506925-b3e4-4dfb-b2fd-309eb7908ae3: Ошибка блокировки объекта. Объект уже заблокирован:
компьютер: DC1RDSH20, пользователь: Асарова Аида Мейрамбекқызы, сеанс: 28, начат: 04.05.2020 в 16:38:25, приложение: Тонкий клиент',Context=Форма.ЗаблокироватьДанныеФормыДляРедактирования : Документ.ПлатежноеПоручениеИсходящее.Форма.ФормаДокумента
38:44.653017-0,EXCP,3,process=rphost,p:processName=bi_bk3wk1_prod_01,OSThread=5696,t:clientID=1631,t:applicationName=1CV8C,t:computerName=DC1RDSH20,t:connectID=8203,SessionID=28,Usr=Асарова Аида Мейрамбекқызы,AppID=1CV8C,Exception=580392e6-ba49-4280-ac67-fcd6f2180121,Descr='src\vrsbase\src\vresourceinfobaseimpl.cpp(1114):
580392e6-ba49-4280-ac67-fcd6f2180121: Неспецифицированная ошибка работы с ресурсом
Ошибка при выполнении запроса POST к ресурсу /e1cib/logForm:
afd2b550-0d52-4e03-b448-15ed68d87ac5
e0506925-b3e4-4dfb-b2fd-309eb7908ae3: Ошибка блокировки объекта. Объект уже заблокирован:
компьютер: DC1RDSH20, пользователь: Асарова Аида Мейрамбекқызы, сеанс: 28, начат: 04.05.2020 в 16:38:25, приложение: Тонкий клиент'
38:46.762009-0,EXCP,2,process=rphost,p:processName=bi_bk3wk1_prod_01,OSThread=4224,t:clientID=1641,t:applicationName=1CV8C,t:computerName=DC1RDSH07,t:connectID=8221,SessionID=42,Usr=WK1_Есенбаева_Дана_Исаханкызы,AppID=1CV8C,Exception=afd2b550-0d52-4e03-b448-15ed68d87ac5,Descr='src\basic\src\documentlogformobjcontroller.cpp(884):
afd2b550-0d52-4e03-b448-15ed68d87ac5
0d2200af-1696-4395-91e5-2872675e6d3d: Не удалось провести "Платежное поручение (исходящее) KR100004496 от 05.05.2020 12:00:14"!',Context=Форма.Записать : Документ.ПлатежноеПоручениеИсходящее.Форма.ФормаДокумента
38:46.841014-0,EXCP,2,process=rphost,p:processName=bi_bk3wk1_prod_01,OSThread=4224,t:clientID=1641,t:applicationName=1CV8C,t:computerName=DC1RDSH07,t:connectID=8221,SessionID=42,Usr=WK1_Есенбаева_Дана_Исаханкызы,AppID=1CV8C,Exception=580392e6-ba49-4280-ac67-fcd6f2180121,Descr='src\vrsbase\src\vresourceinfobaseimpl.cpp(1114):
580392e6-ba49-4280-ac67-fcd6f2180121: Неспецифицированная ошибка работы с ресурсом
Ошибка при выполнении запроса POST к ресурсу /e1cib/logForm:
afd2b550-0d52-4e03-b448-15ed68d87ac5
0d2200af-1696-4395-91e5-2872675e6d3d: Не удалось провести "Платежное поручение (исходящее) KR100004496 от 05.05.2020 12:00:14"!'
41:58.107000-0,EXCP,0,process=rphost,OSThread=3452,ClientID=2024,Exception=NetDataExchangeException,Descr='server_addr=(2)10.224.32.15:58441 descr=2(0x00000002): Не удается найти указанный файл.  line=1149 file=d:\jenkins\ci_builder2\windowsbuild2\platform\src\rtrsrvc\src\dataexchangeserverimpl.cpp'
41:58.107001-0,EXCPCNTX,0,ClientComputerName=,ServerComputerName=,UserName=,ConnectString=
41:58.357000-0,EXCP,0,process=rphost,OSThread=3452,ClientID=2027,Exception=NetDataExchangeException,Descr='server_addr=(2)10.224.32.15:58491 descr=2(0x00000002): Не удается найти указанный файл.  line=1149 file=d:\jenkins\ci_builder2\windowsbuild2\platform\src\rtrsrvc\src\dataexchangeserverimpl.cpp'
41:58.357001-0,EXCPCNTX,0,ClientComputerName=,ServerComputerName=,UserName=,ConnectString=
42:00.748009-0,EXCP,2,process=rphost,p:processName=bi_bk3wk1_prod_01,OSThread=6216,t:clientID=1654,t:applicationName=1CV8C,t:computerName=DC2RDSH24,t:connectID=8324,SessionID=115,Usr=WK1_Макишев Канат Серикович,AppID=1CV8C,Exception=afd2b550-0d52-4e03-b448-15ed68d87ac5,Descr='src\basic\src\documentlogformobjcontroller.cpp(884):
afd2b550-0d52-4e03-b448-15ed68d87ac5
0d2200af-1696-4395-91e5-2872675e6d3d: Не удалось провести "Заявка на оплату BAL00001274 от 04.05.2020 16:41:56"!',Context=Форма.Записать : Документ.ЗаявкаНаОплату.Форма.ФормаДокумента
42:00.763000-0,EXCP,2,process=rphost,p:processName=bi_bk3wk1_prod_01,OSThread=6216,t:clientID=1654,t:applicationName=1CV8C,t:computerName=DC2RDSH24,t:connectID=8324,SessionID=115,Usr=WK1_Макишев Канат Серикович,AppID=1CV8C,Exception=580392e6-ba49-4280-ac67-fcd6f2180121,Descr='src\vrsbase\src\vresourceinfobaseimpl.cpp(1114):
580392e6-ba49-4280-ac67-fcd6f2180121: Неспецифицированная ошибка работы с ресурсом
Ошибка при выполнении запроса POST к ресурсу /e1cib/logForm:
afd2b550-0d52-4e03-b448-15ed68d87ac5
0d2200af-1696-4395-91e5-2872675e6d3d: Не удалось провести "Заявка на оплату BAL00001274 от 04.05.2020 16:41:56"!'
43:33.950000-0,QERR,2,process=rphost,p:processName=bi_bk3wk1_prod_01,OSThread=4224,t:clientID=1942,t:applicationName=1CV8C,t:computerName=DC2RDSH05,t:connectID=9192,SessionID=1013,Usr=WK1_Балмагамбетова_Гульнар_Калиевна,AppID=1CV8C,Descr='{(14, 31)}: Не задано значение параметра "Ссылка"
ЗаявкаНаЗакупТовары.Ссылка = <<?>>&Ссылка',Query='ВЫБРАТЬ РАЗРЕШЕННЫЕ
	ЗаявкаНаЗакупТовары.НомерСтроки КАК НомерСтроки,
	ЗаявкаНаЗакупТовары.Номенклатура КАК Номенклатура,
	ЗаявкаНаЗакупТовары.ТехническаяСпецификация КАК ТехническаяСпецификация,
	ЗаявкаНаЗакупТовары.ДатаПоставки КАК ДатаПоставки,
	ЗаявкаНаЗакупТовары.ЕдИз КАК ЕдИз,
	ЗаявкаНаЗакупТовары.НелеквидыПоОрганизации КАК НелеквидыПоОрганизации,
	ЗаявкаНаЗакупТовары.Количество КАК Количество,
	ЗаявкаНаЗакупТовары.ПроверкаНелеквида КАК ПроверкаНелеквида,
	ЗаявкаНаЗакупТовары.ПолноеНаименование КАК ПолноеНаименование
ИЗ
	Документ.ЗаявкаНаЗакуп.Товары КАК ЗаявкаНаЗакупТовары
ГДЕ
	ЗаявкаНаЗакупТовары.Ссылка = &Ссылка',Context=Система.ПолучитьФорму : Документ.ЗаявкаНаЗакуп.ФормаВыбора
44:34.887007-0,EXCP,2,process=rphost,p:processName=bi_bk3wk1_prod_01,OSThread=6712,t:clientID=1654,t:applicationName=1CV8C,t:computerName=DC2RDSH24,t:connectID=8324,SessionID=115,Usr=WK1_Макишев Канат Серикович,AppID=1CV8C,Exception=afd2b550-0d52-4e03-b448-15ed68d87ac5,Descr='src\basic\src\documentlogformobjcontroller.cpp(884):
afd2b550-0d52-4e03-b448-15ed68d87ac5
0d2200af-1696-4395-91e5-2872675e6d3d: Не удалось провести "Заявка на оплату BAL00001274 от 04.05.2020 16:44:27"!',Context=Форма.Записать : Документ.ЗаявкаНаОплату.Форма.ФормаДокумента
44:34.903000-0,EXCP,2,process=rphost,p:processName=bi_bk3wk1_prod_01,OSThread=6712,t:clientID=1654,t:applicationName=1CV8C,t:computerName=DC2RDSH24,t:connectID=8324,SessionID=115,Usr=WK1_Макишев Канат Серикович,AppID=1CV8C,Exception=580392e6-ba49-4280-ac67-fcd6f2180121,Descr='src\vrsbase\src\vresourceinfobaseimpl.cpp(1114):
580392e6-ba49-4280-ac67-fcd6f2180121: Неспецифицированная ошибка работы с ресурсом
Ошибка при выполнении запроса POST к ресурсу /e1cib/logForm:
afd2b550-0d52-4e03-b448-15ed68d87ac5
0d2200af-1696-4395-91e5-2872675e6d3d: Не удалось провести "Заявка на оплату BAL00001274 от 04.05.2020 16:44:27"!'
44:37.966000-0,EXCP,0,process=rphost,OSThread=5816,ClientID=2028,Exception=NetDataExchangeException,Descr='server_addr=(2)10.224.32.15:58514 descr=2(0x00000002): Не удается найти указанный файл.  line=1149 file=d:\jenkins\ci_builder2\windowsbuild2\platform\src\rtrsrvc\src\dataexchangeserverimpl.cpp'
44:37.966001-0,EXCPCNTX,0,ClientComputerName=,ServerComputerName=,UserName=,ConnectString=
44:38.216004-0,EXCP,0,process=rphost,OSThread=3452,ClientID=2031,Exception=NetDataExchangeException,Descr='server_addr=(2)10.224.32.15:58535 descr=2(0x00000002): Не удается найти указанный файл.  line=1149 file=d:\jenkins\ci_builder2\windowsbuild2\platform\src\rtrsrvc\src\dataexchangeserverimpl.cpp'
44:38.216005-0,EXCPCNTX,0,ClientComputerName=,ServerComputerName=,UserName=,ConnectString=
44:39.810000-0,EXCP,0,process=rphost,OSThread=5224,ClientID=2032,Exception=NetDataExchangeException,Descr='server_addr=(2)10.224.32.15:58558 descr=2(0x00000002): Не удается найти указанный файл.  line=1149 file=d:\jenkins\ci_builder2\windowsbuild2\platform\src\rtrsrvc\src\dataexchangeserverimpl.cpp'
44:39.810001-0,EXCPCNTX,0,ClientComputerName=,ServerComputerName=,UserName=,ConnectString=
44:40.013000-0,EXCP,0,process=rphost,OSThread=1000,ClientID=2033,Exception=NetDataExchangeException,Descr='server_addr=(2)10.224.32.15:58578 descr=2(0x00000002): Не удается найти указанный файл.  line=1149 file=d:\jenkins\ci_builder2\windowsbuild2\platform\src\rtrsrvc\src\dataexchangeserverimpl.cpp'
44:40.013001-0,EXCPCNTX,0,ClientComputerName=,ServerComputerName=,UserName=,ConnectString=
44:41.045000-0,QERR,2,process=rphost,p:processName=bi_bk3wk1_prod_01,OSThread=6712,t:clientID=1942,t:applicationName=1CV8C,t:computerName=DC2RDSH05,t:connectID=9192,SessionID=1013,Usr=WK1_Балмагамбетова_Гульнар_Калиевна,AppID=1CV8C,Descr='{(14, 31)}: Не задано значение параметра "Ссылка"
ЗаявкаНаЗакупТовары.Ссылка = <<?>>&Ссылка',Query='ВЫБРАТЬ РАЗРЕШЕННЫЕ
	ЗаявкаНаЗакупТовары.НомерСтроки КАК НомерСтроки,
	ЗаявкаНаЗакупТовары.Номенклатура КАК Номенклатура,
	ЗаявкаНаЗакупТовары.ТехническаяСпецификация КАК ТехническаяСпецификация,
	ЗаявкаНаЗакупТовары.ДатаПоставки КАК ДатаПоставки,
	ЗаявкаНаЗакупТовары.ЕдИз КАК ЕдИз,
	ЗаявкаНаЗакупТовары.НелеквидыПоОрганизации КАК НелеквидыПоОрганизации,
	ЗаявкаНаЗакупТовары.Количество КАК Количество,
	ЗаявкаНаЗакупТовары.ПроверкаНелеквида КАК ПроверкаНелеквида,
	ЗаявкаНаЗакупТовары.ПолноеНаименование КАК ПолноеНаименование
ИЗ
	Документ.ЗаявкаНаЗакуп.Товары КАК ЗаявкаНаЗакупТовары
ГДЕ
	ЗаявкаНаЗакупТовары.Ссылка = &Ссылка',Context=Система.ПолучитьФорму : Документ.ЗаявкаНаЗакуп.ФормаВыбора
44:43.060000-0,EXCP,0,process=rphost,OSThread=1000,ClientID=2034,Exception=NetDataExchangeException,Descr='server_addr=(2)10.224.32.15:58601 descr=2(0x00000002): Не удается найти указанный файл.  line=1149 file=d:\jenkins\ci_builder2\windowsbuild2\platform\src\rtrsrvc\src\dataexchangeserverimpl.cpp'
44:43.060001-0,EXCPCNTX,0,ClientComputerName=,ServerComputerName=,UserName=,ConnectString=
44:43.342000-0,EXCP,0,process=rphost,OSThread=5172,ClientID=2035,Exception=NetDataExchangeException,Descr='server_addr=(2)10.224.32.15:58621 descr=2(0x00000002): Не удается найти указанный файл.  line=1149 file=d:\jenkins\ci_builder2\windowsbuild2\platform\src\rtrsrvc\src\dataexchangeserverimpl.cpp'
44:43.342001-0,EXCPCNTX,0,ClientComputerName=,ServerComputerName=,UserName=,ConnectString=
44:47.342009-0,EXCP,2,process=rphost,p:processName=bi_bk3wk1_prod_01,OSThread=7300,t:clientID=1697,t:applicationName=1CV8C,t:computerName=DC2RDSH19,t:connectID=8405,SessionID=224,Usr=WK1_Жанияр_Ғайни_Сағындыққызы,AppID=1CV8C,Exception=afd2b550-0d52-4e03-b448-15ed68d87ac5,Descr='src\basic\src\documentlogformobjcontroller.cpp(884):
afd2b550-0d52-4e03-b448-15ed68d87ac5
0d2200af-1696-4395-91e5-2872675e6d3d: Не удалось провести "Поступление ТМЗ и услуг KR100002848 от 25.04.2020 10:00:00"!',Context=Форма.Записать : Документ.ПоступлениеТоваровУслуг.Форма.ФормаДокумента
44:47.420000-0,EXCP,2,process=rphost,p:processName=bi_bk3wk1_prod_01,OSThread=7300,t:clientID=1697,t:applicationName=1CV8C,t:computerName=DC2RDSH19,t:connectID=8405,SessionID=224,Usr=WK1_Жанияр_Ғайни_Сағындыққызы,AppID=1CV8C,Exception=580392e6-ba49-4280-ac67-fcd6f2180121,Descr='src\vrsbase\src\vresourceinfobaseimpl.cpp(1114):
580392e6-ba49-4280-ac67-fcd6f2180121: Неспецифицированная ошибка работы с ресурсом
Ошибка при выполнении запроса POST к ресурсу /e1cib/logForm:
afd2b550-0d52-4e03-b448-15ed68d87ac5
0d2200af-1696-4395-91e5-2872675e6d3d: Не удалось провести "Поступление ТМЗ и услуг KR100002848 от 25.04.2020 10:00:00"!'
45:18.888000-0,QERR,2,process=rphost,p:processName=bi_bk3wk1_prod_01,OSThread=6216,t:clientID=1942,t:applicationName=1CV8C,t:computerName=DC2RDSH05,t:connectID=9192,SessionID=1013,Usr=WK1_Балмагамбетова_Гульнар_Калиевна,AppID=1CV8C,Descr='{(14, 31)}: Не задано значение параметра "Ссылка"
ЗаявкаНаЗакупТовары.Ссылка = <<?>>&Ссылка',Query='ВЫБРАТЬ РАЗРЕШЕННЫЕ
	ЗаявкаНаЗакупТовары.НомерСтроки КАК НомерСтроки,
	ЗаявкаНаЗакупТовары.Номенклатура КАК Номенклатура,
	ЗаявкаНаЗакупТовары.ТехническаяСпецификация КАК ТехническаяСпецификация,
	ЗаявкаНаЗакупТовары.ДатаПоставки КАК ДатаПоставки,
	ЗаявкаНаЗакупТовары.ЕдИз КАК ЕдИз,
	ЗаявкаНаЗакупТовары.НелеквидыПоОрганизации КАК НелеквидыПоОрганизации,
	ЗаявкаНаЗакупТовары.Количество КАК Количество,
	ЗаявкаНаЗакупТовары.ПроверкаНелеквида КАК ПроверкаНелеквида,
	ЗаявкаНаЗакупТовары.ПолноеНаименование КАК ПолноеНаименование
ИЗ
	Документ.ЗаявкаНаЗакуп.Товары КАК ЗаявкаНаЗакупТовары
ГДЕ
	ЗаявкаНаЗакупТовары.Ссылка = &Ссылка',Context=Система.ПолучитьФорму : Документ.ЗаявкаНаЗакуп.ФормаВыбора
47:56.624013-0,EXCP,2,process=rphost,p:processName=bi_bk3wk1_prod_01,OSThread=4608,t:clientID=1631,t:applicationName=1CV8C,t:computerName=DC1RDSH20,t:connectID=8203,SessionID=28,Usr=Асарова Аида Мейрамбекқызы,AppID=1CV8C,Exception=afd2b550-0d52-4e03-b448-15ed68d87ac5,Descr='src\basic\src\documentlogformobjcontroller.cpp(884):
afd2b550-0d52-4e03-b448-15ed68d87ac5
0d2200af-1696-4395-91e5-2872675e6d3d: Не удалось провести "Платежное поручение (исходящее) PSC00001673 от 04.05.2020 16:47:50"!',Context=Форма.Записать : Документ.ПлатежноеПоручениеИсходящее.Форма.ФормаДокумента
47:56.686000-0,EXCP,2,process=rphost,p:processName=bi_bk3wk1_prod_01,OSThread=4608,t:clientID=1631,t:applicationName=1CV8C,t:computerName=DC1RDSH20,t:connectID=8203,SessionID=28,Usr=Асарова Аида Мейрамбекқызы,AppID=1CV8C,Exception=580392e6-ba49-4280-ac67-fcd6f2180121,Descr='src\vrsbase\src\vresourceinfobaseimpl.cpp(1114):
580392e6-ba49-4280-ac67-fcd6f2180121: Неспецифицированная ошибка работы с ресурсом
Ошибка при выполнении запроса POST к ресурсу /e1cib/logForm:
afd2b550-0d52-4e03-b448-15ed68d87ac5
0d2200af-1696-4395-91e5-2872675e6d3d: Не удалось провести "Платежное поручение (исходящее) PSC00001673 от 04.05.2020 16:47:50"!'
49:59.248000-0,EXCP,2,process=rphost,p:processName=bi_bk3wk1_prod_01,OSThread=4224,t:clientID=1654,t:applicationName=1CV8C,t:computerName=DC2RDSH24,t:connectID=8324,SessionID=115,Usr=WK1_Макишев Канат Серикович,AppID=1CV8C,Exception=afd2b550-0d52-4e03-b448-15ed68d87ac5,Descr='src\basic\src\documentlogformobjcontroller.cpp(884):
afd2b550-0d52-4e03-b448-15ed68d87ac5
0d2200af-1696-4395-91e5-2872675e6d3d: Не удалось провести "Заявка на оплату BAL00001274 от 04.05.2020 16:49:54"!',Context=Форма.Записать : Документ.ЗаявкаНаОплату.Форма.ФормаДокумента
49:59.263023-0,EXCP,2,process=rphost,p:processName=bi_bk3wk1_prod_01,OSThread=4224,t:clientID=1654,t:applicationName=1CV8C,t:computerName=DC2RDSH24,t:connectID=8324,SessionID=115,Usr=WK1_Макишев Канат Серикович,AppID=1CV8C,Exception=580392e6-ba49-4280-ac67-fcd6f2180121,Descr='src\vrsbase\src\vresourceinfobaseimpl.cpp(1114):
580392e6-ba49-4280-ac67-fcd6f2180121: Неспецифицированная ошибка работы с ресурсом
Ошибка при выполнении запроса POST к ресурсу /e1cib/logForm:
afd2b550-0d52-4e03-b448-15ed68d87ac5
0d2200af-1696-4395-91e5-2872675e6d3d: Не удалось провести "Заявка на оплату BAL00001274 от 04.05.2020 16:49:54"!'
50:44.982000-0,EXCP,2,process=rphost,p:processName=bi_bk3wk1_prod_01,OSThread=4240,t:clientID=1697,t:applicationName=1CV8C,t:computerName=DC2RDSH19,t:connectID=8405,SessionID=224,Usr=WK1_Жанияр_Ғайни_Сағындыққызы,AppID=1CV8C,Exception=afd2b550-0d52-4e03-b448-15ed68d87ac5,Descr='src\basic\src\documentlogformobjcontroller.cpp(884):
afd2b550-0d52-4e03-b448-15ed68d87ac5
0d2200af-1696-4395-91e5-2872675e6d3d: Не удалось провести "Поступление ТМЗ и услуг KR100002848 от 25.04.2020 10:00:00"!',Context=Форма.Записать : Документ.ПоступлениеТоваровУслуг.Форма.ФормаДокумента
50:45.045000-0,EXCP,2,process=rphost,p:processName=bi_bk3wk1_prod_01,OSThread=4240,t:clientID=1697,t:applicationName=1CV8C,t:computerName=DC2RDSH19,t:connectID=8405,SessionID=224,Usr=WK1_Жанияр_Ғайни_Сағындыққызы,AppID=1CV8C,Exception=580392e6-ba49-4280-ac67-fcd6f2180121,Descr='src\vrsbase\src\vresourceinfobaseimpl.cpp(1114):
580392e6-ba49-4280-ac67-fcd6f2180121: Неспецифицированная ошибка работы с ресурсом
Ошибка при выполнении запроса POST к ресурсу /e1cib/logForm:
afd2b550-0d52-4e03-b448-15ed68d87ac5
0d2200af-1696-4395-91e5-2872675e6d3d: Не удалось провести "Поступление ТМЗ и услуг KR100002848 от 25.04.2020 10:00:00"!'
50:53.279031-0,EXCP,2,process=rphost,p:processName=bi_bk3wk1_prod_01,OSThread=8168,t:clientID=1654,t:applicationName=1CV8C,t:computerName=DC2RDSH24,t:connectID=8324,SessionID=115,Usr=WK1_Макишев Канат Серикович,AppID=1CV8C,Exception=afd2b550-0d52-4e03-b448-15ed68d87ac5,Descr='src\basic\src\documentlogformobjcontroller.cpp(884):
afd2b550-0d52-4e03-b448-15ed68d87ac5
0d2200af-1696-4395-91e5-2872675e6d3d: Не удалось провести "Заявка на оплату BAL00001274 от 04.05.2020 16:50:47"!',Context=Форма.Записать : Документ.ЗаявкаНаОплату.Форма.ФормаДокумента
50:53.326009-0,EXCP,2,process=rphost,p:processName=bi_bk3wk1_prod_01,OSThread=8168,t:clientID=1654,t:applicationName=1CV8C,t:computerName=DC2RDSH24,t:connectID=8324,SessionID=115,Usr=WK1_Макишев Канат Серикович,AppID=1CV8C,Exception=580392e6-ba49-4280-ac67-fcd6f2180121,Descr='src\vrsbase\src\vresourceinfobaseimpl.cpp(1114):
580392e6-ba49-4280-ac67-fcd6f2180121: Неспецифицированная ошибка работы с ресурсом
Ошибка при выполнении запроса POST к ресурсу /e1cib/logForm:
afd2b550-0d52-4e03-b448-15ed68d87ac5
0d2200af-1696-4395-91e5-2872675e6d3d: Не удалось провести "Заявка на оплату BAL00001274 от 04.05.2020 16:50:47"!'
50:58.576011-0,EXCP,2,process=rphost,p:processName=bi_bk3wk1_prod_01,OSThread=7440,t:clientID=1697,t:applicationName=1CV8C,t:computerName=DC2RDSH19,t:connectID=8405,SessionID=224,Usr=WK1_Жанияр_Ғайни_Сағындыққызы,AppID=1CV8C,Exception=afd2b550-0d52-4e03-b448-15ed68d87ac5,Descr='src\basic\src\documentlogformobjcontroller.cpp(884):
afd2b550-0d52-4e03-b448-15ed68d87ac5
0d2200af-1696-4395-91e5-2872675e6d3d: Не удалось провести "Поступление ТМЗ и услуг KR100002848 от 25.04.2020 10:00:00"!',Context=Форма.Записать : Документ.ПоступлениеТоваровУслуг.Форма.ФормаДокумента
50:58.685000-0,EXCP,2,process=rphost,p:processName=bi_bk3wk1_prod_01,OSThread=7440,t:clientID=1697,t:applicationName=1CV8C,t:computerName=DC2RDSH19,t:connectID=8405,SessionID=224,Usr=WK1_Жанияр_Ғайни_Сағындыққызы,AppID=1CV8C,Exception=580392e6-ba49-4280-ac67-fcd6f2180121,Descr='src\vrsbase\src\vresourceinfobaseimpl.cpp(1114):
580392e6-ba49-4280-ac67-fcd6f2180121: Неспецифицированная ошибка работы с ресурсом
Ошибка при выполнении запроса POST к ресурсу /e1cib/logForm:
afd2b550-0d52-4e03-b448-15ed68d87ac5
0d2200af-1696-4395-91e5-2872675e6d3d: Не удалось провести "Поступление ТМЗ и услуг KR100002848 от 25.04.2020 10:00:00"!'
59:17.578011-0,EXCP,0,process=rphost,OSThread=3684,ClientID=1946,Exception=NetDataExchangeException,Descr='server_addr=(2)10.224.32.233:63370 descr=2(0x00000002): Не удается найти указанный файл.  line=1149 file=d:\jenkins\ci_builder2\windowsbuild2\platform\src\rtrsrvc\src\dataexchangeserverimpl.cpp'
59:17.578012-0,EXCPCNTX,0,ClientComputerName=,ServerComputerName=,UserName=,ConnectString=
