00:06.492000-0,PROC,0,process=rphost,OSThread=5344,Txt='Process terminated.
Stop signal received (ragent)'
00:06.836000-0,PROC,0,process=rphost,OSThread=3452,Txt='Process terminated.
Stop signal received (ragent)'
00:06.836005-0,EXCP,2,process=rphost,OSThread=2088,Exception=96380a22-60f7-4a8b-8fca-1224e6bc518f,Descr='src\rserver\src\rmngrcalls.cpp(951):
96380a22-60f7-4a8b-8fca-1224e6bc518f: OnFinishRpHost'
00:06.852000-0,EXCP,1,process=rphost,p:processName=bi_bk3wk1_prod_01,OSThread=2088,t:clientID=1625,t:applicationName=1CV8C,t:computerName=DC2RDSH01,t:connectID=8198,Exception=dd149677-3d47-4e05-a55f-4e75b13a441f,Descr='src\rtrsrvc\src\remoteinterfaceimpl.cpp(736):
dd149677-3d47-4e05-a55f-4e75b13a441f: Процесс завершается. Исходящий вызов запрещен.'
00:06.852001-0,EXCP,1,process=rphost,p:processName=bi_bk3wk1_prod_01,OSThread=2088,t:clientID=1625,t:applicationName=1CV8C,t:computerName=DC2RDSH01,t:connectID=8198,Exception=dd149677-3d47-4e05-a55f-4e75b13a441f,Descr='src\rserver\src\rmngrcalls.cpp(543):
dd149677-3d47-4e05-a55f-4e75b13a441f: Процесс завершается. Исходящий вызов запрещен.'
00:06.852002-0,EXCP,1,process=rphost,p:processName=bi_bk3wk1_prod_01,OSThread=2088,t:clientID=1625,t:applicationName=1CV8C,t:computerName=DC2RDSH01,t:connectID=8198,Exception=dd149677-3d47-4e05-a55f-4e75b13a441f,Descr='src\rtrsrvc\src\remoteinterfaceimpl.cpp(736):
dd149677-3d47-4e05-a55f-4e75b13a441f: Процесс завершается. Исходящий вызов запрещен.'
00:06.852003-0,EXCP,1,process=rphost,p:processName=bi_bk3wk1_prod_01,OSThread=2088,t:clientID=1625,t:applicationName=1CV8C,t:computerName=DC2RDSH01,t:connectID=8198,Exception=dd149677-3d47-4e05-a55f-4e75b13a441f,Descr='src\rtrsrvc\src\remoteinterfaceimpl.cpp(736):
dd149677-3d47-4e05-a55f-4e75b13a441f: Процесс завершается. Исходящий вызов запрещен.'
00:06.852004-0,EXCP,1,process=rphost,p:processName=bi_bk3wk1_prod_01,OSThread=2088,t:clientID=1625,t:applicationName=1CV8C,t:computerName=DC2RDSH01,t:connectID=8198,Exception=dd149677-3d47-4e05-a55f-4e75b13a441f,Descr='src\rtrsrvc\src\remoteinterfaceimpl.cpp(736):
dd149677-3d47-4e05-a55f-4e75b13a441f: Процесс завершается. Исходящий вызов запрещен.'
00:06.852005-0,EXCP,1,process=rphost,p:processName=bi_bk3wk1_prod_01,OSThread=2088,t:clientID=1625,t:applicationName=1CV8C,t:computerName=DC2RDSH01,t:connectID=8198,Exception=dd149677-3d47-4e05-a55f-4e75b13a441f,Descr='src\rtrsrvc\src\remoteinterfaceimpl.cpp(736):
dd149677-3d47-4e05-a55f-4e75b13a441f: Процесс завершается. Исходящий вызов запрещен.'
00:06.852006-0,EXCP,1,process=rphost,p:processName=bi_bk3wk1_prod_01,OSThread=2088,t:clientID=1625,t:applicationName=1CV8C,t:computerName=DC2RDSH01,t:connectID=8198,Exception=dd149677-3d47-4e05-a55f-4e75b13a441f,Descr='src\rtrsrvc\src\remoteinterfaceimpl.cpp(736):
dd149677-3d47-4e05-a55f-4e75b13a441f: Процесс завершается. Исходящий вызов запрещен.'
00:06.852007-0,EXCP,1,process=rphost,p:processName=bi_bk3wk1_prod_01,OSThread=2088,t:clientID=1625,t:applicationName=1CV8C,t:computerName=DC2RDSH01,t:connectID=8198,Exception=dd149677-3d47-4e05-a55f-4e75b13a441f,Descr='src\rtrsrvc\src\remoteinterfaceimpl.cpp(736):
dd149677-3d47-4e05-a55f-4e75b13a441f: Процесс завершается. Исходящий вызов запрещен.'
00:06.852008-0,EXCP,1,process=rphost,p:processName=bi_bk3wk1_prod_01,OSThread=2088,t:clientID=1625,t:applicationName=1CV8C,t:computerName=DC2RDSH01,t:connectID=8198,Exception=dd149677-3d47-4e05-a55f-4e75b13a441f,Descr='src\rtrsrvc\src\remoteinterfaceimpl.cpp(736):
dd149677-3d47-4e05-a55f-4e75b13a441f: Процесс завершается. Исходящий вызов запрещен.'
00:06.852009-0,EXCP,1,process=rphost,p:processName=bi_bk3wk1_prod_01,OSThread=2088,t:clientID=1625,t:applicationName=1CV8C,t:computerName=DC2RDSH01,t:connectID=8198,Exception=dd149677-3d47-4e05-a55f-4e75b13a441f,Descr='src\rtrsrvc\src\remoteinterfaceimpl.cpp(736):
dd149677-3d47-4e05-a55f-4e75b13a441f: Процесс завершается. Исходящий вызов запрещен.'
00:06.852010-0,EXCP,1,process=rphost,p:processName=bi_bk3wk1_prod_01,OSThread=2088,t:clientID=1625,t:applicationName=1CV8C,t:computerName=DC2RDSH01,t:connectID=8198,Exception=dd149677-3d47-4e05-a55f-4e75b13a441f,Descr='src\rtrsrvc\src\remoteinterfaceimpl.cpp(736):
dd149677-3d47-4e05-a55f-4e75b13a441f: Процесс завершается. Исходящий вызов запрещен.'
00:06.852011-0,EXCP,1,process=rphost,p:processName=bi_bk3wk1_prod_01,OSThread=2088,t:clientID=1625,t:applicationName=1CV8C,t:computerName=DC2RDSH01,t:connectID=8198,Exception=dd149677-3d47-4e05-a55f-4e75b13a441f,Descr='src\rtrsrvc\src\remoteinterfaceimpl.cpp(736):
dd149677-3d47-4e05-a55f-4e75b13a441f: Процесс завершается. Исходящий вызов запрещен.'
00:06.852012-0,EXCP,1,process=rphost,p:processName=bi_bk3wk1_prod_01,OSThread=2088,t:clientID=1625,t:applicationName=1CV8C,t:computerName=DC2RDSH01,t:connectID=8198,Exception=dd149677-3d47-4e05-a55f-4e75b13a441f,Descr='src\rtrsrvc\src\remoteinterfaceimpl.cpp(736):
dd149677-3d47-4e05-a55f-4e75b13a441f: Процесс завершается. Исходящий вызов запрещен.'
00:06.852013-0,EXCP,1,process=rphost,p:processName=bi_bk3wk1_prod_01,OSThread=2088,t:clientID=1625,t:applicationName=1CV8C,t:computerName=DC2RDSH01,t:connectID=8198,Exception=dd149677-3d47-4e05-a55f-4e75b13a441f,Descr='src\rtrsrvc\src\remoteinterfaceimpl.cpp(736):
dd149677-3d47-4e05-a55f-4e75b13a441f: Процесс завершается. Исходящий вызов запрещен.'
00:06.852014-0,EXCP,1,process=rphost,p:processName=bi_bk3wk1_prod_01,OSThread=2088,t:clientID=1625,t:applicationName=1CV8C,t:computerName=DC2RDSH01,t:connectID=8198,Exception=dd149677-3d47-4e05-a55f-4e75b13a441f,Descr='src\rtrsrvc\src\remoteinterfaceimpl.cpp(736):
dd149677-3d47-4e05-a55f-4e75b13a441f: Процесс завершается. Исходящий вызов запрещен.'
00:06.852015-0,EXCP,1,process=rphost,p:processName=bi_bk3wk1_prod_01,OSThread=2088,t:clientID=1625,t:applicationName=1CV8C,t:computerName=DC2RDSH01,t:connectID=8198,Exception=dd149677-3d47-4e05-a55f-4e75b13a441f,Descr='src\rtrsrvc\src\remoteinterfaceimpl.cpp(736):
dd149677-3d47-4e05-a55f-4e75b13a441f: Процесс завершается. Исходящий вызов запрещен.'
00:06.977000-0,EXCP,0,process=rphost,OSThread=204,Exception=dd149677-3d47-4e05-a55f-4e75b13a441f,Descr='src\rtrsrvc\src\remoteinterfaceimpl.cpp(736):
dd149677-3d47-4e05-a55f-4e75b13a441f: Процесс завершается. Исходящий вызов запрещен.'
00:06.977001-0,EXCP,0,process=rphost,OSThread=204,Exception=dd149677-3d47-4e05-a55f-4e75b13a441f,Descr='src\rserver\src\rmngrcalls.cpp(543):
dd149677-3d47-4e05-a55f-4e75b13a441f: Процесс завершается. Исходящий вызов запрещен.'
00:06.977002-0,EXCP,0,process=rphost,OSThread=204,Exception=dd149677-3d47-4e05-a55f-4e75b13a441f,Descr='src\rtrsrvc\src\remoteinterfaceimpl.cpp(736):
dd149677-3d47-4e05-a55f-4e75b13a441f: Процесс завершается. Исходящий вызов запрещен.'
00:06.977003-0,EXCP,0,process=rphost,OSThread=204,Exception=dd149677-3d47-4e05-a55f-4e75b13a441f,Descr='src\rtrsrvc\src\remoteinterfaceimpl.cpp(736):
dd149677-3d47-4e05-a55f-4e75b13a441f: Процесс завершается. Исходящий вызов запрещен.'
00:06.977004-0,EXCP,0,process=rphost,OSThread=204,Exception=dd149677-3d47-4e05-a55f-4e75b13a441f,Descr='src\rtrsrvc\src\remoteinterfaceimpl.cpp(736):
dd149677-3d47-4e05-a55f-4e75b13a441f: Процесс завершается. Исходящий вызов запрещен.'
00:06.977005-0,EXCP,0,process=rphost,OSThread=204,Exception=dd149677-3d47-4e05-a55f-4e75b13a441f,Descr='src\rtrsrvc\src\remoteinterfaceimpl.cpp(736):
dd149677-3d47-4e05-a55f-4e75b13a441f: Процесс завершается. Исходящий вызов запрещен.'
00:06.977006-0,EXCP,0,process=rphost,OSThread=204,Exception=dd149677-3d47-4e05-a55f-4e75b13a441f,Descr='src\rtrsrvc\src\remoteinterfaceimpl.cpp(736):
dd149677-3d47-4e05-a55f-4e75b13a441f: Процесс завершается. Исходящий вызов запрещен.'
00:06.977007-0,EXCP,0,process=rphost,OSThread=204,Exception=dd149677-3d47-4e05-a55f-4e75b13a441f,Descr='src\rtrsrvc\src\remoteinterfaceimpl.cpp(736):
dd149677-3d47-4e05-a55f-4e75b13a441f: Процесс завершается. Исходящий вызов запрещен.'
00:06.977008-0,EXCP,0,process=rphost,OSThread=204,Exception=dd149677-3d47-4e05-a55f-4e75b13a441f,Descr='src\rtrsrvc\src\remoteinterfaceimpl.cpp(736):
dd149677-3d47-4e05-a55f-4e75b13a441f: Процесс завершается. Исходящий вызов запрещен.'
00:06.977009-0,EXCP,0,process=rphost,OSThread=204,Exception=dd149677-3d47-4e05-a55f-4e75b13a441f,Descr='src\rtrsrvc\src\remoteinterfaceimpl.cpp(736):
dd149677-3d47-4e05-a55f-4e75b13a441f: Процесс завершается. Исходящий вызов запрещен.'
00:06.977010-0,EXCP,0,process=rphost,OSThread=204,Exception=dd149677-3d47-4e05-a55f-4e75b13a441f,Descr='src\rtrsrvc\src\remoteinterfaceimpl.cpp(736):
dd149677-3d47-4e05-a55f-4e75b13a441f: Процесс завершается. Исходящий вызов запрещен.'
00:06.977011-0,EXCP,0,process=rphost,OSThread=204,Exception=dd149677-3d47-4e05-a55f-4e75b13a441f,Descr='src\rtrsrvc\src\remoteinterfaceimpl.cpp(736):
dd149677-3d47-4e05-a55f-4e75b13a441f: Процесс завершается. Исходящий вызов запрещен.'
00:06.977012-0,EXCP,0,process=rphost,OSThread=204,Exception=dd149677-3d47-4e05-a55f-4e75b13a441f,Descr='src\rtrsrvc\src\remoteinterfaceimpl.cpp(736):
dd149677-3d47-4e05-a55f-4e75b13a441f: Процесс завершается. Исходящий вызов запрещен.'
00:06.977013-0,EXCP,0,process=rphost,OSThread=204,Exception=dd149677-3d47-4e05-a55f-4e75b13a441f,Descr='src\rtrsrvc\src\remoteinterfaceimpl.cpp(736):
dd149677-3d47-4e05-a55f-4e75b13a441f: Процесс завершается. Исходящий вызов запрещен.'
00:06.977014-0,EXCP,0,process=rphost,OSThread=204,Exception=dd149677-3d47-4e05-a55f-4e75b13a441f,Descr='src\rtrsrvc\src\remoteinterfaceimpl.cpp(736):
dd149677-3d47-4e05-a55f-4e75b13a441f: Процесс завершается. Исходящий вызов запрещен.'
00:06.977015-0,EXCP,0,process=rphost,OSThread=204,Exception=dd149677-3d47-4e05-a55f-4e75b13a441f,Descr='src\rtrsrvc\src\remoteinterfaceimpl.cpp(736):
dd149677-3d47-4e05-a55f-4e75b13a441f: Процесс завершается. Исходящий вызов запрещен.'
00:07.055000-0,EXCP,1,process=rphost,p:processName=bi_bk3wk1_prod_01,OSThread=2088,t:clientID=1625,t:applicationName=1CV8C,t:computerName=DC2RDSH01,t:connectID=8198,Exception=dd149677-3d47-4e05-a55f-4e75b13a441f,Descr='src\rtrsrvc\src\remoteinterfaceimpl.cpp(736):
dd149677-3d47-4e05-a55f-4e75b13a441f: Процесс завершается. Исходящий вызов запрещен.'
00:07.055001-0,EXCP,1,process=rphost,p:processName=bi_bk3wk1_prod_01,OSThread=2088,t:clientID=1625,t:applicationName=1CV8C,t:computerName=DC2RDSH01,t:connectID=8198,Exception=dd149677-3d47-4e05-a55f-4e75b13a441f,Descr='src\rserver\src\rmngrcalls.cpp(543):
dd149677-3d47-4e05-a55f-4e75b13a441f: Процесс завершается. Исходящий вызов запрещен.'
00:07.055002-0,EXCP,1,process=rphost,p:processName=bi_bk3wk1_prod_01,OSThread=2088,t:clientID=1625,t:applicationName=1CV8C,t:computerName=DC2RDSH01,t:connectID=8198,Exception=dd149677-3d47-4e05-a55f-4e75b13a441f,Descr='src\rtrsrvc\src\remoteinterfaceimpl.cpp(736):
dd149677-3d47-4e05-a55f-4e75b13a441f: Процесс завершается. Исходящий вызов запрещен.'
00:07.055003-0,EXCP,1,process=rphost,p:processName=bi_bk3wk1_prod_01,OSThread=2088,t:clientID=1625,t:applicationName=1CV8C,t:computerName=DC2RDSH01,t:connectID=8198,Exception=dd149677-3d47-4e05-a55f-4e75b13a441f,Descr='src\rtrsrvc\src\remoteinterfaceimpl.cpp(736):
dd149677-3d47-4e05-a55f-4e75b13a441f: Процесс завершается. Исходящий вызов запрещен.'
00:07.055004-0,EXCP,1,process=rphost,p:processName=bi_bk3wk1_prod_01,OSThread=2088,t:clientID=1625,t:applicationName=1CV8C,t:computerName=DC2RDSH01,t:connectID=8198,Exception=dd149677-3d47-4e05-a55f-4e75b13a441f,Descr='src\rtrsrvc\src\remoteinterfaceimpl.cpp(736):
dd149677-3d47-4e05-a55f-4e75b13a441f: Процесс завершается. Исходящий вызов запрещен.'
00:07.055005-0,EXCP,1,process=rphost,p:processName=bi_bk3wk1_prod_01,OSThread=2088,t:clientID=1625,t:applicationName=1CV8C,t:computerName=DC2RDSH01,t:connectID=8198,Exception=dd149677-3d47-4e05-a55f-4e75b13a441f,Descr='src\rtrsrvc\src\remoteinterfaceimpl.cpp(736):
dd149677-3d47-4e05-a55f-4e75b13a441f: Процесс завершается. Исходящий вызов запрещен.'
00:07.055006-0,EXCP,1,process=rphost,p:processName=bi_bk3wk1_prod_01,OSThread=2088,t:clientID=1625,t:applicationName=1CV8C,t:computerName=DC2RDSH01,t:connectID=8198,Exception=dd149677-3d47-4e05-a55f-4e75b13a441f,Descr='src\rtrsrvc\src\remoteinterfaceimpl.cpp(736):
dd149677-3d47-4e05-a55f-4e75b13a441f: Процесс завершается. Исходящий вызов запрещен.'
00:07.055007-0,EXCP,1,process=rphost,p:processName=bi_bk3wk1_prod_01,OSThread=2088,t:clientID=1625,t:applicationName=1CV8C,t:computerName=DC2RDSH01,t:connectID=8198,Exception=dd149677-3d47-4e05-a55f-4e75b13a441f,Descr='src\rtrsrvc\src\remoteinterfaceimpl.cpp(736):
dd149677-3d47-4e05-a55f-4e75b13a441f: Процесс завершается. Исходящий вызов запрещен.'
00:07.055008-0,EXCP,1,process=rphost,p:processName=bi_bk3wk1_prod_01,OSThread=2088,t:clientID=1625,t:applicationName=1CV8C,t:computerName=DC2RDSH01,t:connectID=8198,Exception=dd149677-3d47-4e05-a55f-4e75b13a441f,Descr='src\rtrsrvc\src\remoteinterfaceimpl.cpp(736):
dd149677-3d47-4e05-a55f-4e75b13a441f: Процесс завершается. Исходящий вызов запрещен.'
00:07.055009-0,EXCP,1,process=rphost,p:processName=bi_bk3wk1_prod_01,OSThread=2088,t:clientID=1625,t:applicationName=1CV8C,t:computerName=DC2RDSH01,t:connectID=8198,Exception=dd149677-3d47-4e05-a55f-4e75b13a441f,Descr='src\rtrsrvc\src\remoteinterfaceimpl.cpp(736):
dd149677-3d47-4e05-a55f-4e75b13a441f: Процесс завершается. Исходящий вызов запрещен.'
00:07.055010-0,EXCP,1,process=rphost,p:processName=bi_bk3wk1_prod_01,OSThread=2088,t:clientID=1625,t:applicationName=1CV8C,t:computerName=DC2RDSH01,t:connectID=8198,Exception=dd149677-3d47-4e05-a55f-4e75b13a441f,Descr='src\rtrsrvc\src\remoteinterfaceimpl.cpp(736):
dd149677-3d47-4e05-a55f-4e75b13a441f: Процесс завершается. Исходящий вызов запрещен.'
00:07.055011-0,EXCP,1,process=rphost,p:processName=bi_bk3wk1_prod_01,OSThread=2088,t:clientID=1625,t:applicationName=1CV8C,t:computerName=DC2RDSH01,t:connectID=8198,Exception=dd149677-3d47-4e05-a55f-4e75b13a441f,Descr='src\rtrsrvc\src\remoteinterfaceimpl.cpp(736):
dd149677-3d47-4e05-a55f-4e75b13a441f: Процесс завершается. Исходящий вызов запрещен.'
00:07.055012-0,EXCP,1,process=rphost,p:processName=bi_bk3wk1_prod_01,OSThread=2088,t:clientID=1625,t:applicationName=1CV8C,t:computerName=DC2RDSH01,t:connectID=8198,Exception=dd149677-3d47-4e05-a55f-4e75b13a441f,Descr='src\rtrsrvc\src\remoteinterfaceimpl.cpp(736):
dd149677-3d47-4e05-a55f-4e75b13a441f: Процесс завершается. Исходящий вызов запрещен.'
00:07.055015-0,EXCP,1,process=rphost,p:processName=bi_bk3wk1_prod_01,OSThread=2088,t:clientID=1625,t:applicationName=1CV8C,t:computerName=DC2RDSH01,t:connectID=8198,Exception=dd149677-3d47-4e05-a55f-4e75b13a441f,Descr='src\rserver\src\rmngrcalls.cpp(586):
dd149677-3d47-4e05-a55f-4e75b13a441f: Процесс завершается. Исходящий вызов запрещен.'
00:07.055016-0,EXCP,1,process=rphost,p:processName=bi_bk3wk1_prod_01,OSThread=2088,t:clientID=1625,t:applicationName=1CV8C,t:computerName=DC2RDSH01,t:connectID=8198,Exception=dd149677-3d47-4e05-a55f-4e75b13a441f,Descr='src\rserver\src\srvrinfobaseimpl.cpp(1227):
dd149677-3d47-4e05-a55f-4e75b13a441f: Процесс завершается. Исходящий вызов запрещен.'
00:07.055018-0,EXCP,1,process=rphost,p:processName=bi_bk3wk1_prod_01,OSThread=2088,t:clientID=1625,t:applicationName=1CV8C,t:computerName=DC2RDSH01,t:connectID=8198,Exception=dd149677-3d47-4e05-a55f-4e75b13a441f,Descr='src\rserver\src\rmngrcalls.cpp(739):
dd149677-3d47-4e05-a55f-4e75b13a441f: Процесс завершается. Исходящий вызов запрещен.'
00:07.055019-0,EXCP,1,process=rphost,p:processName=bi_bk3wk1_prod_01,OSThread=2088,t:clientID=1625,t:applicationName=1CV8C,t:computerName=DC2RDSH01,t:connectID=8198,Exception=dd149677-3d47-4e05-a55f-4e75b13a441f,Descr='src\rserver\src\rmngrcalls.cpp(739):
dd149677-3d47-4e05-a55f-4e75b13a441f: Процесс завершается. Исходящий вызов запрещен.'
00:07.055020-0,EXCP,1,process=rphost,p:processName=bi_bk3wk1_prod_01,OSThread=2088,t:clientID=1625,t:applicationName=1CV8C,t:computerName=DC2RDSH01,t:connectID=8198,Exception=96380a22-60f7-4a8b-8fca-1224e6bc518f,Descr='src\rserver\src\rmngrcalls.cpp(951):
96380a22-60f7-4a8b-8fca-1224e6bc518f: onFinishIBConnection'
00:07.055021-0,EXCP,1,process=rphost,p:processName=bi_bk3wk1_prod_01,OSThread=2088,t:clientID=1625,t:applicationName=1CV8C,t:computerName=DC2RDSH01,t:connectID=8198,Exception=dd149677-3d47-4e05-a55f-4e75b13a441f,Descr='src\rserver\src\rmngrcalls.cpp(586):
dd149677-3d47-4e05-a55f-4e75b13a441f: Процесс завершается. Исходящий вызов запрещен.'
00:07.180000-0,EXCP,0,process=rphost,OSThread=204,Exception=dd149677-3d47-4e05-a55f-4e75b13a441f,Descr='src\rserver\src\rmngrcalls.cpp(586):
dd149677-3d47-4e05-a55f-4e75b13a441f: Процесс завершается. Исходящий вызов запрещен.'
00:07.180001-0,EXCP,0,process=rphost,OSThread=204,Exception=dd149677-3d47-4e05-a55f-4e75b13a441f,Descr='src\rserver\src\clusterdistribimpl.cpp(2624):
dd149677-3d47-4e05-a55f-4e75b13a441f: Процесс завершается. Исходящий вызов запрещен.'
00:07.180002-0,EXCP,0,process=rphost,OSThread=204,Exception=dd149677-3d47-4e05-a55f-4e75b13a441f,Descr='src\rserver\src\rmngrcalls.cpp(586):
dd149677-3d47-4e05-a55f-4e75b13a441f: Процесс завершается. Исходящий вызов запрещен.'
00:07.258000-0,EXCP,1,process=rphost,p:processName=bi_bk3wk1_prod_01,OSThread=2088,t:clientID=1625,t:applicationName=1CV8C,t:computerName=DC2RDSH01,t:connectID=8198,Exception=dd149677-3d47-4e05-a55f-4e75b13a441f,Descr='src\rserver\src\rmngrcalls.cpp(586):
dd149677-3d47-4e05-a55f-4e75b13a441f: Процесс завершается. Исходящий вызов запрещен.'
00:07.258002-0,EXCP,0,process=rphost,OSThread=156,Exception=dd149677-3d47-4e05-a55f-4e75b13a441f,Descr='src\rserver\src\rmngrcalls.cpp(586):
dd149677-3d47-4e05-a55f-4e75b13a441f: Процесс завершается. Исходящий вызов запрещен.'
00:07.258003-0,EXCP,1,process=rphost,p:processName=bi_bk3wk1_prod_01,OSThread=2088,t:clientID=1651,t:applicationName=1CV8C,t:computerName=DC1RDSH07,t:connectID=8322,Exception=dd149677-3d47-4e05-a55f-4e75b13a441f,Descr='src\rserver\src\rmngrcalls.cpp(586):
dd149677-3d47-4e05-a55f-4e75b13a441f: Процесс завершается. Исходящий вызов запрещен.'
00:07.383000-0,EXCP,0,process=rphost,OSThread=204,Exception=dd149677-3d47-4e05-a55f-4e75b13a441f,Descr='src\rserver\src\rmngrcalls.cpp(586):
dd149677-3d47-4e05-a55f-4e75b13a441f: Процесс завершается. Исходящий вызов запрещен.'
00:07.383001-0,EXCP,0,process=rphost,OSThread=204,Exception=dd149677-3d47-4e05-a55f-4e75b13a441f,Descr='src\rserver\src\clusterdistribimpl.cpp(2624):
dd149677-3d47-4e05-a55f-4e75b13a441f: Процесс завершается. Исходящий вызов запрещен.'
00:07.383002-0,EXCP,0,process=rphost,OSThread=204,Exception=dd149677-3d47-4e05-a55f-4e75b13a441f,Descr='src\rserver\src\rmngrcalls.cpp(586):
dd149677-3d47-4e05-a55f-4e75b13a441f: Процесс завершается. Исходящий вызов запрещен.'
00:07.461001-0,EXCP,0,process=rphost,OSThread=156,Exception=dd149677-3d47-4e05-a55f-4e75b13a441f,Descr='src\rserver\src\rmngrcalls.cpp(586):
dd149677-3d47-4e05-a55f-4e75b13a441f: Процесс завершается. Исходящий вызов запрещен.'
00:07.461000-0,EXCP,1,process=rphost,p:processName=bi_bk3wk1_prod_01,OSThread=2088,t:clientID=1651,t:applicationName=1CV8C,t:computerName=DC1RDSH07,t:connectID=8322,Exception=dd149677-3d47-4e05-a55f-4e75b13a441f,Descr='src\rserver\src\rmngrcalls.cpp(586):
dd149677-3d47-4e05-a55f-4e75b13a441f: Процесс завершается. Исходящий вызов запрещен.'
00:07.461002-0,EXCP,0,process=rphost,OSThread=156,Exception=dd149677-3d47-4e05-a55f-4e75b13a441f,Descr='src\rserver\src\rhostimpl.cpp(6261):
dd149677-3d47-4e05-a55f-4e75b13a441f: Процесс завершается. Исходящий вызов запрещен.'
00:07.461003-0,EXCP,1,process=rphost,p:processName=bi_bk3wk1_prod_01,OSThread=2088,t:clientID=1651,t:applicationName=1CV8C,t:computerName=DC1RDSH07,t:connectID=8322,Exception=dd149677-3d47-4e05-a55f-4e75b13a441f,Descr='src\rserver\src\srvrinfobaseimpl.cpp(1227):
dd149677-3d47-4e05-a55f-4e75b13a441f: Процесс завершается. Исходящий вызов запрещен.'
00:07.461004-0,EXCP,0,process=rphost,OSThread=156,Exception=dd149677-3d47-4e05-a55f-4e75b13a441f,Descr='src\rserver\src\rmngrcalls.cpp(739):
dd149677-3d47-4e05-a55f-4e75b13a441f: Процесс завершается. Исходящий вызов запрещен.'
00:07.461005-0,EXCP,0,process=rphost,OSThread=156,Exception=dd149677-3d47-4e05-a55f-4e75b13a441f,Descr='src\rserver\src\rmngrcalls.cpp(739):
dd149677-3d47-4e05-a55f-4e75b13a441f: Процесс завершается. Исходящий вызов запрещен.'
00:07.461006-0,EXCP,0,process=rphost,OSThread=156,Exception=96380a22-60f7-4a8b-8fca-1224e6bc518f,Descr='src\rserver\src\rmngrcalls.cpp(951):
96380a22-60f7-4a8b-8fca-1224e6bc518f: onFinishConnection'
00:07.461007-0,EXCP,1,process=rphost,p:processName=bi_bk3wk1_prod_01,OSThread=2088,t:clientID=1651,t:applicationName=1CV8C,t:computerName=DC1RDSH07,t:connectID=8322,Exception=dd149677-3d47-4e05-a55f-4e75b13a441f,Descr='src\rserver\src\rmngrcalls.cpp(739):
dd149677-3d47-4e05-a55f-4e75b13a441f: Процесс завершается. Исходящий вызов запрещен.'
00:07.461008-0,EXCP,1,process=rphost,p:processName=bi_bk3wk1_prod_01,OSThread=2088,t:clientID=1651,t:applicationName=1CV8C,t:computerName=DC1RDSH07,t:connectID=8322,Exception=dd149677-3d47-4e05-a55f-4e75b13a441f,Descr='src\rserver\src\rmngrcalls.cpp(739):
dd149677-3d47-4e05-a55f-4e75b13a441f: Процесс завершается. Исходящий вызов запрещен.'
00:07.461009-0,EXCP,1,process=rphost,p:processName=bi_bk3wk1_prod_01,OSThread=2088,t:clientID=1651,t:applicationName=1CV8C,t:computerName=DC1RDSH07,t:connectID=8322,Exception=96380a22-60f7-4a8b-8fca-1224e6bc518f,Descr='src\rserver\src\rmngrcalls.cpp(951):
96380a22-60f7-4a8b-8fca-1224e6bc518f: onFinishIBConnection'
00:07.461010-0,EXCP,1,process=rphost,p:processName=bi_bk3wk1_prod_01,OSThread=2088,t:clientID=1651,t:applicationName=1CV8C,t:computerName=DC1RDSH07,t:connectID=8322,Exception=dd149677-3d47-4e05-a55f-4e75b13a441f,Descr='src\rserver\src\rmngrcalls.cpp(586):
dd149677-3d47-4e05-a55f-4e75b13a441f: Процесс завершается. Исходящий вызов запрещен.'
00:07.586000-0,EXCP,0,process=rphost,OSThread=204,Exception=dd149677-3d47-4e05-a55f-4e75b13a441f,Descr='src\rserver\src\rmngrcalls.cpp(586):
dd149677-3d47-4e05-a55f-4e75b13a441f: Процесс завершается. Исходящий вызов запрещен.'
00:07.586001-0,EXCP,0,process=rphost,OSThread=204,Exception=dd149677-3d47-4e05-a55f-4e75b13a441f,Descr='src\rserver\src\clusterdistribimpl.cpp(2624):
dd149677-3d47-4e05-a55f-4e75b13a441f: Процесс завершается. Исходящий вызов запрещен.'
00:07.586002-0,EXCP,0,process=rphost,OSThread=204,Exception=dd149677-3d47-4e05-a55f-4e75b13a441f,Descr='src\rserver\src\rmngrcalls.cpp(586):
dd149677-3d47-4e05-a55f-4e75b13a441f: Процесс завершается. Исходящий вызов запрещен.'
00:07.664000-0,EXCP,1,process=rphost,p:processName=bi_bk3wk1_prod_01,OSThread=2088,t:clientID=1651,t:applicationName=1CV8C,t:computerName=DC1RDSH07,t:connectID=8322,Exception=dd149677-3d47-4e05-a55f-4e75b13a441f,Descr='src\rserver\src\rmngrcalls.cpp(586):
dd149677-3d47-4e05-a55f-4e75b13a441f: Процесс завершается. Исходящий вызов запрещен.'
00:07.664002-0,EXCP,0,process=rphost,OSThread=156,Exception=dd149677-3d47-4e05-a55f-4e75b13a441f,Descr='src\rserver\src\rmngrcalls.cpp(586):
dd149677-3d47-4e05-a55f-4e75b13a441f: Процесс завершается. Исходящий вызов запрещен.'
00:07.664003-0,EXCP,1,process=rphost,p:processName=bi_bk3wk1_prod_01,OSThread=2088,t:clientID=1683,t:applicationName=1CV8C,t:computerName=DC2RDSH05,t:connectID=8392,Exception=dd149677-3d47-4e05-a55f-4e75b13a441f,Descr='src\rserver\src\rmngrcalls.cpp(586):
dd149677-3d47-4e05-a55f-4e75b13a441f: Процесс завершается. Исходящий вызов запрещен.'
00:07.789000-0,EXCP,0,process=rphost,OSThread=204,Exception=dd149677-3d47-4e05-a55f-4e75b13a441f,Descr='src\rserver\src\rmngrcalls.cpp(586):
dd149677-3d47-4e05-a55f-4e75b13a441f: Процесс завершается. Исходящий вызов запрещен.'
00:07.789001-0,EXCP,0,process=rphost,OSThread=204,Exception=dd149677-3d47-4e05-a55f-4e75b13a441f,Descr='src\rserver\src\clusterdistribimpl.cpp(2624):
dd149677-3d47-4e05-a55f-4e75b13a441f: Процесс завершается. Исходящий вызов запрещен.'
00:07.789002-0,EXCP,0,process=rphost,OSThread=204,Exception=dd149677-3d47-4e05-a55f-4e75b13a441f,Descr='src\rserver\src\rmngrcalls.cpp(586):
dd149677-3d47-4e05-a55f-4e75b13a441f: Процесс завершается. Исходящий вызов запрещен.'
00:07.821000-0,EXCP,0,process=rphost,OSThread=5808,Exception=dd149677-3d47-4e05-a55f-4e75b13a441f,Descr='src\rserver\src\rmngrcalls.cpp(586):
dd149677-3d47-4e05-a55f-4e75b13a441f: Процесс завершается. Исходящий вызов запрещен.'
00:07.867000-0,EXCP,0,process=rphost,OSThread=156,Exception=dd149677-3d47-4e05-a55f-4e75b13a441f,Descr='src\rserver\src\rmngrcalls.cpp(586):
dd149677-3d47-4e05-a55f-4e75b13a441f: Процесс завершается. Исходящий вызов запрещен.'
00:07.867001-0,EXCP,1,process=rphost,p:processName=bi_bk3wk1_prod_01,OSThread=2088,t:clientID=1683,t:applicationName=1CV8C,t:computerName=DC2RDSH05,t:connectID=8392,Exception=dd149677-3d47-4e05-a55f-4e75b13a441f,Descr='src\rserver\src\rmngrcalls.cpp(586):
dd149677-3d47-4e05-a55f-4e75b13a441f: Процесс завершается. Исходящий вызов запрещен.'
00:07.867002-0,EXCP,0,process=rphost,OSThread=156,Exception=dd149677-3d47-4e05-a55f-4e75b13a441f,Descr='src\rserver\src\rhostimpl.cpp(6261):
dd149677-3d47-4e05-a55f-4e75b13a441f: Процесс завершается. Исходящий вызов запрещен.'
00:07.867003-0,EXCP,1,process=rphost,p:processName=bi_bk3wk1_prod_01,OSThread=2088,t:clientID=1683,t:applicationName=1CV8C,t:computerName=DC2RDSH05,t:connectID=8392,Exception=dd149677-3d47-4e05-a55f-4e75b13a441f,Descr='src\rserver\src\srvrinfobaseimpl.cpp(1227):
dd149677-3d47-4e05-a55f-4e75b13a441f: Процесс завершается. Исходящий вызов запрещен.'
00:07.867004-0,EXCP,0,process=rphost,OSThread=156,Exception=dd149677-3d47-4e05-a55f-4e75b13a441f,Descr='src\rserver\src\rmngrcalls.cpp(739):
dd149677-3d47-4e05-a55f-4e75b13a441f: Процесс завершается. Исходящий вызов запрещен.'
00:07.867005-0,EXCP,0,process=rphost,OSThread=156,Exception=dd149677-3d47-4e05-a55f-4e75b13a441f,Descr='src\rserver\src\rmngrcalls.cpp(739):
dd149677-3d47-4e05-a55f-4e75b13a441f: Процесс завершается. Исходящий вызов запрещен.'
00:07.867006-0,EXCP,0,process=rphost,OSThread=156,Exception=96380a22-60f7-4a8b-8fca-1224e6bc518f,Descr='src\rserver\src\rmngrcalls.cpp(951):
96380a22-60f7-4a8b-8fca-1224e6bc518f: onFinishConnection'
00:07.867007-0,EXCP,1,process=rphost,p:processName=bi_bk3wk1_prod_01,OSThread=2088,t:clientID=1683,t:applicationName=1CV8C,t:computerName=DC2RDSH05,t:connectID=8392,Exception=dd149677-3d47-4e05-a55f-4e75b13a441f,Descr='src\rserver\src\rmngrcalls.cpp(739):
dd149677-3d47-4e05-a55f-4e75b13a441f: Процесс завершается. Исходящий вызов запрещен.'
00:07.867008-0,EXCP,1,process=rphost,p:processName=bi_bk3wk1_prod_01,OSThread=2088,t:clientID=1683,t:applicationName=1CV8C,t:computerName=DC2RDSH05,t:connectID=8392,Exception=dd149677-3d47-4e05-a55f-4e75b13a441f,Descr='src\rserver\src\rmngrcalls.cpp(739):
dd149677-3d47-4e05-a55f-4e75b13a441f: Процесс завершается. Исходящий вызов запрещен.'
00:07.867009-0,EXCP,1,process=rphost,p:processName=bi_bk3wk1_prod_01,OSThread=2088,t:clientID=1683,t:applicationName=1CV8C,t:computerName=DC2RDSH05,t:connectID=8392,Exception=96380a22-60f7-4a8b-8fca-1224e6bc518f,Descr='src\rserver\src\rmngrcalls.cpp(951):
96380a22-60f7-4a8b-8fca-1224e6bc518f: onFinishIBConnection'
00:07.867010-0,EXCP,1,process=rphost,p:processName=bi_bk3wk1_prod_01,OSThread=2088,t:clientID=1683,t:applicationName=1CV8C,t:computerName=DC2RDSH05,t:connectID=8392,Exception=dd149677-3d47-4e05-a55f-4e75b13a441f,Descr='src\rserver\src\rmngrcalls.cpp(586):
dd149677-3d47-4e05-a55f-4e75b13a441f: Процесс завершается. Исходящий вызов запрещен.'
00:07.992000-0,EXCP,0,process=rphost,OSThread=204,Exception=dd149677-3d47-4e05-a55f-4e75b13a441f,Descr='src\rserver\src\rmngrcalls.cpp(586):
dd149677-3d47-4e05-a55f-4e75b13a441f: Процесс завершается. Исходящий вызов запрещен.'
00:07.992001-0,EXCP,0,process=rphost,OSThread=204,Exception=dd149677-3d47-4e05-a55f-4e75b13a441f,Descr='src\rserver\src\clusterdistribimpl.cpp(2624):
dd149677-3d47-4e05-a55f-4e75b13a441f: Процесс завершается. Исходящий вызов запрещен.'
00:07.992002-0,EXCP,0,process=rphost,OSThread=204,Exception=dd149677-3d47-4e05-a55f-4e75b13a441f,Descr='src\rserver\src\rmngrcalls.cpp(586):
dd149677-3d47-4e05-a55f-4e75b13a441f: Процесс завершается. Исходящий вызов запрещен.'
00:08.024000-0,EXCP,0,process=rphost,OSThread=5808,Exception=dd149677-3d47-4e05-a55f-4e75b13a441f,Descr='src\rserver\src\rmngrcalls.cpp(586):
dd149677-3d47-4e05-a55f-4e75b13a441f: Процесс завершается. Исходящий вызов запрещен.'
00:08.024001-0,EXCP,0,process=rphost,OSThread=5808,Exception=dd149677-3d47-4e05-a55f-4e75b13a441f,Descr='src\rserver\src\rhostimpl.cpp(5770):
dd149677-3d47-4e05-a55f-4e75b13a441f: Процесс завершается. Исходящий вызов запрещен.'
00:08.071000-0,EXCP,1,process=rphost,p:processName=bi_bk3wk1_prod_01,OSThread=2088,t:clientID=1683,t:applicationName=1CV8C,t:computerName=DC2RDSH05,t:connectID=8392,Exception=dd149677-3d47-4e05-a55f-4e75b13a441f,Descr='src\rserver\src\rmngrcalls.cpp(586):
dd149677-3d47-4e05-a55f-4e75b13a441f: Процесс завершается. Исходящий вызов запрещен.'
00:08.071002-0,EXCP,0,process=rphost,OSThread=156,Exception=dd149677-3d47-4e05-a55f-4e75b13a441f,Descr='src\rserver\src\rmngrcalls.cpp(586):
dd149677-3d47-4e05-a55f-4e75b13a441f: Процесс завершается. Исходящий вызов запрещен.'
00:08.071003-0,EXCP,1,process=rphost,p:processName=bi_bk3wk1_prod_01,OSThread=2088,t:clientID=1989,t:applicationName=1CV8C,t:computerName=DC2RDSH08,t:connectID=9464,Exception=dd149677-3d47-4e05-a55f-4e75b13a441f,Descr='src\rserver\src\rmngrcalls.cpp(586):
dd149677-3d47-4e05-a55f-4e75b13a441f: Процесс завершается. Исходящий вызов запрещен.'
00:08.196000-0,EXCP,0,process=rphost,OSThread=204,Exception=dd149677-3d47-4e05-a55f-4e75b13a441f,Descr='src\rserver\src\rmngrcalls.cpp(586):
dd149677-3d47-4e05-a55f-4e75b13a441f: Процесс завершается. Исходящий вызов запрещен.'
00:08.196001-0,EXCP,0,process=rphost,OSThread=204,Exception=dd149677-3d47-4e05-a55f-4e75b13a441f,Descr='src\rserver\src\clusterdistribimpl.cpp(2624):
dd149677-3d47-4e05-a55f-4e75b13a441f: Процесс завершается. Исходящий вызов запрещен.'
00:08.196002-0,EXCP,0,process=rphost,OSThread=204,Exception=dd149677-3d47-4e05-a55f-4e75b13a441f,Descr='src\rserver\src\rmngrcalls.cpp(586):
dd149677-3d47-4e05-a55f-4e75b13a441f: Процесс завершается. Исходящий вызов запрещен.'
00:08.274000-0,EXCP,1,process=rphost,p:processName=bi_bk3wk1_prod_01,OSThread=2088,t:clientID=1989,t:applicationName=1CV8C,t:computerName=DC2RDSH08,t:connectID=9464,Exception=dd149677-3d47-4e05-a55f-4e75b13a441f,Descr='src\rserver\src\rmngrcalls.cpp(586):
dd149677-3d47-4e05-a55f-4e75b13a441f: Процесс завершается. Исходящий вызов запрещен.'
00:08.274001-0,EXCP,0,process=rphost,OSThread=156,Exception=dd149677-3d47-4e05-a55f-4e75b13a441f,Descr='src\rserver\src\rmngrcalls.cpp(586):
dd149677-3d47-4e05-a55f-4e75b13a441f: Процесс завершается. Исходящий вызов запрещен.'
00:08.274002-0,EXCP,0,process=rphost,OSThread=156,Exception=dd149677-3d47-4e05-a55f-4e75b13a441f,Descr='src\rserver\src\rhostimpl.cpp(6261):
dd149677-3d47-4e05-a55f-4e75b13a441f: Процесс завершается. Исходящий вызов запрещен.'
00:08.274003-0,EXCP,1,process=rphost,p:processName=bi_bk3wk1_prod_01,OSThread=2088,t:clientID=1989,t:applicationName=1CV8C,t:computerName=DC2RDSH08,t:connectID=9464,Exception=dd149677-3d47-4e05-a55f-4e75b13a441f,Descr='src\rserver\src\srvrinfobaseimpl.cpp(1227):
dd149677-3d47-4e05-a55f-4e75b13a441f: Процесс завершается. Исходящий вызов запрещен.'
00:08.274004-0,EXCP,0,process=rphost,OSThread=156,Exception=dd149677-3d47-4e05-a55f-4e75b13a441f,Descr='src\rserver\src\rmngrcalls.cpp(739):
dd149677-3d47-4e05-a55f-4e75b13a441f: Процесс завершается. Исходящий вызов запрещен.'
00:08.274005-0,EXCP,0,process=rphost,OSThread=156,Exception=dd149677-3d47-4e05-a55f-4e75b13a441f,Descr='src\rserver\src\rmngrcalls.cpp(739):
dd149677-3d47-4e05-a55f-4e75b13a441f: Процесс завершается. Исходящий вызов запрещен.'
00:08.274006-0,EXCP,1,process=rphost,p:processName=bi_bk3wk1_prod_01,OSThread=2088,t:clientID=1989,t:applicationName=1CV8C,t:computerName=DC2RDSH08,t:connectID=9464,Exception=dd149677-3d47-4e05-a55f-4e75b13a441f,Descr='src\rserver\src\rmngrcalls.cpp(739):
dd149677-3d47-4e05-a55f-4e75b13a441f: Процесс завершается. Исходящий вызов запрещен.'
00:08.274007-0,EXCP,0,process=rphost,OSThread=156,Exception=96380a22-60f7-4a8b-8fca-1224e6bc518f,Descr='src\rserver\src\rmngrcalls.cpp(951):
96380a22-60f7-4a8b-8fca-1224e6bc518f: onFinishConnection'
00:08.274008-0,EXCP,1,process=rphost,p:processName=bi_bk3wk1_prod_01,OSThread=2088,t:clientID=1989,t:applicationName=1CV8C,t:computerName=DC2RDSH08,t:connectID=9464,Exception=dd149677-3d47-4e05-a55f-4e75b13a441f,Descr='src\rserver\src\rmngrcalls.cpp(739):
dd149677-3d47-4e05-a55f-4e75b13a441f: Процесс завершается. Исходящий вызов запрещен.'
00:08.274009-0,EXCP,1,process=rphost,p:processName=bi_bk3wk1_prod_01,OSThread=2088,t:clientID=1989,t:applicationName=1CV8C,t:computerName=DC2RDSH08,t:connectID=9464,Exception=96380a22-60f7-4a8b-8fca-1224e6bc518f,Descr='src\rserver\src\rmngrcalls.cpp(951):
96380a22-60f7-4a8b-8fca-1224e6bc518f: onFinishIBConnection'
00:08.274010-0,EXCP,1,process=rphost,p:processName=bi_bk3wk1_prod_01,OSThread=2088,t:clientID=1989,t:applicationName=1CV8C,t:computerName=DC2RDSH08,t:connectID=9464,Exception=dd149677-3d47-4e05-a55f-4e75b13a441f,Descr='src\rserver\src\rmngrcalls.cpp(586):
dd149677-3d47-4e05-a55f-4e75b13a441f: Процесс завершается. Исходящий вызов запрещен.'
00:08.399000-0,EXCP,0,process=rphost,OSThread=204,Exception=dd149677-3d47-4e05-a55f-4e75b13a441f,Descr='src\rserver\src\rmngrcalls.cpp(586):
dd149677-3d47-4e05-a55f-4e75b13a441f: Процесс завершается. Исходящий вызов запрещен.'
00:08.399001-0,EXCP,0,process=rphost,OSThread=204,Exception=dd149677-3d47-4e05-a55f-4e75b13a441f,Descr='src\rserver\src\clusterdistribimpl.cpp(2624):
dd149677-3d47-4e05-a55f-4e75b13a441f: Процесс завершается. Исходящий вызов запрещен.'
00:08.399002-0,EXCP,0,process=rphost,OSThread=204,Exception=dd149677-3d47-4e05-a55f-4e75b13a441f,Descr='src\rserver\src\rmngrcalls.cpp(586):
dd149677-3d47-4e05-a55f-4e75b13a441f: Процесс завершается. Исходящий вызов запрещен.'
00:08.477001-0,EXCP,1,process=rphost,p:processName=bi_bk3wk1_prod_01,OSThread=2088,t:clientID=1989,t:applicationName=1CV8C,t:computerName=DC2RDSH08,t:connectID=9464,Exception=dd149677-3d47-4e05-a55f-4e75b13a441f,Descr='src\rserver\src\rmngrcalls.cpp(586):
dd149677-3d47-4e05-a55f-4e75b13a441f: Процесс завершается. Исходящий вызов запрещен.'
00:08.477003-0,EXCP,0,process=rphost,OSThread=156,Exception=dd149677-3d47-4e05-a55f-4e75b13a441f,Descr='src\rserver\src\rmngrcalls.cpp(586):
dd149677-3d47-4e05-a55f-4e75b13a441f: Процесс завершается. Исходящий вызов запрещен.'
00:08.477004-0,EXCP,1,process=rphost,p:processName=bi_bk3wk1_prod_01,OSThread=2088,t:clientID=2507,t:applicationName=WebServerExtension,t:computerName=DC2CISWEB01,t:connectID=13242,Exception=dd149677-3d47-4e05-a55f-4e75b13a441f,Descr='src\rserver\src\rmngrcalls.cpp(586):
dd149677-3d47-4e05-a55f-4e75b13a441f: Процесс завершается. Исходящий вызов запрещен.'
00:08.602000-0,EXCP,0,process=rphost,OSThread=204,Exception=dd149677-3d47-4e05-a55f-4e75b13a441f,Descr='src\rserver\src\rmngrcalls.cpp(586):
dd149677-3d47-4e05-a55f-4e75b13a441f: Процесс завершается. Исходящий вызов запрещен.'
00:08.602001-0,EXCP,0,process=rphost,OSThread=204,Exception=dd149677-3d47-4e05-a55f-4e75b13a441f,Descr='src\rserver\src\clusterdistribimpl.cpp(2624):
dd149677-3d47-4e05-a55f-4e75b13a441f: Процесс завершается. Исходящий вызов запрещен.'
00:08.602002-0,EXCP,0,process=rphost,OSThread=204,Exception=dd149677-3d47-4e05-a55f-4e75b13a441f,Descr='src\rserver\src\rmngrcalls.cpp(586):
dd149677-3d47-4e05-a55f-4e75b13a441f: Процесс завершается. Исходящий вызов запрещен.'
00:08.680000-0,EXCP,0,process=rphost,OSThread=156,Exception=dd149677-3d47-4e05-a55f-4e75b13a441f,Descr='src\rserver\src\rmngrcalls.cpp(586):
dd149677-3d47-4e05-a55f-4e75b13a441f: Процесс завершается. Исходящий вызов запрещен.'
00:08.680001-0,EXCP,1,process=rphost,p:processName=bi_bk3wk1_prod_01,OSThread=2088,t:clientID=2507,t:applicationName=WebServerExtension,t:computerName=DC2CISWEB01,t:connectID=13242,Exception=dd149677-3d47-4e05-a55f-4e75b13a441f,Descr='src\rserver\src\rmngrcalls.cpp(586):
dd149677-3d47-4e05-a55f-4e75b13a441f: Процесс завершается. Исходящий вызов запрещен.'
00:08.680002-0,EXCP,0,process=rphost,OSThread=156,Exception=dd149677-3d47-4e05-a55f-4e75b13a441f,Descr='src\rserver\src\rhostimpl.cpp(6261):
dd149677-3d47-4e05-a55f-4e75b13a441f: Процесс завершается. Исходящий вызов запрещен.'
00:08.680003-0,EXCP,1,process=rphost,p:processName=bi_bk3wk1_prod_01,OSThread=2088,t:clientID=2507,t:applicationName=WebServerExtension,t:computerName=DC2CISWEB01,t:connectID=13242,Exception=dd149677-3d47-4e05-a55f-4e75b13a441f,Descr='src\rserver\src\srvrinfobaseimpl.cpp(1227):
dd149677-3d47-4e05-a55f-4e75b13a441f: Процесс завершается. Исходящий вызов запрещен.'
00:08.680004-0,EXCP,0,process=rphost,OSThread=156,Exception=dd149677-3d47-4e05-a55f-4e75b13a441f,Descr='src\rserver\src\rmngrcalls.cpp(739):
dd149677-3d47-4e05-a55f-4e75b13a441f: Процесс завершается. Исходящий вызов запрещен.'
00:08.680005-0,EXCP,0,process=rphost,OSThread=156,Exception=dd149677-3d47-4e05-a55f-4e75b13a441f,Descr='src\rserver\src\rmngrcalls.cpp(739):
dd149677-3d47-4e05-a55f-4e75b13a441f: Процесс завершается. Исходящий вызов запрещен.'
00:08.680006-0,EXCP,0,process=rphost,OSThread=156,Exception=96380a22-60f7-4a8b-8fca-1224e6bc518f,Descr='src\rserver\src\rmngrcalls.cpp(951):
96380a22-60f7-4a8b-8fca-1224e6bc518f: onFinishConnection'
00:08.680007-0,EXCP,1,process=rphost,p:processName=bi_bk3wk1_prod_01,OSThread=2088,t:clientID=2507,t:applicationName=WebServerExtension,t:computerName=DC2CISWEB01,t:connectID=13242,Exception=dd149677-3d47-4e05-a55f-4e75b13a441f,Descr='src\rserver\src\rmngrcalls.cpp(739):
dd149677-3d47-4e05-a55f-4e75b13a441f: Процесс завершается. Исходящий вызов запрещен.'
00:08.680008-0,EXCP,1,process=rphost,p:processName=bi_bk3wk1_prod_01,OSThread=2088,t:clientID=2507,t:applicationName=WebServerExtension,t:computerName=DC2CISWEB01,t:connectID=13242,Exception=dd149677-3d47-4e05-a55f-4e75b13a441f,Descr='src\rserver\src\rmngrcalls.cpp(739):
dd149677-3d47-4e05-a55f-4e75b13a441f: Процесс завершается. Исходящий вызов запрещен.'
00:08.680009-0,EXCP,1,process=rphost,p:processName=bi_bk3wk1_prod_01,OSThread=2088,t:clientID=2507,t:applicationName=WebServerExtension,t:computerName=DC2CISWEB01,t:connectID=13242,Exception=96380a22-60f7-4a8b-8fca-1224e6bc518f,Descr='src\rserver\src\rmngrcalls.cpp(951):
96380a22-60f7-4a8b-8fca-1224e6bc518f: onFinishIBConnection'
00:08.680010-0,EXCP,1,process=rphost,p:processName=bi_bk3wk1_prod_01,OSThread=2088,t:clientID=2507,t:applicationName=WebServerExtension,t:computerName=DC2CISWEB01,t:connectID=13242,Exception=dd149677-3d47-4e05-a55f-4e75b13a441f,Descr='src\rserver\src\rmngrcalls.cpp(586):
dd149677-3d47-4e05-a55f-4e75b13a441f: Процесс завершается. Исходящий вызов запрещен.'
00:08.805000-0,EXCP,0,process=rphost,OSThread=204,Exception=dd149677-3d47-4e05-a55f-4e75b13a441f,Descr='src\rserver\src\rmngrcalls.cpp(586):
dd149677-3d47-4e05-a55f-4e75b13a441f: Процесс завершается. Исходящий вызов запрещен.'
00:08.805001-0,EXCP,0,process=rphost,OSThread=204,Exception=dd149677-3d47-4e05-a55f-4e75b13a441f,Descr='src\rserver\src\clusterdistribimpl.cpp(2624):
dd149677-3d47-4e05-a55f-4e75b13a441f: Процесс завершается. Исходящий вызов запрещен.'
00:08.805002-0,EXCP,0,process=rphost,OSThread=204,Exception=dd149677-3d47-4e05-a55f-4e75b13a441f,Descr='src\rserver\src\rmngrcalls.cpp(586):
dd149677-3d47-4e05-a55f-4e75b13a441f: Процесс завершается. Исходящий вызов запрещен.'
00:08.883000-0,EXCP,1,process=rphost,p:processName=bi_bk3wk1_prod_01,OSThread=2088,t:clientID=2507,t:applicationName=WebServerExtension,t:computerName=DC2CISWEB01,t:connectID=13242,Exception=dd149677-3d47-4e05-a55f-4e75b13a441f,Descr='src\rserver\src\rmngrcalls.cpp(586):
dd149677-3d47-4e05-a55f-4e75b13a441f: Процесс завершается. Исходящий вызов запрещен.'
00:08.883002-0,EXCP,0,process=rphost,OSThread=156,Exception=dd149677-3d47-4e05-a55f-4e75b13a441f,Descr='src\rserver\src\rmngrcalls.cpp(586):
dd149677-3d47-4e05-a55f-4e75b13a441f: Процесс завершается. Исходящий вызов запрещен.'
00:08.883003-0,EXCP,1,process=rphost,p:processName=bi_bk3wk1_prod_01,OSThread=2088,t:clientID=2777,t:applicationName=1CV8C,t:computerName=DC2RDSH19,t:connectID=13969,Exception=dd149677-3d47-4e05-a55f-4e75b13a441f,Descr='src\rserver\src\rmngrcalls.cpp(586):
dd149677-3d47-4e05-a55f-4e75b13a441f: Процесс завершается. Исходящий вызов запрещен.'
00:09.008000-0,EXCP,0,process=rphost,OSThread=204,Exception=dd149677-3d47-4e05-a55f-4e75b13a441f,Descr='src\rserver\src\rmngrcalls.cpp(586):
dd149677-3d47-4e05-a55f-4e75b13a441f: Процесс завершается. Исходящий вызов запрещен.'
00:09.008001-0,EXCP,0,process=rphost,OSThread=204,Exception=dd149677-3d47-4e05-a55f-4e75b13a441f,Descr='src\rserver\src\clusterdistribimpl.cpp(2624):
dd149677-3d47-4e05-a55f-4e75b13a441f: Процесс завершается. Исходящий вызов запрещен.'
00:09.008002-0,EXCP,0,process=rphost,OSThread=204,Exception=dd149677-3d47-4e05-a55f-4e75b13a441f,Descr='src\rserver\src\rmngrcalls.cpp(586):
dd149677-3d47-4e05-a55f-4e75b13a441f: Процесс завершается. Исходящий вызов запрещен.'
00:09.086001-0,EXCP,0,process=rphost,OSThread=156,Exception=dd149677-3d47-4e05-a55f-4e75b13a441f,Descr='src\rserver\src\rmngrcalls.cpp(586):
dd149677-3d47-4e05-a55f-4e75b13a441f: Процесс завершается. Исходящий вызов запрещен.'
00:09.086000-0,EXCP,1,process=rphost,p:processName=bi_bk3wk1_prod_01,OSThread=2088,t:clientID=2777,t:applicationName=1CV8C,t:computerName=DC2RDSH19,t:connectID=13969,Exception=dd149677-3d47-4e05-a55f-4e75b13a441f,Descr='src\rserver\src\rmngrcalls.cpp(586):
dd149677-3d47-4e05-a55f-4e75b13a441f: Процесс завершается. Исходящий вызов запрещен.'
00:09.086002-0,EXCP,0,process=rphost,OSThread=156,Exception=dd149677-3d47-4e05-a55f-4e75b13a441f,Descr='src\rserver\src\rhostimpl.cpp(6261):
dd149677-3d47-4e05-a55f-4e75b13a441f: Процесс завершается. Исходящий вызов запрещен.'
00:09.086003-0,EXCP,1,process=rphost,p:processName=bi_bk3wk1_prod_01,OSThread=2088,t:clientID=2777,t:applicationName=1CV8C,t:computerName=DC2RDSH19,t:connectID=13969,Exception=dd149677-3d47-4e05-a55f-4e75b13a441f,Descr='src\rserver\src\srvrinfobaseimpl.cpp(1227):
dd149677-3d47-4e05-a55f-4e75b13a441f: Процесс завершается. Исходящий вызов запрещен.'
00:09.086004-0,EXCP,0,process=rphost,OSThread=156,Exception=dd149677-3d47-4e05-a55f-4e75b13a441f,Descr='src\rserver\src\rmngrcalls.cpp(739):
dd149677-3d47-4e05-a55f-4e75b13a441f: Процесс завершается. Исходящий вызов запрещен.'
00:09.086005-0,EXCP,0,process=rphost,OSThread=156,Exception=dd149677-3d47-4e05-a55f-4e75b13a441f,Descr='src\rserver\src\rmngrcalls.cpp(739):
dd149677-3d47-4e05-a55f-4e75b13a441f: Процесс завершается. Исходящий вызов запрещен.'
00:09.086006-0,EXCP,0,process=rphost,OSThread=156,Exception=96380a22-60f7-4a8b-8fca-1224e6bc518f,Descr='src\rserver\src\rmngrcalls.cpp(951):
96380a22-60f7-4a8b-8fca-1224e6bc518f: onFinishConnection'
00:09.086007-0,EXCP,1,process=rphost,p:processName=bi_bk3wk1_prod_01,OSThread=2088,t:clientID=2777,t:applicationName=1CV8C,t:computerName=DC2RDSH19,t:connectID=13969,Exception=dd149677-3d47-4e05-a55f-4e75b13a441f,Descr='src\rserver\src\rmngrcalls.cpp(739):
dd149677-3d47-4e05-a55f-4e75b13a441f: Процесс завершается. Исходящий вызов запрещен.'
00:09.086008-0,EXCP,1,process=rphost,p:processName=bi_bk3wk1_prod_01,OSThread=2088,t:clientID=2777,t:applicationName=1CV8C,t:computerName=DC2RDSH19,t:connectID=13969,Exception=dd149677-3d47-4e05-a55f-4e75b13a441f,Descr='src\rserver\src\rmngrcalls.cpp(739):
dd149677-3d47-4e05-a55f-4e75b13a441f: Процесс завершается. Исходящий вызов запрещен.'
00:09.086009-0,EXCP,1,process=rphost,p:processName=bi_bk3wk1_prod_01,OSThread=2088,t:clientID=2777,t:applicationName=1CV8C,t:computerName=DC2RDSH19,t:connectID=13969,Exception=96380a22-60f7-4a8b-8fca-1224e6bc518f,Descr='src\rserver\src\rmngrcalls.cpp(951):
96380a22-60f7-4a8b-8fca-1224e6bc518f: onFinishIBConnection'
00:09.086010-0,EXCP,1,process=rphost,p:processName=bi_bk3wk1_prod_01,OSThread=2088,t:clientID=2777,t:applicationName=1CV8C,t:computerName=DC2RDSH19,t:connectID=13969,Exception=dd149677-3d47-4e05-a55f-4e75b13a441f,Descr='src\rserver\src\rmngrcalls.cpp(586):
dd149677-3d47-4e05-a55f-4e75b13a441f: Процесс завершается. Исходящий вызов запрещен.'
00:09.211000-0,EXCP,0,process=rphost,OSThread=204,Exception=dd149677-3d47-4e05-a55f-4e75b13a441f,Descr='src\rserver\src\rmngrcalls.cpp(586):
dd149677-3d47-4e05-a55f-4e75b13a441f: Процесс завершается. Исходящий вызов запрещен.'
00:09.211001-0,EXCP,0,process=rphost,OSThread=204,Exception=dd149677-3d47-4e05-a55f-4e75b13a441f,Descr='src\rserver\src\clusterdistribimpl.cpp(2624):
dd149677-3d47-4e05-a55f-4e75b13a441f: Процесс завершается. Исходящий вызов запрещен.'
00:09.211002-0,EXCP,0,process=rphost,OSThread=204,Exception=dd149677-3d47-4e05-a55f-4e75b13a441f,Descr='src\rserver\src\rmngrcalls.cpp(586):
dd149677-3d47-4e05-a55f-4e75b13a441f: Процесс завершается. Исходящий вызов запрещен.'
00:09.289000-0,EXCP,1,process=rphost,p:processName=bi_bk3wk1_prod_01,OSThread=2088,t:clientID=2777,t:applicationName=1CV8C,t:computerName=DC2RDSH19,t:connectID=13969,Exception=dd149677-3d47-4e05-a55f-4e75b13a441f,Descr='src\rserver\src\rmngrcalls.cpp(586):
dd149677-3d47-4e05-a55f-4e75b13a441f: Процесс завершается. Исходящий вызов запрещен.'
00:09.289002-0,EXCP,0,process=rphost,OSThread=156,Exception=dd149677-3d47-4e05-a55f-4e75b13a441f,Descr='src\rserver\src\rmngrcalls.cpp(586):
dd149677-3d47-4e05-a55f-4e75b13a441f: Процесс завершается. Исходящий вызов запрещен.'
00:09.414000-0,EXCP,0,process=rphost,OSThread=204,Exception=dd149677-3d47-4e05-a55f-4e75b13a441f,Descr='src\rserver\src\rmngrcalls.cpp(586):
dd149677-3d47-4e05-a55f-4e75b13a441f: Процесс завершается. Исходящий вызов запрещен.'
00:09.414001-0,EXCP,0,process=rphost,OSThread=204,Exception=dd149677-3d47-4e05-a55f-4e75b13a441f,Descr='src\rserver\src\clusterdistribimpl.cpp(2624):
dd149677-3d47-4e05-a55f-4e75b13a441f: Процесс завершается. Исходящий вызов запрещен.'
00:09.414002-0,EXCP,0,process=rphost,OSThread=204,Exception=dd149677-3d47-4e05-a55f-4e75b13a441f,Descr='src\rserver\src\rmngrcalls.cpp(586):
dd149677-3d47-4e05-a55f-4e75b13a441f: Процесс завершается. Исходящий вызов запрещен.'
00:09.492000-0,EXCP,0,process=rphost,OSThread=156,Exception=dd149677-3d47-4e05-a55f-4e75b13a441f,Descr='src\rserver\src\rmngrcalls.cpp(586):
dd149677-3d47-4e05-a55f-4e75b13a441f: Процесс завершается. Исходящий вызов запрещен.'
00:09.492001-0,EXCP,0,process=rphost,OSThread=156,Exception=dd149677-3d47-4e05-a55f-4e75b13a441f,Descr='src\rserver\src\rhostimpl.cpp(6261):
dd149677-3d47-4e05-a55f-4e75b13a441f: Процесс завершается. Исходящий вызов запрещен.'
00:09.492002-0,EXCP,0,process=rphost,OSThread=156,Exception=dd149677-3d47-4e05-a55f-4e75b13a441f,Descr='src\rserver\src\rmngrcalls.cpp(739):
dd149677-3d47-4e05-a55f-4e75b13a441f: Процесс завершается. Исходящий вызов запрещен.'
00:09.492003-0,EXCP,0,process=rphost,OSThread=156,Exception=dd149677-3d47-4e05-a55f-4e75b13a441f,Descr='src\rserver\src\rmngrcalls.cpp(739):
dd149677-3d47-4e05-a55f-4e75b13a441f: Процесс завершается. Исходящий вызов запрещен.'
00:09.492004-0,EXCP,0,process=rphost,OSThread=156,Exception=96380a22-60f7-4a8b-8fca-1224e6bc518f,Descr='src\rserver\src\rmngrcalls.cpp(951):
96380a22-60f7-4a8b-8fca-1224e6bc518f: onFinishConnection'
00:09.617000-0,EXCP,0,process=rphost,OSThread=204,Exception=dd149677-3d47-4e05-a55f-4e75b13a441f,Descr='src\rserver\src\rmngrcalls.cpp(586):
dd149677-3d47-4e05-a55f-4e75b13a441f: Процесс завершается. Исходящий вызов запрещен.'
00:09.617001-0,EXCP,0,process=rphost,OSThread=204,Exception=dd149677-3d47-4e05-a55f-4e75b13a441f,Descr='src\rserver\src\clusterdistribimpl.cpp(2624):
dd149677-3d47-4e05-a55f-4e75b13a441f: Процесс завершается. Исходящий вызов запрещен.'
00:09.617002-0,EXCP,0,process=rphost,OSThread=204,Exception=dd149677-3d47-4e05-a55f-4e75b13a441f,Descr='src\rserver\src\rmngrcalls.cpp(586):
dd149677-3d47-4e05-a55f-4e75b13a441f: Процесс завершается. Исходящий вызов запрещен.'
00:09.821000-0,EXCP,0,process=rphost,OSThread=204,Exception=dd149677-3d47-4e05-a55f-4e75b13a441f,Descr='src\rserver\src\rmngrcalls.cpp(586):
dd149677-3d47-4e05-a55f-4e75b13a441f: Процесс завершается. Исходящий вызов запрещен.'
00:09.821001-0,EXCP,0,process=rphost,OSThread=204,Exception=dd149677-3d47-4e05-a55f-4e75b13a441f,Descr='src\rserver\src\clusterdistribimpl.cpp(2624):
dd149677-3d47-4e05-a55f-4e75b13a441f: Процесс завершается. Исходящий вызов запрещен.'
00:09.821002-0,EXCP,0,process=rphost,OSThread=204,Exception=dd149677-3d47-4e05-a55f-4e75b13a441f,Descr='src\rserver\src\rmngrcalls.cpp(586):
dd149677-3d47-4e05-a55f-4e75b13a441f: Процесс завершается. Исходящий вызов запрещен.'
00:10.024001-0,EXCP,0,process=rphost,OSThread=204,Exception=dd149677-3d47-4e05-a55f-4e75b13a441f,Descr='src\rserver\src\rmngrcalls.cpp(586):
dd149677-3d47-4e05-a55f-4e75b13a441f: Процесс завершается. Исходящий вызов запрещен.'
00:10.024002-0,EXCP,0,process=rphost,OSThread=204,Exception=dd149677-3d47-4e05-a55f-4e75b13a441f,Descr='src\rserver\src\clusterdistribimpl.cpp(2624):
dd149677-3d47-4e05-a55f-4e75b13a441f: Процесс завершается. Исходящий вызов запрещен.'
00:10.024003-0,EXCP,0,process=rphost,OSThread=204,Exception=dd149677-3d47-4e05-a55f-4e75b13a441f,Descr='src\rserver\src\rmngrcalls.cpp(586):
dd149677-3d47-4e05-a55f-4e75b13a441f: Процесс завершается. Исходящий вызов запрещен.'
00:10.227000-0,EXCP,0,process=rphost,OSThread=204,Exception=dd149677-3d47-4e05-a55f-4e75b13a441f,Descr='src\rserver\src\rmngrcalls.cpp(586):
dd149677-3d47-4e05-a55f-4e75b13a441f: Процесс завершается. Исходящий вызов запрещен.'
00:10.227001-0,EXCP,0,process=rphost,OSThread=204,Exception=dd149677-3d47-4e05-a55f-4e75b13a441f,Descr='src\rserver\src\clusterdistribimpl.cpp(2624):
dd149677-3d47-4e05-a55f-4e75b13a441f: Процесс завершается. Исходящий вызов запрещен.'
00:10.227002-0,EXCP,0,process=rphost,OSThread=204,Exception=dd149677-3d47-4e05-a55f-4e75b13a441f,Descr='src\rserver\src\rmngrcalls.cpp(586):
dd149677-3d47-4e05-a55f-4e75b13a441f: Процесс завершается. Исходящий вызов запрещен.'
00:10.430000-0,EXCP,0,process=rphost,OSThread=204,Exception=dd149677-3d47-4e05-a55f-4e75b13a441f,Descr='src\rserver\src\rmngrcalls.cpp(586):
dd149677-3d47-4e05-a55f-4e75b13a441f: Процесс завершается. Исходящий вызов запрещен.'
00:10.430001-0,EXCP,0,process=rphost,OSThread=204,Exception=dd149677-3d47-4e05-a55f-4e75b13a441f,Descr='src\rserver\src\clusterdistribimpl.cpp(2624):
dd149677-3d47-4e05-a55f-4e75b13a441f: Процесс завершается. Исходящий вызов запрещен.'
00:10.430002-0,EXCP,0,process=rphost,OSThread=204,Exception=dd149677-3d47-4e05-a55f-4e75b13a441f,Descr='src\rserver\src\rmngrcalls.cpp(586):
dd149677-3d47-4e05-a55f-4e75b13a441f: Процесс завершается. Исходящий вызов запрещен.'
00:10.633000-0,EXCP,0,process=rphost,OSThread=204,Exception=dd149677-3d47-4e05-a55f-4e75b13a441f,Descr='src\rserver\src\rmngrcalls.cpp(586):
dd149677-3d47-4e05-a55f-4e75b13a441f: Процесс завершается. Исходящий вызов запрещен.'
00:10.633001-0,EXCP,0,process=rphost,OSThread=204,Exception=dd149677-3d47-4e05-a55f-4e75b13a441f,Descr='src\rserver\src\clusterdistribimpl.cpp(2624):
dd149677-3d47-4e05-a55f-4e75b13a441f: Процесс завершается. Исходящий вызов запрещен.'
00:10.633002-0,EXCP,0,process=rphost,OSThread=204,Exception=dd149677-3d47-4e05-a55f-4e75b13a441f,Descr='src\rserver\src\rmngrcalls.cpp(586):
dd149677-3d47-4e05-a55f-4e75b13a441f: Процесс завершается. Исходящий вызов запрещен.'
00:10.836000-0,EXCP,0,process=rphost,OSThread=204,Exception=dd149677-3d47-4e05-a55f-4e75b13a441f,Descr='src\rserver\src\rmngrcalls.cpp(586):
dd149677-3d47-4e05-a55f-4e75b13a441f: Процесс завершается. Исходящий вызов запрещен.'
00:10.836001-0,EXCP,0,process=rphost,OSThread=204,Exception=dd149677-3d47-4e05-a55f-4e75b13a441f,Descr='src\rserver\src\clusterdistribimpl.cpp(2624):
dd149677-3d47-4e05-a55f-4e75b13a441f: Процесс завершается. Исходящий вызов запрещен.'
00:10.836002-0,EXCP,0,process=rphost,OSThread=204,Exception=dd149677-3d47-4e05-a55f-4e75b13a441f,Descr='src\rserver\src\rmngrcalls.cpp(586):
dd149677-3d47-4e05-a55f-4e75b13a441f: Процесс завершается. Исходящий вызов запрещен.'
00:11.039000-0,EXCP,0,process=rphost,OSThread=204,Exception=dd149677-3d47-4e05-a55f-4e75b13a441f,Descr='src\rserver\src\rmngrcalls.cpp(586):
dd149677-3d47-4e05-a55f-4e75b13a441f: Процесс завершается. Исходящий вызов запрещен.'
00:11.039001-0,EXCP,0,process=rphost,OSThread=204,Exception=dd149677-3d47-4e05-a55f-4e75b13a441f,Descr='src\rserver\src\clusterdistribimpl.cpp(2624):
dd149677-3d47-4e05-a55f-4e75b13a441f: Процесс завершается. Исходящий вызов запрещен.'
00:11.039002-0,EXCP,0,process=rphost,OSThread=204,Exception=dd149677-3d47-4e05-a55f-4e75b13a441f,Descr='src\rserver\src\rmngrcalls.cpp(586):
dd149677-3d47-4e05-a55f-4e75b13a441f: Процесс завершается. Исходящий вызов запрещен.'
00:11.242000-0,EXCP,0,process=rphost,OSThread=204,Exception=dd149677-3d47-4e05-a55f-4e75b13a441f,Descr='src\rserver\src\rmngrcalls.cpp(586):
dd149677-3d47-4e05-a55f-4e75b13a441f: Процесс завершается. Исходящий вызов запрещен.'
00:11.242001-0,EXCP,0,process=rphost,OSThread=204,Exception=dd149677-3d47-4e05-a55f-4e75b13a441f,Descr='src\rserver\src\clusterdistribimpl.cpp(2624):
dd149677-3d47-4e05-a55f-4e75b13a441f: Процесс завершается. Исходящий вызов запрещен.'
00:11.242002-0,EXCP,0,process=rphost,OSThread=204,Exception=dd149677-3d47-4e05-a55f-4e75b13a441f,Descr='src\rserver\src\rmngrcalls.cpp(586):
dd149677-3d47-4e05-a55f-4e75b13a441f: Процесс завершается. Исходящий вызов запрещен.'
00:11.446000-0,EXCP,0,process=rphost,OSThread=204,Exception=dd149677-3d47-4e05-a55f-4e75b13a441f,Descr='src\rserver\src\rmngrcalls.cpp(586):
dd149677-3d47-4e05-a55f-4e75b13a441f: Процесс завершается. Исходящий вызов запрещен.'
00:11.446001-0,EXCP,0,process=rphost,OSThread=204,Exception=dd149677-3d47-4e05-a55f-4e75b13a441f,Descr='src\rserver\src\clusterdistribimpl.cpp(2624):
dd149677-3d47-4e05-a55f-4e75b13a441f: Процесс завершается. Исходящий вызов запрещен.'
00:11.446002-0,EXCP,0,process=rphost,OSThread=204,Exception=dd149677-3d47-4e05-a55f-4e75b13a441f,Descr='src\rserver\src\rmngrcalls.cpp(586):
dd149677-3d47-4e05-a55f-4e75b13a441f: Процесс завершается. Исходящий вызов запрещен.'
00:11.649001-0,EXCP,0,process=rphost,OSThread=204,Exception=dd149677-3d47-4e05-a55f-4e75b13a441f,Descr='src\rserver\src\rmngrcalls.cpp(586):
dd149677-3d47-4e05-a55f-4e75b13a441f: Процесс завершается. Исходящий вызов запрещен.'
00:11.649002-0,EXCP,0,process=rphost,OSThread=204,Exception=dd149677-3d47-4e05-a55f-4e75b13a441f,Descr='src\rserver\src\clusterdistribimpl.cpp(2624):
dd149677-3d47-4e05-a55f-4e75b13a441f: Процесс завершается. Исходящий вызов запрещен.'
00:11.649003-0,EXCP,0,process=rphost,OSThread=204,Exception=dd149677-3d47-4e05-a55f-4e75b13a441f,Descr='src\rserver\src\rmngrcalls.cpp(586):
dd149677-3d47-4e05-a55f-4e75b13a441f: Процесс завершается. Исходящий вызов запрещен.'
00:11.852000-0,EXCP,0,process=rphost,OSThread=204,Exception=dd149677-3d47-4e05-a55f-4e75b13a441f,Descr='src\rserver\src\rmngrcalls.cpp(586):
dd149677-3d47-4e05-a55f-4e75b13a441f: Процесс завершается. Исходящий вызов запрещен.'
00:11.852001-0,EXCP,0,process=rphost,OSThread=204,Exception=dd149677-3d47-4e05-a55f-4e75b13a441f,Descr='src\rserver\src\clusterdistribimpl.cpp(2624):
dd149677-3d47-4e05-a55f-4e75b13a441f: Процесс завершается. Исходящий вызов запрещен.'
00:11.852002-0,EXCP,0,process=rphost,OSThread=204,Exception=dd149677-3d47-4e05-a55f-4e75b13a441f,Descr='src\rserver\src\rmngrcalls.cpp(586):
dd149677-3d47-4e05-a55f-4e75b13a441f: Процесс завершается. Исходящий вызов запрещен.'
00:12.055000-0,EXCP,0,process=rphost,OSThread=204,Exception=dd149677-3d47-4e05-a55f-4e75b13a441f,Descr='src\rserver\src\rmngrcalls.cpp(586):
dd149677-3d47-4e05-a55f-4e75b13a441f: Процесс завершается. Исходящий вызов запрещен.'
00:12.055001-0,EXCP,0,process=rphost,OSThread=204,Exception=dd149677-3d47-4e05-a55f-4e75b13a441f,Descr='src\rserver\src\clusterdistribimpl.cpp(2624):
dd149677-3d47-4e05-a55f-4e75b13a441f: Процесс завершается. Исходящий вызов запрещен.'
00:12.055002-0,EXCP,0,process=rphost,OSThread=204,Exception=dd149677-3d47-4e05-a55f-4e75b13a441f,Descr='src\rserver\src\rmngrcalls.cpp(586):
dd149677-3d47-4e05-a55f-4e75b13a441f: Процесс завершается. Исходящий вызов запрещен.'
00:12.258000-0,EXCP,0,process=rphost,OSThread=204,Exception=dd149677-3d47-4e05-a55f-4e75b13a441f,Descr='src\rserver\src\rmngrcalls.cpp(586):
dd149677-3d47-4e05-a55f-4e75b13a441f: Процесс завершается. Исходящий вызов запрещен.'
00:12.258001-0,EXCP,0,process=rphost,OSThread=204,Exception=dd149677-3d47-4e05-a55f-4e75b13a441f,Descr='src\rserver\src\clusterdistribimpl.cpp(2624):
dd149677-3d47-4e05-a55f-4e75b13a441f: Процесс завершается. Исходящий вызов запрещен.'
00:12.258002-0,EXCP,0,process=rphost,OSThread=204,Exception=dd149677-3d47-4e05-a55f-4e75b13a441f,Descr='src\rserver\src\rmngrcalls.cpp(586):
dd149677-3d47-4e05-a55f-4e75b13a441f: Процесс завершается. Исходящий вызов запрещен.'
00:12.461000-0,EXCP,0,process=rphost,OSThread=204,Exception=dd149677-3d47-4e05-a55f-4e75b13a441f,Descr='src\rserver\src\rmngrcalls.cpp(586):
dd149677-3d47-4e05-a55f-4e75b13a441f: Процесс завершается. Исходящий вызов запрещен.'
00:12.461001-0,EXCP,0,process=rphost,OSThread=204,Exception=dd149677-3d47-4e05-a55f-4e75b13a441f,Descr='src\rserver\src\clusterdistribimpl.cpp(2624):
dd149677-3d47-4e05-a55f-4e75b13a441f: Процесс завершается. Исходящий вызов запрещен.'
00:12.461002-0,EXCP,0,process=rphost,OSThread=204,Exception=dd149677-3d47-4e05-a55f-4e75b13a441f,Descr='src\rserver\src\rmngrcalls.cpp(586):
dd149677-3d47-4e05-a55f-4e75b13a441f: Процесс завершается. Исходящий вызов запрещен.'
00:12.664000-0,EXCP,0,process=rphost,OSThread=204,Exception=dd149677-3d47-4e05-a55f-4e75b13a441f,Descr='src\rserver\src\rmngrcalls.cpp(586):
dd149677-3d47-4e05-a55f-4e75b13a441f: Процесс завершается. Исходящий вызов запрещен.'
00:12.664001-0,EXCP,0,process=rphost,OSThread=204,Exception=dd149677-3d47-4e05-a55f-4e75b13a441f,Descr='src\rserver\src\clusterdistribimpl.cpp(2624):
dd149677-3d47-4e05-a55f-4e75b13a441f: Процесс завершается. Исходящий вызов запрещен.'
00:12.664002-0,EXCP,0,process=rphost,OSThread=204,Exception=dd149677-3d47-4e05-a55f-4e75b13a441f,Descr='src\rserver\src\rmngrcalls.cpp(586):
dd149677-3d47-4e05-a55f-4e75b13a441f: Процесс завершается. Исходящий вызов запрещен.'
00:12.867000-0,EXCP,0,process=rphost,OSThread=204,Exception=dd149677-3d47-4e05-a55f-4e75b13a441f,Descr='src\rserver\src\rmngrcalls.cpp(586):
dd149677-3d47-4e05-a55f-4e75b13a441f: Процесс завершается. Исходящий вызов запрещен.'
00:12.867001-0,EXCP,0,process=rphost,OSThread=204,Exception=dd149677-3d47-4e05-a55f-4e75b13a441f,Descr='src\rserver\src\clusterdistribimpl.cpp(2624):
dd149677-3d47-4e05-a55f-4e75b13a441f: Процесс завершается. Исходящий вызов запрещен.'
00:12.867002-0,EXCP,0,process=rphost,OSThread=204,Exception=dd149677-3d47-4e05-a55f-4e75b13a441f,Descr='src\rserver\src\rmngrcalls.cpp(586):
dd149677-3d47-4e05-a55f-4e75b13a441f: Процесс завершается. Исходящий вызов запрещен.'
00:13.071000-0,EXCP,0,process=rphost,OSThread=204,Exception=dd149677-3d47-4e05-a55f-4e75b13a441f,Descr='src\rserver\src\rmngrcalls.cpp(586):
dd149677-3d47-4e05-a55f-4e75b13a441f: Процесс завершается. Исходящий вызов запрещен.'
00:13.071001-0,EXCP,0,process=rphost,OSThread=204,Exception=dd149677-3d47-4e05-a55f-4e75b13a441f,Descr='src\rserver\src\clusterdistribimpl.cpp(2624):
dd149677-3d47-4e05-a55f-4e75b13a441f: Процесс завершается. Исходящий вызов запрещен.'
00:13.071002-0,EXCP,0,process=rphost,OSThread=204,Exception=dd149677-3d47-4e05-a55f-4e75b13a441f,Descr='src\rserver\src\rmngrcalls.cpp(586):
dd149677-3d47-4e05-a55f-4e75b13a441f: Процесс завершается. Исходящий вызов запрещен.'
00:13.242002-0,EXCP,0,process=rphost,OSThread=4720,Exception=dd149677-3d47-4e05-a55f-4e75b13a441f,Descr='src\rtrsrvc\src\remoteinterfaceimpl.cpp(736):
dd149677-3d47-4e05-a55f-4e75b13a441f: Процесс завершается. Исходящий вызов запрещен.'
00:13.274000-0,EXCP,0,process=rphost,OSThread=204,Exception=dd149677-3d47-4e05-a55f-4e75b13a441f,Descr='src\rserver\src\rmngrcalls.cpp(586):
dd149677-3d47-4e05-a55f-4e75b13a441f: Процесс завершается. Исходящий вызов запрещен.'
00:13.274001-0,EXCP,0,process=rphost,OSThread=204,Exception=dd149677-3d47-4e05-a55f-4e75b13a441f,Descr='src\rserver\src\clusterdistribimpl.cpp(2624):
dd149677-3d47-4e05-a55f-4e75b13a441f: Процесс завершается. Исходящий вызов запрещен.'
00:13.274002-0,EXCP,0,process=rphost,OSThread=204,Exception=dd149677-3d47-4e05-a55f-4e75b13a441f,Descr='src\rserver\src\rmngrcalls.cpp(586):
dd149677-3d47-4e05-a55f-4e75b13a441f: Процесс завершается. Исходящий вызов запрещен.'
00:13.477000-0,EXCP,0,process=rphost,OSThread=204,Exception=dd149677-3d47-4e05-a55f-4e75b13a441f,Descr='src\rserver\src\rmngrcalls.cpp(586):
dd149677-3d47-4e05-a55f-4e75b13a441f: Процесс завершается. Исходящий вызов запрещен.'
00:13.477001-0,EXCP,0,process=rphost,OSThread=204,Exception=dd149677-3d47-4e05-a55f-4e75b13a441f,Descr='src\rserver\src\clusterdistribimpl.cpp(2624):
dd149677-3d47-4e05-a55f-4e75b13a441f: Процесс завершается. Исходящий вызов запрещен.'
00:13.477002-0,EXCP,0,process=rphost,OSThread=204,Exception=dd149677-3d47-4e05-a55f-4e75b13a441f,Descr='src\rserver\src\rmngrcalls.cpp(586):
dd149677-3d47-4e05-a55f-4e75b13a441f: Процесс завершается. Исходящий вызов запрещен.'
00:13.680000-0,EXCP,0,process=rphost,OSThread=204,Exception=dd149677-3d47-4e05-a55f-4e75b13a441f,Descr='src\rserver\src\rmngrcalls.cpp(586):
dd149677-3d47-4e05-a55f-4e75b13a441f: Процесс завершается. Исходящий вызов запрещен.'
00:13.680001-0,EXCP,0,process=rphost,OSThread=204,Exception=dd149677-3d47-4e05-a55f-4e75b13a441f,Descr='src\rserver\src\clusterdistribimpl.cpp(2624):
dd149677-3d47-4e05-a55f-4e75b13a441f: Процесс завершается. Исходящий вызов запрещен.'
00:13.680002-0,EXCP,0,process=rphost,OSThread=204,Exception=dd149677-3d47-4e05-a55f-4e75b13a441f,Descr='src\rserver\src\rmngrcalls.cpp(586):
dd149677-3d47-4e05-a55f-4e75b13a441f: Процесс завершается. Исходящий вызов запрещен.'
00:13.883000-0,EXCP,0,process=rphost,OSThread=204,Exception=dd149677-3d47-4e05-a55f-4e75b13a441f,Descr='src\rserver\src\rmngrcalls.cpp(586):
dd149677-3d47-4e05-a55f-4e75b13a441f: Процесс завершается. Исходящий вызов запрещен.'
00:13.883001-0,EXCP,0,process=rphost,OSThread=204,Exception=dd149677-3d47-4e05-a55f-4e75b13a441f,Descr='src\rserver\src\clusterdistribimpl.cpp(2624):
dd149677-3d47-4e05-a55f-4e75b13a441f: Процесс завершается. Исходящий вызов запрещен.'
00:13.883002-0,EXCP,0,process=rphost,OSThread=204,Exception=dd149677-3d47-4e05-a55f-4e75b13a441f,Descr='src\rserver\src\rmngrcalls.cpp(586):
dd149677-3d47-4e05-a55f-4e75b13a441f: Процесс завершается. Исходящий вызов запрещен.'
00:14.086000-0,EXCP,0,process=rphost,OSThread=204,Exception=dd149677-3d47-4e05-a55f-4e75b13a441f,Descr='src\rserver\src\rmngrcalls.cpp(586):
dd149677-3d47-4e05-a55f-4e75b13a441f: Процесс завершается. Исходящий вызов запрещен.'
00:14.086001-0,EXCP,0,process=rphost,OSThread=204,Exception=dd149677-3d47-4e05-a55f-4e75b13a441f,Descr='src\rserver\src\clusterdistribimpl.cpp(2624):
dd149677-3d47-4e05-a55f-4e75b13a441f: Процесс завершается. Исходящий вызов запрещен.'
00:14.086002-0,EXCP,0,process=rphost,OSThread=204,Exception=dd149677-3d47-4e05-a55f-4e75b13a441f,Descr='src\rserver\src\rmngrcalls.cpp(586):
dd149677-3d47-4e05-a55f-4e75b13a441f: Процесс завершается. Исходящий вызов запрещен.'
00:14.164000-0,EXCP,1,process=rphost,p:processName=bi_bk3wk1_prod_01,OSThread=2088,t:clientID=2855,t:applicationName=1CV8C,t:computerName=DC3RDSH11,t:connectID=14173,Exception=dd149677-3d47-4e05-a55f-4e75b13a441f,Descr='src\rserver\src\rmngrcalls.cpp(586):
dd149677-3d47-4e05-a55f-4e75b13a441f: Процесс завершается. Исходящий вызов запрещен.'
00:14.289000-0,EXCP,0,process=rphost,OSThread=204,Exception=dd149677-3d47-4e05-a55f-4e75b13a441f,Descr='src\rserver\src\rmngrcalls.cpp(586):
dd149677-3d47-4e05-a55f-4e75b13a441f: Процесс завершается. Исходящий вызов запрещен.'
00:14.289001-0,EXCP,0,process=rphost,OSThread=204,Exception=dd149677-3d47-4e05-a55f-4e75b13a441f,Descr='src\rserver\src\clusterdistribimpl.cpp(2624):
dd149677-3d47-4e05-a55f-4e75b13a441f: Процесс завершается. Исходящий вызов запрещен.'
00:14.289002-0,EXCP,0,process=rphost,OSThread=204,Exception=dd149677-3d47-4e05-a55f-4e75b13a441f,Descr='src\rserver\src\rmngrcalls.cpp(586):
dd149677-3d47-4e05-a55f-4e75b13a441f: Процесс завершается. Исходящий вызов запрещен.'
00:14.367000-0,EXCP,1,process=rphost,p:processName=bi_bk3wk1_prod_01,OSThread=2088,t:clientID=2855,t:applicationName=1CV8C,t:computerName=DC3RDSH11,t:connectID=14173,Exception=dd149677-3d47-4e05-a55f-4e75b13a441f,Descr='src\rserver\src\rmngrcalls.cpp(586):
dd149677-3d47-4e05-a55f-4e75b13a441f: Процесс завершается. Исходящий вызов запрещен.'
00:14.367001-0,EXCP,1,process=rphost,p:processName=bi_bk3wk1_prod_01,OSThread=2088,t:clientID=2855,t:applicationName=1CV8C,t:computerName=DC3RDSH11,t:connectID=14173,Exception=dd149677-3d47-4e05-a55f-4e75b13a441f,Descr='src\rserver\src\srvrinfobaseimpl.cpp(1227):
dd149677-3d47-4e05-a55f-4e75b13a441f: Процесс завершается. Исходящий вызов запрещен.'
00:14.414002-0,EXCP,1,process=rphost,p:processName=bi_bk3wk1_prod_01,OSThread=2088,t:clientID=2855,t:applicationName=1CV8C,t:computerName=DC3RDSH11,t:connectID=14173,Exception=dd149677-3d47-4e05-a55f-4e75b13a441f,Descr='src\rserver\src\rmngrcalls.cpp(739):
dd149677-3d47-4e05-a55f-4e75b13a441f: Процесс завершается. Исходящий вызов запрещен.'
00:14.414003-0,EXCP,1,process=rphost,p:processName=bi_bk3wk1_prod_01,OSThread=2088,t:clientID=2855,t:applicationName=1CV8C,t:computerName=DC3RDSH11,t:connectID=14173,Exception=dd149677-3d47-4e05-a55f-4e75b13a441f,Descr='src\rserver\src\rmngrcalls.cpp(739):
dd149677-3d47-4e05-a55f-4e75b13a441f: Процесс завершается. Исходящий вызов запрещен.'
00:14.414004-0,EXCP,1,process=rphost,p:processName=bi_bk3wk1_prod_01,OSThread=2088,t:clientID=2855,t:applicationName=1CV8C,t:computerName=DC3RDSH11,t:connectID=14173,Exception=96380a22-60f7-4a8b-8fca-1224e6bc518f,Descr='src\rserver\src\rmngrcalls.cpp(951):
96380a22-60f7-4a8b-8fca-1224e6bc518f: onFinishIBConnection'
00:14.492000-0,EXCP,0,process=rphost,OSThread=204,Exception=dd149677-3d47-4e05-a55f-4e75b13a441f,Descr='src\rserver\src\rmngrcalls.cpp(586):
dd149677-3d47-4e05-a55f-4e75b13a441f: Процесс завершается. Исходящий вызов запрещен.'
00:14.492001-0,EXCP,0,process=rphost,OSThread=204,Exception=dd149677-3d47-4e05-a55f-4e75b13a441f,Descr='src\rserver\src\clusterdistribimpl.cpp(2624):
dd149677-3d47-4e05-a55f-4e75b13a441f: Процесс завершается. Исходящий вызов запрещен.'
00:14.492002-0,EXCP,0,process=rphost,OSThread=204,Exception=dd149677-3d47-4e05-a55f-4e75b13a441f,Descr='src\rserver\src\rmngrcalls.cpp(586):
dd149677-3d47-4e05-a55f-4e75b13a441f: Процесс завершается. Исходящий вызов запрещен.'
00:14.571000-0,EXCP,1,process=rphost,p:processName=bi_bk3wk1_prod_01,OSThread=2088,t:clientID=2855,t:applicationName=1CV8C,t:computerName=DC3RDSH11,t:connectID=14173,Exception=dd149677-3d47-4e05-a55f-4e75b13a441f,Descr='src\rserver\src\rmngrcalls.cpp(586):
dd149677-3d47-4e05-a55f-4e75b13a441f: Процесс завершается. Исходящий вызов запрещен.'
00:14.696000-0,EXCP,0,process=rphost,OSThread=204,Exception=dd149677-3d47-4e05-a55f-4e75b13a441f,Descr='src\rserver\src\rmngrcalls.cpp(586):
dd149677-3d47-4e05-a55f-4e75b13a441f: Процесс завершается. Исходящий вызов запрещен.'
00:14.696001-0,EXCP,0,process=rphost,OSThread=204,Exception=dd149677-3d47-4e05-a55f-4e75b13a441f,Descr='src\rserver\src\clusterdistribimpl.cpp(2624):
dd149677-3d47-4e05-a55f-4e75b13a441f: Процесс завершается. Исходящий вызов запрещен.'
00:14.696002-0,EXCP,0,process=rphost,OSThread=204,Exception=dd149677-3d47-4e05-a55f-4e75b13a441f,Descr='src\rserver\src\rmngrcalls.cpp(586):
dd149677-3d47-4e05-a55f-4e75b13a441f: Процесс завершается. Исходящий вызов запрещен.'
