20:04.392002-0,PROC,1,process=rphost,OSThread=6500,Err=0,Txt=1C:Enterprise 8.3 (x86-64) (8.3.14.1694) Working Process started. Ctrl+C to exit.
20:05.501026-0,EXCP,4,process=rphost,p:processName=bi_bk3wk1_prod_01,OSThread=9008,t:clientID=7,t:applicationName=BackgroundJob,t:computerName=DC2BUHAPP11,Exception=8f8dade6-0d65-407c-8c6f-d8fda540435e,Descr='src\rserver\src\serverjobexecutor.cpp(1015):
8f8dade6-0d65-407c-8c6f-d8fda540435e: Задание отменено пользователем '
20:16.329025-0,EXCP,3,process=rphost,p:processName=bi_bk3wk1_prod_01,OSThread=4468,t:clientID=17,t:applicationName=BackgroundJob,t:computerName=DC2BUHAPP11,t:connectID=1756,SessionID=844,Usr=Жәкібаева Меруерт Бейбітқызы,Exception=8f8dade6-0d65-407c-8c6f-d8fda540435e,Descr='src\rserver\src\serverjobexecutor.cpp(1015):
8f8dade6-0d65-407c-8c6f-d8fda540435e: Задание отменено пользователем '
20:16.329044-0,EXCP,3,process=rphost,p:processName=bi_bk3wk1_prod_01,OSThread=9308,t:clientID=10,t:applicationName=BackgroundJob,t:computerName=DC2BUHAPP11,t:connectID=1752,SessionID=838,Usr=Жәкібаева Меруерт Бейбітқызы,Exception=8f8dade6-0d65-407c-8c6f-d8fda540435e,Descr='src\rserver\src\serverjobexecutor.cpp(1015):
8f8dade6-0d65-407c-8c6f-d8fda540435e: Задание отменено пользователем '
20:16.329055-0,EXCP,2,process=rphost,p:processName=bi_bk3wk1_prod_01,OSThread=9072,t:clientID=16,t:applicationName=BackgroundJob,t:computerName=DC2BUHAPP11,t:connectID=1755,SessionID=841,Usr=Жәкібаева Меруерт Бейбітқызы,Exception=8f8dade6-0d65-407c-8c6f-d8fda540435e,Descr='src\rserver\src\serverjobexecutor.cpp(1015):
8f8dade6-0d65-407c-8c6f-d8fda540435e: Задание отменено пользователем '
20:16.329061-0,EXCP,2,process=rphost,p:processName=bi_bk3wk1_prod_01,OSThread=6704,t:clientID=14,t:applicationName=BackgroundJob,t:computerName=DC2BUHAPP11,t:connectID=1753,SessionID=840,Usr=Жәкібаева Меруерт Бейбітқызы,Exception=8f8dade6-0d65-407c-8c6f-d8fda540435e,Descr='src\rserver\src\serverjobexecutor.cpp(1015):
8f8dade6-0d65-407c-8c6f-d8fda540435e: Задание отменено пользователем '
20:16.361039-0,EXCP,3,process=rphost,p:processName=bi_bk3wk1_prod_01,OSThread=2576,t:clientID=15,t:applicationName=BackgroundJob,t:computerName=DC2BUHAPP11,t:connectID=1754,SessionID=842,Usr=Жәкібаева Меруерт Бейбітқызы,Exception=8f8dade6-0d65-407c-8c6f-d8fda540435e,Descr='src\rserver\src\serverjobexecutor.cpp(1015):
8f8dade6-0d65-407c-8c6f-d8fda540435e: Задание отменено пользователем '
20:16.533009-0,ADMIN,2,process=rphost,p:processName=ServerJobExecutorContext,OSThread=7632,t:clientID=5,t:applicationName=JobScheduler,t:computerName=DC2BUHAPP11,Func=killClient,ClusterID=8aa94e2b-5d54-4b86-800b-79353ce39638,ConnectionID=31a463ad-0d4a-4ba7-be15-86ae95cd7625,Mode=0,Ref=bi_bk3wk1_prod_01(bi_bk3wk1_prod_01),Host=DC2BUHAPP11,Connection=1758,Administrator=Unknown,Result=Success
20:16.689005-0,ADMIN,2,process=rphost,p:processName=ServerJobExecutorContext,OSThread=7632,t:clientID=5,t:applicationName=JobScheduler,t:computerName=DC2BUHAPP11,Func=killClient,ClusterID=8aa94e2b-5d54-4b86-800b-79353ce39638,ConnectionID=f2f0fbaa-a72f-40bf-9551-c85920e006f3,Mode=0,Ref=bi_bk3wk1_prod_01(bi_bk3wk1_prod_01),Host=DC2BUHAPP11,Connection=1757,Administrator=Unknown,Result=Success
20:17.111010-0,ADMIN,2,process=rphost,p:processName=ServerJobExecutorContext,OSThread=7632,t:clientID=5,t:applicationName=JobScheduler,t:computerName=DC2BUHAPP11,Func=killClient,ClusterID=8aa94e2b-5d54-4b86-800b-79353ce39638,ConnectionID=692395e6-19be-4bbd-bae2-dc845d4bfcef,Mode=0,Ref=bi_bk3wk1_prod_01(bi_bk3wk1_prod_01),Host=DC2BUHAPP11,Connection=1761,Administrator=Unknown,Result=Success
20:17.204005-0,ADMIN,2,process=rphost,p:processName=ServerJobExecutorContext,OSThread=7632,t:clientID=5,t:applicationName=JobScheduler,t:computerName=DC2BUHAPP11,Func=killClient,ClusterID=8aa94e2b-5d54-4b86-800b-79353ce39638,ConnectionID=7549139c-ce41-4079-96fc-5ed0d27eadb6,Mode=0,Ref=bi_bk3wk1_prod_01(bi_bk3wk1_prod_01),Host=DC2BUHAPP11,Connection=1759,Administrator=Unknown,Result=Success
20:19.236002-0,EXCP,2,process=rphost,p:processName=bi_bk3wk1_prod_01,OSThread=4468,t:clientID=27,t:applicationName=BackgroundJob,t:computerName=DC2BUHAPP11,t:connectID=1761,SessionID=849,Usr=Жәкібаева Меруерт Бейбітқызы,Exception=95c658d1-d3d5-4ea9-8a81-1bf820fea4a8,Descr='src\rscalls\src\remotecalllistenerimpl.cpp(3793):
95c658d1-d3d5-4ea9-8a81-1bf820fea4a8: Сеанс работы завершен администратором.'
20:19.236003-0,EXCP,2,process=rphost,p:processName=bi_bk3wk1_prod_01,OSThread=6276,t:clientID=18,t:applicationName=BackgroundJob,t:computerName=DC2BUHAPP11,t:connectID=1757,SessionID=839,Usr=Жәкібаева Меруерт Бейбітқызы,Exception=95c658d1-d3d5-4ea9-8a81-1bf820fea4a8,Descr='src\rscalls\src\remotecalllistenerimpl.cpp(3793):
95c658d1-d3d5-4ea9-8a81-1bf820fea4a8: Сеанс работы завершен администратором.'
20:19.236006-0,EXCP,2,process=rphost,p:processName=bi_bk3wk1_prod_01,OSThread=6276,t:clientID=18,t:applicationName=BackgroundJob,t:computerName=DC2BUHAPP11,t:connectID=1757,SessionID=839,Usr=Жәкібаева Меруерт Бейбітқызы,Exception=95c658d1-d3d5-4ea9-8a81-1bf820fea4a8,Descr='src\rserver\src\serverjobexecutor.cpp(1024):
95c658d1-d3d5-4ea9-8a81-1bf820fea4a8: Сеанс работы завершен администратором.'
20:19.236005-0,EXCP,2,process=rphost,p:processName=bi_bk3wk1_prod_01,OSThread=4468,t:clientID=27,t:applicationName=BackgroundJob,t:computerName=DC2BUHAPP11,t:connectID=1761,SessionID=849,Usr=Жәкібаева Меруерт Бейбітқызы,Exception=95c658d1-d3d5-4ea9-8a81-1bf820fea4a8,Descr='src\rserver\src\serverjobexecutor.cpp(1024):
95c658d1-d3d5-4ea9-8a81-1bf820fea4a8: Сеанс работы завершен администратором.'
20:19.236013-0,EXCP,3,process=rphost,p:processName=bi_bk3wk1_prod_01,OSThread=8148,t:clientID=19,t:applicationName=BackgroundJob,t:computerName=DC2BUHAPP11,t:connectID=1758,SessionID=843,Usr=Аксанова Танзиля Нуруллаевна,Exception=95c658d1-d3d5-4ea9-8a81-1bf820fea4a8,Descr='src\rscalls\src\remotecalllistenerimpl.cpp(3793):
95c658d1-d3d5-4ea9-8a81-1bf820fea4a8: Сеанс работы завершен администратором.'
20:19.236017-0,EXCP,2,process=rphost,p:processName=bi_bk3wk1_prod_01,OSThread=6988,t:clientID=25,t:applicationName=BackgroundJob,t:computerName=DC2BUHAPP11,t:connectID=1759,SessionID=847,Usr=Аксанова Танзиля Нуруллаевна,Exception=95c658d1-d3d5-4ea9-8a81-1bf820fea4a8,Descr='src\rscalls\src\remotecalllistenerimpl.cpp(3793):
95c658d1-d3d5-4ea9-8a81-1bf820fea4a8: Сеанс работы завершен администратором.'
20:19.236020-0,EXCP,3,process=rphost,p:processName=bi_bk3wk1_prod_01,OSThread=8148,t:clientID=19,t:applicationName=BackgroundJob,t:computerName=DC2BUHAPP11,t:connectID=1758,SessionID=843,Usr=Аксанова Танзиля Нуруллаевна,Exception=95c658d1-d3d5-4ea9-8a81-1bf820fea4a8,Descr='src\rserver\src\serverjobexecutor.cpp(1024):
95c658d1-d3d5-4ea9-8a81-1bf820fea4a8: Сеанс работы завершен администратором.'
20:19.236026-0,EXCP,2,process=rphost,p:processName=bi_bk3wk1_prod_01,OSThread=6988,t:clientID=25,t:applicationName=BackgroundJob,t:computerName=DC2BUHAPP11,t:connectID=1759,SessionID=847,Usr=Аксанова Танзиля Нуруллаевна,Exception=95c658d1-d3d5-4ea9-8a81-1bf820fea4a8,Descr='src\rserver\src\serverjobexecutor.cpp(1024):
95c658d1-d3d5-4ea9-8a81-1bf820fea4a8: Сеанс работы завершен администратором.'
20:19.236031-0,EXCP,3,process=rphost,p:processName=bi_bk3wk1_prod_01,OSThread=4468,t:clientID=27,t:applicationName=BackgroundJob,t:computerName=DC2BUHAPP11,t:connectID=1761,SessionID=849,Usr=Жәкібаева Меруерт Бейбітқызы,Exception=SeanceContextException,Descr='Сеанс отсутствует или удален
ID=3c9c7058-cb85-4963-97b2-1fba298957b7, File=d:\jenkins\ci_builder2\windowsbuild2\platform\src\rserver\src\clusterdistribimpl.cpp(1439)'
20:19.236035-0,EXCP,2,process=rphost,p:processName=bi_bk3wk1_prod_01,OSThread=4468,t:clientID=27,t:applicationName=BackgroundJob,t:computerName=DC2BUHAPP11,t:connectID=1761,SessionID=849,Usr=Жәкібаева Меруерт Бейбітқызы,Exception=60c686dc-798f-4d17-aadb-a90156a16eb8,Descr='src\rserver\src\rmngrcalls.cpp(476):
60c686dc-798f-4d17-aadb-a90156a16eb8: Сеанс отсутствует или удален
ID=3c9c7058-cb85-4963-97b2-1fba298957b7, File=d:\jenkins\ci_builder2\windowsbuild2\platform\src\rserver\src\clusterdistribimpl.cpp(1439)'
20:19.236039-0,EXCP,3,process=rphost,p:processName=bi_bk3wk1_prod_01,OSThread=6276,t:clientID=18,t:applicationName=BackgroundJob,t:computerName=DC2BUHAPP11,t:connectID=1757,SessionID=839,Usr=Жәкібаева Меруерт Бейбітқызы,Exception=SeanceContextException,Descr='Сеанс отсутствует или удален
ID=89fbfeb0-63f3-435e-ac05-8b9673bfc916, File=d:\jenkins\ci_builder2\windowsbuild2\platform\src\rserver\src\clusterdistribimpl.cpp(1439)'
20:19.236042-0,EXCP,2,process=rphost,p:processName=bi_bk3wk1_prod_01,OSThread=6276,t:clientID=18,t:applicationName=BackgroundJob,t:computerName=DC2BUHAPP11,t:connectID=1757,SessionID=839,Usr=Жәкібаева Меруерт Бейбітқызы,Exception=60c686dc-798f-4d17-aadb-a90156a16eb8,Descr='src\rserver\src\rmngrcalls.cpp(476):
60c686dc-798f-4d17-aadb-a90156a16eb8: Сеанс отсутствует или удален
ID=89fbfeb0-63f3-435e-ac05-8b9673bfc916, File=d:\jenkins\ci_builder2\windowsbuild2\platform\src\rserver\src\clusterdistribimpl.cpp(1439)'
20:19.236044-0,EXCP,4,process=rphost,p:processName=bi_bk3wk1_prod_01,OSThread=8148,t:clientID=19,t:applicationName=BackgroundJob,t:computerName=DC2BUHAPP11,t:connectID=1758,SessionID=843,Usr=Аксанова Танзиля Нуруллаевна,Exception=SeanceContextException,Descr='Сеанс отсутствует или удален
ID=3836ef0b-d99d-4844-9eb3-5442f5b72279, File=d:\jenkins\ci_builder2\windowsbuild2\platform\src\rserver\src\clusterdistribimpl.cpp(1439)'
20:19.236046-0,EXCP,3,process=rphost,p:processName=bi_bk3wk1_prod_01,OSThread=8148,t:clientID=19,t:applicationName=BackgroundJob,t:computerName=DC2BUHAPP11,t:connectID=1758,SessionID=843,Usr=Аксанова Танзиля Нуруллаевна,Exception=60c686dc-798f-4d17-aadb-a90156a16eb8,Descr='src\rserver\src\rmngrcalls.cpp(476):
60c686dc-798f-4d17-aadb-a90156a16eb8: Сеанс отсутствует или удален
ID=3836ef0b-d99d-4844-9eb3-5442f5b72279, File=d:\jenkins\ci_builder2\windowsbuild2\platform\src\rserver\src\clusterdistribimpl.cpp(1439)'
20:19.236049-0,EXCP,3,process=rphost,p:processName=bi_bk3wk1_prod_01,OSThread=6988,t:clientID=25,t:applicationName=BackgroundJob,t:computerName=DC2BUHAPP11,t:connectID=1759,SessionID=847,Usr=Аксанова Танзиля Нуруллаевна,Exception=SeanceContextException,Descr='Сеанс отсутствует или удален
ID=d607b3b0-5208-4992-ae02-7139c520b941, File=d:\jenkins\ci_builder2\windowsbuild2\platform\src\rserver\src\clusterdistribimpl.cpp(1439)'
20:19.236051-0,EXCP,2,process=rphost,p:processName=bi_bk3wk1_prod_01,OSThread=6988,t:clientID=25,t:applicationName=BackgroundJob,t:computerName=DC2BUHAPP11,t:connectID=1759,SessionID=847,Usr=Аксанова Танзиля Нуруллаевна,Exception=60c686dc-798f-4d17-aadb-a90156a16eb8,Descr='src\rserver\src\rmngrcalls.cpp(476):
60c686dc-798f-4d17-aadb-a90156a16eb8: Сеанс отсутствует или удален
ID=d607b3b0-5208-4992-ae02-7139c520b941, File=d:\jenkins\ci_builder2\windowsbuild2\platform\src\rserver\src\clusterdistribimpl.cpp(1439)'
20:19.439002-0,EXCP,2,process=rphost,p:processName=bi_bk3wk1_prod_01,OSThread=6276,t:clientID=18,t:applicationName=BackgroundJob,t:computerName=DC2BUHAPP11,t:connectID=1757,SessionID=839,Usr=Жәкібаева Меруерт Бейбітқызы,Exception=SeanceContextException,Descr='Сеанс отсутствует или удален
ID=89fbfeb0-63f3-435e-ac05-8b9673bfc916, File=d:\jenkins\ci_builder2\windowsbuild2\platform\src\rserver\src\rmngrcalls.cpp(364)'
20:19.439003-0,EXCP,2,process=rphost,p:processName=bi_bk3wk1_prod_01,OSThread=4468,t:clientID=27,t:applicationName=BackgroundJob,t:computerName=DC2BUHAPP11,t:connectID=1761,SessionID=849,Usr=Жәкібаева Меруерт Бейбітқызы,Exception=SeanceContextException,Descr='Сеанс отсутствует или удален
ID=3c9c7058-cb85-4963-97b2-1fba298957b7, File=d:\jenkins\ci_builder2\windowsbuild2\platform\src\rserver\src\rmngrcalls.cpp(364)'
20:19.439001-0,EXCP,3,process=rphost,p:processName=bi_bk3wk1_prod_01,OSThread=8148,t:clientID=19,t:applicationName=BackgroundJob,t:computerName=DC2BUHAPP11,t:connectID=1758,SessionID=843,Usr=Аксанова Танзиля Нуруллаевна,Exception=SeanceContextException,Descr='Сеанс отсутствует или удален
ID=3836ef0b-d99d-4844-9eb3-5442f5b72279, File=d:\jenkins\ci_builder2\windowsbuild2\platform\src\rserver\src\rmngrcalls.cpp(364)'
20:19.439000-0,EXCP,2,process=rphost,p:processName=bi_bk3wk1_prod_01,OSThread=6988,t:clientID=25,t:applicationName=BackgroundJob,t:computerName=DC2BUHAPP11,t:connectID=1759,SessionID=847,Usr=Аксанова Танзиля Нуруллаевна,Exception=SeanceContextException,Descr='Сеанс отсутствует или удален
ID=d607b3b0-5208-4992-ae02-7139c520b941, File=d:\jenkins\ci_builder2\windowsbuild2\platform\src\rserver\src\rmngrcalls.cpp(364)'
20:19.439007-0,EXCP,2,process=rphost,p:processName=bi_bk3wk1_prod_01,OSThread=6988,t:clientID=25,t:applicationName=BackgroundJob,t:computerName=DC2BUHAPP11,t:connectID=1759,SessionID=847,Usr=Аксанова Танзиля Нуруллаевна,Exception=60c686dc-798f-4d17-aadb-a90156a16eb8,Descr='src\rserver\src\serverjobexecutor.cpp(1095):
60c686dc-798f-4d17-aadb-a90156a16eb8: Сеанс отсутствует или удален
ID=d607b3b0-5208-4992-ae02-7139c520b941, File=d:\jenkins\ci_builder2\windowsbuild2\platform\src\rserver\src\rmngrcalls.cpp(364)'
20:19.439009-0,EXCP,2,process=rphost,p:processName=bi_bk3wk1_prod_01,OSThread=4468,t:clientID=27,t:applicationName=BackgroundJob,t:computerName=DC2BUHAPP11,t:connectID=1761,SessionID=849,Usr=Жәкібаева Меруерт Бейбітқызы,Exception=60c686dc-798f-4d17-aadb-a90156a16eb8,Descr='src\rserver\src\serverjobexecutor.cpp(1095):
60c686dc-798f-4d17-aadb-a90156a16eb8: Сеанс отсутствует или удален
ID=3c9c7058-cb85-4963-97b2-1fba298957b7, File=d:\jenkins\ci_builder2\windowsbuild2\platform\src\rserver\src\rmngrcalls.cpp(364)'
20:19.439008-0,EXCP,3,process=rphost,p:processName=bi_bk3wk1_prod_01,OSThread=8148,t:clientID=19,t:applicationName=BackgroundJob,t:computerName=DC2BUHAPP11,t:connectID=1758,SessionID=843,Usr=Аксанова Танзиля Нуруллаевна,Exception=60c686dc-798f-4d17-aadb-a90156a16eb8,Descr='src\rserver\src\serverjobexecutor.cpp(1095):
60c686dc-798f-4d17-aadb-a90156a16eb8: Сеанс отсутствует или удален
ID=3836ef0b-d99d-4844-9eb3-5442f5b72279, File=d:\jenkins\ci_builder2\windowsbuild2\platform\src\rserver\src\rmngrcalls.cpp(364)'
20:19.439006-0,EXCP,2,process=rphost,p:processName=bi_bk3wk1_prod_01,OSThread=6276,t:clientID=18,t:applicationName=BackgroundJob,t:computerName=DC2BUHAPP11,t:connectID=1757,SessionID=839,Usr=Жәкібаева Меруерт Бейбітқызы,Exception=60c686dc-798f-4d17-aadb-a90156a16eb8,Descr='src\rserver\src\serverjobexecutor.cpp(1095):
60c686dc-798f-4d17-aadb-a90156a16eb8: Сеанс отсутствует или удален
ID=89fbfeb0-63f3-435e-ac05-8b9673bfc916, File=d:\jenkins\ci_builder2\windowsbuild2\platform\src\rserver\src\rmngrcalls.cpp(364)'
20:19.439018-0,EXCP,4,process=rphost,p:processName=bi_bk3wk1_prod_01,OSThread=8148,t:clientID=19,t:applicationName=BackgroundJob,t:computerName=DC2BUHAPP11,t:connectID=1758,SessionID=843,Usr=Аксанова Танзиля Нуруллаевна,Exception=SeanceContextException,Descr='Сеанс отсутствует или удален
ID=3836ef0b-d99d-4844-9eb3-5442f5b72279, File=d:\jenkins\ci_builder2\windowsbuild2\platform\src\rserver\src\clusterdistribimpl.cpp(1439)'
20:19.439019-0,EXCP,3,process=rphost,p:processName=bi_bk3wk1_prod_01,OSThread=6988,t:clientID=25,t:applicationName=BackgroundJob,t:computerName=DC2BUHAPP11,t:connectID=1759,SessionID=847,Usr=Аксанова Танзиля Нуруллаевна,Exception=SeanceContextException,Descr='Сеанс отсутствует или удален
ID=d607b3b0-5208-4992-ae02-7139c520b941, File=d:\jenkins\ci_builder2\windowsbuild2\platform\src\rserver\src\clusterdistribimpl.cpp(1439)'
20:19.439020-0,EXCP,3,process=rphost,p:processName=bi_bk3wk1_prod_01,OSThread=4468,t:clientID=27,t:applicationName=BackgroundJob,t:computerName=DC2BUHAPP11,t:connectID=1761,SessionID=849,Usr=Жәкібаева Меруерт Бейбітқызы,Exception=SeanceContextException,Descr='Сеанс отсутствует или удален
ID=3c9c7058-cb85-4963-97b2-1fba298957b7, File=d:\jenkins\ci_builder2\windowsbuild2\platform\src\rserver\src\clusterdistribimpl.cpp(1439)'
20:19.439023-0,EXCP,3,process=rphost,p:processName=bi_bk3wk1_prod_01,OSThread=8148,t:clientID=19,t:applicationName=BackgroundJob,t:computerName=DC2BUHAPP11,t:connectID=1758,SessionID=843,Usr=Аксанова Танзиля Нуруллаевна,Exception=60c686dc-798f-4d17-aadb-a90156a16eb8,Descr='src\rserver\src\rmngrcalls.cpp(476):
60c686dc-798f-4d17-aadb-a90156a16eb8: Сеанс отсутствует или удален
ID=3836ef0b-d99d-4844-9eb3-5442f5b72279, File=d:\jenkins\ci_builder2\windowsbuild2\platform\src\rserver\src\clusterdistribimpl.cpp(1439)'
20:19.439025-0,EXCP,2,process=rphost,p:processName=bi_bk3wk1_prod_01,OSThread=6988,t:clientID=25,t:applicationName=BackgroundJob,t:computerName=DC2BUHAPP11,t:connectID=1759,SessionID=847,Usr=Аксанова Танзиля Нуруллаевна,Exception=60c686dc-798f-4d17-aadb-a90156a16eb8,Descr='src\rserver\src\rmngrcalls.cpp(476):
60c686dc-798f-4d17-aadb-a90156a16eb8: Сеанс отсутствует или удален
ID=d607b3b0-5208-4992-ae02-7139c520b941, File=d:\jenkins\ci_builder2\windowsbuild2\platform\src\rserver\src\clusterdistribimpl.cpp(1439)'
20:19.439027-0,EXCP,2,process=rphost,p:processName=bi_bk3wk1_prod_01,OSThread=4468,t:clientID=27,t:applicationName=BackgroundJob,t:computerName=DC2BUHAPP11,t:connectID=1761,SessionID=849,Usr=Жәкібаева Меруерт Бейбітқызы,Exception=60c686dc-798f-4d17-aadb-a90156a16eb8,Descr='src\rserver\src\rmngrcalls.cpp(476):
60c686dc-798f-4d17-aadb-a90156a16eb8: Сеанс отсутствует или удален
ID=3c9c7058-cb85-4963-97b2-1fba298957b7, File=d:\jenkins\ci_builder2\windowsbuild2\platform\src\rserver\src\clusterdistribimpl.cpp(1439)'
20:19.439026-0,EXCP,3,process=rphost,p:processName=bi_bk3wk1_prod_01,OSThread=6276,t:clientID=18,t:applicationName=BackgroundJob,t:computerName=DC2BUHAPP11,t:connectID=1757,SessionID=839,Usr=Жәкібаева Меруерт Бейбітқызы,Exception=SeanceContextException,Descr='Сеанс отсутствует или удален
ID=89fbfeb0-63f3-435e-ac05-8b9673bfc916, File=d:\jenkins\ci_builder2\windowsbuild2\platform\src\rserver\src\clusterdistribimpl.cpp(1439)'
20:19.439029-0,EXCP,2,process=rphost,p:processName=bi_bk3wk1_prod_01,OSThread=6276,t:clientID=18,t:applicationName=BackgroundJob,t:computerName=DC2BUHAPP11,t:connectID=1757,SessionID=839,Usr=Жәкібаева Меруерт Бейбітқызы,Exception=60c686dc-798f-4d17-aadb-a90156a16eb8,Descr='src\rserver\src\rmngrcalls.cpp(476):
60c686dc-798f-4d17-aadb-a90156a16eb8: Сеанс отсутствует или удален
ID=89fbfeb0-63f3-435e-ac05-8b9673bfc916, File=d:\jenkins\ci_builder2\windowsbuild2\platform\src\rserver\src\clusterdistribimpl.cpp(1439)'
20:19.642000-0,EXCP,2,process=rphost,p:processName=bi_bk3wk1_prod_01,OSThread=4468,t:clientID=27,t:applicationName=BackgroundJob,t:computerName=DC2BUHAPP11,t:connectID=1761,SessionID=849,Usr=Жәкібаева Меруерт Бейбітқызы,Exception=SeanceContextException,Descr='Сеанс отсутствует или удален
ID=3c9c7058-cb85-4963-97b2-1fba298957b7, File=d:\jenkins\ci_builder2\windowsbuild2\platform\src\rserver\src\rmngrcalls.cpp(364)'
20:19.642001-0,EXCP,3,process=rphost,p:processName=bi_bk3wk1_prod_01,OSThread=8148,t:clientID=19,t:applicationName=BackgroundJob,t:computerName=DC2BUHAPP11,t:connectID=1758,SessionID=843,Usr=Аксанова Танзиля Нуруллаевна,Exception=SeanceContextException,Descr='Сеанс отсутствует или удален
ID=3836ef0b-d99d-4844-9eb3-5442f5b72279, File=d:\jenkins\ci_builder2\windowsbuild2\platform\src\rserver\src\rmngrcalls.cpp(364)'
20:19.642002-0,EXCP,2,process=rphost,p:processName=bi_bk3wk1_prod_01,OSThread=6276,t:clientID=18,t:applicationName=BackgroundJob,t:computerName=DC2BUHAPP11,t:connectID=1757,SessionID=839,Usr=Жәкібаева Меруерт Бейбітқызы,Exception=SeanceContextException,Descr='Сеанс отсутствует или удален
ID=89fbfeb0-63f3-435e-ac05-8b9673bfc916, File=d:\jenkins\ci_builder2\windowsbuild2\platform\src\rserver\src\rmngrcalls.cpp(364)'
20:19.642003-0,EXCP,2,process=rphost,p:processName=bi_bk3wk1_prod_01,OSThread=6988,t:clientID=25,t:applicationName=BackgroundJob,t:computerName=DC2BUHAPP11,t:connectID=1759,SessionID=847,Usr=Аксанова Танзиля Нуруллаевна,Exception=SeanceContextException,Descr='Сеанс отсутствует или удален
ID=d607b3b0-5208-4992-ae02-7139c520b941, File=d:\jenkins\ci_builder2\windowsbuild2\platform\src\rserver\src\rmngrcalls.cpp(364)'
20:46.798012-0,EXCP,0,process=rphost,OSThread=1020,Exception=acea3e6e-3687-4792-8319-09c009274c9a,Descr='src\rserver\src\rhostimpl.cpp(5997):
acea3e6e-3687-4792-8319-09c009274c9a: Рабочий процесс не найден'
20:47.548000-0,PROC,0,process=rphost,OSThread=8048,Txt='Process terminated.
Stopped on error (working)'
20:47.798000-0,PROC,0,process=rphost,OSThread=9852,Txt='Process terminated.
Stopped on error (working)'
20:47.798012-0,EXCP,0,process=rphost,OSThread=1020,Exception=acea3e6e-3687-4792-8319-09c009274c9a,Descr='src\rserver\src\rhostimpl.cpp(5997):
acea3e6e-3687-4792-8319-09c009274c9a: Рабочий процесс не найден'
20:47.814001-0,EXCP,2,process=rphost,OSThread=6500,Exception=96380a22-60f7-4a8b-8fca-1224e6bc518f,Descr='src\rserver\src\rmngrcalls.cpp(951):
96380a22-60f7-4a8b-8fca-1224e6bc518f: OnFinishRpHost'
20:47.814004-0,EXCP,0,process=rphost,OSThread=7364,Exception=dd149677-3d47-4e05-a55f-4e75b13a441f,Descr='src\rtrsrvc\src\remoteinterfaceimpl.cpp(736):
dd149677-3d47-4e05-a55f-4e75b13a441f: Процесс завершается. Исходящий вызов запрещен.'
20:47.814005-0,EXCP,0,process=rphost,OSThread=7364,Exception=dd149677-3d47-4e05-a55f-4e75b13a441f,Descr='src\rserver\src\rmngrcalls.cpp(543):
dd149677-3d47-4e05-a55f-4e75b13a441f: Процесс завершается. Исходящий вызов запрещен.'
20:47.814006-0,EXCP,0,process=rphost,OSThread=7364,Exception=dd149677-3d47-4e05-a55f-4e75b13a441f,Descr='src\rtrsrvc\src\remoteinterfaceimpl.cpp(736):
dd149677-3d47-4e05-a55f-4e75b13a441f: Процесс завершается. Исходящий вызов запрещен.'
20:47.814007-0,EXCP,0,process=rphost,OSThread=7364,Exception=dd149677-3d47-4e05-a55f-4e75b13a441f,Descr='src\rtrsrvc\src\remoteinterfaceimpl.cpp(736):
dd149677-3d47-4e05-a55f-4e75b13a441f: Процесс завершается. Исходящий вызов запрещен.'
20:47.814008-0,EXCP,0,process=rphost,OSThread=7364,Exception=dd149677-3d47-4e05-a55f-4e75b13a441f,Descr='src\rtrsrvc\src\remoteinterfaceimpl.cpp(736):
dd149677-3d47-4e05-a55f-4e75b13a441f: Процесс завершается. Исходящий вызов запрещен.'
20:47.814009-0,EXCP,0,process=rphost,OSThread=7364,Exception=dd149677-3d47-4e05-a55f-4e75b13a441f,Descr='src\rtrsrvc\src\remoteinterfaceimpl.cpp(736):
dd149677-3d47-4e05-a55f-4e75b13a441f: Процесс завершается. Исходящий вызов запрещен.'
20:47.814010-0,EXCP,0,process=rphost,OSThread=7364,Exception=dd149677-3d47-4e05-a55f-4e75b13a441f,Descr='src\rtrsrvc\src\remoteinterfaceimpl.cpp(736):
dd149677-3d47-4e05-a55f-4e75b13a441f: Процесс завершается. Исходящий вызов запрещен.'
20:47.814011-0,EXCP,0,process=rphost,OSThread=7364,Exception=dd149677-3d47-4e05-a55f-4e75b13a441f,Descr='src\rtrsrvc\src\remoteinterfaceimpl.cpp(736):
dd149677-3d47-4e05-a55f-4e75b13a441f: Процесс завершается. Исходящий вызов запрещен.'
20:47.814012-0,EXCP,0,process=rphost,OSThread=7364,Exception=dd149677-3d47-4e05-a55f-4e75b13a441f,Descr='src\rtrsrvc\src\remoteinterfaceimpl.cpp(736):
dd149677-3d47-4e05-a55f-4e75b13a441f: Процесс завершается. Исходящий вызов запрещен.'
20:47.814013-0,EXCP,0,process=rphost,OSThread=7364,Exception=dd149677-3d47-4e05-a55f-4e75b13a441f,Descr='src\rtrsrvc\src\remoteinterfaceimpl.cpp(736):
dd149677-3d47-4e05-a55f-4e75b13a441f: Процесс завершается. Исходящий вызов запрещен.'
20:47.814014-0,EXCP,0,process=rphost,OSThread=7364,Exception=dd149677-3d47-4e05-a55f-4e75b13a441f,Descr='src\rtrsrvc\src\remoteinterfaceimpl.cpp(736):
dd149677-3d47-4e05-a55f-4e75b13a441f: Процесс завершается. Исходящий вызов запрещен.'
20:48.017000-0,EXCP,0,process=rphost,OSThread=7364,Exception=dd149677-3d47-4e05-a55f-4e75b13a441f,Descr='src\rtrsrvc\src\remoteinterfaceimpl.cpp(736):
dd149677-3d47-4e05-a55f-4e75b13a441f: Процесс завершается. Исходящий вызов запрещен.'
20:48.017001-0,EXCP,0,process=rphost,OSThread=7364,Exception=dd149677-3d47-4e05-a55f-4e75b13a441f,Descr='src\rserver\src\rmngrcalls.cpp(543):
dd149677-3d47-4e05-a55f-4e75b13a441f: Процесс завершается. Исходящий вызов запрещен.'
20:48.017002-0,EXCP,0,process=rphost,OSThread=7364,Exception=dd149677-3d47-4e05-a55f-4e75b13a441f,Descr='src\rtrsrvc\src\remoteinterfaceimpl.cpp(736):
dd149677-3d47-4e05-a55f-4e75b13a441f: Процесс завершается. Исходящий вызов запрещен.'
20:48.017003-0,EXCP,0,process=rphost,OSThread=7364,Exception=dd149677-3d47-4e05-a55f-4e75b13a441f,Descr='src\rtrsrvc\src\remoteinterfaceimpl.cpp(736):
dd149677-3d47-4e05-a55f-4e75b13a441f: Процесс завершается. Исходящий вызов запрещен.'
20:48.017004-0,EXCP,0,process=rphost,OSThread=7364,Exception=dd149677-3d47-4e05-a55f-4e75b13a441f,Descr='src\rtrsrvc\src\remoteinterfaceimpl.cpp(736):
dd149677-3d47-4e05-a55f-4e75b13a441f: Процесс завершается. Исходящий вызов запрещен.'
20:48.017005-0,EXCP,0,process=rphost,OSThread=7364,Exception=dd149677-3d47-4e05-a55f-4e75b13a441f,Descr='src\rtrsrvc\src\remoteinterfaceimpl.cpp(736):
dd149677-3d47-4e05-a55f-4e75b13a441f: Процесс завершается. Исходящий вызов запрещен.'
20:48.017006-0,EXCP,0,process=rphost,OSThread=7364,Exception=dd149677-3d47-4e05-a55f-4e75b13a441f,Descr='src\rtrsrvc\src\remoteinterfaceimpl.cpp(736):
dd149677-3d47-4e05-a55f-4e75b13a441f: Процесс завершается. Исходящий вызов запрещен.'
20:48.017007-0,EXCP,0,process=rphost,OSThread=7364,Exception=dd149677-3d47-4e05-a55f-4e75b13a441f,Descr='src\rtrsrvc\src\remoteinterfaceimpl.cpp(736):
dd149677-3d47-4e05-a55f-4e75b13a441f: Процесс завершается. Исходящий вызов запрещен.'
20:48.017008-0,EXCP,0,process=rphost,OSThread=7364,Exception=dd149677-3d47-4e05-a55f-4e75b13a441f,Descr='src\rtrsrvc\src\remoteinterfaceimpl.cpp(736):
dd149677-3d47-4e05-a55f-4e75b13a441f: Процесс завершается. Исходящий вызов запрещен.'
20:48.017009-0,EXCP,0,process=rphost,OSThread=7364,Exception=dd149677-3d47-4e05-a55f-4e75b13a441f,Descr='src\rtrsrvc\src\remoteinterfaceimpl.cpp(736):
dd149677-3d47-4e05-a55f-4e75b13a441f: Процесс завершается. Исходящий вызов запрещен.'
20:48.017010-0,EXCP,0,process=rphost,OSThread=7364,Exception=dd149677-3d47-4e05-a55f-4e75b13a441f,Descr='src\rtrsrvc\src\remoteinterfaceimpl.cpp(736):
dd149677-3d47-4e05-a55f-4e75b13a441f: Процесс завершается. Исходящий вызов запрещен.'
20:48.017011-0,EXCP,0,process=rphost,OSThread=7364,Exception=dd149677-3d47-4e05-a55f-4e75b13a441f,Descr='src\rtrsrvc\src\remoteinterfaceimpl.cpp(736):
dd149677-3d47-4e05-a55f-4e75b13a441f: Процесс завершается. Исходящий вызов запрещен.'
20:48.017012-0,EXCP,0,process=rphost,OSThread=7364,Exception=dd149677-3d47-4e05-a55f-4e75b13a441f,Descr='src\rtrsrvc\src\remoteinterfaceimpl.cpp(736):
dd149677-3d47-4e05-a55f-4e75b13a441f: Процесс завершается. Исходящий вызов запрещен.'
20:48.017013-0,EXCP,0,process=rphost,OSThread=7364,Exception=dd149677-3d47-4e05-a55f-4e75b13a441f,Descr='src\rtrsrvc\src\remoteinterfaceimpl.cpp(736):
dd149677-3d47-4e05-a55f-4e75b13a441f: Процесс завершается. Исходящий вызов запрещен.'
20:48.017016-0,EXCP,0,process=rphost,OSThread=7364,Exception=dd149677-3d47-4e05-a55f-4e75b13a441f,Descr='src\rserver\src\rmngrcalls.cpp(586):
dd149677-3d47-4e05-a55f-4e75b13a441f: Процесс завершается. Исходящий вызов запрещен.'
20:48.017017-0,EXCP,0,process=rphost,OSThread=7364,Exception=dd149677-3d47-4e05-a55f-4e75b13a441f,Descr='src\rserver\src\rhostimpl.cpp(6261):
dd149677-3d47-4e05-a55f-4e75b13a441f: Процесс завершается. Исходящий вызов запрещен.'
20:48.017018-0,EXCP,0,process=rphost,OSThread=7364,Exception=dd149677-3d47-4e05-a55f-4e75b13a441f,Descr='src\rtrsrvc\src\remoteinterfaceimpl.cpp(736):
dd149677-3d47-4e05-a55f-4e75b13a441f: Процесс завершается. Исходящий вызов запрещен.'
20:48.017019-0,EXCP,0,process=rphost,OSThread=7364,Exception=dd149677-3d47-4e05-a55f-4e75b13a441f,Descr='src\rserver\src\rmngrcalls.cpp(732):
dd149677-3d47-4e05-a55f-4e75b13a441f: Процесс завершается. Исходящий вызов запрещен.'
20:48.017020-0,EXCP,0,process=rphost,OSThread=7364,Exception=dd149677-3d47-4e05-a55f-4e75b13a441f,Descr='src\rtrsrvc\src\remoteinterfaceimpl.cpp(736):
dd149677-3d47-4e05-a55f-4e75b13a441f: Процесс завершается. Исходящий вызов запрещен.'
20:48.017021-0,EXCP,0,process=rphost,OSThread=7364,Exception=dd149677-3d47-4e05-a55f-4e75b13a441f,Descr='src\rtrsrvc\src\remoteinterfaceimpl.cpp(736):
dd149677-3d47-4e05-a55f-4e75b13a441f: Процесс завершается. Исходящий вызов запрещен.'
20:48.017022-0,EXCP,0,process=rphost,OSThread=7364,Exception=dd149677-3d47-4e05-a55f-4e75b13a441f,Descr='src\rtrsrvc\src\remoteinterfaceimpl.cpp(736):
dd149677-3d47-4e05-a55f-4e75b13a441f: Процесс завершается. Исходящий вызов запрещен.'
20:48.017023-0,EXCP,0,process=rphost,OSThread=7364,Exception=dd149677-3d47-4e05-a55f-4e75b13a441f,Descr='src\rtrsrvc\src\remoteinterfaceimpl.cpp(736):
dd149677-3d47-4e05-a55f-4e75b13a441f: Процесс завершается. Исходящий вызов запрещен.'
20:48.017024-0,EXCP,0,process=rphost,OSThread=7364,Exception=dd149677-3d47-4e05-a55f-4e75b13a441f,Descr='src\rtrsrvc\src\remoteinterfaceimpl.cpp(736):
dd149677-3d47-4e05-a55f-4e75b13a441f: Процесс завершается. Исходящий вызов запрещен.'
20:48.017025-0,EXCP,0,process=rphost,OSThread=7364,Exception=dd149677-3d47-4e05-a55f-4e75b13a441f,Descr='src\rtrsrvc\src\remoteinterfaceimpl.cpp(736):
dd149677-3d47-4e05-a55f-4e75b13a441f: Процесс завершается. Исходящий вызов запрещен.'
20:48.017026-0,EXCP,0,process=rphost,OSThread=7364,Exception=dd149677-3d47-4e05-a55f-4e75b13a441f,Descr='src\rtrsrvc\src\remoteinterfaceimpl.cpp(736):
dd149677-3d47-4e05-a55f-4e75b13a441f: Процесс завершается. Исходящий вызов запрещен.'
20:48.017027-0,EXCP,0,process=rphost,OSThread=7364,Exception=dd149677-3d47-4e05-a55f-4e75b13a441f,Descr='src\rtrsrvc\src\remoteinterfaceimpl.cpp(736):
dd149677-3d47-4e05-a55f-4e75b13a441f: Процесс завершается. Исходящий вызов запрещен.'
20:48.017028-0,EXCP,0,process=rphost,OSThread=7364,Exception=dd149677-3d47-4e05-a55f-4e75b13a441f,Descr='src\rtrsrvc\src\remoteinterfaceimpl.cpp(736):
dd149677-3d47-4e05-a55f-4e75b13a441f: Процесс завершается. Исходящий вызов запрещен.'
20:48.017029-0,EXCP,0,process=rphost,OSThread=7364,Exception=dd149677-3d47-4e05-a55f-4e75b13a441f,Descr='src\rtrsrvc\src\remoteinterfaceimpl.cpp(736):
dd149677-3d47-4e05-a55f-4e75b13a441f: Процесс завершается. Исходящий вызов запрещен.'
20:48.017032-0,EXCP,0,process=rphost,OSThread=7364,Exception=dd149677-3d47-4e05-a55f-4e75b13a441f,Descr='src\rtrsrvc\src\remoteinterfaceimpl.cpp(736):
dd149677-3d47-4e05-a55f-4e75b13a441f: Процесс завершается. Исходящий вызов запрещен.'
20:48.017033-0,EXCP,0,process=rphost,OSThread=7364,Exception=dd149677-3d47-4e05-a55f-4e75b13a441f,Descr='src\rserver\src\rmngrcalls.cpp(732):
dd149677-3d47-4e05-a55f-4e75b13a441f: Процесс завершается. Исходящий вызов запрещен.'
20:48.017034-0,EXCP,0,process=rphost,OSThread=7364,Exception=dd149677-3d47-4e05-a55f-4e75b13a441f,Descr='src\rtrsrvc\src\remoteinterfaceimpl.cpp(736):
dd149677-3d47-4e05-a55f-4e75b13a441f: Процесс завершается. Исходящий вызов запрещен.'
20:48.017035-0,EXCP,0,process=rphost,OSThread=7364,Exception=dd149677-3d47-4e05-a55f-4e75b13a441f,Descr='src\rtrsrvc\src\remoteinterfaceimpl.cpp(736):
dd149677-3d47-4e05-a55f-4e75b13a441f: Процесс завершается. Исходящий вызов запрещен.'
20:48.017036-0,EXCP,0,process=rphost,OSThread=7364,Exception=dd149677-3d47-4e05-a55f-4e75b13a441f,Descr='src\rtrsrvc\src\remoteinterfaceimpl.cpp(736):
dd149677-3d47-4e05-a55f-4e75b13a441f: Процесс завершается. Исходящий вызов запрещен.'
20:48.017037-0,EXCP,0,process=rphost,OSThread=7364,Exception=dd149677-3d47-4e05-a55f-4e75b13a441f,Descr='src\rtrsrvc\src\remoteinterfaceimpl.cpp(736):
dd149677-3d47-4e05-a55f-4e75b13a441f: Процесс завершается. Исходящий вызов запрещен.'
20:48.017038-0,EXCP,0,process=rphost,OSThread=7364,Exception=dd149677-3d47-4e05-a55f-4e75b13a441f,Descr='src\rtrsrvc\src\remoteinterfaceimpl.cpp(736):
dd149677-3d47-4e05-a55f-4e75b13a441f: Процесс завершается. Исходящий вызов запрещен.'
20:48.017039-0,EXCP,0,process=rphost,OSThread=7364,Exception=dd149677-3d47-4e05-a55f-4e75b13a441f,Descr='src\rtrsrvc\src\remoteinterfaceimpl.cpp(736):
dd149677-3d47-4e05-a55f-4e75b13a441f: Процесс завершается. Исходящий вызов запрещен.'
20:48.017040-0,EXCP,0,process=rphost,OSThread=7364,Exception=dd149677-3d47-4e05-a55f-4e75b13a441f,Descr='src\rtrsrvc\src\remoteinterfaceimpl.cpp(736):
dd149677-3d47-4e05-a55f-4e75b13a441f: Процесс завершается. Исходящий вызов запрещен.'
20:48.017043-0,EXCP,0,process=rphost,OSThread=7364,Exception=96380a22-60f7-4a8b-8fca-1224e6bc518f,Descr='src\rserver\src\rmngrcalls.cpp(951):
96380a22-60f7-4a8b-8fca-1224e6bc518f: onFinishConnection'
20:48.017044-0,EXCP,0,process=rphost,OSThread=7364,Exception=dd149677-3d47-4e05-a55f-4e75b13a441f,Descr='src\rtrsrvc\src\remoteinterfaceimpl.cpp(736):
dd149677-3d47-4e05-a55f-4e75b13a441f: Процесс завершается. Исходящий вызов запрещен.'
20:48.017045-0,EXCP,0,process=rphost,OSThread=7364,Exception=dd149677-3d47-4e05-a55f-4e75b13a441f,Descr='src\rserver\src\rmngrcalls.cpp(543):
dd149677-3d47-4e05-a55f-4e75b13a441f: Процесс завершается. Исходящий вызов запрещен.'
20:48.017046-0,EXCP,0,process=rphost,OSThread=7364,Exception=dd149677-3d47-4e05-a55f-4e75b13a441f,Descr='src\rtrsrvc\src\remoteinterfaceimpl.cpp(736):
dd149677-3d47-4e05-a55f-4e75b13a441f: Процесс завершается. Исходящий вызов запрещен.'
20:48.017047-0,EXCP,0,process=rphost,OSThread=7364,Exception=dd149677-3d47-4e05-a55f-4e75b13a441f,Descr='src\rtrsrvc\src\remoteinterfaceimpl.cpp(736):
dd149677-3d47-4e05-a55f-4e75b13a441f: Процесс завершается. Исходящий вызов запрещен.'
20:48.017048-0,EXCP,0,process=rphost,OSThread=7364,Exception=dd149677-3d47-4e05-a55f-4e75b13a441f,Descr='src\rtrsrvc\src\remoteinterfaceimpl.cpp(736):
dd149677-3d47-4e05-a55f-4e75b13a441f: Процесс завершается. Исходящий вызов запрещен.'
20:48.017049-0,EXCP,0,process=rphost,OSThread=7364,Exception=dd149677-3d47-4e05-a55f-4e75b13a441f,Descr='src\rtrsrvc\src\remoteinterfaceimpl.cpp(736):
dd149677-3d47-4e05-a55f-4e75b13a441f: Процесс завершается. Исходящий вызов запрещен.'
20:48.017050-0,EXCP,0,process=rphost,OSThread=7364,Exception=dd149677-3d47-4e05-a55f-4e75b13a441f,Descr='src\rtrsrvc\src\remoteinterfaceimpl.cpp(736):
dd149677-3d47-4e05-a55f-4e75b13a441f: Процесс завершается. Исходящий вызов запрещен.'
20:48.017051-0,EXCP,0,process=rphost,OSThread=7364,Exception=dd149677-3d47-4e05-a55f-4e75b13a441f,Descr='src\rtrsrvc\src\remoteinterfaceimpl.cpp(736):
dd149677-3d47-4e05-a55f-4e75b13a441f: Процесс завершается. Исходящий вызов запрещен.'
20:48.017052-0,EXCP,0,process=rphost,OSThread=7364,Exception=dd149677-3d47-4e05-a55f-4e75b13a441f,Descr='src\rtrsrvc\src\remoteinterfaceimpl.cpp(736):
dd149677-3d47-4e05-a55f-4e75b13a441f: Процесс завершается. Исходящий вызов запрещен.'
20:48.017053-0,EXCP,0,process=rphost,OSThread=7364,Exception=dd149677-3d47-4e05-a55f-4e75b13a441f,Descr='src\rtrsrvc\src\remoteinterfaceimpl.cpp(736):
dd149677-3d47-4e05-a55f-4e75b13a441f: Процесс завершается. Исходящий вызов запрещен.'
20:48.267000-0,EXCP,0,process=rphost,OSThread=7364,Exception=dd149677-3d47-4e05-a55f-4e75b13a441f,Descr='src\rtrsrvc\src\remoteinterfaceimpl.cpp(736):
dd149677-3d47-4e05-a55f-4e75b13a441f: Процесс завершается. Исходящий вызов запрещен.'
20:48.267001-0,EXCP,0,process=rphost,OSThread=7364,Exception=dd149677-3d47-4e05-a55f-4e75b13a441f,Descr='src\rserver\src\rmngrcalls.cpp(543):
dd149677-3d47-4e05-a55f-4e75b13a441f: Процесс завершается. Исходящий вызов запрещен.'
20:48.267002-0,EXCP,0,process=rphost,OSThread=7364,Exception=dd149677-3d47-4e05-a55f-4e75b13a441f,Descr='src\rtrsrvc\src\remoteinterfaceimpl.cpp(736):
dd149677-3d47-4e05-a55f-4e75b13a441f: Процесс завершается. Исходящий вызов запрещен.'
20:48.267003-0,EXCP,0,process=rphost,OSThread=7364,Exception=dd149677-3d47-4e05-a55f-4e75b13a441f,Descr='src\rtrsrvc\src\remoteinterfaceimpl.cpp(736):
dd149677-3d47-4e05-a55f-4e75b13a441f: Процесс завершается. Исходящий вызов запрещен.'
20:48.267004-0,EXCP,0,process=rphost,OSThread=7364,Exception=dd149677-3d47-4e05-a55f-4e75b13a441f,Descr='src\rtrsrvc\src\remoteinterfaceimpl.cpp(736):
dd149677-3d47-4e05-a55f-4e75b13a441f: Процесс завершается. Исходящий вызов запрещен.'
20:48.267005-0,EXCP,0,process=rphost,OSThread=7364,Exception=dd149677-3d47-4e05-a55f-4e75b13a441f,Descr='src\rtrsrvc\src\remoteinterfaceimpl.cpp(736):
dd149677-3d47-4e05-a55f-4e75b13a441f: Процесс завершается. Исходящий вызов запрещен.'
20:48.267006-0,EXCP,0,process=rphost,OSThread=7364,Exception=dd149677-3d47-4e05-a55f-4e75b13a441f,Descr='src\rtrsrvc\src\remoteinterfaceimpl.cpp(736):
dd149677-3d47-4e05-a55f-4e75b13a441f: Процесс завершается. Исходящий вызов запрещен.'
20:48.267007-0,EXCP,0,process=rphost,OSThread=7364,Exception=dd149677-3d47-4e05-a55f-4e75b13a441f,Descr='src\rtrsrvc\src\remoteinterfaceimpl.cpp(736):
dd149677-3d47-4e05-a55f-4e75b13a441f: Процесс завершается. Исходящий вызов запрещен.'
20:48.267008-0,EXCP,0,process=rphost,OSThread=7364,Exception=dd149677-3d47-4e05-a55f-4e75b13a441f,Descr='src\rtrsrvc\src\remoteinterfaceimpl.cpp(736):
dd149677-3d47-4e05-a55f-4e75b13a441f: Процесс завершается. Исходящий вызов запрещен.'
20:48.267011-0,EXCP,0,process=rphost,OSThread=7364,Exception=dd149677-3d47-4e05-a55f-4e75b13a441f,Descr='src\rserver\src\rmngrcalls.cpp(586):
dd149677-3d47-4e05-a55f-4e75b13a441f: Процесс завершается. Исходящий вызов запрещен.'
20:48.267012-0,EXCP,0,process=rphost,OSThread=7364,Exception=dd149677-3d47-4e05-a55f-4e75b13a441f,Descr='src\rserver\src\rhostimpl.cpp(6261):
dd149677-3d47-4e05-a55f-4e75b13a441f: Процесс завершается. Исходящий вызов запрещен.'
20:48.267013-0,EXCP,0,process=rphost,OSThread=7364,Exception=dd149677-3d47-4e05-a55f-4e75b13a441f,Descr='src\rtrsrvc\src\remoteinterfaceimpl.cpp(736):
dd149677-3d47-4e05-a55f-4e75b13a441f: Процесс завершается. Исходящий вызов запрещен.'
20:48.267014-0,EXCP,0,process=rphost,OSThread=7364,Exception=dd149677-3d47-4e05-a55f-4e75b13a441f,Descr='src\rserver\src\rmngrcalls.cpp(732):
dd149677-3d47-4e05-a55f-4e75b13a441f: Процесс завершается. Исходящий вызов запрещен.'
20:48.267015-0,EXCP,0,process=rphost,OSThread=7364,Exception=dd149677-3d47-4e05-a55f-4e75b13a441f,Descr='src\rtrsrvc\src\remoteinterfaceimpl.cpp(736):
dd149677-3d47-4e05-a55f-4e75b13a441f: Процесс завершается. Исходящий вызов запрещен.'
20:48.267016-0,EXCP,0,process=rphost,OSThread=7364,Exception=dd149677-3d47-4e05-a55f-4e75b13a441f,Descr='src\rtrsrvc\src\remoteinterfaceimpl.cpp(736):
dd149677-3d47-4e05-a55f-4e75b13a441f: Процесс завершается. Исходящий вызов запрещен.'
20:48.267017-0,EXCP,0,process=rphost,OSThread=7364,Exception=dd149677-3d47-4e05-a55f-4e75b13a441f,Descr='src\rtrsrvc\src\remoteinterfaceimpl.cpp(736):
dd149677-3d47-4e05-a55f-4e75b13a441f: Процесс завершается. Исходящий вызов запрещен.'
20:48.267018-0,EXCP,0,process=rphost,OSThread=7364,Exception=dd149677-3d47-4e05-a55f-4e75b13a441f,Descr='src\rtrsrvc\src\remoteinterfaceimpl.cpp(736):
dd149677-3d47-4e05-a55f-4e75b13a441f: Процесс завершается. Исходящий вызов запрещен.'
20:48.267019-0,EXCP,0,process=rphost,OSThread=7364,Exception=dd149677-3d47-4e05-a55f-4e75b13a441f,Descr='src\rtrsrvc\src\remoteinterfaceimpl.cpp(736):
dd149677-3d47-4e05-a55f-4e75b13a441f: Процесс завершается. Исходящий вызов запрещен.'
20:48.267020-0,EXCP,0,process=rphost,OSThread=7364,Exception=dd149677-3d47-4e05-a55f-4e75b13a441f,Descr='src\rtrsrvc\src\remoteinterfaceimpl.cpp(736):
dd149677-3d47-4e05-a55f-4e75b13a441f: Процесс завершается. Исходящий вызов запрещен.'
20:48.267021-0,EXCP,0,process=rphost,OSThread=7364,Exception=dd149677-3d47-4e05-a55f-4e75b13a441f,Descr='src\rtrsrvc\src\remoteinterfaceimpl.cpp(736):
dd149677-3d47-4e05-a55f-4e75b13a441f: Процесс завершается. Исходящий вызов запрещен.'
20:48.267024-0,EXCP,0,process=rphost,OSThread=7364,Exception=dd149677-3d47-4e05-a55f-4e75b13a441f,Descr='src\rtrsrvc\src\remoteinterfaceimpl.cpp(736):
dd149677-3d47-4e05-a55f-4e75b13a441f: Процесс завершается. Исходящий вызов запрещен.'
20:48.267025-0,EXCP,0,process=rphost,OSThread=7364,Exception=dd149677-3d47-4e05-a55f-4e75b13a441f,Descr='src\rserver\src\rmngrcalls.cpp(732):
dd149677-3d47-4e05-a55f-4e75b13a441f: Процесс завершается. Исходящий вызов запрещен.'
20:48.267026-0,EXCP,0,process=rphost,OSThread=7364,Exception=dd149677-3d47-4e05-a55f-4e75b13a441f,Descr='src\rtrsrvc\src\remoteinterfaceimpl.cpp(736):
dd149677-3d47-4e05-a55f-4e75b13a441f: Процесс завершается. Исходящий вызов запрещен.'
20:48.267027-0,EXCP,0,process=rphost,OSThread=7364,Exception=dd149677-3d47-4e05-a55f-4e75b13a441f,Descr='src\rtrsrvc\src\remoteinterfaceimpl.cpp(736):
dd149677-3d47-4e05-a55f-4e75b13a441f: Процесс завершается. Исходящий вызов запрещен.'
20:48.267028-0,EXCP,0,process=rphost,OSThread=7364,Exception=dd149677-3d47-4e05-a55f-4e75b13a441f,Descr='src\rtrsrvc\src\remoteinterfaceimpl.cpp(736):
dd149677-3d47-4e05-a55f-4e75b13a441f: Процесс завершается. Исходящий вызов запрещен.'
20:48.267029-0,EXCP,0,process=rphost,OSThread=7364,Exception=dd149677-3d47-4e05-a55f-4e75b13a441f,Descr='src\rtrsrvc\src\remoteinterfaceimpl.cpp(736):
dd149677-3d47-4e05-a55f-4e75b13a441f: Процесс завершается. Исходящий вызов запрещен.'
20:48.267030-0,EXCP,0,process=rphost,OSThread=7364,Exception=dd149677-3d47-4e05-a55f-4e75b13a441f,Descr='src\rtrsrvc\src\remoteinterfaceimpl.cpp(736):
dd149677-3d47-4e05-a55f-4e75b13a441f: Процесс завершается. Исходящий вызов запрещен.'
20:48.267031-0,EXCP,0,process=rphost,OSThread=7364,Exception=dd149677-3d47-4e05-a55f-4e75b13a441f,Descr='src\rtrsrvc\src\remoteinterfaceimpl.cpp(736):
dd149677-3d47-4e05-a55f-4e75b13a441f: Процесс завершается. Исходящий вызов запрещен.'
20:48.267032-0,EXCP,0,process=rphost,OSThread=7364,Exception=dd149677-3d47-4e05-a55f-4e75b13a441f,Descr='src\rtrsrvc\src\remoteinterfaceimpl.cpp(736):
dd149677-3d47-4e05-a55f-4e75b13a441f: Процесс завершается. Исходящий вызов запрещен.'
20:48.267033-0,EXCP,0,process=rphost,OSThread=7364,Exception=dd149677-3d47-4e05-a55f-4e75b13a441f,Descr='src\rtrsrvc\src\remoteinterfaceimpl.cpp(736):
dd149677-3d47-4e05-a55f-4e75b13a441f: Процесс завершается. Исходящий вызов запрещен.'
20:48.267036-0,EXCP,0,process=rphost,OSThread=7364,Exception=96380a22-60f7-4a8b-8fca-1224e6bc518f,Descr='src\rserver\src\rmngrcalls.cpp(951):
96380a22-60f7-4a8b-8fca-1224e6bc518f: onFinishConnection'
20:49.236000-0,EXCP,1,process=rphost,OSThread=6500,Exception=dd149677-3d47-4e05-a55f-4e75b13a441f,Descr='src\rtrsrvc\src\remoteinterfaceimpl.cpp(736):
dd149677-3d47-4e05-a55f-4e75b13a441f: Процесс завершается. Исходящий вызов запрещен.'
20:49.236001-0,EXCP,1,process=rphost,OSThread=6500,Exception=dd149677-3d47-4e05-a55f-4e75b13a441f,Descr='src\rtrsrvc\src\remoteinterfaceimpl.cpp(736):
dd149677-3d47-4e05-a55f-4e75b13a441f: Процесс завершается. Исходящий вызов запрещен.'
20:49.236002-0,EXCP,1,process=rphost,OSThread=6500,Exception=dd149677-3d47-4e05-a55f-4e75b13a441f,Descr='src\rtrsrvc\src\remoteinterfaceimpl.cpp(736):
dd149677-3d47-4e05-a55f-4e75b13a441f: Процесс завершается. Исходящий вызов запрещен.'
20:49.236003-0,EXCP,1,process=rphost,OSThread=6500,Exception=dd149677-3d47-4e05-a55f-4e75b13a441f,Descr='src\rtrsrvc\src\remoteinterfaceimpl.cpp(736):
dd149677-3d47-4e05-a55f-4e75b13a441f: Процесс завершается. Исходящий вызов запрещен.'
20:49.236004-0,EXCP,1,process=rphost,OSThread=6500,Exception=dd149677-3d47-4e05-a55f-4e75b13a441f,Descr='src\rtrsrvc\src\remoteinterfaceimpl.cpp(736):
dd149677-3d47-4e05-a55f-4e75b13a441f: Процесс завершается. Исходящий вызов запрещен.'
20:49.236005-0,EXCP,1,process=rphost,OSThread=6500,Exception=dd149677-3d47-4e05-a55f-4e75b13a441f,Descr='src\rtrsrvc\src\remoteinterfaceimpl.cpp(736):
dd149677-3d47-4e05-a55f-4e75b13a441f: Процесс завершается. Исходящий вызов запрещен.'
20:49.236006-0,EXCP,1,process=rphost,OSThread=6500,Exception=dd149677-3d47-4e05-a55f-4e75b13a441f,Descr='src\rtrsrvc\src\remoteinterfaceimpl.cpp(736):
dd149677-3d47-4e05-a55f-4e75b13a441f: Процесс завершается. Исходящий вызов запрещен.'
20:49.236007-0,EXCP,1,process=rphost,OSThread=6500,Exception=dd149677-3d47-4e05-a55f-4e75b13a441f,Descr='src\rtrsrvc\src\remoteinterfaceimpl.cpp(736):
dd149677-3d47-4e05-a55f-4e75b13a441f: Процесс завершается. Исходящий вызов запрещен.'
20:49.236008-0,EXCP,1,process=rphost,OSThread=6500,Exception=dd149677-3d47-4e05-a55f-4e75b13a441f,Descr='src\rtrsrvc\src\remoteinterfaceimpl.cpp(736):
dd149677-3d47-4e05-a55f-4e75b13a441f: Процесс завершается. Исходящий вызов запрещен.'
20:49.236013-0,PROC,1,process=rphost,OSThread=6500,Err=0,Txt=1C:Enterprise 8.3 (x86-64) (8.3.14.1694) Working Process finished.
