00:17.429015-0,EXCP,2,process=rphost,p:processName=bi_bk3wk1_prod_01,OSThread=5124,t:clientID=43,t:applicationName=1CV8C,t:computerName=DC3RDSH11,t:connectID=571,SessionID=334,Usr=Ахимова Раушан Оразаковна,AppID=1CV8C,Exception=afd2b550-0d52-4e03-b448-15ed68d87ac5,Descr='src\basic\src\documentlogformobjcontroller.cpp(884):
afd2b550-0d52-4e03-b448-15ed68d87ac5
0d2200af-1696-4395-91e5-2872675e6d3d: Не удалось провести: "Возврат ТМЗ поставщику"!',Context=Форма.Записать : Документ.ВозвратТоваровПоставщику.Форма.ФормаДокумента
00:17.460008-0,EXCP,2,process=rphost,p:processName=bi_bk3wk1_prod_01,OSThread=5124,t:clientID=43,t:applicationName=1CV8C,t:computerName=DC3RDSH11,t:connectID=571,SessionID=334,Usr=Ахимова Раушан Оразаковна,AppID=1CV8C,Exception=580392e6-ba49-4280-ac67-fcd6f2180121,Descr='src\vrsbase\src\vresourceinfobaseimpl.cpp(1114):
580392e6-ba49-4280-ac67-fcd6f2180121: Неспецифицированная ошибка работы с ресурсом
Ошибка при выполнении запроса POST к ресурсу /e1cib/logForm:
afd2b550-0d52-4e03-b448-15ed68d87ac5
0d2200af-1696-4395-91e5-2872675e6d3d: Не удалось провести: "Возврат ТМЗ поставщику"!'
01:14.305005-3,CALL,1,process=rphost,p:processName=bi_bk3wk1_prod_01,OSThread=8072,t:clientID=4379,t:applicationName=1CV8,t:computerName=DC2MGMT03,t:connectID=11135,Interface=a2cf4e8a-06e2-4f81-92b3-604ea54ba92b,IName=IFolderFileHost,Method=0,CallID=24564,MName=open,RetExcp="Файл не обнаружен 'bi_bk3wk1_prod_01/ConfigSave/version'",Memory=1752,MemoryPeak=5120,InBytes=0,OutBytes=0,CpuTime=0
01:14.305010-3,CALL,1,process=rphost,p:processName=bi_bk3wk1_prod_01,OSThread=8072,t:clientID=4379,t:applicationName=1CV8,t:computerName=DC2MGMT03,t:connectID=11135,Interface=a2cf4e8a-06e2-4f81-92b3-604ea54ba92b,IName=IFolderFileHost,Method=0,CallID=24565,MName=open,RetExcp="Файл не обнаружен 'bi_bk3wk1_prod_01/ConfigSave/versions'",Memory=22,MemoryPeak=3556,InBytes=0,OutBytes=0,CpuTime=0
01:14.508013-3,CALL,1,process=rphost,p:processName=bi_bk3wk1_prod_01,OSThread=8072,t:clientID=4379,t:applicationName=1CV8,t:computerName=DC2MGMT03,t:connectID=11135,Interface=a2cf4e8a-06e2-4f81-92b3-604ea54ba92b,IName=IFolderFileHost,Method=0,CallID=24618,MName=open,RetExcp="Файл не обнаружен 'bi_bk3wk1_prod_01/Config/convertPhase'",Memory=1298,MemoryPeak=4804,InBytes=0,OutBytes=0,CpuTime=0
01:14.790001-15957,CALL,1,process=rphost,p:processName=bi_bk3wk1_prod_01,OSThread=8072,t:clientID=4379,t:applicationName=1CV8,t:computerName=DC2MGMT03,t:connectID=11135,SessionID=14211,Usr=ОбновлениеБазы,Interface=a2cf4e8a-06e2-4f81-92b3-604ea54ba92b,IName=IFolderFileHost,Method=0,CallID=24660,MName=open,RetExcp="Файл не обнаружен 'bi_bk3wk1_prod_01/Params/DBNames-Ext--1'",Memory=1218,MemoryPeak=5042,InBytes=0,OutBytes=0,CpuTime=0
07:05.926020-0,EXCP,0,process=rphost,OSThread=10036,ClientID=56,Exception=NetDataExchangeException,Descr='server_addr=(2)10.3.172.24:50476 descr=2(0x00000002): Не удается найти указанный файл.  line=1149 file=d:\jenkins\ci_builder2\windowsbuild2\platform\src\rtrsrvc\src\dataexchangeserverimpl.cpp'
07:05.926021-0,EXCPCNTX,0,ClientComputerName=,ServerComputerName=,UserName=,ConnectString=
07:08.722008-0,EXCP,0,process=rphost,OSThread=8344,ClientID=11,Exception=NetDataExchangeException,Descr='server_addr=(2)10.225.32.108:56316 descr=2(0x00000002): Не удается найти указанный файл.  line=1149 file=d:\jenkins\ci_builder2\windowsbuild2\platform\src\rtrsrvc\src\dataexchangeserverimpl.cpp'
07:08.722009-0,EXCPCNTX,0,ClientComputerName=,ServerComputerName=,UserName=,ConnectString=
14:32.243024-0,EXCP,2,process=rphost,p:processName=bi_bk3wk1_prod_01,OSThread=9380,t:clientID=68,t:applicationName=1CV8C,t:computerName=DC3RDSH12,t:connectID=615,SessionID=384,Usr=Аматова Индира Юрьевна,AppID=1CV8C,Exception=afd2b550-0d52-4e03-b448-15ed68d87ac5,Descr='src\mngbase\src\rtsimplylogformsrvimpl.cpp(190):
afd2b550-0d52-4e03-b448-15ed68d87ac5: Данные были изменены или удалены другим пользователем',Context=Форма.ЗаблокироватьДанныеФормыДляРедактирования : Документ.СчетФактураВыданный.Форма.ФормаДокумента
14:32.243025-0,EXCP,2,process=rphost,p:processName=bi_bk3wk1_prod_01,OSThread=9380,t:clientID=68,t:applicationName=1CV8C,t:computerName=DC3RDSH12,t:connectID=615,SessionID=384,Usr=Аматова Индира Юрьевна,AppID=1CV8C,Exception=580392e6-ba49-4280-ac67-fcd6f2180121,Descr='src\vrsbase\src\vresourceinfobaseimpl.cpp(1114):
580392e6-ba49-4280-ac67-fcd6f2180121: Неспецифицированная ошибка работы с ресурсом
Ошибка при выполнении запроса POST к ресурсу /e1cib/logForm:
afd2b550-0d52-4e03-b448-15ed68d87ac5: Данные были изменены или удалены другим пользователем'
15:55.856005-0,ADMIN,2,process=rphost,p:processName=ServerJobExecutorContext,OSThread=2044,t:clientID=4396,t:applicationName=JobScheduler,t:computerName=DC2BUHAPP11,Func=killClient,ClusterID=8aa94e2b-5d54-4b86-800b-79353ce39638,ConnectionID=e28e0ed6-3157-4fc1-bd91-4478c18ce8e2,Mode=0,Ref=bi_bk3wk1_prod_01(bi_bk3wk1_prod_01),Host=DC2BUHAPP11,Connection=11231,Administrator=Unknown,Result=Success
15:59.778005-0,EXCP,3,process=rphost,p:processName=bi_bk3wk1_prod_01,OSThread=5156,t:clientID=4397,t:applicationName=BackgroundJob,t:computerName=DC2BUHAPP11,t:connectID=11231,SessionID=14319,Usr=Какенов Аскар Жаналынович,Exception=SeanceContextException,Descr='Сеанс отсутствует или удален
ID=71a18a29-3596-4066-bb56-e780c4b3d3a7, File=d:\jenkins\ci_builder2\windowsbuild2\platform\src\rserver\src\clusterdistribimpl.cpp(1439)'
15:59.778007-0,EXCP,2,process=rphost,p:processName=bi_bk3wk1_prod_01,OSThread=5156,t:clientID=4397,t:applicationName=BackgroundJob,t:computerName=DC2BUHAPP11,t:connectID=11231,SessionID=14319,Usr=Какенов Аскар Жаналынович,Exception=60c686dc-798f-4d17-aadb-a90156a16eb8,Descr='src\rserver\src\rmngrcalls.cpp(476):
60c686dc-798f-4d17-aadb-a90156a16eb8: Сеанс отсутствует или удален
ID=71a18a29-3596-4066-bb56-e780c4b3d3a7, File=d:\jenkins\ci_builder2\windowsbuild2\platform\src\rserver\src\clusterdistribimpl.cpp(1439)'
15:59.981001-0,EXCP,2,process=rphost,p:processName=bi_bk3wk1_prod_01,OSThread=5156,t:clientID=4397,t:applicationName=BackgroundJob,t:computerName=DC2BUHAPP11,t:connectID=11231,SessionID=14319,Usr=Какенов Аскар Жаналынович,Exception=SeanceContextException,Descr='Сеанс отсутствует или удален
ID=71a18a29-3596-4066-bb56-e780c4b3d3a7, File=d:\jenkins\ci_builder2\windowsbuild2\platform\src\rserver\src\rmngrcalls.cpp(364)'
15:59.981002-0,EXCP,2,process=rphost,p:processName=bi_bk3wk1_prod_01,OSThread=5156,t:clientID=4397,t:applicationName=BackgroundJob,t:computerName=DC2BUHAPP11,t:connectID=11231,SessionID=14319,Usr=Какенов Аскар Жаналынович,Exception=60c686dc-798f-4d17-aadb-a90156a16eb8,Descr='src\rserver\src\serverjobexecutor.cpp(1095):
60c686dc-798f-4d17-aadb-a90156a16eb8: Сеанс отсутствует или удален
ID=71a18a29-3596-4066-bb56-e780c4b3d3a7, File=d:\jenkins\ci_builder2\windowsbuild2\platform\src\rserver\src\rmngrcalls.cpp(364)'
15:59.981004-0,EXCP,3,process=rphost,p:processName=bi_bk3wk1_prod_01,OSThread=5156,t:clientID=4397,t:applicationName=BackgroundJob,t:computerName=DC2BUHAPP11,t:connectID=11231,SessionID=14319,Usr=Какенов Аскар Жаналынович,Exception=SeanceContextException,Descr='Сеанс отсутствует или удален
ID=71a18a29-3596-4066-bb56-e780c4b3d3a7, File=d:\jenkins\ci_builder2\windowsbuild2\platform\src\rserver\src\clusterdistribimpl.cpp(1439)'
15:59.981006-0,EXCP,2,process=rphost,p:processName=bi_bk3wk1_prod_01,OSThread=5156,t:clientID=4397,t:applicationName=BackgroundJob,t:computerName=DC2BUHAPP11,t:connectID=11231,SessionID=14319,Usr=Какенов Аскар Жаналынович,Exception=60c686dc-798f-4d17-aadb-a90156a16eb8,Descr='src\rserver\src\rmngrcalls.cpp(476):
60c686dc-798f-4d17-aadb-a90156a16eb8: Сеанс отсутствует или удален
ID=71a18a29-3596-4066-bb56-e780c4b3d3a7, File=d:\jenkins\ci_builder2\windowsbuild2\platform\src\rserver\src\clusterdistribimpl.cpp(1439)'
16:00.185000-0,EXCP,2,process=rphost,p:processName=bi_bk3wk1_prod_01,OSThread=5156,t:clientID=4397,t:applicationName=BackgroundJob,t:computerName=DC2BUHAPP11,t:connectID=11231,SessionID=14319,Usr=Какенов Аскар Жаналынович,Exception=SeanceContextException,Descr='Сеанс отсутствует или удален
ID=71a18a29-3596-4066-bb56-e780c4b3d3a7, File=d:\jenkins\ci_builder2\windowsbuild2\platform\src\rserver\src\rmngrcalls.cpp(364)'
17:58.811015-0,EXCP,2,process=rphost,p:processName=bi_bk3wk1_prod_01,OSThread=952,t:clientID=139,t:applicationName=1CV8C,t:computerName=DC2RDSH01,t:connectID=695,SessionID=474,Usr=WK1_Байбулина_Лаура_Бердибаевна,AppID=1CV8C,Exception=afd2b550-0d52-4e03-b448-15ed68d87ac5,Descr='src\basic\src\documentlogformobjcontroller.cpp(884):
afd2b550-0d52-4e03-b448-15ed68d87ac5
0d2200af-1696-4395-91e5-2872675e6d3d: Не удалось провести "Поступление ТМЗ и услуг KR100002686 от 13.04.2020 12:00:00"!',Context=Форма.Записать : Документ.ПоступлениеТоваровУслуг.Форма.ФормаДокумента
17:58.873000-0,EXCP,2,process=rphost,p:processName=bi_bk3wk1_prod_01,OSThread=952,t:clientID=139,t:applicationName=1CV8C,t:computerName=DC2RDSH01,t:connectID=695,SessionID=474,Usr=WK1_Байбулина_Лаура_Бердибаевна,AppID=1CV8C,Exception=580392e6-ba49-4280-ac67-fcd6f2180121,Descr='src\vrsbase\src\vresourceinfobaseimpl.cpp(1114):
580392e6-ba49-4280-ac67-fcd6f2180121: Неспецифицированная ошибка работы с ресурсом
Ошибка при выполнении запроса POST к ресурсу /e1cib/logForm:
afd2b550-0d52-4e03-b448-15ed68d87ac5
0d2200af-1696-4395-91e5-2872675e6d3d: Не удалось провести "Поступление ТМЗ и услуг KR100002686 от 13.04.2020 12:00:00"!'
20:58.426015-0,ADMIN,2,process=rphost,p:processName=ServerJobExecutorContext,OSThread=5144,t:clientID=4396,t:applicationName=JobScheduler,t:computerName=DC2BUHAPP11,Func=killClient,ClusterID=8aa94e2b-5d54-4b86-800b-79353ce39638,ConnectionID=9fc43c0f-51eb-43ab-94f0-de20c2ac21f0,Mode=0,Ref=bi_bk3wk1_prod_01(bi_bk3wk1_prod_01),Host=DC2BUHAPP11,Connection=11284,Administrator=Unknown,Result=Success
20:58.847016-0,ADMIN,2,process=rphost,p:processName=ServerJobExecutorContext,OSThread=5144,t:clientID=4396,t:applicationName=JobScheduler,t:computerName=DC2BUHAPP11,Func=killClient,ClusterID=8aa94e2b-5d54-4b86-800b-79353ce39638,ConnectionID=d20a56a9-fcc1-4e70-9402-89cac4d969e6,Mode=0,Ref=bi_bk3wk1_prod_01(bi_bk3wk1_prod_01),Host=DC2BUHAPP11,Connection=11285,Administrator=Unknown,Result=Success
21:00.676005-0,EXCP,3,process=rphost,p:processName=bi_bk3wk1_prod_01,OSThread=9160,t:clientID=4414,t:applicationName=BackgroundJob,t:computerName=DC2BUHAPP11,t:connectID=11284,SessionID=14387,Usr=Шакиржанов Ержан Рашидович,Exception=SeanceContextException,Descr='Сеанс отсутствует или удален
ID=e74772d9-e11a-4c94-b8da-5dee0fcc3585, File=d:\jenkins\ci_builder2\windowsbuild2\platform\src\rserver\src\clusterdistribimpl.cpp(1439)'
21:00.676007-0,EXCP,2,process=rphost,p:processName=bi_bk3wk1_prod_01,OSThread=9160,t:clientID=4414,t:applicationName=BackgroundJob,t:computerName=DC2BUHAPP11,t:connectID=11284,SessionID=14387,Usr=Шакиржанов Ержан Рашидович,Exception=60c686dc-798f-4d17-aadb-a90156a16eb8,Descr='src\rserver\src\rmngrcalls.cpp(476):
60c686dc-798f-4d17-aadb-a90156a16eb8: Сеанс отсутствует или удален
ID=e74772d9-e11a-4c94-b8da-5dee0fcc3585, File=d:\jenkins\ci_builder2\windowsbuild2\platform\src\rserver\src\clusterdistribimpl.cpp(1439)'
21:00.879000-0,EXCP,2,process=rphost,p:processName=bi_bk3wk1_prod_01,OSThread=9160,t:clientID=4414,t:applicationName=BackgroundJob,t:computerName=DC2BUHAPP11,t:connectID=11284,SessionID=14387,Usr=Шакиржанов Ержан Рашидович,Exception=SeanceContextException,Descr='Сеанс отсутствует или удален
ID=e74772d9-e11a-4c94-b8da-5dee0fcc3585, File=d:\jenkins\ci_builder2\windowsbuild2\platform\src\rserver\src\rmngrcalls.cpp(364)'
21:00.879001-0,EXCP,2,process=rphost,p:processName=bi_bk3wk1_prod_01,OSThread=9160,t:clientID=4414,t:applicationName=BackgroundJob,t:computerName=DC2BUHAPP11,t:connectID=11284,SessionID=14387,Usr=Шакиржанов Ержан Рашидович,Exception=60c686dc-798f-4d17-aadb-a90156a16eb8,Descr='src\rserver\src\serverjobexecutor.cpp(1095):
60c686dc-798f-4d17-aadb-a90156a16eb8: Сеанс отсутствует или удален
ID=e74772d9-e11a-4c94-b8da-5dee0fcc3585, File=d:\jenkins\ci_builder2\windowsbuild2\platform\src\rserver\src\rmngrcalls.cpp(364)'
21:00.879003-0,EXCP,3,process=rphost,p:processName=bi_bk3wk1_prod_01,OSThread=9160,t:clientID=4414,t:applicationName=BackgroundJob,t:computerName=DC2BUHAPP11,t:connectID=11284,SessionID=14387,Usr=Шакиржанов Ержан Рашидович,Exception=SeanceContextException,Descr='Сеанс отсутствует или удален
ID=e74772d9-e11a-4c94-b8da-5dee0fcc3585, File=d:\jenkins\ci_builder2\windowsbuild2\platform\src\rserver\src\clusterdistribimpl.cpp(1439)'
21:00.879005-0,EXCP,2,process=rphost,p:processName=bi_bk3wk1_prod_01,OSThread=9160,t:clientID=4414,t:applicationName=BackgroundJob,t:computerName=DC2BUHAPP11,t:connectID=11284,SessionID=14387,Usr=Шакиржанов Ержан Рашидович,Exception=60c686dc-798f-4d17-aadb-a90156a16eb8,Descr='src\rserver\src\rmngrcalls.cpp(476):
60c686dc-798f-4d17-aadb-a90156a16eb8: Сеанс отсутствует или удален
ID=e74772d9-e11a-4c94-b8da-5dee0fcc3585, File=d:\jenkins\ci_builder2\windowsbuild2\platform\src\rserver\src\clusterdistribimpl.cpp(1439)'
21:01.082000-0,EXCP,2,process=rphost,p:processName=bi_bk3wk1_prod_01,OSThread=9160,t:clientID=4414,t:applicationName=BackgroundJob,t:computerName=DC2BUHAPP11,t:connectID=11284,SessionID=14387,Usr=Шакиржанов Ержан Рашидович,Exception=SeanceContextException,Descr='Сеанс отсутствует или удален
ID=e74772d9-e11a-4c94-b8da-5dee0fcc3585, File=d:\jenkins\ci_builder2\windowsbuild2\platform\src\rserver\src\rmngrcalls.cpp(364)'
21:02.551005-0,EXCP,3,process=rphost,p:processName=bi_bk3wk1_prod_01,OSThread=5052,t:clientID=4415,t:applicationName=BackgroundJob,t:computerName=DC2BUHAPP11,t:connectID=11285,SessionID=14388,Usr=Шакиржанов Ержан Рашидович,Exception=SeanceContextException,Descr='Сеанс отсутствует или удален
ID=65be6ba0-30a0-4198-aea0-65ffea21a713, File=d:\jenkins\ci_builder2\windowsbuild2\platform\src\rserver\src\clusterdistribimpl.cpp(1439)'
21:02.551007-0,EXCP,2,process=rphost,p:processName=bi_bk3wk1_prod_01,OSThread=5052,t:clientID=4415,t:applicationName=BackgroundJob,t:computerName=DC2BUHAPP11,t:connectID=11285,SessionID=14388,Usr=Шакиржанов Ержан Рашидович,Exception=60c686dc-798f-4d17-aadb-a90156a16eb8,Descr='src\rserver\src\rmngrcalls.cpp(476):
60c686dc-798f-4d17-aadb-a90156a16eb8: Сеанс отсутствует или удален
ID=65be6ba0-30a0-4198-aea0-65ffea21a713, File=d:\jenkins\ci_builder2\windowsbuild2\platform\src\rserver\src\clusterdistribimpl.cpp(1439)'
21:02.754000-0,EXCP,2,process=rphost,p:processName=bi_bk3wk1_prod_01,OSThread=5052,t:clientID=4415,t:applicationName=BackgroundJob,t:computerName=DC2BUHAPP11,t:connectID=11285,SessionID=14388,Usr=Шакиржанов Ержан Рашидович,Exception=SeanceContextException,Descr='Сеанс отсутствует или удален
ID=65be6ba0-30a0-4198-aea0-65ffea21a713, File=d:\jenkins\ci_builder2\windowsbuild2\platform\src\rserver\src\rmngrcalls.cpp(364)'
21:02.754001-0,EXCP,2,process=rphost,p:processName=bi_bk3wk1_prod_01,OSThread=5052,t:clientID=4415,t:applicationName=BackgroundJob,t:computerName=DC2BUHAPP11,t:connectID=11285,SessionID=14388,Usr=Шакиржанов Ержан Рашидович,Exception=60c686dc-798f-4d17-aadb-a90156a16eb8,Descr='src\rserver\src\serverjobexecutor.cpp(1095):
60c686dc-798f-4d17-aadb-a90156a16eb8: Сеанс отсутствует или удален
ID=65be6ba0-30a0-4198-aea0-65ffea21a713, File=d:\jenkins\ci_builder2\windowsbuild2\platform\src\rserver\src\rmngrcalls.cpp(364)'
21:02.754003-0,EXCP,3,process=rphost,p:processName=bi_bk3wk1_prod_01,OSThread=5052,t:clientID=4415,t:applicationName=BackgroundJob,t:computerName=DC2BUHAPP11,t:connectID=11285,SessionID=14388,Usr=Шакиржанов Ержан Рашидович,Exception=SeanceContextException,Descr='Сеанс отсутствует или удален
ID=65be6ba0-30a0-4198-aea0-65ffea21a713, File=d:\jenkins\ci_builder2\windowsbuild2\platform\src\rserver\src\clusterdistribimpl.cpp(1439)'
21:02.754005-0,EXCP,2,process=rphost,p:processName=bi_bk3wk1_prod_01,OSThread=5052,t:clientID=4415,t:applicationName=BackgroundJob,t:computerName=DC2BUHAPP11,t:connectID=11285,SessionID=14388,Usr=Шакиржанов Ержан Рашидович,Exception=60c686dc-798f-4d17-aadb-a90156a16eb8,Descr='src\rserver\src\rmngrcalls.cpp(476):
60c686dc-798f-4d17-aadb-a90156a16eb8: Сеанс отсутствует или удален
ID=65be6ba0-30a0-4198-aea0-65ffea21a713, File=d:\jenkins\ci_builder2\windowsbuild2\platform\src\rserver\src\clusterdistribimpl.cpp(1439)'
21:02.957001-0,EXCP,2,process=rphost,p:processName=bi_bk3wk1_prod_01,OSThread=5052,t:clientID=4415,t:applicationName=BackgroundJob,t:computerName=DC2BUHAPP11,t:connectID=11285,SessionID=14388,Usr=Шакиржанов Ержан Рашидович,Exception=SeanceContextException,Descr='Сеанс отсутствует или удален
ID=65be6ba0-30a0-4198-aea0-65ffea21a713, File=d:\jenkins\ci_builder2\windowsbuild2\platform\src\rserver\src\rmngrcalls.cpp(364)'
23:09.459005-0,ADMIN,2,process=rphost,p:processName=ServerJobExecutorContext,OSThread=5144,t:clientID=4396,t:applicationName=JobScheduler,t:computerName=DC2BUHAPP11,Func=killClient,ClusterID=8aa94e2b-5d54-4b86-800b-79353ce39638,ConnectionID=c05e6eab-eb5d-441e-b7c9-4cdc5ab743b6,Mode=0,Ref=bi_bk3wk1_prod_01(bi_bk3wk1_prod_01),Host=DC2BUHAPP11,Connection=11307,Administrator=Unknown,Result=Success
23:10.365008-0,EXCP,3,process=rphost,p:processName=bi_bk3wk1_prod_01,OSThread=276,t:clientID=4418,t:applicationName=BackgroundJob,t:computerName=DC2BUHAPP11,t:connectID=11307,SessionID=14411,Usr=WK1_Кагарманов_Айдын_Омарулы,Exception=SeanceContextException,Descr='Сеанс отсутствует или удален
ID=42871227-3122-4892-9f30-6fde8de529db, File=d:\jenkins\ci_builder2\windowsbuild2\platform\src\rserver\src\clusterdistribimpl.cpp(1439)'
23:10.365010-0,EXCP,2,process=rphost,p:processName=bi_bk3wk1_prod_01,OSThread=276,t:clientID=4418,t:applicationName=BackgroundJob,t:computerName=DC2BUHAPP11,t:connectID=11307,SessionID=14411,Usr=WK1_Кагарманов_Айдын_Омарулы,Exception=60c686dc-798f-4d17-aadb-a90156a16eb8,Descr='src\rserver\src\rmngrcalls.cpp(476):
60c686dc-798f-4d17-aadb-a90156a16eb8: Сеанс отсутствует или удален
ID=42871227-3122-4892-9f30-6fde8de529db, File=d:\jenkins\ci_builder2\windowsbuild2\platform\src\rserver\src\clusterdistribimpl.cpp(1439)'
23:10.568000-0,EXCP,2,process=rphost,p:processName=bi_bk3wk1_prod_01,OSThread=276,t:clientID=4418,t:applicationName=BackgroundJob,t:computerName=DC2BUHAPP11,t:connectID=11307,SessionID=14411,Usr=WK1_Кагарманов_Айдын_Омарулы,Exception=SeanceContextException,Descr='Сеанс отсутствует или удален
ID=42871227-3122-4892-9f30-6fde8de529db, File=d:\jenkins\ci_builder2\windowsbuild2\platform\src\rserver\src\rmngrcalls.cpp(364)'
23:10.568001-0,EXCP,2,process=rphost,p:processName=bi_bk3wk1_prod_01,OSThread=276,t:clientID=4418,t:applicationName=BackgroundJob,t:computerName=DC2BUHAPP11,t:connectID=11307,SessionID=14411,Usr=WK1_Кагарманов_Айдын_Омарулы,Exception=60c686dc-798f-4d17-aadb-a90156a16eb8,Descr='src\rserver\src\serverjobexecutor.cpp(1095):
60c686dc-798f-4d17-aadb-a90156a16eb8: Сеанс отсутствует или удален
ID=42871227-3122-4892-9f30-6fde8de529db, File=d:\jenkins\ci_builder2\windowsbuild2\platform\src\rserver\src\rmngrcalls.cpp(364)'
23:10.568003-0,EXCP,3,process=rphost,p:processName=bi_bk3wk1_prod_01,OSThread=276,t:clientID=4418,t:applicationName=BackgroundJob,t:computerName=DC2BUHAPP11,t:connectID=11307,SessionID=14411,Usr=WK1_Кагарманов_Айдын_Омарулы,Exception=SeanceContextException,Descr='Сеанс отсутствует или удален
ID=42871227-3122-4892-9f30-6fde8de529db, File=d:\jenkins\ci_builder2\windowsbuild2\platform\src\rserver\src\clusterdistribimpl.cpp(1439)'
23:10.568005-0,EXCP,2,process=rphost,p:processName=bi_bk3wk1_prod_01,OSThread=276,t:clientID=4418,t:applicationName=BackgroundJob,t:computerName=DC2BUHAPP11,t:connectID=11307,SessionID=14411,Usr=WK1_Кагарманов_Айдын_Омарулы,Exception=60c686dc-798f-4d17-aadb-a90156a16eb8,Descr='src\rserver\src\rmngrcalls.cpp(476):
60c686dc-798f-4d17-aadb-a90156a16eb8: Сеанс отсутствует или удален
ID=42871227-3122-4892-9f30-6fde8de529db, File=d:\jenkins\ci_builder2\windowsbuild2\platform\src\rserver\src\clusterdistribimpl.cpp(1439)'
23:10.771000-0,EXCP,2,process=rphost,p:processName=bi_bk3wk1_prod_01,OSThread=276,t:clientID=4418,t:applicationName=BackgroundJob,t:computerName=DC2BUHAPP11,t:connectID=11307,SessionID=14411,Usr=WK1_Кагарманов_Айдын_Омарулы,Exception=SeanceContextException,Descr='Сеанс отсутствует или удален
ID=42871227-3122-4892-9f30-6fde8de529db, File=d:\jenkins\ci_builder2\windowsbuild2\platform\src\rserver\src\rmngrcalls.cpp(364)'
25:34.931015-0,ADMIN,2,process=rphost,p:processName=ServerJobExecutorContext,OSThread=5144,t:clientID=4396,t:applicationName=JobScheduler,t:computerName=DC2BUHAPP11,Func=killClient,ClusterID=8aa94e2b-5d54-4b86-800b-79353ce39638,ConnectionID=ef4d6757-5060-4c28-859d-d298e942f9a5,Mode=0,Ref=bi_bk3wk1_prod_01(bi_bk3wk1_prod_01),Host=DC2BUHAPP11,Connection=11336,Administrator=Unknown,Result=Success
25:35.571005-0,ADMIN,2,process=rphost,p:processName=ServerJobExecutorContext,OSThread=5144,t:clientID=4396,t:applicationName=JobScheduler,t:computerName=DC2BUHAPP11,Func=killClient,ClusterID=8aa94e2b-5d54-4b86-800b-79353ce39638,ConnectionID=f83d0e00-a19d-4174-a329-7a0035218853,Mode=0,Ref=bi_bk3wk1_prod_01(bi_bk3wk1_prod_01),Host=DC2BUHAPP11,Connection=11338,Administrator=Unknown,Result=Success
25:35.681047-0,ADMIN,2,process=rphost,p:processName=ServerJobExecutorContext,OSThread=5144,t:clientID=4396,t:applicationName=JobScheduler,t:computerName=DC2BUHAPP11,Func=killClient,ClusterID=8aa94e2b-5d54-4b86-800b-79353ce39638,ConnectionID=184bdfa2-2ac0-41dc-adf5-a96e6dd72f5d,Mode=0,Ref=bi_bk3wk1_prod_01(bi_bk3wk1_prod_01),Host=DC2BUHAPP11,Connection=11337,Administrator=Unknown,Result=Success
25:37.134002-0,EXCP,4,process=rphost,p:processName=bi_bk3wk1_prod_01,OSThread=9380,t:clientID=4419,t:applicationName=BackgroundJob,t:computerName=DC2BUHAPP11,t:connectID=11336,SessionID=14441,Usr=Ержанов Бекзат Муратбекович,Exception=SeanceContextException,Descr='Сеанс отсутствует или удален
ID=14854100-25c5-4e8a-921c-c6f5e89851f8, File=d:\jenkins\ci_builder2\windowsbuild2\platform\src\rserver\src\clusterdistribimpl.cpp(1439)'
25:37.134004-0,EXCP,3,process=rphost,p:processName=bi_bk3wk1_prod_01,OSThread=9380,t:clientID=4419,t:applicationName=BackgroundJob,t:computerName=DC2BUHAPP11,t:connectID=11336,SessionID=14441,Usr=Ержанов Бекзат Муратбекович,Exception=60c686dc-798f-4d17-aadb-a90156a16eb8,Descr='src\rserver\src\rmngrcalls.cpp(476):
60c686dc-798f-4d17-aadb-a90156a16eb8: Сеанс отсутствует или удален
ID=14854100-25c5-4e8a-921c-c6f5e89851f8, File=d:\jenkins\ci_builder2\windowsbuild2\platform\src\rserver\src\clusterdistribimpl.cpp(1439)'
25:37.337000-0,EXCP,3,process=rphost,p:processName=bi_bk3wk1_prod_01,OSThread=9380,t:clientID=4419,t:applicationName=BackgroundJob,t:computerName=DC2BUHAPP11,t:connectID=11336,SessionID=14441,Usr=Ержанов Бекзат Муратбекович,Exception=SeanceContextException,Descr='Сеанс отсутствует или удален
ID=14854100-25c5-4e8a-921c-c6f5e89851f8, File=d:\jenkins\ci_builder2\windowsbuild2\platform\src\rserver\src\rmngrcalls.cpp(364)'
25:37.337001-0,EXCP,3,process=rphost,p:processName=bi_bk3wk1_prod_01,OSThread=9380,t:clientID=4419,t:applicationName=BackgroundJob,t:computerName=DC2BUHAPP11,t:connectID=11336,SessionID=14441,Usr=Ержанов Бекзат Муратбекович,Exception=60c686dc-798f-4d17-aadb-a90156a16eb8,Descr='src\rserver\src\serverjobexecutor.cpp(1095):
60c686dc-798f-4d17-aadb-a90156a16eb8: Сеанс отсутствует или удален
ID=14854100-25c5-4e8a-921c-c6f5e89851f8, File=d:\jenkins\ci_builder2\windowsbuild2\platform\src\rserver\src\rmngrcalls.cpp(364)'
25:37.337003-0,EXCP,4,process=rphost,p:processName=bi_bk3wk1_prod_01,OSThread=9380,t:clientID=4419,t:applicationName=BackgroundJob,t:computerName=DC2BUHAPP11,t:connectID=11336,SessionID=14441,Usr=Ержанов Бекзат Муратбекович,Exception=SeanceContextException,Descr='Сеанс отсутствует или удален
ID=14854100-25c5-4e8a-921c-c6f5e89851f8, File=d:\jenkins\ci_builder2\windowsbuild2\platform\src\rserver\src\clusterdistribimpl.cpp(1439)'
25:37.337005-0,EXCP,3,process=rphost,p:processName=bi_bk3wk1_prod_01,OSThread=9380,t:clientID=4419,t:applicationName=BackgroundJob,t:computerName=DC2BUHAPP11,t:connectID=11336,SessionID=14441,Usr=Ержанов Бекзат Муратбекович,Exception=60c686dc-798f-4d17-aadb-a90156a16eb8,Descr='src\rserver\src\rmngrcalls.cpp(476):
60c686dc-798f-4d17-aadb-a90156a16eb8: Сеанс отсутствует или удален
ID=14854100-25c5-4e8a-921c-c6f5e89851f8, File=d:\jenkins\ci_builder2\windowsbuild2\platform\src\rserver\src\clusterdistribimpl.cpp(1439)'
25:37.493006-0,EXCP,3,process=rphost,p:processName=bi_bk3wk1_prod_01,OSThread=9380,t:clientID=4419,t:applicationName=BackgroundJob,t:computerName=DC2BUHAPP11,t:connectID=11336,SessionID=14441,Usr=Ержанов Бекзат Муратбекович,Exception=SeanceContextException,Descr='Сеанс отсутствует или удален
ID=14854100-25c5-4e8a-921c-c6f5e89851f8, File=d:\jenkins\ci_builder2\windowsbuild2\platform\src\rserver\src\rmngrcalls.cpp(364)'
25:37.915008-0,EXCP,3,process=rphost,p:processName=bi_bk3wk1_prod_01,OSThread=8072,t:clientID=4421,t:applicationName=BackgroundJob,t:computerName=DC2BUHAPP11,t:connectID=11337,SessionID=14442,Usr=Ержанов Бекзат Муратбекович,Exception=SeanceContextException,Descr='Сеанс отсутствует или удален
ID=6c9b5b85-a79c-48b4-99b0-ae1367384e8a, File=d:\jenkins\ci_builder2\windowsbuild2\platform\src\rserver\src\clusterdistribimpl.cpp(1439)'
25:37.915010-0,EXCP,2,process=rphost,p:processName=bi_bk3wk1_prod_01,OSThread=8072,t:clientID=4421,t:applicationName=BackgroundJob,t:computerName=DC2BUHAPP11,t:connectID=11337,SessionID=14442,Usr=Ержанов Бекзат Муратбекович,Exception=60c686dc-798f-4d17-aadb-a90156a16eb8,Descr='src\rserver\src\rmngrcalls.cpp(476):
60c686dc-798f-4d17-aadb-a90156a16eb8: Сеанс отсутствует или удален
ID=6c9b5b85-a79c-48b4-99b0-ae1367384e8a, File=d:\jenkins\ci_builder2\windowsbuild2\platform\src\rserver\src\clusterdistribimpl.cpp(1439)'
25:38.118000-0,EXCP,2,process=rphost,p:processName=bi_bk3wk1_prod_01,OSThread=8072,t:clientID=4421,t:applicationName=BackgroundJob,t:computerName=DC2BUHAPP11,t:connectID=11337,SessionID=14442,Usr=Ержанов Бекзат Муратбекович,Exception=SeanceContextException,Descr='Сеанс отсутствует или удален
ID=6c9b5b85-a79c-48b4-99b0-ae1367384e8a, File=d:\jenkins\ci_builder2\windowsbuild2\platform\src\rserver\src\rmngrcalls.cpp(364)'
25:38.118001-0,EXCP,2,process=rphost,p:processName=bi_bk3wk1_prod_01,OSThread=8072,t:clientID=4421,t:applicationName=BackgroundJob,t:computerName=DC2BUHAPP11,t:connectID=11337,SessionID=14442,Usr=Ержанов Бекзат Муратбекович,Exception=60c686dc-798f-4d17-aadb-a90156a16eb8,Descr='src\rserver\src\serverjobexecutor.cpp(1095):
60c686dc-798f-4d17-aadb-a90156a16eb8: Сеанс отсутствует или удален
ID=6c9b5b85-a79c-48b4-99b0-ae1367384e8a, File=d:\jenkins\ci_builder2\windowsbuild2\platform\src\rserver\src\rmngrcalls.cpp(364)'
25:38.118003-0,EXCP,3,process=rphost,p:processName=bi_bk3wk1_prod_01,OSThread=8072,t:clientID=4421,t:applicationName=BackgroundJob,t:computerName=DC2BUHAPP11,t:connectID=11337,SessionID=14442,Usr=Ержанов Бекзат Муратбекович,Exception=SeanceContextException,Descr='Сеанс отсутствует или удален
ID=6c9b5b85-a79c-48b4-99b0-ae1367384e8a, File=d:\jenkins\ci_builder2\windowsbuild2\platform\src\rserver\src\clusterdistribimpl.cpp(1439)'
25:38.118005-0,EXCP,2,process=rphost,p:processName=bi_bk3wk1_prod_01,OSThread=8072,t:clientID=4421,t:applicationName=BackgroundJob,t:computerName=DC2BUHAPP11,t:connectID=11337,SessionID=14442,Usr=Ержанов Бекзат Муратбекович,Exception=60c686dc-798f-4d17-aadb-a90156a16eb8,Descr='src\rserver\src\rmngrcalls.cpp(476):
60c686dc-798f-4d17-aadb-a90156a16eb8: Сеанс отсутствует или удален
ID=6c9b5b85-a79c-48b4-99b0-ae1367384e8a, File=d:\jenkins\ci_builder2\windowsbuild2\platform\src\rserver\src\clusterdistribimpl.cpp(1439)'
25:38.321000-0,EXCP,2,process=rphost,p:processName=bi_bk3wk1_prod_01,OSThread=8072,t:clientID=4421,t:applicationName=BackgroundJob,t:computerName=DC2BUHAPP11,t:connectID=11337,SessionID=14442,Usr=Ержанов Бекзат Муратбекович,Exception=SeanceContextException,Descr='Сеанс отсутствует или удален
ID=6c9b5b85-a79c-48b4-99b0-ae1367384e8a, File=d:\jenkins\ci_builder2\windowsbuild2\platform\src\rserver\src\rmngrcalls.cpp(364)'
25:44.948005-0,EXCP,3,process=rphost,p:processName=bi_bk3wk1_prod_01,OSThread=952,t:clientID=4422,t:applicationName=BackgroundJob,t:computerName=DC2BUHAPP11,t:connectID=11338,SessionID=14443,Usr=Тағабай Бекболат Талғатұлы,Exception=SeanceContextException,Descr='Сеанс отсутствует или удален
ID=8b61f1d9-a940-4106-ab5f-9d53cfc34508, File=d:\jenkins\ci_builder2\windowsbuild2\platform\src\rserver\src\clusterdistribimpl.cpp(1439)'
25:44.948007-0,EXCP,2,process=rphost,p:processName=bi_bk3wk1_prod_01,OSThread=952,t:clientID=4422,t:applicationName=BackgroundJob,t:computerName=DC2BUHAPP11,t:connectID=11338,SessionID=14443,Usr=Тағабай Бекболат Талғатұлы,Exception=60c686dc-798f-4d17-aadb-a90156a16eb8,Descr='src\rserver\src\rmngrcalls.cpp(476):
60c686dc-798f-4d17-aadb-a90156a16eb8: Сеанс отсутствует или удален
ID=8b61f1d9-a940-4106-ab5f-9d53cfc34508, File=d:\jenkins\ci_builder2\windowsbuild2\platform\src\rserver\src\clusterdistribimpl.cpp(1439)'
25:45.151000-0,EXCP,2,process=rphost,p:processName=bi_bk3wk1_prod_01,OSThread=952,t:clientID=4422,t:applicationName=BackgroundJob,t:computerName=DC2BUHAPP11,t:connectID=11338,SessionID=14443,Usr=Тағабай Бекболат Талғатұлы,Exception=SeanceContextException,Descr='Сеанс отсутствует или удален
ID=8b61f1d9-a940-4106-ab5f-9d53cfc34508, File=d:\jenkins\ci_builder2\windowsbuild2\platform\src\rserver\src\rmngrcalls.cpp(364)'
25:45.151001-0,EXCP,2,process=rphost,p:processName=bi_bk3wk1_prod_01,OSThread=952,t:clientID=4422,t:applicationName=BackgroundJob,t:computerName=DC2BUHAPP11,t:connectID=11338,SessionID=14443,Usr=Тағабай Бекболат Талғатұлы,Exception=60c686dc-798f-4d17-aadb-a90156a16eb8,Descr='src\rserver\src\serverjobexecutor.cpp(1095):
60c686dc-798f-4d17-aadb-a90156a16eb8: Сеанс отсутствует или удален
ID=8b61f1d9-a940-4106-ab5f-9d53cfc34508, File=d:\jenkins\ci_builder2\windowsbuild2\platform\src\rserver\src\rmngrcalls.cpp(364)'
25:45.151003-0,EXCP,3,process=rphost,p:processName=bi_bk3wk1_prod_01,OSThread=952,t:clientID=4422,t:applicationName=BackgroundJob,t:computerName=DC2BUHAPP11,t:connectID=11338,SessionID=14443,Usr=Тағабай Бекболат Талғатұлы,Exception=SeanceContextException,Descr='Сеанс отсутствует или удален
ID=8b61f1d9-a940-4106-ab5f-9d53cfc34508, File=d:\jenkins\ci_builder2\windowsbuild2\platform\src\rserver\src\clusterdistribimpl.cpp(1439)'
25:45.151005-0,EXCP,2,process=rphost,p:processName=bi_bk3wk1_prod_01,OSThread=952,t:clientID=4422,t:applicationName=BackgroundJob,t:computerName=DC2BUHAPP11,t:connectID=11338,SessionID=14443,Usr=Тағабай Бекболат Талғатұлы,Exception=60c686dc-798f-4d17-aadb-a90156a16eb8,Descr='src\rserver\src\rmngrcalls.cpp(476):
60c686dc-798f-4d17-aadb-a90156a16eb8: Сеанс отсутствует или удален
ID=8b61f1d9-a940-4106-ab5f-9d53cfc34508, File=d:\jenkins\ci_builder2\windowsbuild2\platform\src\rserver\src\clusterdistribimpl.cpp(1439)'
25:45.354000-0,EXCP,2,process=rphost,p:processName=bi_bk3wk1_prod_01,OSThread=952,t:clientID=4422,t:applicationName=BackgroundJob,t:computerName=DC2BUHAPP11,t:connectID=11338,SessionID=14443,Usr=Тағабай Бекболат Талғатұлы,Exception=SeanceContextException,Descr='Сеанс отсутствует или удален
ID=8b61f1d9-a940-4106-ab5f-9d53cfc34508, File=d:\jenkins\ci_builder2\windowsbuild2\platform\src\rserver\src\rmngrcalls.cpp(364)'
25:53.464007-0,ADMIN,2,process=rphost,p:processName=ServerJobExecutorContext,OSThread=5144,t:clientID=4396,t:applicationName=JobScheduler,t:computerName=DC2BUHAPP11,Func=killClient,ClusterID=8aa94e2b-5d54-4b86-800b-79353ce39638,ConnectionID=7d99180f-1b91-415a-92e9-4c035b0e287c,Mode=0,Ref=bi_bk3wk1_prod_01(bi_bk3wk1_prod_01),Host=DC2BUHAPP11,Connection=11350,Administrator=Unknown,Result=Success
25:56.229008-0,EXCP,3,process=rphost,p:processName=bi_bk3wk1_prod_01,OSThread=7996,t:clientID=4431,t:applicationName=BackgroundJob,t:computerName=DC2BUHAPP11,t:connectID=11350,SessionID=14455,Usr=Ержанов Бекзат Муратбекович,Exception=SeanceContextException,Descr='Сеанс отсутствует или удален
ID=0b9ede07-e576-4669-ba8d-9812194fcf01, File=d:\jenkins\ci_builder2\windowsbuild2\platform\src\rserver\src\clusterdistribimpl.cpp(1439)'
25:56.229010-0,EXCP,2,process=rphost,p:processName=bi_bk3wk1_prod_01,OSThread=7996,t:clientID=4431,t:applicationName=BackgroundJob,t:computerName=DC2BUHAPP11,t:connectID=11350,SessionID=14455,Usr=Ержанов Бекзат Муратбекович,Exception=60c686dc-798f-4d17-aadb-a90156a16eb8,Descr='src\rserver\src\rmngrcalls.cpp(476):
60c686dc-798f-4d17-aadb-a90156a16eb8: Сеанс отсутствует или удален
ID=0b9ede07-e576-4669-ba8d-9812194fcf01, File=d:\jenkins\ci_builder2\windowsbuild2\platform\src\rserver\src\clusterdistribimpl.cpp(1439)'
25:56.433000-0,EXCP,2,process=rphost,p:processName=bi_bk3wk1_prod_01,OSThread=7996,t:clientID=4431,t:applicationName=BackgroundJob,t:computerName=DC2BUHAPP11,t:connectID=11350,SessionID=14455,Usr=Ержанов Бекзат Муратбекович,Exception=SeanceContextException,Descr='Сеанс отсутствует или удален
ID=0b9ede07-e576-4669-ba8d-9812194fcf01, File=d:\jenkins\ci_builder2\windowsbuild2\platform\src\rserver\src\rmngrcalls.cpp(364)'
25:56.433001-0,EXCP,2,process=rphost,p:processName=bi_bk3wk1_prod_01,OSThread=7996,t:clientID=4431,t:applicationName=BackgroundJob,t:computerName=DC2BUHAPP11,t:connectID=11350,SessionID=14455,Usr=Ержанов Бекзат Муратбекович,Exception=60c686dc-798f-4d17-aadb-a90156a16eb8,Descr='src\rserver\src\serverjobexecutor.cpp(1095):
60c686dc-798f-4d17-aadb-a90156a16eb8: Сеанс отсутствует или удален
ID=0b9ede07-e576-4669-ba8d-9812194fcf01, File=d:\jenkins\ci_builder2\windowsbuild2\platform\src\rserver\src\rmngrcalls.cpp(364)'
25:56.433005-0,EXCP,3,process=rphost,p:processName=bi_bk3wk1_prod_01,OSThread=7996,t:clientID=4431,t:applicationName=BackgroundJob,t:computerName=DC2BUHAPP11,t:connectID=11350,SessionID=14455,Usr=Ержанов Бекзат Муратбекович,Exception=SeanceContextException,Descr='Сеанс отсутствует или удален
ID=0b9ede07-e576-4669-ba8d-9812194fcf01, File=d:\jenkins\ci_builder2\windowsbuild2\platform\src\rserver\src\clusterdistribimpl.cpp(1439)'
25:56.433007-0,EXCP,2,process=rphost,p:processName=bi_bk3wk1_prod_01,OSThread=7996,t:clientID=4431,t:applicationName=BackgroundJob,t:computerName=DC2BUHAPP11,t:connectID=11350,SessionID=14455,Usr=Ержанов Бекзат Муратбекович,Exception=60c686dc-798f-4d17-aadb-a90156a16eb8,Descr='src\rserver\src\rmngrcalls.cpp(476):
60c686dc-798f-4d17-aadb-a90156a16eb8: Сеанс отсутствует или удален
ID=0b9ede07-e576-4669-ba8d-9812194fcf01, File=d:\jenkins\ci_builder2\windowsbuild2\platform\src\rserver\src\clusterdistribimpl.cpp(1439)'
25:56.636000-0,EXCP,2,process=rphost,p:processName=bi_bk3wk1_prod_01,OSThread=7996,t:clientID=4431,t:applicationName=BackgroundJob,t:computerName=DC2BUHAPP11,t:connectID=11350,SessionID=14455,Usr=Ержанов Бекзат Муратбекович,Exception=SeanceContextException,Descr='Сеанс отсутствует или удален
ID=0b9ede07-e576-4669-ba8d-9812194fcf01, File=d:\jenkins\ci_builder2\windowsbuild2\platform\src\rserver\src\rmngrcalls.cpp(364)'
27:34.263009-0,EXCP,0,process=rphost,OSThread=3844,ClientID=153,Exception=NetDataExchangeException,Descr='server_addr=(2)10.224.32.249:62576 descr=2(0x00000002): Не удается найти указанный файл.  line=1149 file=d:\jenkins\ci_builder2\windowsbuild2\platform\src\rtrsrvc\src\dataexchangeserverimpl.cpp'
27:34.263013-0,EXCPCNTX,0,ClientComputerName=,ServerComputerName=,UserName=,ConnectString=
29:26.347021-0,ADMIN,2,process=rphost,p:processName=ServerJobExecutorContext,OSThread=5144,t:clientID=4433,t:applicationName=JobScheduler,t:computerName=DC2BUHAPP11,Func=killClient,ClusterID=8aa94e2b-5d54-4b86-800b-79353ce39638,ConnectionID=39f36292-2b9c-4774-a78f-ca645341f129,Mode=0,Ref=bi_bk3wk1_prod_01(bi_bk3wk1_prod_01),Host=DC2BUHAPP11,Connection=11380,Administrator=Unknown,Result=Success
29:26.378026-0,EXCP,3,process=rphost,p:processName=bi_bk3wk1_prod_01,OSThread=7996,t:clientID=4450,t:applicationName=BackgroundJob,t:computerName=DC2BUHAPP11,t:connectID=11380,SessionID=14501,Usr=WK1_Галиева_Гульнара_Албакировна,Exception=SeanceContextException,Descr='Сеанс отсутствует или удален
ID=b4a539e4-99ba-4ee4-9423-ab0cd6f304db, File=d:\jenkins\ci_builder2\windowsbuild2\platform\src\rserver\src\clusterdistribimpl.cpp(1439)'
29:26.378028-0,EXCP,2,process=rphost,p:processName=bi_bk3wk1_prod_01,OSThread=7996,t:clientID=4450,t:applicationName=BackgroundJob,t:computerName=DC2BUHAPP11,t:connectID=11380,SessionID=14501,Usr=WK1_Галиева_Гульнара_Албакировна,Exception=60c686dc-798f-4d17-aadb-a90156a16eb8,Descr='src\rserver\src\rmngrcalls.cpp(476):
60c686dc-798f-4d17-aadb-a90156a16eb8: Сеанс отсутствует или удален
ID=b4a539e4-99ba-4ee4-9423-ab0cd6f304db, File=d:\jenkins\ci_builder2\windowsbuild2\platform\src\rserver\src\clusterdistribimpl.cpp(1439)'
29:26.581000-0,EXCP,2,process=rphost,p:processName=bi_bk3wk1_prod_01,OSThread=7996,t:clientID=4450,t:applicationName=BackgroundJob,t:computerName=DC2BUHAPP11,t:connectID=11380,SessionID=14501,Usr=WK1_Галиева_Гульнара_Албакировна,Exception=SeanceContextException,Descr='Сеанс отсутствует или удален
ID=b4a539e4-99ba-4ee4-9423-ab0cd6f304db, File=d:\jenkins\ci_builder2\windowsbuild2\platform\src\rserver\src\rmngrcalls.cpp(364)'
29:26.581001-0,EXCP,2,process=rphost,p:processName=bi_bk3wk1_prod_01,OSThread=7996,t:clientID=4450,t:applicationName=BackgroundJob,t:computerName=DC2BUHAPP11,t:connectID=11380,SessionID=14501,Usr=WK1_Галиева_Гульнара_Албакировна,Exception=60c686dc-798f-4d17-aadb-a90156a16eb8,Descr='src\rserver\src\serverjobexecutor.cpp(1095):
60c686dc-798f-4d17-aadb-a90156a16eb8: Сеанс отсутствует или удален
ID=b4a539e4-99ba-4ee4-9423-ab0cd6f304db, File=d:\jenkins\ci_builder2\windowsbuild2\platform\src\rserver\src\rmngrcalls.cpp(364)'
29:26.581003-0,EXCP,3,process=rphost,p:processName=bi_bk3wk1_prod_01,OSThread=7996,t:clientID=4450,t:applicationName=BackgroundJob,t:computerName=DC2BUHAPP11,t:connectID=11380,SessionID=14501,Usr=WK1_Галиева_Гульнара_Албакировна,Exception=SeanceContextException,Descr='Сеанс отсутствует или удален
ID=b4a539e4-99ba-4ee4-9423-ab0cd6f304db, File=d:\jenkins\ci_builder2\windowsbuild2\platform\src\rserver\src\clusterdistribimpl.cpp(1439)'
29:26.581005-0,EXCP,2,process=rphost,p:processName=bi_bk3wk1_prod_01,OSThread=7996,t:clientID=4450,t:applicationName=BackgroundJob,t:computerName=DC2BUHAPP11,t:connectID=11380,SessionID=14501,Usr=WK1_Галиева_Гульнара_Албакировна,Exception=60c686dc-798f-4d17-aadb-a90156a16eb8,Descr='src\rserver\src\rmngrcalls.cpp(476):
60c686dc-798f-4d17-aadb-a90156a16eb8: Сеанс отсутствует или удален
ID=b4a539e4-99ba-4ee4-9423-ab0cd6f304db, File=d:\jenkins\ci_builder2\windowsbuild2\platform\src\rserver\src\clusterdistribimpl.cpp(1439)'
29:26.784000-0,EXCP,2,process=rphost,p:processName=bi_bk3wk1_prod_01,OSThread=7996,t:clientID=4450,t:applicationName=BackgroundJob,t:computerName=DC2BUHAPP11,t:connectID=11380,SessionID=14501,Usr=WK1_Галиева_Гульнара_Албакировна,Exception=SeanceContextException,Descr='Сеанс отсутствует или удален
ID=b4a539e4-99ba-4ee4-9423-ab0cd6f304db, File=d:\jenkins\ci_builder2\windowsbuild2\platform\src\rserver\src\rmngrcalls.cpp(364)'
51:16.947019-0,EXCP,0,process=rphost,OSThread=6008,ClientID=269,Exception=NetDataExchangeException,Descr='server_addr=(2)10.225.32.108:56964 descr=2(0x00000002): Не удается найти указанный файл.  line=1149 file=d:\jenkins\ci_builder2\windowsbuild2\platform\src\rtrsrvc\src\dataexchangeserverimpl.cpp'
51:16.947020-0,EXCPCNTX,0,ClientComputerName=,ServerComputerName=,UserName=,ConnectString=
56:41.676025-0,EXCP,2,process=rphost,p:processName=bi_bk3wk1_prod_01,OSThread=5156,t:clientID=324,t:applicationName=1CV8C,t:computerName=DC3RDSH11,t:connectID=946,SessionID=699,Usr=Шайхабеков Нуржан Кадыржанович,AppID=1CV8C,Exception=afd2b550-0d52-4e03-b448-15ed68d87ac5,Descr='src\basic\src\documentlogformobjcontroller.cpp(884):
afd2b550-0d52-4e03-b448-15ed68d87ac5
0d2200af-1696-4395-91e5-2872675e6d3d: Не удалось провести "Поступление ТМЗ и услуг UC300002729 от 25.04.2020 10:00:00"!',Context=Форма.Записать : Документ.ПоступлениеТоваровУслуг.Форма.ФормаДокумента
56:41.739000-0,EXCP,2,process=rphost,p:processName=bi_bk3wk1_prod_01,OSThread=5156,t:clientID=324,t:applicationName=1CV8C,t:computerName=DC3RDSH11,t:connectID=946,SessionID=699,Usr=Шайхабеков Нуржан Кадыржанович,AppID=1CV8C,Exception=580392e6-ba49-4280-ac67-fcd6f2180121,Descr='src\vrsbase\src\vresourceinfobaseimpl.cpp(1114):
580392e6-ba49-4280-ac67-fcd6f2180121: Неспецифицированная ошибка работы с ресурсом
Ошибка при выполнении запроса POST к ресурсу /e1cib/logForm:
afd2b550-0d52-4e03-b448-15ed68d87ac5
0d2200af-1696-4395-91e5-2872675e6d3d: Не удалось провести "Поступление ТМЗ и услуг UC300002729 от 25.04.2020 10:00:00"!'
56:59.130000-0,QERR,2,process=rphost,p:processName=bi_bk3wk1_prod_01,OSThread=5156,t:clientID=324,t:applicationName=1CV8C,t:computerName=DC3RDSH11,t:connectID=946,SessionID=699,Usr=Шайхабеков Нуржан Кадыржанович,AppID=1CV8C,Descr='{(14, 31)}: Не задано значение параметра "Ссылка"
ЗаявкаНаЗакупТовары.Ссылка = <<?>>&Ссылка',Query='ВЫБРАТЬ РАЗРЕШЕННЫЕ
	ЗаявкаНаЗакупТовары.НомерСтроки КАК НомерСтроки,
	ЗаявкаНаЗакупТовары.Номенклатура КАК Номенклатура,
	ЗаявкаНаЗакупТовары.ТехническаяСпецификация КАК ТехническаяСпецификация,
	ЗаявкаНаЗакупТовары.ДатаПоставки КАК ДатаПоставки,
	ЗаявкаНаЗакупТовары.ЕдИз КАК ЕдИз,
	ЗаявкаНаЗакупТовары.НелеквидыПоОрганизации КАК НелеквидыПоОрганизации,
	ЗаявкаНаЗакупТовары.Количество КАК Количество,
	ЗаявкаНаЗакупТовары.ПроверкаНелеквида КАК ПроверкаНелеквида,
	ЗаявкаНаЗакупТовары.ПолноеНаименование КАК ПолноеНаименование
ИЗ
	Документ.ЗаявкаНаЗакуп.Товары КАК ЗаявкаНаЗакупТовары
ГДЕ
	ЗаявкаНаЗакупТовары.Ссылка = &Ссылка',Context=Система.ПолучитьФорму : Документ.ЗаявкаНаЗакуп.ФормаВыбора
57:15.287005-0,ADMIN,2,process=rphost,p:processName=ServerJobExecutorContext,OSThread=5144,t:clientID=4535,t:applicationName=JobScheduler,t:computerName=DC2BUHAPP11,Func=killClient,ClusterID=8aa94e2b-5d54-4b86-800b-79353ce39638,ConnectionID=87f1bf0f-7ff2-4d94-95b9-47a50ed2c09f,Mode=0,Ref=bi_bk3wk1_prod_01(bi_bk3wk1_prod_01),Host=DC2BUHAPP11,Connection=11628,Administrator=Unknown,Result=Success
57:23.771007-0,EXCP,3,process=rphost,p:processName=bi_bk3wk1_prod_01,OSThread=8072,t:clientID=4536,t:applicationName=BackgroundJob,t:computerName=DC2BUHAPP11,t:connectID=11628,SessionID=14933,Usr=WK1_Сагидоллаева_Сымбат_Ерболатовна-,Exception=SeanceContextException,Descr='Сеанс отсутствует или удален
ID=14d3d362-51ec-4fc4-8f02-45694cc4ca71, File=d:\jenkins\ci_builder2\windowsbuild2\platform\src\rserver\src\clusterdistribimpl.cpp(1439)'
57:23.771009-0,EXCP,2,process=rphost,p:processName=bi_bk3wk1_prod_01,OSThread=8072,t:clientID=4536,t:applicationName=BackgroundJob,t:computerName=DC2BUHAPP11,t:connectID=11628,SessionID=14933,Usr=WK1_Сагидоллаева_Сымбат_Ерболатовна-,Exception=60c686dc-798f-4d17-aadb-a90156a16eb8,Descr='src\rserver\src\rmngrcalls.cpp(476):
60c686dc-798f-4d17-aadb-a90156a16eb8: Сеанс отсутствует или удален
ID=14d3d362-51ec-4fc4-8f02-45694cc4ca71, File=d:\jenkins\ci_builder2\windowsbuild2\platform\src\rserver\src\clusterdistribimpl.cpp(1439)'
57:23.802006-0,EXCP,2,process=rphost,p:processName=bi_bk3wk1_prod_01,OSThread=8072,t:clientID=4536,t:applicationName=BackgroundJob,t:computerName=DC2BUHAPP11,t:connectID=11628,SessionID=14933,Usr=WK1_Сагидоллаева_Сымбат_Ерболатовна-,Exception=SeanceContextException,Descr='Сеанс отсутствует или удален
ID=14d3d362-51ec-4fc4-8f02-45694cc4ca71, File=d:\jenkins\ci_builder2\windowsbuild2\platform\src\rserver\src\rmngrcalls.cpp(364)'
57:23.802007-0,EXCP,2,process=rphost,p:processName=bi_bk3wk1_prod_01,OSThread=8072,t:clientID=4536,t:applicationName=BackgroundJob,t:computerName=DC2BUHAPP11,t:connectID=11628,SessionID=14933,Usr=WK1_Сагидоллаева_Сымбат_Ерболатовна-,Exception=60c686dc-798f-4d17-aadb-a90156a16eb8,Descr='src\rserver\src\serverjobexecutor.cpp(1095):
60c686dc-798f-4d17-aadb-a90156a16eb8: Сеанс отсутствует или удален
ID=14d3d362-51ec-4fc4-8f02-45694cc4ca71, File=d:\jenkins\ci_builder2\windowsbuild2\platform\src\rserver\src\rmngrcalls.cpp(364)'
57:23.802009-0,EXCP,3,process=rphost,p:processName=bi_bk3wk1_prod_01,OSThread=8072,t:clientID=4536,t:applicationName=BackgroundJob,t:computerName=DC2BUHAPP11,t:connectID=11628,SessionID=14933,Usr=WK1_Сагидоллаева_Сымбат_Ерболатовна-,Exception=SeanceContextException,Descr='Сеанс отсутствует или удален
ID=14d3d362-51ec-4fc4-8f02-45694cc4ca71, File=d:\jenkins\ci_builder2\windowsbuild2\platform\src\rserver\src\clusterdistribimpl.cpp(1439)'
57:23.802011-0,EXCP,2,process=rphost,p:processName=bi_bk3wk1_prod_01,OSThread=8072,t:clientID=4536,t:applicationName=BackgroundJob,t:computerName=DC2BUHAPP11,t:connectID=11628,SessionID=14933,Usr=WK1_Сагидоллаева_Сымбат_Ерболатовна-,Exception=60c686dc-798f-4d17-aadb-a90156a16eb8,Descr='src\rserver\src\rmngrcalls.cpp(476):
60c686dc-798f-4d17-aadb-a90156a16eb8: Сеанс отсутствует или удален
ID=14d3d362-51ec-4fc4-8f02-45694cc4ca71, File=d:\jenkins\ci_builder2\windowsbuild2\platform\src\rserver\src\clusterdistribimpl.cpp(1439)'
57:24.005000-0,EXCP,2,process=rphost,p:processName=bi_bk3wk1_prod_01,OSThread=8072,t:clientID=4536,t:applicationName=BackgroundJob,t:computerName=DC2BUHAPP11,t:connectID=11628,SessionID=14933,Usr=WK1_Сагидоллаева_Сымбат_Ерболатовна-,Exception=SeanceContextException,Descr='Сеанс отсутствует или удален
ID=14d3d362-51ec-4fc4-8f02-45694cc4ca71, File=d:\jenkins\ci_builder2\windowsbuild2\platform\src\rserver\src\rmngrcalls.cpp(364)'
