00:08.389000-0,PROC,0,process=rphost,OSThread=10036,Txt='Process terminated.
Stop signal received (ragent)'
00:09.233000-0,PROC,0,process=rphost,OSThread=9456,Txt='Process terminated.
Stop signal received (ragent)'
00:09.233005-0,EXCP,2,process=rphost,OSThread=3872,Exception=96380a22-60f7-4a8b-8fca-1224e6bc518f,Descr='src\rserver\src\rmngrcalls.cpp(951):
96380a22-60f7-4a8b-8fca-1224e6bc518f: OnFinishRpHost'
00:09.233006-0,EXCP,2,process=rphost,p:processName=bi_bk3wk1_prod_01,OSThread=3872,t:clientID=5,t:applicationName=1CV8C,t:computerName=DC1RDSH04,t:connectID=478,Exception=dd149677-3d47-4e05-a55f-4e75b13a441f,Descr='src\rtrsrvc\src\remoteinterfaceimpl.cpp(736):
dd149677-3d47-4e05-a55f-4e75b13a441f: Процесс завершается. Исходящий вызов запрещен.'
00:09.233007-0,EXCP,2,process=rphost,p:processName=bi_bk3wk1_prod_01,OSThread=3872,t:clientID=5,t:applicationName=1CV8C,t:computerName=DC1RDSH04,t:connectID=478,Exception=dd149677-3d47-4e05-a55f-4e75b13a441f,Descr='src\rserver\src\rmngrcalls.cpp(543):
dd149677-3d47-4e05-a55f-4e75b13a441f: Процесс завершается. Исходящий вызов запрещен.'
00:09.233008-0,EXCP,2,process=rphost,p:processName=bi_bk3wk1_prod_01,OSThread=3872,t:clientID=5,t:applicationName=1CV8C,t:computerName=DC1RDSH04,t:connectID=478,Exception=dd149677-3d47-4e05-a55f-4e75b13a441f,Descr='src\rtrsrvc\src\remoteinterfaceimpl.cpp(736):
dd149677-3d47-4e05-a55f-4e75b13a441f: Процесс завершается. Исходящий вызов запрещен.'
00:09.233009-0,EXCP,2,process=rphost,p:processName=bi_bk3wk1_prod_01,OSThread=3872,t:clientID=5,t:applicationName=1CV8C,t:computerName=DC1RDSH04,t:connectID=478,Exception=dd149677-3d47-4e05-a55f-4e75b13a441f,Descr='src\rtrsrvc\src\remoteinterfaceimpl.cpp(736):
dd149677-3d47-4e05-a55f-4e75b13a441f: Процесс завершается. Исходящий вызов запрещен.'
00:09.233010-0,EXCP,2,process=rphost,p:processName=bi_bk3wk1_prod_01,OSThread=3872,t:clientID=5,t:applicationName=1CV8C,t:computerName=DC1RDSH04,t:connectID=478,Exception=dd149677-3d47-4e05-a55f-4e75b13a441f,Descr='src\rtrsrvc\src\remoteinterfaceimpl.cpp(736):
dd149677-3d47-4e05-a55f-4e75b13a441f: Процесс завершается. Исходящий вызов запрещен.'
00:09.233011-0,EXCP,2,process=rphost,p:processName=bi_bk3wk1_prod_01,OSThread=3872,t:clientID=5,t:applicationName=1CV8C,t:computerName=DC1RDSH04,t:connectID=478,Exception=dd149677-3d47-4e05-a55f-4e75b13a441f,Descr='src\rtrsrvc\src\remoteinterfaceimpl.cpp(736):
dd149677-3d47-4e05-a55f-4e75b13a441f: Процесс завершается. Исходящий вызов запрещен.'
00:09.233012-0,EXCP,2,process=rphost,p:processName=bi_bk3wk1_prod_01,OSThread=3872,t:clientID=5,t:applicationName=1CV8C,t:computerName=DC1RDSH04,t:connectID=478,Exception=dd149677-3d47-4e05-a55f-4e75b13a441f,Descr='src\rtrsrvc\src\remoteinterfaceimpl.cpp(736):
dd149677-3d47-4e05-a55f-4e75b13a441f: Процесс завершается. Исходящий вызов запрещен.'
00:09.233013-0,EXCP,2,process=rphost,p:processName=bi_bk3wk1_prod_01,OSThread=3872,t:clientID=5,t:applicationName=1CV8C,t:computerName=DC1RDSH04,t:connectID=478,Exception=dd149677-3d47-4e05-a55f-4e75b13a441f,Descr='src\rtrsrvc\src\remoteinterfaceimpl.cpp(736):
dd149677-3d47-4e05-a55f-4e75b13a441f: Процесс завершается. Исходящий вызов запрещен.'
00:09.249000-0,EXCP,1,process=rphost,OSThread=636,Exception=dd149677-3d47-4e05-a55f-4e75b13a441f,Descr='src\rtrsrvc\src\remoteinterfaceimpl.cpp(736):
dd149677-3d47-4e05-a55f-4e75b13a441f: Процесс завершается. Исходящий вызов запрещен.'
00:09.249001-0,EXCP,1,process=rphost,OSThread=636,Exception=dd149677-3d47-4e05-a55f-4e75b13a441f,Descr='src\rserver\src\rmngrcalls.cpp(543):
dd149677-3d47-4e05-a55f-4e75b13a441f: Процесс завершается. Исходящий вызов запрещен.'
00:09.249002-0,EXCP,1,process=rphost,OSThread=636,Exception=dd149677-3d47-4e05-a55f-4e75b13a441f,Descr='src\rtrsrvc\src\remoteinterfaceimpl.cpp(736):
dd149677-3d47-4e05-a55f-4e75b13a441f: Процесс завершается. Исходящий вызов запрещен.'
00:09.249003-0,EXCP,1,process=rphost,OSThread=636,Exception=dd149677-3d47-4e05-a55f-4e75b13a441f,Descr='src\rtrsrvc\src\remoteinterfaceimpl.cpp(736):
dd149677-3d47-4e05-a55f-4e75b13a441f: Процесс завершается. Исходящий вызов запрещен.'
00:09.249004-0,EXCP,1,process=rphost,OSThread=636,Exception=dd149677-3d47-4e05-a55f-4e75b13a441f,Descr='src\rtrsrvc\src\remoteinterfaceimpl.cpp(736):
dd149677-3d47-4e05-a55f-4e75b13a441f: Процесс завершается. Исходящий вызов запрещен.'
00:09.436001-0,EXCP,0,process=rphost,OSThread=8620,Exception=dd149677-3d47-4e05-a55f-4e75b13a441f,Descr='src\rserver\src\rmngrcalls.cpp(586):
dd149677-3d47-4e05-a55f-4e75b13a441f: Процесс завершается. Исходящий вызов запрещен.'
00:09.452000-0,EXCP,0,process=rphost,OSThread=636,Exception=dd149677-3d47-4e05-a55f-4e75b13a441f,Descr='src\rserver\src\rmngrcalls.cpp(586):
dd149677-3d47-4e05-a55f-4e75b13a441f: Процесс завершается. Исходящий вызов запрещен.'
00:09.452002-0,EXCP,0,process=rphost,OSThread=636,Exception=dd149677-3d47-4e05-a55f-4e75b13a441f,Descr='src\rserver\src\rhostimpl.cpp(5770):
dd149677-3d47-4e05-a55f-4e75b13a441f: Процесс завершается. Исходящий вызов запрещен.'
00:09.452001-0,EXCP,2,process=rphost,p:processName=bi_bk3wk1_prod_01,OSThread=3872,t:clientID=5,t:applicationName=1CV8C,t:computerName=DC1RDSH04,t:connectID=478,Exception=dd149677-3d47-4e05-a55f-4e75b13a441f,Descr='src\rserver\src\rmngrcalls.cpp(586):
dd149677-3d47-4e05-a55f-4e75b13a441f: Процесс завершается. Исходящий вызов запрещен.'
00:09.452003-0,EXCP,2,process=rphost,p:processName=bi_bk3wk1_prod_01,OSThread=3872,t:clientID=5,t:applicationName=1CV8C,t:computerName=DC1RDSH04,t:connectID=478,Exception=dd149677-3d47-4e05-a55f-4e75b13a441f,Descr='src\rserver\src\srvrinfobaseimpl.cpp(923):
dd149677-3d47-4e05-a55f-4e75b13a441f: Процесс завершается. Исходящий вызов запрещен.'
00:09.452004-0,EXCP,2,process=rphost,p:processName=bi_bk3wk1_prod_01,OSThread=3872,t:clientID=5,t:applicationName=1CV8C,t:computerName=DC1RDSH04,t:connectID=478,Exception=dd149677-3d47-4e05-a55f-4e75b13a441f,Descr='src\rserver\src\rmngrcalls.cpp(586):
dd149677-3d47-4e05-a55f-4e75b13a441f: Процесс завершается. Исходящий вызов запрещен.'
00:09.655000-0,EXCP,0,process=rphost,OSThread=8620,Exception=dd149677-3d47-4e05-a55f-4e75b13a441f,Descr='src\rserver\src\rmngrcalls.cpp(586):
dd149677-3d47-4e05-a55f-4e75b13a441f: Процесс завершается. Исходящий вызов запрещен.'
00:09.655001-0,EXCP,2,process=rphost,p:processName=bi_bk3wk1_prod_01,OSThread=3872,t:clientID=5,t:applicationName=1CV8C,t:computerName=DC1RDSH04,t:connectID=478,Exception=dd149677-3d47-4e05-a55f-4e75b13a441f,Descr='src\rserver\src\rmngrcalls.cpp(586):
dd149677-3d47-4e05-a55f-4e75b13a441f: Процесс завершается. Исходящий вызов запрещен.'
00:09.655002-0,EXCP,0,process=rphost,OSThread=8620,Exception=dd149677-3d47-4e05-a55f-4e75b13a441f,Descr='src\rserver\src\clusterdistribimpl.cpp(2624):
dd149677-3d47-4e05-a55f-4e75b13a441f: Процесс завершается. Исходящий вызов запрещен.'
00:09.655003-0,EXCP,2,process=rphost,p:processName=bi_bk3wk1_prod_01,OSThread=3872,t:clientID=5,t:applicationName=1CV8C,t:computerName=DC1RDSH04,t:connectID=478,Exception=dd149677-3d47-4e05-a55f-4e75b13a441f,Descr='src\rserver\src\srvrinfobaseimpl.cpp(1227):
dd149677-3d47-4e05-a55f-4e75b13a441f: Процесс завершается. Исходящий вызов запрещен.'
00:09.655004-0,EXCP,0,process=rphost,OSThread=8620,Exception=dd149677-3d47-4e05-a55f-4e75b13a441f,Descr='src\rserver\src\rmngrcalls.cpp(586):
dd149677-3d47-4e05-a55f-4e75b13a441f: Процесс завершается. Исходящий вызов запрещен.'
00:09.655005-0,EXCP,2,process=rphost,p:processName=bi_bk3wk1_prod_01,OSThread=3872,t:clientID=5,t:applicationName=1CV8C,t:computerName=DC1RDSH04,t:connectID=478,Exception=dd149677-3d47-4e05-a55f-4e75b13a441f,Descr='src\rserver\src\rmngrcalls.cpp(739):
dd149677-3d47-4e05-a55f-4e75b13a441f: Процесс завершается. Исходящий вызов запрещен.'
00:09.655006-0,EXCP,2,process=rphost,p:processName=bi_bk3wk1_prod_01,OSThread=3872,t:clientID=5,t:applicationName=1CV8C,t:computerName=DC1RDSH04,t:connectID=478,Exception=dd149677-3d47-4e05-a55f-4e75b13a441f,Descr='src\rserver\src\rmngrcalls.cpp(739):
dd149677-3d47-4e05-a55f-4e75b13a441f: Процесс завершается. Исходящий вызов запрещен.'
00:09.655007-0,EXCP,2,process=rphost,p:processName=bi_bk3wk1_prod_01,OSThread=3872,t:clientID=5,t:applicationName=1CV8C,t:computerName=DC1RDSH04,t:connectID=478,Exception=96380a22-60f7-4a8b-8fca-1224e6bc518f,Descr='src\rserver\src\rmngrcalls.cpp(951):
96380a22-60f7-4a8b-8fca-1224e6bc518f: onFinishIBConnection'
00:09.655008-0,EXCP,2,process=rphost,p:processName=bi_bk3wk1_prod_01,OSThread=3872,t:clientID=5,t:applicationName=1CV8C,t:computerName=DC1RDSH04,t:connectID=478,Exception=dd149677-3d47-4e05-a55f-4e75b13a441f,Descr='src\rserver\src\rmngrcalls.cpp(586):
dd149677-3d47-4e05-a55f-4e75b13a441f: Процесс завершается. Исходящий вызов запрещен.'
00:09.858000-0,EXCP,2,process=rphost,p:processName=bi_bk3wk1_prod_01,OSThread=3872,t:clientID=5,t:applicationName=1CV8C,t:computerName=DC1RDSH04,t:connectID=478,Exception=dd149677-3d47-4e05-a55f-4e75b13a441f,Descr='src\rserver\src\rmngrcalls.cpp(586):
dd149677-3d47-4e05-a55f-4e75b13a441f: Процесс завершается. Исходящий вызов запрещен.'
00:09.858001-0,EXCP,0,process=rphost,OSThread=8620,Exception=dd149677-3d47-4e05-a55f-4e75b13a441f,Descr='src\rserver\src\rmngrcalls.cpp(586):
dd149677-3d47-4e05-a55f-4e75b13a441f: Процесс завершается. Исходящий вызов запрещен.'
00:09.858002-0,EXCP,0,process=rphost,OSThread=8620,Exception=dd149677-3d47-4e05-a55f-4e75b13a441f,Descr='src\rserver\src\clusterdistribimpl.cpp(2624):
dd149677-3d47-4e05-a55f-4e75b13a441f: Процесс завершается. Исходящий вызов запрещен.'
00:09.858003-0,EXCP,0,process=rphost,OSThread=8620,Exception=dd149677-3d47-4e05-a55f-4e75b13a441f,Descr='src\rserver\src\rmngrcalls.cpp(586):
dd149677-3d47-4e05-a55f-4e75b13a441f: Процесс завершается. Исходящий вызов запрещен.'
00:09.858005-0,EXCP,0,process=rphost,OSThread=9344,Exception=dd149677-3d47-4e05-a55f-4e75b13a441f,Descr='src\rserver\src\rmngrcalls.cpp(586):
dd149677-3d47-4e05-a55f-4e75b13a441f: Процесс завершается. Исходящий вызов запрещен.'
00:09.858006-0,EXCP,1,process=rphost,p:processName=bi_bk3wk1_prod_01,OSThread=3872,t:clientID=324,t:applicationName=1CV8C,t:computerName=DC3RDSH11,t:connectID=946,Exception=dd149677-3d47-4e05-a55f-4e75b13a441f,Descr='src\rserver\src\rmngrcalls.cpp(586):
dd149677-3d47-4e05-a55f-4e75b13a441f: Процесс завершается. Исходящий вызов запрещен.'
00:10.061000-0,EXCP,0,process=rphost,OSThread=8620,Exception=dd149677-3d47-4e05-a55f-4e75b13a441f,Descr='src\rserver\src\rmngrcalls.cpp(586):
dd149677-3d47-4e05-a55f-4e75b13a441f: Процесс завершается. Исходящий вызов запрещен.'
00:10.061002-0,EXCP,0,process=rphost,OSThread=9344,Exception=dd149677-3d47-4e05-a55f-4e75b13a441f,Descr='src\rserver\src\rmngrcalls.cpp(586):
dd149677-3d47-4e05-a55f-4e75b13a441f: Процесс завершается. Исходящий вызов запрещен.'
00:10.061001-0,EXCP,1,process=rphost,p:processName=bi_bk3wk1_prod_01,OSThread=3872,t:clientID=324,t:applicationName=1CV8C,t:computerName=DC3RDSH11,t:connectID=946,Exception=dd149677-3d47-4e05-a55f-4e75b13a441f,Descr='src\rserver\src\rmngrcalls.cpp(586):
dd149677-3d47-4e05-a55f-4e75b13a441f: Процесс завершается. Исходящий вызов запрещен.'
00:10.061003-0,EXCP,0,process=rphost,OSThread=8620,Exception=dd149677-3d47-4e05-a55f-4e75b13a441f,Descr='src\rserver\src\clusterdistribimpl.cpp(2624):
dd149677-3d47-4e05-a55f-4e75b13a441f: Процесс завершается. Исходящий вызов запрещен.'
00:10.061004-0,EXCP,0,process=rphost,OSThread=9344,Exception=dd149677-3d47-4e05-a55f-4e75b13a441f,Descr='src\rserver\src\rhostimpl.cpp(6261):
dd149677-3d47-4e05-a55f-4e75b13a441f: Процесс завершается. Исходящий вызов запрещен.'
00:10.061005-0,EXCP,1,process=rphost,p:processName=bi_bk3wk1_prod_01,OSThread=3872,t:clientID=324,t:applicationName=1CV8C,t:computerName=DC3RDSH11,t:connectID=946,Exception=dd149677-3d47-4e05-a55f-4e75b13a441f,Descr='src\rserver\src\srvrinfobaseimpl.cpp(1227):
dd149677-3d47-4e05-a55f-4e75b13a441f: Процесс завершается. Исходящий вызов запрещен.'
00:10.061006-0,EXCP,0,process=rphost,OSThread=8620,Exception=dd149677-3d47-4e05-a55f-4e75b13a441f,Descr='src\rserver\src\rmngrcalls.cpp(586):
dd149677-3d47-4e05-a55f-4e75b13a441f: Процесс завершается. Исходящий вызов запрещен.'
00:10.061007-0,EXCP,0,process=rphost,OSThread=9344,Exception=dd149677-3d47-4e05-a55f-4e75b13a441f,Descr='src\rserver\src\rmngrcalls.cpp(739):
dd149677-3d47-4e05-a55f-4e75b13a441f: Процесс завершается. Исходящий вызов запрещен.'
00:10.061008-0,EXCP,0,process=rphost,OSThread=9344,Exception=dd149677-3d47-4e05-a55f-4e75b13a441f,Descr='src\rserver\src\rmngrcalls.cpp(739):
dd149677-3d47-4e05-a55f-4e75b13a441f: Процесс завершается. Исходящий вызов запрещен.'
00:10.061009-0,EXCP,0,process=rphost,OSThread=9344,Exception=96380a22-60f7-4a8b-8fca-1224e6bc518f,Descr='src\rserver\src\rmngrcalls.cpp(951):
96380a22-60f7-4a8b-8fca-1224e6bc518f: onFinishConnection'
00:10.061010-0,EXCP,1,process=rphost,p:processName=bi_bk3wk1_prod_01,OSThread=3872,t:clientID=324,t:applicationName=1CV8C,t:computerName=DC3RDSH11,t:connectID=946,Exception=dd149677-3d47-4e05-a55f-4e75b13a441f,Descr='src\rserver\src\rmngrcalls.cpp(739):
dd149677-3d47-4e05-a55f-4e75b13a441f: Процесс завершается. Исходящий вызов запрещен.'
00:10.061011-0,EXCP,1,process=rphost,p:processName=bi_bk3wk1_prod_01,OSThread=3872,t:clientID=324,t:applicationName=1CV8C,t:computerName=DC3RDSH11,t:connectID=946,Exception=dd149677-3d47-4e05-a55f-4e75b13a441f,Descr='src\rserver\src\rmngrcalls.cpp(739):
dd149677-3d47-4e05-a55f-4e75b13a441f: Процесс завершается. Исходящий вызов запрещен.'
00:10.061012-0,EXCP,1,process=rphost,p:processName=bi_bk3wk1_prod_01,OSThread=3872,t:clientID=324,t:applicationName=1CV8C,t:computerName=DC3RDSH11,t:connectID=946,Exception=96380a22-60f7-4a8b-8fca-1224e6bc518f,Descr='src\rserver\src\rmngrcalls.cpp(951):
96380a22-60f7-4a8b-8fca-1224e6bc518f: onFinishIBConnection'
00:10.061013-0,EXCP,1,process=rphost,p:processName=bi_bk3wk1_prod_01,OSThread=3872,t:clientID=324,t:applicationName=1CV8C,t:computerName=DC3RDSH11,t:connectID=946,Exception=dd149677-3d47-4e05-a55f-4e75b13a441f,Descr='src\rserver\src\rmngrcalls.cpp(586):
dd149677-3d47-4e05-a55f-4e75b13a441f: Процесс завершается. Исходящий вызов запрещен.'
00:10.264000-0,EXCP,0,process=rphost,OSThread=8620,Exception=dd149677-3d47-4e05-a55f-4e75b13a441f,Descr='src\rserver\src\rmngrcalls.cpp(586):
dd149677-3d47-4e05-a55f-4e75b13a441f: Процесс завершается. Исходящий вызов запрещен.'
00:10.264001-0,EXCP,1,process=rphost,p:processName=bi_bk3wk1_prod_01,OSThread=3872,t:clientID=324,t:applicationName=1CV8C,t:computerName=DC3RDSH11,t:connectID=946,Exception=dd149677-3d47-4e05-a55f-4e75b13a441f,Descr='src\rserver\src\rmngrcalls.cpp(586):
dd149677-3d47-4e05-a55f-4e75b13a441f: Процесс завершается. Исходящий вызов запрещен.'
00:10.264002-0,EXCP,0,process=rphost,OSThread=8620,Exception=dd149677-3d47-4e05-a55f-4e75b13a441f,Descr='src\rserver\src\clusterdistribimpl.cpp(2624):
dd149677-3d47-4e05-a55f-4e75b13a441f: Процесс завершается. Исходящий вызов запрещен.'
00:10.264003-0,EXCP,0,process=rphost,OSThread=8620,Exception=dd149677-3d47-4e05-a55f-4e75b13a441f,Descr='src\rserver\src\rmngrcalls.cpp(586):
dd149677-3d47-4e05-a55f-4e75b13a441f: Процесс завершается. Исходящий вызов запрещен.'
00:10.264005-0,EXCP,0,process=rphost,OSThread=9344,Exception=dd149677-3d47-4e05-a55f-4e75b13a441f,Descr='src\rserver\src\rmngrcalls.cpp(586):
dd149677-3d47-4e05-a55f-4e75b13a441f: Процесс завершается. Исходящий вызов запрещен.'
00:10.264006-0,EXCP,1,process=rphost,p:processName=bi_bk3wk1_prod_01,OSThread=3872,t:clientID=2667,t:applicationName=1CV8C,t:computerName=DC1RDSH13,t:connectID=6901,Exception=dd149677-3d47-4e05-a55f-4e75b13a441f,Descr='src\rserver\src\rmngrcalls.cpp(586):
dd149677-3d47-4e05-a55f-4e75b13a441f: Процесс завершается. Исходящий вызов запрещен.'
00:10.467001-0,EXCP,0,process=rphost,OSThread=9344,Exception=dd149677-3d47-4e05-a55f-4e75b13a441f,Descr='src\rserver\src\rmngrcalls.cpp(586):
dd149677-3d47-4e05-a55f-4e75b13a441f: Процесс завершается. Исходящий вызов запрещен.'
00:10.467000-0,EXCP,0,process=rphost,OSThread=8620,Exception=dd149677-3d47-4e05-a55f-4e75b13a441f,Descr='src\rserver\src\rmngrcalls.cpp(586):
dd149677-3d47-4e05-a55f-4e75b13a441f: Процесс завершается. Исходящий вызов запрещен.'
00:10.467002-0,EXCP,1,process=rphost,p:processName=bi_bk3wk1_prod_01,OSThread=3872,t:clientID=2667,t:applicationName=1CV8C,t:computerName=DC1RDSH13,t:connectID=6901,Exception=dd149677-3d47-4e05-a55f-4e75b13a441f,Descr='src\rserver\src\rmngrcalls.cpp(586):
dd149677-3d47-4e05-a55f-4e75b13a441f: Процесс завершается. Исходящий вызов запрещен.'
00:10.467003-0,EXCP,0,process=rphost,OSThread=9344,Exception=dd149677-3d47-4e05-a55f-4e75b13a441f,Descr='src\rserver\src\rhostimpl.cpp(6261):
dd149677-3d47-4e05-a55f-4e75b13a441f: Процесс завершается. Исходящий вызов запрещен.'
00:10.467004-0,EXCP,0,process=rphost,OSThread=8620,Exception=dd149677-3d47-4e05-a55f-4e75b13a441f,Descr='src\rserver\src\clusterdistribimpl.cpp(2624):
dd149677-3d47-4e05-a55f-4e75b13a441f: Процесс завершается. Исходящий вызов запрещен.'
00:10.467005-0,EXCP,1,process=rphost,p:processName=bi_bk3wk1_prod_01,OSThread=3872,t:clientID=2667,t:applicationName=1CV8C,t:computerName=DC1RDSH13,t:connectID=6901,Exception=dd149677-3d47-4e05-a55f-4e75b13a441f,Descr='src\rserver\src\srvrinfobaseimpl.cpp(1227):
dd149677-3d47-4e05-a55f-4e75b13a441f: Процесс завершается. Исходящий вызов запрещен.'
00:10.467006-0,EXCP,0,process=rphost,OSThread=9344,Exception=dd149677-3d47-4e05-a55f-4e75b13a441f,Descr='src\rserver\src\rmngrcalls.cpp(739):
dd149677-3d47-4e05-a55f-4e75b13a441f: Процесс завершается. Исходящий вызов запрещен.'
00:10.467007-0,EXCP,0,process=rphost,OSThread=8620,Exception=dd149677-3d47-4e05-a55f-4e75b13a441f,Descr='src\rserver\src\rmngrcalls.cpp(586):
dd149677-3d47-4e05-a55f-4e75b13a441f: Процесс завершается. Исходящий вызов запрещен.'
00:10.467008-0,EXCP,0,process=rphost,OSThread=9344,Exception=dd149677-3d47-4e05-a55f-4e75b13a441f,Descr='src\rserver\src\rmngrcalls.cpp(739):
dd149677-3d47-4e05-a55f-4e75b13a441f: Процесс завершается. Исходящий вызов запрещен.'
00:10.467009-0,EXCP,0,process=rphost,OSThread=9344,Exception=96380a22-60f7-4a8b-8fca-1224e6bc518f,Descr='src\rserver\src\rmngrcalls.cpp(951):
96380a22-60f7-4a8b-8fca-1224e6bc518f: onFinishConnection'
00:10.467010-0,EXCP,1,process=rphost,p:processName=bi_bk3wk1_prod_01,OSThread=3872,t:clientID=2667,t:applicationName=1CV8C,t:computerName=DC1RDSH13,t:connectID=6901,Exception=dd149677-3d47-4e05-a55f-4e75b13a441f,Descr='src\rserver\src\rmngrcalls.cpp(739):
dd149677-3d47-4e05-a55f-4e75b13a441f: Процесс завершается. Исходящий вызов запрещен.'
00:10.467011-0,EXCP,1,process=rphost,p:processName=bi_bk3wk1_prod_01,OSThread=3872,t:clientID=2667,t:applicationName=1CV8C,t:computerName=DC1RDSH13,t:connectID=6901,Exception=dd149677-3d47-4e05-a55f-4e75b13a441f,Descr='src\rserver\src\rmngrcalls.cpp(739):
dd149677-3d47-4e05-a55f-4e75b13a441f: Процесс завершается. Исходящий вызов запрещен.'
00:10.467012-0,EXCP,1,process=rphost,p:processName=bi_bk3wk1_prod_01,OSThread=3872,t:clientID=2667,t:applicationName=1CV8C,t:computerName=DC1RDSH13,t:connectID=6901,Exception=96380a22-60f7-4a8b-8fca-1224e6bc518f,Descr='src\rserver\src\rmngrcalls.cpp(951):
96380a22-60f7-4a8b-8fca-1224e6bc518f: onFinishIBConnection'
00:10.467013-0,EXCP,1,process=rphost,p:processName=bi_bk3wk1_prod_01,OSThread=3872,t:clientID=2667,t:applicationName=1CV8C,t:computerName=DC1RDSH13,t:connectID=6901,Exception=dd149677-3d47-4e05-a55f-4e75b13a441f,Descr='src\rserver\src\rmngrcalls.cpp(586):
dd149677-3d47-4e05-a55f-4e75b13a441f: Процесс завершается. Исходящий вызов запрещен.'
00:10.671001-0,EXCP,0,process=rphost,OSThread=8620,Exception=dd149677-3d47-4e05-a55f-4e75b13a441f,Descr='src\rserver\src\rmngrcalls.cpp(586):
dd149677-3d47-4e05-a55f-4e75b13a441f: Процесс завершается. Исходящий вызов запрещен.'
00:10.671000-0,EXCP,1,process=rphost,p:processName=bi_bk3wk1_prod_01,OSThread=3872,t:clientID=2667,t:applicationName=1CV8C,t:computerName=DC1RDSH13,t:connectID=6901,Exception=dd149677-3d47-4e05-a55f-4e75b13a441f,Descr='src\rserver\src\rmngrcalls.cpp(586):
dd149677-3d47-4e05-a55f-4e75b13a441f: Процесс завершается. Исходящий вызов запрещен.'
00:10.671002-0,EXCP,0,process=rphost,OSThread=8620,Exception=dd149677-3d47-4e05-a55f-4e75b13a441f,Descr='src\rserver\src\clusterdistribimpl.cpp(2624):
dd149677-3d47-4e05-a55f-4e75b13a441f: Процесс завершается. Исходящий вызов запрещен.'
00:10.671004-0,EXCP,0,process=rphost,OSThread=8620,Exception=dd149677-3d47-4e05-a55f-4e75b13a441f,Descr='src\rserver\src\rmngrcalls.cpp(586):
dd149677-3d47-4e05-a55f-4e75b13a441f: Процесс завершается. Исходящий вызов запрещен.'
00:10.671005-0,EXCP,0,process=rphost,OSThread=9344,Exception=dd149677-3d47-4e05-a55f-4e75b13a441f,Descr='src\rserver\src\rmngrcalls.cpp(586):
dd149677-3d47-4e05-a55f-4e75b13a441f: Процесс завершается. Исходящий вызов запрещен.'
00:10.874000-0,EXCP,0,process=rphost,OSThread=8620,Exception=dd149677-3d47-4e05-a55f-4e75b13a441f,Descr='src\rserver\src\rmngrcalls.cpp(586):
dd149677-3d47-4e05-a55f-4e75b13a441f: Процесс завершается. Исходящий вызов запрещен.'
00:10.874001-0,EXCP,0,process=rphost,OSThread=9344,Exception=dd149677-3d47-4e05-a55f-4e75b13a441f,Descr='src\rserver\src\rmngrcalls.cpp(586):
dd149677-3d47-4e05-a55f-4e75b13a441f: Процесс завершается. Исходящий вызов запрещен.'
00:10.874002-0,EXCP,0,process=rphost,OSThread=8620,Exception=dd149677-3d47-4e05-a55f-4e75b13a441f,Descr='src\rserver\src\clusterdistribimpl.cpp(2624):
dd149677-3d47-4e05-a55f-4e75b13a441f: Процесс завершается. Исходящий вызов запрещен.'
00:10.874003-0,EXCP,0,process=rphost,OSThread=9344,Exception=dd149677-3d47-4e05-a55f-4e75b13a441f,Descr='src\rserver\src\rhostimpl.cpp(6261):
dd149677-3d47-4e05-a55f-4e75b13a441f: Процесс завершается. Исходящий вызов запрещен.'
00:10.874004-0,EXCP,0,process=rphost,OSThread=8620,Exception=dd149677-3d47-4e05-a55f-4e75b13a441f,Descr='src\rserver\src\rmngrcalls.cpp(586):
dd149677-3d47-4e05-a55f-4e75b13a441f: Процесс завершается. Исходящий вызов запрещен.'
00:10.874005-0,EXCP,0,process=rphost,OSThread=9344,Exception=dd149677-3d47-4e05-a55f-4e75b13a441f,Descr='src\rserver\src\rmngrcalls.cpp(739):
dd149677-3d47-4e05-a55f-4e75b13a441f: Процесс завершается. Исходящий вызов запрещен.'
00:10.874006-0,EXCP,0,process=rphost,OSThread=9344,Exception=dd149677-3d47-4e05-a55f-4e75b13a441f,Descr='src\rserver\src\rmngrcalls.cpp(739):
dd149677-3d47-4e05-a55f-4e75b13a441f: Процесс завершается. Исходящий вызов запрещен.'
00:10.874007-0,EXCP,0,process=rphost,OSThread=9344,Exception=96380a22-60f7-4a8b-8fca-1224e6bc518f,Descr='src\rserver\src\rmngrcalls.cpp(951):
96380a22-60f7-4a8b-8fca-1224e6bc518f: onFinishConnection'
00:11.077001-0,EXCP,0,process=rphost,OSThread=8620,Exception=dd149677-3d47-4e05-a55f-4e75b13a441f,Descr='src\rserver\src\rmngrcalls.cpp(586):
dd149677-3d47-4e05-a55f-4e75b13a441f: Процесс завершается. Исходящий вызов запрещен.'
00:11.077002-0,EXCP,0,process=rphost,OSThread=8620,Exception=dd149677-3d47-4e05-a55f-4e75b13a441f,Descr='src\rserver\src\clusterdistribimpl.cpp(2624):
dd149677-3d47-4e05-a55f-4e75b13a441f: Процесс завершается. Исходящий вызов запрещен.'
00:11.077003-0,EXCP,0,process=rphost,OSThread=8620,Exception=dd149677-3d47-4e05-a55f-4e75b13a441f,Descr='src\rserver\src\rmngrcalls.cpp(586):
dd149677-3d47-4e05-a55f-4e75b13a441f: Процесс завершается. Исходящий вызов запрещен.'
00:11.280000-0,EXCP,0,process=rphost,OSThread=8620,Exception=dd149677-3d47-4e05-a55f-4e75b13a441f,Descr='src\rserver\src\rmngrcalls.cpp(586):
dd149677-3d47-4e05-a55f-4e75b13a441f: Процесс завершается. Исходящий вызов запрещен.'
00:11.280001-0,EXCP,0,process=rphost,OSThread=8620,Exception=dd149677-3d47-4e05-a55f-4e75b13a441f,Descr='src\rserver\src\clusterdistribimpl.cpp(2624):
dd149677-3d47-4e05-a55f-4e75b13a441f: Процесс завершается. Исходящий вызов запрещен.'
00:11.280002-0,EXCP,0,process=rphost,OSThread=8620,Exception=dd149677-3d47-4e05-a55f-4e75b13a441f,Descr='src\rserver\src\rmngrcalls.cpp(586):
dd149677-3d47-4e05-a55f-4e75b13a441f: Процесс завершается. Исходящий вызов запрещен.'
00:11.483000-0,EXCP,0,process=rphost,OSThread=8620,Exception=dd149677-3d47-4e05-a55f-4e75b13a441f,Descr='src\rserver\src\rmngrcalls.cpp(586):
dd149677-3d47-4e05-a55f-4e75b13a441f: Процесс завершается. Исходящий вызов запрещен.'
00:11.483001-0,EXCP,0,process=rphost,OSThread=8620,Exception=dd149677-3d47-4e05-a55f-4e75b13a441f,Descr='src\rserver\src\clusterdistribimpl.cpp(2624):
dd149677-3d47-4e05-a55f-4e75b13a441f: Процесс завершается. Исходящий вызов запрещен.'
00:11.483002-0,EXCP,0,process=rphost,OSThread=8620,Exception=dd149677-3d47-4e05-a55f-4e75b13a441f,Descr='src\rserver\src\rmngrcalls.cpp(586):
dd149677-3d47-4e05-a55f-4e75b13a441f: Процесс завершается. Исходящий вызов запрещен.'
00:11.686000-0,EXCP,0,process=rphost,OSThread=8620,Exception=dd149677-3d47-4e05-a55f-4e75b13a441f,Descr='src\rserver\src\rmngrcalls.cpp(586):
dd149677-3d47-4e05-a55f-4e75b13a441f: Процесс завершается. Исходящий вызов запрещен.'
00:11.686001-0,EXCP,0,process=rphost,OSThread=8620,Exception=dd149677-3d47-4e05-a55f-4e75b13a441f,Descr='src\rserver\src\clusterdistribimpl.cpp(2624):
dd149677-3d47-4e05-a55f-4e75b13a441f: Процесс завершается. Исходящий вызов запрещен.'
00:11.686002-0,EXCP,0,process=rphost,OSThread=8620,Exception=dd149677-3d47-4e05-a55f-4e75b13a441f,Descr='src\rserver\src\rmngrcalls.cpp(586):
dd149677-3d47-4e05-a55f-4e75b13a441f: Процесс завершается. Исходящий вызов запрещен.'
00:11.889000-0,EXCP,0,process=rphost,OSThread=8620,Exception=dd149677-3d47-4e05-a55f-4e75b13a441f,Descr='src\rserver\src\rmngrcalls.cpp(586):
dd149677-3d47-4e05-a55f-4e75b13a441f: Процесс завершается. Исходящий вызов запрещен.'
00:11.889001-0,EXCP,0,process=rphost,OSThread=8620,Exception=dd149677-3d47-4e05-a55f-4e75b13a441f,Descr='src\rserver\src\clusterdistribimpl.cpp(2624):
dd149677-3d47-4e05-a55f-4e75b13a441f: Процесс завершается. Исходящий вызов запрещен.'
00:11.889002-0,EXCP,0,process=rphost,OSThread=8620,Exception=dd149677-3d47-4e05-a55f-4e75b13a441f,Descr='src\rserver\src\rmngrcalls.cpp(586):
dd149677-3d47-4e05-a55f-4e75b13a441f: Процесс завершается. Исходящий вызов запрещен.'
00:12.092000-0,EXCP,0,process=rphost,OSThread=8620,Exception=dd149677-3d47-4e05-a55f-4e75b13a441f,Descr='src\rserver\src\rmngrcalls.cpp(586):
dd149677-3d47-4e05-a55f-4e75b13a441f: Процесс завершается. Исходящий вызов запрещен.'
00:12.092001-0,EXCP,0,process=rphost,OSThread=8620,Exception=dd149677-3d47-4e05-a55f-4e75b13a441f,Descr='src\rserver\src\clusterdistribimpl.cpp(2624):
dd149677-3d47-4e05-a55f-4e75b13a441f: Процесс завершается. Исходящий вызов запрещен.'
00:12.092002-0,EXCP,0,process=rphost,OSThread=8620,Exception=dd149677-3d47-4e05-a55f-4e75b13a441f,Descr='src\rserver\src\rmngrcalls.cpp(586):
dd149677-3d47-4e05-a55f-4e75b13a441f: Процесс завершается. Исходящий вызов запрещен.'
00:12.296000-0,EXCP,0,process=rphost,OSThread=8620,Exception=dd149677-3d47-4e05-a55f-4e75b13a441f,Descr='src\rserver\src\rmngrcalls.cpp(586):
dd149677-3d47-4e05-a55f-4e75b13a441f: Процесс завершается. Исходящий вызов запрещен.'
00:12.296001-0,EXCP,0,process=rphost,OSThread=8620,Exception=dd149677-3d47-4e05-a55f-4e75b13a441f,Descr='src\rserver\src\clusterdistribimpl.cpp(2624):
dd149677-3d47-4e05-a55f-4e75b13a441f: Процесс завершается. Исходящий вызов запрещен.'
00:12.296002-0,EXCP,0,process=rphost,OSThread=8620,Exception=dd149677-3d47-4e05-a55f-4e75b13a441f,Descr='src\rserver\src\rmngrcalls.cpp(586):
dd149677-3d47-4e05-a55f-4e75b13a441f: Процесс завершается. Исходящий вызов запрещен.'
00:12.499000-0,EXCP,0,process=rphost,OSThread=8620,Exception=dd149677-3d47-4e05-a55f-4e75b13a441f,Descr='src\rserver\src\rmngrcalls.cpp(586):
dd149677-3d47-4e05-a55f-4e75b13a441f: Процесс завершается. Исходящий вызов запрещен.'
00:12.499001-0,EXCP,0,process=rphost,OSThread=8620,Exception=dd149677-3d47-4e05-a55f-4e75b13a441f,Descr='src\rserver\src\clusterdistribimpl.cpp(2624):
dd149677-3d47-4e05-a55f-4e75b13a441f: Процесс завершается. Исходящий вызов запрещен.'
00:12.499002-0,EXCP,0,process=rphost,OSThread=8620,Exception=dd149677-3d47-4e05-a55f-4e75b13a441f,Descr='src\rserver\src\rmngrcalls.cpp(586):
dd149677-3d47-4e05-a55f-4e75b13a441f: Процесс завершается. Исходящий вызов запрещен.'
00:12.702001-0,EXCP,0,process=rphost,OSThread=8620,Exception=dd149677-3d47-4e05-a55f-4e75b13a441f,Descr='src\rserver\src\rmngrcalls.cpp(586):
dd149677-3d47-4e05-a55f-4e75b13a441f: Процесс завершается. Исходящий вызов запрещен.'
00:12.702002-0,EXCP,0,process=rphost,OSThread=8620,Exception=dd149677-3d47-4e05-a55f-4e75b13a441f,Descr='src\rserver\src\clusterdistribimpl.cpp(2624):
dd149677-3d47-4e05-a55f-4e75b13a441f: Процесс завершается. Исходящий вызов запрещен.'
00:12.702003-0,EXCP,0,process=rphost,OSThread=8620,Exception=dd149677-3d47-4e05-a55f-4e75b13a441f,Descr='src\rserver\src\rmngrcalls.cpp(586):
dd149677-3d47-4e05-a55f-4e75b13a441f: Процесс завершается. Исходящий вызов запрещен.'
00:12.905000-0,EXCP,0,process=rphost,OSThread=8620,Exception=dd149677-3d47-4e05-a55f-4e75b13a441f,Descr='src\rserver\src\rmngrcalls.cpp(586):
dd149677-3d47-4e05-a55f-4e75b13a441f: Процесс завершается. Исходящий вызов запрещен.'
00:12.905001-0,EXCP,0,process=rphost,OSThread=8620,Exception=dd149677-3d47-4e05-a55f-4e75b13a441f,Descr='src\rserver\src\clusterdistribimpl.cpp(2624):
dd149677-3d47-4e05-a55f-4e75b13a441f: Процесс завершается. Исходящий вызов запрещен.'
00:12.905002-0,EXCP,0,process=rphost,OSThread=8620,Exception=dd149677-3d47-4e05-a55f-4e75b13a441f,Descr='src\rserver\src\rmngrcalls.cpp(586):
dd149677-3d47-4e05-a55f-4e75b13a441f: Процесс завершается. Исходящий вызов запрещен.'
00:13.108000-0,EXCP,0,process=rphost,OSThread=8620,Exception=dd149677-3d47-4e05-a55f-4e75b13a441f,Descr='src\rserver\src\rmngrcalls.cpp(586):
dd149677-3d47-4e05-a55f-4e75b13a441f: Процесс завершается. Исходящий вызов запрещен.'
00:13.108001-0,EXCP,0,process=rphost,OSThread=8620,Exception=dd149677-3d47-4e05-a55f-4e75b13a441f,Descr='src\rserver\src\clusterdistribimpl.cpp(2624):
dd149677-3d47-4e05-a55f-4e75b13a441f: Процесс завершается. Исходящий вызов запрещен.'
00:13.108002-0,EXCP,0,process=rphost,OSThread=8620,Exception=dd149677-3d47-4e05-a55f-4e75b13a441f,Descr='src\rserver\src\rmngrcalls.cpp(586):
dd149677-3d47-4e05-a55f-4e75b13a441f: Процесс завершается. Исходящий вызов запрещен.'
00:13.311000-0,EXCP,0,process=rphost,OSThread=8620,Exception=dd149677-3d47-4e05-a55f-4e75b13a441f,Descr='src\rserver\src\rmngrcalls.cpp(586):
dd149677-3d47-4e05-a55f-4e75b13a441f: Процесс завершается. Исходящий вызов запрещен.'
00:13.311001-0,EXCP,0,process=rphost,OSThread=8620,Exception=dd149677-3d47-4e05-a55f-4e75b13a441f,Descr='src\rserver\src\clusterdistribimpl.cpp(2624):
dd149677-3d47-4e05-a55f-4e75b13a441f: Процесс завершается. Исходящий вызов запрещен.'
00:13.311002-0,EXCP,0,process=rphost,OSThread=8620,Exception=dd149677-3d47-4e05-a55f-4e75b13a441f,Descr='src\rserver\src\rmngrcalls.cpp(586):
dd149677-3d47-4e05-a55f-4e75b13a441f: Процесс завершается. Исходящий вызов запрещен.'
00:13.514000-0,EXCP,0,process=rphost,OSThread=8620,Exception=dd149677-3d47-4e05-a55f-4e75b13a441f,Descr='src\rserver\src\rmngrcalls.cpp(586):
dd149677-3d47-4e05-a55f-4e75b13a441f: Процесс завершается. Исходящий вызов запрещен.'
00:13.514001-0,EXCP,0,process=rphost,OSThread=8620,Exception=dd149677-3d47-4e05-a55f-4e75b13a441f,Descr='src\rserver\src\clusterdistribimpl.cpp(2624):
dd149677-3d47-4e05-a55f-4e75b13a441f: Процесс завершается. Исходящий вызов запрещен.'
00:13.514002-0,EXCP,0,process=rphost,OSThread=8620,Exception=dd149677-3d47-4e05-a55f-4e75b13a441f,Descr='src\rserver\src\rmngrcalls.cpp(586):
dd149677-3d47-4e05-a55f-4e75b13a441f: Процесс завершается. Исходящий вызов запрещен.'
00:13.717000-0,EXCP,0,process=rphost,OSThread=8620,Exception=dd149677-3d47-4e05-a55f-4e75b13a441f,Descr='src\rserver\src\rmngrcalls.cpp(586):
dd149677-3d47-4e05-a55f-4e75b13a441f: Процесс завершается. Исходящий вызов запрещен.'
00:13.717001-0,EXCP,0,process=rphost,OSThread=8620,Exception=dd149677-3d47-4e05-a55f-4e75b13a441f,Descr='src\rserver\src\clusterdistribimpl.cpp(2624):
dd149677-3d47-4e05-a55f-4e75b13a441f: Процесс завершается. Исходящий вызов запрещен.'
00:13.717002-0,EXCP,0,process=rphost,OSThread=8620,Exception=dd149677-3d47-4e05-a55f-4e75b13a441f,Descr='src\rserver\src\rmngrcalls.cpp(586):
dd149677-3d47-4e05-a55f-4e75b13a441f: Процесс завершается. Исходящий вызов запрещен.'
00:13.921000-0,EXCP,0,process=rphost,OSThread=8620,Exception=dd149677-3d47-4e05-a55f-4e75b13a441f,Descr='src\rserver\src\rmngrcalls.cpp(586):
dd149677-3d47-4e05-a55f-4e75b13a441f: Процесс завершается. Исходящий вызов запрещен.'
00:13.921001-0,EXCP,0,process=rphost,OSThread=8620,Exception=dd149677-3d47-4e05-a55f-4e75b13a441f,Descr='src\rserver\src\clusterdistribimpl.cpp(2624):
dd149677-3d47-4e05-a55f-4e75b13a441f: Процесс завершается. Исходящий вызов запрещен.'
00:13.921002-0,EXCP,0,process=rphost,OSThread=8620,Exception=dd149677-3d47-4e05-a55f-4e75b13a441f,Descr='src\rserver\src\rmngrcalls.cpp(586):
dd149677-3d47-4e05-a55f-4e75b13a441f: Процесс завершается. Исходящий вызов запрещен.'
00:14.046002-0,EXCP,0,process=rphost,OSThread=7524,Exception=dd149677-3d47-4e05-a55f-4e75b13a441f,Descr='src\rtrsrvc\src\remoteinterfaceimpl.cpp(736):
dd149677-3d47-4e05-a55f-4e75b13a441f: Процесс завершается. Исходящий вызов запрещен.'
00:14.124000-0,EXCP,0,process=rphost,OSThread=8620,Exception=dd149677-3d47-4e05-a55f-4e75b13a441f,Descr='src\rserver\src\rmngrcalls.cpp(586):
dd149677-3d47-4e05-a55f-4e75b13a441f: Процесс завершается. Исходящий вызов запрещен.'
00:14.124001-0,EXCP,0,process=rphost,OSThread=8620,Exception=dd149677-3d47-4e05-a55f-4e75b13a441f,Descr='src\rserver\src\clusterdistribimpl.cpp(2624):
dd149677-3d47-4e05-a55f-4e75b13a441f: Процесс завершается. Исходящий вызов запрещен.'
00:14.124002-0,EXCP,0,process=rphost,OSThread=8620,Exception=dd149677-3d47-4e05-a55f-4e75b13a441f,Descr='src\rserver\src\rmngrcalls.cpp(586):
dd149677-3d47-4e05-a55f-4e75b13a441f: Процесс завершается. Исходящий вызов запрещен.'
