21:35.292014-0,EXCP,0,process=rphost,OSThread=6036,ClientID=116,Exception=NetDataExchangeException,Descr='server_addr=(2)10.3.172.15:63300 descr=10054(0x00002746): Удаленный хост принудительно разорвал существующее подключение.  line=1149 file=d:\jenkins\ci_builder2\windowsbuild2\platform\src\rtrsrvc\src\dataexchangeserverimpl.cpp'
21:35.292015-0,EXCP,0,process=rphost,OSThread=9160,ClientID=114,Exception=NetDataExchangeException,Descr='server_addr=(2)10.3.172.15:63295 descr=10054(0x00002746): Удаленный хост принудительно разорвал существующее подключение.  line=2273 file=d:\jenkins\ci_builder2\windowsbuild2\platform\src\rtrsrvc\src\dataexchangeserverimpl.cpp'
21:35.292016-0,EXCPCNTX,0,ClientComputerName=,ServerComputerName=,UserName=,ConnectString=
21:35.292017-0,EXCPCNTX,0,ClientComputerName=,ServerComputerName=,UserName=,ConnectString=
33:59.369000-0,EXCP,0,process=rphost,OSThread=9488,ClientID=87,Exception=NetDataExchangeException,Descr='server_addr=(2)10.224.32.249:62459 descr=10054(0x00002746): Удаленный хост принудительно разорвал существующее подключение.  line=2273 file=d:\jenkins\ci_builder2\windowsbuild2\platform\src\rtrsrvc\src\dataexchangeserverimpl.cpp'
33:59.369001-0,EXCPCNTX,0,ClientComputerName=,ServerComputerName=,UserName=,ConnectString=
33:59.369005-0,EXCP,0,process=rphost,OSThread=3844,ClientID=98,Exception=NetDataExchangeException,Descr='server_addr=(2)10.224.32.249:62472 descr=10054(0x00002746): Удаленный хост принудительно разорвал существующее подключение.  line=1149 file=d:\jenkins\ci_builder2\windowsbuild2\platform\src\rtrsrvc\src\dataexchangeserverimpl.cpp'
33:59.369006-0,EXCPCNTX,0,ClientComputerName=,ServerComputerName=,UserName=,ConnectString=
38:42.419000-0,EXCP,0,process=rphost,OSThread=6704,ClientID=60,Exception=NetDataExchangeException,Descr='server_addr=(2)10.224.32.44:62540 descr=10054(0x00002746): Удаленный хост принудительно разорвал существующее подключение.  line=1149 file=d:\jenkins\ci_builder2\windowsbuild2\platform\src\rtrsrvc\src\dataexchangeserverimpl.cpp'
38:42.419001-0,EXCP,0,process=rphost,OSThread=3144,ClientID=58,Exception=NetDataExchangeException,Descr='server_addr=(2)10.224.32.44:62530 descr=10054(0x00002746): Удаленный хост принудительно разорвал существующее подключение.  line=2273 file=d:\jenkins\ci_builder2\windowsbuild2\platform\src\rtrsrvc\src\dataexchangeserverimpl.cpp'
38:42.419002-0,EXCPCNTX,0,ClientComputerName=,ServerComputerName=,UserName=,ConnectString=
38:42.419003-0,EXCPCNTX,0,ClientComputerName=,ServerComputerName=,UserName=,ConnectString=
47:43.078017-0,ADMIN,2,process=rphost,p:processName=ServerJobExecutorContext,OSThread=5144,t:clientID=4887,t:applicationName=JobScheduler,t:computerName=DC2BUHAPP11,Func=killClient,ClusterID=8aa94e2b-5d54-4b86-800b-79353ce39638,ConnectionID=98144085-0823-4d0f-a866-a93b55128f53,Mode=0,Ref=bi_bk3wk1_prod_01(bi_bk3wk1_prod_01),Host=DC2BUHAPP11,Connection=12428,Administrator=Unknown,Result=Success
47:43.578017-0,ADMIN,2,process=rphost,p:processName=ServerJobExecutorContext,OSThread=5144,t:clientID=4887,t:applicationName=JobScheduler,t:computerName=DC2BUHAPP11,Func=killClient,ClusterID=8aa94e2b-5d54-4b86-800b-79353ce39638,ConnectionID=6e8b4e8f-87c9-4274-85f5-cdd73f69b804,Mode=0,Ref=bi_bk3wk1_prod_01(bi_bk3wk1_prod_01),Host=DC2BUHAPP11,Connection=12429,Administrator=Unknown,Result=Success
47:44.640015-0,ADMIN,2,process=rphost,p:processName=ServerJobExecutorContext,OSThread=2044,t:clientID=4887,t:applicationName=JobScheduler,t:computerName=DC2BUHAPP11,Func=killClient,ClusterID=8aa94e2b-5d54-4b86-800b-79353ce39638,ConnectionID=8b44f642-c9cd-406f-8554-34e3582433c4,Mode=0,Ref=bi_bk3wk1_prod_01(bi_bk3wk1_prod_01),Host=DC2BUHAPP11,Connection=12430,Administrator=Unknown,Result=Success
47:45.062015-0,ADMIN,2,process=rphost,p:processName=ServerJobExecutorContext,OSThread=2044,t:clientID=4887,t:applicationName=JobScheduler,t:computerName=DC2BUHAPP11,Func=killClient,ClusterID=8aa94e2b-5d54-4b86-800b-79353ce39638,ConnectionID=a7aecc31-ffb3-42be-87e2-1daaa09d3123,Mode=0,Ref=bi_bk3wk1_prod_01(bi_bk3wk1_prod_01),Host=DC2BUHAPP11,Connection=12431,Administrator=Unknown,Result=Success
47:45.515015-0,ADMIN,2,process=rphost,p:processName=ServerJobExecutorContext,OSThread=2044,t:clientID=4887,t:applicationName=JobScheduler,t:computerName=DC2BUHAPP11,Func=killClient,ClusterID=8aa94e2b-5d54-4b86-800b-79353ce39638,ConnectionID=2ad837be-3797-472c-8a44-b77d7c31c190,Mode=0,Ref=bi_bk3wk1_prod_01(bi_bk3wk1_prod_01),Host=DC2BUHAPP11,Connection=12432,Administrator=Unknown,Result=Success
47:46.203000-0,EXCP,3,process=rphost,p:processName=bi_bk3wk1_prod_01,OSThread=7364,t:clientID=4891,t:applicationName=BackgroundJob,t:computerName=DC2BUHAPP11,t:connectID=12430,SessionID=15592,Usr=Шакиржанов Ержан Рашидович,Exception=SeanceContextException,Descr='Сеанс отсутствует или удален
ID=41bbebc9-4ff6-4306-ad0b-3306895d6ed4, File=d:\jenkins\ci_builder2\windowsbuild2\platform\src\rserver\src\clusterdistribimpl.cpp(1439)'
47:46.203002-0,EXCP,2,process=rphost,p:processName=bi_bk3wk1_prod_01,OSThread=7364,t:clientID=4891,t:applicationName=BackgroundJob,t:computerName=DC2BUHAPP11,t:connectID=12430,SessionID=15592,Usr=Шакиржанов Ержан Рашидович,Exception=60c686dc-798f-4d17-aadb-a90156a16eb8,Descr='src\rserver\src\rmngrcalls.cpp(476):
60c686dc-798f-4d17-aadb-a90156a16eb8: Сеанс отсутствует или удален
ID=41bbebc9-4ff6-4306-ad0b-3306895d6ed4, File=d:\jenkins\ci_builder2\windowsbuild2\platform\src\rserver\src\clusterdistribimpl.cpp(1439)'
47:46.359008-0,EXCP,3,process=rphost,p:processName=bi_bk3wk1_prod_01,OSThread=8572,t:clientID=4893,t:applicationName=BackgroundJob,t:computerName=DC2BUHAPP11,t:connectID=12432,SessionID=15594,Usr=Шакиржанов Ержан Рашидович,Exception=SeanceContextException,Descr='Сеанс отсутствует или удален
ID=9efc1509-ff31-4399-895d-f8cd78559025, File=d:\jenkins\ci_builder2\windowsbuild2\platform\src\rserver\src\clusterdistribimpl.cpp(1439)'
47:46.359010-0,EXCP,2,process=rphost,p:processName=bi_bk3wk1_prod_01,OSThread=8572,t:clientID=4893,t:applicationName=BackgroundJob,t:computerName=DC2BUHAPP11,t:connectID=12432,SessionID=15594,Usr=Шакиржанов Ержан Рашидович,Exception=60c686dc-798f-4d17-aadb-a90156a16eb8,Descr='src\rserver\src\rmngrcalls.cpp(476):
60c686dc-798f-4d17-aadb-a90156a16eb8: Сеанс отсутствует или удален
ID=9efc1509-ff31-4399-895d-f8cd78559025, File=d:\jenkins\ci_builder2\windowsbuild2\platform\src\rserver\src\clusterdistribimpl.cpp(1439)'
47:46.406000-0,EXCP,2,process=rphost,p:processName=bi_bk3wk1_prod_01,OSThread=7364,t:clientID=4891,t:applicationName=BackgroundJob,t:computerName=DC2BUHAPP11,t:connectID=12430,SessionID=15592,Usr=Шакиржанов Ержан Рашидович,Exception=SeanceContextException,Descr='Сеанс отсутствует или удален
ID=41bbebc9-4ff6-4306-ad0b-3306895d6ed4, File=d:\jenkins\ci_builder2\windowsbuild2\platform\src\rserver\src\rmngrcalls.cpp(364)'
47:46.406002-0,EXCP,2,process=rphost,p:processName=bi_bk3wk1_prod_01,OSThread=7364,t:clientID=4891,t:applicationName=BackgroundJob,t:computerName=DC2BUHAPP11,t:connectID=12430,SessionID=15592,Usr=Шакиржанов Ержан Рашидович,Exception=60c686dc-798f-4d17-aadb-a90156a16eb8,Descr='src\rserver\src\serverjobexecutor.cpp(1095):
60c686dc-798f-4d17-aadb-a90156a16eb8: Сеанс отсутствует или удален
ID=41bbebc9-4ff6-4306-ad0b-3306895d6ed4, File=d:\jenkins\ci_builder2\windowsbuild2\platform\src\rserver\src\rmngrcalls.cpp(364)'
47:46.406017-0,EXCP,3,process=rphost,p:processName=bi_bk3wk1_prod_01,OSThread=7364,t:clientID=4891,t:applicationName=BackgroundJob,t:computerName=DC2BUHAPP11,t:connectID=12430,SessionID=15592,Usr=Шакиржанов Ержан Рашидович,Exception=SeanceContextException,Descr='Сеанс отсутствует или удален
ID=41bbebc9-4ff6-4306-ad0b-3306895d6ed4, File=d:\jenkins\ci_builder2\windowsbuild2\platform\src\rserver\src\clusterdistribimpl.cpp(1439)'
47:46.406019-0,EXCP,2,process=rphost,p:processName=bi_bk3wk1_prod_01,OSThread=7364,t:clientID=4891,t:applicationName=BackgroundJob,t:computerName=DC2BUHAPP11,t:connectID=12430,SessionID=15592,Usr=Шакиржанов Ержан Рашидович,Exception=60c686dc-798f-4d17-aadb-a90156a16eb8,Descr='src\rserver\src\rmngrcalls.cpp(476):
60c686dc-798f-4d17-aadb-a90156a16eb8: Сеанс отсутствует или удален
ID=41bbebc9-4ff6-4306-ad0b-3306895d6ed4, File=d:\jenkins\ci_builder2\windowsbuild2\platform\src\rserver\src\clusterdistribimpl.cpp(1439)'
47:46.562000-0,EXCP,2,process=rphost,p:processName=bi_bk3wk1_prod_01,OSThread=8572,t:clientID=4893,t:applicationName=BackgroundJob,t:computerName=DC2BUHAPP11,t:connectID=12432,SessionID=15594,Usr=Шакиржанов Ержан Рашидович,Exception=SeanceContextException,Descr='Сеанс отсутствует или удален
ID=9efc1509-ff31-4399-895d-f8cd78559025, File=d:\jenkins\ci_builder2\windowsbuild2\platform\src\rserver\src\rmngrcalls.cpp(364)'
47:46.562001-0,EXCP,2,process=rphost,p:processName=bi_bk3wk1_prod_01,OSThread=8572,t:clientID=4893,t:applicationName=BackgroundJob,t:computerName=DC2BUHAPP11,t:connectID=12432,SessionID=15594,Usr=Шакиржанов Ержан Рашидович,Exception=60c686dc-798f-4d17-aadb-a90156a16eb8,Descr='src\rserver\src\serverjobexecutor.cpp(1095):
60c686dc-798f-4d17-aadb-a90156a16eb8: Сеанс отсутствует или удален
ID=9efc1509-ff31-4399-895d-f8cd78559025, File=d:\jenkins\ci_builder2\windowsbuild2\platform\src\rserver\src\rmngrcalls.cpp(364)'
47:46.562003-0,EXCP,3,process=rphost,p:processName=bi_bk3wk1_prod_01,OSThread=8572,t:clientID=4893,t:applicationName=BackgroundJob,t:computerName=DC2BUHAPP11,t:connectID=12432,SessionID=15594,Usr=Шакиржанов Ержан Рашидович,Exception=SeanceContextException,Descr='Сеанс отсутствует или удален
ID=9efc1509-ff31-4399-895d-f8cd78559025, File=d:\jenkins\ci_builder2\windowsbuild2\platform\src\rserver\src\clusterdistribimpl.cpp(1439)'
47:46.562005-0,EXCP,2,process=rphost,p:processName=bi_bk3wk1_prod_01,OSThread=8572,t:clientID=4893,t:applicationName=BackgroundJob,t:computerName=DC2BUHAPP11,t:connectID=12432,SessionID=15594,Usr=Шакиржанов Ержан Рашидович,Exception=60c686dc-798f-4d17-aadb-a90156a16eb8,Descr='src\rserver\src\rmngrcalls.cpp(476):
60c686dc-798f-4d17-aadb-a90156a16eb8: Сеанс отсутствует или удален
ID=9efc1509-ff31-4399-895d-f8cd78559025, File=d:\jenkins\ci_builder2\windowsbuild2\platform\src\rserver\src\clusterdistribimpl.cpp(1439)'
47:46.609000-0,EXCP,2,process=rphost,p:processName=bi_bk3wk1_prod_01,OSThread=7364,t:clientID=4891,t:applicationName=BackgroundJob,t:computerName=DC2BUHAPP11,t:connectID=12430,SessionID=15592,Usr=Шакиржанов Ержан Рашидович,Exception=SeanceContextException,Descr='Сеанс отсутствует или удален
ID=41bbebc9-4ff6-4306-ad0b-3306895d6ed4, File=d:\jenkins\ci_builder2\windowsbuild2\platform\src\rserver\src\rmngrcalls.cpp(364)'
47:46.765000-0,EXCP,2,process=rphost,p:processName=bi_bk3wk1_prod_01,OSThread=8572,t:clientID=4893,t:applicationName=BackgroundJob,t:computerName=DC2BUHAPP11,t:connectID=12432,SessionID=15594,Usr=Шакиржанов Ержан Рашидович,Exception=SeanceContextException,Descr='Сеанс отсутствует или удален
ID=9efc1509-ff31-4399-895d-f8cd78559025, File=d:\jenkins\ci_builder2\windowsbuild2\platform\src\rserver\src\rmngrcalls.cpp(364)'
47:47.250000-0,EXCP,3,process=rphost,p:processName=bi_bk3wk1_prod_01,OSThread=9488,t:clientID=4892,t:applicationName=BackgroundJob,t:computerName=DC2BUHAPP11,t:connectID=12431,SessionID=15593,Usr=Шакиржанов Ержан Рашидович,Exception=SeanceContextException,Descr='Сеанс отсутствует или удален
ID=3d7223ed-92c8-483e-bf1e-6fe442855b7a, File=d:\jenkins\ci_builder2\windowsbuild2\platform\src\rserver\src\clusterdistribimpl.cpp(1439)'
47:47.250002-0,EXCP,2,process=rphost,p:processName=bi_bk3wk1_prod_01,OSThread=9488,t:clientID=4892,t:applicationName=BackgroundJob,t:computerName=DC2BUHAPP11,t:connectID=12431,SessionID=15593,Usr=Шакиржанов Ержан Рашидович,Exception=60c686dc-798f-4d17-aadb-a90156a16eb8,Descr='src\rserver\src\rmngrcalls.cpp(476):
60c686dc-798f-4d17-aadb-a90156a16eb8: Сеанс отсутствует или удален
ID=3d7223ed-92c8-483e-bf1e-6fe442855b7a, File=d:\jenkins\ci_builder2\windowsbuild2\platform\src\rserver\src\clusterdistribimpl.cpp(1439)'
47:47.453000-0,EXCP,2,process=rphost,p:processName=bi_bk3wk1_prod_01,OSThread=9488,t:clientID=4892,t:applicationName=BackgroundJob,t:computerName=DC2BUHAPP11,t:connectID=12431,SessionID=15593,Usr=Шакиржанов Ержан Рашидович,Exception=SeanceContextException,Descr='Сеанс отсутствует или удален
ID=3d7223ed-92c8-483e-bf1e-6fe442855b7a, File=d:\jenkins\ci_builder2\windowsbuild2\platform\src\rserver\src\rmngrcalls.cpp(364)'
47:47.453001-0,EXCP,2,process=rphost,p:processName=bi_bk3wk1_prod_01,OSThread=9488,t:clientID=4892,t:applicationName=BackgroundJob,t:computerName=DC2BUHAPP11,t:connectID=12431,SessionID=15593,Usr=Шакиржанов Ержан Рашидович,Exception=60c686dc-798f-4d17-aadb-a90156a16eb8,Descr='src\rserver\src\serverjobexecutor.cpp(1095):
60c686dc-798f-4d17-aadb-a90156a16eb8: Сеанс отсутствует или удален
ID=3d7223ed-92c8-483e-bf1e-6fe442855b7a, File=d:\jenkins\ci_builder2\windowsbuild2\platform\src\rserver\src\rmngrcalls.cpp(364)'
47:47.453003-0,EXCP,3,process=rphost,p:processName=bi_bk3wk1_prod_01,OSThread=9488,t:clientID=4892,t:applicationName=BackgroundJob,t:computerName=DC2BUHAPP11,t:connectID=12431,SessionID=15593,Usr=Шакиржанов Ержан Рашидович,Exception=SeanceContextException,Descr='Сеанс отсутствует или удален
ID=3d7223ed-92c8-483e-bf1e-6fe442855b7a, File=d:\jenkins\ci_builder2\windowsbuild2\platform\src\rserver\src\clusterdistribimpl.cpp(1439)'
47:47.453005-0,EXCP,2,process=rphost,p:processName=bi_bk3wk1_prod_01,OSThread=9488,t:clientID=4892,t:applicationName=BackgroundJob,t:computerName=DC2BUHAPP11,t:connectID=12431,SessionID=15593,Usr=Шакиржанов Ержан Рашидович,Exception=60c686dc-798f-4d17-aadb-a90156a16eb8,Descr='src\rserver\src\rmngrcalls.cpp(476):
60c686dc-798f-4d17-aadb-a90156a16eb8: Сеанс отсутствует или удален
ID=3d7223ed-92c8-483e-bf1e-6fe442855b7a, File=d:\jenkins\ci_builder2\windowsbuild2\platform\src\rserver\src\clusterdistribimpl.cpp(1439)'
47:47.640002-0,EXCP,4,process=rphost,p:processName=bi_bk3wk1_prod_01,OSThread=9160,t:clientID=4888,t:applicationName=BackgroundJob,t:computerName=DC2BUHAPP11,t:connectID=12428,SessionID=15590,Usr=Шакиржанов Ержан Рашидович,Exception=SeanceContextException,Descr='Сеанс отсутствует или удален
ID=cf87acd1-4f57-4840-b18a-70a11d91a4e9, File=d:\jenkins\ci_builder2\windowsbuild2\platform\src\rserver\src\clusterdistribimpl.cpp(1439)'
47:47.640004-0,EXCP,3,process=rphost,p:processName=bi_bk3wk1_prod_01,OSThread=9160,t:clientID=4888,t:applicationName=BackgroundJob,t:computerName=DC2BUHAPP11,t:connectID=12428,SessionID=15590,Usr=Шакиржанов Ержан Рашидович,Exception=60c686dc-798f-4d17-aadb-a90156a16eb8,Descr='src\rserver\src\rmngrcalls.cpp(476):
60c686dc-798f-4d17-aadb-a90156a16eb8: Сеанс отсутствует или удален
ID=cf87acd1-4f57-4840-b18a-70a11d91a4e9, File=d:\jenkins\ci_builder2\windowsbuild2\platform\src\rserver\src\clusterdistribimpl.cpp(1439)'
47:47.656000-0,EXCP,2,process=rphost,p:processName=bi_bk3wk1_prod_01,OSThread=9488,t:clientID=4892,t:applicationName=BackgroundJob,t:computerName=DC2BUHAPP11,t:connectID=12431,SessionID=15593,Usr=Шакиржанов Ержан Рашидович,Exception=SeanceContextException,Descr='Сеанс отсутствует или удален
ID=3d7223ed-92c8-483e-bf1e-6fe442855b7a, File=d:\jenkins\ci_builder2\windowsbuild2\platform\src\rserver\src\rmngrcalls.cpp(364)'
47:47.844000-0,EXCP,3,process=rphost,p:processName=bi_bk3wk1_prod_01,OSThread=9160,t:clientID=4888,t:applicationName=BackgroundJob,t:computerName=DC2BUHAPP11,t:connectID=12428,SessionID=15590,Usr=Шакиржанов Ержан Рашидович,Exception=SeanceContextException,Descr='Сеанс отсутствует или удален
ID=cf87acd1-4f57-4840-b18a-70a11d91a4e9, File=d:\jenkins\ci_builder2\windowsbuild2\platform\src\rserver\src\rmngrcalls.cpp(364)'
47:47.844001-0,EXCP,3,process=rphost,p:processName=bi_bk3wk1_prod_01,OSThread=9160,t:clientID=4888,t:applicationName=BackgroundJob,t:computerName=DC2BUHAPP11,t:connectID=12428,SessionID=15590,Usr=Шакиржанов Ержан Рашидович,Exception=60c686dc-798f-4d17-aadb-a90156a16eb8,Descr='src\rserver\src\serverjobexecutor.cpp(1095):
60c686dc-798f-4d17-aadb-a90156a16eb8: Сеанс отсутствует или удален
ID=cf87acd1-4f57-4840-b18a-70a11d91a4e9, File=d:\jenkins\ci_builder2\windowsbuild2\platform\src\rserver\src\rmngrcalls.cpp(364)'
47:47.844003-0,EXCP,4,process=rphost,p:processName=bi_bk3wk1_prod_01,OSThread=9160,t:clientID=4888,t:applicationName=BackgroundJob,t:computerName=DC2BUHAPP11,t:connectID=12428,SessionID=15590,Usr=Шакиржанов Ержан Рашидович,Exception=SeanceContextException,Descr='Сеанс отсутствует или удален
ID=cf87acd1-4f57-4840-b18a-70a11d91a4e9, File=d:\jenkins\ci_builder2\windowsbuild2\platform\src\rserver\src\clusterdistribimpl.cpp(1439)'
47:47.844005-0,EXCP,3,process=rphost,p:processName=bi_bk3wk1_prod_01,OSThread=9160,t:clientID=4888,t:applicationName=BackgroundJob,t:computerName=DC2BUHAPP11,t:connectID=12428,SessionID=15590,Usr=Шакиржанов Ержан Рашидович,Exception=60c686dc-798f-4d17-aadb-a90156a16eb8,Descr='src\rserver\src\rmngrcalls.cpp(476):
60c686dc-798f-4d17-aadb-a90156a16eb8: Сеанс отсутствует или удален
ID=cf87acd1-4f57-4840-b18a-70a11d91a4e9, File=d:\jenkins\ci_builder2\windowsbuild2\platform\src\rserver\src\clusterdistribimpl.cpp(1439)'
47:47.875006-0,EXCP,3,process=rphost,p:processName=bi_bk3wk1_prod_01,OSThread=9160,t:clientID=4888,t:applicationName=BackgroundJob,t:computerName=DC2BUHAPP11,t:connectID=12428,SessionID=15590,Usr=Шакиржанов Ержан Рашидович,Exception=SeanceContextException,Descr='Сеанс отсутствует или удален
ID=cf87acd1-4f57-4840-b18a-70a11d91a4e9, File=d:\jenkins\ci_builder2\windowsbuild2\platform\src\rserver\src\rmngrcalls.cpp(364)'
47:47.875024-0,EXCP,3,process=rphost,p:processName=bi_bk3wk1_prod_01,OSThread=952,t:clientID=4890,t:applicationName=BackgroundJob,t:computerName=DC2BUHAPP11,t:connectID=12429,SessionID=15591,Usr=Шакиржанов Ержан Рашидович,Exception=SeanceContextException,Descr='Сеанс отсутствует или удален
ID=e2e3aa18-25d6-4b7e-8631-e614698c3517, File=d:\jenkins\ci_builder2\windowsbuild2\platform\src\rserver\src\clusterdistribimpl.cpp(1439)'
47:47.875026-0,EXCP,2,process=rphost,p:processName=bi_bk3wk1_prod_01,OSThread=952,t:clientID=4890,t:applicationName=BackgroundJob,t:computerName=DC2BUHAPP11,t:connectID=12429,SessionID=15591,Usr=Шакиржанов Ержан Рашидович,Exception=60c686dc-798f-4d17-aadb-a90156a16eb8,Descr='src\rserver\src\rmngrcalls.cpp(476):
60c686dc-798f-4d17-aadb-a90156a16eb8: Сеанс отсутствует или удален
ID=e2e3aa18-25d6-4b7e-8631-e614698c3517, File=d:\jenkins\ci_builder2\windowsbuild2\platform\src\rserver\src\clusterdistribimpl.cpp(1439)'
47:48.078000-0,EXCP,2,process=rphost,p:processName=bi_bk3wk1_prod_01,OSThread=952,t:clientID=4890,t:applicationName=BackgroundJob,t:computerName=DC2BUHAPP11,t:connectID=12429,SessionID=15591,Usr=Шакиржанов Ержан Рашидович,Exception=SeanceContextException,Descr='Сеанс отсутствует или удален
ID=e2e3aa18-25d6-4b7e-8631-e614698c3517, File=d:\jenkins\ci_builder2\windowsbuild2\platform\src\rserver\src\rmngrcalls.cpp(364)'
47:48.078001-0,EXCP,2,process=rphost,p:processName=bi_bk3wk1_prod_01,OSThread=952,t:clientID=4890,t:applicationName=BackgroundJob,t:computerName=DC2BUHAPP11,t:connectID=12429,SessionID=15591,Usr=Шакиржанов Ержан Рашидович,Exception=60c686dc-798f-4d17-aadb-a90156a16eb8,Descr='src\rserver\src\serverjobexecutor.cpp(1095):
60c686dc-798f-4d17-aadb-a90156a16eb8: Сеанс отсутствует или удален
ID=e2e3aa18-25d6-4b7e-8631-e614698c3517, File=d:\jenkins\ci_builder2\windowsbuild2\platform\src\rserver\src\rmngrcalls.cpp(364)'
47:48.078003-0,EXCP,3,process=rphost,p:processName=bi_bk3wk1_prod_01,OSThread=952,t:clientID=4890,t:applicationName=BackgroundJob,t:computerName=DC2BUHAPP11,t:connectID=12429,SessionID=15591,Usr=Шакиржанов Ержан Рашидович,Exception=SeanceContextException,Descr='Сеанс отсутствует или удален
ID=e2e3aa18-25d6-4b7e-8631-e614698c3517, File=d:\jenkins\ci_builder2\windowsbuild2\platform\src\rserver\src\clusterdistribimpl.cpp(1439)'
47:48.078005-0,EXCP,2,process=rphost,p:processName=bi_bk3wk1_prod_01,OSThread=952,t:clientID=4890,t:applicationName=BackgroundJob,t:computerName=DC2BUHAPP11,t:connectID=12429,SessionID=15591,Usr=Шакиржанов Ержан Рашидович,Exception=60c686dc-798f-4d17-aadb-a90156a16eb8,Descr='src\rserver\src\rmngrcalls.cpp(476):
60c686dc-798f-4d17-aadb-a90156a16eb8: Сеанс отсутствует или удален
ID=e2e3aa18-25d6-4b7e-8631-e614698c3517, File=d:\jenkins\ci_builder2\windowsbuild2\platform\src\rserver\src\clusterdistribimpl.cpp(1439)'
47:48.281000-0,EXCP,2,process=rphost,p:processName=bi_bk3wk1_prod_01,OSThread=952,t:clientID=4890,t:applicationName=BackgroundJob,t:computerName=DC2BUHAPP11,t:connectID=12429,SessionID=15591,Usr=Шакиржанов Ержан Рашидович,Exception=SeanceContextException,Descr='Сеанс отсутствует или удален
ID=e2e3aa18-25d6-4b7e-8631-e614698c3517, File=d:\jenkins\ci_builder2\windowsbuild2\platform\src\rserver\src\rmngrcalls.cpp(364)'
