36:09.311002-0,PROC,1,process=rphost,OSThread=9528,Err=0,Txt=1C:Enterprise 8.3 (x86-64) (8.3.14.1694) Working Process started. Ctrl+C to exit.
36:30.530012-0,EXCP,0,process=rphost,OSThread=10708,Exception=acea3e6e-3687-4792-8319-09c009274c9a,Descr='src\rserver\src\rhostimpl.cpp(5997):
acea3e6e-3687-4792-8319-09c009274c9a: Рабочий процесс не найден'
36:31.483000-0,PROC,0,process=rphost,OSThread=6640,Txt='Process terminated.
Stopped on error (working)'
36:31.545000-0,PROC,0,process=rphost,OSThread=11992,Txt='Process terminated.
Stopped on error (working)'
36:31.545012-0,EXCP,0,process=rphost,OSThread=10708,Exception=acea3e6e-3687-4792-8319-09c009274c9a,Descr='src\rserver\src\rhostimpl.cpp(5997):
acea3e6e-3687-4792-8319-09c009274c9a: Рабочий процесс не найден'
36:31.561001-0,EXCP,2,process=rphost,OSThread=9528,Exception=96380a22-60f7-4a8b-8fca-1224e6bc518f,Descr='src\rserver\src\rmngrcalls.cpp(951):
96380a22-60f7-4a8b-8fca-1224e6bc518f: OnFinishRpHost'
36:31.561003-0,EXCP,0,process=rphost,OSThread=1992,Exception=dd149677-3d47-4e05-a55f-4e75b13a441f,Descr='src\rtrsrvc\src\remoteinterfaceimpl.cpp(736):
dd149677-3d47-4e05-a55f-4e75b13a441f: Процесс завершается. Исходящий вызов запрещен.'
36:31.561004-0,EXCP,0,process=rphost,OSThread=1992,Exception=dd149677-3d47-4e05-a55f-4e75b13a441f,Descr='src\rserver\src\rmngrcalls.cpp(543):
dd149677-3d47-4e05-a55f-4e75b13a441f: Процесс завершается. Исходящий вызов запрещен.'
36:31.561005-0,EXCP,0,process=rphost,OSThread=1992,Exception=dd149677-3d47-4e05-a55f-4e75b13a441f,Descr='src\rtrsrvc\src\remoteinterfaceimpl.cpp(736):
dd149677-3d47-4e05-a55f-4e75b13a441f: Процесс завершается. Исходящий вызов запрещен.'
36:31.561006-0,EXCP,0,process=rphost,OSThread=1992,Exception=dd149677-3d47-4e05-a55f-4e75b13a441f,Descr='src\rtrsrvc\src\remoteinterfaceimpl.cpp(736):
dd149677-3d47-4e05-a55f-4e75b13a441f: Процесс завершается. Исходящий вызов запрещен.'
36:31.561007-0,EXCP,0,process=rphost,OSThread=1992,Exception=dd149677-3d47-4e05-a55f-4e75b13a441f,Descr='src\rtrsrvc\src\remoteinterfaceimpl.cpp(736):
dd149677-3d47-4e05-a55f-4e75b13a441f: Процесс завершается. Исходящий вызов запрещен.'
36:31.670000-0,EXCP,1,process=rphost,OSThread=11224,Exception=dd149677-3d47-4e05-a55f-4e75b13a441f,Descr='src\rtrsrvc\src\remoteinterfaceimpl.cpp(736):
dd149677-3d47-4e05-a55f-4e75b13a441f: Процесс завершается. Исходящий вызов запрещен.'
36:31.670001-0,EXCP,1,process=rphost,OSThread=11224,Exception=dd149677-3d47-4e05-a55f-4e75b13a441f,Descr='src\rserver\src\rmngrcalls.cpp(543):
dd149677-3d47-4e05-a55f-4e75b13a441f: Процесс завершается. Исходящий вызов запрещен.'
36:31.670002-0,EXCP,1,process=rphost,OSThread=11224,Exception=dd149677-3d47-4e05-a55f-4e75b13a441f,Descr='src\rtrsrvc\src\remoteinterfaceimpl.cpp(736):
dd149677-3d47-4e05-a55f-4e75b13a441f: Процесс завершается. Исходящий вызов запрещен.'
36:31.670003-0,EXCP,1,process=rphost,OSThread=11224,Exception=dd149677-3d47-4e05-a55f-4e75b13a441f,Descr='src\rtrsrvc\src\remoteinterfaceimpl.cpp(736):
dd149677-3d47-4e05-a55f-4e75b13a441f: Процесс завершается. Исходящий вызов запрещен.'
36:31.670004-0,EXCP,1,process=rphost,OSThread=11224,Exception=dd149677-3d47-4e05-a55f-4e75b13a441f,Descr='src\rtrsrvc\src\remoteinterfaceimpl.cpp(736):
dd149677-3d47-4e05-a55f-4e75b13a441f: Процесс завершается. Исходящий вызов запрещен.'
36:31.764000-0,EXCP,0,process=rphost,OSThread=1992,Exception=dd149677-3d47-4e05-a55f-4e75b13a441f,Descr='src\rserver\src\rmngrcalls.cpp(586):
dd149677-3d47-4e05-a55f-4e75b13a441f: Процесс завершается. Исходящий вызов запрещен.'
36:31.764001-0,EXCP,0,process=rphost,OSThread=1992,Exception=dd149677-3d47-4e05-a55f-4e75b13a441f,Descr='src\rserver\src\rhostimpl.cpp(6261):
dd149677-3d47-4e05-a55f-4e75b13a441f: Процесс завершается. Исходящий вызов запрещен.'
36:31.764002-0,EXCP,0,process=rphost,OSThread=1992,Exception=dd149677-3d47-4e05-a55f-4e75b13a441f,Descr='src\rserver\src\rmngrcalls.cpp(739):
dd149677-3d47-4e05-a55f-4e75b13a441f: Процесс завершается. Исходящий вызов запрещен.'
36:31.764003-0,EXCP,0,process=rphost,OSThread=1992,Exception=dd149677-3d47-4e05-a55f-4e75b13a441f,Descr='src\rserver\src\rmngrcalls.cpp(739):
dd149677-3d47-4e05-a55f-4e75b13a441f: Процесс завершается. Исходящий вызов запрещен.'
36:31.764004-0,EXCP,0,process=rphost,OSThread=1992,Exception=96380a22-60f7-4a8b-8fca-1224e6bc518f,Descr='src\rserver\src\rmngrcalls.cpp(951):
96380a22-60f7-4a8b-8fca-1224e6bc518f: onFinishConnection'
36:31.874000-0,EXCP,0,process=rphost,OSThread=11224,Exception=dd149677-3d47-4e05-a55f-4e75b13a441f,Descr='src\rserver\src\rmngrcalls.cpp(586):
dd149677-3d47-4e05-a55f-4e75b13a441f: Процесс завершается. Исходящий вызов запрещен.'
36:31.874001-0,EXCP,0,process=rphost,OSThread=11224,Exception=dd149677-3d47-4e05-a55f-4e75b13a441f,Descr='src\rserver\src\clusterdistribimpl.cpp(2624):
dd149677-3d47-4e05-a55f-4e75b13a441f: Процесс завершается. Исходящий вызов запрещен.'
36:33.795000-0,PROC,1,process=rphost,OSThread=9528,Err=0,Txt=1C:Enterprise 8.3 (x86-64) (8.3.14.1694) Working Process finished.
