00:46.747015-0,ADMIN,2,process=rphost,p:processName=ServerJobExecutorContext,OSThread=4432,t:clientID=314,t:applicationName=JobScheduler,t:computerName=DC2BUHAPP11,Func=killClient,ClusterID=8aa94e2b-5d54-4b86-800b-79353ce39638,ConnectionID=5127fe79-eedd-422a-bca3-6aac3b4adcfc,Mode=0,Ref=bi_bk3wk1_prod_01(bi_bk3wk1_prod_01),Host=DC2BUHAPP11,Connection=174,Administrator=Unknown,Result=Success
00:47.075005-0,EXCP,3,process=rphost,p:processName=bi_bk3wk1_prod_01,OSThread=5924,t:clientID=363,t:applicationName=BackgroundJob,t:computerName=DC2BUHAPP11,t:connectID=174,SessionID=36,Usr=WK1_Жансүгір_Айзада_Төлеубайқызы,Exception=SeanceContextException,Descr='Сеанс отсутствует или удален
ID=1f8fa32a-1bdf-463d-8bee-6cc2cb055a94, File=d:\jenkins\ci_builder2\windowsbuild2\platform\src\rserver\src\clusterdistribimpl.cpp(1439)'
00:47.075007-0,EXCP,2,process=rphost,p:processName=bi_bk3wk1_prod_01,OSThread=5924,t:clientID=363,t:applicationName=BackgroundJob,t:computerName=DC2BUHAPP11,t:connectID=174,SessionID=36,Usr=WK1_Жансүгір_Айзада_Төлеубайқызы,Exception=60c686dc-798f-4d17-aadb-a90156a16eb8,Descr='src\rserver\src\rmngrcalls.cpp(476):
60c686dc-798f-4d17-aadb-a90156a16eb8: Сеанс отсутствует или удален
ID=1f8fa32a-1bdf-463d-8bee-6cc2cb055a94, File=d:\jenkins\ci_builder2\windowsbuild2\platform\src\rserver\src\clusterdistribimpl.cpp(1439)'
00:47.278000-0,EXCP,2,process=rphost,p:processName=bi_bk3wk1_prod_01,OSThread=5924,t:clientID=363,t:applicationName=BackgroundJob,t:computerName=DC2BUHAPP11,t:connectID=174,SessionID=36,Usr=WK1_Жансүгір_Айзада_Төлеубайқызы,Exception=SeanceContextException,Descr='Сеанс отсутствует или удален
ID=1f8fa32a-1bdf-463d-8bee-6cc2cb055a94, File=d:\jenkins\ci_builder2\windowsbuild2\platform\src\rserver\src\rmngrcalls.cpp(364)'
00:47.278001-0,EXCP,2,process=rphost,p:processName=bi_bk3wk1_prod_01,OSThread=5924,t:clientID=363,t:applicationName=BackgroundJob,t:computerName=DC2BUHAPP11,t:connectID=174,SessionID=36,Usr=WK1_Жансүгір_Айзада_Төлеубайқызы,Exception=60c686dc-798f-4d17-aadb-a90156a16eb8,Descr='src\rserver\src\serverjobexecutor.cpp(1095):
60c686dc-798f-4d17-aadb-a90156a16eb8: Сеанс отсутствует или удален
ID=1f8fa32a-1bdf-463d-8bee-6cc2cb055a94, File=d:\jenkins\ci_builder2\windowsbuild2\platform\src\rserver\src\rmngrcalls.cpp(364)'
00:47.278003-0,EXCP,3,process=rphost,p:processName=bi_bk3wk1_prod_01,OSThread=5924,t:clientID=363,t:applicationName=BackgroundJob,t:computerName=DC2BUHAPP11,t:connectID=174,SessionID=36,Usr=WK1_Жансүгір_Айзада_Төлеубайқызы,Exception=SeanceContextException,Descr='Сеанс отсутствует или удален
ID=1f8fa32a-1bdf-463d-8bee-6cc2cb055a94, File=d:\jenkins\ci_builder2\windowsbuild2\platform\src\rserver\src\clusterdistribimpl.cpp(1439)'
00:47.278005-0,EXCP,2,process=rphost,p:processName=bi_bk3wk1_prod_01,OSThread=5924,t:clientID=363,t:applicationName=BackgroundJob,t:computerName=DC2BUHAPP11,t:connectID=174,SessionID=36,Usr=WK1_Жансүгір_Айзада_Төлеубайқызы,Exception=60c686dc-798f-4d17-aadb-a90156a16eb8,Descr='src\rserver\src\rmngrcalls.cpp(476):
60c686dc-798f-4d17-aadb-a90156a16eb8: Сеанс отсутствует или удален
ID=1f8fa32a-1bdf-463d-8bee-6cc2cb055a94, File=d:\jenkins\ci_builder2\windowsbuild2\platform\src\rserver\src\clusterdistribimpl.cpp(1439)'
00:47.481000-0,EXCP,2,process=rphost,p:processName=bi_bk3wk1_prod_01,OSThread=5924,t:clientID=363,t:applicationName=BackgroundJob,t:computerName=DC2BUHAPP11,t:connectID=174,SessionID=36,Usr=WK1_Жансүгір_Айзада_Төлеубайқызы,Exception=SeanceContextException,Descr='Сеанс отсутствует или удален
ID=1f8fa32a-1bdf-463d-8bee-6cc2cb055a94, File=d:\jenkins\ci_builder2\windowsbuild2\platform\src\rserver\src\rmngrcalls.cpp(364)'
02:13.327009-0,EXCP,2,process=rphost,p:processName=bi_bk3wk1_prod_01,OSThread=4684,t:clientID=308,t:applicationName=1CV8C,t:computerName=DC2RDSH29,t:connectID=145,SessionID=9,Usr=WK1_Жансүгір_Айзада_Төлеубайқызы,AppID=1CV8C,Exception=afd2b550-0d52-4e03-b448-15ed68d87ac5,Descr='src\basic\src\documentlogformobjcontroller.cpp(884):
afd2b550-0d52-4e03-b448-15ed68d87ac5
0d2200af-1696-4395-91e5-2872675e6d3d: Не удалось провести "Заявка на оплату TRG00001005 от 06.05.2020 7:02:07"!',Context=Форма.Записать : Документ.ЗаявкаНаОплату.Форма.ФормаДокумента
02:13.343000-0,EXCP,2,process=rphost,p:processName=bi_bk3wk1_prod_01,OSThread=4684,t:clientID=308,t:applicationName=1CV8C,t:computerName=DC2RDSH29,t:connectID=145,SessionID=9,Usr=WK1_Жансүгір_Айзада_Төлеубайқызы,AppID=1CV8C,Exception=580392e6-ba49-4280-ac67-fcd6f2180121,Descr='src\vrsbase\src\vresourceinfobaseimpl.cpp(1114):
580392e6-ba49-4280-ac67-fcd6f2180121: Неспецифицированная ошибка работы с ресурсом
Ошибка при выполнении запроса POST к ресурсу /e1cib/logForm:
afd2b550-0d52-4e03-b448-15ed68d87ac5
0d2200af-1696-4395-91e5-2872675e6d3d: Не удалось провести "Заявка на оплату TRG00001005 от 06.05.2020 7:02:07"!'
04:19.648064-0,EXCP,2,process=rphost,p:processName=bi_bk3wk1_prod_01,OSThread=5924,t:clientID=308,t:applicationName=1CV8C,t:computerName=DC2RDSH29,t:connectID=145,SessionID=9,Usr=WK1_Жансүгір_Айзада_Төлеубайқызы,AppID=1CV8C,Exception=afd2b550-0d52-4e03-b448-15ed68d87ac5,Descr='src\basic\src\documentlogformobjcontroller.cpp(884):
afd2b550-0d52-4e03-b448-15ed68d87ac5
0d2200af-1696-4395-91e5-2872675e6d3d: Не удалось провести "Заявка на оплату TRG00001005 от 06.05.2020 7:04:10"!',Context=Форма.Записать : Документ.ЗаявкаНаОплату.Форма.ФормаДокумента
04:19.679021-0,EXCP,2,process=rphost,p:processName=bi_bk3wk1_prod_01,OSThread=5924,t:clientID=308,t:applicationName=1CV8C,t:computerName=DC2RDSH29,t:connectID=145,SessionID=9,Usr=WK1_Жансүгір_Айзада_Төлеубайқызы,AppID=1CV8C,Exception=580392e6-ba49-4280-ac67-fcd6f2180121,Descr='src\vrsbase\src\vresourceinfobaseimpl.cpp(1114):
580392e6-ba49-4280-ac67-fcd6f2180121: Неспецифицированная ошибка работы с ресурсом
Ошибка при выполнении запроса POST к ресурсу /e1cib/logForm:
afd2b550-0d52-4e03-b448-15ed68d87ac5
0d2200af-1696-4395-91e5-2872675e6d3d: Не удалось провести "Заявка на оплату TRG00001005 от 06.05.2020 7:04:10"!'
04:36.038033-0,EXCP,0,process=rphost,OSThread=1352,ClientID=357,Exception=NetDataExchangeException,Descr='server_addr=(2)10.225.32.15:64596 descr=2(0x00000002): Не удается найти указанный файл.  line=1149 file=d:\jenkins\ci_builder2\windowsbuild2\platform\src\rtrsrvc\src\dataexchangeserverimpl.cpp'
04:36.038034-0,EXCPCNTX,0,ClientComputerName=,ServerComputerName=,UserName=,ConnectString=
04:36.601031-0,EXCP,0,process=rphost,OSThread=7540,ClientID=355,Exception=NetDataExchangeException,Descr='server_addr=(2)10.224.32.15:54838 descr=2(0x00000002): Не удается найти указанный файл.  line=1149 file=d:\jenkins\ci_builder2\windowsbuild2\platform\src\rtrsrvc\src\dataexchangeserverimpl.cpp'
04:36.601032-0,EXCPCNTX,0,ClientComputerName=,ServerComputerName=,UserName=,ConnectString=
04:37.538006-0,EXCP,0,process=rphost,OSThread=6416,ClientID=381,Exception=NetDataExchangeException,Descr='server_addr=(2)10.225.32.15:64776 descr=2(0x00000002): Не удается найти указанный файл.  line=1149 file=d:\jenkins\ci_builder2\windowsbuild2\platform\src\rtrsrvc\src\dataexchangeserverimpl.cpp'
04:37.538007-0,EXCPCNTX,0,ClientComputerName=,ServerComputerName=,UserName=,ConnectString=
04:37.710027-0,EXCP,0,process=rphost,OSThread=1244,ClientID=383,Exception=NetDataExchangeException,Descr='server_addr=(2)10.225.32.15:64789 descr=2(0x00000002): Не удается найти указанный файл.  line=1149 file=d:\jenkins\ci_builder2\windowsbuild2\platform\src\rtrsrvc\src\dataexchangeserverimpl.cpp'
04:37.710028-0,EXCPCNTX,0,ClientComputerName=,ServerComputerName=,UserName=,ConnectString=
04:38.054007-0,EXCP,0,process=rphost,OSThread=7540,ClientID=384,Exception=NetDataExchangeException,Descr='server_addr=(2)10.225.32.15:64805 descr=2(0x00000002): Не удается найти указанный файл.  line=1149 file=d:\jenkins\ci_builder2\windowsbuild2\platform\src\rtrsrvc\src\dataexchangeserverimpl.cpp'
04:38.054008-0,EXCPCNTX,0,ClientComputerName=,ServerComputerName=,UserName=,ConnectString=
04:39.038004-0,EXCP,0,process=rphost,OSThread=6416,ClientID=382,Exception=NetDataExchangeException,Descr='server_addr=(2)10.224.32.15:54862 descr=2(0x00000002): Не удается найти указанный файл.  line=1149 file=d:\jenkins\ci_builder2\windowsbuild2\platform\src\rtrsrvc\src\dataexchangeserverimpl.cpp'
04:39.038005-0,EXCPCNTX,0,ClientComputerName=,ServerComputerName=,UserName=,ConnectString=
04:39.382042-0,EXCP,0,process=rphost,OSThread=7540,ClientID=386,Exception=NetDataExchangeException,Descr='server_addr=(2)10.224.32.15:54876 descr=2(0x00000002): Не удается найти указанный файл.  line=1149 file=d:\jenkins\ci_builder2\windowsbuild2\platform\src\rtrsrvc\src\dataexchangeserverimpl.cpp'
04:39.382043-0,EXCPCNTX,0,ClientComputerName=,ServerComputerName=,UserName=,ConnectString=
04:40.788041-0,EXCP,0,process=rphost,OSThread=1352,ClientID=385,Exception=NetDataExchangeException,Descr='server_addr=(2)10.225.32.15:64815 descr=2(0x00000002): Не удается найти указанный файл.  line=1149 file=d:\jenkins\ci_builder2\windowsbuild2\platform\src\rtrsrvc\src\dataexchangeserverimpl.cpp'
04:40.788042-0,EXCPCNTX,0,ClientComputerName=,ServerComputerName=,UserName=,ConnectString=
04:42.570039-0,EXCP,0,process=rphost,OSThread=1616,ClientID=387,Exception=NetDataExchangeException,Descr='server_addr=(2)10.224.32.15:54892 descr=2(0x00000002): Не удается найти указанный файл.  line=1149 file=d:\jenkins\ci_builder2\windowsbuild2\platform\src\rtrsrvc\src\dataexchangeserverimpl.cpp'
04:42.570040-0,EXCPCNTX,0,ClientComputerName=,ServerComputerName=,UserName=,ConnectString=
04:42.820026-0,EXCP,0,process=rphost,OSThread=1616,ClientID=389,Exception=NetDataExchangeException,Descr='server_addr=(2)10.224.32.15:54905 descr=2(0x00000002): Не удается найти указанный файл.  line=1149 file=d:\jenkins\ci_builder2\windowsbuild2\platform\src\rtrsrvc\src\dataexchangeserverimpl.cpp'
04:42.820027-0,EXCPCNTX,0,ClientComputerName=,ServerComputerName=,UserName=,ConnectString=
04:44.148027-0,EXCP,0,process=rphost,OSThread=5300,ClientID=388,Exception=NetDataExchangeException,Descr='server_addr=(2)10.225.32.15:64827 descr=2(0x00000002): Не удается найти указанный файл.  line=1149 file=d:\jenkins\ci_builder2\windowsbuild2\platform\src\rtrsrvc\src\dataexchangeserverimpl.cpp'
04:44.148028-0,EXCPCNTX,0,ClientComputerName=,ServerComputerName=,UserName=,ConnectString=
04:44.460010-0,EXCP,0,process=rphost,OSThread=7540,ClientID=391,Exception=NetDataExchangeException,Descr='server_addr=(2)10.225.32.15:64844 descr=2(0x00000002): Не удается найти указанный файл.  line=1149 file=d:\jenkins\ci_builder2\windowsbuild2\platform\src\rtrsrvc\src\dataexchangeserverimpl.cpp'
04:44.460011-0,EXCPCNTX,0,ClientComputerName=,ServerComputerName=,UserName=,ConnectString=
04:45.804040-0,EXCP,0,process=rphost,OSThread=1352,ClientID=390,Exception=NetDataExchangeException,Descr='server_addr=(2)10.224.32.15:54921 descr=2(0x00000002): Не удается найти указанный файл.  line=1149 file=d:\jenkins\ci_builder2\windowsbuild2\platform\src\rtrsrvc\src\dataexchangeserverimpl.cpp'
04:45.804041-0,EXCPCNTX,0,ClientComputerName=,ServerComputerName=,UserName=,ConnectString=
04:46.179036-0,EXCP,0,process=rphost,OSThread=1352,ClientID=393,Exception=NetDataExchangeException,Descr='server_addr=(2)10.224.32.15:54934 descr=2(0x00000002): Не удается найти указанный файл.  line=1149 file=d:\jenkins\ci_builder2\windowsbuild2\platform\src\rtrsrvc\src\dataexchangeserverimpl.cpp'
04:46.179037-0,EXCPCNTX,0,ClientComputerName=,ServerComputerName=,UserName=,ConnectString=
04:47.554000-0,EXCP,0,process=rphost,OSThread=5300,ClientID=392,Exception=NetDataExchangeException,Descr='server_addr=(2)10.225.32.15:64858 descr=2(0x00000002): Не удается найти указанный файл.  line=1149 file=d:\jenkins\ci_builder2\windowsbuild2\platform\src\rtrsrvc\src\dataexchangeserverimpl.cpp'
04:47.554001-0,EXCPCNTX,0,ClientComputerName=,ServerComputerName=,UserName=,ConnectString=
04:47.788027-0,EXCP,0,process=rphost,OSThread=5300,ClientID=396,Exception=NetDataExchangeException,Descr='server_addr=(2)10.225.32.15:64869 descr=2(0x00000002): Не удается найти указанный файл.  line=1149 file=d:\jenkins\ci_builder2\windowsbuild2\platform\src\rtrsrvc\src\dataexchangeserverimpl.cpp'
04:47.788028-0,EXCPCNTX,0,ClientComputerName=,ServerComputerName=,UserName=,ConnectString=
04:49.132021-0,EXCP,0,process=rphost,OSThread=1244,ClientID=395,Exception=NetDataExchangeException,Descr='server_addr=(2)10.224.32.15:54950 descr=2(0x00000002): Не удается найти указанный файл.  line=1149 file=d:\jenkins\ci_builder2\windowsbuild2\platform\src\rtrsrvc\src\dataexchangeserverimpl.cpp'
04:49.132022-0,EXCPCNTX,0,ClientComputerName=,ServerComputerName=,UserName=,ConnectString=
04:49.320038-0,EXCP,0,process=rphost,OSThread=1244,ClientID=398,Exception=NetDataExchangeException,Descr='server_addr=(2)10.224.32.15:54963 descr=2(0x00000002): Не удается найти указанный файл.  line=1149 file=d:\jenkins\ci_builder2\windowsbuild2\platform\src\rtrsrvc\src\dataexchangeserverimpl.cpp'
04:49.320039-0,EXCPCNTX,0,ClientComputerName=,ServerComputerName=,UserName=,ConnectString=
04:50.695045-0,EXCP,0,process=rphost,OSThread=1352,ClientID=397,Exception=NetDataExchangeException,Descr='server_addr=(2)10.225.32.15:64883 descr=2(0x00000002): Не удается найти указанный файл.  line=1149 file=d:\jenkins\ci_builder2\windowsbuild2\platform\src\rtrsrvc\src\dataexchangeserverimpl.cpp'
04:50.695047-0,EXCPCNTX,0,ClientComputerName=,ServerComputerName=,UserName=,ConnectString=
04:52.398000-0,EXCP,0,process=rphost,OSThread=4260,ClientID=399,Exception=NetDataExchangeException,Descr='server_addr=(2)10.224.32.15:54979 descr=2(0x00000002): Не удается найти указанный файл.  line=1149 file=d:\jenkins\ci_builder2\windowsbuild2\platform\src\rtrsrvc\src\dataexchangeserverimpl.cpp'
04:52.398001-0,EXCPCNTX,0,ClientComputerName=,ServerComputerName=,UserName=,ConnectString=
04:52.585000-0,EXCP,0,process=rphost,OSThread=1244,ClientID=401,Exception=NetDataExchangeException,Descr='server_addr=(2)10.224.32.15:54992 descr=2(0x00000002): Не удается найти указанный файл.  line=1149 file=d:\jenkins\ci_builder2\windowsbuild2\platform\src\rtrsrvc\src\dataexchangeserverimpl.cpp'
04:52.585001-0,EXCPCNTX,0,ClientComputerName=,ServerComputerName=,UserName=,ConnectString=
05:48.197001-0,EXCP,0,process=rphost,OSThread=1244,ClientID=400,Exception=NetDataExchangeException,Descr='server_addr=(2)10.225.32.15:64896 descr=2(0x00000002): Не удается найти указанный файл.  line=1149 file=d:\jenkins\ci_builder2\windowsbuild2\platform\src\rtrsrvc\src\dataexchangeserverimpl.cpp'
05:48.197002-0,EXCPCNTX,0,ClientComputerName=,ServerComputerName=,UserName=,ConnectString=
06:15.216017-0,EXCP,2,process=rphost,p:processName=bi_bk3wk1_prod_01,OSThread=4684,t:clientID=308,t:applicationName=1CV8C,t:computerName=DC2RDSH29,t:connectID=145,SessionID=9,Usr=WK1_Жансүгір_Айзада_Төлеубайқызы,AppID=1CV8C,Exception=afd2b550-0d52-4e03-b448-15ed68d87ac5,Descr='src\basic\src\documentlogformobjcontroller.cpp(884):
afd2b550-0d52-4e03-b448-15ed68d87ac5
0d2200af-1696-4395-91e5-2872675e6d3d: Не удалось провести "Заявка на оплату TRG00001005 от 06.05.2020 7:06:06"!',Context=Форма.Записать : Документ.ЗаявкаНаОплату.Форма.ФормаДокумента
06:15.248000-0,EXCP,2,process=rphost,p:processName=bi_bk3wk1_prod_01,OSThread=4684,t:clientID=308,t:applicationName=1CV8C,t:computerName=DC2RDSH29,t:connectID=145,SessionID=9,Usr=WK1_Жансүгір_Айзада_Төлеубайқызы,AppID=1CV8C,Exception=580392e6-ba49-4280-ac67-fcd6f2180121,Descr='src\vrsbase\src\vresourceinfobaseimpl.cpp(1114):
580392e6-ba49-4280-ac67-fcd6f2180121: Неспецифицированная ошибка работы с ресурсом
Ошибка при выполнении запроса POST к ресурсу /e1cib/logForm:
afd2b550-0d52-4e03-b448-15ed68d87ac5
0d2200af-1696-4395-91e5-2872675e6d3d: Не удалось провести "Заявка на оплату TRG00001005 от 06.05.2020 7:06:06"!'
08:26.334012-0,ADMIN,2,process=rphost,p:processName=ServerJobExecutorContext,OSThread=3680,t:clientID=367,t:applicationName=JobScheduler,t:computerName=DC2BUHAPP11,Func=killClient,ClusterID=8aa94e2b-5d54-4b86-800b-79353ce39638,ConnectionID=867396e9-2f0a-408f-9286-687beb6a5179,Mode=0,Ref=bi_bk3wk1_prod_01(bi_bk3wk1_prod_01),Host=DC2BUHAPP11,Connection=199,Administrator=Unknown,Result=Success
08:26.741012-0,ADMIN,2,process=rphost,p:processName=ServerJobExecutorContext,OSThread=3680,t:clientID=367,t:applicationName=JobScheduler,t:computerName=DC2BUHAPP11,Func=killClient,ClusterID=8aa94e2b-5d54-4b86-800b-79353ce39638,ConnectionID=afa473c7-0174-4904-9906-3385bf940cd7,Mode=0,Ref=bi_bk3wk1_prod_01(bi_bk3wk1_prod_01),Host=DC2BUHAPP11,Connection=200,Administrator=Unknown,Result=Success
08:26.991003-0,EXCP,3,process=rphost,p:processName=bi_bk3wk1_prod_01,OSThread=852,t:clientID=416,t:applicationName=BackgroundJob,t:computerName=DC2BUHAPP11,t:connectID=199,SessionID=32,Usr=WK1_Жансүгір_Айзада_Төлеубайқызы,Exception=SeanceContextException,Descr='Сеанс отсутствует или удален
ID=6b96b91b-bac5-4a4d-b81c-c8f3d02ddfd3, File=d:\jenkins\ci_builder2\windowsbuild2\platform\src\rserver\src\clusterdistribimpl.cpp(1439)'
08:26.991005-0,EXCP,2,process=rphost,p:processName=bi_bk3wk1_prod_01,OSThread=852,t:clientID=416,t:applicationName=BackgroundJob,t:computerName=DC2BUHAPP11,t:connectID=199,SessionID=32,Usr=WK1_Жансүгір_Айзада_Төлеубайқызы,Exception=60c686dc-798f-4d17-aadb-a90156a16eb8,Descr='src\rserver\src\rmngrcalls.cpp(476):
60c686dc-798f-4d17-aadb-a90156a16eb8: Сеанс отсутствует или удален
ID=6b96b91b-bac5-4a4d-b81c-c8f3d02ddfd3, File=d:\jenkins\ci_builder2\windowsbuild2\platform\src\rserver\src\clusterdistribimpl.cpp(1439)'
08:27.037006-0,EXCP,2,process=rphost,p:processName=bi_bk3wk1_prod_01,OSThread=852,t:clientID=416,t:applicationName=BackgroundJob,t:computerName=DC2BUHAPP11,t:connectID=199,SessionID=32,Usr=WK1_Жансүгір_Айзада_Төлеубайқызы,Exception=SeanceContextException,Descr='Сеанс отсутствует или удален
ID=6b96b91b-bac5-4a4d-b81c-c8f3d02ddfd3, File=d:\jenkins\ci_builder2\windowsbuild2\platform\src\rserver\src\rmngrcalls.cpp(364)'
08:27.037007-0,EXCP,2,process=rphost,p:processName=bi_bk3wk1_prod_01,OSThread=852,t:clientID=416,t:applicationName=BackgroundJob,t:computerName=DC2BUHAPP11,t:connectID=199,SessionID=32,Usr=WK1_Жансүгір_Айзада_Төлеубайқызы,Exception=60c686dc-798f-4d17-aadb-a90156a16eb8,Descr='src\rserver\src\serverjobexecutor.cpp(1095):
60c686dc-798f-4d17-aadb-a90156a16eb8: Сеанс отсутствует или удален
ID=6b96b91b-bac5-4a4d-b81c-c8f3d02ddfd3, File=d:\jenkins\ci_builder2\windowsbuild2\platform\src\rserver\src\rmngrcalls.cpp(364)'
08:27.037009-0,EXCP,3,process=rphost,p:processName=bi_bk3wk1_prod_01,OSThread=852,t:clientID=416,t:applicationName=BackgroundJob,t:computerName=DC2BUHAPP11,t:connectID=199,SessionID=32,Usr=WK1_Жансүгір_Айзада_Төлеубайқызы,Exception=SeanceContextException,Descr='Сеанс отсутствует или удален
ID=6b96b91b-bac5-4a4d-b81c-c8f3d02ddfd3, File=d:\jenkins\ci_builder2\windowsbuild2\platform\src\rserver\src\clusterdistribimpl.cpp(1439)'
08:27.037011-0,EXCP,2,process=rphost,p:processName=bi_bk3wk1_prod_01,OSThread=852,t:clientID=416,t:applicationName=BackgroundJob,t:computerName=DC2BUHAPP11,t:connectID=199,SessionID=32,Usr=WK1_Жансүгір_Айзада_Төлеубайқызы,Exception=60c686dc-798f-4d17-aadb-a90156a16eb8,Descr='src\rserver\src\rmngrcalls.cpp(476):
60c686dc-798f-4d17-aadb-a90156a16eb8: Сеанс отсутствует или удален
ID=6b96b91b-bac5-4a4d-b81c-c8f3d02ddfd3, File=d:\jenkins\ci_builder2\windowsbuild2\platform\src\rserver\src\clusterdistribimpl.cpp(1439)'
08:27.241000-0,EXCP,2,process=rphost,p:processName=bi_bk3wk1_prod_01,OSThread=852,t:clientID=416,t:applicationName=BackgroundJob,t:computerName=DC2BUHAPP11,t:connectID=199,SessionID=32,Usr=WK1_Жансүгір_Айзада_Төлеубайқызы,Exception=SeanceContextException,Descr='Сеанс отсутствует или удален
ID=6b96b91b-bac5-4a4d-b81c-c8f3d02ddfd3, File=d:\jenkins\ci_builder2\windowsbuild2\platform\src\rserver\src\rmngrcalls.cpp(364)'
08:28.819002-0,EXCP,3,process=rphost,p:processName=bi_bk3wk1_prod_01,OSThread=2276,t:clientID=417,t:applicationName=BackgroundJob,t:computerName=DC2BUHAPP11,t:connectID=200,SessionID=33,Usr=WK1_Жансүгір_Айзада_Төлеубайқызы,Exception=SeanceContextException,Descr='Сеанс отсутствует или удален
ID=4e889010-12d9-425e-a8f7-b8951f3e052f, File=d:\jenkins\ci_builder2\windowsbuild2\platform\src\rserver\src\clusterdistribimpl.cpp(1439)'
08:28.819004-0,EXCP,2,process=rphost,p:processName=bi_bk3wk1_prod_01,OSThread=2276,t:clientID=417,t:applicationName=BackgroundJob,t:computerName=DC2BUHAPP11,t:connectID=200,SessionID=33,Usr=WK1_Жансүгір_Айзада_Төлеубайқызы,Exception=60c686dc-798f-4d17-aadb-a90156a16eb8,Descr='src\rserver\src\rmngrcalls.cpp(476):
60c686dc-798f-4d17-aadb-a90156a16eb8: Сеанс отсутствует или удален
ID=4e889010-12d9-425e-a8f7-b8951f3e052f, File=d:\jenkins\ci_builder2\windowsbuild2\platform\src\rserver\src\clusterdistribimpl.cpp(1439)'
08:29.022000-0,EXCP,2,process=rphost,p:processName=bi_bk3wk1_prod_01,OSThread=2276,t:clientID=417,t:applicationName=BackgroundJob,t:computerName=DC2BUHAPP11,t:connectID=200,SessionID=33,Usr=WK1_Жансүгір_Айзада_Төлеубайқызы,Exception=SeanceContextException,Descr='Сеанс отсутствует или удален
ID=4e889010-12d9-425e-a8f7-b8951f3e052f, File=d:\jenkins\ci_builder2\windowsbuild2\platform\src\rserver\src\rmngrcalls.cpp(364)'
08:29.022001-0,EXCP,2,process=rphost,p:processName=bi_bk3wk1_prod_01,OSThread=2276,t:clientID=417,t:applicationName=BackgroundJob,t:computerName=DC2BUHAPP11,t:connectID=200,SessionID=33,Usr=WK1_Жансүгір_Айзада_Төлеубайқызы,Exception=60c686dc-798f-4d17-aadb-a90156a16eb8,Descr='src\rserver\src\serverjobexecutor.cpp(1095):
60c686dc-798f-4d17-aadb-a90156a16eb8: Сеанс отсутствует или удален
ID=4e889010-12d9-425e-a8f7-b8951f3e052f, File=d:\jenkins\ci_builder2\windowsbuild2\platform\src\rserver\src\rmngrcalls.cpp(364)'
08:29.022003-0,EXCP,3,process=rphost,p:processName=bi_bk3wk1_prod_01,OSThread=2276,t:clientID=417,t:applicationName=BackgroundJob,t:computerName=DC2BUHAPP11,t:connectID=200,SessionID=33,Usr=WK1_Жансүгір_Айзада_Төлеубайқызы,Exception=SeanceContextException,Descr='Сеанс отсутствует или удален
ID=4e889010-12d9-425e-a8f7-b8951f3e052f, File=d:\jenkins\ci_builder2\windowsbuild2\platform\src\rserver\src\clusterdistribimpl.cpp(1439)'
08:29.022005-0,EXCP,2,process=rphost,p:processName=bi_bk3wk1_prod_01,OSThread=2276,t:clientID=417,t:applicationName=BackgroundJob,t:computerName=DC2BUHAPP11,t:connectID=200,SessionID=33,Usr=WK1_Жансүгір_Айзада_Төлеубайқызы,Exception=60c686dc-798f-4d17-aadb-a90156a16eb8,Descr='src\rserver\src\rmngrcalls.cpp(476):
60c686dc-798f-4d17-aadb-a90156a16eb8: Сеанс отсутствует или удален
ID=4e889010-12d9-425e-a8f7-b8951f3e052f, File=d:\jenkins\ci_builder2\windowsbuild2\platform\src\rserver\src\clusterdistribimpl.cpp(1439)'
08:29.069006-0,EXCP,2,process=rphost,p:processName=bi_bk3wk1_prod_01,OSThread=2276,t:clientID=417,t:applicationName=BackgroundJob,t:computerName=DC2BUHAPP11,t:connectID=200,SessionID=33,Usr=WK1_Жансүгір_Айзада_Төлеубайқызы,Exception=SeanceContextException,Descr='Сеанс отсутствует или удален
ID=4e889010-12d9-425e-a8f7-b8951f3e052f, File=d:\jenkins\ci_builder2\windowsbuild2\platform\src\rserver\src\rmngrcalls.cpp(364)'
10:04.555016-0,ADMIN,2,process=rphost,p:processName=ServerJobExecutorContext,OSThread=4432,t:clientID=367,t:applicationName=JobScheduler,t:computerName=DC2BUHAPP11,Func=killClient,ClusterID=8aa94e2b-5d54-4b86-800b-79353ce39638,ConnectionID=87f6f1d3-d9a5-427d-9a88-e8707d94e4b4,Mode=0,Ref=bi_bk3wk1_prod_01(bi_bk3wk1_prod_01),Host=DC2BUHAPP11,Connection=207,Administrator=Unknown,Result=Success
10:04.930041-0,EXCP,3,process=rphost,p:processName=bi_bk3wk1_prod_01,OSThread=5628,t:clientID=425,t:applicationName=BackgroundJob,t:computerName=DC2BUHAPP11,t:connectID=207,SessionID=40,Usr=WK1_Жансүгір_Айзада_Төлеубайқызы,Exception=SeanceContextException,Descr='Сеанс отсутствует или удален
ID=1a0f902f-368b-40c1-ae71-269db7c678ca, File=d:\jenkins\ci_builder2\windowsbuild2\platform\src\rserver\src\clusterdistribimpl.cpp(1439)'
10:04.930043-0,EXCP,2,process=rphost,p:processName=bi_bk3wk1_prod_01,OSThread=5628,t:clientID=425,t:applicationName=BackgroundJob,t:computerName=DC2BUHAPP11,t:connectID=207,SessionID=40,Usr=WK1_Жансүгір_Айзада_Төлеубайқызы,Exception=60c686dc-798f-4d17-aadb-a90156a16eb8,Descr='src\rserver\src\rmngrcalls.cpp(476):
60c686dc-798f-4d17-aadb-a90156a16eb8: Сеанс отсутствует или удален
ID=1a0f902f-368b-40c1-ae71-269db7c678ca, File=d:\jenkins\ci_builder2\windowsbuild2\platform\src\rserver\src\clusterdistribimpl.cpp(1439)'
10:05.133001-0,EXCP,2,process=rphost,p:processName=bi_bk3wk1_prod_01,OSThread=5628,t:clientID=425,t:applicationName=BackgroundJob,t:computerName=DC2BUHAPP11,t:connectID=207,SessionID=40,Usr=WK1_Жансүгір_Айзада_Төлеубайқызы,Exception=SeanceContextException,Descr='Сеанс отсутствует или удален
ID=1a0f902f-368b-40c1-ae71-269db7c678ca, File=d:\jenkins\ci_builder2\windowsbuild2\platform\src\rserver\src\rmngrcalls.cpp(364)'
10:05.133002-0,EXCP,2,process=rphost,p:processName=bi_bk3wk1_prod_01,OSThread=5628,t:clientID=425,t:applicationName=BackgroundJob,t:computerName=DC2BUHAPP11,t:connectID=207,SessionID=40,Usr=WK1_Жансүгір_Айзада_Төлеубайқызы,Exception=60c686dc-798f-4d17-aadb-a90156a16eb8,Descr='src\rserver\src\serverjobexecutor.cpp(1095):
60c686dc-798f-4d17-aadb-a90156a16eb8: Сеанс отсутствует или удален
ID=1a0f902f-368b-40c1-ae71-269db7c678ca, File=d:\jenkins\ci_builder2\windowsbuild2\platform\src\rserver\src\rmngrcalls.cpp(364)'
10:05.133014-0,EXCP,3,process=rphost,p:processName=bi_bk3wk1_prod_01,OSThread=5628,t:clientID=425,t:applicationName=BackgroundJob,t:computerName=DC2BUHAPP11,t:connectID=207,SessionID=40,Usr=WK1_Жансүгір_Айзада_Төлеубайқызы,Exception=SeanceContextException,Descr='Сеанс отсутствует или удален
ID=1a0f902f-368b-40c1-ae71-269db7c678ca, File=d:\jenkins\ci_builder2\windowsbuild2\platform\src\rserver\src\clusterdistribimpl.cpp(1439)'
10:05.133016-0,EXCP,2,process=rphost,p:processName=bi_bk3wk1_prod_01,OSThread=5628,t:clientID=425,t:applicationName=BackgroundJob,t:computerName=DC2BUHAPP11,t:connectID=207,SessionID=40,Usr=WK1_Жансүгір_Айзада_Төлеубайқызы,Exception=60c686dc-798f-4d17-aadb-a90156a16eb8,Descr='src\rserver\src\rmngrcalls.cpp(476):
60c686dc-798f-4d17-aadb-a90156a16eb8: Сеанс отсутствует или удален
ID=1a0f902f-368b-40c1-ae71-269db7c678ca, File=d:\jenkins\ci_builder2\windowsbuild2\platform\src\rserver\src\clusterdistribimpl.cpp(1439)'
10:05.336000-0,EXCP,2,process=rphost,p:processName=bi_bk3wk1_prod_01,OSThread=5628,t:clientID=425,t:applicationName=BackgroundJob,t:computerName=DC2BUHAPP11,t:connectID=207,SessionID=40,Usr=WK1_Жансүгір_Айзада_Төлеубайқызы,Exception=SeanceContextException,Descr='Сеанс отсутствует или удален
ID=1a0f902f-368b-40c1-ae71-269db7c678ca, File=d:\jenkins\ci_builder2\windowsbuild2\platform\src\rserver\src\rmngrcalls.cpp(364)'
14:35.300000-0,EXCP,0,process=rphost,OSThread=5160,ClientID=409,Exception=NetDataExchangeException,Descr='server_addr=(2)10.225.32.15:64921 descr=2(0x00000002): Не удается найти указанный файл.  line=1149 file=d:\jenkins\ci_builder2\windowsbuild2\platform\src\rtrsrvc\src\dataexchangeserverimpl.cpp'
14:35.300001-0,EXCPCNTX,0,ClientComputerName=,ServerComputerName=,UserName=,ConnectString=
14:55.441000-0,EXCP,0,process=rphost,OSThread=7284,ClientID=402,Exception=NetDataExchangeException,Descr='server_addr=(2)10.224.32.15:55008 descr=2(0x00000002): Не удается найти указанный файл.  line=1149 file=d:\jenkins\ci_builder2\windowsbuild2\platform\src\rtrsrvc\src\dataexchangeserverimpl.cpp'
14:55.441001-0,EXCPCNTX,0,ClientComputerName=,ServerComputerName=,UserName=,ConnectString=
14:56.456000-0,EXCP,0,process=rphost,OSThread=8024,ClientID=436,Exception=NetDataExchangeException,Descr='server_addr=(2)10.225.32.15:64971 descr=2(0x00000002): Не удается найти указанный файл.  line=1149 file=d:\jenkins\ci_builder2\windowsbuild2\platform\src\rtrsrvc\src\dataexchangeserverimpl.cpp'
14:56.456001-0,EXCPCNTX,0,ClientComputerName=,ServerComputerName=,UserName=,ConnectString=
14:59.472000-0,EXCP,0,process=rphost,OSThread=1244,ClientID=438,Exception=NetDataExchangeException,Descr='server_addr=(2)10.224.32.15:55041 descr=2(0x00000002): Не удается найти указанный файл.  line=1149 file=d:\jenkins\ci_builder2\windowsbuild2\platform\src\rtrsrvc\src\dataexchangeserverimpl.cpp'
14:59.472001-0,EXCPCNTX,0,ClientComputerName=,ServerComputerName=,UserName=,ConnectString=
15:00.472000-0,EXCP,0,process=rphost,OSThread=4260,ClientID=439,Exception=NetDataExchangeException,Descr='server_addr=(2)10.225.32.15:64985 descr=2(0x00000002): Не удается найти указанный файл.  line=1149 file=d:\jenkins\ci_builder2\windowsbuild2\platform\src\rtrsrvc\src\dataexchangeserverimpl.cpp'
15:00.472001-0,EXCPCNTX,0,ClientComputerName=,ServerComputerName=,UserName=,ConnectString=
15:05.503000-0,EXCP,0,process=rphost,OSThread=4260,ClientID=440,Exception=NetDataExchangeException,Descr='server_addr=(2)10.224.32.15:55052 descr=2(0x00000002): Не удается найти указанный файл.  line=1149 file=d:\jenkins\ci_builder2\windowsbuild2\platform\src\rtrsrvc\src\dataexchangeserverimpl.cpp'
15:05.503001-0,EXCPCNTX,0,ClientComputerName=,ServerComputerName=,UserName=,ConnectString=
15:42.412011-0,ADMIN,3,process=rphost,p:processName=##AdminProcess##,OSThread=2276,t:clientID=443,t:applicationName=RAS,t:computerName=DC2BUHAPP11,Func=authenticateSrvrUser,Administrator=,Result=Success
15:42.412055-0,ADMIN,3,process=rphost,p:processName=bi_bk3wk1_prod_01,OSThread=2276,t:clientID=443,t:applicationName=RAS,t:computerName=DC2BUHAPP11,t:connectID=216,SessionID=11,Func=authenticateInfoBaseAdmin,ClusterID=8aa94e2b-5d54-4b86-800b-79353ce39638,InfoBaseID=e65619db-c02e-4647-a08d-3f4e7765383d,Usr=#WINAUTH#,Administrator=,Result=Fail
15:42.444007-0,ADMIN,3,process=rphost,p:processName=bi_bk3wk1_prod_01,OSThread=2276,t:clientID=443,t:applicationName=RAS,t:computerName=DC2BUHAPP11,t:connectID=216,SessionID=11,Func=authenticateInfoBaseAdmin,ClusterID=8aa94e2b-5d54-4b86-800b-79353ce39638,InfoBaseID=e65619db-c02e-4647-a08d-3f4e7765383d,Usr=ОбновлениеБазы,Administrator=,Result=Success
15:42.412020-0,ADMIN,3,process=rphost,p:processName=##AdminProcess##,OSThread=2276,t:clientID=443,t:applicationName=RAS,t:computerName=DC2BUHAPP11,Func=getInfoBaseParams,ClusterID=8aa94e2b-5d54-4b86-800b-79353ce39638,InfoBaseID=e65619db-c02e-4647-a08d-3f4e7765383d,Ref=bi_bk3wk1_prod_01,Administrator=,Result=Success
15:44.850006-3,CALL,1,process=rphost,p:processName=bi_bk3wk1_prod_01,OSThread=2276,t:clientID=444,t:applicationName=1CV8,t:computerName=DC2MGMT03,t:connectID=217,Interface=a2cf4e8a-06e2-4f81-92b3-604ea54ba92b,IName=IFolderFileHost,Method=0,CallID=5122,MName=open,RetExcp="Файл не обнаружен 'bi_bk3wk1_prod_01/ConfigSave/version'",Memory=1752,MemoryPeak=5116,InBytes=0,OutBytes=0,CpuTime=0
15:44.850011-3,CALL,1,process=rphost,p:processName=bi_bk3wk1_prod_01,OSThread=2276,t:clientID=444,t:applicationName=1CV8,t:computerName=DC2MGMT03,t:connectID=217,Interface=a2cf4e8a-06e2-4f81-92b3-604ea54ba92b,IName=IFolderFileHost,Method=0,CallID=5123,MName=open,RetExcp="Файл не обнаружен 'bi_bk3wk1_prod_01/ConfigSave/versions'",Memory=22,MemoryPeak=3552,InBytes=0,OutBytes=0,CpuTime=0
15:45.069003-3,CALL,1,process=rphost,p:processName=bi_bk3wk1_prod_01,OSThread=2276,t:clientID=444,t:applicationName=1CV8,t:computerName=DC2MGMT03,t:connectID=217,Interface=a2cf4e8a-06e2-4f81-92b3-604ea54ba92b,IName=IFolderFileHost,Method=0,CallID=5176,MName=open,RetExcp="Файл не обнаружен 'bi_bk3wk1_prod_01/Config/convertPhase'",Memory=1298,MemoryPeak=4800,InBytes=0,OutBytes=0,CpuTime=0
15:45.522032-3,CALL,1,process=rphost,p:processName=bi_bk3wk1_prod_01,OSThread=2276,t:clientID=444,t:applicationName=1CV8,t:computerName=DC2MGMT03,t:connectID=217,SessionID=12,Usr=ОбновлениеБазы,Interface=a2cf4e8a-06e2-4f81-92b3-604ea54ba92b,IName=IFolderFileHost,Method=0,CallID=5218,MName=open,RetExcp="Файл не обнаружен 'bi_bk3wk1_prod_01/Params/DBNames-Ext--1'",Memory=1218,MemoryPeak=5032,InBytes=0,OutBytes=0,CpuTime=0
16:59.334017-0,ADMIN,2,process=rphost,p:processName=ServerJobExecutorContext,OSThread=4432,t:clientID=446,t:applicationName=JobScheduler,t:computerName=DC2BUHAPP11,Func=killClient,ClusterID=8aa94e2b-5d54-4b86-800b-79353ce39638,ConnectionID=880c95c4-be81-4c58-964d-26f367dc95c0,Mode=0,Ref=bi_bk3wk1_prod_01(bi_bk3wk1_prod_01),Host=DC2BUHAPP11,Connection=219,Administrator=Unknown,Result=Success
16:59.459005-0,EXCP,3,process=rphost,p:processName=bi_bk3wk1_prod_01,OSThread=5628,t:clientID=449,t:applicationName=BackgroundJob,t:computerName=DC2BUHAPP11,t:connectID=219,SessionID=14,Usr=WK1_Жансүгір_Айзада_Төлеубайқызы,Exception=SeanceContextException,Descr='Сеанс отсутствует или удален
ID=fdbedf64-a782-4807-b0b0-dbb5849b919c, File=d:\jenkins\ci_builder2\windowsbuild2\platform\src\rserver\src\clusterdistribimpl.cpp(1439)'
16:59.459007-0,EXCP,2,process=rphost,p:processName=bi_bk3wk1_prod_01,OSThread=5628,t:clientID=449,t:applicationName=BackgroundJob,t:computerName=DC2BUHAPP11,t:connectID=219,SessionID=14,Usr=WK1_Жансүгір_Айзада_Төлеубайқызы,Exception=60c686dc-798f-4d17-aadb-a90156a16eb8,Descr='src\rserver\src\rmngrcalls.cpp(476):
60c686dc-798f-4d17-aadb-a90156a16eb8: Сеанс отсутствует или удален
ID=fdbedf64-a782-4807-b0b0-dbb5849b919c, File=d:\jenkins\ci_builder2\windowsbuild2\platform\src\rserver\src\clusterdistribimpl.cpp(1439)'
16:59.662000-0,EXCP,2,process=rphost,p:processName=bi_bk3wk1_prod_01,OSThread=5628,t:clientID=449,t:applicationName=BackgroundJob,t:computerName=DC2BUHAPP11,t:connectID=219,SessionID=14,Usr=WK1_Жансүгір_Айзада_Төлеубайқызы,Exception=SeanceContextException,Descr='Сеанс отсутствует или удален
ID=fdbedf64-a782-4807-b0b0-dbb5849b919c, File=d:\jenkins\ci_builder2\windowsbuild2\platform\src\rserver\src\rmngrcalls.cpp(364)'
16:59.662001-0,EXCP,2,process=rphost,p:processName=bi_bk3wk1_prod_01,OSThread=5628,t:clientID=449,t:applicationName=BackgroundJob,t:computerName=DC2BUHAPP11,t:connectID=219,SessionID=14,Usr=WK1_Жансүгір_Айзада_Төлеубайқызы,Exception=60c686dc-798f-4d17-aadb-a90156a16eb8,Descr='src\rserver\src\serverjobexecutor.cpp(1095):
60c686dc-798f-4d17-aadb-a90156a16eb8: Сеанс отсутствует или удален
ID=fdbedf64-a782-4807-b0b0-dbb5849b919c, File=d:\jenkins\ci_builder2\windowsbuild2\platform\src\rserver\src\rmngrcalls.cpp(364)'
16:59.662003-0,EXCP,3,process=rphost,p:processName=bi_bk3wk1_prod_01,OSThread=5628,t:clientID=449,t:applicationName=BackgroundJob,t:computerName=DC2BUHAPP11,t:connectID=219,SessionID=14,Usr=WK1_Жансүгір_Айзада_Төлеубайқызы,Exception=SeanceContextException,Descr='Сеанс отсутствует или удален
ID=fdbedf64-a782-4807-b0b0-dbb5849b919c, File=d:\jenkins\ci_builder2\windowsbuild2\platform\src\rserver\src\clusterdistribimpl.cpp(1439)'
16:59.662005-0,EXCP,2,process=rphost,p:processName=bi_bk3wk1_prod_01,OSThread=5628,t:clientID=449,t:applicationName=BackgroundJob,t:computerName=DC2BUHAPP11,t:connectID=219,SessionID=14,Usr=WK1_Жансүгір_Айзада_Төлеубайқызы,Exception=60c686dc-798f-4d17-aadb-a90156a16eb8,Descr='src\rserver\src\rmngrcalls.cpp(476):
60c686dc-798f-4d17-aadb-a90156a16eb8: Сеанс отсутствует или удален
ID=fdbedf64-a782-4807-b0b0-dbb5849b919c, File=d:\jenkins\ci_builder2\windowsbuild2\platform\src\rserver\src\clusterdistribimpl.cpp(1439)'
16:59.866000-0,EXCP,2,process=rphost,p:processName=bi_bk3wk1_prod_01,OSThread=5628,t:clientID=449,t:applicationName=BackgroundJob,t:computerName=DC2BUHAPP11,t:connectID=219,SessionID=14,Usr=WK1_Жансүгір_Айзада_Төлеубайқызы,Exception=SeanceContextException,Descr='Сеанс отсутствует или удален
ID=fdbedf64-a782-4807-b0b0-dbb5849b919c, File=d:\jenkins\ci_builder2\windowsbuild2\platform\src\rserver\src\rmngrcalls.cpp(364)'
17:05.475011-0,ADMIN,2,process=rphost,p:processName=ServerJobExecutorContext,OSThread=4432,t:clientID=446,t:applicationName=JobScheduler,t:computerName=DC2BUHAPP11,Func=killClient,ClusterID=8aa94e2b-5d54-4b86-800b-79353ce39638,ConnectionID=a5b24c82-8a1b-4899-b3bd-7eacd58f7844,Mode=0,Ref=bi_bk3wk1_prod_01(bi_bk3wk1_prod_01),Host=DC2BUHAPP11,Connection=225,Administrator=Unknown,Result=Success
17:05.991008-0,EXCP,3,process=rphost,p:processName=bi_bk3wk1_prod_01,OSThread=1292,t:clientID=456,t:applicationName=BackgroundJob,t:computerName=DC2BUHAPP11,t:connectID=225,SessionID=20,Usr=WK1_Жансүгір_Айзада_Төлеубайқызы,Exception=SeanceContextException,Descr='Сеанс отсутствует или удален
ID=1592bad3-4b80-4583-b58f-ef3f1d10bd6d, File=d:\jenkins\ci_builder2\windowsbuild2\platform\src\rserver\src\clusterdistribimpl.cpp(1439)'
17:05.991010-0,EXCP,2,process=rphost,p:processName=bi_bk3wk1_prod_01,OSThread=1292,t:clientID=456,t:applicationName=BackgroundJob,t:computerName=DC2BUHAPP11,t:connectID=225,SessionID=20,Usr=WK1_Жансүгір_Айзада_Төлеубайқызы,Exception=60c686dc-798f-4d17-aadb-a90156a16eb8,Descr='src\rserver\src\rmngrcalls.cpp(476):
60c686dc-798f-4d17-aadb-a90156a16eb8: Сеанс отсутствует или удален
ID=1592bad3-4b80-4583-b58f-ef3f1d10bd6d, File=d:\jenkins\ci_builder2\windowsbuild2\platform\src\rserver\src\clusterdistribimpl.cpp(1439)'
17:06.006006-0,EXCP,2,process=rphost,p:processName=bi_bk3wk1_prod_01,OSThread=1292,t:clientID=456,t:applicationName=BackgroundJob,t:computerName=DC2BUHAPP11,t:connectID=225,SessionID=20,Usr=WK1_Жансүгір_Айзада_Төлеубайқызы,Exception=SeanceContextException,Descr='Сеанс отсутствует или удален
ID=1592bad3-4b80-4583-b58f-ef3f1d10bd6d, File=d:\jenkins\ci_builder2\windowsbuild2\platform\src\rserver\src\rmngrcalls.cpp(364)'
17:06.006007-0,EXCP,2,process=rphost,p:processName=bi_bk3wk1_prod_01,OSThread=1292,t:clientID=456,t:applicationName=BackgroundJob,t:computerName=DC2BUHAPP11,t:connectID=225,SessionID=20,Usr=WK1_Жансүгір_Айзада_Төлеубайқызы,Exception=60c686dc-798f-4d17-aadb-a90156a16eb8,Descr='src\rserver\src\serverjobexecutor.cpp(1095):
60c686dc-798f-4d17-aadb-a90156a16eb8: Сеанс отсутствует или удален
ID=1592bad3-4b80-4583-b58f-ef3f1d10bd6d, File=d:\jenkins\ci_builder2\windowsbuild2\platform\src\rserver\src\rmngrcalls.cpp(364)'
17:06.006009-0,EXCP,3,process=rphost,p:processName=bi_bk3wk1_prod_01,OSThread=1292,t:clientID=456,t:applicationName=BackgroundJob,t:computerName=DC2BUHAPP11,t:connectID=225,SessionID=20,Usr=WK1_Жансүгір_Айзада_Төлеубайқызы,Exception=SeanceContextException,Descr='Сеанс отсутствует или удален
ID=1592bad3-4b80-4583-b58f-ef3f1d10bd6d, File=d:\jenkins\ci_builder2\windowsbuild2\platform\src\rserver\src\clusterdistribimpl.cpp(1439)'
17:06.006011-0,EXCP,2,process=rphost,p:processName=bi_bk3wk1_prod_01,OSThread=1292,t:clientID=456,t:applicationName=BackgroundJob,t:computerName=DC2BUHAPP11,t:connectID=225,SessionID=20,Usr=WK1_Жансүгір_Айзада_Төлеубайқызы,Exception=60c686dc-798f-4d17-aadb-a90156a16eb8,Descr='src\rserver\src\rmngrcalls.cpp(476):
60c686dc-798f-4d17-aadb-a90156a16eb8: Сеанс отсутствует или удален
ID=1592bad3-4b80-4583-b58f-ef3f1d10bd6d, File=d:\jenkins\ci_builder2\windowsbuild2\platform\src\rserver\src\clusterdistribimpl.cpp(1439)'
17:06.209000-0,EXCP,2,process=rphost,p:processName=bi_bk3wk1_prod_01,OSThread=1292,t:clientID=456,t:applicationName=BackgroundJob,t:computerName=DC2BUHAPP11,t:connectID=225,SessionID=20,Usr=WK1_Жансүгір_Айзада_Төлеубайқызы,Exception=SeanceContextException,Descr='Сеанс отсутствует или удален
ID=1592bad3-4b80-4583-b58f-ef3f1d10bd6d, File=d:\jenkins\ci_builder2\windowsbuild2\platform\src\rserver\src\rmngrcalls.cpp(364)'
18:23.793143-0,EXCP,2,process=rphost,p:processName=bi_bk3wk1_prod_01,OSThread=8656,t:clientID=308,t:applicationName=1CV8C,t:computerName=DC2RDSH29,t:connectID=145,SessionID=9,Usr=WK1_Жансүгір_Айзада_Төлеубайқызы,AppID=1CV8C,Exception=afd2b550-0d52-4e03-b448-15ed68d87ac5,Descr='src\basic\src\documentlogformobjcontroller.cpp(884):
afd2b550-0d52-4e03-b448-15ed68d87ac5
0d2200af-1696-4395-91e5-2872675e6d3d: Не удалось провести "Заявка на оплату TRG00001005 от 06.05.2020 7:18:09"!',Context=Форма.Записать : Документ.ЗаявкаНаОплату.Форма.ФормаДокумента
18:23.825045-0,EXCP,2,process=rphost,p:processName=bi_bk3wk1_prod_01,OSThread=8656,t:clientID=308,t:applicationName=1CV8C,t:computerName=DC2RDSH29,t:connectID=145,SessionID=9,Usr=WK1_Жансүгір_Айзада_Төлеубайқызы,AppID=1CV8C,Exception=580392e6-ba49-4280-ac67-fcd6f2180121,Descr='src\vrsbase\src\vresourceinfobaseimpl.cpp(1114):
580392e6-ba49-4280-ac67-fcd6f2180121: Неспецифицированная ошибка работы с ресурсом
Ошибка при выполнении запроса POST к ресурсу /e1cib/logForm:
afd2b550-0d52-4e03-b448-15ed68d87ac5
0d2200af-1696-4395-91e5-2872675e6d3d: Не удалось провести "Заявка на оплату TRG00001005 от 06.05.2020 7:18:09"!'
19:35.606025-0,EXCP,0,process=rphost,OSThread=624,ClientID=441,Exception=NetDataExchangeException,Descr='server_addr=(2)10.225.32.15:64997 descr=2(0x00000002): Не удается найти указанный файл.  line=1149 file=d:\jenkins\ci_builder2\windowsbuild2\platform\src\rtrsrvc\src\dataexchangeserverimpl.cpp'
19:35.606026-0,EXCPCNTX,0,ClientComputerName=,ServerComputerName=,UserName=,ConnectString=
21:44.207001-0,EXCP,0,process=rphost,OSThread=1244,ClientID=442,Exception=NetDataExchangeException,Descr='server_addr=(2)10.224.32.15:55062 descr=2(0x00000002): Не удается найти указанный файл.  line=1149 file=d:\jenkins\ci_builder2\windowsbuild2\platform\src\rtrsrvc\src\dataexchangeserverimpl.cpp'
21:44.207002-0,EXCPCNTX,0,ClientComputerName=,ServerComputerName=,UserName=,ConnectString=
21:44.441000-0,EXCP,0,process=rphost,OSThread=4260,ClientID=471,Exception=NetDataExchangeException,Descr='server_addr=(2)10.224.32.15:55099 descr=2(0x00000002): Не удается найти указанный файл.  line=1149 file=d:\jenkins\ci_builder2\windowsbuild2\platform\src\rtrsrvc\src\dataexchangeserverimpl.cpp'
21:44.441001-0,EXCPCNTX,0,ClientComputerName=,ServerComputerName=,UserName=,ConnectString=
25:43.686016-0,ADMIN,2,process=rphost,p:processName=ServerJobExecutorContext,OSThread=4432,t:clientID=473,t:applicationName=JobScheduler,t:computerName=DC2BUHAPP11,Func=killClient,ClusterID=8aa94e2b-5d54-4b86-800b-79353ce39638,ConnectionID=683099e7-0a59-43e1-b372-e5cade7b572a,Mode=0,Ref=bi_bk3wk1_prod_01(bi_bk3wk1_prod_01),Host=DC2BUHAPP11,Connection=252,Administrator=Unknown,Result=Success
25:44.108015-0,ADMIN,2,process=rphost,p:processName=ServerJobExecutorContext,OSThread=4432,t:clientID=473,t:applicationName=JobScheduler,t:computerName=DC2BUHAPP11,Func=killClient,ClusterID=8aa94e2b-5d54-4b86-800b-79353ce39638,ConnectionID=df48db6f-1c4a-45e1-9e4f-122f1b3ca83d,Mode=0,Ref=bi_bk3wk1_prod_01(bi_bk3wk1_prod_01),Host=DC2BUHAPP11,Connection=253,Administrator=Unknown,Result=Success
25:44.124039-0,EXCP,3,process=rphost,p:processName=bi_bk3wk1_prod_01,OSThread=5924,t:clientID=492,t:applicationName=BackgroundJob,t:computerName=DC2BUHAPP11,t:connectID=252,SessionID=25,Usr=WK1_Жансүгір_Айзада_Төлеубайқызы,Exception=SeanceContextException,Descr='Сеанс отсутствует или удален
ID=4f873b23-aa51-4d91-9eec-a15290f45461, File=d:\jenkins\ci_builder2\windowsbuild2\platform\src\rserver\src\clusterdistribimpl.cpp(1439)'
25:44.124041-0,EXCP,2,process=rphost,p:processName=bi_bk3wk1_prod_01,OSThread=5924,t:clientID=492,t:applicationName=BackgroundJob,t:computerName=DC2BUHAPP11,t:connectID=252,SessionID=25,Usr=WK1_Жансүгір_Айзада_Төлеубайқызы,Exception=60c686dc-798f-4d17-aadb-a90156a16eb8,Descr='src\rserver\src\rmngrcalls.cpp(476):
60c686dc-798f-4d17-aadb-a90156a16eb8: Сеанс отсутствует или удален
ID=4f873b23-aa51-4d91-9eec-a15290f45461, File=d:\jenkins\ci_builder2\windowsbuild2\platform\src\rserver\src\clusterdistribimpl.cpp(1439)'
25:44.327000-0,EXCP,2,process=rphost,p:processName=bi_bk3wk1_prod_01,OSThread=5924,t:clientID=492,t:applicationName=BackgroundJob,t:computerName=DC2BUHAPP11,t:connectID=252,SessionID=25,Usr=WK1_Жансүгір_Айзада_Төлеубайқызы,Exception=SeanceContextException,Descr='Сеанс отсутствует или удален
ID=4f873b23-aa51-4d91-9eec-a15290f45461, File=d:\jenkins\ci_builder2\windowsbuild2\platform\src\rserver\src\rmngrcalls.cpp(364)'
25:44.327001-0,EXCP,2,process=rphost,p:processName=bi_bk3wk1_prod_01,OSThread=5924,t:clientID=492,t:applicationName=BackgroundJob,t:computerName=DC2BUHAPP11,t:connectID=252,SessionID=25,Usr=WK1_Жансүгір_Айзада_Төлеубайқызы,Exception=60c686dc-798f-4d17-aadb-a90156a16eb8,Descr='src\rserver\src\serverjobexecutor.cpp(1095):
60c686dc-798f-4d17-aadb-a90156a16eb8: Сеанс отсутствует или удален
ID=4f873b23-aa51-4d91-9eec-a15290f45461, File=d:\jenkins\ci_builder2\windowsbuild2\platform\src\rserver\src\rmngrcalls.cpp(364)'
25:44.327004-0,EXCP,3,process=rphost,p:processName=bi_bk3wk1_prod_01,OSThread=5924,t:clientID=492,t:applicationName=BackgroundJob,t:computerName=DC2BUHAPP11,t:connectID=252,SessionID=25,Usr=WK1_Жансүгір_Айзада_Төлеубайқызы,Exception=SeanceContextException,Descr='Сеанс отсутствует или удален
ID=4f873b23-aa51-4d91-9eec-a15290f45461, File=d:\jenkins\ci_builder2\windowsbuild2\platform\src\rserver\src\clusterdistribimpl.cpp(1439)'
25:44.327006-0,EXCP,2,process=rphost,p:processName=bi_bk3wk1_prod_01,OSThread=5924,t:clientID=492,t:applicationName=BackgroundJob,t:computerName=DC2BUHAPP11,t:connectID=252,SessionID=25,Usr=WK1_Жансүгір_Айзада_Төлеубайқызы,Exception=60c686dc-798f-4d17-aadb-a90156a16eb8,Descr='src\rserver\src\rmngrcalls.cpp(476):
60c686dc-798f-4d17-aadb-a90156a16eb8: Сеанс отсутствует или удален
ID=4f873b23-aa51-4d91-9eec-a15290f45461, File=d:\jenkins\ci_builder2\windowsbuild2\platform\src\rserver\src\clusterdistribimpl.cpp(1439)'
25:44.530000-0,EXCP,2,process=rphost,p:processName=bi_bk3wk1_prod_01,OSThread=5924,t:clientID=492,t:applicationName=BackgroundJob,t:computerName=DC2BUHAPP11,t:connectID=252,SessionID=25,Usr=WK1_Жансүгір_Айзада_Төлеубайқызы,Exception=SeanceContextException,Descr='Сеанс отсутствует или удален
ID=4f873b23-aa51-4d91-9eec-a15290f45461, File=d:\jenkins\ci_builder2\windowsbuild2\platform\src\rserver\src\rmngrcalls.cpp(364)'
25:46.264005-0,EXCP,3,process=rphost,p:processName=bi_bk3wk1_prod_01,OSThread=3200,t:clientID=493,t:applicationName=BackgroundJob,t:computerName=DC2BUHAPP11,t:connectID=253,SessionID=26,Usr=WK1_Жансүгір_Айзада_Төлеубайқызы,Exception=SeanceContextException,Descr='Сеанс отсутствует или удален
ID=c0bcbefd-d388-4f98-9d61-95a8b4c8af4d, File=d:\jenkins\ci_builder2\windowsbuild2\platform\src\rserver\src\clusterdistribimpl.cpp(1439)'
25:46.264007-0,EXCP,2,process=rphost,p:processName=bi_bk3wk1_prod_01,OSThread=3200,t:clientID=493,t:applicationName=BackgroundJob,t:computerName=DC2BUHAPP11,t:connectID=253,SessionID=26,Usr=WK1_Жансүгір_Айзада_Төлеубайқызы,Exception=60c686dc-798f-4d17-aadb-a90156a16eb8,Descr='src\rserver\src\rmngrcalls.cpp(476):
60c686dc-798f-4d17-aadb-a90156a16eb8: Сеанс отсутствует или удален
ID=c0bcbefd-d388-4f98-9d61-95a8b4c8af4d, File=d:\jenkins\ci_builder2\windowsbuild2\platform\src\rserver\src\clusterdistribimpl.cpp(1439)'
25:46.467000-0,EXCP,2,process=rphost,p:processName=bi_bk3wk1_prod_01,OSThread=3200,t:clientID=493,t:applicationName=BackgroundJob,t:computerName=DC2BUHAPP11,t:connectID=253,SessionID=26,Usr=WK1_Жансүгір_Айзада_Төлеубайқызы,Exception=SeanceContextException,Descr='Сеанс отсутствует или удален
ID=c0bcbefd-d388-4f98-9d61-95a8b4c8af4d, File=d:\jenkins\ci_builder2\windowsbuild2\platform\src\rserver\src\rmngrcalls.cpp(364)'
25:46.467001-0,EXCP,2,process=rphost,p:processName=bi_bk3wk1_prod_01,OSThread=3200,t:clientID=493,t:applicationName=BackgroundJob,t:computerName=DC2BUHAPP11,t:connectID=253,SessionID=26,Usr=WK1_Жансүгір_Айзада_Төлеубайқызы,Exception=60c686dc-798f-4d17-aadb-a90156a16eb8,Descr='src\rserver\src\serverjobexecutor.cpp(1095):
60c686dc-798f-4d17-aadb-a90156a16eb8: Сеанс отсутствует или удален
ID=c0bcbefd-d388-4f98-9d61-95a8b4c8af4d, File=d:\jenkins\ci_builder2\windowsbuild2\platform\src\rserver\src\rmngrcalls.cpp(364)'
25:46.467003-0,EXCP,3,process=rphost,p:processName=bi_bk3wk1_prod_01,OSThread=3200,t:clientID=493,t:applicationName=BackgroundJob,t:computerName=DC2BUHAPP11,t:connectID=253,SessionID=26,Usr=WK1_Жансүгір_Айзада_Төлеубайқызы,Exception=SeanceContextException,Descr='Сеанс отсутствует или удален
ID=c0bcbefd-d388-4f98-9d61-95a8b4c8af4d, File=d:\jenkins\ci_builder2\windowsbuild2\platform\src\rserver\src\clusterdistribimpl.cpp(1439)'
25:46.467005-0,EXCP,2,process=rphost,p:processName=bi_bk3wk1_prod_01,OSThread=3200,t:clientID=493,t:applicationName=BackgroundJob,t:computerName=DC2BUHAPP11,t:connectID=253,SessionID=26,Usr=WK1_Жансүгір_Айзада_Төлеубайқызы,Exception=60c686dc-798f-4d17-aadb-a90156a16eb8,Descr='src\rserver\src\rmngrcalls.cpp(476):
60c686dc-798f-4d17-aadb-a90156a16eb8: Сеанс отсутствует или удален
ID=c0bcbefd-d388-4f98-9d61-95a8b4c8af4d, File=d:\jenkins\ci_builder2\windowsbuild2\platform\src\rserver\src\clusterdistribimpl.cpp(1439)'
25:46.670000-0,EXCP,2,process=rphost,p:processName=bi_bk3wk1_prod_01,OSThread=3200,t:clientID=493,t:applicationName=BackgroundJob,t:computerName=DC2BUHAPP11,t:connectID=253,SessionID=26,Usr=WK1_Жансүгір_Айзада_Төлеубайқызы,Exception=SeanceContextException,Descr='Сеанс отсутствует или удален
ID=c0bcbefd-d388-4f98-9d61-95a8b4c8af4d, File=d:\jenkins\ci_builder2\windowsbuild2\platform\src\rserver\src\rmngrcalls.cpp(364)'
27:41.807007-0,EXCP,2,process=rphost,p:processName=bi_bk3wk1_prod_01,OSThread=1056,t:clientID=308,t:applicationName=1CV8C,t:computerName=DC2RDSH29,t:connectID=145,SessionID=9,Usr=WK1_Жансүгір_Айзада_Төлеубайқызы,AppID=1CV8C,Exception=afd2b550-0d52-4e03-b448-15ed68d87ac5,Descr='src\basic\src\documentlogformobjcontroller.cpp(884):
afd2b550-0d52-4e03-b448-15ed68d87ac5
0d2200af-1696-4395-91e5-2872675e6d3d: Не удалось провести "Заявка на оплату TRG00001005 от 06.05.2020 7:27:23"!',Context=Форма.Записать : Документ.ЗаявкаНаОплату.Форма.ФормаДокумента
27:41.823000-0,EXCP,2,process=rphost,p:processName=bi_bk3wk1_prod_01,OSThread=1056,t:clientID=308,t:applicationName=1CV8C,t:computerName=DC2RDSH29,t:connectID=145,SessionID=9,Usr=WK1_Жансүгір_Айзада_Төлеубайқызы,AppID=1CV8C,Exception=580392e6-ba49-4280-ac67-fcd6f2180121,Descr='src\vrsbase\src\vresourceinfobaseimpl.cpp(1114):
580392e6-ba49-4280-ac67-fcd6f2180121: Неспецифицированная ошибка работы с ресурсом
Ошибка при выполнении запроса POST к ресурсу /e1cib/logForm:
afd2b550-0d52-4e03-b448-15ed68d87ac5
0d2200af-1696-4395-91e5-2872675e6d3d: Не удалось провести "Заявка на оплату TRG00001005 от 06.05.2020 7:27:23"!'
28:00.932004-0,EXCP,3,process=rphost,p:processName=bi_bk3wk1_prod_01,p:processName=bi_bk3wk1_prod_01703e46d6-ce45-444c-b684-ef0c984e0bbc,OSThread=5628,t:clientID=9,t:applicationName=1CV8C,t:computerName=DC2RDSH05,Exception=SeanceContextException,Descr='Сеанс отсутствует или удален
ID=1dc0dcb7-cef5-459f-8b7a-83ff12ef68b0, File=d:\jenkins\ci_builder2\windowsbuild2\platform\src\rserver\src\clusterdistribimpl.cpp(1439)'
28:00.932005-0,EXCP,3,process=rphost,p:processName=bi_bk3wk1_prod_01,p:processName=bi_bk3wk1_prod_01703e46d6-ce45-444c-b684-ef0c984e0bbc,OSThread=5628,t:clientID=9,t:applicationName=1CV8C,t:computerName=DC2RDSH05,Exception=580392e6-ba49-4280-ac67-fcd6f2180121,Descr='src\vrsbase\src\vresourceinfobaseimpl.cpp(1058):
580392e6-ba49-4280-ac67-fcd6f2180121: Ошибка работы сеанса
Ошибка при выполнении запроса POST к ресурсу /e1cib/modules/call:
60c686dc-798f-4d17-aadb-a90156a16eb8: Сеанс отсутствует или удален
ID=1dc0dcb7-cef5-459f-8b7a-83ff12ef68b0, File=d:\jenkins\ci_builder2\windowsbuild2\platform\src\rserver\src\clusterdistribimpl.cpp(1439)'
28:05.932000-0,EXCP,0,process=rphost,OSThread=624,ClientID=9,Exception=NetDataExchangeException,Descr='server_addr=(2)10.224.32.233:58577 descr=10054(0x00002746): Удаленный хост принудительно разорвал существующее подключение.  line=1149 file=d:\jenkins\ci_builder2\windowsbuild2\platform\src\rtrsrvc\src\dataexchangeserverimpl.cpp'
28:05.932001-0,EXCPCNTX,0,ClientComputerName=,ServerComputerName=,UserName=,ConnectString=
28:05.932011-0,EXCP,0,process=rphost,OSThread=624,ClientID=11,Exception=NetDataExchangeException,Descr='server_addr=(2)10.224.32.233:58582 descr=10054(0x00002746): Удаленный хост принудительно разорвал существующее подключение.  line=1149 file=d:\jenkins\ci_builder2\windowsbuild2\platform\src\rtrsrvc\src\dataexchangeserverimpl.cpp'
28:05.932012-0,EXCPCNTX,0,ClientComputerName=,ServerComputerName=,UserName=,ConnectString=
34:35.655035-0,EXCP,0,process=rphost,OSThread=624,ClientID=472,Exception=NetDataExchangeException,Descr='server_addr=(2)10.224.32.15:55114 descr=2(0x00000002): Не удается найти указанный файл.  line=1149 file=d:\jenkins\ci_builder2\windowsbuild2\platform\src\rtrsrvc\src\dataexchangeserverimpl.cpp'
34:35.655036-0,EXCPCNTX,0,ClientComputerName=,ServerComputerName=,UserName=,ConnectString=
34:35.936034-0,EXCP,0,process=rphost,OSThread=624,ClientID=507,Exception=NetDataExchangeException,Descr='server_addr=(2)10.224.32.15:55138 descr=2(0x00000002): Не удается найти указанный файл.  line=1149 file=d:\jenkins\ci_builder2\windowsbuild2\platform\src\rtrsrvc\src\dataexchangeserverimpl.cpp'
34:35.936035-0,EXCPCNTX,0,ClientComputerName=,ServerComputerName=,UserName=,ConnectString=
34:37.655062-0,EXCP,0,process=rphost,OSThread=7284,ClientID=508,Exception=NetDataExchangeException,Descr='server_addr=(2)10.224.32.15:55153 descr=2(0x00000002): Не удается найти указанный файл.  line=1149 file=d:\jenkins\ci_builder2\windowsbuild2\platform\src\rtrsrvc\src\dataexchangeserverimpl.cpp'
34:37.655063-0,EXCPCNTX,0,ClientComputerName=,ServerComputerName=,UserName=,ConnectString=
34:38.389023-0,EXCP,0,process=rphost,OSThread=624,ClientID=509,Exception=NetDataExchangeException,Descr='server_addr=(2)10.224.32.15:55165 descr=2(0x00000002): Не удается найти указанный файл.  line=1149 file=d:\jenkins\ci_builder2\windowsbuild2\platform\src\rtrsrvc\src\dataexchangeserverimpl.cpp'
34:38.389024-0,EXCPCNTX,0,ClientComputerName=,ServerComputerName=,UserName=,ConnectString=
34:39.999033-0,EXCP,0,process=rphost,OSThread=1616,ClientID=510,Exception=NetDataExchangeException,Descr='server_addr=(2)10.224.32.15:55180 descr=2(0x00000002): Не удается найти указанный файл.  line=1149 file=d:\jenkins\ci_builder2\windowsbuild2\platform\src\rtrsrvc\src\dataexchangeserverimpl.cpp'
34:39.999035-0,EXCPCNTX,0,ClientComputerName=,ServerComputerName=,UserName=,ConnectString=
34:51.452065-0,EXCP,0,process=rphost,OSThread=7540,ClientID=511,Exception=NetDataExchangeException,Descr='server_addr=(2)10.224.32.15:55189 descr=2(0x00000002): Не удается найти указанный файл.  line=1149 file=d:\jenkins\ci_builder2\windowsbuild2\platform\src\rtrsrvc\src\dataexchangeserverimpl.cpp'
34:51.452066-0,EXCPCNTX,0,ClientComputerName=,ServerComputerName=,UserName=,ConnectString=
34:51.702005-0,EXCP,0,process=rphost,OSThread=1616,ClientID=512,Exception=NetDataExchangeException,Descr='server_addr=(2)10.224.32.15:55200 descr=2(0x00000002): Не удается найти указанный файл.  line=1149 file=d:\jenkins\ci_builder2\windowsbuild2\platform\src\rtrsrvc\src\dataexchangeserverimpl.cpp'
34:51.702007-0,EXCPCNTX,0,ClientComputerName=,ServerComputerName=,UserName=,ConnectString=
34:54.545118-0,EXCP,0,process=rphost,OSThread=7284,ClientID=513,Exception=NetDataExchangeException,Descr='server_addr=(2)10.224.32.15:55214 descr=2(0x00000002): Не удается найти указанный файл.  line=1149 file=d:\jenkins\ci_builder2\windowsbuild2\platform\src\rtrsrvc\src\dataexchangeserverimpl.cpp'
34:54.545122-0,EXCPCNTX,0,ClientComputerName=,ServerComputerName=,UserName=,ConnectString=
34:54.842050-0,EXCP,0,process=rphost,OSThread=624,ClientID=514,Exception=NetDataExchangeException,Descr='server_addr=(2)10.224.32.15:55225 descr=2(0x00000002): Не удается найти указанный файл.  line=1149 file=d:\jenkins\ci_builder2\windowsbuild2\platform\src\rtrsrvc\src\dataexchangeserverimpl.cpp'
34:54.842051-0,EXCPCNTX,0,ClientComputerName=,ServerComputerName=,UserName=,ConnectString=
34:57.717021-0,EXCP,0,process=rphost,OSThread=624,ClientID=515,Exception=NetDataExchangeException,Descr='server_addr=(2)10.224.32.15:55239 descr=2(0x00000002): Не удается найти указанный файл.  line=1149 file=d:\jenkins\ci_builder2\windowsbuild2\platform\src\rtrsrvc\src\dataexchangeserverimpl.cpp'
34:57.717022-0,EXCPCNTX,0,ClientComputerName=,ServerComputerName=,UserName=,ConnectString=
34:57.920048-0,EXCP,0,process=rphost,OSThread=7540,ClientID=516,Exception=NetDataExchangeException,Descr='server_addr=(2)10.224.32.15:55263 descr=2(0x00000002): Не удается найти указанный файл.  line=1149 file=d:\jenkins\ci_builder2\windowsbuild2\platform\src\rtrsrvc\src\dataexchangeserverimpl.cpp'
34:57.920049-0,EXCPCNTX,0,ClientComputerName=,ServerComputerName=,UserName=,ConnectString=
35:00.983064-0,EXCP,0,process=rphost,OSThread=7284,ClientID=517,Exception=NetDataExchangeException,Descr='server_addr=(2)10.224.32.15:55277 descr=2(0x00000002): Не удается найти указанный файл.  line=1149 file=d:\jenkins\ci_builder2\windowsbuild2\platform\src\rtrsrvc\src\dataexchangeserverimpl.cpp'
35:00.999000-0,EXCPCNTX,0,ClientComputerName=,ServerComputerName=,UserName=,ConnectString=
35:01.249030-0,EXCP,0,process=rphost,OSThread=7540,ClientID=518,Exception=NetDataExchangeException,Descr='server_addr=(2)10.224.32.15:55302 descr=2(0x00000002): Не удается найти указанный файл.  line=1149 file=d:\jenkins\ci_builder2\windowsbuild2\platform\src\rtrsrvc\src\dataexchangeserverimpl.cpp'
35:01.249032-0,EXCPCNTX,0,ClientComputerName=,ServerComputerName=,UserName=,ConnectString=
35:04.217033-0,EXCP,0,process=rphost,OSThread=5300,ClientID=519,Exception=NetDataExchangeException,Descr='server_addr=(2)10.224.32.15:55316 descr=2(0x00000002): Не удается найти указанный файл.  line=1149 file=d:\jenkins\ci_builder2\windowsbuild2\platform\src\rtrsrvc\src\dataexchangeserverimpl.cpp'
35:04.217035-0,EXCPCNTX,0,ClientComputerName=,ServerComputerName=,UserName=,ConnectString=
35:04.467000-0,EXCP,0,process=rphost,OSThread=5300,ClientID=521,Exception=NetDataExchangeException,Descr='server_addr=(2)10.224.32.15:55327 descr=2(0x00000002): Не удается найти указанный файл.  line=1149 file=d:\jenkins\ci_builder2\windowsbuild2\platform\src\rtrsrvc\src\dataexchangeserverimpl.cpp'
35:04.467001-0,EXCPCNTX,0,ClientComputerName=,ServerComputerName=,UserName=,ConnectString=
35:07.436014-0,EXCP,0,process=rphost,OSThread=7540,ClientID=522,Exception=NetDataExchangeException,Descr='server_addr=(2)10.224.32.15:55341 descr=2(0x00000002): Не удается найти указанный файл.  line=1149 file=d:\jenkins\ci_builder2\windowsbuild2\platform\src\rtrsrvc\src\dataexchangeserverimpl.cpp'
35:07.436015-0,EXCPCNTX,0,ClientComputerName=,ServerComputerName=,UserName=,ConnectString=
35:07.780023-0,EXCP,0,process=rphost,OSThread=6416,ClientID=523,Exception=NetDataExchangeException,Descr='server_addr=(2)10.224.32.15:55353 descr=2(0x00000002): Не удается найти указанный файл.  line=1149 file=d:\jenkins\ci_builder2\windowsbuild2\platform\src\rtrsrvc\src\dataexchangeserverimpl.cpp'
35:07.780024-0,EXCPCNTX,0,ClientComputerName=,ServerComputerName=,UserName=,ConnectString=
35:47.740001-0,EXCP,0,process=rphost,OSThread=7540,ClientID=525,Exception=NetDataExchangeException,Descr='server_addr=(2)10.225.32.15:65324 descr=2(0x00000002): Не удается найти указанный файл.  line=1149 file=d:\jenkins\ci_builder2\windowsbuild2\platform\src\rtrsrvc\src\dataexchangeserverimpl.cpp'
35:47.740002-0,EXCPCNTX,0,ClientComputerName=,ServerComputerName=,UserName=,ConnectString=
42:14.116027-0,EXCP,3,process=rphost,p:processName=bi_bk3wk1_prod_01,OSThread=5924,t:clientID=545,t:applicationName=BackgroundJob,t:computerName=DC2BUHAPP11,t:connectID=276,SessionID=25,Usr=Павленко Жанна Александровна,Exception=SeanceContextException,Descr='Сеанс отсутствует или удален
ID=7e21c1e8-7794-4fd4-aee8-94222684037a, File=d:\jenkins\ci_builder2\windowsbuild2\platform\src\rserver\src\clusterdistribimpl.cpp(1439)'
42:14.116030-0,EXCP,2,process=rphost,p:processName=bi_bk3wk1_prod_01,OSThread=5924,t:clientID=545,t:applicationName=BackgroundJob,t:computerName=DC2BUHAPP11,t:connectID=276,SessionID=25,Usr=Павленко Жанна Александровна,Exception=60c686dc-798f-4d17-aadb-a90156a16eb8,Descr='src\rserver\src\rmngrcalls.cpp(476):
60c686dc-798f-4d17-aadb-a90156a16eb8: Сеанс отсутствует или удален
ID=7e21c1e8-7794-4fd4-aee8-94222684037a, File=d:\jenkins\ci_builder2\windowsbuild2\platform\src\rserver\src\clusterdistribimpl.cpp(1439)'
42:14.116018-0,ADMIN,2,process=rphost,p:processName=ServerJobExecutorContext,OSThread=4432,t:clientID=527,t:applicationName=JobScheduler,t:computerName=DC2BUHAPP11,Func=killClient,ClusterID=8aa94e2b-5d54-4b86-800b-79353ce39638,ConnectionID=f4a331f5-ef54-4fd5-b4d1-ea02a9b5c7de,Mode=0,Ref=bi_bk3wk1_prod_01(bi_bk3wk1_prod_01),Host=DC2BUHAPP11,Connection=276,Administrator=Unknown,Result=Success
42:14.319000-0,EXCP,2,process=rphost,p:processName=bi_bk3wk1_prod_01,OSThread=5924,t:clientID=545,t:applicationName=BackgroundJob,t:computerName=DC2BUHAPP11,t:connectID=276,SessionID=25,Usr=Павленко Жанна Александровна,Exception=SeanceContextException,Descr='Сеанс отсутствует или удален
ID=7e21c1e8-7794-4fd4-aee8-94222684037a, File=d:\jenkins\ci_builder2\windowsbuild2\platform\src\rserver\src\rmngrcalls.cpp(364)'
42:14.319001-0,EXCP,2,process=rphost,p:processName=bi_bk3wk1_prod_01,OSThread=5924,t:clientID=545,t:applicationName=BackgroundJob,t:computerName=DC2BUHAPP11,t:connectID=276,SessionID=25,Usr=Павленко Жанна Александровна,Exception=60c686dc-798f-4d17-aadb-a90156a16eb8,Descr='src\rserver\src\serverjobexecutor.cpp(1095):
60c686dc-798f-4d17-aadb-a90156a16eb8: Сеанс отсутствует или удален
ID=7e21c1e8-7794-4fd4-aee8-94222684037a, File=d:\jenkins\ci_builder2\windowsbuild2\platform\src\rserver\src\rmngrcalls.cpp(364)'
42:14.319003-0,EXCP,3,process=rphost,p:processName=bi_bk3wk1_prod_01,OSThread=5924,t:clientID=545,t:applicationName=BackgroundJob,t:computerName=DC2BUHAPP11,t:connectID=276,SessionID=25,Usr=Павленко Жанна Александровна,Exception=SeanceContextException,Descr='Сеанс отсутствует или удален
ID=7e21c1e8-7794-4fd4-aee8-94222684037a, File=d:\jenkins\ci_builder2\windowsbuild2\platform\src\rserver\src\clusterdistribimpl.cpp(1439)'
42:14.319005-0,EXCP,2,process=rphost,p:processName=bi_bk3wk1_prod_01,OSThread=5924,t:clientID=545,t:applicationName=BackgroundJob,t:computerName=DC2BUHAPP11,t:connectID=276,SessionID=25,Usr=Павленко Жанна Александровна,Exception=60c686dc-798f-4d17-aadb-a90156a16eb8,Descr='src\rserver\src\rmngrcalls.cpp(476):
60c686dc-798f-4d17-aadb-a90156a16eb8: Сеанс отсутствует или удален
ID=7e21c1e8-7794-4fd4-aee8-94222684037a, File=d:\jenkins\ci_builder2\windowsbuild2\platform\src\rserver\src\clusterdistribimpl.cpp(1439)'
42:14.522000-0,EXCP,2,process=rphost,p:processName=bi_bk3wk1_prod_01,OSThread=5924,t:clientID=545,t:applicationName=BackgroundJob,t:computerName=DC2BUHAPP11,t:connectID=276,SessionID=25,Usr=Павленко Жанна Александровна,Exception=SeanceContextException,Descr='Сеанс отсутствует или удален
ID=7e21c1e8-7794-4fd4-aee8-94222684037a, File=d:\jenkins\ci_builder2\windowsbuild2\platform\src\rserver\src\rmngrcalls.cpp(364)'
43:02.928023-0,ADMIN,2,process=rphost,p:processName=ServerJobExecutorContext,OSThread=4432,t:clientID=527,t:applicationName=JobScheduler,t:computerName=DC2BUHAPP11,Func=killClient,ClusterID=8aa94e2b-5d54-4b86-800b-79353ce39638,ConnectionID=331acc3d-8a96-4f2f-8354-727690d4244d,Mode=0,Ref=bi_bk3wk1_prod_01(bi_bk3wk1_prod_01),Host=DC2BUHAPP11,Connection=293,Administrator=Unknown,Result=Success
43:03.022010-0,EXCP,3,process=rphost,p:processName=bi_bk3wk1_prod_01,OSThread=3200,t:clientID=563,t:applicationName=BackgroundJob,t:computerName=DC2BUHAPP11,t:connectID=293,SessionID=42,Usr=Павленко Жанна Александровна,Exception=SeanceContextException,Descr='Сеанс отсутствует или удален
ID=7706f6de-bc38-4a0b-a6d0-aefcc97db828, File=d:\jenkins\ci_builder2\windowsbuild2\platform\src\rserver\src\clusterdistribimpl.cpp(1439)'
43:03.022012-0,EXCP,2,process=rphost,p:processName=bi_bk3wk1_prod_01,OSThread=3200,t:clientID=563,t:applicationName=BackgroundJob,t:computerName=DC2BUHAPP11,t:connectID=293,SessionID=42,Usr=Павленко Жанна Александровна,Exception=60c686dc-798f-4d17-aadb-a90156a16eb8,Descr='src\rserver\src\rmngrcalls.cpp(476):
60c686dc-798f-4d17-aadb-a90156a16eb8: Сеанс отсутствует или удален
ID=7706f6de-bc38-4a0b-a6d0-aefcc97db828, File=d:\jenkins\ci_builder2\windowsbuild2\platform\src\rserver\src\clusterdistribimpl.cpp(1439)'
43:03.225000-0,EXCP,2,process=rphost,p:processName=bi_bk3wk1_prod_01,OSThread=3200,t:clientID=563,t:applicationName=BackgroundJob,t:computerName=DC2BUHAPP11,t:connectID=293,SessionID=42,Usr=Павленко Жанна Александровна,Exception=SeanceContextException,Descr='Сеанс отсутствует или удален
ID=7706f6de-bc38-4a0b-a6d0-aefcc97db828, File=d:\jenkins\ci_builder2\windowsbuild2\platform\src\rserver\src\rmngrcalls.cpp(364)'
43:03.225001-0,EXCP,2,process=rphost,p:processName=bi_bk3wk1_prod_01,OSThread=3200,t:clientID=563,t:applicationName=BackgroundJob,t:computerName=DC2BUHAPP11,t:connectID=293,SessionID=42,Usr=Павленко Жанна Александровна,Exception=60c686dc-798f-4d17-aadb-a90156a16eb8,Descr='src\rserver\src\serverjobexecutor.cpp(1095):
60c686dc-798f-4d17-aadb-a90156a16eb8: Сеанс отсутствует или удален
ID=7706f6de-bc38-4a0b-a6d0-aefcc97db828, File=d:\jenkins\ci_builder2\windowsbuild2\platform\src\rserver\src\rmngrcalls.cpp(364)'
43:03.225003-0,EXCP,3,process=rphost,p:processName=bi_bk3wk1_prod_01,OSThread=3200,t:clientID=563,t:applicationName=BackgroundJob,t:computerName=DC2BUHAPP11,t:connectID=293,SessionID=42,Usr=Павленко Жанна Александровна,Exception=SeanceContextException,Descr='Сеанс отсутствует или удален
ID=7706f6de-bc38-4a0b-a6d0-aefcc97db828, File=d:\jenkins\ci_builder2\windowsbuild2\platform\src\rserver\src\clusterdistribimpl.cpp(1439)'
43:03.225005-0,EXCP,2,process=rphost,p:processName=bi_bk3wk1_prod_01,OSThread=3200,t:clientID=563,t:applicationName=BackgroundJob,t:computerName=DC2BUHAPP11,t:connectID=293,SessionID=42,Usr=Павленко Жанна Александровна,Exception=60c686dc-798f-4d17-aadb-a90156a16eb8,Descr='src\rserver\src\rmngrcalls.cpp(476):
60c686dc-798f-4d17-aadb-a90156a16eb8: Сеанс отсутствует или удален
ID=7706f6de-bc38-4a0b-a6d0-aefcc97db828, File=d:\jenkins\ci_builder2\windowsbuild2\platform\src\rserver\src\clusterdistribimpl.cpp(1439)'
43:03.428000-0,EXCP,2,process=rphost,p:processName=bi_bk3wk1_prod_01,OSThread=3200,t:clientID=563,t:applicationName=BackgroundJob,t:computerName=DC2BUHAPP11,t:connectID=293,SessionID=42,Usr=Павленко Жанна Александровна,Exception=SeanceContextException,Descr='Сеанс отсутствует или удален
ID=7706f6de-bc38-4a0b-a6d0-aefcc97db828, File=d:\jenkins\ci_builder2\windowsbuild2\platform\src\rserver\src\rmngrcalls.cpp(364)'
44:33.947000-0,EXCP,0,process=rphost,OSThread=7540,ClientID=526,Exception=NetDataExchangeException,Descr='server_addr=(2)10.225.32.15:65345 descr=2(0x00000002): Не удается найти указанный файл.  line=1149 file=d:\jenkins\ci_builder2\windowsbuild2\platform\src\rtrsrvc\src\dataexchangeserverimpl.cpp'
44:33.947001-0,EXCPCNTX,0,ClientComputerName=,ServerComputerName=,UserName=,ConnectString=
44:34.306012-0,EXCP,0,process=rphost,OSThread=1352,ClientID=571,Exception=NetDataExchangeException,Descr='server_addr=(2)10.225.32.15:49211 descr=2(0x00000002): Не удается найти указанный файл.  line=1149 file=d:\jenkins\ci_builder2\windowsbuild2\platform\src\rtrsrvc\src\dataexchangeserverimpl.cpp'
44:34.306013-0,EXCPCNTX,0,ClientComputerName=,ServerComputerName=,UserName=,ConnectString=
44:35.494000-0,EXCP,0,process=rphost,OSThread=1352,ClientID=573,Exception=NetDataExchangeException,Descr='server_addr=(2)10.225.32.15:49229 descr=2(0x00000002): Не удается найти указанный файл.  line=1149 file=d:\jenkins\ci_builder2\windowsbuild2\platform\src\rtrsrvc\src\dataexchangeserverimpl.cpp'
44:35.494001-0,EXCPCNTX,0,ClientComputerName=,ServerComputerName=,UserName=,ConnectString=
44:36.228000-0,EXCP,0,process=rphost,OSThread=1244,ClientID=524,Exception=NetDataExchangeException,Descr='server_addr=(2)10.224.32.15:55367 descr=2(0x00000002): Не удается найти указанный файл.  line=1149 file=d:\jenkins\ci_builder2\windowsbuild2\platform\src\rtrsrvc\src\dataexchangeserverimpl.cpp'
44:36.228001-0,EXCPCNTX,0,ClientComputerName=,ServerComputerName=,UserName=,ConnectString=
44:37.181000-0,EXCP,0,process=rphost,OSThread=1616,ClientID=574,Exception=NetDataExchangeException,Descr='server_addr=(2)10.225.32.15:49247 descr=2(0x00000002): Не удается найти указанный файл.  line=1149 file=d:\jenkins\ci_builder2\windowsbuild2\platform\src\rtrsrvc\src\dataexchangeserverimpl.cpp'
44:37.181001-0,EXCPCNTX,0,ClientComputerName=,ServerComputerName=,UserName=,ConnectString=
44:37.697000-0,EXCP,0,process=rphost,OSThread=1244,ClientID=575,Exception=NetDataExchangeException,Descr='server_addr=(2)10.224.32.15:55395 descr=2(0x00000002): Не удается найти указанный файл.  line=1149 file=d:\jenkins\ci_builder2\windowsbuild2\platform\src\rtrsrvc\src\dataexchangeserverimpl.cpp'
44:37.697001-0,EXCPCNTX,0,ClientComputerName=,ServerComputerName=,UserName=,ConnectString=
44:38.088000-0,EXCP,0,process=rphost,OSThread=1616,ClientID=577,Exception=NetDataExchangeException,Descr='server_addr=(2)10.224.32.15:55409 descr=2(0x00000002): Не удается найти указанный файл.  line=1149 file=d:\jenkins\ci_builder2\windowsbuild2\platform\src\rtrsrvc\src\dataexchangeserverimpl.cpp'
44:38.088001-0,EXCPCNTX,0,ClientComputerName=,ServerComputerName=,UserName=,ConnectString=
44:38.244020-0,EXCP,0,process=rphost,OSThread=1616,ClientID=578,Exception=NetDataExchangeException,Descr='server_addr=(2)10.224.32.15:55426 descr=2(0x00000002): Не удается найти указанный файл.  line=1149 file=d:\jenkins\ci_builder2\windowsbuild2\platform\src\rtrsrvc\src\dataexchangeserverimpl.cpp'
44:38.244021-0,EXCPCNTX,0,ClientComputerName=,ServerComputerName=,UserName=,ConnectString=
44:39.197000-0,EXCP,0,process=rphost,OSThread=1616,ClientID=576,Exception=NetDataExchangeException,Descr='server_addr=(2)10.225.32.15:49265 descr=2(0x00000002): Не удается найти указанный файл.  line=1149 file=d:\jenkins\ci_builder2\windowsbuild2\platform\src\rtrsrvc\src\dataexchangeserverimpl.cpp'
44:39.197001-0,EXCPCNTX,0,ClientComputerName=,ServerComputerName=,UserName=,ConnectString=
44:39.431000-0,EXCP,0,process=rphost,OSThread=7540,ClientID=579,Exception=NetDataExchangeException,Descr='server_addr=(2)10.225.32.15:49279 descr=2(0x00000002): Не удается найти указанный файл.  line=1149 file=d:\jenkins\ci_builder2\windowsbuild2\platform\src\rtrsrvc\src\dataexchangeserverimpl.cpp'
44:39.431001-0,EXCPCNTX,0,ClientComputerName=,ServerComputerName=,UserName=,ConnectString=
44:39.681000-0,EXCP,0,process=rphost,OSThread=1244,ClientID=580,Exception=NetDataExchangeException,Descr='server_addr=(2)10.225.32.15:49288 descr=2(0x00000002): Не удается найти указанный файл.  line=1149 file=d:\jenkins\ci_builder2\windowsbuild2\platform\src\rtrsrvc\src\dataexchangeserverimpl.cpp'
44:39.681001-0,EXCPCNTX,0,ClientComputerName=,ServerComputerName=,UserName=,ConnectString=
44:42.541000-0,EXCP,0,process=rphost,OSThread=5300,ClientID=581,Exception=NetDataExchangeException,Descr='server_addr=(2)10.225.32.15:49303 descr=2(0x00000002): Не удается найти указанный файл.  line=1149 file=d:\jenkins\ci_builder2\windowsbuild2\platform\src\rtrsrvc\src\dataexchangeserverimpl.cpp'
44:42.541001-0,EXCPCNTX,0,ClientComputerName=,ServerComputerName=,UserName=,ConnectString=
44:42.822000-0,EXCP,0,process=rphost,OSThread=1352,ClientID=582,Exception=NetDataExchangeException,Descr='server_addr=(2)10.225.32.15:49315 descr=2(0x00000002): Не удается найти указанный файл.  line=1149 file=d:\jenkins\ci_builder2\windowsbuild2\platform\src\rtrsrvc\src\dataexchangeserverimpl.cpp'
44:42.822001-0,EXCPCNTX,0,ClientComputerName=,ServerComputerName=,UserName=,ConnectString=
44:45.838000-0,EXCP,0,process=rphost,OSThread=1352,ClientID=583,Exception=NetDataExchangeException,Descr='server_addr=(2)10.225.32.15:49330 descr=2(0x00000002): Не удается найти указанный файл.  line=1149 file=d:\jenkins\ci_builder2\windowsbuild2\platform\src\rtrsrvc\src\dataexchangeserverimpl.cpp'
44:45.838001-0,EXCPCNTX,0,ClientComputerName=,ServerComputerName=,UserName=,ConnectString=
44:46.010000-0,EXCP,0,process=rphost,OSThread=1352,ClientID=585,Exception=NetDataExchangeException,Descr='server_addr=(2)10.225.32.15:49342 descr=2(0x00000002): Не удается найти указанный файл.  line=1149 file=d:\jenkins\ci_builder2\windowsbuild2\platform\src\rtrsrvc\src\dataexchangeserverimpl.cpp'
44:46.010001-0,EXCPCNTX,0,ClientComputerName=,ServerComputerName=,UserName=,ConnectString=
44:49.166001-0,EXCP,0,process=rphost,OSThread=1616,ClientID=586,Exception=NetDataExchangeException,Descr='server_addr=(2)10.225.32.15:49357 descr=2(0x00000002): Не удается найти указанный файл.  line=1149 file=d:\jenkins\ci_builder2\windowsbuild2\platform\src\rtrsrvc\src\dataexchangeserverimpl.cpp'
44:49.166002-0,EXCPCNTX,0,ClientComputerName=,ServerComputerName=,UserName=,ConnectString=
44:49.541000-0,EXCP,0,process=rphost,OSThread=7540,ClientID=587,Exception=NetDataExchangeException,Descr='server_addr=(2)10.225.32.15:49369 descr=2(0x00000002): Не удается найти указанный файл.  line=1149 file=d:\jenkins\ci_builder2\windowsbuild2\platform\src\rtrsrvc\src\dataexchangeserverimpl.cpp'
44:49.541001-0,EXCPCNTX,0,ClientComputerName=,ServerComputerName=,UserName=,ConnectString=
45:11.400000-0,EXCP,0,process=rphost,OSThread=1244,ClientID=588,Exception=NetDataExchangeException,Descr='server_addr=(2)10.225.32.15:49384 descr=2(0x00000002): Не удается найти указанный файл.  line=1149 file=d:\jenkins\ci_builder2\windowsbuild2\platform\src\rtrsrvc\src\dataexchangeserverimpl.cpp'
45:11.400001-0,EXCPCNTX,0,ClientComputerName=,ServerComputerName=,UserName=,ConnectString=
45:11.666000-0,EXCP,0,process=rphost,OSThread=1244,ClientID=590,Exception=NetDataExchangeException,Descr='server_addr=(2)10.225.32.15:49404 descr=2(0x00000002): Не удается найти указанный файл.  line=1149 file=d:\jenkins\ci_builder2\windowsbuild2\platform\src\rtrsrvc\src\dataexchangeserverimpl.cpp'
45:11.666001-0,EXCPCNTX,0,ClientComputerName=,ServerComputerName=,UserName=,ConnectString=
45:48.777000-0,EXCP,0,process=rphost,OSThread=1244,ClientID=589,Exception=NetDataExchangeException,Descr='server_addr=(2)10.224.32.15:55582 descr=2(0x00000002): Не удается найти указанный файл.  line=1149 file=d:\jenkins\ci_builder2\windowsbuild2\platform\src\rtrsrvc\src\dataexchangeserverimpl.cpp'
45:48.777001-0,EXCPCNTX,0,ClientComputerName=,ServerComputerName=,UserName=,ConnectString=
49:34.956013-0,EXCP,0,process=rphost,OSThread=1352,ClientID=592,Exception=NetDataExchangeException,Descr='server_addr=(2)10.224.32.15:55601 descr=2(0x00000002): Не удается найти указанный файл.  line=1149 file=d:\jenkins\ci_builder2\windowsbuild2\platform\src\rtrsrvc\src\dataexchangeserverimpl.cpp'
49:34.956014-0,EXCPCNTX,0,ClientComputerName=,ServerComputerName=,UserName=,ConnectString=
49:35.253041-0,EXCP,0,process=rphost,OSThread=1244,ClientID=616,Exception=NetDataExchangeException,Descr='server_addr=(2)10.224.32.15:55667 descr=2(0x00000002): Не удается найти указанный файл.  line=1149 file=d:\jenkins\ci_builder2\windowsbuild2\platform\src\rtrsrvc\src\dataexchangeserverimpl.cpp'
49:35.253043-0,EXCPCNTX,0,ClientComputerName=,ServerComputerName=,UserName=,ConnectString=
51:16.155001-0,EXCP,0,process=rphost,OSThread=6416,ClientID=618,Exception=NetDataExchangeException,Descr='server_addr=(2)10.224.32.15:55685 descr=2(0x00000002): Не удается найти указанный файл.  line=1149 file=d:\jenkins\ci_builder2\windowsbuild2\platform\src\rtrsrvc\src\dataexchangeserverimpl.cpp'
51:16.155002-0,EXCPCNTX,0,ClientComputerName=,ServerComputerName=,UserName=,ConnectString=
51:16.452000-0,EXCP,0,process=rphost,OSThread=7540,ClientID=620,Exception=NetDataExchangeException,Descr='server_addr=(2)10.224.32.15:55722 descr=2(0x00000002): Не удается найти указанный файл.  line=1149 file=d:\jenkins\ci_builder2\windowsbuild2\platform\src\rtrsrvc\src\dataexchangeserverimpl.cpp'
51:16.452001-0,EXCPCNTX,0,ClientComputerName=,ServerComputerName=,UserName=,ConnectString=
54:37.148002-0,EXCP,2,process=rphost,p:processName=bi_bk3wk1_prod_01,OSThread=2276,t:clientID=572,t:applicationName=WebServerExtension,t:computerName=DC1CISWEB02,t:connectID=301,SessionID=27,Usr=WSDooc,Exception=Messages list is not empty!
54:38.851004-0,EXCP,0,process=rphost,OSThread=1616,ClientID=591,Exception=NetDataExchangeException,Descr='server_addr=(2)10.225.32.15:49422 descr=2(0x00000002): Не удается найти указанный файл.  line=1149 file=d:\jenkins\ci_builder2\windowsbuild2\platform\src\rtrsrvc\src\dataexchangeserverimpl.cpp'
54:38.851005-0,EXCPCNTX,0,ClientComputerName=,ServerComputerName=,UserName=,ConnectString=
54:38.898002-0,EXCP,2,process=rphost,p:processName=bi_bk3wk1_prod_01,OSThread=2276,t:clientID=572,t:applicationName=WebServerExtension,t:computerName=DC1CISWEB02,t:connectID=301,SessionID=29,Usr=WSDooc,Exception=Messages list is not empty!
54:55.133001-0,EXCP,0,process=rphost,OSThread=5300,ClientID=621,Exception=NetDataExchangeException,Descr='server_addr=(2)10.224.32.15:55740 descr=2(0x00000002): Не удается найти указанный файл.  line=1149 file=d:\jenkins\ci_builder2\windowsbuild2\platform\src\rtrsrvc\src\dataexchangeserverimpl.cpp'
54:55.133002-0,EXCPCNTX,0,ClientComputerName=,ServerComputerName=,UserName=,ConnectString=
54:57.523000-0,EXCP,0,process=rphost,OSThread=7540,ClientID=623,Exception=NetDataExchangeException,Descr='server_addr=(2)10.225.32.15:49575 descr=2(0x00000002): Не удается найти указанный файл.  line=1149 file=d:\jenkins\ci_builder2\windowsbuild2\platform\src\rtrsrvc\src\dataexchangeserverimpl.cpp'
54:57.523001-0,EXCPCNTX,0,ClientComputerName=,ServerComputerName=,UserName=,ConnectString=
54:59.148000-0,EXCP,0,process=rphost,OSThread=7284,ClientID=624,Exception=NetDataExchangeException,Descr='server_addr=(2)10.224.32.15:55802 descr=2(0x00000002): Не удается найти указанный файл.  line=1149 file=d:\jenkins\ci_builder2\windowsbuild2\platform\src\rtrsrvc\src\dataexchangeserverimpl.cpp'
54:59.148001-0,EXCPCNTX,0,ClientComputerName=,ServerComputerName=,UserName=,ConnectString=
56:07.525000-0,EXCP,0,process=rphost,OSThread=7540,ClientID=625,Exception=NetDataExchangeException,Descr='server_addr=(2)10.225.32.15:49589 descr=2(0x00000002): Не удается найти указанный файл.  line=1149 file=d:\jenkins\ci_builder2\windowsbuild2\platform\src\rtrsrvc\src\dataexchangeserverimpl.cpp'
56:07.525001-0,EXCPCNTX,0,ClientComputerName=,ServerComputerName=,UserName=,ConnectString=
56:07.838000-0,EXCP,0,process=rphost,OSThread=7284,ClientID=627,Exception=NetDataExchangeException,Descr='server_addr=(2)10.225.32.15:49607 descr=2(0x00000002): Не удается найти указанный файл.  line=1149 file=d:\jenkins\ci_builder2\windowsbuild2\platform\src\rtrsrvc\src\dataexchangeserverimpl.cpp'
56:07.838001-0,EXCPCNTX,0,ClientComputerName=,ServerComputerName=,UserName=,ConnectString=
59:36.317002-0,EXCP,2,process=rphost,p:processName=bi_bk3wk1_prod_01,OSThread=1292,t:clientID=617,t:applicationName=WebServerExtension,t:computerName=DC2CISWEB01,t:connectID=320,SessionID=34,Usr=WSDooc,Exception=Messages list is not empty!
59:38.864002-0,EXCP,2,process=rphost,p:processName=bi_bk3wk1_prod_01,OSThread=1292,t:clientID=617,t:applicationName=WebServerExtension,t:computerName=DC2CISWEB01,t:connectID=320,SessionID=38,Usr=WSDooc,Exception=Messages list is not empty!
59:39.848009-0,EXCP,2,process=rphost,p:processName=bi_bk3wk1_prod_01,OSThread=4408,t:clientID=572,t:applicationName=WebServerExtension,t:computerName=DC1CISWEB02,t:connectID=301,SessionID=40,Usr=WSDooc,Exception=Messages list is not empty!
59:41.317008-0,EXCP,2,process=rphost,p:processName=bi_bk3wk1_prod_01,OSThread=1292,t:clientID=617,t:applicationName=WebServerExtension,t:computerName=DC2CISWEB01,t:connectID=320,SessionID=42,Usr=WSDooc,Exception=Messages list is not empty!
59:44.020002-0,EXCP,2,process=rphost,p:processName=bi_bk3wk1_prod_01,OSThread=1056,t:clientID=572,t:applicationName=WebServerExtension,t:computerName=DC1CISWEB02,t:connectID=301,SessionID=47,Usr=WSDooc,Exception=Messages list is not empty!
59:45.114002-0,EXCP,2,process=rphost,p:processName=bi_bk3wk1_prod_01,OSThread=5924,t:clientID=617,t:applicationName=WebServerExtension,t:computerName=DC2CISWEB01,t:connectID=320,SessionID=49,Usr=WSDooc,Exception=Messages list is not empty!
59:47.567002-0,EXCP,2,process=rphost,p:processName=bi_bk3wk1_prod_01,OSThread=5924,t:clientID=617,t:applicationName=WebServerExtension,t:computerName=DC2CISWEB01,t:connectID=320,SessionID=53,Usr=WSDooc,Exception=Messages list is not empty!
59:50.083002-0,EXCP,2,process=rphost,p:processName=bi_bk3wk1_prod_01,OSThread=1552,t:clientID=572,t:applicationName=WebServerExtension,t:computerName=DC1CISWEB02,t:connectID=301,SessionID=57,Usr=WSDooc,Exception=Messages list is not empty!
59:52.255010-0,EXCP,2,process=rphost,p:processName=bi_bk3wk1_prod_01,OSThread=1552,t:clientID=572,t:applicationName=WebServerExtension,t:computerName=DC1CISWEB02,t:connectID=301,SessionID=61,Usr=WSDooc,Exception=Messages list is not empty!
59:55.083006-0,EXCP,2,process=rphost,p:processName=bi_bk3wk1_prod_01,OSThread=2276,t:clientID=617,t:applicationName=WebServerExtension,t:computerName=DC2CISWEB01,t:connectID=320,SessionID=65,Usr=WSDooc,Exception=Messages list is not empty!
59:56.614000-0,EXCP,0,process=rphost,OSThread=7540,ClientID=626,Exception=NetDataExchangeException,Descr='server_addr=(2)10.224.32.15:55813 descr=2(0x00000002): Не удается найти указанный файл.  line=1149 file=d:\jenkins\ci_builder2\windowsbuild2\platform\src\rtrsrvc\src\dataexchangeserverimpl.cpp'
59:56.614001-0,EXCPCNTX,0,ClientComputerName=,ServerComputerName=,UserName=,ConnectString=
59:56.770002-0,EXCP,2,process=rphost,p:processName=bi_bk3wk1_prod_01,OSThread=2276,t:clientID=617,t:applicationName=WebServerExtension,t:computerName=DC2CISWEB01,t:connectID=320,SessionID=67,Usr=WSDooc,Exception=Messages list is not empty!
59:56.864000-0,EXCP,0,process=rphost,OSThread=7540,ClientID=639,Exception=NetDataExchangeException,Descr='server_addr=(2)10.224.32.15:55833 descr=2(0x00000002): Не удается найти указанный файл.  line=1149 file=d:\jenkins\ci_builder2\windowsbuild2\platform\src\rtrsrvc\src\dataexchangeserverimpl.cpp'
59:56.864001-0,EXCPCNTX,0,ClientComputerName=,ServerComputerName=,UserName=,ConnectString=
