00:24.148006-0,EXCP,2,process=rphost,p:processName=bi_bk3wk1_prod_01,OSThread=5924,t:clientID=933,t:applicationName=1CV8C,t:computerName=DC1RDSH04,t:connectID=551,SessionID=386,Usr=WK1_Туткышева_Мерей_Жанатовна,AppID=1CV8C,Exception=SeanceContextException,Descr=Попытка получения неинициализированного значения параметра сеанса,Context='Система.ПолучитьФорму : Документ.РегламентированныйОтчет.ФормаОбъекта
Документ.РегламентированныйОтчет.Форма.ФормаДокумента.Форма : 21 : ПравоДоступаКОтчету = РегламентированнаяОтчетностьВызовСервера.ПравоДоступаКРегламентированномуОтчету(
	ОбщийМодуль.РегламентированнаяОтчетностьВызовСервера.Модуль : 22 : Если НЕ РегламентированнаяОтчетность.ЭтоВнешнийОтчет(ИдентификаторОтчета) Тогда // это внутренний отчет
		ОбщийМодуль.РегламентированнаяОтчетность.Модуль : 26 : Если ПризнакИспользованияВнешнегоОтчетаСУчетомКэша(НайденныйЭлемент) <> Истина
			ОбщийМодуль.РегламентированнаяОтчетность.Модуль : 1844 : Кэш = ПараметрыСеанса.ХранилищеПараметровВнешнихРегламентированныхОтчетов.Получить();'
01:11.150005-3,CALL,1,process=rphost,p:processName=bi_bk3wk1_prod_01,OSThread=5924,t:clientID=2411,t:applicationName=1CV8,t:computerName=DC2MGMT03,t:connectID=4915,Interface=a2cf4e8a-06e2-4f81-92b3-604ea54ba92b,IName=IFolderFileHost,Method=0,CallID=29491,MName=open,RetExcp="Файл не обнаружен 'bi_bk3wk1_prod_01/ConfigSave/version'",Memory=1752,MemoryPeak=5118,InBytes=0,OutBytes=0,CpuTime=0
01:11.150009-3,CALL,1,process=rphost,p:processName=bi_bk3wk1_prod_01,OSThread=5924,t:clientID=2411,t:applicationName=1CV8,t:computerName=DC2MGMT03,t:connectID=4915,Interface=a2cf4e8a-06e2-4f81-92b3-604ea54ba92b,IName=IFolderFileHost,Method=0,CallID=29492,MName=open,RetExcp="Файл не обнаружен 'bi_bk3wk1_prod_01/ConfigSave/versions'",Memory=22,MemoryPeak=3554,InBytes=0,OutBytes=0,CpuTime=0
01:11.354011-3,CALL,1,process=rphost,p:processName=bi_bk3wk1_prod_01,OSThread=5924,t:clientID=2411,t:applicationName=1CV8,t:computerName=DC2MGMT03,t:connectID=4915,Interface=a2cf4e8a-06e2-4f81-92b3-604ea54ba92b,IName=IFolderFileHost,Method=0,CallID=29545,MName=open,RetExcp="Файл не обнаружен 'bi_bk3wk1_prod_01/Config/convertPhase'",Memory=1298,MemoryPeak=4802,InBytes=0,OutBytes=0,CpuTime=0
01:11.619018-3,CALL,1,process=rphost,p:processName=bi_bk3wk1_prod_01,OSThread=5924,t:clientID=2411,t:applicationName=1CV8,t:computerName=DC2MGMT03,t:connectID=4915,SessionID=6304,Usr=ОбновлениеБазы,Interface=a2cf4e8a-06e2-4f81-92b3-604ea54ba92b,IName=IFolderFileHost,Method=0,CallID=29587,MName=open,RetExcp="Файл не обнаружен 'bi_bk3wk1_prod_01/Params/DBNames-Ext--1'",Memory=1218,MemoryPeak=5038,InBytes=0,OutBytes=0,CpuTime=0
03:50.637020-0,EXCP,0,process=rphost,OSThread=1352,ClientID=2418,Exception=NetDataExchangeException,Descr='server_addr=(2)10.225.32.43:51679 descr=2(0x00000002): Не удается найти указанный файл.  line=1149 file=d:\jenkins\ci_builder2\windowsbuild2\platform\src\rtrsrvc\src\dataexchangeserverimpl.cpp'
03:50.637021-0,EXCPCNTX,0,ClientComputerName=,ServerComputerName=,UserName=,ConnectString=
04:10.371000-0,EXCP,0,process=rphost,OSThread=7540,ClientID=2250,Exception=NetDataExchangeException,Descr='server_addr=(2)10.225.32.15:54220 descr=2(0x00000002): Не удается найти указанный файл.  line=1149 file=d:\jenkins\ci_builder2\windowsbuild2\platform\src\rtrsrvc\src\dataexchangeserverimpl.cpp'
04:10.371002-0,EXCPCNTX,0,ClientComputerName=,ServerComputerName=,UserName=,ConnectString=
04:10.527000-0,EXCP,0,process=rphost,OSThread=4212,ClientID=2433,Exception=NetDataExchangeException,Descr='server_addr=(2)10.225.32.15:54345 descr=2(0x00000002): Не удается найти указанный файл.  line=1149 file=d:\jenkins\ci_builder2\windowsbuild2\platform\src\rtrsrvc\src\dataexchangeserverimpl.cpp'
04:10.527001-0,EXCPCNTX,0,ClientComputerName=,ServerComputerName=,UserName=,ConnectString=
04:37.513000-0,EXCP,0,process=rphost,OSThread=7284,ClientID=2435,Exception=NetDataExchangeException,Descr='server_addr=(2)10.225.32.15:54369 descr=2(0x00000002): Не удается найти указанный файл.  line=1149 file=d:\jenkins\ci_builder2\windowsbuild2\platform\src\rtrsrvc\src\dataexchangeserverimpl.cpp'
04:37.513001-0,EXCPCNTX,0,ClientComputerName=,ServerComputerName=,UserName=,ConnectString=
04:37.841000-0,EXCP,0,process=rphost,OSThread=5160,ClientID=2437,Exception=NetDataExchangeException,Descr='server_addr=(2)10.225.32.15:54394 descr=2(0x00000002): Не удается найти указанный файл.  line=1149 file=d:\jenkins\ci_builder2\windowsbuild2\platform\src\rtrsrvc\src\dataexchangeserverimpl.cpp'
04:37.841001-0,EXCPCNTX,0,ClientComputerName=,ServerComputerName=,UserName=,ConnectString=
04:40.903001-0,EXCP,0,process=rphost,OSThread=1616,ClientID=2438,Exception=NetDataExchangeException,Descr='server_addr=(2)10.225.32.15:54419 descr=2(0x00000002): Не удается найти указанный файл.  line=1149 file=d:\jenkins\ci_builder2\windowsbuild2\platform\src\rtrsrvc\src\dataexchangeserverimpl.cpp'
04:40.903002-0,EXCPCNTX,0,ClientComputerName=,ServerComputerName=,UserName=,ConnectString=
04:41.200000-0,EXCP,0,process=rphost,OSThread=7540,ClientID=2439,Exception=NetDataExchangeException,Descr='server_addr=(2)10.225.32.15:54441 descr=2(0x00000002): Не удается найти указанный файл.  line=1149 file=d:\jenkins\ci_builder2\windowsbuild2\platform\src\rtrsrvc\src\dataexchangeserverimpl.cpp'
04:41.200001-0,EXCPCNTX,0,ClientComputerName=,ServerComputerName=,UserName=,ConnectString=
05:16.498005-0,ADMIN,2,process=rphost,p:processName=ServerJobExecutorContext,OSThread=4432,t:clientID=2186,t:applicationName=JobScheduler,t:computerName=DC2BUHAPP11,Func=killClient,ClusterID=8aa94e2b-5d54-4b86-800b-79353ce39638,ConnectionID=867c6d4d-337e-4bb9-b5dd-8ad6dd478567,Mode=0,Ref=bi_bk3wk1_prod_01(bi_bk3wk1_prod_01),Host=DC2BUHAPP11,Connection=4958,Administrator=Unknown,Result=Success
05:17.654000-0,EXCP,3,process=rphost,p:processName=bi_bk3wk1_prod_01,OSThread=6692,t:clientID=2449,t:applicationName=BackgroundJob,t:computerName=DC2BUHAPP11,t:connectID=4958,SessionID=6363,Usr=Мәжитов Санат Төлегенұлы,Exception=SeanceContextException,Descr='Сеанс отсутствует или удален
ID=59525072-e8cf-4fbf-95e7-1d09e047daab, File=d:\jenkins\ci_builder2\windowsbuild2\platform\src\rserver\src\clusterdistribimpl.cpp(1439)'
05:17.654002-0,EXCP,2,process=rphost,p:processName=bi_bk3wk1_prod_01,OSThread=6692,t:clientID=2449,t:applicationName=BackgroundJob,t:computerName=DC2BUHAPP11,t:connectID=4958,SessionID=6363,Usr=Мәжитов Санат Төлегенұлы,Exception=60c686dc-798f-4d17-aadb-a90156a16eb8,Descr='src\rserver\src\rmngrcalls.cpp(476):
60c686dc-798f-4d17-aadb-a90156a16eb8: Сеанс отсутствует или удален
ID=59525072-e8cf-4fbf-95e7-1d09e047daab, File=d:\jenkins\ci_builder2\windowsbuild2\platform\src\rserver\src\clusterdistribimpl.cpp(1439)'
05:17.858001-0,EXCP,2,process=rphost,p:processName=bi_bk3wk1_prod_01,OSThread=6692,t:clientID=2449,t:applicationName=BackgroundJob,t:computerName=DC2BUHAPP11,t:connectID=4958,SessionID=6363,Usr=Мәжитов Санат Төлегенұлы,Exception=SeanceContextException,Descr='Сеанс отсутствует или удален
ID=59525072-e8cf-4fbf-95e7-1d09e047daab, File=d:\jenkins\ci_builder2\windowsbuild2\platform\src\rserver\src\rmngrcalls.cpp(364)'
05:17.858002-0,EXCP,2,process=rphost,p:processName=bi_bk3wk1_prod_01,OSThread=6692,t:clientID=2449,t:applicationName=BackgroundJob,t:computerName=DC2BUHAPP11,t:connectID=4958,SessionID=6363,Usr=Мәжитов Санат Төлегенұлы,Exception=60c686dc-798f-4d17-aadb-a90156a16eb8,Descr='src\rserver\src\serverjobexecutor.cpp(1095):
60c686dc-798f-4d17-aadb-a90156a16eb8: Сеанс отсутствует или удален
ID=59525072-e8cf-4fbf-95e7-1d09e047daab, File=d:\jenkins\ci_builder2\windowsbuild2\platform\src\rserver\src\rmngrcalls.cpp(364)'
05:17.858017-0,EXCP,3,process=rphost,p:processName=bi_bk3wk1_prod_01,OSThread=6692,t:clientID=2449,t:applicationName=BackgroundJob,t:computerName=DC2BUHAPP11,t:connectID=4958,SessionID=6363,Usr=Мәжитов Санат Төлегенұлы,Exception=SeanceContextException,Descr='Сеанс отсутствует или удален
ID=59525072-e8cf-4fbf-95e7-1d09e047daab, File=d:\jenkins\ci_builder2\windowsbuild2\platform\src\rserver\src\clusterdistribimpl.cpp(1439)'
05:17.858019-0,EXCP,2,process=rphost,p:processName=bi_bk3wk1_prod_01,OSThread=6692,t:clientID=2449,t:applicationName=BackgroundJob,t:computerName=DC2BUHAPP11,t:connectID=4958,SessionID=6363,Usr=Мәжитов Санат Төлегенұлы,Exception=60c686dc-798f-4d17-aadb-a90156a16eb8,Descr='src\rserver\src\rmngrcalls.cpp(476):
60c686dc-798f-4d17-aadb-a90156a16eb8: Сеанс отсутствует или удален
ID=59525072-e8cf-4fbf-95e7-1d09e047daab, File=d:\jenkins\ci_builder2\windowsbuild2\platform\src\rserver\src\clusterdistribimpl.cpp(1439)'
05:17.904006-0,EXCP,2,process=rphost,p:processName=bi_bk3wk1_prod_01,OSThread=6692,t:clientID=2449,t:applicationName=BackgroundJob,t:computerName=DC2BUHAPP11,t:connectID=4958,SessionID=6363,Usr=Мәжитов Санат Төлегенұлы,Exception=SeanceContextException,Descr='Сеанс отсутствует или удален
ID=59525072-e8cf-4fbf-95e7-1d09e047daab, File=d:\jenkins\ci_builder2\windowsbuild2\platform\src\rserver\src\rmngrcalls.cpp(364)'
05:43.701005-0,ADMIN,2,process=rphost,p:processName=ServerJobExecutorContext,OSThread=3680,t:clientID=2186,t:applicationName=JobScheduler,t:computerName=DC2BUHAPP11,Func=killClient,ClusterID=8aa94e2b-5d54-4b86-800b-79353ce39638,ConnectionID=a87a4fcd-8642-4143-afe8-a7c078546151,Mode=0,Ref=bi_bk3wk1_prod_01(bi_bk3wk1_prod_01),Host=DC2BUHAPP11,Connection=4963,Administrator=Unknown,Result=Success
05:47.576004-0,EXCP,2,process=rphost,p:processName=bi_bk3wk1_prod_01,OSThread=6692,t:clientID=2432,t:applicationName=1CV8C,t:computerName=tikibayevd,t:connectID=4938,SessionID=6342,Usr=WK1_Тикибаев_Данияр_Раимбекович,AppID=1CV8C,Exception=580392e6-ba49-4280-ac67-fcd6f2180121,Descr='src\vrsbase\src\vresourceinfobaseimpl.cpp(1114):
580392e6-ba49-4280-ac67-fcd6f2180121: Неспецифицированная ошибка работы с ресурсом
Ошибка при выполнении запроса POST к ресурсу /e1cib/extmd/processing:
330cdbe8-ffef-47e5-b574-38a1ba2368a6: Предупреждение безопасности

Открывается "Отправить поступления ТМЗв оперу билд" из файла "D:\Изображения\Разработка!\ОтправитьПоступленияТМЗвОперуБилд.epf".

Рекомендуется обращать внимание на источник, из которого был получен данный файл. Если с источником нет договоренности о разработке дополнительных модулей, или есть сомнения в содержимом файла, то его не рекомендуется открывать, поскольку это может нанести вред компьютеру и данным.

Разрешить открывать данный файл?'
05:53.529005-0,EXCP,3,process=rphost,p:processName=bi_bk3wk1_prod_01,OSThread=5924,t:clientID=2451,t:applicationName=BackgroundJob,t:computerName=DC2BUHAPP11,t:connectID=4963,SessionID=6368,Usr=Мәжитов Санат Төлегенұлы,Exception=SeanceContextException,Descr='Сеанс отсутствует или удален
ID=1aa831e6-8b53-4ce3-9bdf-41f2edf0fa80, File=d:\jenkins\ci_builder2\windowsbuild2\platform\src\rserver\src\clusterdistribimpl.cpp(1439)'
05:53.529007-0,EXCP,2,process=rphost,p:processName=bi_bk3wk1_prod_01,OSThread=5924,t:clientID=2451,t:applicationName=BackgroundJob,t:computerName=DC2BUHAPP11,t:connectID=4963,SessionID=6368,Usr=Мәжитов Санат Төлегенұлы,Exception=60c686dc-798f-4d17-aadb-a90156a16eb8,Descr='src\rserver\src\rmngrcalls.cpp(476):
60c686dc-798f-4d17-aadb-a90156a16eb8: Сеанс отсутствует или удален
ID=1aa831e6-8b53-4ce3-9bdf-41f2edf0fa80, File=d:\jenkins\ci_builder2\windowsbuild2\platform\src\rserver\src\clusterdistribimpl.cpp(1439)'
05:53.733001-0,EXCP,2,process=rphost,p:processName=bi_bk3wk1_prod_01,OSThread=5924,t:clientID=2451,t:applicationName=BackgroundJob,t:computerName=DC2BUHAPP11,t:connectID=4963,SessionID=6368,Usr=Мәжитов Санат Төлегенұлы,Exception=SeanceContextException,Descr='Сеанс отсутствует или удален
ID=1aa831e6-8b53-4ce3-9bdf-41f2edf0fa80, File=d:\jenkins\ci_builder2\windowsbuild2\platform\src\rserver\src\rmngrcalls.cpp(364)'
05:53.733002-0,EXCP,2,process=rphost,p:processName=bi_bk3wk1_prod_01,OSThread=5924,t:clientID=2451,t:applicationName=BackgroundJob,t:computerName=DC2BUHAPP11,t:connectID=4963,SessionID=6368,Usr=Мәжитов Санат Төлегенұлы,Exception=60c686dc-798f-4d17-aadb-a90156a16eb8,Descr='src\rserver\src\serverjobexecutor.cpp(1095):
60c686dc-798f-4d17-aadb-a90156a16eb8: Сеанс отсутствует или удален
ID=1aa831e6-8b53-4ce3-9bdf-41f2edf0fa80, File=d:\jenkins\ci_builder2\windowsbuild2\platform\src\rserver\src\rmngrcalls.cpp(364)'
05:53.733004-0,EXCP,3,process=rphost,p:processName=bi_bk3wk1_prod_01,OSThread=5924,t:clientID=2451,t:applicationName=BackgroundJob,t:computerName=DC2BUHAPP11,t:connectID=4963,SessionID=6368,Usr=Мәжитов Санат Төлегенұлы,Exception=SeanceContextException,Descr='Сеанс отсутствует или удален
ID=1aa831e6-8b53-4ce3-9bdf-41f2edf0fa80, File=d:\jenkins\ci_builder2\windowsbuild2\platform\src\rserver\src\clusterdistribimpl.cpp(1439)'
05:53.733006-0,EXCP,2,process=rphost,p:processName=bi_bk3wk1_prod_01,OSThread=5924,t:clientID=2451,t:applicationName=BackgroundJob,t:computerName=DC2BUHAPP11,t:connectID=4963,SessionID=6368,Usr=Мәжитов Санат Төлегенұлы,Exception=60c686dc-798f-4d17-aadb-a90156a16eb8,Descr='src\rserver\src\rmngrcalls.cpp(476):
60c686dc-798f-4d17-aadb-a90156a16eb8: Сеанс отсутствует или удален
ID=1aa831e6-8b53-4ce3-9bdf-41f2edf0fa80, File=d:\jenkins\ci_builder2\windowsbuild2\platform\src\rserver\src\clusterdistribimpl.cpp(1439)'
05:53.936000-0,EXCP,2,process=rphost,p:processName=bi_bk3wk1_prod_01,OSThread=5924,t:clientID=2451,t:applicationName=BackgroundJob,t:computerName=DC2BUHAPP11,t:connectID=4963,SessionID=6368,Usr=Мәжитов Санат Төлегенұлы,Exception=SeanceContextException,Descr='Сеанс отсутствует или удален
ID=1aa831e6-8b53-4ce3-9bdf-41f2edf0fa80, File=d:\jenkins\ci_builder2\windowsbuild2\platform\src\rserver\src\rmngrcalls.cpp(364)'
08:31.098001-0,ADMIN,2,process=rphost,p:processName=ServerJobExecutorContext,OSThread=4432,t:clientID=2186,t:applicationName=JobScheduler,t:computerName=DC2BUHAPP11,Func=killClient,ClusterID=8aa94e2b-5d54-4b86-800b-79353ce39638,ConnectionID=f213f36f-4f5e-44b8-bf7d-1e74d897a8e0,Mode=0,Ref=bi_bk3wk1_prod_01(bi_bk3wk1_prod_01),Host=DC2BUHAPP11,Connection=5012,Administrator=Unknown,Result=Success
08:33.004010-0,EXCP,3,process=rphost,p:processName=bi_bk3wk1_prod_01,OSThread=1576,t:clientID=2479,t:applicationName=BackgroundJob,t:computerName=DC2BUHAPP11,t:connectID=5012,SessionID=6422,Usr=Тағабай Бекболат Талғатұлы,Exception=SeanceContextException,Descr='Сеанс отсутствует или удален
ID=c8c8b396-4e36-4b4e-8302-41e4c7358476, File=d:\jenkins\ci_builder2\windowsbuild2\platform\src\rserver\src\clusterdistribimpl.cpp(1439)'
08:33.004012-0,EXCP,2,process=rphost,p:processName=bi_bk3wk1_prod_01,OSThread=1576,t:clientID=2479,t:applicationName=BackgroundJob,t:computerName=DC2BUHAPP11,t:connectID=5012,SessionID=6422,Usr=Тағабай Бекболат Талғатұлы,Exception=60c686dc-798f-4d17-aadb-a90156a16eb8,Descr='src\rserver\src\rmngrcalls.cpp(476):
60c686dc-798f-4d17-aadb-a90156a16eb8: Сеанс отсутствует или удален
ID=c8c8b396-4e36-4b4e-8302-41e4c7358476, File=d:\jenkins\ci_builder2\windowsbuild2\platform\src\rserver\src\clusterdistribimpl.cpp(1439)'
08:33.207000-0,EXCP,2,process=rphost,p:processName=bi_bk3wk1_prod_01,OSThread=1576,t:clientID=2479,t:applicationName=BackgroundJob,t:computerName=DC2BUHAPP11,t:connectID=5012,SessionID=6422,Usr=Тағабай Бекболат Талғатұлы,Exception=SeanceContextException,Descr='Сеанс отсутствует или удален
ID=c8c8b396-4e36-4b4e-8302-41e4c7358476, File=d:\jenkins\ci_builder2\windowsbuild2\platform\src\rserver\src\rmngrcalls.cpp(364)'
08:33.207001-0,EXCP,2,process=rphost,p:processName=bi_bk3wk1_prod_01,OSThread=1576,t:clientID=2479,t:applicationName=BackgroundJob,t:computerName=DC2BUHAPP11,t:connectID=5012,SessionID=6422,Usr=Тағабай Бекболат Талғатұлы,Exception=60c686dc-798f-4d17-aadb-a90156a16eb8,Descr='src\rserver\src\serverjobexecutor.cpp(1095):
60c686dc-798f-4d17-aadb-a90156a16eb8: Сеанс отсутствует или удален
ID=c8c8b396-4e36-4b4e-8302-41e4c7358476, File=d:\jenkins\ci_builder2\windowsbuild2\platform\src\rserver\src\rmngrcalls.cpp(364)'
08:33.207003-0,EXCP,3,process=rphost,p:processName=bi_bk3wk1_prod_01,OSThread=1576,t:clientID=2479,t:applicationName=BackgroundJob,t:computerName=DC2BUHAPP11,t:connectID=5012,SessionID=6422,Usr=Тағабай Бекболат Талғатұлы,Exception=SeanceContextException,Descr='Сеанс отсутствует или удален
ID=c8c8b396-4e36-4b4e-8302-41e4c7358476, File=d:\jenkins\ci_builder2\windowsbuild2\platform\src\rserver\src\clusterdistribimpl.cpp(1439)'
08:33.207005-0,EXCP,2,process=rphost,p:processName=bi_bk3wk1_prod_01,OSThread=1576,t:clientID=2479,t:applicationName=BackgroundJob,t:computerName=DC2BUHAPP11,t:connectID=5012,SessionID=6422,Usr=Тағабай Бекболат Талғатұлы,Exception=60c686dc-798f-4d17-aadb-a90156a16eb8,Descr='src\rserver\src\rmngrcalls.cpp(476):
60c686dc-798f-4d17-aadb-a90156a16eb8: Сеанс отсутствует или удален
ID=c8c8b396-4e36-4b4e-8302-41e4c7358476, File=d:\jenkins\ci_builder2\windowsbuild2\platform\src\rserver\src\clusterdistribimpl.cpp(1439)'
08:33.410000-0,EXCP,2,process=rphost,p:processName=bi_bk3wk1_prod_01,OSThread=1576,t:clientID=2479,t:applicationName=BackgroundJob,t:computerName=DC2BUHAPP11,t:connectID=5012,SessionID=6422,Usr=Тағабай Бекболат Талғатұлы,Exception=SeanceContextException,Descr='Сеанс отсутствует или удален
ID=c8c8b396-4e36-4b4e-8302-41e4c7358476, File=d:\jenkins\ci_builder2\windowsbuild2\platform\src\rserver\src\rmngrcalls.cpp(364)'
09:31.194020-0,ADMIN,2,process=rphost,p:processName=ServerJobExecutorContext,OSThread=4432,t:clientID=2186,t:applicationName=JobScheduler,t:computerName=DC2BUHAPP11,Func=killClient,ClusterID=8aa94e2b-5d54-4b86-800b-79353ce39638,ConnectionID=92bcf82f-c3a7-498e-bb22-9c2496a3c177,Mode=0,Ref=bi_bk3wk1_prod_01(bi_bk3wk1_prod_01),Host=DC2BUHAPP11,Connection=5022,Administrator=Unknown,Result=Success
09:31.350023-0,EXCP,3,process=rphost,p:processName=bi_bk3wk1_prod_01,OSThread=1576,t:clientID=2482,t:applicationName=BackgroundJob,t:computerName=DC2BUHAPP11,t:connectID=5022,SessionID=6432,Usr=Есжанова Нургуль Муратовна,Exception=SeanceContextException,Descr='Сеанс отсутствует или удален
ID=caa83c6e-a1bf-4ae5-ab30-3ac925029c1e, File=d:\jenkins\ci_builder2\windowsbuild2\platform\src\rserver\src\clusterdistribimpl.cpp(1439)'
09:31.350025-0,EXCP,2,process=rphost,p:processName=bi_bk3wk1_prod_01,OSThread=1576,t:clientID=2482,t:applicationName=BackgroundJob,t:computerName=DC2BUHAPP11,t:connectID=5022,SessionID=6432,Usr=Есжанова Нургуль Муратовна,Exception=60c686dc-798f-4d17-aadb-a90156a16eb8,Descr='src\rserver\src\rmngrcalls.cpp(476):
60c686dc-798f-4d17-aadb-a90156a16eb8: Сеанс отсутствует или удален
ID=caa83c6e-a1bf-4ae5-ab30-3ac925029c1e, File=d:\jenkins\ci_builder2\windowsbuild2\platform\src\rserver\src\clusterdistribimpl.cpp(1439)'
09:31.553000-0,EXCP,2,process=rphost,p:processName=bi_bk3wk1_prod_01,OSThread=1576,t:clientID=2482,t:applicationName=BackgroundJob,t:computerName=DC2BUHAPP11,t:connectID=5022,SessionID=6432,Usr=Есжанова Нургуль Муратовна,Exception=SeanceContextException,Descr='Сеанс отсутствует или удален
ID=caa83c6e-a1bf-4ae5-ab30-3ac925029c1e, File=d:\jenkins\ci_builder2\windowsbuild2\platform\src\rserver\src\rmngrcalls.cpp(364)'
09:31.553001-0,EXCP,2,process=rphost,p:processName=bi_bk3wk1_prod_01,OSThread=1576,t:clientID=2482,t:applicationName=BackgroundJob,t:computerName=DC2BUHAPP11,t:connectID=5022,SessionID=6432,Usr=Есжанова Нургуль Муратовна,Exception=60c686dc-798f-4d17-aadb-a90156a16eb8,Descr='src\rserver\src\serverjobexecutor.cpp(1095):
60c686dc-798f-4d17-aadb-a90156a16eb8: Сеанс отсутствует или удален
ID=caa83c6e-a1bf-4ae5-ab30-3ac925029c1e, File=d:\jenkins\ci_builder2\windowsbuild2\platform\src\rserver\src\rmngrcalls.cpp(364)'
09:31.553005-0,EXCP,3,process=rphost,p:processName=bi_bk3wk1_prod_01,OSThread=1576,t:clientID=2482,t:applicationName=BackgroundJob,t:computerName=DC2BUHAPP11,t:connectID=5022,SessionID=6432,Usr=Есжанова Нургуль Муратовна,Exception=SeanceContextException,Descr='Сеанс отсутствует или удален
ID=caa83c6e-a1bf-4ae5-ab30-3ac925029c1e, File=d:\jenkins\ci_builder2\windowsbuild2\platform\src\rserver\src\clusterdistribimpl.cpp(1439)'
09:31.553007-0,EXCP,2,process=rphost,p:processName=bi_bk3wk1_prod_01,OSThread=1576,t:clientID=2482,t:applicationName=BackgroundJob,t:computerName=DC2BUHAPP11,t:connectID=5022,SessionID=6432,Usr=Есжанова Нургуль Муратовна,Exception=60c686dc-798f-4d17-aadb-a90156a16eb8,Descr='src\rserver\src\rmngrcalls.cpp(476):
60c686dc-798f-4d17-aadb-a90156a16eb8: Сеанс отсутствует или удален
ID=caa83c6e-a1bf-4ae5-ab30-3ac925029c1e, File=d:\jenkins\ci_builder2\windowsbuild2\platform\src\rserver\src\clusterdistribimpl.cpp(1439)'
09:31.756001-0,EXCP,2,process=rphost,p:processName=bi_bk3wk1_prod_01,OSThread=1576,t:clientID=2482,t:applicationName=BackgroundJob,t:computerName=DC2BUHAPP11,t:connectID=5022,SessionID=6432,Usr=Есжанова Нургуль Муратовна,Exception=SeanceContextException,Descr='Сеанс отсутствует или удален
ID=caa83c6e-a1bf-4ae5-ab30-3ac925029c1e, File=d:\jenkins\ci_builder2\windowsbuild2\platform\src\rserver\src\rmngrcalls.cpp(364)'
11:59.732021-0,EXCP,2,process=rphost,p:processName=bi_bk3wk1_prod_01,OSThread=6692,t:clientID=984,t:applicationName=1CV8C,t:computerName=DC1RDSH04,t:connectID=594,SessionID=445,Usr=WK1_Есенбаева_Дана_Исаханкызы,AppID=1CV8C,Exception=afd2b550-0d52-4e03-b448-15ed68d87ac5,Descr='src\basic\src\documentlogformobjcontroller.cpp(884):
afd2b550-0d52-4e03-b448-15ed68d87ac5
0d2200af-1696-4395-91e5-2872675e6d3d: Не удалось провести "Платежное поручение (исходящее) KR100004596 от 06.05.2020 10:30:57"!',Context=Форма.Записать : Документ.ПлатежноеПоручениеИсходящее.Форма.ФормаДокумента
11:59.810001-0,EXCP,2,process=rphost,p:processName=bi_bk3wk1_prod_01,OSThread=6692,t:clientID=984,t:applicationName=1CV8C,t:computerName=DC1RDSH04,t:connectID=594,SessionID=445,Usr=WK1_Есенбаева_Дана_Исаханкызы,AppID=1CV8C,Exception=580392e6-ba49-4280-ac67-fcd6f2180121,Descr='src\vrsbase\src\vresourceinfobaseimpl.cpp(1114):
580392e6-ba49-4280-ac67-fcd6f2180121: Неспецифицированная ошибка работы с ресурсом
Ошибка при выполнении запроса POST к ресурсу /e1cib/logForm:
afd2b550-0d52-4e03-b448-15ed68d87ac5
0d2200af-1696-4395-91e5-2872675e6d3d: Не удалось провести "Платежное поручение (исходящее) KR100004596 от 06.05.2020 10:30:57"!'
13:51.110005-0,ADMIN,2,process=rphost,p:processName=ServerJobExecutorContext,OSThread=4432,t:clientID=2186,t:applicationName=JobScheduler,t:computerName=DC2BUHAPP11,Func=killClient,ClusterID=8aa94e2b-5d54-4b86-800b-79353ce39638,ConnectionID=c807b670-1abe-4726-958e-2ff5f845682d,Mode=0,Ref=bi_bk3wk1_prod_01(bi_bk3wk1_prod_01),Host=DC2BUHAPP11,Connection=5056,Administrator=Unknown,Result=Success
13:52.875005-0,EXCP,3,process=rphost,p:processName=bi_bk3wk1_prod_01,OSThread=1576,t:clientID=2509,t:applicationName=BackgroundJob,t:computerName=DC2BUHAPP11,t:connectID=5056,SessionID=6517,Usr=Бектасова Алия Белгибаевна,Exception=SeanceContextException,Descr='Сеанс отсутствует или удален
ID=2cce7684-4dd0-4d83-80f7-00b3bf9810d7, File=d:\jenkins\ci_builder2\windowsbuild2\platform\src\rserver\src\clusterdistribimpl.cpp(1439)'
13:52.875007-0,EXCP,2,process=rphost,p:processName=bi_bk3wk1_prod_01,OSThread=1576,t:clientID=2509,t:applicationName=BackgroundJob,t:computerName=DC2BUHAPP11,t:connectID=5056,SessionID=6517,Usr=Бектасова Алия Белгибаевна,Exception=60c686dc-798f-4d17-aadb-a90156a16eb8,Descr='src\rserver\src\rmngrcalls.cpp(476):
60c686dc-798f-4d17-aadb-a90156a16eb8: Сеанс отсутствует или удален
ID=2cce7684-4dd0-4d83-80f7-00b3bf9810d7, File=d:\jenkins\ci_builder2\windowsbuild2\platform\src\rserver\src\clusterdistribimpl.cpp(1439)'
13:53.078000-0,EXCP,2,process=rphost,p:processName=bi_bk3wk1_prod_01,OSThread=1576,t:clientID=2509,t:applicationName=BackgroundJob,t:computerName=DC2BUHAPP11,t:connectID=5056,SessionID=6517,Usr=Бектасова Алия Белгибаевна,Exception=SeanceContextException,Descr='Сеанс отсутствует или удален
ID=2cce7684-4dd0-4d83-80f7-00b3bf9810d7, File=d:\jenkins\ci_builder2\windowsbuild2\platform\src\rserver\src\rmngrcalls.cpp(364)'
13:53.078001-0,EXCP,2,process=rphost,p:processName=bi_bk3wk1_prod_01,OSThread=1576,t:clientID=2509,t:applicationName=BackgroundJob,t:computerName=DC2BUHAPP11,t:connectID=5056,SessionID=6517,Usr=Бектасова Алия Белгибаевна,Exception=60c686dc-798f-4d17-aadb-a90156a16eb8,Descr='src\rserver\src\serverjobexecutor.cpp(1095):
60c686dc-798f-4d17-aadb-a90156a16eb8: Сеанс отсутствует или удален
ID=2cce7684-4dd0-4d83-80f7-00b3bf9810d7, File=d:\jenkins\ci_builder2\windowsbuild2\platform\src\rserver\src\rmngrcalls.cpp(364)'
13:53.078003-0,EXCP,3,process=rphost,p:processName=bi_bk3wk1_prod_01,OSThread=1576,t:clientID=2509,t:applicationName=BackgroundJob,t:computerName=DC2BUHAPP11,t:connectID=5056,SessionID=6517,Usr=Бектасова Алия Белгибаевна,Exception=SeanceContextException,Descr='Сеанс отсутствует или удален
ID=2cce7684-4dd0-4d83-80f7-00b3bf9810d7, File=d:\jenkins\ci_builder2\windowsbuild2\platform\src\rserver\src\clusterdistribimpl.cpp(1439)'
13:53.078005-0,EXCP,2,process=rphost,p:processName=bi_bk3wk1_prod_01,OSThread=1576,t:clientID=2509,t:applicationName=BackgroundJob,t:computerName=DC2BUHAPP11,t:connectID=5056,SessionID=6517,Usr=Бектасова Алия Белгибаевна,Exception=60c686dc-798f-4d17-aadb-a90156a16eb8,Descr='src\rserver\src\rmngrcalls.cpp(476):
60c686dc-798f-4d17-aadb-a90156a16eb8: Сеанс отсутствует или удален
ID=2cce7684-4dd0-4d83-80f7-00b3bf9810d7, File=d:\jenkins\ci_builder2\windowsbuild2\platform\src\rserver\src\clusterdistribimpl.cpp(1439)'
13:53.281000-0,EXCP,2,process=rphost,p:processName=bi_bk3wk1_prod_01,OSThread=1576,t:clientID=2509,t:applicationName=BackgroundJob,t:computerName=DC2BUHAPP11,t:connectID=5056,SessionID=6517,Usr=Бектасова Алия Белгибаевна,Exception=SeanceContextException,Descr='Сеанс отсутствует или удален
ID=2cce7684-4dd0-4d83-80f7-00b3bf9810d7, File=d:\jenkins\ci_builder2\windowsbuild2\platform\src\rserver\src\rmngrcalls.cpp(364)'
17:33.491002-0,EXCP,2,process=rphost,p:processName=bi_bk3wk1_prod_01,OSThread=8656,t:clientID=572,t:applicationName=WebServerExtension,t:computerName=DC1CISWEB02,t:connectID=301,SessionID=6555,Usr=WSDooc,Exception=Messages list is not empty!
19:05.336016-0,EXCP,0,process=rphost,OSThread=7540,ClientID=2440,Exception=NetDataExchangeException,Descr='server_addr=(2)10.225.32.15:54466 descr=2(0x00000002): Не удается найти указанный файл.  line=1149 file=d:\jenkins\ci_builder2\windowsbuild2\platform\src\rtrsrvc\src\dataexchangeserverimpl.cpp'
19:05.336017-0,EXCPCNTX,0,ClientComputerName=,ServerComputerName=,UserName=,ConnectString=
19:05.555011-0,EXCP,0,process=rphost,OSThread=5160,ClientID=2521,Exception=NetDataExchangeException,Descr='server_addr=(2)10.225.32.15:54562 descr=2(0x00000002): Не удается найти указанный файл.  line=1149 file=d:\jenkins\ci_builder2\windowsbuild2\platform\src\rtrsrvc\src\dataexchangeserverimpl.cpp'
19:05.555012-0,EXCPCNTX,0,ClientComputerName=,ServerComputerName=,UserName=,ConnectString=
19:58.930018-0,EXCP,0,process=rphost,OSThread=1352,ClientID=2522,Exception=NetDataExchangeException,Descr='server_addr=(2)10.225.32.15:54587 descr=2(0x00000002): Не удается найти указанный файл.  line=1149 file=d:\jenkins\ci_builder2\windowsbuild2\platform\src\rtrsrvc\src\dataexchangeserverimpl.cpp'
19:58.930019-0,EXCPCNTX,0,ClientComputerName=,ServerComputerName=,UserName=,ConnectString=
19:59.227013-0,EXCP,0,process=rphost,OSThread=5160,ClientID=2525,Exception=NetDataExchangeException,Descr='server_addr=(2)10.225.32.15:54610 descr=2(0x00000002): Не удается найти указанный файл.  line=1149 file=d:\jenkins\ci_builder2\windowsbuild2\platform\src\rtrsrvc\src\dataexchangeserverimpl.cpp'
19:59.227014-0,EXCPCNTX,0,ClientComputerName=,ServerComputerName=,UserName=,ConnectString=
22:21.557005-0,ADMIN,2,process=rphost,p:processName=ServerJobExecutorContext,OSThread=3680,t:clientID=2186,t:applicationName=JobScheduler,t:computerName=DC2BUHAPP11,Func=killClient,ClusterID=8aa94e2b-5d54-4b86-800b-79353ce39638,ConnectionID=eaca58fd-16cd-4532-8ad3-e60247a05ed3,Mode=0,Ref=bi_bk3wk1_prod_01(bi_bk3wk1_prod_01),Host=DC2BUHAPP11,Connection=5109,Administrator=Unknown,Result=Success
22:23.651010-0,EXCP,3,process=rphost,p:processName=bi_bk3wk1_prod_01,OSThread=7240,t:clientID=2531,t:applicationName=BackgroundJob,t:computerName=DC2BUHAPP11,t:connectID=5109,SessionID=6605,Usr=Макулбек Айдана,Exception=SeanceContextException,Descr='Сеанс отсутствует или удален
ID=274af3c1-cf0c-443e-a416-ebd702065953, File=d:\jenkins\ci_builder2\windowsbuild2\platform\src\rserver\src\clusterdistribimpl.cpp(1439)'
22:23.651012-0,EXCP,2,process=rphost,p:processName=bi_bk3wk1_prod_01,OSThread=7240,t:clientID=2531,t:applicationName=BackgroundJob,t:computerName=DC2BUHAPP11,t:connectID=5109,SessionID=6605,Usr=Макулбек Айдана,Exception=60c686dc-798f-4d17-aadb-a90156a16eb8,Descr='src\rserver\src\rmngrcalls.cpp(476):
60c686dc-798f-4d17-aadb-a90156a16eb8: Сеанс отсутствует или удален
ID=274af3c1-cf0c-443e-a416-ebd702065953, File=d:\jenkins\ci_builder2\windowsbuild2\platform\src\rserver\src\clusterdistribimpl.cpp(1439)'
22:23.698006-0,EXCP,2,process=rphost,p:processName=bi_bk3wk1_prod_01,OSThread=7240,t:clientID=2531,t:applicationName=BackgroundJob,t:computerName=DC2BUHAPP11,t:connectID=5109,SessionID=6605,Usr=Макулбек Айдана,Exception=SeanceContextException,Descr='Сеанс отсутствует или удален
ID=274af3c1-cf0c-443e-a416-ebd702065953, File=d:\jenkins\ci_builder2\windowsbuild2\platform\src\rserver\src\rmngrcalls.cpp(364)'
22:23.698007-0,EXCP,2,process=rphost,p:processName=bi_bk3wk1_prod_01,OSThread=7240,t:clientID=2531,t:applicationName=BackgroundJob,t:computerName=DC2BUHAPP11,t:connectID=5109,SessionID=6605,Usr=Макулбек Айдана,Exception=60c686dc-798f-4d17-aadb-a90156a16eb8,Descr='src\rserver\src\serverjobexecutor.cpp(1095):
60c686dc-798f-4d17-aadb-a90156a16eb8: Сеанс отсутствует или удален
ID=274af3c1-cf0c-443e-a416-ebd702065953, File=d:\jenkins\ci_builder2\windowsbuild2\platform\src\rserver\src\rmngrcalls.cpp(364)'
22:23.698009-0,EXCP,3,process=rphost,p:processName=bi_bk3wk1_prod_01,OSThread=7240,t:clientID=2531,t:applicationName=BackgroundJob,t:computerName=DC2BUHAPP11,t:connectID=5109,SessionID=6605,Usr=Макулбек Айдана,Exception=SeanceContextException,Descr='Сеанс отсутствует или удален
ID=274af3c1-cf0c-443e-a416-ebd702065953, File=d:\jenkins\ci_builder2\windowsbuild2\platform\src\rserver\src\clusterdistribimpl.cpp(1439)'
22:23.698011-0,EXCP,2,process=rphost,p:processName=bi_bk3wk1_prod_01,OSThread=7240,t:clientID=2531,t:applicationName=BackgroundJob,t:computerName=DC2BUHAPP11,t:connectID=5109,SessionID=6605,Usr=Макулбек Айдана,Exception=60c686dc-798f-4d17-aadb-a90156a16eb8,Descr='src\rserver\src\rmngrcalls.cpp(476):
60c686dc-798f-4d17-aadb-a90156a16eb8: Сеанс отсутствует или удален
ID=274af3c1-cf0c-443e-a416-ebd702065953, File=d:\jenkins\ci_builder2\windowsbuild2\platform\src\rserver\src\clusterdistribimpl.cpp(1439)'
22:23.901000-0,EXCP,2,process=rphost,p:processName=bi_bk3wk1_prod_01,OSThread=7240,t:clientID=2531,t:applicationName=BackgroundJob,t:computerName=DC2BUHAPP11,t:connectID=5109,SessionID=6605,Usr=Макулбек Айдана,Exception=SeanceContextException,Descr='Сеанс отсутствует или удален
ID=274af3c1-cf0c-443e-a416-ebd702065953, File=d:\jenkins\ci_builder2\windowsbuild2\platform\src\rserver\src\rmngrcalls.cpp(364)'
24:36.951000-0,EXCP,0,process=rphost,OSThread=1244,ClientID=2526,Exception=NetDataExchangeException,Descr='server_addr=(2)10.225.32.15:54635 descr=2(0x00000002): Не удается найти указанный файл.  line=1149 file=d:\jenkins\ci_builder2\windowsbuild2\platform\src\rtrsrvc\src\dataexchangeserverimpl.cpp'
24:36.951001-0,EXCPCNTX,0,ClientComputerName=,ServerComputerName=,UserName=,ConnectString=
24:37.248000-0,EXCP,0,process=rphost,OSThread=8024,ClientID=2538,Exception=NetDataExchangeException,Descr='server_addr=(2)10.225.32.15:54665 descr=2(0x00000002): Не удается найти указанный файл.  line=1149 file=d:\jenkins\ci_builder2\windowsbuild2\platform\src\rtrsrvc\src\dataexchangeserverimpl.cpp'
24:37.248001-0,EXCPCNTX,0,ClientComputerName=,ServerComputerName=,UserName=,ConnectString=
24:40.310001-0,EXCP,0,process=rphost,OSThread=1352,ClientID=2539,Exception=NetDataExchangeException,Descr='server_addr=(2)10.225.32.15:54690 descr=2(0x00000002): Не удается найти указанный файл.  line=1149 file=d:\jenkins\ci_builder2\windowsbuild2\platform\src\rtrsrvc\src\dataexchangeserverimpl.cpp'
24:40.310002-0,EXCPCNTX,0,ClientComputerName=,ServerComputerName=,UserName=,ConnectString=
24:40.638000-0,EXCP,0,process=rphost,OSThread=5160,ClientID=2540,Exception=NetDataExchangeException,Descr='server_addr=(2)10.225.32.15:54713 descr=2(0x00000002): Не удается найти указанный файл.  line=1149 file=d:\jenkins\ci_builder2\windowsbuild2\platform\src\rtrsrvc\src\dataexchangeserverimpl.cpp'
24:40.638001-0,EXCPCNTX,0,ClientComputerName=,ServerComputerName=,UserName=,ConnectString=
24:43.591000-0,EXCP,0,process=rphost,OSThread=7284,ClientID=2541,Exception=NetDataExchangeException,Descr='server_addr=(2)10.225.32.15:54738 descr=2(0x00000002): Не удается найти указанный файл.  line=1149 file=d:\jenkins\ci_builder2\windowsbuild2\platform\src\rtrsrvc\src\dataexchangeserverimpl.cpp'
24:43.591001-0,EXCPCNTX,0,ClientComputerName=,ServerComputerName=,UserName=,ConnectString=
24:43.888000-0,EXCP,0,process=rphost,OSThread=624,ClientID=2543,Exception=NetDataExchangeException,Descr='server_addr=(2)10.225.32.15:54760 descr=2(0x00000002): Не удается найти указанный файл.  line=1149 file=d:\jenkins\ci_builder2\windowsbuild2\platform\src\rtrsrvc\src\dataexchangeserverimpl.cpp'
24:43.888001-0,EXCPCNTX,0,ClientComputerName=,ServerComputerName=,UserName=,ConnectString=
24:46.951000-0,EXCP,0,process=rphost,OSThread=1616,ClientID=2544,Exception=NetDataExchangeException,Descr='server_addr=(2)10.225.32.15:54785 descr=2(0x00000002): Не удается найти указанный файл.  line=1149 file=d:\jenkins\ci_builder2\windowsbuild2\platform\src\rtrsrvc\src\dataexchangeserverimpl.cpp'
24:46.951001-0,EXCPCNTX,0,ClientComputerName=,ServerComputerName=,UserName=,ConnectString=
24:47.279000-0,EXCP,0,process=rphost,OSThread=1616,ClientID=2545,Exception=NetDataExchangeException,Descr='server_addr=(2)10.225.32.15:54807 descr=2(0x00000002): Не удается найти указанный файл.  line=1149 file=d:\jenkins\ci_builder2\windowsbuild2\platform\src\rtrsrvc\src\dataexchangeserverimpl.cpp'
24:47.279001-0,EXCPCNTX,0,ClientComputerName=,ServerComputerName=,UserName=,ConnectString=
24:50.248000-0,EXCP,0,process=rphost,OSThread=7540,ClientID=2547,Exception=NetDataExchangeException,Descr='server_addr=(2)10.225.32.15:54832 descr=2(0x00000002): Не удается найти указанный файл.  line=1149 file=d:\jenkins\ci_builder2\windowsbuild2\platform\src\rtrsrvc\src\dataexchangeserverimpl.cpp'
24:50.248001-0,EXCPCNTX,0,ClientComputerName=,ServerComputerName=,UserName=,ConnectString=
24:50.451000-0,EXCP,0,process=rphost,OSThread=7284,ClientID=2548,Exception=NetDataExchangeException,Descr='server_addr=(2)10.225.32.15:54854 descr=2(0x00000002): Не удается найти указанный файл.  line=1149 file=d:\jenkins\ci_builder2\windowsbuild2\platform\src\rtrsrvc\src\dataexchangeserverimpl.cpp'
24:50.451001-0,EXCPCNTX,0,ClientComputerName=,ServerComputerName=,UserName=,ConnectString=
24:53.951000-0,EXCP,0,process=rphost,OSThread=1244,ClientID=2549,Exception=NetDataExchangeException,Descr='server_addr=(2)10.225.32.15:54879 descr=2(0x00000002): Не удается найти указанный файл.  line=1149 file=d:\jenkins\ci_builder2\windowsbuild2\platform\src\rtrsrvc\src\dataexchangeserverimpl.cpp'
24:53.951001-0,EXCPCNTX,0,ClientComputerName=,ServerComputerName=,UserName=,ConnectString=
24:54.279000-0,EXCP,0,process=rphost,OSThread=7284,ClientID=2550,Exception=NetDataExchangeException,Descr='server_addr=(2)10.225.32.15:54901 descr=2(0x00000002): Не удается найти указанный файл.  line=1149 file=d:\jenkins\ci_builder2\windowsbuild2\platform\src\rtrsrvc\src\dataexchangeserverimpl.cpp'
24:54.279001-0,EXCPCNTX,0,ClientComputerName=,ServerComputerName=,UserName=,ConnectString=
30:37.505000-0,EXCP,0,process=rphost,OSThread=4260,ClientID=2551,Exception=NetDataExchangeException,Descr='server_addr=(2)10.225.32.15:54926 descr=2(0x00000002): Не удается найти указанный файл.  line=1149 file=d:\jenkins\ci_builder2\windowsbuild2\platform\src\rtrsrvc\src\dataexchangeserverimpl.cpp'
30:37.505001-0,EXCPCNTX,0,ClientComputerName=,ServerComputerName=,UserName=,ConnectString=
33:13.946002-0,EXCP,2,process=rphost,p:processName=bi_bk3wk1_prod_01,OSThread=6692,t:clientID=572,t:applicationName=WebServerExtension,t:computerName=DC1CISWEB02,t:connectID=301,SessionID=6760,Usr=WSDooc,Exception=Messages list is not empty!
33:17.477002-0,EXCP,2,process=rphost,p:processName=bi_bk3wk1_prod_01,OSThread=6692,t:clientID=572,t:applicationName=WebServerExtension,t:computerName=DC1CISWEB02,t:connectID=301,SessionID=6767,Usr=WSDooc,Exception=Messages list is not empty!
33:19.586002-0,EXCP,2,process=rphost,p:processName=bi_bk3wk1_prod_01,OSThread=6692,t:clientID=572,t:applicationName=WebServerExtension,t:computerName=DC1CISWEB02,t:connectID=301,SessionID=6769,Usr=WSDooc,Exception=Messages list is not empty!
34:54.446000-0,EXCP,0,process=rphost,OSThread=6692,ClientID=870,Exception=NetDataExchangeException,Descr='server_addr=(2)10.225.32.46:52399 descr=10054(0x00002746): Удаленный хост принудительно разорвал существующее подключение.  line=2273 file=d:\jenkins\ci_builder2\windowsbuild2\platform\src\rtrsrvc\src\dataexchangeserverimpl.cpp'
34:54.446001-0,EXCPCNTX,0,ClientComputerName=,ServerComputerName=,UserName=,ConnectString=
34:54.446002-0,EXCP,0,process=rphost,OSThread=7540,ClientID=875,Exception=NetDataExchangeException,Descr='server_addr=(2)10.225.32.46:52408 descr=10054(0x00002746): Удаленный хост принудительно разорвал существующее подключение.  line=1149 file=d:\jenkins\ci_builder2\windowsbuild2\platform\src\rtrsrvc\src\dataexchangeserverimpl.cpp'
34:54.446004-0,EXCPCNTX,0,ClientComputerName=,ServerComputerName=,UserName=,ConnectString=
36:11.045005-0,ADMIN,2,process=rphost,p:processName=ServerJobExecutorContext,OSThread=4432,t:clientID=2557,t:applicationName=JobScheduler,t:computerName=DC2BUHAPP11,Func=killClient,ClusterID=8aa94e2b-5d54-4b86-800b-79353ce39638,ConnectionID=56cafe31-c5a6-4bec-8286-49027eae36fc,Mode=0,Ref=bi_bk3wk1_prod_01(bi_bk3wk1_prod_01),Host=DC2BUHAPP11,Connection=5220,Administrator=Unknown,Result=Success
36:18.858005-0,EXCP,3,process=rphost,p:processName=bi_bk3wk1_prod_01,OSThread=8656,t:clientID=2567,t:applicationName=BackgroundJob,t:computerName=DC2BUHAPP11,t:connectID=5220,SessionID=6791,Usr=Керимкулов Толеген Амангельдиевич,Exception=SeanceContextException,Descr='Сеанс отсутствует или удален
ID=f8eb5bea-36a9-4407-b337-d2add558268e, File=d:\jenkins\ci_builder2\windowsbuild2\platform\src\rserver\src\clusterdistribimpl.cpp(1439)'
36:18.858007-0,EXCP,2,process=rphost,p:processName=bi_bk3wk1_prod_01,OSThread=8656,t:clientID=2567,t:applicationName=BackgroundJob,t:computerName=DC2BUHAPP11,t:connectID=5220,SessionID=6791,Usr=Керимкулов Толеген Амангельдиевич,Exception=60c686dc-798f-4d17-aadb-a90156a16eb8,Descr='src\rserver\src\rmngrcalls.cpp(476):
60c686dc-798f-4d17-aadb-a90156a16eb8: Сеанс отсутствует или удален
ID=f8eb5bea-36a9-4407-b337-d2add558268e, File=d:\jenkins\ci_builder2\windowsbuild2\platform\src\rserver\src\clusterdistribimpl.cpp(1439)'
36:19.061000-0,EXCP,2,process=rphost,p:processName=bi_bk3wk1_prod_01,OSThread=8656,t:clientID=2567,t:applicationName=BackgroundJob,t:computerName=DC2BUHAPP11,t:connectID=5220,SessionID=6791,Usr=Керимкулов Толеген Амангельдиевич,Exception=SeanceContextException,Descr='Сеанс отсутствует или удален
ID=f8eb5bea-36a9-4407-b337-d2add558268e, File=d:\jenkins\ci_builder2\windowsbuild2\platform\src\rserver\src\rmngrcalls.cpp(364)'
36:19.061001-0,EXCP,2,process=rphost,p:processName=bi_bk3wk1_prod_01,OSThread=8656,t:clientID=2567,t:applicationName=BackgroundJob,t:computerName=DC2BUHAPP11,t:connectID=5220,SessionID=6791,Usr=Керимкулов Толеген Амангельдиевич,Exception=60c686dc-798f-4d17-aadb-a90156a16eb8,Descr='src\rserver\src\serverjobexecutor.cpp(1095):
60c686dc-798f-4d17-aadb-a90156a16eb8: Сеанс отсутствует или удален
ID=f8eb5bea-36a9-4407-b337-d2add558268e, File=d:\jenkins\ci_builder2\windowsbuild2\platform\src\rserver\src\rmngrcalls.cpp(364)'
36:19.061003-0,EXCP,3,process=rphost,p:processName=bi_bk3wk1_prod_01,OSThread=8656,t:clientID=2567,t:applicationName=BackgroundJob,t:computerName=DC2BUHAPP11,t:connectID=5220,SessionID=6791,Usr=Керимкулов Толеген Амангельдиевич,Exception=SeanceContextException,Descr='Сеанс отсутствует или удален
ID=f8eb5bea-36a9-4407-b337-d2add558268e, File=d:\jenkins\ci_builder2\windowsbuild2\platform\src\rserver\src\clusterdistribimpl.cpp(1439)'
36:19.061005-0,EXCP,2,process=rphost,p:processName=bi_bk3wk1_prod_01,OSThread=8656,t:clientID=2567,t:applicationName=BackgroundJob,t:computerName=DC2BUHAPP11,t:connectID=5220,SessionID=6791,Usr=Керимкулов Толеген Амангельдиевич,Exception=60c686dc-798f-4d17-aadb-a90156a16eb8,Descr='src\rserver\src\rmngrcalls.cpp(476):
60c686dc-798f-4d17-aadb-a90156a16eb8: Сеанс отсутствует или удален
ID=f8eb5bea-36a9-4407-b337-d2add558268e, File=d:\jenkins\ci_builder2\windowsbuild2\platform\src\rserver\src\clusterdistribimpl.cpp(1439)'
36:19.264000-0,EXCP,2,process=rphost,p:processName=bi_bk3wk1_prod_01,OSThread=8656,t:clientID=2567,t:applicationName=BackgroundJob,t:computerName=DC2BUHAPP11,t:connectID=5220,SessionID=6791,Usr=Керимкулов Толеген Амангельдиевич,Exception=SeanceContextException,Descr='Сеанс отсутствует или удален
ID=f8eb5bea-36a9-4407-b337-d2add558268e, File=d:\jenkins\ci_builder2\windowsbuild2\platform\src\rserver\src\rmngrcalls.cpp(364)'
36:30.889019-0,EXCP,2,process=rphost,p:processName=bi_bk3wk1_prod_01,OSThread=5924,t:clientID=984,t:applicationName=1CV8C,t:computerName=DC1RDSH04,t:connectID=594,SessionID=445,Usr=WK1_Есенбаева_Дана_Исаханкызы,AppID=1CV8C,Exception=afd2b550-0d52-4e03-b448-15ed68d87ac5,Descr='src\basic\src\documentlogformobjcontroller.cpp(884):
afd2b550-0d52-4e03-b448-15ed68d87ac5
0d2200af-1696-4395-91e5-2872675e6d3d: Не удалось провести: "Платежное поручение (исходящее)"!',Context=Форма.Записать : Документ.ПлатежноеПоручениеИсходящее.Форма.ФормаДокумента
36:30.952000-0,EXCP,2,process=rphost,p:processName=bi_bk3wk1_prod_01,OSThread=5924,t:clientID=984,t:applicationName=1CV8C,t:computerName=DC1RDSH04,t:connectID=594,SessionID=445,Usr=WK1_Есенбаева_Дана_Исаханкызы,AppID=1CV8C,Exception=580392e6-ba49-4280-ac67-fcd6f2180121,Descr='src\vrsbase\src\vresourceinfobaseimpl.cpp(1114):
580392e6-ba49-4280-ac67-fcd6f2180121: Неспецифицированная ошибка работы с ресурсом
Ошибка при выполнении запроса POST к ресурсу /e1cib/logForm:
afd2b550-0d52-4e03-b448-15ed68d87ac5
0d2200af-1696-4395-91e5-2872675e6d3d: Не удалось провести: "Платежное поручение (исходящее)"!'
38:04.419007-0,ADMIN,2,process=rphost,p:processName=ServerJobExecutorContext,OSThread=3680,t:clientID=2557,t:applicationName=JobScheduler,t:computerName=DC2BUHAPP11,Func=killClient,ClusterID=8aa94e2b-5d54-4b86-800b-79353ce39638,ConnectionID=05a90a08-6f3c-45d7-b024-3260d6832105,Mode=0,Ref=bi_bk3wk1_prod_01(bi_bk3wk1_prod_01),Host=DC2BUHAPP11,Connection=5242,Administrator=Unknown,Result=Success
38:04.466005-0,EXCP,3,process=rphost,p:processName=bi_bk3wk1_prod_01,OSThread=8656,t:clientID=2582,t:applicationName=BackgroundJob,t:computerName=DC2BUHAPP11,t:connectID=5242,SessionID=6813,Usr=Есжанова Нургуль Муратовна,Exception=SeanceContextException,Descr='Сеанс отсутствует или удален
ID=4009d252-b8ef-4304-ba14-e6a0bb5c54c2, File=d:\jenkins\ci_builder2\windowsbuild2\platform\src\rserver\src\clusterdistribimpl.cpp(1439)'
38:04.466007-0,EXCP,2,process=rphost,p:processName=bi_bk3wk1_prod_01,OSThread=8656,t:clientID=2582,t:applicationName=BackgroundJob,t:computerName=DC2BUHAPP11,t:connectID=5242,SessionID=6813,Usr=Есжанова Нургуль Муратовна,Exception=60c686dc-798f-4d17-aadb-a90156a16eb8,Descr='src\rserver\src\rmngrcalls.cpp(476):
60c686dc-798f-4d17-aadb-a90156a16eb8: Сеанс отсутствует или удален
ID=4009d252-b8ef-4304-ba14-e6a0bb5c54c2, File=d:\jenkins\ci_builder2\windowsbuild2\platform\src\rserver\src\clusterdistribimpl.cpp(1439)'
38:04.669000-0,EXCP,2,process=rphost,p:processName=bi_bk3wk1_prod_01,OSThread=8656,t:clientID=2582,t:applicationName=BackgroundJob,t:computerName=DC2BUHAPP11,t:connectID=5242,SessionID=6813,Usr=Есжанова Нургуль Муратовна,Exception=SeanceContextException,Descr='Сеанс отсутствует или удален
ID=4009d252-b8ef-4304-ba14-e6a0bb5c54c2, File=d:\jenkins\ci_builder2\windowsbuild2\platform\src\rserver\src\rmngrcalls.cpp(364)'
38:04.669001-0,EXCP,2,process=rphost,p:processName=bi_bk3wk1_prod_01,OSThread=8656,t:clientID=2582,t:applicationName=BackgroundJob,t:computerName=DC2BUHAPP11,t:connectID=5242,SessionID=6813,Usr=Есжанова Нургуль Муратовна,Exception=60c686dc-798f-4d17-aadb-a90156a16eb8,Descr='src\rserver\src\serverjobexecutor.cpp(1095):
60c686dc-798f-4d17-aadb-a90156a16eb8: Сеанс отсутствует или удален
ID=4009d252-b8ef-4304-ba14-e6a0bb5c54c2, File=d:\jenkins\ci_builder2\windowsbuild2\platform\src\rserver\src\rmngrcalls.cpp(364)'
38:04.669003-0,EXCP,3,process=rphost,p:processName=bi_bk3wk1_prod_01,OSThread=8656,t:clientID=2582,t:applicationName=BackgroundJob,t:computerName=DC2BUHAPP11,t:connectID=5242,SessionID=6813,Usr=Есжанова Нургуль Муратовна,Exception=SeanceContextException,Descr='Сеанс отсутствует или удален
ID=4009d252-b8ef-4304-ba14-e6a0bb5c54c2, File=d:\jenkins\ci_builder2\windowsbuild2\platform\src\rserver\src\clusterdistribimpl.cpp(1439)'
38:04.669005-0,EXCP,2,process=rphost,p:processName=bi_bk3wk1_prod_01,OSThread=8656,t:clientID=2582,t:applicationName=BackgroundJob,t:computerName=DC2BUHAPP11,t:connectID=5242,SessionID=6813,Usr=Есжанова Нургуль Муратовна,Exception=60c686dc-798f-4d17-aadb-a90156a16eb8,Descr='src\rserver\src\rmngrcalls.cpp(476):
60c686dc-798f-4d17-aadb-a90156a16eb8: Сеанс отсутствует или удален
ID=4009d252-b8ef-4304-ba14-e6a0bb5c54c2, File=d:\jenkins\ci_builder2\windowsbuild2\platform\src\rserver\src\clusterdistribimpl.cpp(1439)'
38:04.873000-0,EXCP,2,process=rphost,p:processName=bi_bk3wk1_prod_01,OSThread=8656,t:clientID=2582,t:applicationName=BackgroundJob,t:computerName=DC2BUHAPP11,t:connectID=5242,SessionID=6813,Usr=Есжанова Нургуль Муратовна,Exception=SeanceContextException,Descr='Сеанс отсутствует или удален
ID=4009d252-b8ef-4304-ba14-e6a0bb5c54c2, File=d:\jenkins\ci_builder2\windowsbuild2\platform\src\rserver\src\rmngrcalls.cpp(364)'
38:56.514015-0,EXCP,2,process=rphost,p:processName=bi_bk3wk1_prod_01,OSThread=1292,t:clientID=984,t:applicationName=1CV8C,t:computerName=DC1RDSH04,t:connectID=594,SessionID=445,Usr=WK1_Есенбаева_Дана_Исаханкызы,AppID=1CV8C,Exception=afd2b550-0d52-4e03-b448-15ed68d87ac5,Descr='src\basic\src\documentlogformobjcontroller.cpp(884):
afd2b550-0d52-4e03-b448-15ed68d87ac5
86be1460-6a02-4504-a568-1057603ca7e9: Запись не верна! Значение поля "Номер строки заявки" не может быть пустым! (Регистр накопления: Денежные средства к выплате; Номер строки: 1)',Context=Форма.Записать : Документ.ПлатежноеПоручениеИсходящее.Форма.ФормаДокумента
38:56.577000-0,EXCP,2,process=rphost,p:processName=bi_bk3wk1_prod_01,OSThread=1292,t:clientID=984,t:applicationName=1CV8C,t:computerName=DC1RDSH04,t:connectID=594,SessionID=445,Usr=WK1_Есенбаева_Дана_Исаханкызы,AppID=1CV8C,Exception=580392e6-ba49-4280-ac67-fcd6f2180121,Descr='src\vrsbase\src\vresourceinfobaseimpl.cpp(1114):
580392e6-ba49-4280-ac67-fcd6f2180121: Неспецифицированная ошибка работы с ресурсом
Ошибка при выполнении запроса POST к ресурсу /e1cib/logForm:
afd2b550-0d52-4e03-b448-15ed68d87ac5
86be1460-6a02-4504-a568-1057603ca7e9: Запись не верна! Значение поля "Номер строки заявки" не может быть пустым! (Регистр накопления: Денежные средства к выплате; Номер строки: 1)'
39:47.624004-0,EXCP,2,process=rphost,p:processName=bi_bk3wk1_prod_01,OSThread=1292,t:clientID=984,t:applicationName=1CV8C,t:computerName=DC1RDSH04,t:connectID=594,SessionID=445,Usr=WK1_Есенбаева_Дана_Исаханкызы,AppID=1CV8C,Exception=afd2b550-0d52-4e03-b448-15ed68d87ac5,Descr='src\basic\src\documentlogformobjcontroller.cpp(884):
afd2b550-0d52-4e03-b448-15ed68d87ac5
86be1460-6a02-4504-a568-1057603ca7e9: Запись не верна! Значение поля "Номер строки заявки" не может быть пустым! (Регистр накопления: Денежные средства к выплате; Номер строки: 1)',Context=Форма.Записать : Документ.ПлатежноеПоручениеИсходящее.Форма.ФормаДокумента
39:47.686000-0,EXCP,2,process=rphost,p:processName=bi_bk3wk1_prod_01,OSThread=1292,t:clientID=984,t:applicationName=1CV8C,t:computerName=DC1RDSH04,t:connectID=594,SessionID=445,Usr=WK1_Есенбаева_Дана_Исаханкызы,AppID=1CV8C,Exception=580392e6-ba49-4280-ac67-fcd6f2180121,Descr='src\vrsbase\src\vresourceinfobaseimpl.cpp(1114):
580392e6-ba49-4280-ac67-fcd6f2180121: Неспецифицированная ошибка работы с ресурсом
Ошибка при выполнении запроса POST к ресурсу /e1cib/logForm:
afd2b550-0d52-4e03-b448-15ed68d87ac5
86be1460-6a02-4504-a568-1057603ca7e9: Запись не верна! Значение поля "Номер строки заявки" не может быть пустым! (Регистр накопления: Денежные средства к выплате; Номер строки: 1)'
41:05.140000-0,EXCP,0,process=rphost,OSThread=1352,ClientID=953,Exception=NetDataExchangeException,Descr='server_addr=(2)10.225.32.49:59598 descr=10054(0x00002746): Удаленный хост принудительно разорвал существующее подключение.  line=1149 file=d:\jenkins\ci_builder2\windowsbuild2\platform\src\rtrsrvc\src\dataexchangeserverimpl.cpp'
41:05.140002-0,EXCPCNTX,0,ClientComputerName=,ServerComputerName=,UserName=,ConnectString=
41:05.140001-0,EXCP,0,process=rphost,OSThread=7240,ClientID=952,Exception=NetDataExchangeException,Descr='server_addr=(2)10.225.32.49:59592 descr=10054(0x00002746): Удаленный хост принудительно разорвал существующее подключение.  line=2273 file=d:\jenkins\ci_builder2\windowsbuild2\platform\src\rtrsrvc\src\dataexchangeserverimpl.cpp'
41:05.140003-0,EXCPCNTX,0,ClientComputerName=,ServerComputerName=,UserName=,ConnectString=
44:24.128005-0,ADMIN,2,process=rphost,p:processName=ServerJobExecutorContext,OSThread=4432,t:clientID=2602,t:applicationName=JobScheduler,t:computerName=DC2BUHAPP11,Func=killClient,ClusterID=8aa94e2b-5d54-4b86-800b-79353ce39638,ConnectionID=94862f02-1291-4705-8911-90517d99af01,Mode=0,Ref=bi_bk3wk1_prod_01(bi_bk3wk1_prod_01),Host=DC2BUHAPP11,Connection=5317,Administrator=Unknown,Result=Success
44:25.049005-0,EXCP,3,process=rphost,p:processName=bi_bk3wk1_prod_01,OSThread=5288,t:clientID=2606,t:applicationName=BackgroundJob,t:computerName=DC2BUHAPP11,t:connectID=5317,SessionID=6892,Usr=Шокарова Нургуль Кайратовна,Exception=SeanceContextException,Descr='Сеанс отсутствует или удален
ID=cdfc14f4-9c35-4638-b97e-0c735c481cc8, File=d:\jenkins\ci_builder2\windowsbuild2\platform\src\rserver\src\clusterdistribimpl.cpp(1439)'
44:25.049007-0,EXCP,2,process=rphost,p:processName=bi_bk3wk1_prod_01,OSThread=5288,t:clientID=2606,t:applicationName=BackgroundJob,t:computerName=DC2BUHAPP11,t:connectID=5317,SessionID=6892,Usr=Шокарова Нургуль Кайратовна,Exception=60c686dc-798f-4d17-aadb-a90156a16eb8,Descr='src\rserver\src\rmngrcalls.cpp(476):
60c686dc-798f-4d17-aadb-a90156a16eb8: Сеанс отсутствует или удален
ID=cdfc14f4-9c35-4638-b97e-0c735c481cc8, File=d:\jenkins\ci_builder2\windowsbuild2\platform\src\rserver\src\clusterdistribimpl.cpp(1439)'
44:25.253001-0,EXCP,2,process=rphost,p:processName=bi_bk3wk1_prod_01,OSThread=5288,t:clientID=2606,t:applicationName=BackgroundJob,t:computerName=DC2BUHAPP11,t:connectID=5317,SessionID=6892,Usr=Шокарова Нургуль Кайратовна,Exception=SeanceContextException,Descr='Сеанс отсутствует или удален
ID=cdfc14f4-9c35-4638-b97e-0c735c481cc8, File=d:\jenkins\ci_builder2\windowsbuild2\platform\src\rserver\src\rmngrcalls.cpp(364)'
44:25.253002-0,EXCP,2,process=rphost,p:processName=bi_bk3wk1_prod_01,OSThread=5288,t:clientID=2606,t:applicationName=BackgroundJob,t:computerName=DC2BUHAPP11,t:connectID=5317,SessionID=6892,Usr=Шокарова Нургуль Кайратовна,Exception=60c686dc-798f-4d17-aadb-a90156a16eb8,Descr='src\rserver\src\serverjobexecutor.cpp(1095):
60c686dc-798f-4d17-aadb-a90156a16eb8: Сеанс отсутствует или удален
ID=cdfc14f4-9c35-4638-b97e-0c735c481cc8, File=d:\jenkins\ci_builder2\windowsbuild2\platform\src\rserver\src\rmngrcalls.cpp(364)'
44:25.253004-0,EXCP,3,process=rphost,p:processName=bi_bk3wk1_prod_01,OSThread=5288,t:clientID=2606,t:applicationName=BackgroundJob,t:computerName=DC2BUHAPP11,t:connectID=5317,SessionID=6892,Usr=Шокарова Нургуль Кайратовна,Exception=SeanceContextException,Descr='Сеанс отсутствует или удален
ID=cdfc14f4-9c35-4638-b97e-0c735c481cc8, File=d:\jenkins\ci_builder2\windowsbuild2\platform\src\rserver\src\clusterdistribimpl.cpp(1439)'
44:25.253006-0,EXCP,2,process=rphost,p:processName=bi_bk3wk1_prod_01,OSThread=5288,t:clientID=2606,t:applicationName=BackgroundJob,t:computerName=DC2BUHAPP11,t:connectID=5317,SessionID=6892,Usr=Шокарова Нургуль Кайратовна,Exception=60c686dc-798f-4d17-aadb-a90156a16eb8,Descr='src\rserver\src\rmngrcalls.cpp(476):
60c686dc-798f-4d17-aadb-a90156a16eb8: Сеанс отсутствует или удален
ID=cdfc14f4-9c35-4638-b97e-0c735c481cc8, File=d:\jenkins\ci_builder2\windowsbuild2\platform\src\rserver\src\clusterdistribimpl.cpp(1439)'
44:25.456000-0,EXCP,2,process=rphost,p:processName=bi_bk3wk1_prod_01,OSThread=5288,t:clientID=2606,t:applicationName=BackgroundJob,t:computerName=DC2BUHAPP11,t:connectID=5317,SessionID=6892,Usr=Шокарова Нургуль Кайратовна,Exception=SeanceContextException,Descr='Сеанс отсутствует или удален
ID=cdfc14f4-9c35-4638-b97e-0c735c481cc8, File=d:\jenkins\ci_builder2\windowsbuild2\platform\src\rserver\src\rmngrcalls.cpp(364)'
44:40.846000-0,EXCP,0,process=rphost,OSThread=624,ClientID=2554,Exception=NetDataExchangeException,Descr='server_addr=(2)10.225.32.15:54967 descr=2(0x00000002): Не удается найти указанный файл.  line=1149 file=d:\jenkins\ci_builder2\windowsbuild2\platform\src\rtrsrvc\src\dataexchangeserverimpl.cpp'
44:40.846001-0,EXCPCNTX,0,ClientComputerName=,ServerComputerName=,UserName=,ConnectString=
44:44.862000-0,EXCP,0,process=rphost,OSThread=5160,ClientID=2608,Exception=NetDataExchangeException,Descr='server_addr=(2)10.225.32.15:55047 descr=2(0x00000002): Не удается найти указанный файл.  line=1149 file=d:\jenkins\ci_builder2\windowsbuild2\platform\src\rtrsrvc\src\dataexchangeserverimpl.cpp'
44:44.862001-0,EXCPCNTX,0,ClientComputerName=,ServerComputerName=,UserName=,ConnectString=
44:50.878000-0,EXCP,0,process=rphost,OSThread=1244,ClientID=2609,Exception=NetDataExchangeException,Descr='server_addr=(2)10.225.32.15:55067 descr=2(0x00000002): Не удается найти указанный файл.  line=1149 file=d:\jenkins\ci_builder2\windowsbuild2\platform\src\rtrsrvc\src\dataexchangeserverimpl.cpp'
44:50.878001-0,EXCPCNTX,0,ClientComputerName=,ServerComputerName=,UserName=,ConnectString=
46:42.286005-0,ADMIN,2,process=rphost,p:processName=ServerJobExecutorContext,OSThread=4432,t:clientID=2602,t:applicationName=JobScheduler,t:computerName=DC2BUHAPP11,Func=killClient,ClusterID=8aa94e2b-5d54-4b86-800b-79353ce39638,ConnectionID=eea48f22-9f8d-4176-8922-a1a2a61dc957,Mode=0,Ref=bi_bk3wk1_prod_01(bi_bk3wk1_prod_01),Host=DC2BUHAPP11,Connection=5347,Administrator=Unknown,Result=Success
46:44.067005-0,ADMIN,2,process=rphost,p:processName=ServerJobExecutorContext,OSThread=4432,t:clientID=2602,t:applicationName=JobScheduler,t:computerName=DC2BUHAPP11,Func=killClient,ClusterID=8aa94e2b-5d54-4b86-800b-79353ce39638,ConnectionID=983a43d4-d73d-4c33-aa1d-43be805c27e4,Mode=0,Ref=bi_bk3wk1_prod_01(bi_bk3wk1_prod_01),Host=DC2BUHAPP11,Connection=5351,Administrator=Unknown,Result=Success
46:44.098005-0,ADMIN,2,process=rphost,p:processName=ServerJobExecutorContext,OSThread=4432,t:clientID=2602,t:applicationName=JobScheduler,t:computerName=DC2BUHAPP11,Func=killClient,ClusterID=8aa94e2b-5d54-4b86-800b-79353ce39638,ConnectionID=8934541e-a3c8-48b0-aa4e-518d2b659d18,Mode=0,Ref=bi_bk3wk1_prod_01(bi_bk3wk1_prod_01),Host=DC2BUHAPP11,Connection=5349,Administrator=Unknown,Result=Success
46:45.630008-0,EXCP,3,process=rphost,p:processName=bi_bk3wk1_prod_01,OSThread=5924,t:clientID=2617,t:applicationName=BackgroundJob,t:computerName=DC2BUHAPP11,t:connectID=5351,SessionID=6929,Usr=Макулбек Айдана,Exception=SeanceContextException,Descr='Сеанс отсутствует или удален
ID=abec0f43-47fe-4810-a333-c924c3d05a59, File=d:\jenkins\ci_builder2\windowsbuild2\platform\src\rserver\src\clusterdistribimpl.cpp(1439)'
46:45.630010-0,EXCP,2,process=rphost,p:processName=bi_bk3wk1_prod_01,OSThread=5924,t:clientID=2617,t:applicationName=BackgroundJob,t:computerName=DC2BUHAPP11,t:connectID=5351,SessionID=6929,Usr=Макулбек Айдана,Exception=60c686dc-798f-4d17-aadb-a90156a16eb8,Descr='src\rserver\src\rmngrcalls.cpp(476):
60c686dc-798f-4d17-aadb-a90156a16eb8: Сеанс отсутствует или удален
ID=abec0f43-47fe-4810-a333-c924c3d05a59, File=d:\jenkins\ci_builder2\windowsbuild2\platform\src\rserver\src\clusterdistribimpl.cpp(1439)'
46:45.833000-0,EXCP,2,process=rphost,p:processName=bi_bk3wk1_prod_01,OSThread=5924,t:clientID=2617,t:applicationName=BackgroundJob,t:computerName=DC2BUHAPP11,t:connectID=5351,SessionID=6929,Usr=Макулбек Айдана,Exception=SeanceContextException,Descr='Сеанс отсутствует или удален
ID=abec0f43-47fe-4810-a333-c924c3d05a59, File=d:\jenkins\ci_builder2\windowsbuild2\platform\src\rserver\src\rmngrcalls.cpp(364)'
46:45.833001-0,EXCP,2,process=rphost,p:processName=bi_bk3wk1_prod_01,OSThread=5924,t:clientID=2617,t:applicationName=BackgroundJob,t:computerName=DC2BUHAPP11,t:connectID=5351,SessionID=6929,Usr=Макулбек Айдана,Exception=60c686dc-798f-4d17-aadb-a90156a16eb8,Descr='src\rserver\src\serverjobexecutor.cpp(1095):
60c686dc-798f-4d17-aadb-a90156a16eb8: Сеанс отсутствует или удален
ID=abec0f43-47fe-4810-a333-c924c3d05a59, File=d:\jenkins\ci_builder2\windowsbuild2\platform\src\rserver\src\rmngrcalls.cpp(364)'
46:45.833003-0,EXCP,3,process=rphost,p:processName=bi_bk3wk1_prod_01,OSThread=5924,t:clientID=2617,t:applicationName=BackgroundJob,t:computerName=DC2BUHAPP11,t:connectID=5351,SessionID=6929,Usr=Макулбек Айдана,Exception=SeanceContextException,Descr='Сеанс отсутствует или удален
ID=abec0f43-47fe-4810-a333-c924c3d05a59, File=d:\jenkins\ci_builder2\windowsbuild2\platform\src\rserver\src\clusterdistribimpl.cpp(1439)'
46:45.833005-0,EXCP,2,process=rphost,p:processName=bi_bk3wk1_prod_01,OSThread=5924,t:clientID=2617,t:applicationName=BackgroundJob,t:computerName=DC2BUHAPP11,t:connectID=5351,SessionID=6929,Usr=Макулбек Айдана,Exception=60c686dc-798f-4d17-aadb-a90156a16eb8,Descr='src\rserver\src\rmngrcalls.cpp(476):
60c686dc-798f-4d17-aadb-a90156a16eb8: Сеанс отсутствует или удален
ID=abec0f43-47fe-4810-a333-c924c3d05a59, File=d:\jenkins\ci_builder2\windowsbuild2\platform\src\rserver\src\clusterdistribimpl.cpp(1439)'
46:46.036000-0,EXCP,2,process=rphost,p:processName=bi_bk3wk1_prod_01,OSThread=5924,t:clientID=2617,t:applicationName=BackgroundJob,t:computerName=DC2BUHAPP11,t:connectID=5351,SessionID=6929,Usr=Макулбек Айдана,Exception=SeanceContextException,Descr='Сеанс отсутствует или удален
ID=abec0f43-47fe-4810-a333-c924c3d05a59, File=d:\jenkins\ci_builder2\windowsbuild2\platform\src\rserver\src\rmngrcalls.cpp(364)'
46:48.442006-0,EXCP,3,process=rphost,p:processName=bi_bk3wk1_prod_01,OSThread=8656,t:clientID=2615,t:applicationName=BackgroundJob,t:computerName=DC2BUHAPP11,t:connectID=5347,SessionID=6925,Usr=Керимкулов Толеген Амангельдиевич,Exception=SeanceContextException,Descr='Сеанс отсутствует или удален
ID=3d51787a-570a-4f39-970f-29a07ba71ef2, File=d:\jenkins\ci_builder2\windowsbuild2\platform\src\rserver\src\clusterdistribimpl.cpp(1439)'
46:48.442008-0,EXCP,2,process=rphost,p:processName=bi_bk3wk1_prod_01,OSThread=8656,t:clientID=2615,t:applicationName=BackgroundJob,t:computerName=DC2BUHAPP11,t:connectID=5347,SessionID=6925,Usr=Керимкулов Толеген Амангельдиевич,Exception=60c686dc-798f-4d17-aadb-a90156a16eb8,Descr='src\rserver\src\rmngrcalls.cpp(476):
60c686dc-798f-4d17-aadb-a90156a16eb8: Сеанс отсутствует или удален
ID=3d51787a-570a-4f39-970f-29a07ba71ef2, File=d:\jenkins\ci_builder2\windowsbuild2\platform\src\rserver\src\clusterdistribimpl.cpp(1439)'
46:48.645000-0,EXCP,2,process=rphost,p:processName=bi_bk3wk1_prod_01,OSThread=8656,t:clientID=2615,t:applicationName=BackgroundJob,t:computerName=DC2BUHAPP11,t:connectID=5347,SessionID=6925,Usr=Керимкулов Толеген Амангельдиевич,Exception=SeanceContextException,Descr='Сеанс отсутствует или удален
ID=3d51787a-570a-4f39-970f-29a07ba71ef2, File=d:\jenkins\ci_builder2\windowsbuild2\platform\src\rserver\src\rmngrcalls.cpp(364)'
46:48.645001-0,EXCP,2,process=rphost,p:processName=bi_bk3wk1_prod_01,OSThread=8656,t:clientID=2615,t:applicationName=BackgroundJob,t:computerName=DC2BUHAPP11,t:connectID=5347,SessionID=6925,Usr=Керимкулов Толеген Амангельдиевич,Exception=60c686dc-798f-4d17-aadb-a90156a16eb8,Descr='src\rserver\src\serverjobexecutor.cpp(1095):
60c686dc-798f-4d17-aadb-a90156a16eb8: Сеанс отсутствует или удален
ID=3d51787a-570a-4f39-970f-29a07ba71ef2, File=d:\jenkins\ci_builder2\windowsbuild2\platform\src\rserver\src\rmngrcalls.cpp(364)'
46:48.645003-0,EXCP,3,process=rphost,p:processName=bi_bk3wk1_prod_01,OSThread=8656,t:clientID=2615,t:applicationName=BackgroundJob,t:computerName=DC2BUHAPP11,t:connectID=5347,SessionID=6925,Usr=Керимкулов Толеген Амангельдиевич,Exception=SeanceContextException,Descr='Сеанс отсутствует или удален
ID=3d51787a-570a-4f39-970f-29a07ba71ef2, File=d:\jenkins\ci_builder2\windowsbuild2\platform\src\rserver\src\clusterdistribimpl.cpp(1439)'
46:48.645005-0,EXCP,2,process=rphost,p:processName=bi_bk3wk1_prod_01,OSThread=8656,t:clientID=2615,t:applicationName=BackgroundJob,t:computerName=DC2BUHAPP11,t:connectID=5347,SessionID=6925,Usr=Керимкулов Толеген Амангельдиевич,Exception=60c686dc-798f-4d17-aadb-a90156a16eb8,Descr='src\rserver\src\rmngrcalls.cpp(476):
60c686dc-798f-4d17-aadb-a90156a16eb8: Сеанс отсутствует или удален
ID=3d51787a-570a-4f39-970f-29a07ba71ef2, File=d:\jenkins\ci_builder2\windowsbuild2\platform\src\rserver\src\clusterdistribimpl.cpp(1439)'
46:48.848000-0,EXCP,2,process=rphost,p:processName=bi_bk3wk1_prod_01,OSThread=8656,t:clientID=2615,t:applicationName=BackgroundJob,t:computerName=DC2BUHAPP11,t:connectID=5347,SessionID=6925,Usr=Керимкулов Толеген Амангельдиевич,Exception=SeanceContextException,Descr='Сеанс отсутствует или удален
ID=3d51787a-570a-4f39-970f-29a07ba71ef2, File=d:\jenkins\ci_builder2\windowsbuild2\platform\src\rserver\src\rmngrcalls.cpp(364)'
46:49.505010-0,EXCP,3,process=rphost,p:processName=bi_bk3wk1_prod_01,OSThread=4092,t:clientID=2616,t:applicationName=BackgroundJob,t:computerName=DC2BUHAPP11,t:connectID=5349,SessionID=6927,Usr=Керимкулов Толеген Амангельдиевич,Exception=SeanceContextException,Descr='Сеанс отсутствует или удален
ID=4af0790c-9c68-41fe-9200-4be64d899668, File=d:\jenkins\ci_builder2\windowsbuild2\platform\src\rserver\src\clusterdistribimpl.cpp(1439)'
46:49.505012-0,EXCP,2,process=rphost,p:processName=bi_bk3wk1_prod_01,OSThread=4092,t:clientID=2616,t:applicationName=BackgroundJob,t:computerName=DC2BUHAPP11,t:connectID=5349,SessionID=6927,Usr=Керимкулов Толеген Амангельдиевич,Exception=60c686dc-798f-4d17-aadb-a90156a16eb8,Descr='src\rserver\src\rmngrcalls.cpp(476):
60c686dc-798f-4d17-aadb-a90156a16eb8: Сеанс отсутствует или удален
ID=4af0790c-9c68-41fe-9200-4be64d899668, File=d:\jenkins\ci_builder2\windowsbuild2\platform\src\rserver\src\clusterdistribimpl.cpp(1439)'
46:49.708001-0,EXCP,2,process=rphost,p:processName=bi_bk3wk1_prod_01,OSThread=4092,t:clientID=2616,t:applicationName=BackgroundJob,t:computerName=DC2BUHAPP11,t:connectID=5349,SessionID=6927,Usr=Керимкулов Толеген Амангельдиевич,Exception=SeanceContextException,Descr='Сеанс отсутствует или удален
ID=4af0790c-9c68-41fe-9200-4be64d899668, File=d:\jenkins\ci_builder2\windowsbuild2\platform\src\rserver\src\rmngrcalls.cpp(364)'
46:49.708002-0,EXCP,2,process=rphost,p:processName=bi_bk3wk1_prod_01,OSThread=4092,t:clientID=2616,t:applicationName=BackgroundJob,t:computerName=DC2BUHAPP11,t:connectID=5349,SessionID=6927,Usr=Керимкулов Толеген Амангельдиевич,Exception=60c686dc-798f-4d17-aadb-a90156a16eb8,Descr='src\rserver\src\serverjobexecutor.cpp(1095):
60c686dc-798f-4d17-aadb-a90156a16eb8: Сеанс отсутствует или удален
ID=4af0790c-9c68-41fe-9200-4be64d899668, File=d:\jenkins\ci_builder2\windowsbuild2\platform\src\rserver\src\rmngrcalls.cpp(364)'
46:49.708004-0,EXCP,3,process=rphost,p:processName=bi_bk3wk1_prod_01,OSThread=4092,t:clientID=2616,t:applicationName=BackgroundJob,t:computerName=DC2BUHAPP11,t:connectID=5349,SessionID=6927,Usr=Керимкулов Толеген Амангельдиевич,Exception=SeanceContextException,Descr='Сеанс отсутствует или удален
ID=4af0790c-9c68-41fe-9200-4be64d899668, File=d:\jenkins\ci_builder2\windowsbuild2\platform\src\rserver\src\clusterdistribimpl.cpp(1439)'
46:49.708006-0,EXCP,2,process=rphost,p:processName=bi_bk3wk1_prod_01,OSThread=4092,t:clientID=2616,t:applicationName=BackgroundJob,t:computerName=DC2BUHAPP11,t:connectID=5349,SessionID=6927,Usr=Керимкулов Толеген Амангельдиевич,Exception=60c686dc-798f-4d17-aadb-a90156a16eb8,Descr='src\rserver\src\rmngrcalls.cpp(476):
60c686dc-798f-4d17-aadb-a90156a16eb8: Сеанс отсутствует или удален
ID=4af0790c-9c68-41fe-9200-4be64d899668, File=d:\jenkins\ci_builder2\windowsbuild2\platform\src\rserver\src\clusterdistribimpl.cpp(1439)'
46:49.911000-0,EXCP,2,process=rphost,p:processName=bi_bk3wk1_prod_01,OSThread=4092,t:clientID=2616,t:applicationName=BackgroundJob,t:computerName=DC2BUHAPP11,t:connectID=5349,SessionID=6927,Usr=Керимкулов Толеген Амангельдиевич,Exception=SeanceContextException,Descr='Сеанс отсутствует или удален
ID=4af0790c-9c68-41fe-9200-4be64d899668, File=d:\jenkins\ci_builder2\windowsbuild2\platform\src\rserver\src\rmngrcalls.cpp(364)'
48:52.664006-0,ADMIN,2,process=rphost,p:processName=ServerJobExecutorContext,OSThread=4432,t:clientID=2602,t:applicationName=JobScheduler,t:computerName=DC2BUHAPP11,Func=killClient,ClusterID=8aa94e2b-5d54-4b86-800b-79353ce39638,ConnectionID=5089e229-13ad-45a0-9ab0-e793cc5fcb8e,Mode=0,Ref=bi_bk3wk1_prod_01(bi_bk3wk1_prod_01),Host=DC2BUHAPP11,Connection=5367,Administrator=Unknown,Result=Success
48:53.649005-0,ADMIN,2,process=rphost,p:processName=ServerJobExecutorContext,OSThread=4432,t:clientID=2602,t:applicationName=JobScheduler,t:computerName=DC2BUHAPP11,Func=killClient,ClusterID=8aa94e2b-5d54-4b86-800b-79353ce39638,ConnectionID=5d87171b-92f5-427c-91e2-358d84c6060e,Mode=0,Ref=bi_bk3wk1_prod_01(bi_bk3wk1_prod_01),Host=DC2BUHAPP11,Connection=5368,Administrator=Unknown,Result=Success
48:54.118008-0,EXCP,3,process=rphost,p:processName=bi_bk3wk1_prod_01,OSThread=1576,t:clientID=2619,t:applicationName=BackgroundJob,t:computerName=DC2BUHAPP11,t:connectID=5367,SessionID=6970,Usr=WK1_Ташибаев_Даулет_Рахатович,Exception=SeanceContextException,Descr='Сеанс отсутствует или удален
ID=1652e156-01cb-4108-9c9d-8b9f6d17cd4e, File=d:\jenkins\ci_builder2\windowsbuild2\platform\src\rserver\src\clusterdistribimpl.cpp(1439)'
48:54.118010-0,EXCP,2,process=rphost,p:processName=bi_bk3wk1_prod_01,OSThread=1576,t:clientID=2619,t:applicationName=BackgroundJob,t:computerName=DC2BUHAPP11,t:connectID=5367,SessionID=6970,Usr=WK1_Ташибаев_Даулет_Рахатович,Exception=60c686dc-798f-4d17-aadb-a90156a16eb8,Descr='src\rserver\src\rmngrcalls.cpp(476):
60c686dc-798f-4d17-aadb-a90156a16eb8: Сеанс отсутствует или удален
ID=1652e156-01cb-4108-9c9d-8b9f6d17cd4e, File=d:\jenkins\ci_builder2\windowsbuild2\platform\src\rserver\src\clusterdistribimpl.cpp(1439)'
48:54.149006-0,EXCP,2,process=rphost,p:processName=bi_bk3wk1_prod_01,OSThread=1576,t:clientID=2619,t:applicationName=BackgroundJob,t:computerName=DC2BUHAPP11,t:connectID=5367,SessionID=6970,Usr=WK1_Ташибаев_Даулет_Рахатович,Exception=SeanceContextException,Descr='Сеанс отсутствует или удален
ID=1652e156-01cb-4108-9c9d-8b9f6d17cd4e, File=d:\jenkins\ci_builder2\windowsbuild2\platform\src\rserver\src\rmngrcalls.cpp(364)'
48:54.149007-0,EXCP,2,process=rphost,p:processName=bi_bk3wk1_prod_01,OSThread=1576,t:clientID=2619,t:applicationName=BackgroundJob,t:computerName=DC2BUHAPP11,t:connectID=5367,SessionID=6970,Usr=WK1_Ташибаев_Даулет_Рахатович,Exception=60c686dc-798f-4d17-aadb-a90156a16eb8,Descr='src\rserver\src\serverjobexecutor.cpp(1095):
60c686dc-798f-4d17-aadb-a90156a16eb8: Сеанс отсутствует или удален
ID=1652e156-01cb-4108-9c9d-8b9f6d17cd4e, File=d:\jenkins\ci_builder2\windowsbuild2\platform\src\rserver\src\rmngrcalls.cpp(364)'
48:54.149009-0,EXCP,3,process=rphost,p:processName=bi_bk3wk1_prod_01,OSThread=1576,t:clientID=2619,t:applicationName=BackgroundJob,t:computerName=DC2BUHAPP11,t:connectID=5367,SessionID=6970,Usr=WK1_Ташибаев_Даулет_Рахатович,Exception=SeanceContextException,Descr='Сеанс отсутствует или удален
ID=1652e156-01cb-4108-9c9d-8b9f6d17cd4e, File=d:\jenkins\ci_builder2\windowsbuild2\platform\src\rserver\src\clusterdistribimpl.cpp(1439)'
48:54.149011-0,EXCP,2,process=rphost,p:processName=bi_bk3wk1_prod_01,OSThread=1576,t:clientID=2619,t:applicationName=BackgroundJob,t:computerName=DC2BUHAPP11,t:connectID=5367,SessionID=6970,Usr=WK1_Ташибаев_Даулет_Рахатович,Exception=60c686dc-798f-4d17-aadb-a90156a16eb8,Descr='src\rserver\src\rmngrcalls.cpp(476):
60c686dc-798f-4d17-aadb-a90156a16eb8: Сеанс отсутствует или удален
ID=1652e156-01cb-4108-9c9d-8b9f6d17cd4e, File=d:\jenkins\ci_builder2\windowsbuild2\platform\src\rserver\src\clusterdistribimpl.cpp(1439)'
48:54.164005-0,ADMIN,2,process=rphost,p:processName=ServerJobExecutorContext,OSThread=4432,t:clientID=2602,t:applicationName=JobScheduler,t:computerName=DC2BUHAPP11,Func=killClient,ClusterID=8aa94e2b-5d54-4b86-800b-79353ce39638,ConnectionID=61a469fc-a509-4577-a4a4-b21cbfe1ca52,Mode=0,Ref=bi_bk3wk1_prod_01(bi_bk3wk1_prod_01),Host=DC2BUHAPP11,Connection=5369,Administrator=Unknown,Result=Success
48:54.352000-0,EXCP,2,process=rphost,p:processName=bi_bk3wk1_prod_01,OSThread=1576,t:clientID=2619,t:applicationName=BackgroundJob,t:computerName=DC2BUHAPP11,t:connectID=5367,SessionID=6970,Usr=WK1_Ташибаев_Даулет_Рахатович,Exception=SeanceContextException,Descr='Сеанс отсутствует или удален
ID=1652e156-01cb-4108-9c9d-8b9f6d17cd4e, File=d:\jenkins\ci_builder2\windowsbuild2\platform\src\rserver\src\rmngrcalls.cpp(364)'
48:56.071000-0,EXCP,3,process=rphost,p:processName=bi_bk3wk1_prod_01,OSThread=4092,t:clientID=2620,t:applicationName=BackgroundJob,t:computerName=DC2BUHAPP11,t:connectID=5368,SessionID=6971,Usr=WK1_Ташибаев_Даулет_Рахатович,Exception=SeanceContextException,Descr='Сеанс отсутствует или удален
ID=58020204-476f-4882-abd1-1fab7bcb87ae, File=d:\jenkins\ci_builder2\windowsbuild2\platform\src\rserver\src\clusterdistribimpl.cpp(1439)'
48:56.071002-0,EXCP,2,process=rphost,p:processName=bi_bk3wk1_prod_01,OSThread=4092,t:clientID=2620,t:applicationName=BackgroundJob,t:computerName=DC2BUHAPP11,t:connectID=5368,SessionID=6971,Usr=WK1_Ташибаев_Даулет_Рахатович,Exception=60c686dc-798f-4d17-aadb-a90156a16eb8,Descr='src\rserver\src\rmngrcalls.cpp(476):
60c686dc-798f-4d17-aadb-a90156a16eb8: Сеанс отсутствует или удален
ID=58020204-476f-4882-abd1-1fab7bcb87ae, File=d:\jenkins\ci_builder2\windowsbuild2\platform\src\rserver\src\clusterdistribimpl.cpp(1439)'
48:56.180006-0,EXCP,2,process=rphost,p:processName=bi_bk3wk1_prod_01,OSThread=4092,t:clientID=2620,t:applicationName=BackgroundJob,t:computerName=DC2BUHAPP11,t:connectID=5368,SessionID=6971,Usr=WK1_Ташибаев_Даулет_Рахатович,Exception=SeanceContextException,Descr='Сеанс отсутствует или удален
ID=58020204-476f-4882-abd1-1fab7bcb87ae, File=d:\jenkins\ci_builder2\windowsbuild2\platform\src\rserver\src\rmngrcalls.cpp(364)'
48:56.180007-0,EXCP,2,process=rphost,p:processName=bi_bk3wk1_prod_01,OSThread=4092,t:clientID=2620,t:applicationName=BackgroundJob,t:computerName=DC2BUHAPP11,t:connectID=5368,SessionID=6971,Usr=WK1_Ташибаев_Даулет_Рахатович,Exception=60c686dc-798f-4d17-aadb-a90156a16eb8,Descr='src\rserver\src\serverjobexecutor.cpp(1095):
60c686dc-798f-4d17-aadb-a90156a16eb8: Сеанс отсутствует или удален
ID=58020204-476f-4882-abd1-1fab7bcb87ae, File=d:\jenkins\ci_builder2\windowsbuild2\platform\src\rserver\src\rmngrcalls.cpp(364)'
48:56.180009-0,EXCP,3,process=rphost,p:processName=bi_bk3wk1_prod_01,OSThread=4092,t:clientID=2620,t:applicationName=BackgroundJob,t:computerName=DC2BUHAPP11,t:connectID=5368,SessionID=6971,Usr=WK1_Ташибаев_Даулет_Рахатович,Exception=SeanceContextException,Descr='Сеанс отсутствует или удален
ID=58020204-476f-4882-abd1-1fab7bcb87ae, File=d:\jenkins\ci_builder2\windowsbuild2\platform\src\rserver\src\clusterdistribimpl.cpp(1439)'
48:56.180011-0,EXCP,2,process=rphost,p:processName=bi_bk3wk1_prod_01,OSThread=4092,t:clientID=2620,t:applicationName=BackgroundJob,t:computerName=DC2BUHAPP11,t:connectID=5368,SessionID=6971,Usr=WK1_Ташибаев_Даулет_Рахатович,Exception=60c686dc-798f-4d17-aadb-a90156a16eb8,Descr='src\rserver\src\rmngrcalls.cpp(476):
60c686dc-798f-4d17-aadb-a90156a16eb8: Сеанс отсутствует или удален
ID=58020204-476f-4882-abd1-1fab7bcb87ae, File=d:\jenkins\ci_builder2\windowsbuild2\platform\src\rserver\src\clusterdistribimpl.cpp(1439)'
48:56.383000-0,EXCP,2,process=rphost,p:processName=bi_bk3wk1_prod_01,OSThread=4092,t:clientID=2620,t:applicationName=BackgroundJob,t:computerName=DC2BUHAPP11,t:connectID=5368,SessionID=6971,Usr=WK1_Ташибаев_Даулет_Рахатович,Exception=SeanceContextException,Descr='Сеанс отсутствует или удален
ID=58020204-476f-4882-abd1-1fab7bcb87ae, File=d:\jenkins\ci_builder2\windowsbuild2\platform\src\rserver\src\rmngrcalls.cpp(364)'
48:56.883005-0,EXCP,3,process=rphost,p:processName=bi_bk3wk1_prod_01,OSThread=5924,t:clientID=2621,t:applicationName=BackgroundJob,t:computerName=DC2BUHAPP11,t:connectID=5369,SessionID=6972,Usr=WK1_Ташибаев_Даулет_Рахатович,Exception=SeanceContextException,Descr='Сеанс отсутствует или удален
ID=1bc54641-1be7-4b21-9a8f-caa599ace8df, File=d:\jenkins\ci_builder2\windowsbuild2\platform\src\rserver\src\clusterdistribimpl.cpp(1439)'
48:56.883007-0,EXCP,2,process=rphost,p:processName=bi_bk3wk1_prod_01,OSThread=5924,t:clientID=2621,t:applicationName=BackgroundJob,t:computerName=DC2BUHAPP11,t:connectID=5369,SessionID=6972,Usr=WK1_Ташибаев_Даулет_Рахатович,Exception=60c686dc-798f-4d17-aadb-a90156a16eb8,Descr='src\rserver\src\rmngrcalls.cpp(476):
60c686dc-798f-4d17-aadb-a90156a16eb8: Сеанс отсутствует или удален
ID=1bc54641-1be7-4b21-9a8f-caa599ace8df, File=d:\jenkins\ci_builder2\windowsbuild2\platform\src\rserver\src\clusterdistribimpl.cpp(1439)'
48:57.086000-0,EXCP,2,process=rphost,p:processName=bi_bk3wk1_prod_01,OSThread=5924,t:clientID=2621,t:applicationName=BackgroundJob,t:computerName=DC2BUHAPP11,t:connectID=5369,SessionID=6972,Usr=WK1_Ташибаев_Даулет_Рахатович,Exception=SeanceContextException,Descr='Сеанс отсутствует или удален
ID=1bc54641-1be7-4b21-9a8f-caa599ace8df, File=d:\jenkins\ci_builder2\windowsbuild2\platform\src\rserver\src\rmngrcalls.cpp(364)'
48:57.086001-0,EXCP,2,process=rphost,p:processName=bi_bk3wk1_prod_01,OSThread=5924,t:clientID=2621,t:applicationName=BackgroundJob,t:computerName=DC2BUHAPP11,t:connectID=5369,SessionID=6972,Usr=WK1_Ташибаев_Даулет_Рахатович,Exception=60c686dc-798f-4d17-aadb-a90156a16eb8,Descr='src\rserver\src\serverjobexecutor.cpp(1095):
60c686dc-798f-4d17-aadb-a90156a16eb8: Сеанс отсутствует или удален
ID=1bc54641-1be7-4b21-9a8f-caa599ace8df, File=d:\jenkins\ci_builder2\windowsbuild2\platform\src\rserver\src\rmngrcalls.cpp(364)'
48:57.086003-0,EXCP,3,process=rphost,p:processName=bi_bk3wk1_prod_01,OSThread=5924,t:clientID=2621,t:applicationName=BackgroundJob,t:computerName=DC2BUHAPP11,t:connectID=5369,SessionID=6972,Usr=WK1_Ташибаев_Даулет_Рахатович,Exception=SeanceContextException,Descr='Сеанс отсутствует или удален
ID=1bc54641-1be7-4b21-9a8f-caa599ace8df, File=d:\jenkins\ci_builder2\windowsbuild2\platform\src\rserver\src\clusterdistribimpl.cpp(1439)'
48:57.086005-0,EXCP,2,process=rphost,p:processName=bi_bk3wk1_prod_01,OSThread=5924,t:clientID=2621,t:applicationName=BackgroundJob,t:computerName=DC2BUHAPP11,t:connectID=5369,SessionID=6972,Usr=WK1_Ташибаев_Даулет_Рахатович,Exception=60c686dc-798f-4d17-aadb-a90156a16eb8,Descr='src\rserver\src\rmngrcalls.cpp(476):
60c686dc-798f-4d17-aadb-a90156a16eb8: Сеанс отсутствует или удален
ID=1bc54641-1be7-4b21-9a8f-caa599ace8df, File=d:\jenkins\ci_builder2\windowsbuild2\platform\src\rserver\src\clusterdistribimpl.cpp(1439)'
48:57.196006-0,EXCP,2,process=rphost,p:processName=bi_bk3wk1_prod_01,OSThread=5924,t:clientID=2621,t:applicationName=BackgroundJob,t:computerName=DC2BUHAPP11,t:connectID=5369,SessionID=6972,Usr=WK1_Ташибаев_Даулет_Рахатович,Exception=SeanceContextException,Descr='Сеанс отсутствует или удален
ID=1bc54641-1be7-4b21-9a8f-caa599ace8df, File=d:\jenkins\ci_builder2\windowsbuild2\platform\src\rserver\src\rmngrcalls.cpp(364)'
50:30.696000-0,EXCP,0,process=rphost,OSThread=1616,ClientID=2610,Exception=NetDataExchangeException,Descr='server_addr=(2)10.225.32.15:55086 descr=2(0x00000002): Не удается найти указанный файл.  line=1149 file=d:\jenkins\ci_builder2\windowsbuild2\platform\src\rtrsrvc\src\dataexchangeserverimpl.cpp'
50:30.696001-0,EXCPCNTX,0,ClientComputerName=,ServerComputerName=,UserName=,ConnectString=
53:52.840001-0,EXCP,0,process=rphost,OSThread=1352,ClientID=2648,Exception=NetDataExchangeException,Descr='server_addr=(2)10.225.32.15:55119 descr=2(0x00000002): Не удается найти указанный файл.  line=1149 file=d:\jenkins\ci_builder2\windowsbuild2\platform\src\rtrsrvc\src\dataexchangeserverimpl.cpp'
53:52.840002-0,EXCPCNTX,0,ClientComputerName=,ServerComputerName=,UserName=,ConnectString=
54:37.279001-0,EXCP,0,process=rphost,OSThread=5160,ClientID=2653,Exception=NetDataExchangeException,Descr='server_addr=(2)10.225.32.15:55149 descr=2(0x00000002): Не удается найти указанный файл.  line=1149 file=d:\jenkins\ci_builder2\windowsbuild2\platform\src\rtrsrvc\src\dataexchangeserverimpl.cpp'
54:37.279002-0,EXCPCNTX,0,ClientComputerName=,ServerComputerName=,UserName=,ConnectString=
54:37.685000-0,EXCP,0,process=rphost,OSThread=5300,ClientID=2655,Exception=NetDataExchangeException,Descr='server_addr=(2)10.225.32.15:55169 descr=2(0x00000002): Не удается найти указанный файл.  line=1149 file=d:\jenkins\ci_builder2\windowsbuild2\platform\src\rtrsrvc\src\dataexchangeserverimpl.cpp'
54:37.685001-0,EXCPCNTX,0,ClientComputerName=,ServerComputerName=,UserName=,ConnectString=
54:40.779000-0,EXCP,0,process=rphost,OSThread=1244,ClientID=2656,Exception=NetDataExchangeException,Descr='server_addr=(2)10.225.32.15:55192 descr=2(0x00000002): Не удается найти указанный файл.  line=1149 file=d:\jenkins\ci_builder2\windowsbuild2\platform\src\rtrsrvc\src\dataexchangeserverimpl.cpp'
54:40.779001-0,EXCPCNTX,0,ClientComputerName=,ServerComputerName=,UserName=,ConnectString=
54:41.216000-0,EXCP,0,process=rphost,OSThread=7540,ClientID=2657,Exception=NetDataExchangeException,Descr='server_addr=(2)10.225.32.15:55212 descr=2(0x00000002): Не удается найти указанный файл.  line=1149 file=d:\jenkins\ci_builder2\windowsbuild2\platform\src\rtrsrvc\src\dataexchangeserverimpl.cpp'
54:41.216001-0,EXCPCNTX,0,ClientComputerName=,ServerComputerName=,UserName=,ConnectString=
54:44.388000-0,EXCP,0,process=rphost,OSThread=4260,ClientID=2658,Exception=NetDataExchangeException,Descr='server_addr=(2)10.225.32.15:55236 descr=2(0x00000002): Не удается найти указанный файл.  line=1149 file=d:\jenkins\ci_builder2\windowsbuild2\platform\src\rtrsrvc\src\dataexchangeserverimpl.cpp'
54:44.388001-0,EXCPCNTX,0,ClientComputerName=,ServerComputerName=,UserName=,ConnectString=
54:44.826000-0,EXCP,0,process=rphost,OSThread=1244,ClientID=2659,Exception=NetDataExchangeException,Descr='server_addr=(2)10.225.32.15:55256 descr=2(0x00000002): Не удается найти указанный файл.  line=1149 file=d:\jenkins\ci_builder2\windowsbuild2\platform\src\rtrsrvc\src\dataexchangeserverimpl.cpp'
54:44.826001-0,EXCPCNTX,0,ClientComputerName=,ServerComputerName=,UserName=,ConnectString=
54:47.951000-0,EXCP,0,process=rphost,OSThread=1244,ClientID=2660,Exception=NetDataExchangeException,Descr='server_addr=(2)10.225.32.15:55279 descr=2(0x00000002): Не удается найти указанный файл.  line=1149 file=d:\jenkins\ci_builder2\windowsbuild2\platform\src\rtrsrvc\src\dataexchangeserverimpl.cpp'
54:47.951001-0,EXCPCNTX,0,ClientComputerName=,ServerComputerName=,UserName=,ConnectString=
54:48.279000-0,EXCP,0,process=rphost,OSThread=5160,ClientID=2661,Exception=NetDataExchangeException,Descr='server_addr=(2)10.225.32.15:55299 descr=2(0x00000002): Не удается найти указанный файл.  line=1149 file=d:\jenkins\ci_builder2\windowsbuild2\platform\src\rtrsrvc\src\dataexchangeserverimpl.cpp'
54:48.279001-0,EXCPCNTX,0,ClientComputerName=,ServerComputerName=,UserName=,ConnectString=
54:51.263000-0,EXCP,0,process=rphost,OSThread=6416,ClientID=2662,Exception=NetDataExchangeException,Descr='server_addr=(2)10.225.32.15:55322 descr=2(0x00000002): Не удается найти указанный файл.  line=1149 file=d:\jenkins\ci_builder2\windowsbuild2\platform\src\rtrsrvc\src\dataexchangeserverimpl.cpp'
54:51.263001-0,EXCPCNTX,0,ClientComputerName=,ServerComputerName=,UserName=,ConnectString=
54:51.544000-0,EXCP,0,process=rphost,OSThread=624,ClientID=2663,Exception=NetDataExchangeException,Descr='server_addr=(2)10.225.32.15:55342 descr=2(0x00000002): Не удается найти указанный файл.  line=1149 file=d:\jenkins\ci_builder2\windowsbuild2\platform\src\rtrsrvc\src\dataexchangeserverimpl.cpp'
54:51.544001-0,EXCPCNTX,0,ClientComputerName=,ServerComputerName=,UserName=,ConnectString=
54:54.888000-0,EXCP,0,process=rphost,OSThread=7284,ClientID=2664,Exception=NetDataExchangeException,Descr='server_addr=(2)10.225.32.15:55365 descr=2(0x00000002): Не удается найти указанный файл.  line=1149 file=d:\jenkins\ci_builder2\windowsbuild2\platform\src\rtrsrvc\src\dataexchangeserverimpl.cpp'
54:54.888001-0,EXCPCNTX,0,ClientComputerName=,ServerComputerName=,UserName=,ConnectString=
54:55.373001-0,EXCP,0,process=rphost,OSThread=7540,ClientID=2665,Exception=NetDataExchangeException,Descr='server_addr=(2)10.225.32.15:55385 descr=2(0x00000002): Не удается найти указанный файл.  line=1149 file=d:\jenkins\ci_builder2\windowsbuild2\platform\src\rtrsrvc\src\dataexchangeserverimpl.cpp'
54:55.373002-0,EXCPCNTX,0,ClientComputerName=,ServerComputerName=,UserName=,ConnectString=
54:58.326000-0,EXCP,0,process=rphost,OSThread=7284,ClientID=2666,Exception=NetDataExchangeException,Descr='server_addr=(2)10.225.32.15:55408 descr=2(0x00000002): Не удается найти указанный файл.  line=1149 file=d:\jenkins\ci_builder2\windowsbuild2\platform\src\rtrsrvc\src\dataexchangeserverimpl.cpp'
54:58.326001-0,EXCPCNTX,0,ClientComputerName=,ServerComputerName=,UserName=,ConnectString=
54:58.685000-0,EXCP,0,process=rphost,OSThread=6416,ClientID=2672,Exception=NetDataExchangeException,Descr='server_addr=(2)10.225.32.15:55428 descr=2(0x00000002): Не удается найти указанный файл.  line=1149 file=d:\jenkins\ci_builder2\windowsbuild2\platform\src\rtrsrvc\src\dataexchangeserverimpl.cpp'
54:58.685001-0,EXCPCNTX,0,ClientComputerName=,ServerComputerName=,UserName=,ConnectString=
55:01.951000-0,EXCP,0,process=rphost,OSThread=4260,ClientID=2673,Exception=NetDataExchangeException,Descr='server_addr=(2)10.225.32.15:55451 descr=2(0x00000002): Не удается найти указанный файл.  line=1149 file=d:\jenkins\ci_builder2\windowsbuild2\platform\src\rtrsrvc\src\dataexchangeserverimpl.cpp'
55:01.951001-0,EXCPCNTX,0,ClientComputerName=,ServerComputerName=,UserName=,ConnectString=
55:02.216001-0,EXCP,0,process=rphost,OSThread=624,ClientID=2677,Exception=NetDataExchangeException,Descr='server_addr=(2)10.225.32.15:55471 descr=2(0x00000002): Не удается найти указанный файл.  line=1149 file=d:\jenkins\ci_builder2\windowsbuild2\platform\src\rtrsrvc\src\dataexchangeserverimpl.cpp'
55:02.216002-0,EXCPCNTX,0,ClientComputerName=,ServerComputerName=,UserName=,ConnectString=
55:42.795011-0,ADMIN,2,process=rphost,p:processName=ServerJobExecutorContext,OSThread=3680,t:clientID=2654,t:applicationName=JobScheduler,t:computerName=DC2BUHAPP11,Func=killClient,ClusterID=8aa94e2b-5d54-4b86-800b-79353ce39638,ConnectionID=983e5bae-930e-4a6f-966f-7028bc084506,Mode=0,Ref=bi_bk3wk1_prod_01(bi_bk3wk1_prod_01),Host=DC2BUHAPP11,Connection=5476,Administrator=Unknown,Result=Success
55:43.030005-0,EXCP,4,process=rphost,p:processName=bi_bk3wk1_prod_01,OSThread=4092,t:clientID=2684,t:applicationName=BackgroundJob,t:computerName=DC2BUHAPP11,t:connectID=5476,SessionID=7102,Usr=Есжанова Нургуль Муратовна,Exception=SeanceContextException,Descr='Сеанс отсутствует или удален
ID=e5a3b257-c934-4af8-899a-44af3b6bcd3d, File=d:\jenkins\ci_builder2\windowsbuild2\platform\src\rserver\src\clusterdistribimpl.cpp(1439)'
55:43.030007-0,EXCP,3,process=rphost,p:processName=bi_bk3wk1_prod_01,OSThread=4092,t:clientID=2684,t:applicationName=BackgroundJob,t:computerName=DC2BUHAPP11,t:connectID=5476,SessionID=7102,Usr=Есжанова Нургуль Муратовна,Exception=60c686dc-798f-4d17-aadb-a90156a16eb8,Descr='src\rserver\src\rmngrcalls.cpp(476):
60c686dc-798f-4d17-aadb-a90156a16eb8: Сеанс отсутствует или удален
ID=e5a3b257-c934-4af8-899a-44af3b6bcd3d, File=d:\jenkins\ci_builder2\windowsbuild2\platform\src\rserver\src\clusterdistribimpl.cpp(1439)'
55:43.233000-0,EXCP,3,process=rphost,p:processName=bi_bk3wk1_prod_01,OSThread=4092,t:clientID=2684,t:applicationName=BackgroundJob,t:computerName=DC2BUHAPP11,t:connectID=5476,SessionID=7102,Usr=Есжанова Нургуль Муратовна,Exception=SeanceContextException,Descr='Сеанс отсутствует или удален
ID=e5a3b257-c934-4af8-899a-44af3b6bcd3d, File=d:\jenkins\ci_builder2\windowsbuild2\platform\src\rserver\src\rmngrcalls.cpp(364)'
55:43.233001-0,EXCP,3,process=rphost,p:processName=bi_bk3wk1_prod_01,OSThread=4092,t:clientID=2684,t:applicationName=BackgroundJob,t:computerName=DC2BUHAPP11,t:connectID=5476,SessionID=7102,Usr=Есжанова Нургуль Муратовна,Exception=60c686dc-798f-4d17-aadb-a90156a16eb8,Descr='src\rserver\src\serverjobexecutor.cpp(1095):
60c686dc-798f-4d17-aadb-a90156a16eb8: Сеанс отсутствует или удален
ID=e5a3b257-c934-4af8-899a-44af3b6bcd3d, File=d:\jenkins\ci_builder2\windowsbuild2\platform\src\rserver\src\rmngrcalls.cpp(364)'
55:43.233003-0,EXCP,4,process=rphost,p:processName=bi_bk3wk1_prod_01,OSThread=4092,t:clientID=2684,t:applicationName=BackgroundJob,t:computerName=DC2BUHAPP11,t:connectID=5476,SessionID=7102,Usr=Есжанова Нургуль Муратовна,Exception=SeanceContextException,Descr='Сеанс отсутствует или удален
ID=e5a3b257-c934-4af8-899a-44af3b6bcd3d, File=d:\jenkins\ci_builder2\windowsbuild2\platform\src\rserver\src\clusterdistribimpl.cpp(1439)'
55:43.233005-0,EXCP,3,process=rphost,p:processName=bi_bk3wk1_prod_01,OSThread=4092,t:clientID=2684,t:applicationName=BackgroundJob,t:computerName=DC2BUHAPP11,t:connectID=5476,SessionID=7102,Usr=Есжанова Нургуль Муратовна,Exception=60c686dc-798f-4d17-aadb-a90156a16eb8,Descr='src\rserver\src\rmngrcalls.cpp(476):
60c686dc-798f-4d17-aadb-a90156a16eb8: Сеанс отсутствует или удален
ID=e5a3b257-c934-4af8-899a-44af3b6bcd3d, File=d:\jenkins\ci_builder2\windowsbuild2\platform\src\rserver\src\clusterdistribimpl.cpp(1439)'
55:43.436000-0,EXCP,3,process=rphost,p:processName=bi_bk3wk1_prod_01,OSThread=4092,t:clientID=2684,t:applicationName=BackgroundJob,t:computerName=DC2BUHAPP11,t:connectID=5476,SessionID=7102,Usr=Есжанова Нургуль Муратовна,Exception=SeanceContextException,Descr='Сеанс отсутствует или удален
ID=e5a3b257-c934-4af8-899a-44af3b6bcd3d, File=d:\jenkins\ci_builder2\windowsbuild2\platform\src\rserver\src\rmngrcalls.cpp(364)'
57:45.281005-0,ADMIN,2,process=rphost,p:processName=ServerJobExecutorContext,OSThread=4432,t:clientID=2654,t:applicationName=JobScheduler,t:computerName=DC2BUHAPP11,Func=killClient,ClusterID=8aa94e2b-5d54-4b86-800b-79353ce39638,ConnectionID=04f88940-cfd3-4b8f-a97a-f03ab460b239,Mode=0,Ref=bi_bk3wk1_prod_01(bi_bk3wk1_prod_01),Host=DC2BUHAPP11,Connection=5518,Administrator=Unknown,Result=Success
57:45.765005-0,EXCP,3,process=rphost,p:processName=bi_bk3wk1_prod_01,OSThread=7084,t:clientID=2699,t:applicationName=BackgroundJob,t:computerName=DC2BUHAPP11,t:connectID=5518,SessionID=7161,Usr=WK1_Балмагамбетова_Гульнар_Калиевна,Exception=SeanceContextException,Descr='Сеанс отсутствует или удален
ID=481f49b0-f37f-466f-97a1-7fc73dfb5239, File=d:\jenkins\ci_builder2\windowsbuild2\platform\src\rserver\src\clusterdistribimpl.cpp(1439)'
57:45.765007-0,EXCP,2,process=rphost,p:processName=bi_bk3wk1_prod_01,OSThread=7084,t:clientID=2699,t:applicationName=BackgroundJob,t:computerName=DC2BUHAPP11,t:connectID=5518,SessionID=7161,Usr=WK1_Балмагамбетова_Гульнар_Калиевна,Exception=60c686dc-798f-4d17-aadb-a90156a16eb8,Descr='src\rserver\src\rmngrcalls.cpp(476):
60c686dc-798f-4d17-aadb-a90156a16eb8: Сеанс отсутствует или удален
ID=481f49b0-f37f-466f-97a1-7fc73dfb5239, File=d:\jenkins\ci_builder2\windowsbuild2\platform\src\rserver\src\clusterdistribimpl.cpp(1439)'
57:45.968000-0,EXCP,2,process=rphost,p:processName=bi_bk3wk1_prod_01,OSThread=7084,t:clientID=2699,t:applicationName=BackgroundJob,t:computerName=DC2BUHAPP11,t:connectID=5518,SessionID=7161,Usr=WK1_Балмагамбетова_Гульнар_Калиевна,Exception=SeanceContextException,Descr='Сеанс отсутствует или удален
ID=481f49b0-f37f-466f-97a1-7fc73dfb5239, File=d:\jenkins\ci_builder2\windowsbuild2\platform\src\rserver\src\rmngrcalls.cpp(364)'
57:45.968001-0,EXCP,2,process=rphost,p:processName=bi_bk3wk1_prod_01,OSThread=7084,t:clientID=2699,t:applicationName=BackgroundJob,t:computerName=DC2BUHAPP11,t:connectID=5518,SessionID=7161,Usr=WK1_Балмагамбетова_Гульнар_Калиевна,Exception=60c686dc-798f-4d17-aadb-a90156a16eb8,Descr='src\rserver\src\serverjobexecutor.cpp(1095):
60c686dc-798f-4d17-aadb-a90156a16eb8: Сеанс отсутствует или удален
ID=481f49b0-f37f-466f-97a1-7fc73dfb5239, File=d:\jenkins\ci_builder2\windowsbuild2\platform\src\rserver\src\rmngrcalls.cpp(364)'
57:45.968003-0,EXCP,3,process=rphost,p:processName=bi_bk3wk1_prod_01,OSThread=7084,t:clientID=2699,t:applicationName=BackgroundJob,t:computerName=DC2BUHAPP11,t:connectID=5518,SessionID=7161,Usr=WK1_Балмагамбетова_Гульнар_Калиевна,Exception=SeanceContextException,Descr='Сеанс отсутствует или удален
ID=481f49b0-f37f-466f-97a1-7fc73dfb5239, File=d:\jenkins\ci_builder2\windowsbuild2\platform\src\rserver\src\clusterdistribimpl.cpp(1439)'
57:45.968005-0,EXCP,2,process=rphost,p:processName=bi_bk3wk1_prod_01,OSThread=7084,t:clientID=2699,t:applicationName=BackgroundJob,t:computerName=DC2BUHAPP11,t:connectID=5518,SessionID=7161,Usr=WK1_Балмагамбетова_Гульнар_Калиевна,Exception=60c686dc-798f-4d17-aadb-a90156a16eb8,Descr='src\rserver\src\rmngrcalls.cpp(476):
60c686dc-798f-4d17-aadb-a90156a16eb8: Сеанс отсутствует или удален
ID=481f49b0-f37f-466f-97a1-7fc73dfb5239, File=d:\jenkins\ci_builder2\windowsbuild2\platform\src\rserver\src\clusterdistribimpl.cpp(1439)'
57:46.171000-0,EXCP,2,process=rphost,p:processName=bi_bk3wk1_prod_01,OSThread=7084,t:clientID=2699,t:applicationName=BackgroundJob,t:computerName=DC2BUHAPP11,t:connectID=5518,SessionID=7161,Usr=WK1_Балмагамбетова_Гульнар_Калиевна,Exception=SeanceContextException,Descr='Сеанс отсутствует или удален
ID=481f49b0-f37f-466f-97a1-7fc73dfb5239, File=d:\jenkins\ci_builder2\windowsbuild2\platform\src\rserver\src\rmngrcalls.cpp(364)'
58:00.890015-0,EXCP,2,process=rphost,p:processName=bi_bk3wk1_prod_01,OSThread=1576,t:clientID=906,t:applicationName=1CV8C,t:computerName=DC3RDSH11,t:connectID=533,SessionID=359,Usr=БоканЖМ,AppID=1CV8C,Exception=afd2b550-0d52-4e03-b448-15ed68d87ac5,Descr='src\basic\src\documentlogformobjcontroller.cpp(884):
afd2b550-0d52-4e03-b448-15ed68d87ac5
0d2200af-1696-4395-91e5-2872675e6d3d: Не удалось провести "Заявка на оплату UC300002444 от 06.05.2020 13:57:59"!',Context=Форма.Записать : Документ.ЗаявкаНаОплату.Форма.ФормаДокумента
58:00.921000-0,EXCP,2,process=rphost,p:processName=bi_bk3wk1_prod_01,OSThread=1576,t:clientID=906,t:applicationName=1CV8C,t:computerName=DC3RDSH11,t:connectID=533,SessionID=359,Usr=БоканЖМ,AppID=1CV8C,Exception=580392e6-ba49-4280-ac67-fcd6f2180121,Descr='src\vrsbase\src\vresourceinfobaseimpl.cpp(1114):
580392e6-ba49-4280-ac67-fcd6f2180121: Неспецифицированная ошибка работы с ресурсом
Ошибка при выполнении запроса POST к ресурсу /e1cib/logForm:
afd2b550-0d52-4e03-b448-15ed68d87ac5
0d2200af-1696-4395-91e5-2872675e6d3d: Не удалось провести "Заявка на оплату UC300002444 от 06.05.2020 13:57:59"!'
58:41.767002-0,EXCP,2,process=rphost,p:processName=bi_bk3wk1_prod_01,OSThread=1292,t:clientID=572,t:applicationName=WebServerExtension,t:computerName=DC1CISWEB02,t:connectID=301,SessionID=7204,Usr=WSDooc,Exception=Messages list is not empty!
58:47.736002-0,EXCP,2,process=rphost,p:processName=bi_bk3wk1_prod_01,OSThread=1292,t:clientID=572,t:applicationName=WebServerExtension,t:computerName=DC1CISWEB02,t:connectID=301,SessionID=7206,Usr=WSDooc,Exception=Messages list is not empty!
59:11.989015-0,EXCP,2,process=rphost,p:processName=bi_bk3wk1_prod_01,OSThread=7240,t:clientID=971,t:applicationName=1CV8C,t:computerName=DC2RDSH27,t:connectID=582,SessionID=421,Usr=Есжанова Нургуль Муратовна,AppID=1CV8C,Exception=afd2b550-0d52-4e03-b448-15ed68d87ac5,Descr='src\basic\src\documentlogformobjcontroller.cpp(884):
afd2b550-0d52-4e03-b448-15ed68d87ac5
0d2200af-1696-4395-91e5-2872675e6d3d: Не удалось провести: "Заявка на оплату"!',Context=Форма.Записать : Документ.ЗаявкаНаОплату.Форма.ФормаДокумента
59:12.020000-0,EXCP,2,process=rphost,p:processName=bi_bk3wk1_prod_01,OSThread=7240,t:clientID=971,t:applicationName=1CV8C,t:computerName=DC2RDSH27,t:connectID=582,SessionID=421,Usr=Есжанова Нургуль Муратовна,AppID=1CV8C,Exception=580392e6-ba49-4280-ac67-fcd6f2180121,Descr='src\vrsbase\src\vresourceinfobaseimpl.cpp(1114):
580392e6-ba49-4280-ac67-fcd6f2180121: Неспецифицированная ошибка работы с ресурсом
Ошибка при выполнении запроса POST к ресурсу /e1cib/logForm:
afd2b550-0d52-4e03-b448-15ed68d87ac5
0d2200af-1696-4395-91e5-2872675e6d3d: Не удалось провести: "Заявка на оплату"!'
