03:15.796000-0,EXCP,0,process=rphost,OSThread=5160,ClientID=4830,Exception=NetDataExchangeException,Descr='server_addr=(2)10.224.32.15:56577 descr=2(0x00000002): Не удается найти указанный файл.  line=1149 file=d:\jenkins\ci_builder2\windowsbuild2\platform\src\rtrsrvc\src\dataexchangeserverimpl.cpp'
03:15.796001-0,EXCPCNTX,0,ClientComputerName=,ServerComputerName=,UserName=,ConnectString=
04:35.547000-0,EXCP,0,process=rphost,OSThread=1352,ClientID=4834,Exception=NetDataExchangeException,Descr='server_addr=(2)10.225.32.15:63930 descr=2(0x00000002): Не удается найти указанный файл.  line=1149 file=d:\jenkins\ci_builder2\windowsbuild2\platform\src\rtrsrvc\src\dataexchangeserverimpl.cpp'
04:35.547001-0,EXCPCNTX,0,ClientComputerName=,ServerComputerName=,UserName=,ConnectString=
04:35.844000-0,EXCP,0,process=rphost,OSThread=1244,ClientID=4836,Exception=NetDataExchangeException,Descr='server_addr=(2)10.225.32.15:63968 descr=2(0x00000002): Не удается найти указанный файл.  line=1149 file=d:\jenkins\ci_builder2\windowsbuild2\platform\src\rtrsrvc\src\dataexchangeserverimpl.cpp'
04:35.844001-0,EXCPCNTX,0,ClientComputerName=,ServerComputerName=,UserName=,ConnectString=
04:37.578000-0,EXCP,0,process=rphost,OSThread=7540,ClientID=4835,Exception=NetDataExchangeException,Descr='server_addr=(2)10.224.32.15:56586 descr=2(0x00000002): Не удается найти указанный файл.  line=1149 file=d:\jenkins\ci_builder2\windowsbuild2\platform\src\rtrsrvc\src\dataexchangeserverimpl.cpp'
04:37.578001-0,EXCPCNTX,0,ClientComputerName=,ServerComputerName=,UserName=,ConnectString=
04:37.797001-0,EXCP,0,process=rphost,OSThread=6416,ClientID=4839,Exception=NetDataExchangeException,Descr='server_addr=(2)10.224.32.15:56602 descr=2(0x00000002): Не удается найти указанный файл.  line=1149 file=d:\jenkins\ci_builder2\windowsbuild2\platform\src\rtrsrvc\src\dataexchangeserverimpl.cpp'
04:37.797002-0,EXCPCNTX,0,ClientComputerName=,ServerComputerName=,UserName=,ConnectString=
04:43.750006-0,EXCP,0,process=rphost,OSThread=1352,ClientID=4840,Exception=NetDataExchangeException,Descr='server_addr=(2)10.224.32.15:56620 descr=2(0x00000002): Не удается найти указанный файл.  line=1149 file=d:\jenkins\ci_builder2\windowsbuild2\platform\src\rtrsrvc\src\dataexchangeserverimpl.cpp'
04:43.750007-0,EXCPCNTX,0,ClientComputerName=,ServerComputerName=,UserName=,ConnectString=
04:43.922000-0,EXCP,0,process=rphost,OSThread=4212,ClientID=4841,Exception=NetDataExchangeException,Descr='server_addr=(2)10.224.32.15:56635 descr=2(0x00000002): Не удается найти указанный файл.  line=1149 file=d:\jenkins\ci_builder2\windowsbuild2\platform\src\rtrsrvc\src\dataexchangeserverimpl.cpp'
04:43.922001-0,EXCPCNTX,0,ClientComputerName=,ServerComputerName=,UserName=,ConnectString=
04:49.078000-0,EXCP,0,process=rphost,OSThread=5300,ClientID=4837,Exception=NetDataExchangeException,Descr='server_addr=(2)10.225.32.15:63987 descr=2(0x00000002): Не удается найти указанный файл.  line=1149 file=d:\jenkins\ci_builder2\windowsbuild2\platform\src\rtrsrvc\src\dataexchangeserverimpl.cpp'
04:49.078001-0,EXCPCNTX,0,ClientComputerName=,ServerComputerName=,UserName=,ConnectString=
04:49.266000-0,EXCP,0,process=rphost,OSThread=4260,ClientID=4843,Exception=NetDataExchangeException,Descr='server_addr=(2)10.225.32.15:64003 descr=2(0x00000002): Не удается найти указанный файл.  line=1149 file=d:\jenkins\ci_builder2\windowsbuild2\platform\src\rtrsrvc\src\dataexchangeserverimpl.cpp'
04:49.266001-0,EXCPCNTX,0,ClientComputerName=,ServerComputerName=,UserName=,ConnectString=
04:53.891000-0,EXCP,0,process=rphost,OSThread=8024,ClientID=4842,Exception=NetDataExchangeException,Descr='server_addr=(2)10.224.32.15:56654 descr=2(0x00000002): Не удается найти указанный файл.  line=1149 file=d:\jenkins\ci_builder2\windowsbuild2\platform\src\rtrsrvc\src\dataexchangeserverimpl.cpp'
04:53.891001-0,EXCPCNTX,0,ClientComputerName=,ServerComputerName=,UserName=,ConnectString=
04:54.234000-0,EXCP,0,process=rphost,OSThread=8024,ClientID=4845,Exception=NetDataExchangeException,Descr='server_addr=(2)10.224.32.15:56669 descr=2(0x00000002): Не удается найти указанный файл.  line=1149 file=d:\jenkins\ci_builder2\windowsbuild2\platform\src\rtrsrvc\src\dataexchangeserverimpl.cpp'
04:54.234001-0,EXCPCNTX,0,ClientComputerName=,ServerComputerName=,UserName=,ConnectString=
04:59.250000-0,EXCP,0,process=rphost,OSThread=624,ClientID=4844,Exception=NetDataExchangeException,Descr='server_addr=(2)10.225.32.15:64022 descr=2(0x00000002): Не удается найти указанный файл.  line=1149 file=d:\jenkins\ci_builder2\windowsbuild2\platform\src\rtrsrvc\src\dataexchangeserverimpl.cpp'
04:59.250001-0,EXCPCNTX,0,ClientComputerName=,ServerComputerName=,UserName=,ConnectString=
04:59.422000-0,EXCP,0,process=rphost,OSThread=4212,ClientID=4847,Exception=NetDataExchangeException,Descr='server_addr=(2)10.225.32.15:64038 descr=2(0x00000002): Не удается найти указанный файл.  line=1149 file=d:\jenkins\ci_builder2\windowsbuild2\platform\src\rtrsrvc\src\dataexchangeserverimpl.cpp'
04:59.422001-0,EXCPCNTX,0,ClientComputerName=,ServerComputerName=,UserName=,ConnectString=
05:00.797001-0,EXCP,0,process=rphost,OSThread=8024,ClientID=4846,Exception=NetDataExchangeException,Descr='server_addr=(2)10.224.32.15:56687 descr=2(0x00000002): Не удается найти указанный файл.  line=1149 file=d:\jenkins\ci_builder2\windowsbuild2\platform\src\rtrsrvc\src\dataexchangeserverimpl.cpp'
05:00.797002-0,EXCPCNTX,0,ClientComputerName=,ServerComputerName=,UserName=,ConnectString=
05:01.000000-0,EXCP,0,process=rphost,OSThread=1352,ClientID=4849,Exception=NetDataExchangeException,Descr='server_addr=(2)10.224.32.15:56702 descr=2(0x00000002): Не удается найти указанный файл.  line=1149 file=d:\jenkins\ci_builder2\windowsbuild2\platform\src\rtrsrvc\src\dataexchangeserverimpl.cpp'
05:01.000001-0,EXCPCNTX,0,ClientComputerName=,ServerComputerName=,UserName=,ConnectString=
05:02.391001-0,EXCP,0,process=rphost,OSThread=7284,ClientID=4848,Exception=NetDataExchangeException,Descr='server_addr=(2)10.225.32.15:64057 descr=2(0x00000002): Не удается найти указанный файл.  line=1149 file=d:\jenkins\ci_builder2\windowsbuild2\platform\src\rtrsrvc\src\dataexchangeserverimpl.cpp'
05:02.391002-0,EXCPCNTX,0,ClientComputerName=,ServerComputerName=,UserName=,ConnectString=
05:02.703000-0,EXCP,0,process=rphost,OSThread=4212,ClientID=4851,Exception=NetDataExchangeException,Descr='server_addr=(2)10.225.32.15:64073 descr=2(0x00000002): Не удается найти указанный файл.  line=1149 file=d:\jenkins\ci_builder2\windowsbuild2\platform\src\rtrsrvc\src\dataexchangeserverimpl.cpp'
05:02.703001-0,EXCPCNTX,0,ClientComputerName=,ServerComputerName=,UserName=,ConnectString=
05:04.141000-0,EXCP,0,process=rphost,OSThread=1244,ClientID=4850,Exception=NetDataExchangeException,Descr='server_addr=(2)10.224.32.15:56720 descr=2(0x00000002): Не удается найти указанный файл.  line=1149 file=d:\jenkins\ci_builder2\windowsbuild2\platform\src\rtrsrvc\src\dataexchangeserverimpl.cpp'
05:04.141001-0,EXCPCNTX,0,ClientComputerName=,ServerComputerName=,UserName=,ConnectString=
05:04.453000-0,EXCP,0,process=rphost,OSThread=7284,ClientID=4853,Exception=NetDataExchangeException,Descr='server_addr=(2)10.224.32.15:56735 descr=2(0x00000002): Не удается найти указанный файл.  line=1149 file=d:\jenkins\ci_builder2\windowsbuild2\platform\src\rtrsrvc\src\dataexchangeserverimpl.cpp'
05:04.453001-0,EXCPCNTX,0,ClientComputerName=,ServerComputerName=,UserName=,ConnectString=
05:05.812001-0,EXCP,0,process=rphost,OSThread=4212,ClientID=4852,Exception=NetDataExchangeException,Descr='server_addr=(2)10.225.32.15:64092 descr=2(0x00000002): Не удается найти указанный файл.  line=1149 file=d:\jenkins\ci_builder2\windowsbuild2\platform\src\rtrsrvc\src\dataexchangeserverimpl.cpp'
05:05.812002-0,EXCPCNTX,0,ClientComputerName=,ServerComputerName=,UserName=,ConnectString=
05:06.250000-0,EXCP,0,process=rphost,OSThread=8024,ClientID=4855,Exception=NetDataExchangeException,Descr='server_addr=(2)10.225.32.15:64108 descr=2(0x00000002): Не удается найти указанный файл.  line=1149 file=d:\jenkins\ci_builder2\windowsbuild2\platform\src\rtrsrvc\src\dataexchangeserverimpl.cpp'
05:06.250001-0,EXCPCNTX,0,ClientComputerName=,ServerComputerName=,UserName=,ConnectString=
05:09.297000-0,EXCP,0,process=rphost,OSThread=1616,ClientID=4854,Exception=NetDataExchangeException,Descr='server_addr=(2)10.224.32.15:56753 descr=2(0x00000002): Не удается найти указанный файл.  line=1149 file=d:\jenkins\ci_builder2\windowsbuild2\platform\src\rtrsrvc\src\dataexchangeserverimpl.cpp'
05:09.297001-0,EXCPCNTX,0,ClientComputerName=,ServerComputerName=,UserName=,ConnectString=
05:09.484000-0,EXCP,0,process=rphost,OSThread=1244,ClientID=4857,Exception=NetDataExchangeException,Descr='server_addr=(2)10.224.32.15:56768 descr=2(0x00000002): Не удается найти указанный файл.  line=1149 file=d:\jenkins\ci_builder2\windowsbuild2\platform\src\rtrsrvc\src\dataexchangeserverimpl.cpp'
05:09.484001-0,EXCPCNTX,0,ClientComputerName=,ServerComputerName=,UserName=,ConnectString=
05:11.016001-0,EXCP,0,process=rphost,OSThread=7540,ClientID=4856,Exception=NetDataExchangeException,Descr='server_addr=(2)10.225.32.15:64127 descr=2(0x00000002): Не удается найти указанный файл.  line=1149 file=d:\jenkins\ci_builder2\windowsbuild2\platform\src\rtrsrvc\src\dataexchangeserverimpl.cpp'
05:11.016002-0,EXCPCNTX,0,ClientComputerName=,ServerComputerName=,UserName=,ConnectString=
05:11.297000-0,EXCP,0,process=rphost,OSThread=4260,ClientID=4859,Exception=NetDataExchangeException,Descr='server_addr=(2)10.225.32.15:64143 descr=2(0x00000002): Не удается найти указанный файл.  line=1149 file=d:\jenkins\ci_builder2\windowsbuild2\platform\src\rtrsrvc\src\dataexchangeserverimpl.cpp'
05:11.297001-0,EXCPCNTX,0,ClientComputerName=,ServerComputerName=,UserName=,ConnectString=
05:12.672001-0,EXCP,0,process=rphost,OSThread=5160,ClientID=4858,Exception=NetDataExchangeException,Descr='server_addr=(2)10.224.32.15:56786 descr=2(0x00000002): Не удается найти указанный файл.  line=1149 file=d:\jenkins\ci_builder2\windowsbuild2\platform\src\rtrsrvc\src\dataexchangeserverimpl.cpp'
05:12.672002-0,EXCPCNTX,0,ClientComputerName=,ServerComputerName=,UserName=,ConnectString=
05:12.984000-0,EXCP,0,process=rphost,OSThread=5160,ClientID=4861,Exception=NetDataExchangeException,Descr='server_addr=(2)10.224.32.15:56801 descr=2(0x00000002): Не удается найти указанный файл.  line=1149 file=d:\jenkins\ci_builder2\windowsbuild2\platform\src\rtrsrvc\src\dataexchangeserverimpl.cpp'
05:12.984001-0,EXCPCNTX,0,ClientComputerName=,ServerComputerName=,UserName=,ConnectString=
05:14.422000-0,EXCP,0,process=rphost,OSThread=8024,ClientID=4860,Exception=NetDataExchangeException,Descr='server_addr=(2)10.225.32.15:64162 descr=2(0x00000002): Не удается найти указанный файл.  line=1149 file=d:\jenkins\ci_builder2\windowsbuild2\platform\src\rtrsrvc\src\dataexchangeserverimpl.cpp'
05:14.422001-0,EXCPCNTX,0,ClientComputerName=,ServerComputerName=,UserName=,ConnectString=
05:14.625000-0,EXCP,0,process=rphost,OSThread=5300,ClientID=4863,Exception=NetDataExchangeException,Descr='server_addr=(2)10.225.32.15:64178 descr=2(0x00000002): Не удается найти указанный файл.  line=1149 file=d:\jenkins\ci_builder2\windowsbuild2\platform\src\rtrsrvc\src\dataexchangeserverimpl.cpp'
05:14.625001-0,EXCPCNTX,0,ClientComputerName=,ServerComputerName=,UserName=,ConnectString=
05:16.156000-0,EXCP,0,process=rphost,OSThread=1616,ClientID=4862,Exception=NetDataExchangeException,Descr='server_addr=(2)10.224.32.15:56819 descr=2(0x00000002): Не удается найти указанный файл.  line=1149 file=d:\jenkins\ci_builder2\windowsbuild2\platform\src\rtrsrvc\src\dataexchangeserverimpl.cpp'
05:16.156001-0,EXCPCNTX,0,ClientComputerName=,ServerComputerName=,UserName=,ConnectString=
05:16.312000-0,EXCP,0,process=rphost,OSThread=4260,ClientID=4865,Exception=NetDataExchangeException,Descr='server_addr=(2)10.224.32.15:56835 descr=2(0x00000002): Не удается найти указанный файл.  line=1149 file=d:\jenkins\ci_builder2\windowsbuild2\platform\src\rtrsrvc\src\dataexchangeserverimpl.cpp'
05:16.312001-0,EXCPCNTX,0,ClientComputerName=,ServerComputerName=,UserName=,ConnectString=
07:25.129001-0,EXCP,0,process=rphost,OSThread=5300,ClientID=4866,Exception=NetDataExchangeException,Descr='server_addr=(2)10.224.32.15:56854 descr=2(0x00000002): Не удается найти указанный файл.  line=1149 file=d:\jenkins\ci_builder2\windowsbuild2\platform\src\rtrsrvc\src\dataexchangeserverimpl.cpp'
07:25.129002-0,EXCPCNTX,0,ClientComputerName=,ServerComputerName=,UserName=,ConnectString=
07:25.332000-0,EXCP,0,process=rphost,OSThread=624,ClientID=4867,Exception=NetDataExchangeException,Descr='server_addr=(2)10.224.32.15:56872 descr=2(0x00000002): Не удается найти указанный файл.  line=1149 file=d:\jenkins\ci_builder2\windowsbuild2\platform\src\rtrsrvc\src\dataexchangeserverimpl.cpp'
07:25.332001-0,EXCPCNTX,0,ClientComputerName=,ServerComputerName=,UserName=,ConnectString=
11:17.402000-0,EXCP,0,process=rphost,OSThread=5160,ClientID=3689,Exception=NetDataExchangeException,Descr='server_addr=(2)10.3.172.24:54644 descr=10054(0x00002746): Удаленный хост принудительно разорвал существующее подключение.  line=1149 file=d:\jenkins\ci_builder2\windowsbuild2\platform\src\rtrsrvc\src\dataexchangeserverimpl.cpp'
11:17.402001-0,EXCPCNTX,0,ClientComputerName=,ServerComputerName=,UserName=,ConnectString=
11:17.402002-0,EXCP,0,process=rphost,OSThread=4408,ClientID=3688,Exception=NetDataExchangeException,Descr='server_addr=(2)10.3.172.24:54628 descr=10054(0x00002746): Удаленный хост принудительно разорвал существующее подключение.  line=2273 file=d:\jenkins\ci_builder2\windowsbuild2\platform\src\rtrsrvc\src\dataexchangeserverimpl.cpp'
11:17.402003-0,EXCPCNTX,0,ClientComputerName=,ServerComputerName=,UserName=,ConnectString=
14:43.157001-0,EXCP,0,process=rphost,OSThread=4212,ClientID=2771,Exception=NetDataExchangeException,Descr='server_addr=(2)10.225.32.108:55666 descr=10054(0x00002746): Удаленный хост принудительно разорвал существующее подключение.  line=1149 file=d:\jenkins\ci_builder2\windowsbuild2\platform\src\rtrsrvc\src\dataexchangeserverimpl.cpp'
14:43.157002-0,EXCPCNTX,0,ClientComputerName=,ServerComputerName=,UserName=,ConnectString=
14:43.157000-0,EXCP,0,process=rphost,OSThread=1616,ClientID=2770,Exception=NetDataExchangeException,Descr='server_addr=(2)10.225.32.108:55617 descr=10054(0x00002746): Удаленный хост принудительно разорвал существующее подключение.  line=1149 file=d:\jenkins\ci_builder2\windowsbuild2\platform\src\rtrsrvc\src\dataexchangeserverimpl.cpp'
14:43.157003-0,EXCPCNTX,0,ClientComputerName=,ServerComputerName=,UserName=,ConnectString=
16:37.568019-0,EXCP,0,process=rphost,OSThread=8024,ClientID=4864,Exception=NetDataExchangeException,Descr='server_addr=(2)10.225.32.15:64198 descr=2(0x00000002): Не удается найти указанный файл.  line=1149 file=d:\jenkins\ci_builder2\windowsbuild2\platform\src\rtrsrvc\src\dataexchangeserverimpl.cpp'
16:37.568020-0,EXCPCNTX,0,ClientComputerName=,ServerComputerName=,UserName=,ConnectString=
16:54.897034-0,EXCP,0,process=rphost,OSThread=5300,ClientID=4868,Exception=NetDataExchangeException,Descr='server_addr=(2)10.224.32.15:56892 descr=2(0x00000002): Не удается найти указанный файл.  line=1149 file=d:\jenkins\ci_builder2\windowsbuild2\platform\src\rtrsrvc\src\dataexchangeserverimpl.cpp'
16:54.897037-0,EXCPCNTX,0,ClientComputerName=,ServerComputerName=,UserName=,ConnectString=
20:04.774000-0,EXCP,0,process=rphost,OSThread=7308,ClientID=3682,Exception=NetDataExchangeException,Descr='server_addr=(2)10.224.32.71:57814 descr=10054(0x00002746): Удаленный хост принудительно разорвал существующее подключение.  line=2273 file=d:\jenkins\ci_builder2\windowsbuild2\platform\src\rtrsrvc\src\dataexchangeserverimpl.cpp'
20:04.774001-0,EXCPCNTX,0,ClientComputerName=,ServerComputerName=,UserName=,ConnectString=
20:04.774013-0,EXCP,0,process=rphost,OSThread=4212,ClientID=3684,Exception=NetDataExchangeException,Descr='server_addr=(2)10.224.32.71:57819 descr=10054(0x00002746): Удаленный хост принудительно разорвал существующее подключение.  line=1149 file=d:\jenkins\ci_builder2\windowsbuild2\platform\src\rtrsrvc\src\dataexchangeserverimpl.cpp'
20:04.774014-0,EXCPCNTX,0,ClientComputerName=,ServerComputerName=,UserName=,ConnectString=
30:35.136002-0,EXCP,0,process=rphost,OSThread=4260,ClientID=4456,Exception=NetDataExchangeException,Descr='server_addr=(2)10.225.32.46:50767 descr=10054(0x00002746): Удаленный хост принудительно разорвал существующее подключение.  line=1149 file=d:\jenkins\ci_builder2\windowsbuild2\platform\src\rtrsrvc\src\dataexchangeserverimpl.cpp'
30:35.136001-0,EXCP,0,process=rphost,OSThread=7284,ClientID=4457,Exception=NetDataExchangeException,Descr='server_addr=(2)10.225.32.46:50773 descr=10054(0x00002746): Удаленный хост принудительно разорвал существующее подключение.  line=1149 file=d:\jenkins\ci_builder2\windowsbuild2\platform\src\rtrsrvc\src\dataexchangeserverimpl.cpp'
30:35.136003-0,EXCPCNTX,0,ClientComputerName=,ServerComputerName=,UserName=,ConnectString=
30:35.136004-0,EXCPCNTX,0,ClientComputerName=,ServerComputerName=,UserName=,ConnectString=
34:56.782015-0,EXCP,0,process=rphost,OSThread=4260,ClientID=694,Exception=NetDataExchangeException,Descr='server_addr=(2)10.225.32.64:58700 descr=10054(0x00002746): Удаленный хост принудительно разорвал существующее подключение.  line=1149 file=d:\jenkins\ci_builder2\windowsbuild2\platform\src\rtrsrvc\src\dataexchangeserverimpl.cpp'
34:56.782016-0,EXCP,0,process=rphost,OSThread=1352,ClientID=697,Exception=NetDataExchangeException,Descr='server_addr=(2)10.225.32.64:58706 descr=10054(0x00002746): Удаленный хост принудительно разорвал существующее подключение.  line=1149 file=d:\jenkins\ci_builder2\windowsbuild2\platform\src\rtrsrvc\src\dataexchangeserverimpl.cpp'
34:56.797000-0,EXCPCNTX,0,ClientComputerName=,ServerComputerName=,UserName=,ConnectString=
34:56.797001-0,EXCPCNTX,0,ClientComputerName=,ServerComputerName=,UserName=,ConnectString=
39:51.536000-0,EXCP,0,process=rphost,OSThread=4212,ClientID=1059,Exception=NetDataExchangeException,Descr='server_addr=(2)10.3.172.26:50371 descr=10054(0x00002746): Удаленный хост принудительно разорвал существующее подключение.  line=1149 file=d:\jenkins\ci_builder2\windowsbuild2\platform\src\rtrsrvc\src\dataexchangeserverimpl.cpp'
39:51.536001-0,EXCP,0,process=rphost,OSThread=9148,ClientID=1058,Exception=NetDataExchangeException,Descr='server_addr=(2)10.3.172.26:50364 descr=10054(0x00002746): Удаленный хост принудительно разорвал существующее подключение.  line=2273 file=d:\jenkins\ci_builder2\windowsbuild2\platform\src\rtrsrvc\src\dataexchangeserverimpl.cpp'
39:51.536002-0,EXCPCNTX,0,ClientComputerName=,ServerComputerName=,UserName=,ConnectString=
39:51.536003-0,EXCPCNTX,0,ClientComputerName=,ServerComputerName=,UserName=,ConnectString=
40:21.239053-0,QERR,4,process=rphost,p:processName=bi_bk3wk1_prod_01,OSThread=8104,t:clientID=971,t:applicationName=1CV8C,t:computerName=DC2RDSH27,t:connectID=582,SessionID=421,Usr=Есжанова Нургуль Муратовна,AppID=1CV8C,DBMS=DBMSSQL,DataBase=CLSBUHDB01\bi_bk3wk1_prod_01,Descr='{(40, 30)}: Синтаксическая ошибка ":"
НеверноеИмяТекущейТаблицы<<?>>: "РегистрСведений.НеснижаемыйОстатокПоПодотчету"',Query='// ПоЗначениям(Таблица, -, Модификатор, В1,П1, В2,П2, ...,  В(n), П(n)).
// № параметра:      1, 2,           3,  4, 5,  6, 7, ..., 2+n*2,3+n*2.
// Читается так: "ограничение доступа по значениям".
// Параметры:
//     Таблица   - Имя текущей таблицы, например "Документ.ПоступлениеТоваровИУслуг".
//     Модификатор - изменяет шаблон.
//                 1-й модификатор - строка "НеОграничиватьДоступКГруппам" указывает
//                  безусловно выбирать группы иерархического справочника. 
//                 Других модификаторов в этой версии шаблона не предусмотрено.
//     В(n)      - Вид доступа - имя вида доступа, например, "Организации". Для полей составного типа, с целью повышения
//                  производительности, лучше указать несколько имен, например, "Организации,ГруппыФизическихЛиц",
//                  чем использовать несколько блоков параметров, с одним и тем же именем поля.
//                  Специальные виды доступа "Условие", "НастройкиПрав", "ПравоЧтения", "ПравоИзменения",
//                  "ПравоЧтенияПоИдентификатору", "ПравоИзмененияПоИдентификатору" можно использовать только отдельно.
//                 Когда В(n) = "Условие" (или ""), тогда П(n) содержит строку условия на языке запросов, например
//                  "Т.Автор = &АвторизованныйПользователь",
//                  "ТИПЗНАЧЕНИЯ(Т.Владелец) = ТИП(Справочник.Организации)", где Т - псевдоним текущей таблицы.
//                 Когда В(n) = "ПравоЧтения" Или "ПравоИзменения",
//                  выполняется проверка наличия права на таблицу значения Т.П(n).
//                 Когда В(n) = "ПравоЧтенияПоИдентификатору" или "ПравоИзмененияПоИдентификатору",
//                  выполняется проверка наличия права на таблицу по идентификатору в значении Т.П(n).
//     П(n)      - Поле проверяемого значения, кроме случая В(n) = "Условие" (или "").
//  Примечение: максимальное количество одновременно проверяемых значений полей можно увеличить, изменив шаблон, но
// необходимо будет указывать все параметры шаблона, т.е. указывать пустые строки, когда количество полей меньше максимального.
//  Шаблон имеет структуру:
//     <Общая часть условий> <Условие по группе параметров 1> И <Условие по группе параметров 2> И ... <Условие по группе параметров(n)>
//  Пример:
//      ПоЗначениям("Документ.ПоступлениеТоваровИУслуг", "", "",
//      "Организации","Организация",
//      "Поставщики","Контрагент", "","", ...)



// Проверка правильности параметра Право.


// Проверка правильности параметра ИмяТаблицы.

    // Когда параметр задан неверно, вставляется строка, чтобы вызвать ошибку сборки ограничения доступа.
    НеверноеИмяТекущейТаблицы: "РегистрСведений.НеснижаемыйОстатокПоПодотчету"


// Проверка правильности параметра Модификатор.


// Общая проверка использования ограничений доступа на уровне записей и
// проверка использования хотя бы одного ограничения из указанных видов доступа.


Т ГДЕ // Т - псевдоним текущей таблицы (выбран коротким, чтобы сократить количество символов в тексте параметра-условия на языке запросов).

ИСТИНА В
(   // Проверка права пользователя на текущую таблицу в целом.
    // Права на таблицы формируются по составу ролей профиля группы доступа.
    ВЫБРАТЬ ПЕРВЫЕ 1 ИСТИНА
    ИЗ
        Справочник.ИдентификаторыОбъектовМетаданных КАК СвойстваТекущейТаблицы
        ВНУТРЕННЕЕ СОЕДИНЕНИЕ Справочник.ГруппыДоступа КАК ГруппыДоступа
        ПО
              СвойстваТекущейТаблицы.ПолноеИмя = "РегистрСведений.НеснижаемыйОстатокПоПодотчету"
            И ИСТИНА В
              (
                ВЫБРАТЬ ПЕРВЫЕ 1 ИСТИНА
                ИЗ
                    РегистрСведений.ТаблицыГруппДоступа КАК ТаблицыГруппДоступа
                    ГДЕ
                          ТаблицыГруппДоступа.Таблица       = СвойстваТекущейТаблицы.Ссылка
                        И ТаблицыГруппДоступа.ГруппаДоступа = ГруппыДоступа.Ссылка
                    
              )
            И ГруппыДоступа.Ссылка В
              (
                ВЫБРАТЬ
                    ГруппыДоступаПользователи.Ссылка КАК ГруппаДоступа
                ИЗ
                    Справочник.ГруппыДоступа.Пользователи КАК ГруппыДоступаПользователи
                    ВНУТРЕННЕЕ СОЕДИНЕНИЕ РегистрСведений.СоставыГруппПользователей КАК СоставыГруппПользователей
                    ПО
                          СоставыГруппПользователей.Пользователь = &АвторизованныйПользователь
                        И СоставыГруппПользователей.ГруппаПользователей = ГруппыДоступаПользователи.Пользователь
              )
    ГДЕ

// Безусловная выборка групп в иерархическом объекте метаданных (если нужно).


  ( // Поиск значений заданных полей в разрешенных значениях групп доступа (пользователей).

//// Проверка значения поля группы параметров 1.

    
     (
            ЕСТЬNULL(Т.Организация, НЕОПРЕДЕЛЕНО) <> НЕОПРЕДЕЛЕНО
            И
        
            (
        
            ВЫБОР
            КОГДА ИСТИНА В
                (
        
                ВЫБРАТЬ ПЕРВЫЕ 1 ИСТИНА
                ИЗ РегистрСведений.ЗначенияГруппДоступа КАК Значения
                ГДЕ
                      Значения.ГруппаДоступа   = ГруппыДоступа.Ссылка
                    И Значения.ЗначениеДоступа = Т.Организация
        
                )
            ТОГДА ИСТИНА
            ИНАЧЕ ЛОЖЬ
            КОНЕЦ
            =
            ВЫБОР
            КОГДА ИСТИНА В
                (
                ВЫБРАТЬ ПЕРВЫЕ 1 ИСТИНА
                ИЗ РегистрСведений.ЗначенияГруппДоступаПоУмолчанию КАК ЗначенияПоУмолчанию
                ГДЕ
                      ЗначенияПоУмолчанию.ГруппаДоступа = ГруппыДоступа.Ссылка
                    И ТИПЗНАЧЕНИЯ(ЗначенияПоУмолчанию.ТипЗначенийДоступа) = ТИПЗНАЧЕНИЯ(Т.Организация)
                    И ЗначенияПоУмолчанию.ВсеРазрешены = ЛОЖЬ
                )
            ТОГДА ИСТИНА
            ИНАЧЕ ЛОЖЬ
            КОНЕЦ
            )
     )


//// Проверка значения поля группы параметров 2.

    // Группа параметров не используется.


//// Проверка значения поля группы параметров 3.

    // Группа параметров не используется.


//// Проверка значения поля группы параметров 4.

    // Группа параметров не используется.


//// Проверка значения поля группы параметров 5.

    // Группа параметров не используется.


//// Проверка значения поля группы параметров 6.

    // Группа параметров не используется.


//// Проверка значения поля группы параметров 7.

    // Группа параметров не используется.


//// Проверка значения поля группы параметров 8.

    // Группа параметров не используется.


//// Проверка значения поля группы параметров 9.

    // Группа параметров не используется.


//// Проверка значения поля группы параметров 10.

    // Группа параметров не используется.


//// Проверка значения поля группы параметров 11.

    // Группа параметров не используется.


//// Проверка значения поля группы параметров 12.

    // Группа параметров не используется.


//// Проверка значения поля группы параметров 13.

    // Группа параметров не используется.


//// Проверка значения поля группы параметров 14.

    // Группа параметров не используется.


//// Проверка значения поля группы параметров 15.

    // Группа параметров не используется.


//// Проверка значения поля группы параметров 16.

    // Группа параметров не используется.


  )
)


 // Информационная база заблокирована для обновления.',Context=Система.ПолучитьФорму : РегистрСведений.НеснижаемыйОстатокПоПодотчету_НеИспользовать.ФормаСписка
40:21.239054-0,EXCP,4,process=rphost,p:processName=bi_bk3wk1_prod_01,OSThread=8104,t:clientID=971,t:applicationName=1CV8C,t:computerName=DC2RDSH27,t:connectID=582,SessionID=421,Usr=Есжанова Нургуль Муратовна,AppID=1CV8C,DBMS=DBMSSQL,DataBase=CLSBUHDB01\bi_bk3wk1_prod_01,Exception=DataBaseException,Descr="Ошибка в ограничении доступа к данным.
объект: 'РегистрСведений.НеснижаемыйОстатокПоПодотчету_НеИспользовать', поле: 'Период'; право: 'Чтение'
{(40, 30)}: Синтаксическая ошибка "":""
НеверноеИмяТекущейТаблицы<<?>>: ""РегистрСведений.НеснижаемыйОстатокПоПодотчету""",Context=Система.ПолучитьФорму : РегистрСведений.НеснижаемыйОстатокПоПодотчету_НеИспользовать.ФормаСписка
40:21.239057-0,QERR,2,process=rphost,p:processName=bi_bk3wk1_prod_01,OSThread=8104,t:clientID=971,t:applicationName=1CV8C,t:computerName=DC2RDSH27,t:connectID=582,SessionID=421,Usr=Есжанова Нургуль Муратовна,AppID=1CV8C,Descr="Ошибка в ограничении доступа к данным.
объект: 'РегистрСведений.НеснижаемыйОстатокПоПодотчету_НеИспользовать', поле: 'Период'; право: 'Чтение'
{(40, 30)}: Синтаксическая ошибка "":""
НеверноеИмяТекущейТаблицы<<?>>: ""РегистрСведений.НеснижаемыйОстатокПоПодотчету""",Query='ВЫБРАТЬ РАЗРЕШЕННЫЕ
	РегистрСведенийНеснижаемыйОстатокПоПодотчету_НеИспользовать.Период КАК Период,
	РегистрСведенийНеснижаемыйОстатокПоПодотчету_НеИспользовать.Организация КАК Организация,
	РегистрСведенийНеснижаемыйОстатокПоПодотчету_НеИспользовать.ФизическоеЛицо КАК ФизическоеЛицо,
	РегистрСведенийНеснижаемыйОстатокПоПодотчету_НеИспользовать.Сумма КАК Сумма,
	РегистрСведенийНеснижаемыйОстатокПоПодотчету_НеИспользовать.Статус КАК Статус
ИЗ
	РегистрСведений.НеснижаемыйОстатокПоПодотчету_НеИспользовать КАК РегистрСведенийНеснижаемыйОстатокПоПодотчету_НеИспользовать
ГДЕ
	(&PP1
			ИЛИ (РегистрСведенийНеснижаемыйОстатокПоПодотчету_НеИспользовать.Период, РегистрСведенийНеснижаемыйОстатокПоПодотчету_НеИспользовать.Организация, РегистрСведенийНеснижаемыйОстатокПоПодотчету_НеИспользовать.ФизическоеЛицо) В (&PP))
	И РегистрСведенийНеснижаемыйОстатокПоПодотчету_НеИспользовать.ФизическоеЛицо = &П

УПОРЯДОЧИТЬ ПО
	Период,
	Организация,
	ФизическоеЛицо',Context=Система.ПолучитьФорму : РегистрСведений.НеснижаемыйОстатокПоПодотчету_НеИспользовать.ФормаСписка
40:21.349016-0,QERR,4,process=rphost,p:processName=bi_bk3wk1_prod_01,OSThread=8104,t:clientID=971,t:applicationName=1CV8C,t:computerName=DC2RDSH27,t:connectID=582,SessionID=421,Usr=Есжанова Нургуль Муратовна,AppID=1CV8C,DBMS=DBMSSQL,DataBase=CLSBUHDB01\bi_bk3wk1_prod_01,Descr='{(40, 30)}: Синтаксическая ошибка ":"
НеверноеИмяТекущейТаблицы<<?>>: "РегистрСведений.НеснижаемыйОстатокПоПодотчету"',Query='// ПоЗначениям(Таблица, -, Модификатор, В1,П1, В2,П2, ...,  В(n), П(n)).
// № параметра:      1, 2,           3,  4, 5,  6, 7, ..., 2+n*2,3+n*2.
// Читается так: "ограничение доступа по значениям".
// Параметры:
//     Таблица   - Имя текущей таблицы, например "Документ.ПоступлениеТоваровИУслуг".
//     Модификатор - изменяет шаблон.
//                 1-й модификатор - строка "НеОграничиватьДоступКГруппам" указывает
//                  безусловно выбирать группы иерархического справочника. 
//                 Других модификаторов в этой версии шаблона не предусмотрено.
//     В(n)      - Вид доступа - имя вида доступа, например, "Организации". Для полей составного типа, с целью повышения
//                  производительности, лучше указать несколько имен, например, "Организации,ГруппыФизическихЛиц",
//                  чем использовать несколько блоков параметров, с одним и тем же именем поля.
//                  Специальные виды доступа "Условие", "НастройкиПрав", "ПравоЧтения", "ПравоИзменения",
//                  "ПравоЧтенияПоИдентификатору", "ПравоИзмененияПоИдентификатору" можно использовать только отдельно.
//                 Когда В(n) = "Условие" (или ""), тогда П(n) содержит строку условия на языке запросов, например
//                  "Т.Автор = &АвторизованныйПользователь",
//                  "ТИПЗНАЧЕНИЯ(Т.Владелец) = ТИП(Справочник.Организации)", где Т - псевдоним текущей таблицы.
//                 Когда В(n) = "ПравоЧтения" Или "ПравоИзменения",
//                  выполняется проверка наличия права на таблицу значения Т.П(n).
//                 Когда В(n) = "ПравоЧтенияПоИдентификатору" или "ПравоИзмененияПоИдентификатору",
//                  выполняется проверка наличия права на таблицу по идентификатору в значении Т.П(n).
//     П(n)      - Поле проверяемого значения, кроме случая В(n) = "Условие" (или "").
//  Примечение: максимальное количество одновременно проверяемых значений полей можно увеличить, изменив шаблон, но
// необходимо будет указывать все параметры шаблона, т.е. указывать пустые строки, когда количество полей меньше максимального.
//  Шаблон имеет структуру:
//     <Общая часть условий> <Условие по группе параметров 1> И <Условие по группе параметров 2> И ... <Условие по группе параметров(n)>
//  Пример:
//      ПоЗначениям("Документ.ПоступлениеТоваровИУслуг", "", "",
//      "Организации","Организация",
//      "Поставщики","Контрагент", "","", ...)



// Проверка правильности параметра Право.


// Проверка правильности параметра ИмяТаблицы.

    // Когда параметр задан неверно, вставляется строка, чтобы вызвать ошибку сборки ограничения доступа.
    НеверноеИмяТекущейТаблицы: "РегистрСведений.НеснижаемыйОстатокПоПодотчету"


// Проверка правильности параметра Модификатор.


// Общая проверка использования ограничений доступа на уровне записей и
// проверка использования хотя бы одного ограничения из указанных видов доступа.


Т ГДЕ // Т - псевдоним текущей таблицы (выбран коротким, чтобы сократить количество символов в тексте параметра-условия на языке запросов).

ИСТИНА В
(   // Проверка права пользователя на текущую таблицу в целом.
    // Права на таблицы формируются по составу ролей профиля группы доступа.
    ВЫБРАТЬ ПЕРВЫЕ 1 ИСТИНА
    ИЗ
        Справочник.ИдентификаторыОбъектовМетаданных КАК СвойстваТекущейТаблицы
        ВНУТРЕННЕЕ СОЕДИНЕНИЕ Справочник.ГруппыДоступа КАК ГруппыДоступа
        ПО
              СвойстваТекущейТаблицы.ПолноеИмя = "РегистрСведений.НеснижаемыйОстатокПоПодотчету"
            И ИСТИНА В
              (
                ВЫБРАТЬ ПЕРВЫЕ 1 ИСТИНА
                ИЗ
                    РегистрСведений.ТаблицыГруппДоступа КАК ТаблицыГруппДоступа
                    ГДЕ
                          ТаблицыГруппДоступа.Таблица       = СвойстваТекущейТаблицы.Ссылка
                        И ТаблицыГруппДоступа.ГруппаДоступа = ГруппыДоступа.Ссылка
                    
              )
            И ГруппыДоступа.Ссылка В
              (
                ВЫБРАТЬ
                    ГруппыДоступаПользователи.Ссылка КАК ГруппаДоступа
                ИЗ
                    Справочник.ГруппыДоступа.Пользователи КАК ГруппыДоступаПользователи
                    ВНУТРЕННЕЕ СОЕДИНЕНИЕ РегистрСведений.СоставыГруппПользователей КАК СоставыГруппПользователей
                    ПО
                          СоставыГруппПользователей.Пользователь = &АвторизованныйПользователь
                        И СоставыГруппПользователей.ГруппаПользователей = ГруппыДоступаПользователи.Пользователь
              )
    ГДЕ

// Безусловная выборка групп в иерархическом объекте метаданных (если нужно).


  ( // Поиск значений заданных полей в разрешенных значениях групп доступа (пользователей).

//// Проверка значения поля группы параметров 1.

    
     (
            ЕСТЬNULL(Т.Организация, НЕОПРЕДЕЛЕНО) <> НЕОПРЕДЕЛЕНО
            И
        
            (
        
            ВЫБОР
            КОГДА ИСТИНА В
                (
        
                ВЫБРАТЬ ПЕРВЫЕ 1 ИСТИНА
                ИЗ РегистрСведений.ЗначенияГруппДоступа КАК Значения
                ГДЕ
                      Значения.ГруппаДоступа   = ГруппыДоступа.Ссылка
                    И Значения.ЗначениеДоступа = Т.Организация
        
                )
            ТОГДА ИСТИНА
            ИНАЧЕ ЛОЖЬ
            КОНЕЦ
            =
            ВЫБОР
            КОГДА ИСТИНА В
                (
                ВЫБРАТЬ ПЕРВЫЕ 1 ИСТИНА
                ИЗ РегистрСведений.ЗначенияГруппДоступаПоУмолчанию КАК ЗначенияПоУмолчанию
                ГДЕ
                      ЗначенияПоУмолчанию.ГруппаДоступа = ГруппыДоступа.Ссылка
                    И ТИПЗНАЧЕНИЯ(ЗначенияПоУмолчанию.ТипЗначенийДоступа) = ТИПЗНАЧЕНИЯ(Т.Организация)
                    И ЗначенияПоУмолчанию.ВсеРазрешены = ЛОЖЬ
                )
            ТОГДА ИСТИНА
            ИНАЧЕ ЛОЖЬ
            КОНЕЦ
            )
     )


//// Проверка значения поля группы параметров 2.

    // Группа параметров не используется.


//// Проверка значения поля группы параметров 3.

    // Группа параметров не используется.


//// Проверка значения поля группы параметров 4.

    // Группа параметров не используется.


//// Проверка значения поля группы параметров 5.

    // Группа параметров не используется.


//// Проверка значения поля группы параметров 6.

    // Группа параметров не используется.


//// Проверка значения поля группы параметров 7.

    // Группа параметров не используется.


//// Проверка значения поля группы параметров 8.

    // Группа параметров не используется.


//// Проверка значения поля группы параметров 9.

    // Группа параметров не используется.


//// Проверка значения поля группы параметров 10.

    // Группа параметров не используется.


//// Проверка значения поля группы параметров 11.

    // Группа параметров не используется.


//// Проверка значения поля группы параметров 12.

    // Группа параметров не используется.


//// Проверка значения поля группы параметров 13.

    // Группа параметров не используется.


//// Проверка значения поля группы параметров 14.

    // Группа параметров не используется.


//// Проверка значения поля группы параметров 15.

    // Группа параметров не используется.


//// Проверка значения поля группы параметров 16.

    // Группа параметров не используется.


  )
)


 // Информационная база заблокирована для обновления.',Context=ДинамическийСписок.ПолучитьДанные : РегистрСведений.НеснижаемыйОстатокПоПодотчету_НеИспользовать.ФормаСписка.Реквизит.Список
40:21.349017-0,EXCP,4,process=rphost,p:processName=bi_bk3wk1_prod_01,OSThread=8104,t:clientID=971,t:applicationName=1CV8C,t:computerName=DC2RDSH27,t:connectID=582,SessionID=421,Usr=Есжанова Нургуль Муратовна,AppID=1CV8C,DBMS=DBMSSQL,DataBase=CLSBUHDB01\bi_bk3wk1_prod_01,Exception=DataBaseException,Descr="Ошибка в ограничении доступа к данным.
объект: 'РегистрСведений.НеснижаемыйОстатокПоПодотчету_НеИспользовать', поле: 'Период'; право: 'Чтение'
{(40, 30)}: Синтаксическая ошибка "":""
НеверноеИмяТекущейТаблицы<<?>>: ""РегистрСведений.НеснижаемыйОстатокПоПодотчету""",Context=ДинамическийСписок.ПолучитьДанные : РегистрСведений.НеснижаемыйОстатокПоПодотчету_НеИспользовать.ФормаСписка.Реквизит.Список
40:21.349021-0,QERR,2,process=rphost,p:processName=bi_bk3wk1_prod_01,OSThread=8104,t:clientID=971,t:applicationName=1CV8C,t:computerName=DC2RDSH27,t:connectID=582,SessionID=421,Usr=Есжанова Нургуль Муратовна,AppID=1CV8C,Descr="Ошибка в ограничении доступа к данным.
объект: 'РегистрСведений.НеснижаемыйОстатокПоПодотчету_НеИспользовать', поле: 'Период'; право: 'Чтение'
{(40, 30)}: Синтаксическая ошибка "":""
НеверноеИмяТекущейТаблицы<<?>>: ""РегистрСведений.НеснижаемыйОстатокПоПодотчету""",Query='ВЫБРАТЬ РАЗРЕШЕННЫЕ
	РегистрСведенийНеснижаемыйОстатокПоПодотчету_НеИспользовать.Период КАК Период,
	РегистрСведенийНеснижаемыйОстатокПоПодотчету_НеИспользовать.Организация КАК Организация,
	РегистрСведенийНеснижаемыйОстатокПоПодотчету_НеИспользовать.ФизическоеЛицо КАК ФизическоеЛицо,
	РегистрСведенийНеснижаемыйОстатокПоПодотчету_НеИспользовать.Сумма КАК Сумма,
	РегистрСведенийНеснижаемыйОстатокПоПодотчету_НеИспользовать.Статус КАК Статус
ИЗ
	РегистрСведений.НеснижаемыйОстатокПоПодотчету_НеИспользовать КАК РегистрСведенийНеснижаемыйОстатокПоПодотчету_НеИспользовать
ГДЕ
	(&PP1
			ИЛИ (РегистрСведенийНеснижаемыйОстатокПоПодотчету_НеИспользовать.Период, РегистрСведенийНеснижаемыйОстатокПоПодотчету_НеИспользовать.Организация, РегистрСведенийНеснижаемыйОстатокПоПодотчету_НеИспользовать.ФизическоеЛицо) В (&PP))
	И РегистрСведенийНеснижаемыйОстатокПоПодотчету_НеИспользовать.ФизическоеЛицо = &П

УПОРЯДОЧИТЬ ПО
	Период,
	Организация,
	ФизическоеЛицо',Context=ДинамическийСписок.ПолучитьДанные : РегистрСведений.НеснижаемыйОстатокПоПодотчету_НеИспользовать.ФормаСписка.Реквизит.Список
40:21.349022-0,EXCP,2,process=rphost,p:processName=bi_bk3wk1_prod_01,OSThread=8104,t:clientID=971,t:applicationName=1CV8C,t:computerName=DC2RDSH27,t:connectID=582,SessionID=421,Usr=Есжанова Нургуль Муратовна,AppID=1CV8C,Exception=580392e6-ba49-4280-ac67-fcd6f2180121,Descr='src\vrsbase\src\vresourceinfobaseimpl.cpp(1114):
580392e6-ba49-4280-ac67-fcd6f2180121: Неспецифицированная ошибка работы с ресурсом
Ошибка при выполнении запроса POST к ресурсу /e1cib/dlist:
eece8795-ccc9-4865-8779-0482cfe4a31e: Ошибка при выполнении запроса.
bb4657f6-80d1-4ce6-acfe-69860ef1c3f4: Ошибка получения данных
e01bc916-56a4-4302-b726-792a2f76e608: Ошибка создания набора данных "НаборДанныхДинамическогоСписка"
c238ea87-cc00-4e32-8cc8-f3b182a09711: Ошибка при исполнении запроса набора данных
ae209c88-6b01-464c-adc9-0b72e240492f: Ошибка выполнения запроса
dc31263e-ecbf-41bd-9b3a-7b55897d5fd6: Ошибка в ограничении доступа к данным.
объект: ''РегистрСведений.НеснижаемыйОстатокПоПодотчету_НеИспользовать'', поле: ''Период''; право: ''Чтение''
{(40, 30)}: Синтаксическая ошибка ":"
НеверноеИмяТекущейТаблицы<<?>>: "РегистрСведений.НеснижаемыйОстатокПоПодотчету"
ae209c88-6b01-464c-adc9-0b72e240492f: {(40, 30)}: Синтаксическая ошибка ":"
НеверноеИмяТекущейТаблицы<<?>>: "РегистрСведений.НеснижаемыйОстатокПоПодотчету"'
43:27.448000-0,EXCP,0,process=rphost,OSThread=8024,ClientID=869,Exception=NetDataExchangeException,Descr='server_addr=(2)10.225.32.49:59432 descr=10054(0x00002746): Удаленный хост принудительно разорвал существующее подключение.  line=1149 file=d:\jenkins\ci_builder2\windowsbuild2\platform\src\rtrsrvc\src\dataexchangeserverimpl.cpp'
43:27.448001-0,EXCPCNTX,0,ClientComputerName=,ServerComputerName=,UserName=,ConnectString=
43:27.448003-0,EXCP,0,process=rphost,OSThread=5300,ClientID=871,Exception=NetDataExchangeException,Descr='server_addr=(2)10.225.32.49:59438 descr=10054(0x00002746): Удаленный хост принудительно разорвал существующее подключение.  line=1149 file=d:\jenkins\ci_builder2\windowsbuild2\platform\src\rtrsrvc\src\dataexchangeserverimpl.cpp'
43:27.448005-0,EXCPCNTX,0,ClientComputerName=,ServerComputerName=,UserName=,ConnectString=
44:55.450000-0,EXCP,0,process=rphost,OSThread=1616,ClientID=4900,Exception=NetDataExchangeException,Descr='server_addr=(2)10.224.32.15:57258 descr=2(0x00000002): Не удается найти указанный файл.  line=1149 file=d:\jenkins\ci_builder2\windowsbuild2\platform\src\rtrsrvc\src\dataexchangeserverimpl.cpp'
44:55.450001-0,EXCPCNTX,0,ClientComputerName=,ServerComputerName=,UserName=,ConnectString=
44:55.450004-0,EXCP,0,process=rphost,OSThread=4212,ClientID=4906,Exception=NetDataExchangeException,Descr='server_addr=(2)10.224.32.15:57285 descr=2(0x00000002): Не удается найти указанный файл.  line=1149 file=d:\jenkins\ci_builder2\windowsbuild2\platform\src\rtrsrvc\src\dataexchangeserverimpl.cpp'
44:55.450005-0,EXCPCNTX,0,ClientComputerName=,ServerComputerName=,UserName=,ConnectString=
44:57.450001-0,EXCP,0,process=rphost,OSThread=7284,ClientID=4907,Exception=NetDataExchangeException,Descr='server_addr=(2)10.224.32.15:57297 descr=2(0x00000002): Не удается найти указанный файл.  line=1149 file=d:\jenkins\ci_builder2\windowsbuild2\platform\src\rtrsrvc\src\dataexchangeserverimpl.cpp'
44:57.450002-0,EXCPCNTX,0,ClientComputerName=,ServerComputerName=,UserName=,ConnectString=
44:57.450005-0,EXCP,0,process=rphost,OSThread=4212,ClientID=4908,Exception=NetDataExchangeException,Descr='server_addr=(2)10.224.32.15:57308 descr=2(0x00000002): Не удается найти указанный файл.  line=1149 file=d:\jenkins\ci_builder2\windowsbuild2\platform\src\rtrsrvc\src\dataexchangeserverimpl.cpp'
44:57.450006-0,EXCPCNTX,0,ClientComputerName=,ServerComputerName=,UserName=,ConnectString=
45:36.795000-0,EXCP,0,process=rphost,OSThread=8024,ClientID=973,Exception=NetDataExchangeException,Descr='server_addr=(2)10.3.172.6:54070 descr=10054(0x00002746): Удаленный хост принудительно разорвал существующее подключение.  line=1149 file=d:\jenkins\ci_builder2\windowsbuild2\platform\src\rtrsrvc\src\dataexchangeserverimpl.cpp'
45:36.795001-0,EXCP,0,process=rphost,OSThread=7540,ClientID=975,Exception=NetDataExchangeException,Descr='server_addr=(2)10.3.172.6:54076 descr=10054(0x00002746): Удаленный хост принудительно разорвал существующее подключение.  line=1149 file=d:\jenkins\ci_builder2\windowsbuild2\platform\src\rtrsrvc\src\dataexchangeserverimpl.cpp'
45:36.795002-0,EXCPCNTX,0,ClientComputerName=,ServerComputerName=,UserName=,ConnectString=
45:36.795003-0,EXCPCNTX,0,ClientComputerName=,ServerComputerName=,UserName=,ConnectString=
48:20.646025-0,EXCP,0,process=rphost,OSThread=7540,ClientID=1190,Exception=NetDataExchangeException,Descr='server_addr=(2)10.3.172.6:55708 descr=10054(0x00002746): Удаленный хост принудительно разорвал существующее подключение.  line=1149 file=d:\jenkins\ci_builder2\windowsbuild2\platform\src\rtrsrvc\src\dataexchangeserverimpl.cpp'
48:20.646024-0,EXCP,0,process=rphost,OSThread=8656,ClientID=1189,Exception=NetDataExchangeException,Descr='server_addr=(2)10.3.172.6:55703 descr=10054(0x00002746): Удаленный хост принудительно разорвал существующее подключение.  line=2273 file=d:\jenkins\ci_builder2\windowsbuild2\platform\src\rtrsrvc\src\dataexchangeserverimpl.cpp'
48:20.646026-0,EXCPCNTX,0,ClientComputerName=,ServerComputerName=,UserName=,ConnectString=
48:20.646027-0,EXCPCNTX,0,ClientComputerName=,ServerComputerName=,UserName=,ConnectString=
50:51.616001-0,EXCP,0,process=rphost,OSThread=5160,ClientID=4919,Exception=NetDataExchangeException,Descr='server_addr=(2)10.225.32.15:64685 descr=2(0x00000002): Не удается найти указанный файл.  line=1149 file=d:\jenkins\ci_builder2\windowsbuild2\platform\src\rtrsrvc\src\dataexchangeserverimpl.cpp'
50:51.616002-0,EXCPCNTX,0,ClientComputerName=,ServerComputerName=,UserName=,ConnectString=
50:52.053000-0,EXCP,0,process=rphost,OSThread=7284,ClientID=4920,Exception=NetDataExchangeException,Descr='server_addr=(2)10.225.32.15:64691 descr=2(0x00000002): Не удается найти указанный файл.  line=1149 file=d:\jenkins\ci_builder2\windowsbuild2\platform\src\rtrsrvc\src\dataexchangeserverimpl.cpp'
50:52.053001-0,EXCPCNTX,0,ClientComputerName=,ServerComputerName=,UserName=,ConnectString=
50:52.663004-0,ADMIN,2,process=rphost,p:processName=ServerJobExecutorContext,OSThread=4432,t:clientID=4910,t:applicationName=JobScheduler,t:computerName=DC2BUHAPP11,Func=killClient,ClusterID=8aa94e2b-5d54-4b86-800b-79353ce39638,ConnectionID=eb31eec2-0d99-414c-88e9-1a0310c92665,Mode=0,Ref=bi_bk3wk1_prod_01(bi_bk3wk1_prod_01),Host=DC2BUHAPP11,Connection=10715,Administrator=Unknown,Result=Success
50:52.834000-0,EXCP,3,process=rphost,p:processName=bi_bk3wk1_prod_01,OSThread=6692,t:clientID=4922,t:applicationName=BackgroundJob,t:computerName=DC2BUHAPP11,t:connectID=10715,SessionID=13481,Usr=Есжанова Нургуль Муратовна,Exception=SeanceContextException,Descr='Сеанс отсутствует или удален
ID=85bba3bf-154f-4339-858a-3ad6f3cc45b4, File=d:\jenkins\ci_builder2\windowsbuild2\platform\src\rserver\src\clusterdistribimpl.cpp(1439)'
50:52.834002-0,EXCP,2,process=rphost,p:processName=bi_bk3wk1_prod_01,OSThread=6692,t:clientID=4922,t:applicationName=BackgroundJob,t:computerName=DC2BUHAPP11,t:connectID=10715,SessionID=13481,Usr=Есжанова Нургуль Муратовна,Exception=60c686dc-798f-4d17-aadb-a90156a16eb8,Descr='src\rserver\src\rmngrcalls.cpp(476):
60c686dc-798f-4d17-aadb-a90156a16eb8: Сеанс отсутствует или удален
ID=85bba3bf-154f-4339-858a-3ad6f3cc45b4, File=d:\jenkins\ci_builder2\windowsbuild2\platform\src\rserver\src\clusterdistribimpl.cpp(1439)'
50:53.038000-0,EXCP,2,process=rphost,p:processName=bi_bk3wk1_prod_01,OSThread=6692,t:clientID=4922,t:applicationName=BackgroundJob,t:computerName=DC2BUHAPP11,t:connectID=10715,SessionID=13481,Usr=Есжанова Нургуль Муратовна,Exception=SeanceContextException,Descr='Сеанс отсутствует или удален
ID=85bba3bf-154f-4339-858a-3ad6f3cc45b4, File=d:\jenkins\ci_builder2\windowsbuild2\platform\src\rserver\src\rmngrcalls.cpp(364)'
50:53.038001-0,EXCP,2,process=rphost,p:processName=bi_bk3wk1_prod_01,OSThread=6692,t:clientID=4922,t:applicationName=BackgroundJob,t:computerName=DC2BUHAPP11,t:connectID=10715,SessionID=13481,Usr=Есжанова Нургуль Муратовна,Exception=60c686dc-798f-4d17-aadb-a90156a16eb8,Descr='src\rserver\src\serverjobexecutor.cpp(1095):
60c686dc-798f-4d17-aadb-a90156a16eb8: Сеанс отсутствует или удален
ID=85bba3bf-154f-4339-858a-3ad6f3cc45b4, File=d:\jenkins\ci_builder2\windowsbuild2\platform\src\rserver\src\rmngrcalls.cpp(364)'
50:53.038010-0,EXCP,3,process=rphost,p:processName=bi_bk3wk1_prod_01,OSThread=6692,t:clientID=4922,t:applicationName=BackgroundJob,t:computerName=DC2BUHAPP11,t:connectID=10715,SessionID=13481,Usr=Есжанова Нургуль Муратовна,Exception=SeanceContextException,Descr='Сеанс отсутствует или удален
ID=85bba3bf-154f-4339-858a-3ad6f3cc45b4, File=d:\jenkins\ci_builder2\windowsbuild2\platform\src\rserver\src\clusterdistribimpl.cpp(1439)'
50:53.038013-0,EXCP,2,process=rphost,p:processName=bi_bk3wk1_prod_01,OSThread=6692,t:clientID=4922,t:applicationName=BackgroundJob,t:computerName=DC2BUHAPP11,t:connectID=10715,SessionID=13481,Usr=Есжанова Нургуль Муратовна,Exception=60c686dc-798f-4d17-aadb-a90156a16eb8,Descr='src\rserver\src\rmngrcalls.cpp(476):
60c686dc-798f-4d17-aadb-a90156a16eb8: Сеанс отсутствует или удален
ID=85bba3bf-154f-4339-858a-3ad6f3cc45b4, File=d:\jenkins\ci_builder2\windowsbuild2\platform\src\rserver\src\clusterdistribimpl.cpp(1439)'
50:53.116033-0,ADMIN,2,process=rphost,p:processName=ServerJobExecutorContext,OSThread=4432,t:clientID=4910,t:applicationName=JobScheduler,t:computerName=DC2BUHAPP11,Func=killClient,ClusterID=8aa94e2b-5d54-4b86-800b-79353ce39638,ConnectionID=b6e053b2-6d26-430b-b23d-328dd2b91c56,Mode=0,Ref=bi_bk3wk1_prod_01(bi_bk3wk1_prod_01),Host=DC2BUHAPP11,Connection=10716,Administrator=Unknown,Result=Success
50:53.209034-0,EXCP,3,process=rphost,p:processName=bi_bk3wk1_prod_01,OSThread=7308,t:clientID=4923,t:applicationName=BackgroundJob,t:computerName=DC2BUHAPP11,t:connectID=10716,SessionID=13482,Usr=Есжанова Нургуль Муратовна,Exception=SeanceContextException,Descr='Сеанс отсутствует или удален
ID=9b6630e7-b416-4156-aa43-2790173aae71, File=d:\jenkins\ci_builder2\windowsbuild2\platform\src\rserver\src\clusterdistribimpl.cpp(1439)'
50:53.209036-0,EXCP,2,process=rphost,p:processName=bi_bk3wk1_prod_01,OSThread=7308,t:clientID=4923,t:applicationName=BackgroundJob,t:computerName=DC2BUHAPP11,t:connectID=10716,SessionID=13482,Usr=Есжанова Нургуль Муратовна,Exception=60c686dc-798f-4d17-aadb-a90156a16eb8,Descr='src\rserver\src\rmngrcalls.cpp(476):
60c686dc-798f-4d17-aadb-a90156a16eb8: Сеанс отсутствует или удален
ID=9b6630e7-b416-4156-aa43-2790173aae71, File=d:\jenkins\ci_builder2\windowsbuild2\platform\src\rserver\src\clusterdistribimpl.cpp(1439)'
50:53.241000-0,EXCP,2,process=rphost,p:processName=bi_bk3wk1_prod_01,OSThread=6692,t:clientID=4922,t:applicationName=BackgroundJob,t:computerName=DC2BUHAPP11,t:connectID=10715,SessionID=13481,Usr=Есжанова Нургуль Муратовна,Exception=SeanceContextException,Descr='Сеанс отсутствует или удален
ID=85bba3bf-154f-4339-858a-3ad6f3cc45b4, File=d:\jenkins\ci_builder2\windowsbuild2\platform\src\rserver\src\rmngrcalls.cpp(364)'
50:53.413000-0,EXCP,2,process=rphost,p:processName=bi_bk3wk1_prod_01,OSThread=7308,t:clientID=4923,t:applicationName=BackgroundJob,t:computerName=DC2BUHAPP11,t:connectID=10716,SessionID=13482,Usr=Есжанова Нургуль Муратовна,Exception=SeanceContextException,Descr='Сеанс отсутствует или удален
ID=9b6630e7-b416-4156-aa43-2790173aae71, File=d:\jenkins\ci_builder2\windowsbuild2\platform\src\rserver\src\rmngrcalls.cpp(364)'
50:53.413002-0,EXCP,2,process=rphost,p:processName=bi_bk3wk1_prod_01,OSThread=7308,t:clientID=4923,t:applicationName=BackgroundJob,t:computerName=DC2BUHAPP11,t:connectID=10716,SessionID=13482,Usr=Есжанова Нургуль Муратовна,Exception=60c686dc-798f-4d17-aadb-a90156a16eb8,Descr='src\rserver\src\serverjobexecutor.cpp(1095):
60c686dc-798f-4d17-aadb-a90156a16eb8: Сеанс отсутствует или удален
ID=9b6630e7-b416-4156-aa43-2790173aae71, File=d:\jenkins\ci_builder2\windowsbuild2\platform\src\rserver\src\rmngrcalls.cpp(364)'
50:53.413011-0,EXCP,3,process=rphost,p:processName=bi_bk3wk1_prod_01,OSThread=7308,t:clientID=4923,t:applicationName=BackgroundJob,t:computerName=DC2BUHAPP11,t:connectID=10716,SessionID=13482,Usr=Есжанова Нургуль Муратовна,Exception=SeanceContextException,Descr='Сеанс отсутствует или удален
ID=9b6630e7-b416-4156-aa43-2790173aae71, File=d:\jenkins\ci_builder2\windowsbuild2\platform\src\rserver\src\clusterdistribimpl.cpp(1439)'
50:53.413013-0,EXCP,2,process=rphost,p:processName=bi_bk3wk1_prod_01,OSThread=7308,t:clientID=4923,t:applicationName=BackgroundJob,t:computerName=DC2BUHAPP11,t:connectID=10716,SessionID=13482,Usr=Есжанова Нургуль Муратовна,Exception=60c686dc-798f-4d17-aadb-a90156a16eb8,Descr='src\rserver\src\rmngrcalls.cpp(476):
60c686dc-798f-4d17-aadb-a90156a16eb8: Сеанс отсутствует или удален
ID=9b6630e7-b416-4156-aa43-2790173aae71, File=d:\jenkins\ci_builder2\windowsbuild2\platform\src\rserver\src\clusterdistribimpl.cpp(1439)'
50:53.522030-0,ADMIN,2,process=rphost,p:processName=ServerJobExecutorContext,OSThread=4432,t:clientID=4910,t:applicationName=JobScheduler,t:computerName=DC2BUHAPP11,Func=killClient,ClusterID=8aa94e2b-5d54-4b86-800b-79353ce39638,ConnectionID=b3dd780b-5015-4f23-b5cf-ef12c9df19da,Mode=0,Ref=bi_bk3wk1_prod_01(bi_bk3wk1_prod_01),Host=DC2BUHAPP11,Connection=10717,Administrator=Unknown,Result=Success
50:53.616000-0,EXCP,2,process=rphost,p:processName=bi_bk3wk1_prod_01,OSThread=7308,t:clientID=4923,t:applicationName=BackgroundJob,t:computerName=DC2BUHAPP11,t:connectID=10716,SessionID=13482,Usr=Есжанова Нургуль Муратовна,Exception=SeanceContextException,Descr='Сеанс отсутствует или удален
ID=9b6630e7-b416-4156-aa43-2790173aae71, File=d:\jenkins\ci_builder2\windowsbuild2\platform\src\rserver\src\rmngrcalls.cpp(364)'
50:53.647033-0,EXCP,3,process=rphost,p:processName=bi_bk3wk1_prod_01,OSThread=444,t:clientID=4924,t:applicationName=BackgroundJob,t:computerName=DC2BUHAPP11,t:connectID=10717,SessionID=13483,Usr=Есжанова Нургуль Муратовна,Exception=SeanceContextException,Descr='Сеанс отсутствует или удален
ID=c2d35fab-859f-47db-af70-4b07ae90c5ac, File=d:\jenkins\ci_builder2\windowsbuild2\platform\src\rserver\src\clusterdistribimpl.cpp(1439)'
50:53.647035-0,EXCP,2,process=rphost,p:processName=bi_bk3wk1_prod_01,OSThread=444,t:clientID=4924,t:applicationName=BackgroundJob,t:computerName=DC2BUHAPP11,t:connectID=10717,SessionID=13483,Usr=Есжанова Нургуль Муратовна,Exception=60c686dc-798f-4d17-aadb-a90156a16eb8,Descr='src\rserver\src\rmngrcalls.cpp(476):
60c686dc-798f-4d17-aadb-a90156a16eb8: Сеанс отсутствует или удален
ID=c2d35fab-859f-47db-af70-4b07ae90c5ac, File=d:\jenkins\ci_builder2\windowsbuild2\platform\src\rserver\src\clusterdistribimpl.cpp(1439)'
50:53.850000-0,EXCP,2,process=rphost,p:processName=bi_bk3wk1_prod_01,OSThread=444,t:clientID=4924,t:applicationName=BackgroundJob,t:computerName=DC2BUHAPP11,t:connectID=10717,SessionID=13483,Usr=Есжанова Нургуль Муратовна,Exception=SeanceContextException,Descr='Сеанс отсутствует или удален
ID=c2d35fab-859f-47db-af70-4b07ae90c5ac, File=d:\jenkins\ci_builder2\windowsbuild2\platform\src\rserver\src\rmngrcalls.cpp(364)'
50:53.850001-0,EXCP,2,process=rphost,p:processName=bi_bk3wk1_prod_01,OSThread=444,t:clientID=4924,t:applicationName=BackgroundJob,t:computerName=DC2BUHAPP11,t:connectID=10717,SessionID=13483,Usr=Есжанова Нургуль Муратовна,Exception=60c686dc-798f-4d17-aadb-a90156a16eb8,Descr='src\rserver\src\serverjobexecutor.cpp(1095):
60c686dc-798f-4d17-aadb-a90156a16eb8: Сеанс отсутствует или удален
ID=c2d35fab-859f-47db-af70-4b07ae90c5ac, File=d:\jenkins\ci_builder2\windowsbuild2\platform\src\rserver\src\rmngrcalls.cpp(364)'
50:53.850003-0,EXCP,3,process=rphost,p:processName=bi_bk3wk1_prod_01,OSThread=444,t:clientID=4924,t:applicationName=BackgroundJob,t:computerName=DC2BUHAPP11,t:connectID=10717,SessionID=13483,Usr=Есжанова Нургуль Муратовна,Exception=SeanceContextException,Descr='Сеанс отсутствует или удален
ID=c2d35fab-859f-47db-af70-4b07ae90c5ac, File=d:\jenkins\ci_builder2\windowsbuild2\platform\src\rserver\src\clusterdistribimpl.cpp(1439)'
50:53.850005-0,EXCP,2,process=rphost,p:processName=bi_bk3wk1_prod_01,OSThread=444,t:clientID=4924,t:applicationName=BackgroundJob,t:computerName=DC2BUHAPP11,t:connectID=10717,SessionID=13483,Usr=Есжанова Нургуль Муратовна,Exception=60c686dc-798f-4d17-aadb-a90156a16eb8,Descr='src\rserver\src\rmngrcalls.cpp(476):
60c686dc-798f-4d17-aadb-a90156a16eb8: Сеанс отсутствует или удален
ID=c2d35fab-859f-47db-af70-4b07ae90c5ac, File=d:\jenkins\ci_builder2\windowsbuild2\platform\src\rserver\src\clusterdistribimpl.cpp(1439)'
50:53.928030-0,ADMIN,2,process=rphost,p:processName=ServerJobExecutorContext,OSThread=4432,t:clientID=4910,t:applicationName=JobScheduler,t:computerName=DC2BUHAPP11,Func=killClient,ClusterID=8aa94e2b-5d54-4b86-800b-79353ce39638,ConnectionID=4b50fc68-fa0f-47ef-a96d-4b2914860b2c,Mode=0,Ref=bi_bk3wk1_prod_01(bi_bk3wk1_prod_01),Host=DC2BUHAPP11,Connection=10718,Administrator=Unknown,Result=Success
50:54.038002-0,EXCP,3,process=rphost,p:processName=bi_bk3wk1_prod_01,OSThread=6692,t:clientID=4925,t:applicationName=BackgroundJob,t:computerName=DC2BUHAPP11,t:connectID=10718,SessionID=13484,Usr=Есжанова Нургуль Муратовна,Exception=SeanceContextException,Descr='Сеанс отсутствует или удален
ID=d92415c3-fa51-4d39-985b-ef7334e07656, File=d:\jenkins\ci_builder2\windowsbuild2\platform\src\rserver\src\clusterdistribimpl.cpp(1439)'
50:54.038004-0,EXCP,2,process=rphost,p:processName=bi_bk3wk1_prod_01,OSThread=6692,t:clientID=4925,t:applicationName=BackgroundJob,t:computerName=DC2BUHAPP11,t:connectID=10718,SessionID=13484,Usr=Есжанова Нургуль Муратовна,Exception=60c686dc-798f-4d17-aadb-a90156a16eb8,Descr='src\rserver\src\rmngrcalls.cpp(476):
60c686dc-798f-4d17-aadb-a90156a16eb8: Сеанс отсутствует или удален
ID=d92415c3-fa51-4d39-985b-ef7334e07656, File=d:\jenkins\ci_builder2\windowsbuild2\platform\src\rserver\src\clusterdistribimpl.cpp(1439)'
50:54.053000-0,EXCP,2,process=rphost,p:processName=bi_bk3wk1_prod_01,OSThread=444,t:clientID=4924,t:applicationName=BackgroundJob,t:computerName=DC2BUHAPP11,t:connectID=10717,SessionID=13483,Usr=Есжанова Нургуль Муратовна,Exception=SeanceContextException,Descr='Сеанс отсутствует или удален
ID=c2d35fab-859f-47db-af70-4b07ae90c5ac, File=d:\jenkins\ci_builder2\windowsbuild2\platform\src\rserver\src\rmngrcalls.cpp(364)'
50:54.241000-0,EXCP,2,process=rphost,p:processName=bi_bk3wk1_prod_01,OSThread=6692,t:clientID=4925,t:applicationName=BackgroundJob,t:computerName=DC2BUHAPP11,t:connectID=10718,SessionID=13484,Usr=Есжанова Нургуль Муратовна,Exception=SeanceContextException,Descr='Сеанс отсутствует или удален
ID=d92415c3-fa51-4d39-985b-ef7334e07656, File=d:\jenkins\ci_builder2\windowsbuild2\platform\src\rserver\src\rmngrcalls.cpp(364)'
50:54.241001-0,EXCP,2,process=rphost,p:processName=bi_bk3wk1_prod_01,OSThread=6692,t:clientID=4925,t:applicationName=BackgroundJob,t:computerName=DC2BUHAPP11,t:connectID=10718,SessionID=13484,Usr=Есжанова Нургуль Муратовна,Exception=60c686dc-798f-4d17-aadb-a90156a16eb8,Descr='src\rserver\src\serverjobexecutor.cpp(1095):
60c686dc-798f-4d17-aadb-a90156a16eb8: Сеанс отсутствует или удален
ID=d92415c3-fa51-4d39-985b-ef7334e07656, File=d:\jenkins\ci_builder2\windowsbuild2\platform\src\rserver\src\rmngrcalls.cpp(364)'
50:54.241003-0,EXCP,3,process=rphost,p:processName=bi_bk3wk1_prod_01,OSThread=6692,t:clientID=4925,t:applicationName=BackgroundJob,t:computerName=DC2BUHAPP11,t:connectID=10718,SessionID=13484,Usr=Есжанова Нургуль Муратовна,Exception=SeanceContextException,Descr='Сеанс отсутствует или удален
ID=d92415c3-fa51-4d39-985b-ef7334e07656, File=d:\jenkins\ci_builder2\windowsbuild2\platform\src\rserver\src\clusterdistribimpl.cpp(1439)'
50:54.241005-0,EXCP,2,process=rphost,p:processName=bi_bk3wk1_prod_01,OSThread=6692,t:clientID=4925,t:applicationName=BackgroundJob,t:computerName=DC2BUHAPP11,t:connectID=10718,SessionID=13484,Usr=Есжанова Нургуль Муратовна,Exception=60c686dc-798f-4d17-aadb-a90156a16eb8,Descr='src\rserver\src\rmngrcalls.cpp(476):
60c686dc-798f-4d17-aadb-a90156a16eb8: Сеанс отсутствует или удален
ID=d92415c3-fa51-4d39-985b-ef7334e07656, File=d:\jenkins\ci_builder2\windowsbuild2\platform\src\rserver\src\clusterdistribimpl.cpp(1439)'
50:54.428006-0,EXCP,2,process=rphost,p:processName=bi_bk3wk1_prod_01,OSThread=6692,t:clientID=4925,t:applicationName=BackgroundJob,t:computerName=DC2BUHAPP11,t:connectID=10718,SessionID=13484,Usr=Есжанова Нургуль Муратовна,Exception=SeanceContextException,Descr='Сеанс отсутствует или удален
ID=d92415c3-fa51-4d39-985b-ef7334e07656, File=d:\jenkins\ci_builder2\windowsbuild2\platform\src\rserver\src\rmngrcalls.cpp(364)'
51:03.397001-0,EXCP,0,process=rphost,OSThread=5160,ClientID=4909,Exception=NetDataExchangeException,Descr='server_addr=(2)10.224.32.15:57318 descr=2(0x00000002): Не удается найти указанный файл.  line=1149 file=d:\jenkins\ci_builder2\windowsbuild2\platform\src\rtrsrvc\src\dataexchangeserverimpl.cpp'
51:03.397002-0,EXCPCNTX,0,ClientComputerName=,ServerComputerName=,UserName=,ConnectString=
51:03.663000-0,EXCP,0,process=rphost,OSThread=8024,ClientID=4927,Exception=NetDataExchangeException,Descr='server_addr=(2)10.224.32.15:57338 descr=2(0x00000002): Не удается найти указанный файл.  line=1149 file=d:\jenkins\ci_builder2\windowsbuild2\platform\src\rtrsrvc\src\dataexchangeserverimpl.cpp'
51:03.663001-0,EXCPCNTX,0,ClientComputerName=,ServerComputerName=,UserName=,ConnectString=
53:24.262001-0,EXCP,0,process=rphost,OSThread=7540,ClientID=4494,Exception=NetDataExchangeException,Descr='server_addr=(2)10.224.32.203:56838 descr=10054(0x00002746): Удаленный хост принудительно разорвал существующее подключение.  line=1149 file=d:\jenkins\ci_builder2\windowsbuild2\platform\src\rtrsrvc\src\dataexchangeserverimpl.cpp'
53:24.262000-0,EXCP,0,process=rphost,OSThread=4408,ClientID=4493,Exception=NetDataExchangeException,Descr='server_addr=(2)10.224.32.203:56833 descr=10054(0x00002746): Удаленный хост принудительно разорвал существующее подключение.  line=2273 file=d:\jenkins\ci_builder2\windowsbuild2\platform\src\rtrsrvc\src\dataexchangeserverimpl.cpp'
53:24.262002-0,EXCPCNTX,0,ClientComputerName=,ServerComputerName=,UserName=,ConnectString=
53:24.262003-0,EXCPCNTX,0,ClientComputerName=,ServerComputerName=,UserName=,ConnectString=
55:52.562000-0,EXCP,0,process=rphost,OSThread=7540,ClientID=4921,Exception=NetDataExchangeException,Descr='server_addr=(2)10.225.32.15:64707 descr=2(0x00000002): Не удается найти указанный файл.  line=1149 file=d:\jenkins\ci_builder2\windowsbuild2\platform\src\rtrsrvc\src\dataexchangeserverimpl.cpp'
55:52.562001-0,EXCPCNTX,0,ClientComputerName=,ServerComputerName=,UserName=,ConnectString=
57:44.268001-0,EXCP,0,process=rphost,OSThread=8024,ClientID=4157,Exception=NetDataExchangeException,Descr='server_addr=(2)10.224.32.217:65323 descr=10054(0x00002746): Удаленный хост принудительно разорвал существующее подключение.  line=1149 file=d:\jenkins\ci_builder2\windowsbuild2\platform\src\rtrsrvc\src\dataexchangeserverimpl.cpp'
57:44.268000-0,EXCP,0,process=rphost,OSThread=8656,ClientID=4153,Exception=NetDataExchangeException,Descr='server_addr=(2)10.224.32.217:65308 descr=10054(0x00002746): Удаленный хост принудительно разорвал существующее подключение.  line=2273 file=d:\jenkins\ci_builder2\windowsbuild2\platform\src\rtrsrvc\src\dataexchangeserverimpl.cpp'
57:44.268002-0,EXCPCNTX,0,ClientComputerName=,ServerComputerName=,UserName=,ConnectString=
57:44.268003-0,EXCPCNTX,0,ClientComputerName=,ServerComputerName=,UserName=,ConnectString=
59:12.866012-0,ADMIN,2,process=rphost,p:processName=ServerJobExecutorContext,OSThread=3680,t:clientID=4935,t:applicationName=JobScheduler,t:computerName=DC2BUHAPP11,Func=killClient,ClusterID=8aa94e2b-5d54-4b86-800b-79353ce39638,ConnectionID=ac79d7c2-83fd-4d74-bb8d-827b504ca563,Mode=0,Ref=bi_bk3wk1_prod_01(bi_bk3wk1_prod_01),Host=DC2BUHAPP11,Connection=10746,Administrator=Unknown,Result=Success
59:12.975036-0,EXCP,3,process=rphost,p:processName=bi_bk3wk1_prod_01,OSThread=4408,t:clientID=4956,t:applicationName=BackgroundJob,t:computerName=DC2BUHAPP11,t:connectID=10746,SessionID=13515,Usr=Есжанова Нургуль Муратовна,Exception=SeanceContextException,Descr='Сеанс отсутствует или удален
ID=1ccc59ab-a1e4-48ff-902f-533458b63704, File=d:\jenkins\ci_builder2\windowsbuild2\platform\src\rserver\src\clusterdistribimpl.cpp(1439)'
59:12.975038-0,EXCP,2,process=rphost,p:processName=bi_bk3wk1_prod_01,OSThread=4408,t:clientID=4956,t:applicationName=BackgroundJob,t:computerName=DC2BUHAPP11,t:connectID=10746,SessionID=13515,Usr=Есжанова Нургуль Муратовна,Exception=60c686dc-798f-4d17-aadb-a90156a16eb8,Descr='src\rserver\src\rmngrcalls.cpp(476):
60c686dc-798f-4d17-aadb-a90156a16eb8: Сеанс отсутствует или удален
ID=1ccc59ab-a1e4-48ff-902f-533458b63704, File=d:\jenkins\ci_builder2\windowsbuild2\platform\src\rserver\src\clusterdistribimpl.cpp(1439)'
59:13.100006-0,EXCP,2,process=rphost,p:processName=bi_bk3wk1_prod_01,OSThread=4408,t:clientID=4956,t:applicationName=BackgroundJob,t:computerName=DC2BUHAPP11,t:connectID=10746,SessionID=13515,Usr=Есжанова Нургуль Муратовна,Exception=SeanceContextException,Descr='Сеанс отсутствует или удален
ID=1ccc59ab-a1e4-48ff-902f-533458b63704, File=d:\jenkins\ci_builder2\windowsbuild2\platform\src\rserver\src\rmngrcalls.cpp(364)'
59:13.100007-0,EXCP,2,process=rphost,p:processName=bi_bk3wk1_prod_01,OSThread=4408,t:clientID=4956,t:applicationName=BackgroundJob,t:computerName=DC2BUHAPP11,t:connectID=10746,SessionID=13515,Usr=Есжанова Нургуль Муратовна,Exception=60c686dc-798f-4d17-aadb-a90156a16eb8,Descr='src\rserver\src\serverjobexecutor.cpp(1095):
60c686dc-798f-4d17-aadb-a90156a16eb8: Сеанс отсутствует или удален
ID=1ccc59ab-a1e4-48ff-902f-533458b63704, File=d:\jenkins\ci_builder2\windowsbuild2\platform\src\rserver\src\rmngrcalls.cpp(364)'
59:13.100013-0,EXCP,3,process=rphost,p:processName=bi_bk3wk1_prod_01,OSThread=4408,t:clientID=4956,t:applicationName=BackgroundJob,t:computerName=DC2BUHAPP11,t:connectID=10746,SessionID=13515,Usr=Есжанова Нургуль Муратовна,Exception=SeanceContextException,Descr='Сеанс отсутствует или удален
ID=1ccc59ab-a1e4-48ff-902f-533458b63704, File=d:\jenkins\ci_builder2\windowsbuild2\platform\src\rserver\src\clusterdistribimpl.cpp(1439)'
59:13.100016-0,EXCP,2,process=rphost,p:processName=bi_bk3wk1_prod_01,OSThread=4408,t:clientID=4956,t:applicationName=BackgroundJob,t:computerName=DC2BUHAPP11,t:connectID=10746,SessionID=13515,Usr=Есжанова Нургуль Муратовна,Exception=60c686dc-798f-4d17-aadb-a90156a16eb8,Descr='src\rserver\src\rmngrcalls.cpp(476):
60c686dc-798f-4d17-aadb-a90156a16eb8: Сеанс отсутствует или удален
ID=1ccc59ab-a1e4-48ff-902f-533458b63704, File=d:\jenkins\ci_builder2\windowsbuild2\platform\src\rserver\src\clusterdistribimpl.cpp(1439)'
59:13.303000-0,EXCP,2,process=rphost,p:processName=bi_bk3wk1_prod_01,OSThread=4408,t:clientID=4956,t:applicationName=BackgroundJob,t:computerName=DC2BUHAPP11,t:connectID=10746,SessionID=13515,Usr=Есжанова Нургуль Муратовна,Exception=SeanceContextException,Descr='Сеанс отсутствует или удален
ID=1ccc59ab-a1e4-48ff-902f-533458b63704, File=d:\jenkins\ci_builder2\windowsbuild2\platform\src\rserver\src\rmngrcalls.cpp(364)'
59:24.006000-0,EXCP,0,process=rphost,OSThread=6416,ClientID=4938,Exception=NetDataExchangeException,Descr='server_addr=(2)10.225.32.15:64733 descr=2(0x00000002): Не удается найти указанный файл.  line=1149 file=d:\jenkins\ci_builder2\windowsbuild2\platform\src\rtrsrvc\src\dataexchangeserverimpl.cpp'
59:24.006001-0,EXCPCNTX,0,ClientComputerName=,ServerComputerName=,UserName=,ConnectString=
59:24.100000-0,EXCP,0,process=rphost,OSThread=6416,ClientID=4928,Exception=NetDataExchangeException,Descr='server_addr=(2)10.224.32.15:57353 descr=2(0x00000002): Не удается найти указанный файл.  line=1149 file=d:\jenkins\ci_builder2\windowsbuild2\platform\src\rtrsrvc\src\dataexchangeserverimpl.cpp'
59:24.100001-0,EXCPCNTX,0,ClientComputerName=,ServerComputerName=,UserName=,ConnectString=
59:24.116000-0,EXCP,0,process=rphost,OSThread=6416,ClientID=4963,Exception=NetDataExchangeException,Descr='server_addr=(2)10.225.32.15:64764 descr=2(0x00000002): Не удается найти указанный файл.  line=1149 file=d:\jenkins\ci_builder2\windowsbuild2\platform\src\rtrsrvc\src\dataexchangeserverimpl.cpp'
59:24.116001-0,EXCPCNTX,0,ClientComputerName=,ServerComputerName=,UserName=,ConnectString=
59:24.209000-0,EXCP,0,process=rphost,OSThread=6416,ClientID=4965,Exception=NetDataExchangeException,Descr='server_addr=(2)10.225.32.15:64779 descr=2(0x00000002): Не удается найти указанный файл.  line=1149 file=d:\jenkins\ci_builder2\windowsbuild2\platform\src\rtrsrvc\src\dataexchangeserverimpl.cpp'
59:24.209001-0,EXCPCNTX,0,ClientComputerName=,ServerComputerName=,UserName=,ConnectString=
59:24.319000-0,EXCP,0,process=rphost,OSThread=6416,ClientID=4964,Exception=NetDataExchangeException,Descr='server_addr=(2)10.224.32.15:57371 descr=2(0x00000002): Не удается найти указанный файл.  line=1149 file=d:\jenkins\ci_builder2\windowsbuild2\platform\src\rtrsrvc\src\dataexchangeserverimpl.cpp'
59:24.319001-0,EXCPCNTX,0,ClientComputerName=,ServerComputerName=,UserName=,ConnectString=
59:24.366014-0,EXCP,0,process=rphost,OSThread=6416,ClientID=4966,Exception=NetDataExchangeException,Descr='server_addr=(2)10.225.32.15:64795 descr=2(0x00000002): Не удается найти указанный файл.  line=1149 file=d:\jenkins\ci_builder2\windowsbuild2\platform\src\rtrsrvc\src\dataexchangeserverimpl.cpp'
59:24.366015-0,EXCPCNTX,0,ClientComputerName=,ServerComputerName=,UserName=,ConnectString=
59:25.819007-0,EXCP,0,process=rphost,OSThread=5300,ClientID=4968,Exception=NetDataExchangeException,Descr='server_addr=(2)10.224.32.15:57387 descr=2(0x00000002): Не удается найти указанный файл.  line=1149 file=d:\jenkins\ci_builder2\windowsbuild2\platform\src\rtrsrvc\src\dataexchangeserverimpl.cpp'
59:25.819008-0,EXCPCNTX,0,ClientComputerName=,ServerComputerName=,UserName=,ConnectString=
59:26.038000-0,EXCP,0,process=rphost,OSThread=1244,ClientID=4970,Exception=NetDataExchangeException,Descr='server_addr=(2)10.224.32.15:57400 descr=2(0x00000002): Не удается найти указанный файл.  line=1149 file=d:\jenkins\ci_builder2\windowsbuild2\platform\src\rtrsrvc\src\dataexchangeserverimpl.cpp'
59:26.038001-0,EXCPCNTX,0,ClientComputerName=,ServerComputerName=,UserName=,ConnectString=
