15:46.373004-0,EXCP,2,process=rphost,p:processName=bi_bk3wk1_prod_01,p:processName=bi_bk3wk1_prod_01ca805ab9-7475-4f69-bd33-13aa9bb681a3,OSThread=9768,t:clientID=38,t:applicationName=1CV8C,t:computerName=DC2RDSH26,Exception=SeanceContextException,Descr='Сеанс отсутствует или удален
ID=5cc76dfc-c91d-4e72-b361-d9703a9e3236, File=d:\jenkins\ci_builder2\windowsbuild2\platform\src\rserver\src\clusterdistribimpl.cpp(1439)'
15:46.373005-0,EXCP,2,process=rphost,p:processName=bi_bk3wk1_prod_01,p:processName=bi_bk3wk1_prod_01ca805ab9-7475-4f69-bd33-13aa9bb681a3,OSThread=9768,t:clientID=38,t:applicationName=1CV8C,t:computerName=DC2RDSH26,Exception=580392e6-ba49-4280-ac67-fcd6f2180121,Descr='src\vrsbase\src\vresourceinfobaseimpl.cpp(1058):
580392e6-ba49-4280-ac67-fcd6f2180121: Ошибка работы сеанса
Ошибка при выполнении запроса POST к ресурсу /e1cib/modules/call:
60c686dc-798f-4d17-aadb-a90156a16eb8: Сеанс отсутствует или удален
ID=5cc76dfc-c91d-4e72-b361-d9703a9e3236, File=d:\jenkins\ci_builder2\windowsbuild2\platform\src\rserver\src\clusterdistribimpl.cpp(1439)'
15:51.373001-0,EXCP,0,process=rphost,OSThread=3896,ClientID=38,Exception=NetDataExchangeException,Descr='server_addr=(2)10.224.32.217:53141 descr=10054(0x00002746): Удаленный хост принудительно разорвал существующее подключение.  line=1149 file=d:\jenkins\ci_builder2\windowsbuild2\platform\src\rtrsrvc\src\dataexchangeserverimpl.cpp'
15:51.373002-0,EXCPCNTX,0,ClientComputerName=,ServerComputerName=,UserName=,ConnectString=
15:51.373012-0,EXCP,0,process=rphost,OSThread=3896,ClientID=45,Exception=NetDataExchangeException,Descr='server_addr=(2)10.224.32.217:53144 descr=10054(0x00002746): Удаленный хост принудительно разорвал существующее подключение.  line=1149 file=d:\jenkins\ci_builder2\windowsbuild2\platform\src\rtrsrvc\src\dataexchangeserverimpl.cpp'
15:51.373013-0,EXCPCNTX,0,ClientComputerName=,ServerComputerName=,UserName=,ConnectString=
15:51.811012-0,EXCP,1,process=rphost,OSThread=7284,Exception=acea3e6e-3687-4792-8319-09c009274c9a,Descr='src\rserver\src\rhostimpl.cpp(5997):
acea3e6e-3687-4792-8319-09c009274c9a: Рабочий процесс не найден'
15:52.108000-0,PROC,0,process=rphost,OSThread=2484,Txt='Process terminated.
Stopped on error (working)'
15:52.811000-0,PROC,0,process=rphost,OSThread=3264,Txt='Process terminated.
Stopped on error (working)'
15:52.811014-0,EXCP,1,process=rphost,OSThread=7284,Exception=acea3e6e-3687-4792-8319-09c009274c9a,Descr='src\rserver\src\rhostimpl.cpp(5997):
acea3e6e-3687-4792-8319-09c009274c9a: Рабочий процесс не найден'
15:52.858001-0,EXCP,3,process=rphost,OSThread=3284,Exception=96380a22-60f7-4a8b-8fca-1224e6bc518f,Descr='src\rserver\src\rmngrcalls.cpp(951):
96380a22-60f7-4a8b-8fca-1224e6bc518f: OnFinishRpHost'
15:52.858004-0,EXCP,0,process=rphost,OSThread=9892,Exception=dd149677-3d47-4e05-a55f-4e75b13a441f,Descr='src\rtrsrvc\src\remoteinterfaceimpl.cpp(736):
dd149677-3d47-4e05-a55f-4e75b13a441f: Процесс завершается. Исходящий вызов запрещен.'
15:52.858005-0,EXCP,0,process=rphost,OSThread=9892,Exception=dd149677-3d47-4e05-a55f-4e75b13a441f,Descr='src\rserver\src\rmngrcalls.cpp(543):
dd149677-3d47-4e05-a55f-4e75b13a441f: Процесс завершается. Исходящий вызов запрещен.'
15:52.858006-0,EXCP,0,process=rphost,OSThread=9892,Exception=dd149677-3d47-4e05-a55f-4e75b13a441f,Descr='src\rtrsrvc\src\remoteinterfaceimpl.cpp(736):
dd149677-3d47-4e05-a55f-4e75b13a441f: Процесс завершается. Исходящий вызов запрещен.'
15:52.858007-0,EXCP,0,process=rphost,OSThread=9892,Exception=dd149677-3d47-4e05-a55f-4e75b13a441f,Descr='src\rtrsrvc\src\remoteinterfaceimpl.cpp(736):
dd149677-3d47-4e05-a55f-4e75b13a441f: Процесс завершается. Исходящий вызов запрещен.'
15:53.061000-0,EXCP,0,process=rphost,OSThread=9892,Exception=dd149677-3d47-4e05-a55f-4e75b13a441f,Descr='src\rtrsrvc\src\remoteinterfaceimpl.cpp(736):
dd149677-3d47-4e05-a55f-4e75b13a441f: Процесс завершается. Исходящий вызов запрещен.'
15:53.061001-0,EXCP,0,process=rphost,OSThread=9892,Exception=dd149677-3d47-4e05-a55f-4e75b13a441f,Descr='src\rserver\src\rmngrcalls.cpp(543):
dd149677-3d47-4e05-a55f-4e75b13a441f: Процесс завершается. Исходящий вызов запрещен.'
15:53.061002-0,EXCP,0,process=rphost,OSThread=9892,Exception=dd149677-3d47-4e05-a55f-4e75b13a441f,Descr='src\rtrsrvc\src\remoteinterfaceimpl.cpp(736):
dd149677-3d47-4e05-a55f-4e75b13a441f: Процесс завершается. Исходящий вызов запрещен.'
15:53.061003-0,EXCP,0,process=rphost,OSThread=9892,Exception=dd149677-3d47-4e05-a55f-4e75b13a441f,Descr='src\rtrsrvc\src\remoteinterfaceimpl.cpp(736):
dd149677-3d47-4e05-a55f-4e75b13a441f: Процесс завершается. Исходящий вызов запрещен.'
15:53.061004-0,EXCP,0,process=rphost,OSThread=9892,Exception=dd149677-3d47-4e05-a55f-4e75b13a441f,Descr='src\rtrsrvc\src\remoteinterfaceimpl.cpp(736):
dd149677-3d47-4e05-a55f-4e75b13a441f: Процесс завершается. Исходящий вызов запрещен.'
15:53.061009-0,EXCP,0,process=rphost,OSThread=9892,Exception=dd149677-3d47-4e05-a55f-4e75b13a441f,Descr='src\rserver\src\rmngrcalls.cpp(586):
dd149677-3d47-4e05-a55f-4e75b13a441f: Процесс завершается. Исходящий вызов запрещен.'
15:53.061010-0,EXCP,0,process=rphost,OSThread=9892,Exception=dd149677-3d47-4e05-a55f-4e75b13a441f,Descr='src\rserver\src\rhostimpl.cpp(6261):
dd149677-3d47-4e05-a55f-4e75b13a441f: Процесс завершается. Исходящий вызов запрещен.'
15:53.061011-0,EXCP,0,process=rphost,OSThread=9892,Exception=dd149677-3d47-4e05-a55f-4e75b13a441f,Descr='src\rserver\src\rmngrcalls.cpp(739):
dd149677-3d47-4e05-a55f-4e75b13a441f: Процесс завершается. Исходящий вызов запрещен.'
15:53.061012-0,EXCP,0,process=rphost,OSThread=9892,Exception=dd149677-3d47-4e05-a55f-4e75b13a441f,Descr='src\rserver\src\rmngrcalls.cpp(739):
dd149677-3d47-4e05-a55f-4e75b13a441f: Процесс завершается. Исходящий вызов запрещен.'
15:53.061013-0,EXCP,0,process=rphost,OSThread=9892,Exception=96380a22-60f7-4a8b-8fca-1224e6bc518f,Descr='src\rserver\src\rmngrcalls.cpp(951):
96380a22-60f7-4a8b-8fca-1224e6bc518f: onFinishConnection'
15:53.061014-0,EXCP,0,process=rphost,OSThread=9892,Exception=dd149677-3d47-4e05-a55f-4e75b13a441f,Descr='src\rserver\src\rmngrcalls.cpp(586):
dd149677-3d47-4e05-a55f-4e75b13a441f: Процесс завершается. Исходящий вызов запрещен.'
15:53.264000-0,EXCP,0,process=rphost,OSThread=9892,Exception=dd149677-3d47-4e05-a55f-4e75b13a441f,Descr='src\rserver\src\rmngrcalls.cpp(586):
dd149677-3d47-4e05-a55f-4e75b13a441f: Процесс завершается. Исходящий вызов запрещен.'
15:53.264001-0,EXCP,0,process=rphost,OSThread=9892,Exception=dd149677-3d47-4e05-a55f-4e75b13a441f,Descr='src\rserver\src\rhostimpl.cpp(6261):
dd149677-3d47-4e05-a55f-4e75b13a441f: Процесс завершается. Исходящий вызов запрещен.'
15:53.264002-0,EXCP,0,process=rphost,OSThread=9892,Exception=dd149677-3d47-4e05-a55f-4e75b13a441f,Descr='src\rserver\src\rmngrcalls.cpp(739):
dd149677-3d47-4e05-a55f-4e75b13a441f: Процесс завершается. Исходящий вызов запрещен.'
15:53.264003-0,EXCP,0,process=rphost,OSThread=9892,Exception=dd149677-3d47-4e05-a55f-4e75b13a441f,Descr='src\rserver\src\rmngrcalls.cpp(739):
dd149677-3d47-4e05-a55f-4e75b13a441f: Процесс завершается. Исходящий вызов запрещен.'
15:53.264004-0,EXCP,0,process=rphost,OSThread=9892,Exception=96380a22-60f7-4a8b-8fca-1224e6bc518f,Descr='src\rserver\src\rmngrcalls.cpp(951):
96380a22-60f7-4a8b-8fca-1224e6bc518f: onFinishConnection'
15:55.202000-0,PROC,1,process=rphost,OSThread=3284,Err=0,Txt=1C:Enterprise 8.3 (x86-64) (8.3.14.1694) Working Process finished.
