00:04.683000-0,PROC,0,process=rphost,OSThread=7680,Txt='Process terminated.
Stop signal received (ragent)'
00:05.245000-0,PROC,0,process=rphost,OSThread=7180,Txt='Process terminated.
Stop signal received (ragent)'
00:05.464000-0,EXCP,1,process=rphost,OSThread=7824,ClientID=10528,Exception=NetDataExchangeException,Descr=' server_addr=tcp://DC2BUHAPP11:2541 descr=recv returns zero, disconnected line=1587 file=d:\jenkins\ci_builder2\windowsbuild2\platform\src\rtrsrvc\src\dataexchangetcpclientimpl.cpp'
00:05.464001-0,EXCPCNTX,0,ClientComputerName=,ServerComputerName=,UserName=,ConnectString=
00:05.464002-218999,EXCPCNTX,0,SrcName=SCALL,process=rphost,OSThread=7824,ClientID=10528,Interface=64016dc5-c439-49fa-8a71-c3cb708e243b,IName=IClusterLocks,Method=3,CallID=3878861,MName=getDynDataList
00:05.464004-0,EXCP,0,process=rphost,OSThread=7824,ClientID=10528,Exception=NetDataExchangeException,Descr=' server_addr=tcp://DC2BUHAPP11:2541 descr=recv returns zero, disconnected line=1587 file=d:\jenkins\ci_builder2\windowsbuild2\platform\src\rtrsrvc\src\dataexchangetcpclientimpl.cpp'
00:05.464005-0,EXCPCNTX,0,ClientComputerName=,ServerComputerName=,UserName=,ConnectString=
00:05.464006-0,EXCP,0,process=rphost,OSThread=7824,Exception=81029657-3fe6-4cd6-80c0-36de78fe6657,Descr='src\rtrsrvc\src\remoteinterfaceimpl.cpp(825):
81029657-3fe6-4cd6-80c0-36de78fe6657:  server_addr=tcp://DC2BUHAPP11:2541 descr=recv returns zero, disconnected line=1587 file=d:\jenkins\ci_builder2\windowsbuild2\platform\src\rtrsrvc\src\dataexchangetcpclientimpl.cpp'
00:05.464009-0,EXCP,0,process=rphost,OSThread=7824,Exception=81029657-3fe6-4cd6-80c0-36de78fe6657,Descr='src\rserver\src\rmngrcalls.cpp(543):
81029657-3fe6-4cd6-80c0-36de78fe6657:  server_addr=tcp://DC2BUHAPP11:2541 descr=recv returns zero, disconnected line=1587 file=d:\jenkins\ci_builder2\windowsbuild2\platform\src\rtrsrvc\src\dataexchangetcpclientimpl.cpp'
00:05.573007-0,EXCP,5,process=rphost,p:processName=bi_bk3wk1_prod_01,OSThread=9604,t:clientID=10967,t:applicationName=BackgroundJob,t:computerName=DC2BUHAPP11,t:connectID=4835,SessionID=2271,Usr=DefUser,DBMS=DBMSSQL,DataBase=DC1BUHDB01\bi_bk3wk1_prod_01,ClientID=10843,Exception=NetDataExchangeException,Descr=' server_addr=tcp://DC2BUHAPP11:2541 descr=10054(0x00002746): Удаленный хост принудительно разорвал существующее подключение.  line=1452 file=d:\jenkins\ci_builder2\windowsbuild2\platform\src\rtrsrvc\src\dataexchangetcpclientimpl.cpp
server_addr=tcp://DC2BUHAPP11:2541 descr=10054(0x00002746): Удаленный хост принудительно разорвал существующее подключение.  line=1982 file=d:\jenkins\ci_builder2\windowsbuild2\platform\src\rtrsrvc\src\dataexchangetcpclientimpl.cpp',Context='
ОбщийМодуль.ПолнотекстовыйПоискСервер.Модуль : 161 : СлияниеИндексаППД();
	ОбщийМодуль.ПолнотекстовыйПоискСервер.Модуль : 13 : ОбновитьИндекс(НСтр("ru = ''Слияние индекса ППД''"), Истина);
		ОбщийМодуль.ПолнотекстовыйПоискСервер.Модуль : 461 : ПолнотекстовыйПоиск.ОбновитьИндекс(РазрешитьСлияние, Порциями);'
00:05.573008-0,EXCPCNTX,0,ClientComputerName=DC2BUHAPP11,ServerComputerName=DC2BUHAPP11,UserName=DefUser,ConnectString='Srvr="DC2BUHAPP11:2541";Ref="bi_bk3wk1_prod_01";',Context='
ОбщийМодуль.ПолнотекстовыйПоискСервер.Модуль : 161 : СлияниеИндексаППД();
	ОбщийМодуль.ПолнотекстовыйПоискСервер.Модуль : 13 : ОбновитьИндекс(НСтр("ru = ''Слияние индекса ППД''"), Истина);
		ОбщийМодуль.ПолнотекстовыйПоискСервер.Модуль : 461 : ПолнотекстовыйПоиск.ОбновитьИндекс(РазрешитьСлияние, Порциями);'
00:05.573009-3,EXCPCNTX,4,SrcName=SCALL,process=rphost,p:processName=bi_bk3wk1_prod_01,OSThread=9604,t:clientID=10967,t:applicationName=BackgroundJob,t:computerName=DC2BUHAPP11,t:connectID=4835,SessionID=2271,Usr=DefUser,DBMS=DBMSSQL,DataBase=DC1BUHDB01\bi_bk3wk1_prod_01,ClientID=10843,Interface=b3711610-b248-42aa-a215-5d7150a5f7fd,IName=IClusterMiscUtils,Method=0,CallID=3878862,MName=isItTimeToGetLocks,Context='
ОбщийМодуль.ПолнотекстовыйПоискСервер.Модуль : 161 : СлияниеИндексаППД();
	ОбщийМодуль.ПолнотекстовыйПоискСервер.Модуль : 13 : ОбновитьИндекс(НСтр("ru = ''Слияние индекса ППД''"), Истина);
		ОбщийМодуль.ПолнотекстовыйПоискСервер.Модуль : 461 : ПолнотекстовыйПоиск.ОбновитьИндекс(РазрешитьСлияние, Порциями);'
00:05.573010-7,EXCPCNTX,3,SrcName=SDBL,process=rphost,p:processName=bi_bk3wk1_prod_01,OSThread=9604,t:clientID=10967,t:applicationName=BackgroundJob,t:computerName=DC2BUHAPP11,t:connectID=4835,SessionID=2271,Usr=DefUser,DBMS=DBMSSQL,DataBase=DC1BUHDB01\bi_bk3wk1_prod_01,Trans=0,Func=HoldConnection,Context='
ОбщийМодуль.ПолнотекстовыйПоискСервер.Модуль : 161 : СлияниеИндексаППД();
	ОбщийМодуль.ПолнотекстовыйПоискСервер.Модуль : 13 : ОбновитьИндекс(НСтр("ru = ''Слияние индекса ППД''"), Истина);
		ОбщийМодуль.ПолнотекстовыйПоискСервер.Модуль : 461 : ПолнотекстовыйПоиск.ОбновитьИндекс(РазрешитьСлияние, Порциями);'
00:05.573011-9,EXCPCNTX,2,SrcName=SDBL,process=rphost,p:processName=bi_bk3wk1_prod_01,OSThread=9604,t:clientID=10967,t:applicationName=BackgroundJob,t:computerName=DC2BUHAPP11,t:connectID=4835,SessionID=2271,Usr=DefUser,DBMS=DBMSSQL,DataBase=DC1BUHDB01\bi_bk3wk1_prod_01,Trans=0,Sdbl='SELECT ID, Version, Marked, Number, Date_Time, Posted, Fld1841, Fld1842, Fld1843, Fld1844, Fld1845, Fld1846, Fld1847, Fld1848, Fld1849, Fld1850, Fld1851, Fld1852, Fld1853, Fld16604, VT1854.(Fld1856, Fld1857, Fld1858, Fld1859, Fld1860, Fld1861, Fld1862, Fld1863) FROM Document276 WHERE ID IN (276:aaaa001dd8b71ef511ea7f436b2ffebb, 276:aaaa001dd8b71ef511ea7f436b2ffebc, 276:aaaa001dd8b71ef511ea7f436b2ffebd, 276:aaaa001dd8b71ef511ea7f436b2ffebe, 276:aaaa001dd8b71ef511ea7f436b2ffebf, 276:aaaa001dd8b71ef511ea7f436b2ffec0, 276:aaaa001dd8b71ef511ea7f436b2ffec1, 276:aaaa001dd8b71ef511ea7f436b2ffec2, 276:aaaa001dd8b71ef511ea7f43713963a8, 276:aaaa001dd8b71ef511ea7f43713963a9, 276:aaaa001dd8b71ef511ea7f43713963aa, 276:aaaa001dd8b71ef511ea7f43713963ab, 276:aaaa001dd8b71ef511ea7f43713963ac, 276:aaaa001dd8b71ef511ea7f43713963ad, 276:aaaa001dd8b71ef511ea7f43713963ae, 276:aaaa001dd8b71ef511ea7f43713963af, 276:aaaa001dd8b71ef511ea7f43713963b0, 276:aaaa001dd8b71ef511ea7f43713963b1, 276:aaaa001dd8b71ef511ea7f43713963b2, 276:aaaa001dd8b71ef511ea7f4377a1db7a, 276:aaaa001dd8b71ef511ea7f4377a1db7b, 276:aaaa001dd8b71ef511ea7f4377a1db7c) ORDER BY VT1854.LineNo1855',Context='
ОбщийМодуль.ПолнотекстовыйПоискСервер.Модуль : 161 : СлияниеИндексаППД();
	ОбщийМодуль.ПолнотекстовыйПоискСервер.Модуль : 13 : ОбновитьИндекс(НСтр("ru = ''Слияние индекса ППД''"), Истина);
		ОбщийМодуль.ПолнотекстовыйПоискСервер.Модуль : 461 : ПолнотекстовыйПоиск.ОбновитьИндекс(РазрешитьСлияние, Порциями);'
00:05.573012-4890009,EXCPCNTX,1,SrcName=CALL,process=rphost,OSThread=9604,t:clientID=10967,Usr=DefUser,SessionID=2271,p:processName=bi_bk3wk1_prod_01,Func=Background job,Module=ПолнотекстовыйПоискСервер,Method=СлияниеИндексаППДПоРасписанию,Context='
ОбщийМодуль.ПолнотекстовыйПоискСервер.Модуль : 161 : СлияниеИндексаППД();
	ОбщийМодуль.ПолнотекстовыйПоискСервер.Модуль : 13 : ОбновитьИндекс(НСтр("ru = ''Слияние индекса ППД''"), Истина);
		ОбщийМодуль.ПолнотекстовыйПоискСервер.Модуль : 461 : ПолнотекстовыйПоиск.ОбновитьИндекс(РазрешитьСлияние, Порциями);'
00:05.573013-4890011,EXCPCNTX,0,SrcName=CONN,process=rphost,OSThread=9604,t:clientID=10967,Context='
ОбщийМодуль.ПолнотекстовыйПоискСервер.Модуль : 161 : СлияниеИндексаППД();
	ОбщийМодуль.ПолнотекстовыйПоискСервер.Модуль : 13 : ОбновитьИндекс(НСтр("ru = ''Слияние индекса ППД''"), Истина);
		ОбщийМодуль.ПолнотекстовыйПоискСервер.Модуль : 461 : ПолнотекстовыйПоиск.ОбновитьИндекс(РазрешитьСлияние, Порциями);'
00:05.573015-0,EXCP,4,process=rphost,p:processName=bi_bk3wk1_prod_01,OSThread=9604,t:clientID=10967,t:applicationName=BackgroundJob,t:computerName=DC2BUHAPP11,t:connectID=4835,SessionID=2271,Usr=DefUser,DBMS=DBMSSQL,DataBase=DC1BUHDB01\bi_bk3wk1_prod_01,ClientID=10843,Exception=NetDataExchangeException,Descr=' server_addr=tcp://DC2BUHAPP11:2541 descr=10054(0x00002746): Удаленный хост принудительно разорвал существующее подключение.  line=1452 file=d:\jenkins\ci_builder2\windowsbuild2\platform\src\rtrsrvc\src\dataexchangetcpclientimpl.cpp',Context='
ОбщийМодуль.ПолнотекстовыйПоискСервер.Модуль : 161 : СлияниеИндексаППД();
	ОбщийМодуль.ПолнотекстовыйПоискСервер.Модуль : 13 : ОбновитьИндекс(НСтр("ru = ''Слияние индекса ППД''"), Истина);
		ОбщийМодуль.ПолнотекстовыйПоискСервер.Модуль : 461 : ПолнотекстовыйПоиск.ОбновитьИндекс(РазрешитьСлияние, Порциями);'
00:05.573016-0,EXCPCNTX,0,ClientComputerName=DC2BUHAPP11,ServerComputerName=DC2BUHAPP11,UserName=DefUser,ConnectString='Srvr="DC2BUHAPP11:2541";Ref="bi_bk3wk1_prod_01";',Context='
ОбщийМодуль.ПолнотекстовыйПоискСервер.Модуль : 161 : СлияниеИндексаППД();
	ОбщийМодуль.ПолнотекстовыйПоискСервер.Модуль : 13 : ОбновитьИндекс(НСтр("ru = ''Слияние индекса ППД''"), Истина);
		ОбщийМодуль.ПолнотекстовыйПоискСервер.Модуль : 461 : ПолнотекстовыйПоиск.ОбновитьИндекс(РазрешитьСлияние, Порциями);'
00:05.573017-14,EXCPCNTX,3,SrcName=SDBL,process=rphost,p:processName=bi_bk3wk1_prod_01,OSThread=9604,t:clientID=10967,t:applicationName=BackgroundJob,t:computerName=DC2BUHAPP11,t:connectID=4835,SessionID=2271,Usr=DefUser,DBMS=DBMSSQL,DataBase=DC1BUHDB01\bi_bk3wk1_prod_01,Trans=0,Func=HoldConnection,Context='
ОбщийМодуль.ПолнотекстовыйПоискСервер.Модуль : 161 : СлияниеИндексаППД();
	ОбщийМодуль.ПолнотекстовыйПоискСервер.Модуль : 13 : ОбновитьИндекс(НСтр("ru = ''Слияние индекса ППД''"), Истина);
		ОбщийМодуль.ПолнотекстовыйПоискСервер.Модуль : 461 : ПолнотекстовыйПоиск.ОбновитьИндекс(РазрешитьСлияние, Порциями);'
00:05.573018-16,EXCPCNTX,2,SrcName=SDBL,process=rphost,p:processName=bi_bk3wk1_prod_01,OSThread=9604,t:clientID=10967,t:applicationName=BackgroundJob,t:computerName=DC2BUHAPP11,t:connectID=4835,SessionID=2271,Usr=DefUser,DBMS=DBMSSQL,DataBase=DC1BUHDB01\bi_bk3wk1_prod_01,Trans=0,Sdbl='SELECT ID, Version, Marked, Number, Date_Time, Posted, Fld1841, Fld1842, Fld1843, Fld1844, Fld1845, Fld1846, Fld1847, Fld1848, Fld1849, Fld1850, Fld1851, Fld1852, Fld1853, Fld16604, VT1854.(Fld1856, Fld1857, Fld1858, Fld1859, Fld1860, Fld1861, Fld1862, Fld1863) FROM Document276 WHERE ID IN (276:aaaa001dd8b71ef511ea7f436b2ffebb, 276:aaaa001dd8b71ef511ea7f436b2ffebc, 276:aaaa001dd8b71ef511ea7f436b2ffebd, 276:aaaa001dd8b71ef511ea7f436b2ffebe, 276:aaaa001dd8b71ef511ea7f436b2ffebf, 276:aaaa001dd8b71ef511ea7f436b2ffec0, 276:aaaa001dd8b71ef511ea7f436b2ffec1, 276:aaaa001dd8b71ef511ea7f436b2ffec2, 276:aaaa001dd8b71ef511ea7f43713963a8, 276:aaaa001dd8b71ef511ea7f43713963a9, 276:aaaa001dd8b71ef511ea7f43713963aa, 276:aaaa001dd8b71ef511ea7f43713963ab, 276:aaaa001dd8b71ef511ea7f43713963ac, 276:aaaa001dd8b71ef511ea7f43713963ad, 276:aaaa001dd8b71ef511ea7f43713963ae, 276:aaaa001dd8b71ef511ea7f43713963af, 276:aaaa001dd8b71ef511ea7f43713963b0, 276:aaaa001dd8b71ef511ea7f43713963b1, 276:aaaa001dd8b71ef511ea7f43713963b2, 276:aaaa001dd8b71ef511ea7f4377a1db7a, 276:aaaa001dd8b71ef511ea7f4377a1db7b, 276:aaaa001dd8b71ef511ea7f4377a1db7c) ORDER BY VT1854.LineNo1855',Context='
ОбщийМодуль.ПолнотекстовыйПоискСервер.Модуль : 161 : СлияниеИндексаППД();
	ОбщийМодуль.ПолнотекстовыйПоискСервер.Модуль : 13 : ОбновитьИндекс(НСтр("ru = ''Слияние индекса ППД''"), Истина);
		ОбщийМодуль.ПолнотекстовыйПоискСервер.Модуль : 461 : ПолнотекстовыйПоиск.ОбновитьИндекс(РазрешитьСлияние, Порциями);'
00:05.573019-4890016,EXCPCNTX,1,SrcName=CALL,process=rphost,OSThread=9604,t:clientID=10967,Usr=DefUser,SessionID=2271,p:processName=bi_bk3wk1_prod_01,Func=Background job,Module=ПолнотекстовыйПоискСервер,Method=СлияниеИндексаППДПоРасписанию,Context='
ОбщийМодуль.ПолнотекстовыйПоискСервер.Модуль : 161 : СлияниеИндексаППД();
	ОбщийМодуль.ПолнотекстовыйПоискСервер.Модуль : 13 : ОбновитьИндекс(НСтр("ru = ''Слияние индекса ППД''"), Истина);
		ОбщийМодуль.ПолнотекстовыйПоискСервер.Модуль : 461 : ПолнотекстовыйПоиск.ОбновитьИндекс(РазрешитьСлияние, Порциями);'
00:05.573020-4890018,EXCPCNTX,0,SrcName=CONN,process=rphost,OSThread=9604,t:clientID=10967,Context='
ОбщийМодуль.ПолнотекстовыйПоискСервер.Модуль : 161 : СлияниеИндексаППД();
	ОбщийМодуль.ПолнотекстовыйПоискСервер.Модуль : 13 : ОбновитьИндекс(НСтр("ru = ''Слияние индекса ППД''"), Истина);
		ОбщийМодуль.ПолнотекстовыйПоискСервер.Модуль : 461 : ПолнотекстовыйПоиск.ОбновитьИндекс(РазрешитьСлияние, Порциями);'
00:05.573021-0,EXCP,4,process=rphost,p:processName=bi_bk3wk1_prod_01,OSThread=9604,t:clientID=10967,t:applicationName=BackgroundJob,t:computerName=DC2BUHAPP11,t:connectID=4835,SessionID=2271,Usr=DefUser,DBMS=DBMSSQL,DataBase=DC1BUHDB01\bi_bk3wk1_prod_01,Exception=81029657-3fe6-4cd6-80c0-36de78fe6657,Descr='src\rtrsrvc\src\remoteinterfaceimpl.cpp(825):
81029657-3fe6-4cd6-80c0-36de78fe6657:  server_addr=tcp://DC2BUHAPP11:2541 descr=10054(0x00002746): Удаленный хост принудительно разорвал существующее подключение.  line=1452 file=d:\jenkins\ci_builder2\windowsbuild2\platform\src\rtrsrvc\src\dataexchangetcpclientimpl.cpp
server_addr=tcp://DC2BUHAPP11:2541 descr=10054(0x00002746): Удаленный хост принудительно разорвал существующее подключение.  line=1982 file=d:\jenkins\ci_builder2\windowsbuild2\platform\src\rtrsrvc\src\dataexchangetcpclientimpl.cpp',Context='
ОбщийМодуль.ПолнотекстовыйПоискСервер.Модуль : 161 : СлияниеИндексаППД();
	ОбщийМодуль.ПолнотекстовыйПоискСервер.Модуль : 13 : ОбновитьИндекс(НСтр("ru = ''Слияние индекса ППД''"), Истина);
		ОбщийМодуль.ПолнотекстовыйПоискСервер.Модуль : 461 : ПолнотекстовыйПоиск.ОбновитьИндекс(РазрешитьСлияние, Порциями);'
00:05.573024-0,EXCP,4,process=rphost,p:processName=bi_bk3wk1_prod_01,OSThread=9604,t:clientID=10967,t:applicationName=BackgroundJob,t:computerName=DC2BUHAPP11,t:connectID=4835,SessionID=2271,Usr=DefUser,DBMS=DBMSSQL,DataBase=DC1BUHDB01\bi_bk3wk1_prod_01,Exception=81029657-3fe6-4cd6-80c0-36de78fe6657,Descr='src\rserver\src\rmngrcalls.cpp(543):
81029657-3fe6-4cd6-80c0-36de78fe6657:  server_addr=tcp://DC2BUHAPP11:2541 descr=10054(0x00002746): Удаленный хост принудительно разорвал существующее подключение.  line=1452 file=d:\jenkins\ci_builder2\windowsbuild2\platform\src\rtrsrvc\src\dataexchangetcpclientimpl.cpp
server_addr=tcp://DC2BUHAPP11:2541 descr=10054(0x00002746): Удаленный хост принудительно разорвал существующее подключение.  line=1982 file=d:\jenkins\ci_builder2\windowsbuild2\platform\src\rtrsrvc\src\dataexchangetcpclientimpl.cpp',Context='
ОбщийМодуль.ПолнотекстовыйПоискСервер.Модуль : 161 : СлияниеИндексаППД();
	ОбщийМодуль.ПолнотекстовыйПоискСервер.Модуль : 13 : ОбновитьИндекс(НСтр("ru = ''Слияние индекса ППД''"), Истина);
		ОбщийМодуль.ПолнотекстовыйПоискСервер.Модуль : 461 : ПолнотекстовыйПоиск.ОбновитьИндекс(РазрешитьСлияние, Порциями);'
00:07.745001-0,EXCP,1,process=rphost,OSThread=7824,ClientID=10969,Exception=NetDataExchangeException,Descr='server_addr=tcp://DC2BUHAPP11:2541 descr=10.224.32.194:2541:10061(0x0000274D): Подключение не установлено, т.к. конечный компьютер отверг запрос на подключение. ;
[fe80::58e3:cae6:d402:555c%4]:2541:10061(0x0000274D): Подключение не установлено, т.к. конечный компьютер отверг запрос на подключение. ;
 line=1056 file=d:\jenkins\ci_builder2\windowsbuild2\platform\src\rtrsrvc\src\dataexchangetcpclientimpl.cpp'
00:07.745002-0,EXCPCNTX,0,ClientComputerName=,ServerComputerName=,UserName=,ConnectString=
00:07.745003-2078003,EXCPCNTX,0,SrcName=CONN,process=rphost,OSThread=7824,ClientID=10969,Txt=Outgoing connection closed
00:07.745005-0,EXCP,0,process=rphost,OSThread=7824,Exception=81029657-3fe6-4cd6-80c0-36de78fe6657,Descr='src\rserver\src\rmngrcalls.cpp(616):
81029657-3fe6-4cd6-80c0-36de78fe6657: server_addr=tcp://DC2BUHAPP11:2541 descr=10.224.32.194:2541:10061(0x0000274D): Подключение не установлено, т.к. конечный компьютер отверг запрос на подключение. ;
[fe80::58e3:cae6:d402:555c%4]:2541:10061(0x0000274D): Подключение не установлено, т.к. конечный компьютер отверг запрос на подключение. ;
 line=1056 file=d:\jenkins\ci_builder2\windowsbuild2\platform\src\rtrsrvc\src\dataexchangetcpclientimpl.cpp'
00:07.745006-0,EXCP,0,process=rphost,OSThread=7824,Exception=81029657-3fe6-4cd6-80c0-36de78fe6657,Descr='src\rserver\src\rhostimpl.cpp(5770):
81029657-3fe6-4cd6-80c0-36de78fe6657: server_addr=tcp://DC2BUHAPP11:2541 descr=10.224.32.194:2541:10061(0x0000274D): Подключение не установлено, т.к. конечный компьютер отверг запрос на подключение. ;
[fe80::58e3:cae6:d402:555c%4]:2541:10061(0x0000274D): Подключение не установлено, т.к. конечный компьютер отверг запрос на подключение. ;
 line=1056 file=d:\jenkins\ci_builder2\windowsbuild2\platform\src\rtrsrvc\src\dataexchangetcpclientimpl.cpp'
00:07.823000-0,EXCP,5,process=rphost,p:processName=bi_bk3wk1_prod_01,OSThread=9604,t:clientID=10967,t:applicationName=BackgroundJob,t:computerName=DC2BUHAPP11,t:connectID=4835,SessionID=2271,Usr=DefUser,DBMS=DBMSSQL,DataBase=DC1BUHDB01\bi_bk3wk1_prod_01,ClientID=10970,Exception=NetDataExchangeException,Descr='server_addr=tcp://DC2BUHAPP11:2541 descr=10.224.32.194:2541:10061(0x0000274D): Подключение не установлено, т.к. конечный компьютер отверг запрос на подключение. ;
[fe80::58e3:cae6:d402:555c%4]:2541:10061(0x0000274D): Подключение не установлено, т.к. конечный компьютер отверг запрос на подключение. ;
 line=1056 file=d:\jenkins\ci_builder2\windowsbuild2\platform\src\rtrsrvc\src\dataexchangetcpclientimpl.cpp',Context='
ОбщийМодуль.ПолнотекстовыйПоискСервер.Модуль : 161 : СлияниеИндексаППД();
	ОбщийМодуль.ПолнотекстовыйПоискСервер.Модуль : 13 : ОбновитьИндекс(НСтр("ru = ''Слияние индекса ППД''"), Истина);
		ОбщийМодуль.ПолнотекстовыйПоискСервер.Модуль : 461 : ПолнотекстовыйПоиск.ОбновитьИндекс(РазрешитьСлияние, Порциями);'
00:07.823001-0,EXCPCNTX,0,ClientComputerName=DC2BUHAPP11,ServerComputerName=DC2BUHAPP11,UserName=DefUser,ConnectString='Srvr="DC2BUHAPP11:2541";Ref="bi_bk3wk1_prod_01";',Context='
ОбщийМодуль.ПолнотекстовыйПоискСервер.Модуль : 161 : СлияниеИндексаППД();
	ОбщийМодуль.ПолнотекстовыйПоискСервер.Модуль : 13 : ОбновитьИндекс(НСтр("ru = ''Слияние индекса ППД''"), Истина);
		ОбщийМодуль.ПолнотекстовыйПоискСервер.Модуль : 461 : ПолнотекстовыйПоиск.ОбновитьИндекс(РазрешитьСлияние, Порциями);'
00:07.823002-2046001,EXCPCNTX,4,SrcName=CONN,process=rphost,p:processName=bi_bk3wk1_prod_01,OSThread=9604,t:clientID=10967,t:applicationName=BackgroundJob,t:computerName=DC2BUHAPP11,t:connectID=4835,SessionID=2271,Usr=DefUser,DBMS=DBMSSQL,DataBase=DC1BUHDB01\bi_bk3wk1_prod_01,ClientID=10970,Txt=Outgoing connection closed,Context='
ОбщийМодуль.ПолнотекстовыйПоискСервер.Модуль : 161 : СлияниеИндексаППД();
	ОбщийМодуль.ПолнотекстовыйПоискСервер.Модуль : 13 : ОбновитьИндекс(НСтр("ru = ''Слияние индекса ППД''"), Истина);
		ОбщийМодуль.ПолнотекстовыйПоискСервер.Модуль : 461 : ПолнотекстовыйПоиск.ОбновитьИндекс(РазрешитьСлияние, Порциями);'
00:07.823003-2250000,EXCPCNTX,3,SrcName=SDBL,process=rphost,p:processName=bi_bk3wk1_prod_01,OSThread=9604,t:clientID=10967,t:applicationName=BackgroundJob,t:computerName=DC2BUHAPP11,t:connectID=4835,SessionID=2271,Usr=DefUser,DBMS=DBMSSQL,DataBase=DC1BUHDB01\bi_bk3wk1_prod_01,Trans=0,Func=HoldConnection,Context='
ОбщийМодуль.ПолнотекстовыйПоискСервер.Модуль : 161 : СлияниеИндексаППД();
	ОбщийМодуль.ПолнотекстовыйПоискСервер.Модуль : 13 : ОбновитьИндекс(НСтр("ru = ''Слияние индекса ППД''"), Истина);
		ОбщийМодуль.ПолнотекстовыйПоискСервер.Модуль : 461 : ПолнотекстовыйПоиск.ОбновитьИндекс(РазрешитьСлияние, Порциями);'
00:07.823004-2250002,EXCPCNTX,2,SrcName=SDBL,process=rphost,p:processName=bi_bk3wk1_prod_01,OSThread=9604,t:clientID=10967,t:applicationName=BackgroundJob,t:computerName=DC2BUHAPP11,t:connectID=4835,SessionID=2271,Usr=DefUser,DBMS=DBMSSQL,DataBase=DC1BUHDB01\bi_bk3wk1_prod_01,Trans=0,Sdbl='SELECT ID, Version, Marked, Number, Date_Time, Posted, Fld1841, Fld1842, Fld1843, Fld1844, Fld1845, Fld1846, Fld1847, Fld1848, Fld1849, Fld1850, Fld1851, Fld1852, Fld1853, Fld16604, VT1854.(Fld1856, Fld1857, Fld1858, Fld1859, Fld1860, Fld1861, Fld1862, Fld1863) FROM Document276 WHERE ID IN (276:aaaa001dd8b71ef511ea7f436b2ffebb, 276:aaaa001dd8b71ef511ea7f436b2ffebc, 276:aaaa001dd8b71ef511ea7f436b2ffebd, 276:aaaa001dd8b71ef511ea7f436b2ffebe, 276:aaaa001dd8b71ef511ea7f436b2ffebf, 276:aaaa001dd8b71ef511ea7f436b2ffec0, 276:aaaa001dd8b71ef511ea7f436b2ffec1, 276:aaaa001dd8b71ef511ea7f436b2ffec2, 276:aaaa001dd8b71ef511ea7f43713963a8, 276:aaaa001dd8b71ef511ea7f43713963a9, 276:aaaa001dd8b71ef511ea7f43713963aa, 276:aaaa001dd8b71ef511ea7f43713963ab, 276:aaaa001dd8b71ef511ea7f43713963ac, 276:aaaa001dd8b71ef511ea7f43713963ad, 276:aaaa001dd8b71ef511ea7f43713963ae, 276:aaaa001dd8b71ef511ea7f43713963af, 276:aaaa001dd8b71ef511ea7f43713963b0, 276:aaaa001dd8b71ef511ea7f43713963b1, 276:aaaa001dd8b71ef511ea7f43713963b2, 276:aaaa001dd8b71ef511ea7f4377a1db7a, 276:aaaa001dd8b71ef511ea7f4377a1db7b, 276:aaaa001dd8b71ef511ea7f4377a1db7c) ORDER BY VT1854.LineNo1855',Context='
ОбщийМодуль.ПолнотекстовыйПоискСервер.Модуль : 161 : СлияниеИндексаППД();
	ОбщийМодуль.ПолнотекстовыйПоискСервер.Модуль : 13 : ОбновитьИндекс(НСтр("ru = ''Слияние индекса ППД''"), Истина);
		ОбщийМодуль.ПолнотекстовыйПоискСервер.Модуль : 461 : ПолнотекстовыйПоиск.ОбновитьИндекс(РазрешитьСлияние, Порциями);'
00:07.823005-7140002,EXCPCNTX,1,SrcName=CALL,process=rphost,OSThread=9604,t:clientID=10967,Usr=DefUser,SessionID=2271,p:processName=bi_bk3wk1_prod_01,Func=Background job,Module=ПолнотекстовыйПоискСервер,Method=СлияниеИндексаППДПоРасписанию,Context='
ОбщийМодуль.ПолнотекстовыйПоискСервер.Модуль : 161 : СлияниеИндексаППД();
	ОбщийМодуль.ПолнотекстовыйПоискСервер.Модуль : 13 : ОбновитьИндекс(НСтр("ru = ''Слияние индекса ППД''"), Истина);
		ОбщийМодуль.ПолнотекстовыйПоискСервер.Модуль : 461 : ПолнотекстовыйПоиск.ОбновитьИндекс(РазрешитьСлияние, Порциями);'
00:07.823006-7140004,EXCPCNTX,0,SrcName=CONN,process=rphost,OSThread=9604,t:clientID=10967,Context='
ОбщийМодуль.ПолнотекстовыйПоискСервер.Модуль : 161 : СлияниеИндексаППД();
	ОбщийМодуль.ПолнотекстовыйПоискСервер.Модуль : 13 : ОбновитьИндекс(НСтр("ru = ''Слияние индекса ППД''"), Истина);
		ОбщийМодуль.ПолнотекстовыйПоискСервер.Модуль : 461 : ПолнотекстовыйПоиск.ОбновитьИндекс(РазрешитьСлияние, Порциями);'
00:07.823008-0,EXCP,4,process=rphost,p:processName=bi_bk3wk1_prod_01,OSThread=9604,t:clientID=10967,t:applicationName=BackgroundJob,t:computerName=DC2BUHAPP11,t:connectID=4835,SessionID=2271,Usr=DefUser,DBMS=DBMSSQL,DataBase=DC1BUHDB01\bi_bk3wk1_prod_01,Exception=81029657-3fe6-4cd6-80c0-36de78fe6657,Descr='src\rserver\src\rmngrcalls.cpp(616):
81029657-3fe6-4cd6-80c0-36de78fe6657: server_addr=tcp://DC2BUHAPP11:2541 descr=10.224.32.194:2541:10061(0x0000274D): Подключение не установлено, т.к. конечный компьютер отверг запрос на подключение. ;
[fe80::58e3:cae6:d402:555c%4]:2541:10061(0x0000274D): Подключение не установлено, т.к. конечный компьютер отверг запрос на подключение. ;
 line=1056 file=d:\jenkins\ci_builder2\windowsbuild2\platform\src\rtrsrvc\src\dataexchangetcpclientimpl.cpp',Context='
ОбщийМодуль.ПолнотекстовыйПоискСервер.Модуль : 161 : СлияниеИндексаППД();
	ОбщийМодуль.ПолнотекстовыйПоискСервер.Модуль : 13 : ОбновитьИндекс(НСтр("ru = ''Слияние индекса ППД''"), Истина);
		ОбщийМодуль.ПолнотекстовыйПоискСервер.Модуль : 461 : ПолнотекстовыйПоиск.ОбновитьИндекс(РазрешитьСлияние, Порциями);'
00:07.839001-0,EXCP,2,process=rphost,p:processName=bi_bk3wk1_prod_01,OSThread=9604,t:clientID=10967,t:applicationName=BackgroundJob,t:computerName=DC2BUHAPP11,t:connectID=4835,SessionID=2271,Usr=DefUser,Exception=81029657-3fe6-4cd6-80c0-36de78fe6657,Descr='src\rserver\src\ftextmngrrhostimpl.cpp(346):
81029657-3fe6-4cd6-80c0-36de78fe6657: server_addr=tcp://DC2BUHAPP11:2541 descr=10.224.32.194:2541:10061(0x0000274D): Подключение не установлено, т.к. конечный компьютер отверг запрос на подключение. ;
[fe80::58e3:cae6:d402:555c%4]:2541:10061(0x0000274D): Подключение не установлено, т.к. конечный компьютер отверг запрос на подключение. ;
 line=1056 file=d:\jenkins\ci_builder2\windowsbuild2\platform\src\rtrsrvc\src\dataexchangetcpclientimpl.cpp',Context='
ОбщийМодуль.ПолнотекстовыйПоискСервер.Модуль : 161 : СлияниеИндексаППД();
	ОбщийМодуль.ПолнотекстовыйПоискСервер.Модуль : 13 : ОбновитьИндекс(НСтр("ru = ''Слияние индекса ППД''"), Истина);
		ОбщийМодуль.ПолнотекстовыйПоискСервер.Модуль : 461 : ПолнотекстовыйПоиск.ОбновитьИндекс(РазрешитьСлияние, Порциями);'
00:07.839003-0,EXCP,2,process=rphost,p:processName=bi_bk3wk1_prod_01,OSThread=9604,t:clientID=10967,t:applicationName=BackgroundJob,t:computerName=DC2BUHAPP11,t:connectID=4835,SessionID=2271,Usr=DefUser,Exception=81029657-3fe6-4cd6-80c0-36de78fe6657,Descr='src\backend\src\backendcontextimpl.cpp(12494):
81029657-3fe6-4cd6-80c0-36de78fe6657: server_addr=tcp://DC2BUHAPP11:2541 descr=10.224.32.194:2541:10061(0x0000274D): Подключение не установлено, т.к. конечный компьютер отверг запрос на подключение. ;
[fe80::58e3:cae6:d402:555c%4]:2541:10061(0x0000274D): Подключение не установлено, т.к. конечный компьютер отверг запрос на подключение. ;
 line=1056 file=d:\jenkins\ci_builder2\windowsbuild2\platform\src\rtrsrvc\src\dataexchangetcpclientimpl.cpp',Context='
ОбщийМодуль.ПолнотекстовыйПоискСервер.Модуль : 161 : СлияниеИндексаППД();
	ОбщийМодуль.ПолнотекстовыйПоискСервер.Модуль : 13 : ОбновитьИндекс(НСтр("ru = ''Слияние индекса ППД''"), Истина);
		ОбщийМодуль.ПолнотекстовыйПоискСервер.Модуль : 461 : ПолнотекстовыйПоиск.ОбновитьИндекс(РазрешитьСлияние, Порциями);'
00:07.839004-0,EXCP,2,process=rphost,p:processName=bi_bk3wk1_prod_01,OSThread=9604,t:clientID=10967,t:applicationName=BackgroundJob,t:computerName=DC2BUHAPP11,t:connectID=4835,SessionID=2271,Usr=DefUser,Exception=81029657-3fe6-4cd6-80c0-36de78fe6657,Descr='src\rserver\src\serverjobexecutor.cpp(1024):
81029657-3fe6-4cd6-80c0-36de78fe6657: server_addr=tcp://DC2BUHAPP11:2541 descr=10.224.32.194:2541:10061(0x0000274D): Подключение не установлено, т.к. конечный компьютер отверг запрос на подключение. ;
[fe80::58e3:cae6:d402:555c%4]:2541:10061(0x0000274D): Подключение не установлено, т.к. конечный компьютер отверг запрос на подключение. ;
 line=1056 file=d:\jenkins\ci_builder2\windowsbuild2\platform\src\rtrsrvc\src\dataexchangetcpclientimpl.cpp'
00:08.058000-0,EXCP,1,process=rphost,OSThread=8400,ClientID=10971,Exception=NetDataExchangeException,Descr='server_addr=tcp://DC2BUHAPP11:2541 descr=10.224.32.194:2541:10061(0x0000274D): Подключение не установлено, т.к. конечный компьютер отверг запрос на подключение. ;
[fe80::58e3:cae6:d402:555c%4]:2541:10061(0x0000274D): Подключение не установлено, т.к. конечный компьютер отверг запрос на подключение. ;
 line=1056 file=d:\jenkins\ci_builder2\windowsbuild2\platform\src\rtrsrvc\src\dataexchangetcpclientimpl.cpp'
00:08.058001-0,EXCPCNTX,0,ClientComputerName=,ServerComputerName=,UserName=,ConnectString=
00:08.058002-2016002,EXCPCNTX,0,SrcName=CONN,process=rphost,OSThread=8400,ClientID=10971,Txt=Outgoing connection closed
00:08.058004-0,EXCP,0,process=rphost,OSThread=8400,Exception=81029657-3fe6-4cd6-80c0-36de78fe6657,Descr='src\rserver\src\rmngrcalls.cpp(616):
81029657-3fe6-4cd6-80c0-36de78fe6657: server_addr=tcp://DC2BUHAPP11:2541 descr=10.224.32.194:2541:10061(0x0000274D): Подключение не установлено, т.к. конечный компьютер отверг запрос на подключение. ;
[fe80::58e3:cae6:d402:555c%4]:2541:10061(0x0000274D): Подключение не установлено, т.к. конечный компьютер отверг запрос на подключение. ;
 line=1056 file=d:\jenkins\ci_builder2\windowsbuild2\platform\src\rtrsrvc\src\dataexchangetcpclientimpl.cpp'
